<?xml version="1.0" encoding="UTF-8"?>
<testsuite name="dao.PaymentMethodTypeDaoImplTest" time="0.343" tests="1" errors="1" skipped="0" failures="0">
  <properties>
    <property name="idea.version" value="2018.2.6"/>
    <property name="java.runtime.name" value="Java(TM) SE Runtime Environment"/>
    <property name="java.vm.version" value="9.0.4+11"/>
    <property name="sun.boot.library.path" value="/usr/lib/jvm/jdk-9.0.4/lib"/>
    <property name="maven.multiModuleProjectDirectory" value="/home/vadim/JAVA/CloneForProjectJD2/MyProject"/>
    <property name="java.vm.vendor" value="Oracle Corporation"/>
    <property name="java.vendor.url" value="http://java.oracle.com/"/>
    <property name="guice.disable.misplaced.annotation.check" value="true"/>
    <property name="path.separator" value=":"/>
    <property name="java.vm.name" value="Java HotSpot(TM) 64-Bit Server VM"/>
    <property name="file.encoding.pkg" value="sun.io"/>
    <property name="sun.os.patch.level" value="unknown"/>
    <property name="user.country" value="RU"/>
    <property name="sun.java.launcher" value="SUN_STANDARD"/>
    <property name="java.vm.specification.name" value="Java Virtual Machine Specification"/>
    <property name="user.dir" value="/home/vadim/JAVA/CloneForProjectJD2/MyProject"/>
    <property name="java.vm.compressedOopsMode" value="32-bit"/>
    <property name="java.runtime.version" value="9.0.4+11"/>
    <property name="java.awt.graphicsenv" value="sun.awt.X11GraphicsEnvironment"/>
    <property name="os.arch" value="amd64"/>
    <property name="java.io.tmpdir" value="/tmp"/>
    <property name="line.separator" value="&#10;"/>
    <property name="java.vm.specification.vendor" value="Oracle Corporation"/>
    <property name="os.name" value="Linux"/>
    <property name="classworlds.conf" value="/opt/apache-maven-3.6.0/bin/m2.conf"/>
    <property name="sun.jnu.encoding" value="UTF-8"/>
    <property name="java.library.path" value="/usr/java/packages/lib:/usr/lib64:/lib64:/lib:/usr/lib"/>
    <property name="maven.conf" value="/opt/apache-maven-3.6.0/conf"/>
    <property name="jdk.debug" value="release"/>
    <property name="java.class.version" value="53.0"/>
    <property name="java.specification.name" value="Java Platform API Specification"/>
    <property name="sun.management.compiler" value="HotSpot 64-Bit Tiered Compilers"/>
    <property name="os.version" value="4.15.0-43-generic"/>
    <property name="user.home" value="/home/vadim"/>
    <property name="user.timezone" value="Europe/Minsk"/>
    <property name="java.awt.printerjob" value="sun.print.PSPrinterJob"/>
    <property name="file.encoding" value="UTF-8"/>
    <property name="java.specification.version" value="9"/>
    <property name="user.name" value="vadim"/>
    <property name="java.class.path" value="/opt/apache-maven-3.6.0/boot/plexus-classworlds-2.5.2.jar"/>
    <property name="java.vm.specification.version" value="9"/>
    <property name="sun.arch.data.model" value="64"/>
    <property name="sun.java.command" value="org.codehaus.classworlds.Launcher -Didea.version=2018.2.6 -s /opt/apache-maven-3.6.0/conf/settings.xml clean install"/>
    <property name="java.home" value="/usr/lib/jvm/jdk-9.0.4"/>
    <property name="user.language" value="ru"/>
    <property name="java.specification.vendor" value="Oracle Corporation"/>
    <property name="awt.toolkit" value="sun.awt.X11.XToolkit"/>
    <property name="java.vm.info" value="mixed mode"/>
    <property name="java.version" value="9.0.4"/>
    <property name="securerandom.source" value="file:/dev/./urandom"/>
    <property name="java.vendor" value="Oracle Corporation"/>
    <property name="maven.home" value="/opt/apache-maven-3.6.0"/>
    <property name="file.separator" value="/"/>
    <property name="java.vendor.url.bug" value="http://bugreport.java.com/bugreport/"/>
    <property name="sun.io.unicode.encoding" value="UnicodeLittle"/>
    <property name="sun.cpu.endian" value="little"/>
    <property name="sun.desktop" value="gnome"/>
    <property name="sun.cpu.isalist" value=""/>
  </properties>
  <testcase name="getbyType" classname="dao.PaymentMethodTypeDaoImplTest" time="0.343">
    <error message="could not execute statement; SQL [n/a]; nested exception is org.hibernate.exception.SQLGrammarException: could not execute statement" type="org.springframework.dao.InvalidDataAccessResourceUsageException">org.springframework.dao.InvalidDataAccessResourceUsageException: could not execute statement; SQL [n/a]; nested exception is org.hibernate.exception.SQLGrammarException: could not execute statement
	at org.springframework.orm.hibernate5.SessionFactoryUtils.convertHibernateAccessException(SessionFactoryUtils.java:224)
	at org.springframework.orm.hibernate5.HibernateTransactionManager.convertHibernateAccessException(HibernateTransactionManager.java:755)
	at org.springframework.orm.hibernate5.HibernateTransactionManager.doCommit(HibernateTransactionManager.java:590)
	at org.springframework.transaction.support.AbstractPlatformTransactionManager.processCommit(AbstractPlatformTransactionManager.java:761)
	at org.springframework.transaction.support.AbstractPlatformTransactionManager.commit(AbstractPlatformTransactionManager.java:730)
	at org.springframework.test.context.transaction.TransactionContext.endTransaction(TransactionContext.java:131)
	at org.springframework.test.context.transaction.TransactionalTestExecutionListener.afterTestMethod(TransactionalTestExecutionListener.java:227)
	at org.springframework.test.context.TestContextManager.afterTestMethod(TestContextManager.java:319)
	at org.springframework.test.context.junit4.statements.RunAfterTestMethodCallbacks.evaluate(RunAfterTestMethodCallbacks.java:94)
	at org.springframework.test.context.junit4.statements.SpringRepeat.evaluate(SpringRepeat.java:84)
	at org.junit.runners.ParentRunner.runLeaf(ParentRunner.java:325)
	at org.springframework.test.context.junit4.SpringJUnit4ClassRunner.runChild(SpringJUnit4ClassRunner.java:252)
	at org.springframework.test.context.junit4.SpringJUnit4ClassRunner.runChild(SpringJUnit4ClassRunner.java:94)
	at org.junit.runners.ParentRunner$3.run(ParentRunner.java:290)
	at org.junit.runners.ParentRunner$1.schedule(ParentRunner.java:71)
	at org.junit.runners.ParentRunner.runChildren(ParentRunner.java:288)
	at org.junit.runners.ParentRunner.access$000(ParentRunner.java:58)
	at org.junit.runners.ParentRunner$2.evaluate(ParentRunner.java:268)
	at org.springframework.test.context.junit4.statements.RunBeforeTestClassCallbacks.evaluate(RunBeforeTestClassCallbacks.java:61)
	at org.springframework.test.context.junit4.statements.RunAfterTestClassCallbacks.evaluate(RunAfterTestClassCallbacks.java:70)
	at org.junit.runners.ParentRunner.run(ParentRunner.java:363)
	at org.springframework.test.context.junit4.SpringJUnit4ClassRunner.run(SpringJUnit4ClassRunner.java:191)
	at org.apache.maven.surefire.junit4.JUnit4Provider.execute(JUnit4Provider.java:283)
	at org.apache.maven.surefire.junit4.JUnit4Provider.executeWithRerun(JUnit4Provider.java:173)
	at org.apache.maven.surefire.junit4.JUnit4Provider.executeTestSet(JUnit4Provider.java:153)
	at org.apache.maven.surefire.junit4.JUnit4Provider.invoke(JUnit4Provider.java:128)
	at org.apache.maven.surefire.booter.ForkedBooter.invokeProviderInSameClassLoader(ForkedBooter.java:203)
	at org.apache.maven.surefire.booter.ForkedBooter.runSuitesInProcess(ForkedBooter.java:155)
	at org.apache.maven.surefire.booter.ForkedBooter.main(ForkedBooter.java:103)
Caused by: org.hibernate.exception.SQLGrammarException: could not execute statement
	at org.hibernate.exception.internal.SQLExceptionTypeDelegate.convert(SQLExceptionTypeDelegate.java:63)
	at org.hibernate.exception.internal.StandardSQLExceptionConverter.convert(StandardSQLExceptionConverter.java:42)
	at org.hibernate.engine.jdbc.spi.SqlExceptionHelper.convert(SqlExceptionHelper.java:109)
	at org.hibernate.engine.jdbc.spi.SqlExceptionHelper.convert(SqlExceptionHelper.java:95)
	at org.hibernate.engine.jdbc.internal.ResultSetReturnImpl.executeUpdate(ResultSetReturnImpl.java:207)
	at org.hibernate.engine.jdbc.batch.internal.NonBatchingBatch.addToBatch(NonBatchingBatch.java:45)
	at org.hibernate.persister.entity.AbstractEntityPersister.insert(AbstractEntityPersister.java:2949)
	at org.hibernate.persister.entity.AbstractEntityPersister.insert(AbstractEntityPersister.java:3449)
	at org.hibernate.action.internal.EntityInsertAction.execute(EntityInsertAction.java:89)
	at org.hibernate.engine.spi.ActionQueue.executeActions(ActionQueue.java:582)
	at org.hibernate.engine.spi.ActionQueue.executeActions(ActionQueue.java:456)
	at org.hibernate.event.internal.AbstractFlushingEventListener.performExecutions(AbstractFlushingEventListener.java:337)
	at org.hibernate.event.internal.DefaultFlushEventListener.onFlush(DefaultFlushEventListener.java:39)
	at org.hibernate.internal.SessionImpl.flush(SessionImpl.java:1282)
	at org.hibernate.internal.SessionImpl.managedFlush(SessionImpl.java:465)
	at org.hibernate.internal.SessionImpl.flushBeforeTransactionCompletion(SessionImpl.java:2963)
	at org.hibernate.internal.SessionImpl.beforeTransactionCompletion(SessionImpl.java:2339)
	at org.hibernate.engine.jdbc.internal.JdbcCoordinatorImpl.beforeTransactionCompletion(JdbcCoordinatorImpl.java:485)
	at org.hibernate.resource.transaction.backend.jdbc.internal.JdbcResourceLocalTransactionCoordinatorImpl.beforeCompletionCallback(JdbcResourceLocalTransactionCoordinatorImpl.java:147)
	at org.hibernate.resource.transaction.backend.jdbc.internal.JdbcResourceLocalTransactionCoordinatorImpl.access$100(JdbcResourceLocalTransactionCoordinatorImpl.java:38)
	at org.hibernate.resource.transaction.backend.jdbc.internal.JdbcResourceLocalTransactionCoordinatorImpl$TransactionDriverControlImpl.commit(JdbcResourceLocalTransactionCoordinatorImpl.java:231)
	at org.hibernate.engine.transaction.internal.TransactionImpl.commit(TransactionImpl.java:65)
	at org.springframework.orm.hibernate5.HibernateTransactionManager.doCommit(HibernateTransactionManager.java:582)
	at org.springframework.transaction.support.AbstractPlatformTransactionManager.processCommit(AbstractPlatformTransactionManager.java:761)
	at org.springframework.transaction.support.AbstractPlatformTransactionManager.commit(AbstractPlatformTransactionManager.java:730)
	at org.springframework.test.context.transaction.TransactionContext.endTransaction(TransactionContext.java:131)
	at org.springframework.test.context.transaction.TransactionalTestExecutionListener.afterTestMethod(TransactionalTestExecutionListener.java:227)
	at org.springframework.test.context.TestContextManager.afterTestMethod(TestContextManager.java:319)
	at org.springframework.test.context.junit4.statements.RunAfterTestMethodCallbacks.evaluate(RunAfterTestMethodCallbacks.java:94)
	at org.springframework.test.context.junit4.statements.SpringRepeat.evaluate(SpringRepeat.java:84)
	at org.junit.runners.ParentRunner.runLeaf(ParentRunner.java:325)
	at org.springframework.test.context.junit4.SpringJUnit4ClassRunner.runChild(SpringJUnit4ClassRunner.java:252)
	at org.springframework.test.context.junit4.SpringJUnit4ClassRunner.runChild(SpringJUnit4ClassRunner.java:94)
	at org.junit.runners.ParentRunner$3.run(ParentRunner.java:290)
	at org.junit.runners.ParentRunner$1.schedule(ParentRunner.java:71)
	at org.junit.runners.ParentRunner.runChildren(ParentRunner.java:288)
	at org.junit.runners.ParentRunner.access$000(ParentRunner.java:58)
	at org.junit.runners.ParentRunner$2.evaluate(ParentRunner.java:268)
	at org.springframework.test.context.junit4.statements.RunBeforeTestClassCallbacks.evaluate(RunBeforeTestClassCallbacks.java:61)
	at org.springframework.test.context.junit4.statements.RunAfterTestClassCallbacks.evaluate(RunAfterTestClassCallbacks.java:70)
	at org.junit.runners.ParentRunner.run(ParentRunner.java:363)
	at org.springframework.test.context.junit4.SpringJUnit4ClassRunner.run(SpringJUnit4ClassRunner.java:191)
	at org.apache.maven.surefire.junit4.JUnit4Provider.execute(JUnit4Provider.java:283)
	at org.apache.maven.surefire.junit4.JUnit4Provider.executeWithRerun(JUnit4Provider.java:173)
	at org.apache.maven.surefire.junit4.JUnit4Provider.executeTestSet(JUnit4Provider.java:153)
	at org.apache.maven.surefire.junit4.JUnit4Provider.invoke(JUnit4Provider.java:128)
	at org.apache.maven.surefire.booter.ForkedBooter.invokeProviderInSameClassLoader(ForkedBooter.java:203)
	at org.apache.maven.surefire.booter.ForkedBooter.runSuitesInProcess(ForkedBooter.java:155)
	at org.apache.maven.surefire.booter.ForkedBooter.main(ForkedBooter.java:103)
Caused by: java.sql.SQLSyntaxErrorException: Table 'payment_management_test.PaymentMethodType' doesn't exist
	at com.mysql.cj.jdbc.exceptions.SQLError.createSQLException(SQLError.java:120)
	at com.mysql.cj.jdbc.exceptions.SQLError.createSQLException(SQLError.java:97)
	at com.mysql.cj.jdbc.exceptions.SQLExceptionsMapping.translateException(SQLExceptionsMapping.java:122)
	at com.mysql.cj.jdbc.ClientPreparedStatement.executeInternal(ClientPreparedStatement.java:974)
	at com.mysql.cj.jdbc.ClientPreparedStatement.executeUpdateInternal(ClientPreparedStatement.java:1113)
	at com.mysql.cj.jdbc.ClientPreparedStatement.executeUpdateInternal(ClientPreparedStatement.java:1061)
	at com.mysql.cj.jdbc.ClientPreparedStatement.executeLargeUpdate(ClientPreparedStatement.java:1381)
	at com.mysql.cj.jdbc.ClientPreparedStatement.executeUpdate(ClientPreparedStatement.java:1046)
	at org.apache.tomcat.dbcp.dbcp2.DelegatingPreparedStatement.executeUpdate(DelegatingPreparedStatement.java:136)
	at org.apache.tomcat.dbcp.dbcp2.DelegatingPreparedStatement.executeUpdate(DelegatingPreparedStatement.java:136)
	at org.hibernate.engine.jdbc.internal.ResultSetReturnImpl.executeUpdate(ResultSetReturnImpl.java:204)
	at org.hibernate.engine.jdbc.batch.internal.NonBatchingBatch.addToBatch(NonBatchingBatch.java:45)
	at org.hibernate.persister.entity.AbstractEntityPersister.insert(AbstractEntityPersister.java:2949)
	at org.hibernate.persister.entity.AbstractEntityPersister.insert(AbstractEntityPersister.java:3449)
	at org.hibernate.action.internal.EntityInsertAction.execute(EntityInsertAction.java:89)
	at org.hibernate.engine.spi.ActionQueue.executeActions(ActionQueue.java:582)
	at org.hibernate.engine.spi.ActionQueue.executeActions(ActionQueue.java:456)
	at org.hibernate.event.internal.AbstractFlushingEventListener.performExecutions(AbstractFlushingEventListener.java:337)
	at org.hibernate.event.internal.DefaultFlushEventListener.onFlush(DefaultFlushEventListener.java:39)
	at org.hibernate.internal.SessionImpl.flush(SessionImpl.java:1282)
	at org.hibernate.internal.SessionImpl.managedFlush(SessionImpl.java:465)
	at org.hibernate.internal.SessionImpl.flushBeforeTransactionCompletion(SessionImpl.java:2963)
	at org.hibernate.internal.SessionImpl.beforeTransactionCompletion(SessionImpl.java:2339)
	at org.hibernate.engine.jdbc.internal.JdbcCoordinatorImpl.beforeTransactionCompletion(JdbcCoordinatorImpl.java:485)
	at org.hibernate.resource.transaction.backend.jdbc.internal.JdbcResourceLocalTransactionCoordinatorImpl.beforeCompletionCallback(JdbcResourceLocalTransactionCoordinatorImpl.java:147)
	at org.hibernate.resource.transaction.backend.jdbc.internal.JdbcResourceLocalTransactionCoordinatorImpl.access$100(JdbcResourceLocalTransactionCoordinatorImpl.java:38)
	at org.hibernate.resource.transaction.backend.jdbc.internal.JdbcResourceLocalTransactionCoordinatorImpl$TransactionDriverControlImpl.commit(JdbcResourceLocalTransactionCoordinatorImpl.java:231)
	at org.hibernate.engine.transaction.internal.TransactionImpl.commit(TransactionImpl.java:65)
	at org.springframework.orm.hibernate5.HibernateTransactionManager.doCommit(HibernateTransactionManager.java:582)
	at org.springframework.transaction.support.AbstractPlatformTransactionManager.processCommit(AbstractPlatformTransactionManager.java:761)
	at org.springframework.transaction.support.AbstractPlatformTransactionManager.commit(AbstractPlatformTransactionManager.java:730)
	at org.springframework.test.context.transaction.TransactionContext.endTransaction(TransactionContext.java:131)
	at org.springframework.test.context.transaction.TransactionalTestExecutionListener.afterTestMethod(TransactionalTestExecutionListener.java:227)
	at org.springframework.test.context.TestContextManager.afterTestMethod(TestContextManager.java:319)
	at org.springframework.test.context.junit4.statements.RunAfterTestMethodCallbacks.evaluate(RunAfterTestMethodCallbacks.java:94)
	at org.springframework.test.context.junit4.statements.SpringRepeat.evaluate(SpringRepeat.java:84)
	at org.junit.runners.ParentRunner.runLeaf(ParentRunner.java:325)
	at org.springframework.test.context.junit4.SpringJUnit4ClassRunner.runChild(SpringJUnit4ClassRunner.java:252)
	at org.springframework.test.context.junit4.SpringJUnit4ClassRunner.runChild(SpringJUnit4ClassRunner.java:94)
	at org.junit.runners.ParentRunner$3.run(ParentRunner.java:290)
	at org.junit.runners.ParentRunner$1.schedule(ParentRunner.java:71)
	at org.junit.runners.ParentRunner.runChildren(ParentRunner.java:288)
	at org.junit.runners.ParentRunner.access$000(ParentRunner.java:58)
	at org.junit.runners.ParentRunner$2.evaluate(ParentRunner.java:268)
	at org.springframework.test.context.junit4.statements.RunBeforeTestClassCallbacks.evaluate(RunBeforeTestClassCallbacks.java:61)
	at org.springframework.test.context.junit4.statements.RunAfterTestClassCallbacks.evaluate(RunAfterTestClassCallbacks.java:70)
	at org.junit.runners.ParentRunner.run(ParentRunner.java:363)
	at org.springframework.test.context.junit4.SpringJUnit4ClassRunner.run(SpringJUnit4ClassRunner.java:191)
	at org.apache.maven.surefire.junit4.JUnit4Provider.execute(JUnit4Provider.java:283)
	at org.apache.maven.surefire.junit4.JUnit4Provider.executeWithRerun(JUnit4Provider.java:173)
	at org.apache.maven.surefire.junit4.JUnit4Provider.executeTestSet(JUnit4Provider.java:153)
	at org.apache.maven.surefire.junit4.JUnit4Provider.invoke(JUnit4Provider.java:128)
	at org.apache.maven.surefire.booter.ForkedBooter.invokeProviderInSameClassLoader(ForkedBooter.java:203)
	at org.apache.maven.surefire.booter.ForkedBooter.runSuitesInProcess(ForkedBooter.java:155)
	at org.apache.maven.surefire.booter.ForkedBooter.main(ForkedBooter.java:103)
</error>
    <system-out><![CDATA[20:19:23.789 [main] DEBUG org.springframework.test.context.junit4.SpringJUnit4ClassRunner - SpringJUnit4ClassRunner constructor called with [class dao.PaymentMethodTypeDaoImplTest]
20:19:23.805 [main] DEBUG org.springframework.test.context.BootstrapUtils - Instantiating CacheAwareContextLoaderDelegate from class [org.springframework.test.context.cache.DefaultCacheAwareContextLoaderDelegate]
20:19:23.818 [main] DEBUG org.springframework.test.context.BootstrapUtils - Instantiating BootstrapContext using constructor [public org.springframework.test.context.support.DefaultBootstrapContext(java.lang.Class,org.springframework.test.context.CacheAwareContextLoaderDelegate)]
20:19:23.831 [main] DEBUG org.springframework.test.context.BootstrapUtils - Instantiating TestContextBootstrapper for test class [dao.PaymentMethodTypeDaoImplTest] from class [org.springframework.test.context.support.DefaultTestContextBootstrapper]
20:19:23.855 [main] DEBUG org.springframework.test.context.support.DefaultTestContextBootstrapper - Found explicit ContextLoader class [org.springframework.test.context.support.AnnotationConfigContextLoader] for context configuration attributes [ContextConfigurationAttributes@7a675056 declaringClass = 'dao.PaymentMethodTypeDaoImplTest', classes = '{class configuration.HibernateXMLConfTest}', locations = '{}', inheritLocations = true, initializers = '{}', inheritInitializers = true, name = [null], contextLoaderClass = 'org.springframework.test.context.support.AnnotationConfigContextLoader']
20:19:23.918 [main] DEBUG org.springframework.test.context.support.ActiveProfilesUtils - Could not find an 'annotation declaring class' for annotation type [org.springframework.test.context.ActiveProfiles] and class [dao.PaymentMethodTypeDaoImplTest]
20:19:23.920 [main] DEBUG org.springframework.test.context.support.DefaultTestContextBootstrapper - @TestExecutionListeners is not present for class [dao.PaymentMethodTypeDaoImplTest]: using defaults.
20:19:23.925 [main] INFO org.springframework.test.context.support.DefaultTestContextBootstrapper - Loaded default TestExecutionListener class names from location [META-INF/spring.factories]: [org.springframework.boot.test.mock.mockito.MockitoTestExecutionListener, org.springframework.boot.test.mock.mockito.ResetMocksTestExecutionListener, org.springframework.boot.test.autoconfigure.restdocs.RestDocsTestExecutionListener, org.springframework.boot.test.autoconfigure.web.client.MockRestServiceServerResetTestExecutionListener, org.springframework.boot.test.autoconfigure.web.servlet.MockMvcPrintOnlyOnFailureTestExecutionListener, org.springframework.boot.test.autoconfigure.web.servlet.WebDriverTestExecutionListener, org.springframework.test.context.web.ServletTestExecutionListener, org.springframework.test.context.support.DirtiesContextBeforeModesTestExecutionListener, org.springframework.test.context.support.DependencyInjectionTestExecutionListener, org.springframework.test.context.support.DirtiesContextTestExecutionListener, org.springframework.test.context.transaction.TransactionalTestExecutionListener, org.springframework.test.context.jdbc.SqlScriptsTestExecutionListener]
20:19:23.944 [main] INFO org.springframework.test.context.support.DefaultTestContextBootstrapper - Using TestExecutionListeners: [org.springframework.test.context.web.ServletTestExecutionListener@4310d43, org.springframework.test.context.support.DirtiesContextBeforeModesTestExecutionListener@54a7079e, org.springframework.test.context.support.DependencyInjectionTestExecutionListener@26e356f0, org.springframework.test.context.support.DirtiesContextTestExecutionListener@47d9a273, org.springframework.test.context.transaction.TransactionalTestExecutionListener@4b8ee4de, org.springframework.test.context.jdbc.SqlScriptsTestExecutionListener@27f981c6, org.springframework.boot.test.autoconfigure.web.client.MockRestServiceServerResetTestExecutionListener@1b11171f, org.springframework.boot.test.autoconfigure.web.servlet.WebDriverTestExecutionListener@1151e434, org.springframework.boot.test.mock.mockito.ResetMocksTestExecutionListener@2dc54ad4, org.springframework.boot.test.autoconfigure.restdocs.RestDocsTestExecutionListener@4659191b, org.springframework.boot.test.autoconfigure.web.servlet.MockMvcPrintOnlyOnFailureTestExecutionListener@55634720, org.springframework.boot.test.mock.mockito.MockitoTestExecutionListener@4b0d79fc]
20:19:23.949 [main] DEBUG org.springframework.test.annotation.ProfileValueUtils - Retrieved @ProfileValueSourceConfiguration [null] for test class [dao.PaymentMethodTypeDaoImplTest]
20:19:23.950 [main] DEBUG org.springframework.test.annotation.ProfileValueUtils - Retrieved ProfileValueSource type [class org.springframework.test.annotation.SystemProfileValueSource] for class [dao.PaymentMethodTypeDaoImplTest]
20:19:23.955 [main] DEBUG org.springframework.test.context.junit4.SpringJUnit4ClassRunner - SpringJUnit4ClassRunner constructor called with [class dao.PaymentMethodTypeDaoImplTest]
20:19:23.955 [main] DEBUG org.springframework.test.context.BootstrapUtils - Instantiating CacheAwareContextLoaderDelegate from class [org.springframework.test.context.cache.DefaultCacheAwareContextLoaderDelegate]
20:19:23.955 [main] DEBUG org.springframework.test.context.BootstrapUtils - Instantiating BootstrapContext using constructor [public org.springframework.test.context.support.DefaultBootstrapContext(java.lang.Class,org.springframework.test.context.CacheAwareContextLoaderDelegate)]
20:19:23.956 [main] DEBUG org.springframework.test.context.BootstrapUtils - Instantiating TestContextBootstrapper for test class [dao.PaymentMethodTypeDaoImplTest] from class [org.springframework.test.context.support.DefaultTestContextBootstrapper]
20:19:23.957 [main] DEBUG org.springframework.test.context.support.DefaultTestContextBootstrapper - Found explicit ContextLoader class [org.springframework.test.context.support.AnnotationConfigContextLoader] for context configuration attributes [ContextConfigurationAttributes@5e600dd5 declaringClass = 'dao.PaymentMethodTypeDaoImplTest', classes = '{class configuration.HibernateXMLConfTest}', locations = '{}', inheritLocations = true, initializers = '{}', inheritInitializers = true, name = [null], contextLoaderClass = 'org.springframework.test.context.support.AnnotationConfigContextLoader']
20:19:23.966 [main] DEBUG org.springframework.test.context.support.ActiveProfilesUtils - Could not find an 'annotation declaring class' for annotation type [org.springframework.test.context.ActiveProfiles] and class [dao.PaymentMethodTypeDaoImplTest]
20:19:23.967 [main] DEBUG org.springframework.test.context.support.DefaultTestContextBootstrapper - @TestExecutionListeners is not present for class [dao.PaymentMethodTypeDaoImplTest]: using defaults.
20:19:23.972 [main] INFO org.springframework.test.context.support.DefaultTestContextBootstrapper - Loaded default TestExecutionListener class names from location [META-INF/spring.factories]: [org.springframework.boot.test.mock.mockito.MockitoTestExecutionListener, org.springframework.boot.test.mock.mockito.ResetMocksTestExecutionListener, org.springframework.boot.test.autoconfigure.restdocs.RestDocsTestExecutionListener, org.springframework.boot.test.autoconfigure.web.client.MockRestServiceServerResetTestExecutionListener, org.springframework.boot.test.autoconfigure.web.servlet.MockMvcPrintOnlyOnFailureTestExecutionListener, org.springframework.boot.test.autoconfigure.web.servlet.WebDriverTestExecutionListener, org.springframework.test.context.web.ServletTestExecutionListener, org.springframework.test.context.support.DirtiesContextBeforeModesTestExecutionListener, org.springframework.test.context.support.DependencyInjectionTestExecutionListener, org.springframework.test.context.support.DirtiesContextTestExecutionListener, org.springframework.test.context.transaction.TransactionalTestExecutionListener, org.springframework.test.context.jdbc.SqlScriptsTestExecutionListener]
20:19:23.973 [main] INFO org.springframework.test.context.support.DefaultTestContextBootstrapper - Using TestExecutionListeners: [org.springframework.test.context.web.ServletTestExecutionListener@740cae06, org.springframework.test.context.support.DirtiesContextBeforeModesTestExecutionListener@26d9b808, org.springframework.test.context.support.DependencyInjectionTestExecutionListener@f78a47e, org.springframework.test.context.support.DirtiesContextTestExecutionListener@644baf4a, org.springframework.test.context.transaction.TransactionalTestExecutionListener@7526515b, org.springframework.test.context.jdbc.SqlScriptsTestExecutionListener@1ed4ae0f, org.springframework.boot.test.autoconfigure.web.client.MockRestServiceServerResetTestExecutionListener@54c5a2ff, org.springframework.boot.test.autoconfigure.web.servlet.WebDriverTestExecutionListener@6d4d66d2, org.springframework.boot.test.mock.mockito.ResetMocksTestExecutionListener@2a265ea9, org.springframework.boot.test.autoconfigure.restdocs.RestDocsTestExecutionListener@11392934, org.springframework.boot.test.autoconfigure.web.servlet.MockMvcPrintOnlyOnFailureTestExecutionListener@6892b3b6, org.springframework.boot.test.mock.mockito.MockitoTestExecutionListener@6e6f2380]
20:19:23.974 [main] DEBUG org.springframework.test.annotation.ProfileValueUtils - Retrieved @ProfileValueSourceConfiguration [null] for test class [dao.PaymentMethodTypeDaoImplTest]
20:19:23.975 [main] DEBUG org.springframework.test.annotation.ProfileValueUtils - Retrieved ProfileValueSource type [class org.springframework.test.annotation.SystemProfileValueSource] for class [dao.PaymentMethodTypeDaoImplTest]
20:19:23.976 [main] DEBUG org.springframework.test.annotation.ProfileValueUtils - Retrieved @ProfileValueSourceConfiguration [null] for test class [dao.PaymentMethodTypeDaoImplTest]
20:19:23.977 [main] DEBUG org.springframework.test.annotation.ProfileValueUtils - Retrieved ProfileValueSource type [class org.springframework.test.annotation.SystemProfileValueSource] for class [dao.PaymentMethodTypeDaoImplTest]
20:19:23.980 [main] DEBUG org.springframework.test.context.support.AbstractDirtiesContextTestExecutionListener - Before test class: context [DefaultTestContext@2cf3d63b testClass = PaymentMethodTypeDaoImplTest, testInstance = [null], testMethod = [null], testException = [null], mergedContextConfiguration = [MergedContextConfiguration@7674f035 testClass = PaymentMethodTypeDaoImplTest, locations = '{}', classes = '{class configuration.HibernateXMLConfTest}', contextInitializerClasses = '[]', activeProfiles = '{}', propertySourceLocations = '{}', propertySourceProperties = '{}', contextCustomizers = set[org.springframework.boot.test.context.filter.ExcludeFilterContextCustomizer@79da8dc5, org.springframework.boot.test.json.DuplicateJsonObjectContextCustomizerFactory$DuplicateJsonObjectContextCustomizer@72cde7cc, org.springframework.boot.test.mock.mockito.MockitoContextCustomizer@6ed2306e, org.springframework.boot.test.autoconfigure.properties.PropertyMappingContextCustomizer@0, org.springframework.boot.test.autoconfigure.web.servlet.WebDriverContextCustomizerFactory$Customizer@49c7b90e], contextLoader = 'org.springframework.test.context.support.AnnotationConfigContextLoader', parent = [null]]], class annotated with @DirtiesContext [false] with mode [null].
20:19:23.981 [main] DEBUG org.springframework.test.annotation.ProfileValueUtils - Retrieved @ProfileValueSourceConfiguration [null] for test class [dao.PaymentMethodTypeDaoImplTest]
20:19:23.982 [main] DEBUG org.springframework.test.annotation.ProfileValueUtils - Retrieved ProfileValueSource type [class org.springframework.test.annotation.SystemProfileValueSource] for class [dao.PaymentMethodTypeDaoImplTest]
20:19:24.023 [main] DEBUG org.springframework.test.context.support.DependencyInjectionTestExecutionListener - Performing dependency injection for test context [[DefaultTestContext@2cf3d63b testClass = PaymentMethodTypeDaoImplTest, testInstance = dao.PaymentMethodTypeDaoImplTest@7c137fd5, testMethod = [null], testException = [null], mergedContextConfiguration = [MergedContextConfiguration@7674f035 testClass = PaymentMethodTypeDaoImplTest, locations = '{}', classes = '{class configuration.HibernateXMLConfTest}', contextInitializerClasses = '[]', activeProfiles = '{}', propertySourceLocations = '{}', propertySourceProperties = '{}', contextCustomizers = set[org.springframework.boot.test.context.filter.ExcludeFilterContextCustomizer@79da8dc5, org.springframework.boot.test.json.DuplicateJsonObjectContextCustomizerFactory$DuplicateJsonObjectContextCustomizer@72cde7cc, org.springframework.boot.test.mock.mockito.MockitoContextCustomizer@6ed2306e, org.springframework.boot.test.autoconfigure.properties.PropertyMappingContextCustomizer@0, org.springframework.boot.test.autoconfigure.web.servlet.WebDriverContextCustomizerFactory$Customizer@49c7b90e], contextLoader = 'org.springframework.test.context.support.AnnotationConfigContextLoader', parent = [null]]]].
20:19:24.024 [main] DEBUG org.springframework.test.context.support.AbstractGenericContextLoader - Loading ApplicationContext for merged context configuration [[MergedContextConfiguration@7674f035 testClass = PaymentMethodTypeDaoImplTest, locations = '{}', classes = '{class configuration.HibernateXMLConfTest}', contextInitializerClasses = '[]', activeProfiles = '{}', propertySourceLocations = '{}', propertySourceProperties = '{}', contextCustomizers = set[org.springframework.boot.test.context.filter.ExcludeFilterContextCustomizer@79da8dc5, org.springframework.boot.test.json.DuplicateJsonObjectContextCustomizerFactory$DuplicateJsonObjectContextCustomizer@72cde7cc, org.springframework.boot.test.mock.mockito.MockitoContextCustomizer@6ed2306e, org.springframework.boot.test.autoconfigure.properties.PropertyMappingContextCustomizer@0, org.springframework.boot.test.autoconfigure.web.servlet.WebDriverContextCustomizerFactory$Customizer@49c7b90e], contextLoader = 'org.springframework.test.context.support.AnnotationConfigContextLoader', parent = [null]]].
20:19:24.069 [main] DEBUG org.springframework.core.env.StandardEnvironment - Adding PropertySource 'systemProperties' with lowest search precedence
20:19:24.070 [main] DEBUG org.springframework.core.env.StandardEnvironment - Adding PropertySource 'systemEnvironment' with lowest search precedence
20:19:24.071 [main] DEBUG org.springframework.core.env.StandardEnvironment - Initialized StandardEnvironment with PropertySources [MapPropertySource@1889057031 {name='systemProperties', properties={sun.desktop=gnome, awt.toolkit=sun.awt.X11.XToolkit, java.specification.version=9, file.encoding.pkg=sun.io, sun.cpu.isalist=, sun.jnu.encoding=UTF-8, java.class.path=/home/vadim/JAVA/CloneForProjectJD2/MyProject/target/test-classes:/home/vadim/JAVA/CloneForProjectJD2/MyProject/target/classes:/home/vadim/.m2/repository/org/springframework/boot/spring-boot-starter-web/1.5.9.RELEASE/spring-boot-starter-web-1.5.9.RELEASE.jar:/home/vadim/.m2/repository/org/springframework/boot/spring-boot-starter/1.5.9.RELEASE/spring-boot-starter-1.5.9.RELEASE.jar:/home/vadim/.m2/repository/org/springframework/boot/spring-boot/1.5.9.RELEASE/spring-boot-1.5.9.RELEASE.jar:/home/vadim/.m2/repository/org/springframework/boot/spring-boot-autoconfigure/1.5.9.RELEASE/spring-boot-autoconfigure-1.5.9.RELEASE.jar:/home/vadim/.m2/repository/org/springframework/boot/spring-boot-starter-logging/1.5.9.RELEASE/spring-boot-starter-logging-1.5.9.RELEASE.jar:/home/vadim/.m2/repository/ch/qos/logback/logback-classic/1.1.11/logback-classic-1.1.11.jar:/home/vadim/.m2/repository/ch/qos/logback/logback-core/1.1.11/logback-core-1.1.11.jar:/home/vadim/.m2/repository/org/slf4j/jcl-over-slf4j/1.7.25/jcl-over-slf4j-1.7.25.jar:/home/vadim/.m2/repository/org/slf4j/jul-to-slf4j/1.7.25/jul-to-slf4j-1.7.25.jar:/home/vadim/.m2/repository/org/slf4j/log4j-over-slf4j/1.7.25/log4j-over-slf4j-1.7.25.jar:/home/vadim/.m2/repository/org/yaml/snakeyaml/1.17/snakeyaml-1.17.jar:/home/vadim/.m2/repository/org/hibernate/hibernate-validator/5.3.6.Final/hibernate-validator-5.3.6.Final.jar:/home/vadim/.m2/repository/com/fasterxml/jackson/core/jackson-databind/2.8.10/jackson-databind-2.8.10.jar:/home/vadim/.m2/repository/com/fasterxml/jackson/core/jackson-annotations/2.8.0/jackson-annotations-2.8.0.jar:/home/vadim/.m2/repository/org/springframework/spring-web/4.3.13.RELEASE/spring-web-4.3.13.RELEASE.jar:/home/vadim/.m2/repository/org/springframework/spring-aop/4.3.13.RELEASE/spring-aop-4.3.13.RELEASE.jar:/home/vadim/.m2/repository/org/springframework/spring-context/4.3.13.RELEASE/spring-context-4.3.13.RELEASE.jar:/home/vadim/.m2/repository/org/springframework/spring-webmvc/4.3.13.RELEASE/spring-webmvc-4.3.13.RELEASE.jar:/home/vadim/.m2/repository/org/springframework/spring-expression/4.3.13.RELEASE/spring-expression-4.3.13.RELEASE.jar:/home/vadim/.m2/repository/org/springframework/boot/spring-boot-starter-tomcat/1.5.9.RELEASE/spring-boot-starter-tomcat-1.5.9.RELEASE.jar:/home/vadim/.m2/repository/org/apache/tomcat/embed/tomcat-embed-core/8.5.23/tomcat-embed-core-8.5.23.jar:/home/vadim/.m2/repository/org/apache/tomcat/tomcat-annotations-api/8.5.23/tomcat-annotations-api-8.5.23.jar:/home/vadim/.m2/repository/org/apache/tomcat/embed/tomcat-embed-el/8.5.23/tomcat-embed-el-8.5.23.jar:/home/vadim/.m2/repository/org/apache/tomcat/embed/tomcat-embed-websocket/8.5.23/tomcat-embed-websocket-8.5.23.jar:/home/vadim/.m2/repository/io/springfox/springfox-swagger2/2.7.0/springfox-swagger2-2.7.0.jar:/home/vadim/.m2/repository/io/swagger/swagger-annotations/1.5.13/swagger-annotations-1.5.13.jar:/home/vadim/.m2/repository/io/swagger/swagger-models/1.5.13/swagger-models-1.5.13.jar:/home/vadim/.m2/repository/io/springfox/springfox-spi/2.7.0/springfox-spi-2.7.0.jar:/home/vadim/.m2/repository/io/springfox/springfox-core/2.7.0/springfox-core-2.7.0.jar:/home/vadim/.m2/repository/net/bytebuddy/byte-buddy/1.6.14/byte-buddy-1.6.14.jar:/home/vadim/.m2/repository/io/springfox/springfox-schema/2.7.0/springfox-schema-2.7.0.jar:/home/vadim/.m2/repository/io/springfox/springfox-swagger-common/2.7.0/springfox-swagger-common-2.7.0.jar:/home/vadim/.m2/repository/io/springfox/springfox-spring-web/2.7.0/springfox-spring-web-2.7.0.jar:/home/vadim/.m2/repository/org/reflections/reflections/0.9.11/reflections-0.9.11.jar:/home/vadim/.m2/repository/com/google/guava/guava/18.0/guava-18.0.jar:/home/vadim/.m2/repository/com/fasterxml/classmate/1.3.4/classmate-1.3.4.jar:/home/vadim/.m2/repository/org/slf4j/slf4j-api/1.7.25/slf4j-api-1.7.25.jar:/home/vadim/.m2/repository/org/springframework/plugin/spring-plugin-core/1.2.0.RELEASE/spring-plugin-core-1.2.0.RELEASE.jar:/home/vadim/.m2/repository/org/springframework/plugin/spring-plugin-metadata/1.2.0.RELEASE/spring-plugin-metadata-1.2.0.RELEASE.jar:/home/vadim/.m2/repository/org/mapstruct/mapstruct/1.1.0.Final/mapstruct-1.1.0.Final.jar:/home/vadim/.m2/repository/io/springfox/springfox-swagger-ui/2.7.0/springfox-swagger-ui-2.7.0.jar:/home/vadim/.m2/repository/com/github/joschi/jackson/jackson-datatype-threetenbp/2.6.4/jackson-datatype-threetenbp-2.6.4.jar:/home/vadim/.m2/repository/org/threeten/threetenbp/1.3.1/threetenbp-1.3.1.jar:/home/vadim/.m2/repository/com/fasterxml/jackson/core/jackson-core/2.8.10/jackson-core-2.8.10.jar:/home/vadim/.m2/repository/javax/validation/validation-api/1.1.0.Final/validation-api-1.1.0.Final.jar:/home/vadim/.m2/repository/org/springframework/boot/spring-boot-starter-test/1.5.9.RELEASE/spring-boot-starter-test-1.5.9.RELEASE.jar:/home/vadim/.m2/repository/org/springframework/boot/spring-boot-test/1.5.9.RELEASE/spring-boot-test-1.5.9.RELEASE.jar:/home/vadim/.m2/repository/org/springframework/boot/spring-boot-test-autoconfigure/1.5.9.RELEASE/spring-boot-test-autoconfigure-1.5.9.RELEASE.jar:/home/vadim/.m2/repository/com/jayway/jsonpath/json-path/2.2.0/json-path-2.2.0.jar:/home/vadim/.m2/repository/net/minidev/json-smart/2.2.1/json-smart-2.2.1.jar:/home/vadim/.m2/repository/net/minidev/accessors-smart/1.1/accessors-smart-1.1.jar:/home/vadim/.m2/repository/org/ow2/asm/asm/5.0.3/asm-5.0.3.jar:/home/vadim/.m2/repository/junit/junit/4.12/junit-4.12.jar:/home/vadim/.m2/repository/org/assertj/assertj-core/2.6.0/assertj-core-2.6.0.jar:/home/vadim/.m2/repository/org/mockito/mockito-core/1.10.19/mockito-core-1.10.19.jar:/home/vadim/.m2/repository/org/objenesis/objenesis/2.1/objenesis-2.1.jar:/home/vadim/.m2/repository/org/hamcrest/hamcrest-core/1.3/hamcrest-core-1.3.jar:/home/vadim/.m2/repository/org/hamcrest/hamcrest-library/1.3/hamcrest-library-1.3.jar:/home/vadim/.m2/repository/org/skyscreamer/jsonassert/1.4.0/jsonassert-1.4.0.jar:/home/vadim/.m2/repository/com/vaadin/external/google/android-json/0.0.20131108.vaadin1/android-json-0.0.20131108.vaadin1.jar:/home/vadim/.m2/repository/org/springframework/spring-core/4.3.13.RELEASE/spring-core-4.3.13.RELEASE.jar:/home/vadim/.m2/repository/org/springframework/spring-test/4.3.13.RELEASE/spring-test-4.3.13.RELEASE.jar:/home/vadim/.m2/repository/javax/xml/bind/jaxb-api/2.3.1/jaxb-api-2.3.1.jar:/home/vadim/.m2/repository/javax/activation/javax.activation-api/1.2.0/javax.activation-api-1.2.0.jar:/home/vadim/.m2/repository/org/hibernate/hibernate-core/5.0.12.Final/hibernate-core-5.0.12.Final.jar:/home/vadim/.m2/repository/org/jboss/logging/jboss-logging/3.3.1.Final/jboss-logging-3.3.1.Final.jar:/home/vadim/.m2/repository/org/hibernate/javax/persistence/hibernate-jpa-2.1-api/1.0.0.Final/hibernate-jpa-2.1-api-1.0.0.Final.jar:/home/vadim/.m2/repository/org/javassist/javassist/3.21.0-GA/javassist-3.21.0-GA.jar:/home/vadim/.m2/repository/antlr/antlr/2.7.7/antlr-2.7.7.jar:/home/vadim/.m2/repository/org/apache/geronimo/specs/geronimo-jta_1.1_spec/1.1.1/geronimo-jta_1.1_spec-1.1.1.jar:/home/vadim/.m2/repository/org/jboss/jandex/2.0.0.Final/jandex-2.0.0.Final.jar:/home/vadim/.m2/repository/dom4j/dom4j/1.6.1/dom4j-1.6.1.jar:/home/vadim/.m2/repository/org/hibernate/common/hibernate-commons-annotations/5.0.1.Final/hibernate-commons-annotations-5.0.1.Final.jar:/home/vadim/.m2/repository/org/springframework/spring-orm/4.3.13.RELEASE/spring-orm-4.3.13.RELEASE.jar:/home/vadim/.m2/repository/org/springframework/spring-beans/4.3.13.RELEASE/spring-beans-4.3.13.RELEASE.jar:/home/vadim/.m2/repository/org/springframework/spring-jdbc/4.3.13.RELEASE/spring-jdbc-4.3.13.RELEASE.jar:/home/vadim/.m2/repository/org/springframework/spring-tx/4.3.13.RELEASE/spring-tx-4.3.13.RELEASE.jar:/home/vadim/.m2/repository/org/apache/tomcat/tomcat-dbcp/9.0.14/tomcat-dbcp-9.0.14.jar:/home/vadim/.m2/repository/org/apache/tomcat/tomcat-juli/9.0.14/tomcat-juli-9.0.14.jar:/home/vadim/.m2/repository/mysql/mysql-connector-java/8.0.13/mysql-connector-java-8.0.13.jar:/home/vadim/.m2/repository/com/google/protobuf/protobuf-java/3.6.1/protobuf-java-3.6.1.jar:, java.vm.vendor=Oracle Corporation, sun.arch.data.model=64, java.vendor.url=http://java.oracle.com/, user.timezone=Europe/Minsk, os.name=Linux, java.vm.specification.version=9, sun.java.launcher=SUN_STANDARD, user.country=RU, sun.boot.library.path=/usr/lib/jvm/jdk-9.0.4/lib, sun.java.command=/home/vadim/JAVA/CloneForProjectJD2/MyProject/target/surefire/surefirebooter14177991212406882255.jar /home/vadim/JAVA/CloneForProjectJD2/MyProject/target/surefire/surefire4761666464246527341tmp /home/vadim/JAVA/CloneForProjectJD2/MyProject/target/surefire/surefire_014160149773951581311tmp, jdk.debug=release, surefire.test.class.path=/home/vadim/JAVA/CloneForProjectJD2/MyProject/target/test-classes:/home/vadim/JAVA/CloneForProjectJD2/MyProject/target/classes:/home/vadim/.m2/repository/org/springframework/boot/spring-boot-starter-web/1.5.9.RELEASE/spring-boot-starter-web-1.5.9.RELEASE.jar:/home/vadim/.m2/repository/org/springframework/boot/spring-boot-starter/1.5.9.RELEASE/spring-boot-starter-1.5.9.RELEASE.jar:/home/vadim/.m2/repository/org/springframework/boot/spring-boot/1.5.9.RELEASE/spring-boot-1.5.9.RELEASE.jar:/home/vadim/.m2/repository/org/springframework/boot/spring-boot-autoconfigure/1.5.9.RELEASE/spring-boot-autoconfigure-1.5.9.RELEASE.jar:/home/vadim/.m2/repository/org/springframework/boot/spring-boot-starter-logging/1.5.9.RELEASE/spring-boot-starter-logging-1.5.9.RELEASE.jar:/home/vadim/.m2/repository/ch/qos/logback/logback-classic/1.1.11/logback-classic-1.1.11.jar:/home/vadim/.m2/repository/ch/qos/logback/logback-core/1.1.11/logback-core-1.1.11.jar:/home/vadim/.m2/repository/org/slf4j/jcl-over-slf4j/1.7.25/jcl-over-slf4j-1.7.25.jar:/home/vadim/.m2/repository/org/slf4j/jul-to-slf4j/1.7.25/jul-to-slf4j-1.7.25.jar:/home/vadim/.m2/repository/org/slf4j/log4j-over-slf4j/1.7.25/log4j-over-slf4j-1.7.25.jar:/home/vadim/.m2/repository/org/yaml/snakeyaml/1.17/snakeyaml-1.17.jar:/home/vadim/.m2/repository/org/hibernate/hibernate-validator/5.3.6.Final/hibernate-validator-5.3.6.Final.jar:/home/vadim/.m2/repository/com/fasterxml/jackson/core/jackson-databind/2.8.10/jackson-databind-2.8.10.jar:/home/vadim/.m2/repository/com/fasterxml/jackson/core/jackson-annotations/2.8.0/jackson-annotations-2.8.0.jar:/home/vadim/.m2/repository/org/springframework/spring-web/4.3.13.RELEASE/spring-web-4.3.13.RELEASE.jar:/home/vadim/.m2/repository/org/springframework/spring-aop/4.3.13.RELEASE/spring-aop-4.3.13.RELEASE.jar:/home/vadim/.m2/repository/org/springframework/spring-context/4.3.13.RELEASE/spring-context-4.3.13.RELEASE.jar:/home/vadim/.m2/repository/org/springframework/spring-webmvc/4.3.13.RELEASE/spring-webmvc-4.3.13.RELEASE.jar:/home/vadim/.m2/repository/org/springframework/spring-expression/4.3.13.RELEASE/spring-expression-4.3.13.RELEASE.jar:/home/vadim/.m2/repository/org/springframework/boot/spring-boot-starter-tomcat/1.5.9.RELEASE/spring-boot-starter-tomcat-1.5.9.RELEASE.jar:/home/vadim/.m2/repository/org/apache/tomcat/embed/tomcat-embed-core/8.5.23/tomcat-embed-core-8.5.23.jar:/home/vadim/.m2/repository/org/apache/tomcat/tomcat-annotations-api/8.5.23/tomcat-annotations-api-8.5.23.jar:/home/vadim/.m2/repository/org/apache/tomcat/embed/tomcat-embed-el/8.5.23/tomcat-embed-el-8.5.23.jar:/home/vadim/.m2/repository/org/apache/tomcat/embed/tomcat-embed-websocket/8.5.23/tomcat-embed-websocket-8.5.23.jar:/home/vadim/.m2/repository/io/springfox/springfox-swagger2/2.7.0/springfox-swagger2-2.7.0.jar:/home/vadim/.m2/repository/io/swagger/swagger-annotations/1.5.13/swagger-annotations-1.5.13.jar:/home/vadim/.m2/repository/io/swagger/swagger-models/1.5.13/swagger-models-1.5.13.jar:/home/vadim/.m2/repository/io/springfox/springfox-spi/2.7.0/springfox-spi-2.7.0.jar:/home/vadim/.m2/repository/io/springfox/springfox-core/2.7.0/springfox-core-2.7.0.jar:/home/vadim/.m2/repository/net/bytebuddy/byte-buddy/1.6.14/byte-buddy-1.6.14.jar:/home/vadim/.m2/repository/io/springfox/springfox-schema/2.7.0/springfox-schema-2.7.0.jar:/home/vadim/.m2/repository/io/springfox/springfox-swagger-common/2.7.0/springfox-swagger-common-2.7.0.jar:/home/vadim/.m2/repository/io/springfox/springfox-spring-web/2.7.0/springfox-spring-web-2.7.0.jar:/home/vadim/.m2/repository/org/reflections/reflections/0.9.11/reflections-0.9.11.jar:/home/vadim/.m2/repository/com/google/guava/guava/18.0/guava-18.0.jar:/home/vadim/.m2/repository/com/fasterxml/classmate/1.3.4/classmate-1.3.4.jar:/home/vadim/.m2/repository/org/slf4j/slf4j-api/1.7.25/slf4j-api-1.7.25.jar:/home/vadim/.m2/repository/org/springframework/plugin/spring-plugin-core/1.2.0.RELEASE/spring-plugin-core-1.2.0.RELEASE.jar:/home/vadim/.m2/repository/org/springframework/plugin/spring-plugin-metadata/1.2.0.RELEASE/spring-plugin-metadata-1.2.0.RELEASE.jar:/home/vadim/.m2/repository/org/mapstruct/mapstruct/1.1.0.Final/mapstruct-1.1.0.Final.jar:/home/vadim/.m2/repository/io/springfox/springfox-swagger-ui/2.7.0/springfox-swagger-ui-2.7.0.jar:/home/vadim/.m2/repository/com/github/joschi/jackson/jackson-datatype-threetenbp/2.6.4/jackson-datatype-threetenbp-2.6.4.jar:/home/vadim/.m2/repository/org/threeten/threetenbp/1.3.1/threetenbp-1.3.1.jar:/home/vadim/.m2/repository/com/fasterxml/jackson/core/jackson-core/2.8.10/jackson-core-2.8.10.jar:/home/vadim/.m2/repository/javax/validation/validation-api/1.1.0.Final/validation-api-1.1.0.Final.jar:/home/vadim/.m2/repository/org/springframework/boot/spring-boot-starter-test/1.5.9.RELEASE/spring-boot-starter-test-1.5.9.RELEASE.jar:/home/vadim/.m2/repository/org/springframework/boot/spring-boot-test/1.5.9.RELEASE/spring-boot-test-1.5.9.RELEASE.jar:/home/vadim/.m2/repository/org/springframework/boot/spring-boot-test-autoconfigure/1.5.9.RELEASE/spring-boot-test-autoconfigure-1.5.9.RELEASE.jar:/home/vadim/.m2/repository/com/jayway/jsonpath/json-path/2.2.0/json-path-2.2.0.jar:/home/vadim/.m2/repository/net/minidev/json-smart/2.2.1/json-smart-2.2.1.jar:/home/vadim/.m2/repository/net/minidev/accessors-smart/1.1/accessors-smart-1.1.jar:/home/vadim/.m2/repository/org/ow2/asm/asm/5.0.3/asm-5.0.3.jar:/home/vadim/.m2/repository/junit/junit/4.12/junit-4.12.jar:/home/vadim/.m2/repository/org/assertj/assertj-core/2.6.0/assertj-core-2.6.0.jar:/home/vadim/.m2/repository/org/mockito/mockito-core/1.10.19/mockito-core-1.10.19.jar:/home/vadim/.m2/repository/org/objenesis/objenesis/2.1/objenesis-2.1.jar:/home/vadim/.m2/repository/org/hamcrest/hamcrest-core/1.3/hamcrest-core-1.3.jar:/home/vadim/.m2/repository/org/hamcrest/hamcrest-library/1.3/hamcrest-library-1.3.jar:/home/vadim/.m2/repository/org/skyscreamer/jsonassert/1.4.0/jsonassert-1.4.0.jar:/home/vadim/.m2/repository/com/vaadin/external/google/android-json/0.0.20131108.vaadin1/android-json-0.0.20131108.vaadin1.jar:/home/vadim/.m2/repository/org/springframework/spring-core/4.3.13.RELEASE/spring-core-4.3.13.RELEASE.jar:/home/vadim/.m2/repository/org/springframework/spring-test/4.3.13.RELEASE/spring-test-4.3.13.RELEASE.jar:/home/vadim/.m2/repository/javax/xml/bind/jaxb-api/2.3.1/jaxb-api-2.3.1.jar:/home/vadim/.m2/repository/javax/activation/javax.activation-api/1.2.0/javax.activation-api-1.2.0.jar:/home/vadim/.m2/repository/org/hibernate/hibernate-core/5.0.12.Final/hibernate-core-5.0.12.Final.jar:/home/vadim/.m2/repository/org/jboss/logging/jboss-logging/3.3.1.Final/jboss-logging-3.3.1.Final.jar:/home/vadim/.m2/repository/org/hibernate/javax/persistence/hibernate-jpa-2.1-api/1.0.0.Final/hibernate-jpa-2.1-api-1.0.0.Final.jar:/home/vadim/.m2/repository/org/javassist/javassist/3.21.0-GA/javassist-3.21.0-GA.jar:/home/vadim/.m2/repository/antlr/antlr/2.7.7/antlr-2.7.7.jar:/home/vadim/.m2/repository/org/apache/geronimo/specs/geronimo-jta_1.1_spec/1.1.1/geronimo-jta_1.1_spec-1.1.1.jar:/home/vadim/.m2/repository/org/jboss/jandex/2.0.0.Final/jandex-2.0.0.Final.jar:/home/vadim/.m2/repository/dom4j/dom4j/1.6.1/dom4j-1.6.1.jar:/home/vadim/.m2/repository/org/hibernate/common/hibernate-commons-annotations/5.0.1.Final/hibernate-commons-annotations-5.0.1.Final.jar:/home/vadim/.m2/repository/org/springframework/spring-orm/4.3.13.RELEASE/spring-orm-4.3.13.RELEASE.jar:/home/vadim/.m2/repository/org/springframework/spring-beans/4.3.13.RELEASE/spring-beans-4.3.13.RELEASE.jar:/home/vadim/.m2/repository/org/springframework/spring-jdbc/4.3.13.RELEASE/spring-jdbc-4.3.13.RELEASE.jar:/home/vadim/.m2/repository/org/springframework/spring-tx/4.3.13.RELEASE/spring-tx-4.3.13.RELEASE.jar:/home/vadim/.m2/repository/org/apache/tomcat/tomcat-dbcp/9.0.14/tomcat-dbcp-9.0.14.jar:/home/vadim/.m2/repository/org/apache/tomcat/tomcat-juli/9.0.14/tomcat-juli-9.0.14.jar:/home/vadim/.m2/repository/mysql/mysql-connector-java/8.0.13/mysql-connector-java-8.0.13.jar:/home/vadim/.m2/repository/com/google/protobuf/protobuf-java/3.6.1/protobuf-java-3.6.1.jar:, sun.cpu.endian=little, user.home=/home/vadim, user.language=ru, java.specification.vendor=Oracle Corporation, java.home=/usr/lib/jvm/jdk-9.0.4, file.separator=/, basedir=/home/vadim/JAVA/CloneForProjectJD2/MyProject, java.vm.compressedOopsMode=32-bit, line.separator=
, java.vm.specification.vendor=Oracle Corporation, java.specification.name=Java Platform API Specification, java.awt.graphicsenv=sun.awt.X11GraphicsEnvironment, surefire.real.class.path=/home/vadim/JAVA/CloneForProjectJD2/MyProject/target/surefire/surefirebooter14177991212406882255.jar, sun.management.compiler=HotSpot 64-Bit Tiered Compilers, java.runtime.version=9.0.4+11, user.name=vadim, path.separator=:, os.version=4.15.0-43-generic, java.runtime.name=Java(TM) SE Runtime Environment, file.encoding=UTF-8, java.vm.name=Java HotSpot(TM) 64-Bit Server VM, localRepository=/home/vadim/.m2/repository, java.vendor.url.bug=http://bugreport.java.com/bugreport/, java.io.tmpdir=/tmp, idea.version=2018.2.6, java.version=9.0.4, user.dir=/home/vadim/JAVA/CloneForProjectJD2/MyProject, os.arch=amd64, java.vm.specification.name=Java Virtual Machine Specification, java.awt.printerjob=sun.print.PSPrinterJob, sun.os.patch.level=unknown, java.library.path=/usr/java/packages/lib:/usr/lib64:/lib64:/lib:/usr/lib, java.vm.info=mixed mode, java.vendor=Oracle Corporation, java.vm.version=9.0.4+11, sun.io.unicode.encoding=UnicodeLittle, java.class.version=53.0}}, SystemEnvironmentPropertySource@1346343363 {name='systemEnvironment', properties={PATH=/opt/apache-maven-3.6.0/bin:/usr/local/sbin:/usr/local/bin:/usr/sbin:/usr/bin:/sbin:/bin:/usr/games:/usr/local/games:/snap/bin:/usr/lib/jvm/java-8-oracle/bin:/usr/lib/jvm/java-8-oracle/db/bin:/usr/lib/jvm/java-8-oracle/jre/bin, XAUTHORITY=/run/user/1000/gdm/Xauthority, XMODIFIERS=@im=ibus, XDG_DATA_DIRS=/usr/share/ubuntu:/usr/local/share:/usr/share:/var/lib/snapd/desktop, GDMSESSION=ubuntu, MANDATORY_PATH=/usr/share/gconf/ubuntu.mandatory.path, TEXTDOMAINDIR=/usr/share/locale/, GTK_IM_MODULE=ibus, DBUS_SESSION_BUS_ADDRESS=unix:path=/run/user/1000/bus, DEFAULTS_PATH=/usr/share/gconf/ubuntu.default.path, XDG_CURRENT_DESKTOP=ubuntu:GNOME, MAVEN_HOME=/opt/apache-maven-3.6.0, SSH_AGENT_PID=1373, QT4_IM_MODULE=xim, SESSION_MANAGER=local/vadim-S550CB:@/tmp/.ICE-unix/1269,unix/vadim-S550CB:/tmp/.ICE-unix/1269, USERNAME=vadim, LOGNAME=vadim, PWD=/home/vadim/JAVA/CloneForProjectJD2/MyProject, DERBY_HOME=/usr/lib/jvm/java-8-oracle/db, IM_CONFIG_PHASE=2, S_COLORS=auto, GJS_DEBUG_TOPICS=JS ERROR;JS LOG, SHELL=/bin/bash, GIO_LAUNCHED_DESKTOP_FILE=/home/vadim/.local/share/applications/jetbrains-idea.desktop, J2SDKDIR=/usr/lib/jvm/java-8-oracle, OLDPWD=/home/vadim/JAVA/CloneForProjectJD2/MyProject, GNOME_DESKTOP_SESSION_ID=this-is-deprecated, GTK_MODULES=gail:atk-bridge, J2REDIR=/usr/lib/jvm/java-8-oracle/jre, CLUTTER_IM_MODULE=xim, TEXTDOMAIN=im-config, M2_HOME=/opt/apache-maven-3.6.0, XDG_SESSION_DESKTOP=ubuntu, SHLVL=0, QT_IM_MODULE=xim, JAVA_HOME=/usr/lib/jvm/java-8-oracle, XDG_CONFIG_DIRS=/etc/xdg/xdg-ubuntu:/etc/xdg, LANG=ru_RU.UTF-8, XDG_SESSION_ID=1, XDG_SESSION_TYPE=x11, DISPLAY=:0, GPG_AGENT_INFO=/run/user/1000/gnupg/S.gpg-agent:0:1, DESKTOP_SESSION=ubuntu, USER=vadim, XDG_MENU_PREFIX=gnome-, GIO_LAUNCHED_DESKTOP_FILE_PID=4206, QT_ACCESSIBILITY=1, WINDOWPATH=1, GJS_DEBUG_OUTPUT=stderr, SSH_AUTH_SOCK=/run/user/1000/keyring/ssh, XDG_SEAT=seat0, GNOME_SHELL_SESSION_MODE=ubuntu, XDG_VTNR=1, XDG_RUNTIME_DIR=/run/user/1000, HOME=/home/vadim}}]
20:19:24.073 [main] DEBUG org.springframework.test.context.support.AnnotationConfigContextLoader - Registering annotated classes: {class configuration.HibernateXMLConfTest}
20:19:24.131 [main] INFO org.springframework.context.support.GenericApplicationContext - Refreshing org.springframework.context.support.GenericApplicationContext@5965d37: startup date [Wed Jan 16 20:19:24 MSK 2019]; root of context hierarchy
20:19:24.131 [main] DEBUG org.springframework.context.support.GenericApplicationContext - Bean factory for org.springframework.context.support.GenericApplicationContext@5965d37: org.springframework.beans.factory.support.DefaultListableBeanFactory@589da3f3: defining beans [org.springframework.context.annotation.internalConfigurationAnnotationProcessor,org.springframework.context.annotation.internalAutowiredAnnotationProcessor,org.springframework.context.annotation.internalRequiredAnnotationProcessor,org.springframework.context.annotation.internalCommonAnnotationProcessor,org.springframework.context.annotation.internalPersistenceAnnotationProcessor,org.springframework.context.event.internalEventListenerProcessor,org.springframework.context.event.internalEventListenerFactory,hibernateXMLConfTest,org.springframework.boot.test.mock.mockito.MockitoPostProcessor$SpyPostProcessor,org.springframework.boot.test.mock.mockito.MockitoPostProcessor]; root of factory hierarchy
20:19:24.144 [main] DEBUG org.springframework.beans.factory.support.DefaultListableBeanFactory - Creating shared instance of singleton bean 'org.springframework.context.annotation.internalConfigurationAnnotationProcessor'
20:19:24.144 [main] DEBUG org.springframework.beans.factory.support.DefaultListableBeanFactory - Creating instance of bean 'org.springframework.context.annotation.internalConfigurationAnnotationProcessor'
20:19:24.162 [main] DEBUG org.springframework.beans.factory.support.DefaultListableBeanFactory - Eagerly caching bean 'org.springframework.context.annotation.internalConfigurationAnnotationProcessor' to allow for resolving potential circular references
20:19:24.164 [main] DEBUG org.springframework.beans.factory.support.DefaultListableBeanFactory - Finished creating instance of bean 'org.springframework.context.annotation.internalConfigurationAnnotationProcessor'
20:19:24.183 [main] DEBUG org.springframework.context.annotation.ClassPathBeanDefinitionScanner - JSR-250 'javax.annotation.ManagedBean' found and supported for component scanning
20:19:24.186 [main] DEBUG org.springframework.core.io.support.PathMatchingResourcePatternResolver - Resolved classpath location [io/swagger/dao/] to resources [URL [file:/home/vadim/JAVA/CloneForProjectJD2/MyProject/target/classes/io/swagger/dao/]]
20:19:24.186 [main] DEBUG org.springframework.core.io.support.PathMatchingResourcePatternResolver - Looking for matching resources in directory tree [/home/vadim/JAVA/CloneForProjectJD2/MyProject/target/classes/io/swagger/dao]
20:19:24.187 [main] DEBUG org.springframework.core.io.support.PathMatchingResourcePatternResolver - Searching directory [/home/vadim/JAVA/CloneForProjectJD2/MyProject/target/classes/io/swagger/dao] for files matching pattern [/home/vadim/JAVA/CloneForProjectJD2/MyProject/target/classes/io/swagger/dao/**/*.class]
20:19:24.192 [main] DEBUG org.springframework.core.io.support.PathMatchingResourcePatternResolver - Resolved location pattern [classpath*:io/swagger/dao/**/*.class] to resources [file [/home/vadim/JAVA/CloneForProjectJD2/MyProject/target/classes/io/swagger/dao/AccountRefTypeDaoImpl.class], file [/home/vadim/JAVA/CloneForProjectJD2/MyProject/target/classes/io/swagger/dao/BaseDaoImpl.class], file [/home/vadim/JAVA/CloneForProjectJD2/MyProject/target/classes/io/swagger/dao/ChannelRefTypeDaoImpl.class], file [/home/vadim/JAVA/CloneForProjectJD2/MyProject/target/classes/io/swagger/dao/MoneyTypeDaoImpl.class], file [/home/vadim/JAVA/CloneForProjectJD2/MyProject/target/classes/io/swagger/dao/PaymentItemTypeDaoImpl.class], file [/home/vadim/JAVA/CloneForProjectJD2/MyProject/target/classes/io/swagger/dao/PaymentMethodTypeDaoImpl.class], file [/home/vadim/JAVA/CloneForProjectJD2/MyProject/target/classes/io/swagger/dao/PaymentTypeDaoImpl.class], file [/home/vadim/JAVA/CloneForProjectJD2/MyProject/target/classes/io/swagger/dao/RelatedPartyRefTypeDaoImpl.class]]
20:19:24.208 [main] DEBUG org.springframework.context.annotation.ClassPathBeanDefinitionScanner - Identified candidate component class: file [/home/vadim/JAVA/CloneForProjectJD2/MyProject/target/classes/io/swagger/dao/AccountRefTypeDaoImpl.class]
20:19:24.209 [main] DEBUG org.springframework.context.annotation.ClassPathBeanDefinitionScanner - Ignored because not a concrete top-level class: file [/home/vadim/JAVA/CloneForProjectJD2/MyProject/target/classes/io/swagger/dao/BaseDaoImpl.class]
20:19:24.210 [main] DEBUG org.springframework.context.annotation.ClassPathBeanDefinitionScanner - Identified candidate component class: file [/home/vadim/JAVA/CloneForProjectJD2/MyProject/target/classes/io/swagger/dao/ChannelRefTypeDaoImpl.class]
20:19:24.210 [main] DEBUG org.springframework.context.annotation.ClassPathBeanDefinitionScanner - Identified candidate component class: file [/home/vadim/JAVA/CloneForProjectJD2/MyProject/target/classes/io/swagger/dao/MoneyTypeDaoImpl.class]
20:19:24.211 [main] DEBUG org.springframework.context.annotation.ClassPathBeanDefinitionScanner - Identified candidate component class: file [/home/vadim/JAVA/CloneForProjectJD2/MyProject/target/classes/io/swagger/dao/PaymentItemTypeDaoImpl.class]
20:19:24.212 [main] DEBUG org.springframework.context.annotation.ClassPathBeanDefinitionScanner - Identified candidate component class: file [/home/vadim/JAVA/CloneForProjectJD2/MyProject/target/classes/io/swagger/dao/PaymentMethodTypeDaoImpl.class]
20:19:24.213 [main] DEBUG org.springframework.context.annotation.ClassPathBeanDefinitionScanner - Identified candidate component class: file [/home/vadim/JAVA/CloneForProjectJD2/MyProject/target/classes/io/swagger/dao/PaymentTypeDaoImpl.class]
20:19:24.214 [main] DEBUG org.springframework.context.annotation.ClassPathBeanDefinitionScanner - Identified candidate component class: file [/home/vadim/JAVA/CloneForProjectJD2/MyProject/target/classes/io/swagger/dao/RelatedPartyRefTypeDaoImpl.class]
20:19:24.216 [main] DEBUG org.springframework.core.io.support.PathMatchingResourcePatternResolver - Resolved classpath location [io/swagger/model/] to resources [URL [file:/home/vadim/JAVA/CloneForProjectJD2/MyProject/target/classes/io/swagger/model/]]
20:19:24.217 [main] DEBUG org.springframework.core.io.support.PathMatchingResourcePatternResolver - Looking for matching resources in directory tree [/home/vadim/JAVA/CloneForProjectJD2/MyProject/target/classes/io/swagger/model]
20:19:24.217 [main] DEBUG org.springframework.core.io.support.PathMatchingResourcePatternResolver - Searching directory [/home/vadim/JAVA/CloneForProjectJD2/MyProject/target/classes/io/swagger/model] for files matching pattern [/home/vadim/JAVA/CloneForProjectJD2/MyProject/target/classes/io/swagger/model/**/*.class]
20:19:24.224 [main] DEBUG org.springframework.core.io.support.PathMatchingResourcePatternResolver - Resolved location pattern [classpath*:io/swagger/model/**/*.class] to resources [file [/home/vadim/JAVA/CloneForProjectJD2/MyProject/target/classes/io/swagger/model/AccountRefType.class], file [/home/vadim/JAVA/CloneForProjectJD2/MyProject/target/classes/io/swagger/model/BankAccountDebitType.class], file [/home/vadim/JAVA/CloneForProjectJD2/MyProject/target/classes/io/swagger/model/BankAccountTransferType.class], file [/home/vadim/JAVA/CloneForProjectJD2/MyProject/target/classes/io/swagger/model/BankCardType$TypeEnum.class], file [/home/vadim/JAVA/CloneForProjectJD2/MyProject/target/classes/io/swagger/model/BankCardType.class], file [/home/vadim/JAVA/CloneForProjectJD2/MyProject/target/classes/io/swagger/model/BasePOJO.class], file [/home/vadim/JAVA/CloneForProjectJD2/MyProject/target/classes/io/swagger/model/CashType.class], file [/home/vadim/JAVA/CloneForProjectJD2/MyProject/target/classes/io/swagger/model/ChannelRefType.class], file [/home/vadim/JAVA/CloneForProjectJD2/MyProject/target/classes/io/swagger/model/CheckType.class], file [/home/vadim/JAVA/CloneForProjectJD2/MyProject/target/classes/io/swagger/model/DigitalWalletType.class], file [/home/vadim/JAVA/CloneForProjectJD2/MyProject/target/classes/io/swagger/model/EntityRefType.class], file [/home/vadim/JAVA/CloneForProjectJD2/MyProject/target/classes/io/swagger/model/MoneyType.class], file [/home/vadim/JAVA/CloneForProjectJD2/MyProject/target/classes/io/swagger/model/PaymentItemType.class], file [/home/vadim/JAVA/CloneForProjectJD2/MyProject/target/classes/io/swagger/model/PaymentMethodType$TypeEnum.class], file [/home/vadim/JAVA/CloneForProjectJD2/MyProject/target/classes/io/swagger/model/PaymentMethodType.class], file [/home/vadim/JAVA/CloneForProjectJD2/MyProject/target/classes/io/swagger/model/PaymentRefType.class], file [/home/vadim/JAVA/CloneForProjectJD2/MyProject/target/classes/io/swagger/model/PaymentRequestType.class], file [/home/vadim/JAVA/CloneForProjectJD2/MyProject/target/classes/io/swagger/model/PaymentType.class], file [/home/vadim/JAVA/CloneForProjectJD2/MyProject/target/classes/io/swagger/model/QuantityType.class], file [/home/vadim/JAVA/CloneForProjectJD2/MyProject/target/classes/io/swagger/model/RefundRequestType$StatusEnum.class], file [/home/vadim/JAVA/CloneForProjectJD2/MyProject/target/classes/io/swagger/model/RefundRequestType.class], file [/home/vadim/JAVA/CloneForProjectJD2/MyProject/target/classes/io/swagger/model/RefundType$StatusEnum.class], file [/home/vadim/JAVA/CloneForProjectJD2/MyProject/target/classes/io/swagger/model/RefundType.class], file [/home/vadim/JAVA/CloneForProjectJD2/MyProject/target/classes/io/swagger/model/RelatedPartyRefType.class], file [/home/vadim/JAVA/CloneForProjectJD2/MyProject/target/classes/io/swagger/model/TimePeriodType.class], file [/home/vadim/JAVA/CloneForProjectJD2/MyProject/target/classes/io/swagger/model/TokenizedCardType$TypeEnum.class], file [/home/vadim/JAVA/CloneForProjectJD2/MyProject/target/classes/io/swagger/model/TokenizedCardType.class], file [/home/vadim/JAVA/CloneForProjectJD2/MyProject/target/classes/io/swagger/model/VoucherType.class]]
20:19:24.361 [main] DEBUG org.springframework.context.annotation.ConfigurationClassBeanDefinitionReader - Registered bean definition for imported class 'org.springframework.transaction.annotation.ProxyTransactionManagementConfiguration'
20:19:24.362 [main] DEBUG org.springframework.context.annotation.ConfigurationClassBeanDefinitionReader - Registering bean definition for @Bean method org.springframework.transaction.annotation.ProxyTransactionManagementConfiguration.org.springframework.transaction.config.internalTransactionAdvisor()
20:19:24.363 [main] DEBUG org.springframework.context.annotation.ConfigurationClassBeanDefinitionReader - Registering bean definition for @Bean method org.springframework.transaction.annotation.ProxyTransactionManagementConfiguration.transactionAttributeSource()
20:19:24.363 [main] DEBUG org.springframework.context.annotation.ConfigurationClassBeanDefinitionReader - Registering bean definition for @Bean method org.springframework.transaction.annotation.ProxyTransactionManagementConfiguration.transactionInterceptor()
20:19:24.363 [main] DEBUG org.springframework.context.annotation.ConfigurationClassBeanDefinitionReader - Registering bean definition for @Bean method org.springframework.transaction.annotation.ProxyTransactionManagementConfiguration.org.springframework.transaction.config.internalTransactionalEventListenerFactory()
20:19:24.367 [main] DEBUG org.springframework.core.env.StandardEnvironment - Adding PropertySource 'systemProperties' with lowest search precedence
20:19:24.368 [main] DEBUG org.springframework.core.env.StandardEnvironment - Adding PropertySource 'systemEnvironment' with lowest search precedence
20:19:24.368 [main] DEBUG org.springframework.core.env.StandardEnvironment - Initialized StandardEnvironment with PropertySources [MapPropertySource@1668910247 {name='systemProperties', properties={sun.desktop=gnome, awt.toolkit=sun.awt.X11.XToolkit, java.specification.version=9, file.encoding.pkg=sun.io, sun.cpu.isalist=, sun.jnu.encoding=UTF-8, java.class.path=/home/vadim/JAVA/CloneForProjectJD2/MyProject/target/test-classes:/home/vadim/JAVA/CloneForProjectJD2/MyProject/target/classes:/home/vadim/.m2/repository/org/springframework/boot/spring-boot-starter-web/1.5.9.RELEASE/spring-boot-starter-web-1.5.9.RELEASE.jar:/home/vadim/.m2/repository/org/springframework/boot/spring-boot-starter/1.5.9.RELEASE/spring-boot-starter-1.5.9.RELEASE.jar:/home/vadim/.m2/repository/org/springframework/boot/spring-boot/1.5.9.RELEASE/spring-boot-1.5.9.RELEASE.jar:/home/vadim/.m2/repository/org/springframework/boot/spring-boot-autoconfigure/1.5.9.RELEASE/spring-boot-autoconfigure-1.5.9.RELEASE.jar:/home/vadim/.m2/repository/org/springframework/boot/spring-boot-starter-logging/1.5.9.RELEASE/spring-boot-starter-logging-1.5.9.RELEASE.jar:/home/vadim/.m2/repository/ch/qos/logback/logback-classic/1.1.11/logback-classic-1.1.11.jar:/home/vadim/.m2/repository/ch/qos/logback/logback-core/1.1.11/logback-core-1.1.11.jar:/home/vadim/.m2/repository/org/slf4j/jcl-over-slf4j/1.7.25/jcl-over-slf4j-1.7.25.jar:/home/vadim/.m2/repository/org/slf4j/jul-to-slf4j/1.7.25/jul-to-slf4j-1.7.25.jar:/home/vadim/.m2/repository/org/slf4j/log4j-over-slf4j/1.7.25/log4j-over-slf4j-1.7.25.jar:/home/vadim/.m2/repository/org/yaml/snakeyaml/1.17/snakeyaml-1.17.jar:/home/vadim/.m2/repository/org/hibernate/hibernate-validator/5.3.6.Final/hibernate-validator-5.3.6.Final.jar:/home/vadim/.m2/repository/com/fasterxml/jackson/core/jackson-databind/2.8.10/jackson-databind-2.8.10.jar:/home/vadim/.m2/repository/com/fasterxml/jackson/core/jackson-annotations/2.8.0/jackson-annotations-2.8.0.jar:/home/vadim/.m2/repository/org/springframework/spring-web/4.3.13.RELEASE/spring-web-4.3.13.RELEASE.jar:/home/vadim/.m2/repository/org/springframework/spring-aop/4.3.13.RELEASE/spring-aop-4.3.13.RELEASE.jar:/home/vadim/.m2/repository/org/springframework/spring-context/4.3.13.RELEASE/spring-context-4.3.13.RELEASE.jar:/home/vadim/.m2/repository/org/springframework/spring-webmvc/4.3.13.RELEASE/spring-webmvc-4.3.13.RELEASE.jar:/home/vadim/.m2/repository/org/springframework/spring-expression/4.3.13.RELEASE/spring-expression-4.3.13.RELEASE.jar:/home/vadim/.m2/repository/org/springframework/boot/spring-boot-starter-tomcat/1.5.9.RELEASE/spring-boot-starter-tomcat-1.5.9.RELEASE.jar:/home/vadim/.m2/repository/org/apache/tomcat/embed/tomcat-embed-core/8.5.23/tomcat-embed-core-8.5.23.jar:/home/vadim/.m2/repository/org/apache/tomcat/tomcat-annotations-api/8.5.23/tomcat-annotations-api-8.5.23.jar:/home/vadim/.m2/repository/org/apache/tomcat/embed/tomcat-embed-el/8.5.23/tomcat-embed-el-8.5.23.jar:/home/vadim/.m2/repository/org/apache/tomcat/embed/tomcat-embed-websocket/8.5.23/tomcat-embed-websocket-8.5.23.jar:/home/vadim/.m2/repository/io/springfox/springfox-swagger2/2.7.0/springfox-swagger2-2.7.0.jar:/home/vadim/.m2/repository/io/swagger/swagger-annotations/1.5.13/swagger-annotations-1.5.13.jar:/home/vadim/.m2/repository/io/swagger/swagger-models/1.5.13/swagger-models-1.5.13.jar:/home/vadim/.m2/repository/io/springfox/springfox-spi/2.7.0/springfox-spi-2.7.0.jar:/home/vadim/.m2/repository/io/springfox/springfox-core/2.7.0/springfox-core-2.7.0.jar:/home/vadim/.m2/repository/net/bytebuddy/byte-buddy/1.6.14/byte-buddy-1.6.14.jar:/home/vadim/.m2/repository/io/springfox/springfox-schema/2.7.0/springfox-schema-2.7.0.jar:/home/vadim/.m2/repository/io/springfox/springfox-swagger-common/2.7.0/springfox-swagger-common-2.7.0.jar:/home/vadim/.m2/repository/io/springfox/springfox-spring-web/2.7.0/springfox-spring-web-2.7.0.jar:/home/vadim/.m2/repository/org/reflections/reflections/0.9.11/reflections-0.9.11.jar:/home/vadim/.m2/repository/com/google/guava/guava/18.0/guava-18.0.jar:/home/vadim/.m2/repository/com/fasterxml/classmate/1.3.4/classmate-1.3.4.jar:/home/vadim/.m2/repository/org/slf4j/slf4j-api/1.7.25/slf4j-api-1.7.25.jar:/home/vadim/.m2/repository/org/springframework/plugin/spring-plugin-core/1.2.0.RELEASE/spring-plugin-core-1.2.0.RELEASE.jar:/home/vadim/.m2/repository/org/springframework/plugin/spring-plugin-metadata/1.2.0.RELEASE/spring-plugin-metadata-1.2.0.RELEASE.jar:/home/vadim/.m2/repository/org/mapstruct/mapstruct/1.1.0.Final/mapstruct-1.1.0.Final.jar:/home/vadim/.m2/repository/io/springfox/springfox-swagger-ui/2.7.0/springfox-swagger-ui-2.7.0.jar:/home/vadim/.m2/repository/com/github/joschi/jackson/jackson-datatype-threetenbp/2.6.4/jackson-datatype-threetenbp-2.6.4.jar:/home/vadim/.m2/repository/org/threeten/threetenbp/1.3.1/threetenbp-1.3.1.jar:/home/vadim/.m2/repository/com/fasterxml/jackson/core/jackson-core/2.8.10/jackson-core-2.8.10.jar:/home/vadim/.m2/repository/javax/validation/validation-api/1.1.0.Final/validation-api-1.1.0.Final.jar:/home/vadim/.m2/repository/org/springframework/boot/spring-boot-starter-test/1.5.9.RELEASE/spring-boot-starter-test-1.5.9.RELEASE.jar:/home/vadim/.m2/repository/org/springframework/boot/spring-boot-test/1.5.9.RELEASE/spring-boot-test-1.5.9.RELEASE.jar:/home/vadim/.m2/repository/org/springframework/boot/spring-boot-test-autoconfigure/1.5.9.RELEASE/spring-boot-test-autoconfigure-1.5.9.RELEASE.jar:/home/vadim/.m2/repository/com/jayway/jsonpath/json-path/2.2.0/json-path-2.2.0.jar:/home/vadim/.m2/repository/net/minidev/json-smart/2.2.1/json-smart-2.2.1.jar:/home/vadim/.m2/repository/net/minidev/accessors-smart/1.1/accessors-smart-1.1.jar:/home/vadim/.m2/repository/org/ow2/asm/asm/5.0.3/asm-5.0.3.jar:/home/vadim/.m2/repository/junit/junit/4.12/junit-4.12.jar:/home/vadim/.m2/repository/org/assertj/assertj-core/2.6.0/assertj-core-2.6.0.jar:/home/vadim/.m2/repository/org/mockito/mockito-core/1.10.19/mockito-core-1.10.19.jar:/home/vadim/.m2/repository/org/objenesis/objenesis/2.1/objenesis-2.1.jar:/home/vadim/.m2/repository/org/hamcrest/hamcrest-core/1.3/hamcrest-core-1.3.jar:/home/vadim/.m2/repository/org/hamcrest/hamcrest-library/1.3/hamcrest-library-1.3.jar:/home/vadim/.m2/repository/org/skyscreamer/jsonassert/1.4.0/jsonassert-1.4.0.jar:/home/vadim/.m2/repository/com/vaadin/external/google/android-json/0.0.20131108.vaadin1/android-json-0.0.20131108.vaadin1.jar:/home/vadim/.m2/repository/org/springframework/spring-core/4.3.13.RELEASE/spring-core-4.3.13.RELEASE.jar:/home/vadim/.m2/repository/org/springframework/spring-test/4.3.13.RELEASE/spring-test-4.3.13.RELEASE.jar:/home/vadim/.m2/repository/javax/xml/bind/jaxb-api/2.3.1/jaxb-api-2.3.1.jar:/home/vadim/.m2/repository/javax/activation/javax.activation-api/1.2.0/javax.activation-api-1.2.0.jar:/home/vadim/.m2/repository/org/hibernate/hibernate-core/5.0.12.Final/hibernate-core-5.0.12.Final.jar:/home/vadim/.m2/repository/org/jboss/logging/jboss-logging/3.3.1.Final/jboss-logging-3.3.1.Final.jar:/home/vadim/.m2/repository/org/hibernate/javax/persistence/hibernate-jpa-2.1-api/1.0.0.Final/hibernate-jpa-2.1-api-1.0.0.Final.jar:/home/vadim/.m2/repository/org/javassist/javassist/3.21.0-GA/javassist-3.21.0-GA.jar:/home/vadim/.m2/repository/antlr/antlr/2.7.7/antlr-2.7.7.jar:/home/vadim/.m2/repository/org/apache/geronimo/specs/geronimo-jta_1.1_spec/1.1.1/geronimo-jta_1.1_spec-1.1.1.jar:/home/vadim/.m2/repository/org/jboss/jandex/2.0.0.Final/jandex-2.0.0.Final.jar:/home/vadim/.m2/repository/dom4j/dom4j/1.6.1/dom4j-1.6.1.jar:/home/vadim/.m2/repository/org/hibernate/common/hibernate-commons-annotations/5.0.1.Final/hibernate-commons-annotations-5.0.1.Final.jar:/home/vadim/.m2/repository/org/springframework/spring-orm/4.3.13.RELEASE/spring-orm-4.3.13.RELEASE.jar:/home/vadim/.m2/repository/org/springframework/spring-beans/4.3.13.RELEASE/spring-beans-4.3.13.RELEASE.jar:/home/vadim/.m2/repository/org/springframework/spring-jdbc/4.3.13.RELEASE/spring-jdbc-4.3.13.RELEASE.jar:/home/vadim/.m2/repository/org/springframework/spring-tx/4.3.13.RELEASE/spring-tx-4.3.13.RELEASE.jar:/home/vadim/.m2/repository/org/apache/tomcat/tomcat-dbcp/9.0.14/tomcat-dbcp-9.0.14.jar:/home/vadim/.m2/repository/org/apache/tomcat/tomcat-juli/9.0.14/tomcat-juli-9.0.14.jar:/home/vadim/.m2/repository/mysql/mysql-connector-java/8.0.13/mysql-connector-java-8.0.13.jar:/home/vadim/.m2/repository/com/google/protobuf/protobuf-java/3.6.1/protobuf-java-3.6.1.jar:, java.vm.vendor=Oracle Corporation, sun.arch.data.model=64, java.vendor.url=http://java.oracle.com/, user.timezone=Europe/Minsk, os.name=Linux, java.vm.specification.version=9, sun.java.launcher=SUN_STANDARD, user.country=RU, sun.boot.library.path=/usr/lib/jvm/jdk-9.0.4/lib, sun.java.command=/home/vadim/JAVA/CloneForProjectJD2/MyProject/target/surefire/surefirebooter14177991212406882255.jar /home/vadim/JAVA/CloneForProjectJD2/MyProject/target/surefire/surefire4761666464246527341tmp /home/vadim/JAVA/CloneForProjectJD2/MyProject/target/surefire/surefire_014160149773951581311tmp, jdk.debug=release, surefire.test.class.path=/home/vadim/JAVA/CloneForProjectJD2/MyProject/target/test-classes:/home/vadim/JAVA/CloneForProjectJD2/MyProject/target/classes:/home/vadim/.m2/repository/org/springframework/boot/spring-boot-starter-web/1.5.9.RELEASE/spring-boot-starter-web-1.5.9.RELEASE.jar:/home/vadim/.m2/repository/org/springframework/boot/spring-boot-starter/1.5.9.RELEASE/spring-boot-starter-1.5.9.RELEASE.jar:/home/vadim/.m2/repository/org/springframework/boot/spring-boot/1.5.9.RELEASE/spring-boot-1.5.9.RELEASE.jar:/home/vadim/.m2/repository/org/springframework/boot/spring-boot-autoconfigure/1.5.9.RELEASE/spring-boot-autoconfigure-1.5.9.RELEASE.jar:/home/vadim/.m2/repository/org/springframework/boot/spring-boot-starter-logging/1.5.9.RELEASE/spring-boot-starter-logging-1.5.9.RELEASE.jar:/home/vadim/.m2/repository/ch/qos/logback/logback-classic/1.1.11/logback-classic-1.1.11.jar:/home/vadim/.m2/repository/ch/qos/logback/logback-core/1.1.11/logback-core-1.1.11.jar:/home/vadim/.m2/repository/org/slf4j/jcl-over-slf4j/1.7.25/jcl-over-slf4j-1.7.25.jar:/home/vadim/.m2/repository/org/slf4j/jul-to-slf4j/1.7.25/jul-to-slf4j-1.7.25.jar:/home/vadim/.m2/repository/org/slf4j/log4j-over-slf4j/1.7.25/log4j-over-slf4j-1.7.25.jar:/home/vadim/.m2/repository/org/yaml/snakeyaml/1.17/snakeyaml-1.17.jar:/home/vadim/.m2/repository/org/hibernate/hibernate-validator/5.3.6.Final/hibernate-validator-5.3.6.Final.jar:/home/vadim/.m2/repository/com/fasterxml/jackson/core/jackson-databind/2.8.10/jackson-databind-2.8.10.jar:/home/vadim/.m2/repository/com/fasterxml/jackson/core/jackson-annotations/2.8.0/jackson-annotations-2.8.0.jar:/home/vadim/.m2/repository/org/springframework/spring-web/4.3.13.RELEASE/spring-web-4.3.13.RELEASE.jar:/home/vadim/.m2/repository/org/springframework/spring-aop/4.3.13.RELEASE/spring-aop-4.3.13.RELEASE.jar:/home/vadim/.m2/repository/org/springframework/spring-context/4.3.13.RELEASE/spring-context-4.3.13.RELEASE.jar:/home/vadim/.m2/repository/org/springframework/spring-webmvc/4.3.13.RELEASE/spring-webmvc-4.3.13.RELEASE.jar:/home/vadim/.m2/repository/org/springframework/spring-expression/4.3.13.RELEASE/spring-expression-4.3.13.RELEASE.jar:/home/vadim/.m2/repository/org/springframework/boot/spring-boot-starter-tomcat/1.5.9.RELEASE/spring-boot-starter-tomcat-1.5.9.RELEASE.jar:/home/vadim/.m2/repository/org/apache/tomcat/embed/tomcat-embed-core/8.5.23/tomcat-embed-core-8.5.23.jar:/home/vadim/.m2/repository/org/apache/tomcat/tomcat-annotations-api/8.5.23/tomcat-annotations-api-8.5.23.jar:/home/vadim/.m2/repository/org/apache/tomcat/embed/tomcat-embed-el/8.5.23/tomcat-embed-el-8.5.23.jar:/home/vadim/.m2/repository/org/apache/tomcat/embed/tomcat-embed-websocket/8.5.23/tomcat-embed-websocket-8.5.23.jar:/home/vadim/.m2/repository/io/springfox/springfox-swagger2/2.7.0/springfox-swagger2-2.7.0.jar:/home/vadim/.m2/repository/io/swagger/swagger-annotations/1.5.13/swagger-annotations-1.5.13.jar:/home/vadim/.m2/repository/io/swagger/swagger-models/1.5.13/swagger-models-1.5.13.jar:/home/vadim/.m2/repository/io/springfox/springfox-spi/2.7.0/springfox-spi-2.7.0.jar:/home/vadim/.m2/repository/io/springfox/springfox-core/2.7.0/springfox-core-2.7.0.jar:/home/vadim/.m2/repository/net/bytebuddy/byte-buddy/1.6.14/byte-buddy-1.6.14.jar:/home/vadim/.m2/repository/io/springfox/springfox-schema/2.7.0/springfox-schema-2.7.0.jar:/home/vadim/.m2/repository/io/springfox/springfox-swagger-common/2.7.0/springfox-swagger-common-2.7.0.jar:/home/vadim/.m2/repository/io/springfox/springfox-spring-web/2.7.0/springfox-spring-web-2.7.0.jar:/home/vadim/.m2/repository/org/reflections/reflections/0.9.11/reflections-0.9.11.jar:/home/vadim/.m2/repository/com/google/guava/guava/18.0/guava-18.0.jar:/home/vadim/.m2/repository/com/fasterxml/classmate/1.3.4/classmate-1.3.4.jar:/home/vadim/.m2/repository/org/slf4j/slf4j-api/1.7.25/slf4j-api-1.7.25.jar:/home/vadim/.m2/repository/org/springframework/plugin/spring-plugin-core/1.2.0.RELEASE/spring-plugin-core-1.2.0.RELEASE.jar:/home/vadim/.m2/repository/org/springframework/plugin/spring-plugin-metadata/1.2.0.RELEASE/spring-plugin-metadata-1.2.0.RELEASE.jar:/home/vadim/.m2/repository/org/mapstruct/mapstruct/1.1.0.Final/mapstruct-1.1.0.Final.jar:/home/vadim/.m2/repository/io/springfox/springfox-swagger-ui/2.7.0/springfox-swagger-ui-2.7.0.jar:/home/vadim/.m2/repository/com/github/joschi/jackson/jackson-datatype-threetenbp/2.6.4/jackson-datatype-threetenbp-2.6.4.jar:/home/vadim/.m2/repository/org/threeten/threetenbp/1.3.1/threetenbp-1.3.1.jar:/home/vadim/.m2/repository/com/fasterxml/jackson/core/jackson-core/2.8.10/jackson-core-2.8.10.jar:/home/vadim/.m2/repository/javax/validation/validation-api/1.1.0.Final/validation-api-1.1.0.Final.jar:/home/vadim/.m2/repository/org/springframework/boot/spring-boot-starter-test/1.5.9.RELEASE/spring-boot-starter-test-1.5.9.RELEASE.jar:/home/vadim/.m2/repository/org/springframework/boot/spring-boot-test/1.5.9.RELEASE/spring-boot-test-1.5.9.RELEASE.jar:/home/vadim/.m2/repository/org/springframework/boot/spring-boot-test-autoconfigure/1.5.9.RELEASE/spring-boot-test-autoconfigure-1.5.9.RELEASE.jar:/home/vadim/.m2/repository/com/jayway/jsonpath/json-path/2.2.0/json-path-2.2.0.jar:/home/vadim/.m2/repository/net/minidev/json-smart/2.2.1/json-smart-2.2.1.jar:/home/vadim/.m2/repository/net/minidev/accessors-smart/1.1/accessors-smart-1.1.jar:/home/vadim/.m2/repository/org/ow2/asm/asm/5.0.3/asm-5.0.3.jar:/home/vadim/.m2/repository/junit/junit/4.12/junit-4.12.jar:/home/vadim/.m2/repository/org/assertj/assertj-core/2.6.0/assertj-core-2.6.0.jar:/home/vadim/.m2/repository/org/mockito/mockito-core/1.10.19/mockito-core-1.10.19.jar:/home/vadim/.m2/repository/org/objenesis/objenesis/2.1/objenesis-2.1.jar:/home/vadim/.m2/repository/org/hamcrest/hamcrest-core/1.3/hamcrest-core-1.3.jar:/home/vadim/.m2/repository/org/hamcrest/hamcrest-library/1.3/hamcrest-library-1.3.jar:/home/vadim/.m2/repository/org/skyscreamer/jsonassert/1.4.0/jsonassert-1.4.0.jar:/home/vadim/.m2/repository/com/vaadin/external/google/android-json/0.0.20131108.vaadin1/android-json-0.0.20131108.vaadin1.jar:/home/vadim/.m2/repository/org/springframework/spring-core/4.3.13.RELEASE/spring-core-4.3.13.RELEASE.jar:/home/vadim/.m2/repository/org/springframework/spring-test/4.3.13.RELEASE/spring-test-4.3.13.RELEASE.jar:/home/vadim/.m2/repository/javax/xml/bind/jaxb-api/2.3.1/jaxb-api-2.3.1.jar:/home/vadim/.m2/repository/javax/activation/javax.activation-api/1.2.0/javax.activation-api-1.2.0.jar:/home/vadim/.m2/repository/org/hibernate/hibernate-core/5.0.12.Final/hibernate-core-5.0.12.Final.jar:/home/vadim/.m2/repository/org/jboss/logging/jboss-logging/3.3.1.Final/jboss-logging-3.3.1.Final.jar:/home/vadim/.m2/repository/org/hibernate/javax/persistence/hibernate-jpa-2.1-api/1.0.0.Final/hibernate-jpa-2.1-api-1.0.0.Final.jar:/home/vadim/.m2/repository/org/javassist/javassist/3.21.0-GA/javassist-3.21.0-GA.jar:/home/vadim/.m2/repository/antlr/antlr/2.7.7/antlr-2.7.7.jar:/home/vadim/.m2/repository/org/apache/geronimo/specs/geronimo-jta_1.1_spec/1.1.1/geronimo-jta_1.1_spec-1.1.1.jar:/home/vadim/.m2/repository/org/jboss/jandex/2.0.0.Final/jandex-2.0.0.Final.jar:/home/vadim/.m2/repository/dom4j/dom4j/1.6.1/dom4j-1.6.1.jar:/home/vadim/.m2/repository/org/hibernate/common/hibernate-commons-annotations/5.0.1.Final/hibernate-commons-annotations-5.0.1.Final.jar:/home/vadim/.m2/repository/org/springframework/spring-orm/4.3.13.RELEASE/spring-orm-4.3.13.RELEASE.jar:/home/vadim/.m2/repository/org/springframework/spring-beans/4.3.13.RELEASE/spring-beans-4.3.13.RELEASE.jar:/home/vadim/.m2/repository/org/springframework/spring-jdbc/4.3.13.RELEASE/spring-jdbc-4.3.13.RELEASE.jar:/home/vadim/.m2/repository/org/springframework/spring-tx/4.3.13.RELEASE/spring-tx-4.3.13.RELEASE.jar:/home/vadim/.m2/repository/org/apache/tomcat/tomcat-dbcp/9.0.14/tomcat-dbcp-9.0.14.jar:/home/vadim/.m2/repository/org/apache/tomcat/tomcat-juli/9.0.14/tomcat-juli-9.0.14.jar:/home/vadim/.m2/repository/mysql/mysql-connector-java/8.0.13/mysql-connector-java-8.0.13.jar:/home/vadim/.m2/repository/com/google/protobuf/protobuf-java/3.6.1/protobuf-java-3.6.1.jar:, sun.cpu.endian=little, user.home=/home/vadim, user.language=ru, java.specification.vendor=Oracle Corporation, java.home=/usr/lib/jvm/jdk-9.0.4, file.separator=/, basedir=/home/vadim/JAVA/CloneForProjectJD2/MyProject, java.vm.compressedOopsMode=32-bit, line.separator=
, java.vm.specification.vendor=Oracle Corporation, java.specification.name=Java Platform API Specification, java.awt.graphicsenv=sun.awt.X11GraphicsEnvironment, surefire.real.class.path=/home/vadim/JAVA/CloneForProjectJD2/MyProject/target/surefire/surefirebooter14177991212406882255.jar, sun.management.compiler=HotSpot 64-Bit Tiered Compilers, java.runtime.version=9.0.4+11, user.name=vadim, path.separator=:, os.version=4.15.0-43-generic, java.runtime.name=Java(TM) SE Runtime Environment, file.encoding=UTF-8, java.vm.name=Java HotSpot(TM) 64-Bit Server VM, localRepository=/home/vadim/.m2/repository, java.vendor.url.bug=http://bugreport.java.com/bugreport/, java.io.tmpdir=/tmp, idea.version=2018.2.6, java.version=9.0.4, user.dir=/home/vadim/JAVA/CloneForProjectJD2/MyProject, os.arch=amd64, java.vm.specification.name=Java Virtual Machine Specification, java.awt.printerjob=sun.print.PSPrinterJob, sun.os.patch.level=unknown, java.library.path=/usr/java/packages/lib:/usr/lib64:/lib64:/lib:/usr/lib, java.vm.info=mixed mode, java.vendor=Oracle Corporation, java.vm.version=9.0.4+11, sun.io.unicode.encoding=UnicodeLittle, java.class.version=53.0}}, SystemEnvironmentPropertySource@1175631958 {name='systemEnvironment', properties={PATH=/opt/apache-maven-3.6.0/bin:/usr/local/sbin:/usr/local/bin:/usr/sbin:/usr/bin:/sbin:/bin:/usr/games:/usr/local/games:/snap/bin:/usr/lib/jvm/java-8-oracle/bin:/usr/lib/jvm/java-8-oracle/db/bin:/usr/lib/jvm/java-8-oracle/jre/bin, XAUTHORITY=/run/user/1000/gdm/Xauthority, XMODIFIERS=@im=ibus, XDG_DATA_DIRS=/usr/share/ubuntu:/usr/local/share:/usr/share:/var/lib/snapd/desktop, GDMSESSION=ubuntu, MANDATORY_PATH=/usr/share/gconf/ubuntu.mandatory.path, TEXTDOMAINDIR=/usr/share/locale/, GTK_IM_MODULE=ibus, DBUS_SESSION_BUS_ADDRESS=unix:path=/run/user/1000/bus, DEFAULTS_PATH=/usr/share/gconf/ubuntu.default.path, XDG_CURRENT_DESKTOP=ubuntu:GNOME, MAVEN_HOME=/opt/apache-maven-3.6.0, SSH_AGENT_PID=1373, QT4_IM_MODULE=xim, SESSION_MANAGER=local/vadim-S550CB:@/tmp/.ICE-unix/1269,unix/vadim-S550CB:/tmp/.ICE-unix/1269, USERNAME=vadim, LOGNAME=vadim, PWD=/home/vadim/JAVA/CloneForProjectJD2/MyProject, DERBY_HOME=/usr/lib/jvm/java-8-oracle/db, IM_CONFIG_PHASE=2, S_COLORS=auto, GJS_DEBUG_TOPICS=JS ERROR;JS LOG, SHELL=/bin/bash, GIO_LAUNCHED_DESKTOP_FILE=/home/vadim/.local/share/applications/jetbrains-idea.desktop, J2SDKDIR=/usr/lib/jvm/java-8-oracle, OLDPWD=/home/vadim/JAVA/CloneForProjectJD2/MyProject, GNOME_DESKTOP_SESSION_ID=this-is-deprecated, GTK_MODULES=gail:atk-bridge, J2REDIR=/usr/lib/jvm/java-8-oracle/jre, CLUTTER_IM_MODULE=xim, TEXTDOMAIN=im-config, M2_HOME=/opt/apache-maven-3.6.0, XDG_SESSION_DESKTOP=ubuntu, SHLVL=0, QT_IM_MODULE=xim, JAVA_HOME=/usr/lib/jvm/java-8-oracle, XDG_CONFIG_DIRS=/etc/xdg/xdg-ubuntu:/etc/xdg, LANG=ru_RU.UTF-8, XDG_SESSION_ID=1, XDG_SESSION_TYPE=x11, DISPLAY=:0, GPG_AGENT_INFO=/run/user/1000/gnupg/S.gpg-agent:0:1, DESKTOP_SESSION=ubuntu, USER=vadim, XDG_MENU_PREFIX=gnome-, GIO_LAUNCHED_DESKTOP_FILE_PID=4206, QT_ACCESSIBILITY=1, WINDOWPATH=1, GJS_DEBUG_OUTPUT=stderr, SSH_AUTH_SOCK=/run/user/1000/keyring/ssh, XDG_SEAT=seat0, GNOME_SHELL_SESSION_MODE=ubuntu, XDG_VTNR=1, XDG_RUNTIME_DIR=/run/user/1000, HOME=/home/vadim}}]
20:19:24.375 [main] INFO org.springframework.beans.factory.xml.XmlBeanDefinitionReader - Loading XML bean definitions from class path resource [hibernate5configuration-test.xml]
20:19:24.439 [main] DEBUG org.springframework.beans.factory.xml.DefaultDocumentLoader - Using JAXP provider [com.sun.org.apache.xerces.internal.jaxp.DocumentBuilderFactoryImpl]
20:19:24.471 [main] DEBUG org.springframework.beans.factory.xml.PluggableSchemaResolver - Loading schema mappings from [META-INF/spring.schemas]
20:19:24.479 [main] DEBUG org.springframework.beans.factory.xml.PluggableSchemaResolver - Loaded schema mappings: {http://www.springframework.org/schema/context/spring-context-3.2.xsd=org/springframework/context/config/spring-context-3.2.xsd, http://www.springframework.org/schema/cache/spring-cache-4.3.xsd=org/springframework/cache/config/spring-cache-4.3.xsd, http://www.springframework.org/schema/beans/spring-beans-4.0.xsd=org/springframework/beans/factory/xml/spring-beans-4.0.xsd, http://www.springframework.org/schema/context/spring-context-2.5.xsd=org/springframework/context/config/spring-context-2.5.xsd, http://www.springframework.org/schema/tx/spring-tx-2.5.xsd=org/springframework/transaction/config/spring-tx-2.5.xsd, http://www.springframework.org/schema/tx/spring-tx-3.2.xsd=org/springframework/transaction/config/spring-tx-3.2.xsd, http://www.springframework.org/schema/tool/spring-tool-4.3.xsd=org/springframework/beans/factory/xml/spring-tool-4.3.xsd, http://www.springframework.org/schema/tool/spring-tool-2.0.xsd=org/springframework/beans/factory/xml/spring-tool-2.0.xsd, http://www.springframework.org/schema/util/spring-util-4.2.xsd=org/springframework/beans/factory/xml/spring-util-4.2.xsd, http://www.springframework.org/schema/tx/spring-tx-3.0.xsd=org/springframework/transaction/config/spring-tx-3.0.xsd, http://www.springframework.org/schema/beans/spring-beans-4.2.xsd=org/springframework/beans/factory/xml/spring-beans-4.2.xsd, http://www.springframework.org/schema/cache/spring-cache-4.1.xsd=org/springframework/cache/config/spring-cache-4.1.xsd, http://www.springframework.org/schema/mvc/spring-mvc-4.3.xsd=org/springframework/web/servlet/config/spring-mvc-4.3.xsd, http://www.springframework.org/schema/lang/spring-lang-3.0.xsd=org/springframework/scripting/config/spring-lang-3.0.xsd, http://www.springframework.org/schema/plugin/spring-plugin.xsd=org/springframework/plugin/core/config/spring-plugin.xsd, http://www.springframework.org/schema/tool/spring-tool-4.1.xsd=org/springframework/beans/factory/xml/spring-tool-4.1.xsd, http://www.springframework.org/schema/task/spring-task-4.3.xsd=org/springframework/scheduling/config/spring-task-4.3.xsd, http://www.springframework.org/schema/util/spring-util-4.0.xsd=org/springframework/beans/factory/xml/spring-util-4.0.xsd, http://www.springframework.org/schema/jdbc/spring-jdbc-4.2.xsd=org/springframework/jdbc/config/spring-jdbc-4.2.xsd, http://www.springframework.org/schema/jdbc/spring-jdbc.xsd=org/springframework/jdbc/config/spring-jdbc-4.3.xsd, http://www.springframework.org/schema/lang/spring-lang.xsd=org/springframework/scripting/config/spring-lang-4.3.xsd, http://www.springframework.org/schema/aop/spring-aop-4.2.xsd=org/springframework/aop/config/spring-aop-4.2.xsd, http://www.springframework.org/schema/context/spring-context-4.1.xsd=org/springframework/context/config/spring-context-4.1.xsd, http://www.springframework.org/schema/jee/spring-jee-4.2.xsd=org/springframework/ejb/config/spring-jee-4.2.xsd, http://www.springframework.org/schema/tool/spring-tool-3.1.xsd=org/springframework/beans/factory/xml/spring-tool-3.1.xsd, http://www.springframework.org/schema/jee/spring-jee-4.1.xsd=org/springframework/ejb/config/spring-jee-4.1.xsd, http://www.springframework.org/schema/jdbc/spring-jdbc-3.1.xsd=org/springframework/jdbc/config/spring-jdbc-3.1.xsd, http://www.springframework.org/schema/aop/spring-aop-4.1.xsd=org/springframework/aop/config/spring-aop-4.1.xsd, http://www.springframework.org/schema/util/spring-util.xsd=org/springframework/beans/factory/xml/spring-util-4.3.xsd, http://www.springframework.org/schema/mvc/spring-mvc-3.2.xsd=org/springframework/web/servlet/config/spring-mvc-3.2.xsd, http://www.springframework.org/schema/lang/spring-lang-4.1.xsd=org/springframework/scripting/config/spring-lang-4.1.xsd, http://www.springframework.org/schema/context/spring-context-4.3.xsd=org/springframework/context/config/spring-context-4.3.xsd, http://www.springframework.org/schema/lang/spring-lang-2.5.xsd=org/springframework/scripting/config/spring-lang-2.5.xsd, http://www.springframework.org/schema/jee/spring-jee.xsd=org/springframework/ejb/config/spring-jee-4.3.xsd, http://www.springframework.org/schema/util/spring-util-3.1.xsd=org/springframework/beans/factory/xml/spring-util-3.1.xsd, http://www.springframework.org/schema/mvc/spring-mvc-4.0.xsd=org/springframework/web/servlet/config/spring-mvc-4.0.xsd, http://www.springframework.org/schema/jee/spring-jee-2.5.xsd=org/springframework/ejb/config/spring-jee-2.5.xsd, http://www.springframework.org/schema/aop/spring-aop-2.5.xsd=org/springframework/aop/config/spring-aop-2.5.xsd, http://www.springframework.org/schema/task/spring-task-4.0.xsd=org/springframework/scheduling/config/spring-task-4.0.xsd, http://www.springframework.org/schema/cache/spring-cache-3.1.xsd=org/springframework/cache/config/spring-cache-3.1.xsd, http://www.springframework.org/schema/tool/spring-tool-2.5.xsd=org/springframework/beans/factory/xml/spring-tool-2.5.xsd, http://www.springframework.org/schema/task/spring-task-3.2.xsd=org/springframework/scheduling/config/spring-task-3.2.xsd, http://www.springframework.org/schema/tx/spring-tx-4.2.xsd=org/springframework/transaction/config/spring-tx-4.2.xsd, http://www.springframework.org/schema/aop/spring-aop-3.1.xsd=org/springframework/aop/config/spring-aop-3.1.xsd, http://www.springframework.org/schema/jee/spring-jee-3.1.xsd=org/springframework/ejb/config/spring-jee-3.1.xsd, http://www.springframework.org/schema/lang/spring-lang-4.3.xsd=org/springframework/scripting/config/spring-lang-4.3.xsd, http://www.springframework.org/schema/mvc/spring-mvc-3.0.xsd=org/springframework/web/servlet/config/spring-mvc-3.0.xsd, http://www.springframework.org/schema/beans/spring-beans-3.1.xsd=org/springframework/beans/factory/xml/spring-beans-3.1.xsd, http://www.springframework.org/schema/tx/spring-tx.xsd=org/springframework/transaction/config/spring-tx-4.3.xsd, http://www.springframework.org/schema/lang/spring-lang-2.0.xsd=org/springframework/scripting/config/spring-lang-2.0.xsd, http://www.springframework.org/schema/task/spring-task-3.0.xsd=org/springframework/scheduling/config/spring-task-3.0.xsd, http://www.springframework.org/schema/context/spring-context-3.0.xsd=org/springframework/context/config/spring-context-3.0.xsd, http://www.springframework.org/schema/cache/spring-cache.xsd=org/springframework/cache/config/spring-cache-4.3.xsd, http://www.springframework.org/schema/tx/spring-tx-4.0.xsd=org/springframework/transaction/config/spring-tx-4.0.xsd, http://www.springframework.org/schema/context/spring-context-4.0.xsd=org/springframework/context/config/spring-context-4.0.xsd, http://www.springframework.org/schema/util/spring-util-4.3.xsd=org/springframework/beans/factory/xml/spring-util-4.3.xsd, http://www.springframework.org/schema/jee/spring-jee-2.0.xsd=org/springframework/ejb/config/spring-jee-2.0.xsd, http://www.springframework.org/schema/aop/spring-aop-2.0.xsd=org/springframework/aop/config/spring-aop-2.0.xsd, http://www.springframework.org/schema/jdbc/spring-jdbc-4.3.xsd=org/springframework/jdbc/config/spring-jdbc-4.3.xsd, http://www.springframework.org/schema/util/spring-util-2.0.xsd=org/springframework/beans/factory/xml/spring-util-2.0.xsd, http://www.springframework.org/schema/cache/spring-cache-4.2.xsd=org/springframework/cache/config/spring-cache-4.2.xsd, http://www.springframework.org/schema/context/spring-context-3.1.xsd=org/springframework/context/config/spring-context-3.1.xsd, http://www.springframework.org/schema/tx/spring-tx-3.1.xsd=org/springframework/transaction/config/spring-tx-3.1.xsd, http://www.springframework.org/schema/tool/spring-tool.xsd=org/springframework/beans/factory/xml/spring-tool-4.3.xsd, http://www.springframework.org/schema/beans/spring-beans-3.2.xsd=org/springframework/beans/factory/xml/spring-beans-3.2.xsd, http://www.springframework.org/schema/beans/spring-beans-2.5.xsd=org/springframework/beans/factory/xml/spring-beans-2.5.xsd, http://www.springframework.org/schema/beans/spring-beans.xsd=org/springframework/beans/factory/xml/spring-beans-4.3.xsd, http://www.springframework.org/schema/tool/spring-tool-4.0.xsd=org/springframework/beans/factory/xml/spring-tool-4.0.xsd, http://www.springframework.org/schema/util/spring-util-4.1.xsd=org/springframework/beans/factory/xml/spring-util-4.1.xsd, http://www.springframework.org/schema/jdbc/spring-jdbc-4.1.xsd=org/springframework/jdbc/config/spring-jdbc-4.1.xsd, http://www.springframework.org/schema/context/spring-context-4.2.xsd=org/springframework/context/config/spring-context-4.2.xsd, http://www.springframework.org/schema/jee/spring-jee-4.3.xsd=org/springframework/ejb/config/spring-jee-4.3.xsd, http://www.springframework.org/schema/aop/spring-aop-4.3.xsd=org/springframework/aop/config/spring-aop-4.3.xsd, http://www.springframework.org/schema/beans/spring-beans-4.3.xsd=org/springframework/beans/factory/xml/spring-beans-4.3.xsd, http://www.springframework.org/schema/beans/spring-beans-4.1.xsd=org/springframework/beans/factory/xml/spring-beans-4.1.xsd, http://www.springframework.org/schema/mvc/spring-mvc-4.2.xsd=org/springframework/web/servlet/config/spring-mvc-4.2.xsd, http://www.springframework.org/schema/cache/spring-cache-4.0.xsd=org/springframework/cache/config/spring-cache-4.0.xsd, http://www.springframework.org/schema/tool/spring-tool-4.2.xsd=org/springframework/beans/factory/xml/spring-tool-4.2.xsd, http://www.springframework.org/schema/util/spring-util-2.5.xsd=org/springframework/beans/factory/xml/spring-util-2.5.xsd, http://www.springframework.org/schema/lang/spring-lang-3.1.xsd=org/springframework/scripting/config/spring-lang-3.1.xsd, http://www.springframework.org/schema/task/spring-task.xsd=org/springframework/scheduling/config/spring-task-4.3.xsd, http://www.springframework.org/schema/task/spring-task-4.2.xsd=org/springframework/scheduling/config/spring-task-4.2.xsd, http://www.springframework.org/schema/aop/spring-aop.xsd=org/springframework/aop/config/spring-aop-4.3.xsd, http://www.springframework.org/schema/lang/spring-lang-4.0.xsd=org/springframework/scripting/config/spring-lang-4.0.xsd, http://www.springframework.org/schema/beans/spring-beans-2.0.xsd=org/springframework/beans/factory/xml/spring-beans-2.0.xsd, http://www.springframework.org/schema/task/spring-task-4.1.xsd=org/springframework/scheduling/config/spring-task-4.1.xsd, http://www.springframework.org/schema/mvc/spring-mvc-4.1.xsd=org/springframework/web/servlet/config/spring-mvc-4.1.xsd, http://www.springframework.org/schema/util/spring-util-3.2.xsd=org/springframework/beans/factory/xml/spring-util-3.2.xsd, http://www.springframework.org/schema/lang/spring-lang-3.2.xsd=org/springframework/scripting/config/spring-lang-3.2.xsd, http://www.springframework.org/schema/cache/spring-cache-3.2.xsd=org/springframework/cache/config/spring-cache-3.2.xsd, http://www.springframework.org/schema/tx/spring-tx-2.0.xsd=org/springframework/transaction/config/spring-tx-2.0.xsd, http://www.springframework.org/schema/tx/spring-tx-4.3.xsd=org/springframework/transaction/config/spring-tx-4.3.xsd, http://www.springframework.org/schema/jee/spring-jee-3.2.xsd=org/springframework/ejb/config/spring-jee-3.2.xsd, http://www.springframework.org/schema/util/spring-util-3.0.xsd=org/springframework/beans/factory/xml/spring-util-3.0.xsd, http://www.springframework.org/schema/aop/spring-aop-3.2.xsd=org/springframework/aop/config/spring-aop-3.2.xsd, http://www.springframework.org/schema/mvc/spring-mvc.xsd=org/springframework/web/servlet/config/spring-mvc-4.3.xsd, http://www.springframework.org/schema/tool/spring-tool-3.2.xsd=org/springframework/beans/factory/xml/spring-tool-3.2.xsd, http://www.springframework.org/schema/jdbc/spring-jdbc-4.0.xsd=org/springframework/jdbc/config/spring-jdbc-4.0.xsd, http://www.springframework.org/schema/jdbc/spring-jdbc-3.2.xsd=org/springframework/jdbc/config/spring-jdbc-3.2.xsd, http://www.springframework.org/schema/context/spring-context.xsd=org/springframework/context/config/spring-context-4.3.xsd, http://www.springframework.org/schema/aop/spring-aop-4.0.xsd=org/springframework/aop/config/spring-aop-4.0.xsd, http://www.springframework.org/schema/jee/spring-jee-4.0.xsd=org/springframework/ejb/config/spring-jee-4.0.xsd, http://www.springframework.org/schema/beans/spring-beans-3.0.xsd=org/springframework/beans/factory/xml/spring-beans-3.0.xsd, http://www.springframework.org/schema/mvc/spring-mvc-3.1.xsd=org/springframework/web/servlet/config/spring-mvc-3.1.xsd, http://www.springframework.org/schema/jee/spring-jee-3.0.xsd=org/springframework/ejb/config/spring-jee-3.0.xsd, http://www.springframework.org/schema/aop/spring-aop-3.0.xsd=org/springframework/aop/config/spring-aop-3.0.xsd, http://www.springframework.org/schema/jdbc/spring-jdbc-3.0.xsd=org/springframework/jdbc/config/spring-jdbc-3.0.xsd, http://www.springframework.org/schema/task/spring-task-3.1.xsd=org/springframework/scheduling/config/spring-task-3.1.xsd, http://www.springframework.org/schema/tx/spring-tx-4.1.xsd=org/springframework/transaction/config/spring-tx-4.1.xsd, http://www.springframework.org/schema/lang/spring-lang-4.2.xsd=org/springframework/scripting/config/spring-lang-4.2.xsd, http://www.springframework.org/schema/tool/spring-tool-3.0.xsd=org/springframework/beans/factory/xml/spring-tool-3.0.xsd}
20:19:24.481 [main] DEBUG org.springframework.beans.factory.xml.PluggableSchemaResolver - Found XML schema [http://www.springframework.org/schema/beans/spring-beans.xsd] in classpath: org/springframework/beans/factory/xml/spring-beans-4.3.xsd
20:19:24.552 [main] DEBUG org.springframework.beans.factory.xml.DefaultBeanDefinitionDocumentReader - Loading bean definitions
20:19:24.563 [main] DEBUG org.springframework.beans.factory.xml.XmlBeanDefinitionReader - Loaded 3 bean definitions from location pattern [classpath:hibernate5configuration-test.xml]
20:19:24.715 [main] DEBUG org.springframework.context.annotation.ConfigurationClassEnhancer - Successfully enhanced configuration.HibernateXMLConfTest; enhanced class name is: configuration.HibernateXMLConfTest$$EnhancerBySpringCGLIB$$25da7653
20:19:24.715 [main] DEBUG org.springframework.context.annotation.ConfigurationClassPostProcessor - Replacing bean definition 'hibernateXMLConfTest' existing class 'configuration.HibernateXMLConfTest' with enhanced class 'configuration.HibernateXMLConfTest$$EnhancerBySpringCGLIB$$25da7653'
20:19:24.729 [main] DEBUG org.springframework.context.annotation.ConfigurationClassEnhancer - Successfully enhanced org.springframework.transaction.annotation.ProxyTransactionManagementConfiguration; enhanced class name is: org.springframework.transaction.annotation.ProxyTransactionManagementConfiguration$$EnhancerBySpringCGLIB$$213be61b
20:19:24.729 [main] DEBUG org.springframework.context.annotation.ConfigurationClassPostProcessor - Replacing bean definition 'org.springframework.transaction.annotation.ProxyTransactionManagementConfiguration' existing class 'org.springframework.transaction.annotation.ProxyTransactionManagementConfiguration' with enhanced class 'org.springframework.transaction.annotation.ProxyTransactionManagementConfiguration$$EnhancerBySpringCGLIB$$213be61b'
20:19:24.730 [main] DEBUG org.springframework.beans.factory.support.DefaultListableBeanFactory - Creating shared instance of singleton bean 'org.springframework.boot.test.mock.mockito.MockitoPostProcessor'
20:19:24.731 [main] DEBUG org.springframework.beans.factory.support.DefaultListableBeanFactory - Creating instance of bean 'org.springframework.boot.test.mock.mockito.MockitoPostProcessor'
20:19:24.763 [main] DEBUG org.springframework.beans.factory.support.DefaultListableBeanFactory - Eagerly caching bean 'org.springframework.boot.test.mock.mockito.MockitoPostProcessor' to allow for resolving potential circular references
20:19:24.814 [main] DEBUG org.springframework.beans.factory.support.DefaultListableBeanFactory - Finished creating instance of bean 'org.springframework.boot.test.mock.mockito.MockitoPostProcessor'
20:19:25.179 [main] DEBUG org.springframework.beans.factory.support.DefaultListableBeanFactory - Creating shared instance of singleton bean 'org.springframework.context.annotation.internalAutowiredAnnotationProcessor'
20:19:25.179 [main] DEBUG org.springframework.beans.factory.support.DefaultListableBeanFactory - Creating instance of bean 'org.springframework.context.annotation.internalAutowiredAnnotationProcessor'
20:19:25.180 [main] DEBUG org.springframework.beans.factory.support.DefaultListableBeanFactory - Eagerly caching bean 'org.springframework.context.annotation.internalAutowiredAnnotationProcessor' to allow for resolving potential circular references
20:19:25.189 [main] DEBUG org.springframework.beans.factory.support.DefaultListableBeanFactory - Finished creating instance of bean 'org.springframework.context.annotation.internalAutowiredAnnotationProcessor'
20:19:25.189 [main] DEBUG org.springframework.beans.factory.support.DefaultListableBeanFactory - Creating shared instance of singleton bean 'org.springframework.context.annotation.internalRequiredAnnotationProcessor'
20:19:25.189 [main] DEBUG org.springframework.beans.factory.support.DefaultListableBeanFactory - Creating instance of bean 'org.springframework.context.annotation.internalRequiredAnnotationProcessor'
20:19:25.190 [main] DEBUG org.springframework.beans.factory.support.DefaultListableBeanFactory - Eagerly caching bean 'org.springframework.context.annotation.internalRequiredAnnotationProcessor' to allow for resolving potential circular references
20:19:25.196 [main] DEBUG org.springframework.beans.factory.support.DefaultListableBeanFactory - Finished creating instance of bean 'org.springframework.context.annotation.internalRequiredAnnotationProcessor'
20:19:25.196 [main] DEBUG org.springframework.beans.factory.support.DefaultListableBeanFactory - Creating shared instance of singleton bean 'org.springframework.context.annotation.internalCommonAnnotationProcessor'
20:19:25.196 [main] DEBUG org.springframework.beans.factory.support.DefaultListableBeanFactory - Creating instance of bean 'org.springframework.context.annotation.internalCommonAnnotationProcessor'
20:19:25.200 [main] DEBUG org.springframework.beans.factory.support.DefaultListableBeanFactory - Eagerly caching bean 'org.springframework.context.annotation.internalCommonAnnotationProcessor' to allow for resolving potential circular references
20:19:25.212 [main] DEBUG org.springframework.beans.factory.support.DefaultListableBeanFactory - Finished creating instance of bean 'org.springframework.context.annotation.internalCommonAnnotationProcessor'
20:19:25.212 [main] DEBUG org.springframework.beans.factory.support.DefaultListableBeanFactory - Creating shared instance of singleton bean 'org.springframework.context.annotation.internalPersistenceAnnotationProcessor'
20:19:25.213 [main] DEBUG org.springframework.beans.factory.support.DefaultListableBeanFactory - Creating instance of bean 'org.springframework.context.annotation.internalPersistenceAnnotationProcessor'
20:19:25.214 [main] DEBUG org.springframework.beans.factory.support.DefaultListableBeanFactory - Eagerly caching bean 'org.springframework.context.annotation.internalPersistenceAnnotationProcessor' to allow for resolving potential circular references
20:19:25.228 [main] DEBUG org.springframework.beans.factory.support.DefaultListableBeanFactory - Finished creating instance of bean 'org.springframework.context.annotation.internalPersistenceAnnotationProcessor'
20:19:25.228 [main] DEBUG org.springframework.beans.factory.support.DefaultListableBeanFactory - Creating shared instance of singleton bean 'org.springframework.boot.test.mock.mockito.MockitoPostProcessor$SpyPostProcessor'
20:19:25.228 [main] DEBUG org.springframework.beans.factory.support.DefaultListableBeanFactory - Creating instance of bean 'org.springframework.boot.test.mock.mockito.MockitoPostProcessor$SpyPostProcessor'
20:19:25.229 [main] DEBUG org.springframework.beans.factory.support.DefaultListableBeanFactory - Returning cached instance of singleton bean 'org.springframework.boot.test.mock.mockito.MockitoPostProcessor'
20:19:25.230 [main] DEBUG org.springframework.beans.factory.support.DefaultListableBeanFactory - Eagerly caching bean 'org.springframework.boot.test.mock.mockito.MockitoPostProcessor$SpyPostProcessor' to allow for resolving potential circular references
20:19:25.245 [main] DEBUG org.springframework.beans.factory.support.DefaultListableBeanFactory - Finished creating instance of bean 'org.springframework.boot.test.mock.mockito.MockitoPostProcessor$SpyPostProcessor'
20:19:25.246 [main] DEBUG org.springframework.beans.factory.support.DefaultListableBeanFactory - Returning cached instance of singleton bean 'org.springframework.boot.test.mock.mockito.MockitoPostProcessor'
20:19:25.246 [main] DEBUG org.springframework.beans.factory.support.DefaultListableBeanFactory - Creating shared instance of singleton bean 'org.springframework.aop.config.internalAutoProxyCreator'
20:19:25.246 [main] DEBUG org.springframework.beans.factory.support.DefaultListableBeanFactory - Creating instance of bean 'org.springframework.aop.config.internalAutoProxyCreator'
20:19:25.260 [main] DEBUG org.springframework.beans.factory.support.DefaultListableBeanFactory - Eagerly caching bean 'org.springframework.aop.config.internalAutoProxyCreator' to allow for resolving potential circular references
20:19:25.282 [main] DEBUG org.springframework.beans.factory.support.DefaultListableBeanFactory - Finished creating instance of bean 'org.springframework.aop.config.internalAutoProxyCreator'
20:19:25.282 [main] DEBUG org.springframework.beans.factory.support.DefaultListableBeanFactory - Returning cached instance of singleton bean 'org.springframework.boot.test.autoconfigure.properties.PropertyMappingContextCustomizer$PropertyMappingCheckBeanPostProcessor'
20:19:25.285 [main] DEBUG org.springframework.context.support.GenericApplicationContext - Unable to locate MessageSource with name 'messageSource': using default [org.springframework.context.support.DelegatingMessageSource@6034e75d]
20:19:25.287 [main] DEBUG org.springframework.context.support.GenericApplicationContext - Unable to locate ApplicationEventMulticaster with name 'applicationEventMulticaster': using default [org.springframework.context.event.SimpleApplicationEventMulticaster@46b695ec]
20:19:25.290 [main] DEBUG org.springframework.beans.factory.support.DefaultListableBeanFactory - Pre-instantiating singletons in org.springframework.beans.factory.support.DefaultListableBeanFactory@589da3f3: defining beans [org.springframework.context.annotation.internalConfigurationAnnotationProcessor,org.springframework.context.annotation.internalAutowiredAnnotationProcessor,org.springframework.context.annotation.internalRequiredAnnotationProcessor,org.springframework.context.annotation.internalCommonAnnotationProcessor,org.springframework.context.annotation.internalPersistenceAnnotationProcessor,org.springframework.context.event.internalEventListenerProcessor,org.springframework.context.event.internalEventListenerFactory,hibernateXMLConfTest,org.springframework.boot.test.mock.mockito.MockitoPostProcessor$SpyPostProcessor,org.springframework.boot.test.mock.mockito.MockitoPostProcessor,accountRefTypeDaoImpl,channelRefTypeDaoImpl,moneyTypeDaoImpl,paymentItemTypeDaoImpl,paymentMethodTypeDaoImpl,paymentTypeDaoImpl,relatedPartyRefTypeDaoImpl,org.springframework.transaction.annotation.ProxyTransactionManagementConfiguration,org.springframework.transaction.config.internalTransactionAdvisor,transactionAttributeSource,transactionInterceptor,org.springframework.transaction.config.internalTransactionalEventListenerFactory,sessionFactory,dataSource,txManager,org.springframework.aop.config.internalAutoProxyCreator,com.fasterxml.jackson.databind.ObjectMapper#0,javax.servlet.http.HttpServletRequest#0]; root of factory hierarchy
20:19:25.290 [main] DEBUG org.springframework.beans.factory.support.DefaultListableBeanFactory - Returning cached instance of singleton bean 'org.springframework.context.annotation.internalConfigurationAnnotationProcessor'
20:19:25.291 [main] DEBUG org.springframework.beans.factory.support.DefaultListableBeanFactory - Returning cached instance of singleton bean 'org.springframework.context.annotation.internalAutowiredAnnotationProcessor'
20:19:25.291 [main] DEBUG org.springframework.beans.factory.support.DefaultListableBeanFactory - Returning cached instance of singleton bean 'org.springframework.context.annotation.internalRequiredAnnotationProcessor'
20:19:25.291 [main] DEBUG org.springframework.beans.factory.support.DefaultListableBeanFactory - Returning cached instance of singleton bean 'org.springframework.context.annotation.internalCommonAnnotationProcessor'
20:19:25.291 [main] DEBUG org.springframework.beans.factory.support.DefaultListableBeanFactory - Returning cached instance of singleton bean 'org.springframework.context.annotation.internalPersistenceAnnotationProcessor'
20:19:25.291 [main] DEBUG org.springframework.beans.factory.support.DefaultListableBeanFactory - Creating shared instance of singleton bean 'org.springframework.context.event.internalEventListenerProcessor'
20:19:25.291 [main] DEBUG org.springframework.beans.factory.support.DefaultListableBeanFactory - Creating instance of bean 'org.springframework.context.event.internalEventListenerProcessor'
20:19:25.294 [main] DEBUG org.springframework.beans.factory.support.DefaultListableBeanFactory - Eagerly caching bean 'org.springframework.context.event.internalEventListenerProcessor' to allow for resolving potential circular references
20:19:25.299 [main] DEBUG org.springframework.beans.factory.support.DefaultListableBeanFactory - Creating shared instance of singleton bean 'org.springframework.transaction.config.internalTransactionAdvisor'
20:19:25.300 [main] DEBUG org.springframework.beans.factory.support.DefaultListableBeanFactory - Creating instance of bean 'org.springframework.transaction.config.internalTransactionAdvisor'
20:19:25.300 [main] DEBUG org.springframework.beans.factory.support.DefaultListableBeanFactory - Creating shared instance of singleton bean 'org.springframework.transaction.annotation.ProxyTransactionManagementConfiguration'
20:19:25.300 [main] DEBUG org.springframework.beans.factory.support.DefaultListableBeanFactory - Creating instance of bean 'org.springframework.transaction.annotation.ProxyTransactionManagementConfiguration'
20:19:25.311 [main] DEBUG org.springframework.beans.factory.annotation.InjectionMetadata - Registered injected element on class [org.springframework.transaction.annotation.ProxyTransactionManagementConfiguration$$EnhancerBySpringCGLIB$$213be61b]: AutowiredMethodElement for void org.springframework.transaction.annotation.AbstractTransactionManagementConfiguration.setConfigurers(java.util.Collection)
20:19:25.311 [main] DEBUG org.springframework.beans.factory.support.DefaultListableBeanFactory - Eagerly caching bean 'org.springframework.transaction.annotation.ProxyTransactionManagementConfiguration' to allow for resolving potential circular references
20:19:25.312 [main] DEBUG org.springframework.beans.factory.annotation.InjectionMetadata - Processing injected element of bean 'org.springframework.transaction.annotation.ProxyTransactionManagementConfiguration': AutowiredMethodElement for void org.springframework.transaction.annotation.AbstractTransactionManagementConfiguration.setConfigurers(java.util.Collection)
20:19:25.320 [main] DEBUG org.springframework.beans.factory.support.DefaultListableBeanFactory - Returning cached instance of singleton bean 'org.springframework.context.annotation.ConfigurationClassPostProcessor.importRegistry'
20:19:25.321 [main] DEBUG org.springframework.aop.framework.autoproxy.BeanFactoryAdvisorRetrievalHelper - Skipping currently created advisor 'org.springframework.transaction.config.internalTransactionAdvisor'
20:19:25.322 [main] DEBUG org.springframework.beans.factory.support.DefaultListableBeanFactory - Finished creating instance of bean 'org.springframework.transaction.annotation.ProxyTransactionManagementConfiguration'
20:19:25.349 [main] DEBUG org.springframework.beans.factory.support.DefaultListableBeanFactory - Creating shared instance of singleton bean 'transactionAttributeSource'
20:19:25.349 [main] DEBUG org.springframework.beans.factory.support.DefaultListableBeanFactory - Creating instance of bean 'transactionAttributeSource'
20:19:25.349 [main] DEBUG org.springframework.beans.factory.support.DefaultListableBeanFactory - Returning cached instance of singleton bean 'org.springframework.transaction.annotation.ProxyTransactionManagementConfiguration'
20:19:25.351 [main] DEBUG org.springframework.beans.factory.support.DefaultListableBeanFactory - Eagerly caching bean 'transactionAttributeSource' to allow for resolving potential circular references
20:19:25.355 [main] DEBUG org.springframework.aop.framework.autoproxy.BeanFactoryAdvisorRetrievalHelper - Skipping currently created advisor 'org.springframework.transaction.config.internalTransactionAdvisor'
20:19:25.356 [main] DEBUG org.springframework.beans.factory.support.DefaultListableBeanFactory - Finished creating instance of bean 'transactionAttributeSource'
20:19:25.357 [main] DEBUG org.springframework.beans.factory.support.DefaultListableBeanFactory - Creating shared instance of singleton bean 'transactionInterceptor'
20:19:25.357 [main] DEBUG org.springframework.beans.factory.support.DefaultListableBeanFactory - Creating instance of bean 'transactionInterceptor'
20:19:25.358 [main] DEBUG org.springframework.beans.factory.support.DefaultListableBeanFactory - Returning cached instance of singleton bean 'org.springframework.transaction.annotation.ProxyTransactionManagementConfiguration'
20:19:25.361 [main] DEBUG org.springframework.beans.factory.support.DefaultListableBeanFactory - Returning cached instance of singleton bean 'transactionAttributeSource'
20:19:25.364 [main] DEBUG org.springframework.beans.factory.support.DefaultListableBeanFactory - Eagerly caching bean 'transactionInterceptor' to allow for resolving potential circular references
20:19:25.372 [main] DEBUG org.springframework.beans.factory.support.DefaultListableBeanFactory - Invoking afterPropertiesSet() on bean with name 'transactionInterceptor'
20:19:25.372 [main] DEBUG org.springframework.beans.factory.support.DefaultListableBeanFactory - Finished creating instance of bean 'transactionInterceptor'
20:19:25.373 [main] DEBUG org.springframework.beans.factory.support.DefaultListableBeanFactory - Eagerly caching bean 'org.springframework.transaction.config.internalTransactionAdvisor' to allow for resolving potential circular references
20:19:25.381 [main] DEBUG org.springframework.beans.factory.support.DefaultListableBeanFactory - Finished creating instance of bean 'org.springframework.transaction.config.internalTransactionAdvisor'
20:19:25.387 [main] DEBUG org.springframework.beans.factory.support.DefaultListableBeanFactory - Finished creating instance of bean 'org.springframework.context.event.internalEventListenerProcessor'
20:19:25.387 [main] DEBUG org.springframework.beans.factory.support.DefaultListableBeanFactory - Creating shared instance of singleton bean 'org.springframework.context.event.internalEventListenerFactory'
20:19:25.387 [main] DEBUG org.springframework.beans.factory.support.DefaultListableBeanFactory - Creating instance of bean 'org.springframework.context.event.internalEventListenerFactory'
20:19:25.388 [main] DEBUG org.springframework.beans.factory.support.DefaultListableBeanFactory - Eagerly caching bean 'org.springframework.context.event.internalEventListenerFactory' to allow for resolving potential circular references
20:19:25.391 [main] DEBUG org.springframework.beans.factory.support.DefaultListableBeanFactory - Returning cached instance of singleton bean 'org.springframework.transaction.config.internalTransactionAdvisor'
20:19:25.395 [main] DEBUG org.springframework.beans.factory.support.DefaultListableBeanFactory - Finished creating instance of bean 'org.springframework.context.event.internalEventListenerFactory'
20:19:25.396 [main] DEBUG org.springframework.beans.factory.support.DefaultListableBeanFactory - Creating shared instance of singleton bean 'hibernateXMLConfTest'
20:19:25.397 [main] DEBUG org.springframework.beans.factory.support.DefaultListableBeanFactory - Creating instance of bean 'hibernateXMLConfTest'
20:19:25.398 [main] DEBUG org.springframework.beans.factory.support.DefaultListableBeanFactory - Eagerly caching bean 'hibernateXMLConfTest' to allow for resolving potential circular references
20:19:25.436 [main] DEBUG org.springframework.beans.factory.support.DefaultListableBeanFactory - Returning cached instance of singleton bean 'org.springframework.transaction.config.internalTransactionAdvisor'
20:19:25.440 [main] DEBUG org.springframework.beans.factory.support.DefaultListableBeanFactory - Finished creating instance of bean 'hibernateXMLConfTest'
20:19:25.440 [main] DEBUG org.springframework.beans.factory.support.DefaultListableBeanFactory - Returning cached instance of singleton bean 'org.springframework.boot.test.mock.mockito.MockitoPostProcessor$SpyPostProcessor'
20:19:25.441 [main] DEBUG org.springframework.beans.factory.support.DefaultListableBeanFactory - Returning cached instance of singleton bean 'org.springframework.boot.test.mock.mockito.MockitoPostProcessor'
20:19:25.441 [main] DEBUG org.springframework.beans.factory.support.DefaultListableBeanFactory - Creating shared instance of singleton bean 'accountRefTypeDaoImpl'
20:19:25.441 [main] DEBUG org.springframework.beans.factory.support.DefaultListableBeanFactory - Creating instance of bean 'accountRefTypeDaoImpl'
20:19:25.454 [main] DEBUG org.springframework.beans.factory.support.DefaultListableBeanFactory - Creating shared instance of singleton bean 'sessionFactory'
20:19:25.454 [main] DEBUG org.springframework.beans.factory.support.DefaultListableBeanFactory - Creating instance of bean 'sessionFactory'
20:19:25.462 [main] DEBUG org.springframework.beans.factory.support.DefaultListableBeanFactory - Eagerly caching bean 'sessionFactory' to allow for resolving potential circular references
20:19:25.477 [main] DEBUG org.springframework.beans.factory.support.DefaultListableBeanFactory - Creating shared instance of singleton bean 'dataSource'
20:19:25.478 [main] DEBUG org.springframework.beans.factory.support.DefaultListableBeanFactory - Creating instance of bean 'dataSource'
20:19:25.526 [main] DEBUG org.springframework.beans.factory.support.DefaultListableBeanFactory - Eagerly caching bean 'dataSource' to allow for resolving potential circular references
20:19:25.545 [main] DEBUG org.springframework.beans.factory.support.DefaultListableBeanFactory - Returning cached instance of singleton bean 'org.springframework.transaction.config.internalTransactionAdvisor'
20:19:25.548 [main] DEBUG org.springframework.beans.factory.support.DefaultListableBeanFactory - Finished creating instance of bean 'dataSource'
20:19:25.561 [main] DEBUG org.springframework.beans.factory.support.DefaultListableBeanFactory - Invoking afterPropertiesSet() on bean with name 'sessionFactory'
20:19:25.598 [main] DEBUG org.jboss.logging - Logging Provider: org.jboss.logging.Slf4jLoggerProvider
20:19:25.632 [main] DEBUG org.hibernate.integrator.internal.IntegratorServiceImpl - Adding Integrator [org.hibernate.cfg.beanvalidation.BeanValidationIntegrator].
20:19:25.635 [main] DEBUG org.hibernate.integrator.internal.IntegratorServiceImpl - Adding Integrator [org.hibernate.secure.spi.JaccIntegrator].
20:19:25.640 [main] DEBUG org.hibernate.integrator.internal.IntegratorServiceImpl - Adding Integrator [org.hibernate.cache.internal.CollectionCacheInvalidator].
20:19:25.781 [main] INFO org.hibernate.Version - HHH000412: Hibernate Core {5.0.12.Final}
20:19:25.784 [main] INFO org.hibernate.cfg.Environment - HHH000206: hibernate.properties not found
20:19:25.786 [main] INFO org.hibernate.cfg.Environment - HHH000021: Bytecode provider name : javassist
20:19:25.802 [main] DEBUG org.springframework.core.io.support.PathMatchingResourcePatternResolver - Resolved classpath location [io/swagger/model/] to resources [URL [file:/home/vadim/JAVA/CloneForProjectJD2/MyProject/target/classes/io/swagger/model/]]
20:19:25.803 [main] DEBUG org.springframework.core.io.support.PathMatchingResourcePatternResolver - Looking for matching resources in directory tree [/home/vadim/JAVA/CloneForProjectJD2/MyProject/target/classes/io/swagger/model]
20:19:25.803 [main] DEBUG org.springframework.core.io.support.PathMatchingResourcePatternResolver - Searching directory [/home/vadim/JAVA/CloneForProjectJD2/MyProject/target/classes/io/swagger/model] for files matching pattern [/home/vadim/JAVA/CloneForProjectJD2/MyProject/target/classes/io/swagger/model/**/*.class]
20:19:25.807 [main] DEBUG org.springframework.core.io.support.PathMatchingResourcePatternResolver - Resolved location pattern [classpath*:io/swagger/model/**/*.class] to resources [file [/home/vadim/JAVA/CloneForProjectJD2/MyProject/target/classes/io/swagger/model/AccountRefType.class], file [/home/vadim/JAVA/CloneForProjectJD2/MyProject/target/classes/io/swagger/model/BankAccountDebitType.class], file [/home/vadim/JAVA/CloneForProjectJD2/MyProject/target/classes/io/swagger/model/BankAccountTransferType.class], file [/home/vadim/JAVA/CloneForProjectJD2/MyProject/target/classes/io/swagger/model/BankCardType$TypeEnum.class], file [/home/vadim/JAVA/CloneForProjectJD2/MyProject/target/classes/io/swagger/model/BankCardType.class], file [/home/vadim/JAVA/CloneForProjectJD2/MyProject/target/classes/io/swagger/model/BasePOJO.class], file [/home/vadim/JAVA/CloneForProjectJD2/MyProject/target/classes/io/swagger/model/CashType.class], file [/home/vadim/JAVA/CloneForProjectJD2/MyProject/target/classes/io/swagger/model/ChannelRefType.class], file [/home/vadim/JAVA/CloneForProjectJD2/MyProject/target/classes/io/swagger/model/CheckType.class], file [/home/vadim/JAVA/CloneForProjectJD2/MyProject/target/classes/io/swagger/model/DigitalWalletType.class], file [/home/vadim/JAVA/CloneForProjectJD2/MyProject/target/classes/io/swagger/model/EntityRefType.class], file [/home/vadim/JAVA/CloneForProjectJD2/MyProject/target/classes/io/swagger/model/MoneyType.class], file [/home/vadim/JAVA/CloneForProjectJD2/MyProject/target/classes/io/swagger/model/PaymentItemType.class], file [/home/vadim/JAVA/CloneForProjectJD2/MyProject/target/classes/io/swagger/model/PaymentMethodType$TypeEnum.class], file [/home/vadim/JAVA/CloneForProjectJD2/MyProject/target/classes/io/swagger/model/PaymentMethodType.class], file [/home/vadim/JAVA/CloneForProjectJD2/MyProject/target/classes/io/swagger/model/PaymentRefType.class], file [/home/vadim/JAVA/CloneForProjectJD2/MyProject/target/classes/io/swagger/model/PaymentRequestType.class], file [/home/vadim/JAVA/CloneForProjectJD2/MyProject/target/classes/io/swagger/model/PaymentType.class], file [/home/vadim/JAVA/CloneForProjectJD2/MyProject/target/classes/io/swagger/model/QuantityType.class], file [/home/vadim/JAVA/CloneForProjectJD2/MyProject/target/classes/io/swagger/model/RefundRequestType$StatusEnum.class], file [/home/vadim/JAVA/CloneForProjectJD2/MyProject/target/classes/io/swagger/model/RefundRequestType.class], file [/home/vadim/JAVA/CloneForProjectJD2/MyProject/target/classes/io/swagger/model/RefundType$StatusEnum.class], file [/home/vadim/JAVA/CloneForProjectJD2/MyProject/target/classes/io/swagger/model/RefundType.class], file [/home/vadim/JAVA/CloneForProjectJD2/MyProject/target/classes/io/swagger/model/RelatedPartyRefType.class], file [/home/vadim/JAVA/CloneForProjectJD2/MyProject/target/classes/io/swagger/model/TimePeriodType.class], file [/home/vadim/JAVA/CloneForProjectJD2/MyProject/target/classes/io/swagger/model/TokenizedCardType$TypeEnum.class], file [/home/vadim/JAVA/CloneForProjectJD2/MyProject/target/classes/io/swagger/model/TokenizedCardType.class], file [/home/vadim/JAVA/CloneForProjectJD2/MyProject/target/classes/io/swagger/model/VoucherType.class]]
20:19:25.850 [main] DEBUG org.hibernate.cfg.Configuration - Building session factory using internal StandardServiceRegistryBuilder
20:19:25.860 [main] DEBUG org.hibernate.service.spi.ServiceBinding - Overriding existing service binding [org.hibernate.secure.spi.JaccService]
20:19:25.860 [main] DEBUG org.hibernate.cfg.Configuration - Building session factory using provided StandardServiceRegistry
20:19:25.883 [main] DEBUG org.hibernate.cache.internal.RegionFactoryInitiator - Cache region factory : org.hibernate.cache.internal.NoCachingRegionFactory
20:19:25.897 [main] INFO org.hibernate.annotations.common.Version - HCANN000001: Hibernate Commons Annotations {5.0.1.Final}
20:19:25.934 [main] DEBUG org.hibernate.type.BasicTypeRegistry - Adding type registration boolean -> org.hibernate.type.BooleanType@1e008f36
20:19:25.935 [main] DEBUG org.hibernate.type.BasicTypeRegistry - Adding type registration boolean -> org.hibernate.type.BooleanType@1e008f36
20:19:25.935 [main] DEBUG org.hibernate.type.BasicTypeRegistry - Adding type registration java.lang.Boolean -> org.hibernate.type.BooleanType@1e008f36
20:19:25.937 [main] DEBUG org.hibernate.type.BasicTypeRegistry - Adding type registration numeric_boolean -> org.hibernate.type.NumericBooleanType@f4cfd90
20:19:25.939 [main] DEBUG org.hibernate.type.BasicTypeRegistry - Adding type registration true_false -> org.hibernate.type.TrueFalseType@7ea08277
20:19:25.940 [main] DEBUG org.hibernate.type.BasicTypeRegistry - Adding type registration yes_no -> org.hibernate.type.YesNoType@b965857
20:19:25.942 [main] DEBUG org.hibernate.type.BasicTypeRegistry - Adding type registration byte -> org.hibernate.type.ByteType@74abbb
20:19:25.942 [main] DEBUG org.hibernate.type.BasicTypeRegistry - Adding type registration byte -> org.hibernate.type.ByteType@74abbb
20:19:25.942 [main] DEBUG org.hibernate.type.BasicTypeRegistry - Adding type registration java.lang.Byte -> org.hibernate.type.ByteType@74abbb
20:19:25.943 [main] DEBUG org.hibernate.type.BasicTypeRegistry - Adding type registration character -> org.hibernate.type.CharacterType@af9a89f
20:19:25.944 [main] DEBUG org.hibernate.type.BasicTypeRegistry - Adding type registration char -> org.hibernate.type.CharacterType@af9a89f
20:19:25.944 [main] DEBUG org.hibernate.type.BasicTypeRegistry - Adding type registration java.lang.Character -> org.hibernate.type.CharacterType@af9a89f
20:19:25.947 [main] DEBUG org.hibernate.type.BasicTypeRegistry - Adding type registration short -> org.hibernate.type.ShortType@62ce72ff
20:19:25.947 [main] DEBUG org.hibernate.type.BasicTypeRegistry - Adding type registration short -> org.hibernate.type.ShortType@62ce72ff
20:19:25.947 [main] DEBUG org.hibernate.type.BasicTypeRegistry - Adding type registration java.lang.Short -> org.hibernate.type.ShortType@62ce72ff
20:19:25.949 [main] DEBUG org.hibernate.type.BasicTypeRegistry - Adding type registration integer -> org.hibernate.type.IntegerType@1023150a
20:19:25.949 [main] DEBUG org.hibernate.type.BasicTypeRegistry - Adding type registration int -> org.hibernate.type.IntegerType@1023150a
20:19:25.950 [main] DEBUG org.hibernate.type.BasicTypeRegistry - Adding type registration java.lang.Integer -> org.hibernate.type.IntegerType@1023150a
20:19:25.952 [main] DEBUG org.hibernate.type.BasicTypeRegistry - Adding type registration long -> org.hibernate.type.LongType@e3994ef
20:19:25.952 [main] DEBUG org.hibernate.type.BasicTypeRegistry - Adding type registration long -> org.hibernate.type.LongType@e3994ef
20:19:25.952 [main] DEBUG org.hibernate.type.BasicTypeRegistry - Adding type registration java.lang.Long -> org.hibernate.type.LongType@e3994ef
20:19:25.953 [main] DEBUG org.hibernate.type.BasicTypeRegistry - Adding type registration float -> org.hibernate.type.FloatType@604b1e1d
20:19:25.954 [main] DEBUG org.hibernate.type.BasicTypeRegistry - Adding type registration float -> org.hibernate.type.FloatType@604b1e1d
20:19:25.954 [main] DEBUG org.hibernate.type.BasicTypeRegistry - Adding type registration java.lang.Float -> org.hibernate.type.FloatType@604b1e1d
20:19:25.955 [main] DEBUG org.hibernate.type.BasicTypeRegistry - Adding type registration double -> org.hibernate.type.DoubleType@58f07f02
20:19:25.955 [main] DEBUG org.hibernate.type.BasicTypeRegistry - Adding type registration double -> org.hibernate.type.DoubleType@58f07f02
20:19:25.955 [main] DEBUG org.hibernate.type.BasicTypeRegistry - Adding type registration java.lang.Double -> org.hibernate.type.DoubleType@58f07f02
20:19:25.957 [main] DEBUG org.hibernate.type.BasicTypeRegistry - Adding type registration big_decimal -> org.hibernate.type.BigDecimalType@5445f5ba
20:19:25.957 [main] DEBUG org.hibernate.type.BasicTypeRegistry - Adding type registration java.math.BigDecimal -> org.hibernate.type.BigDecimalType@5445f5ba
20:19:25.963 [main] DEBUG org.hibernate.type.BasicTypeRegistry - Adding type registration big_integer -> org.hibernate.type.BigIntegerType@6f89292e
20:19:25.963 [main] DEBUG org.hibernate.type.BasicTypeRegistry - Adding type registration java.math.BigInteger -> org.hibernate.type.BigIntegerType@6f89292e
20:19:25.965 [main] DEBUG org.hibernate.type.BasicTypeRegistry - Adding type registration string -> org.hibernate.type.StringType@3cd206b5
20:19:25.965 [main] DEBUG org.hibernate.type.BasicTypeRegistry - Adding type registration java.lang.String -> org.hibernate.type.StringType@3cd206b5
20:19:25.968 [main] DEBUG org.hibernate.type.BasicTypeRegistry - Adding type registration nstring -> org.hibernate.type.StringNVarcharType@2264e43c
20:19:25.969 [main] DEBUG org.hibernate.type.BasicTypeRegistry - Adding type registration ncharacter -> org.hibernate.type.CharacterNCharType@598260a6
20:19:25.971 [main] DEBUG org.hibernate.type.BasicTypeRegistry - Adding type registration url -> org.hibernate.type.UrlType@7c1c5936
20:19:25.971 [main] DEBUG org.hibernate.type.BasicTypeRegistry - Adding type registration java.net.URL -> org.hibernate.type.UrlType@7c1c5936
20:19:25.974 [main] DEBUG org.hibernate.type.BasicTypeRegistry - Adding type registration date -> org.hibernate.type.DateType@3f4cd155
20:19:25.978 [main] DEBUG org.hibernate.type.BasicTypeRegistry - Adding type registration java.sql.Date -> org.hibernate.type.DateType@3f4cd155
20:19:25.982 [main] DEBUG org.hibernate.type.BasicTypeRegistry - Adding type registration time -> org.hibernate.type.TimeType@4d96250
20:19:25.982 [main] DEBUG org.hibernate.type.BasicTypeRegistry - Adding type registration java.sql.Time -> org.hibernate.type.TimeType@4d96250
20:19:25.985 [main] DEBUG org.hibernate.type.BasicTypeRegistry - Adding type registration timestamp -> org.hibernate.type.TimestampType@4d178d55
20:19:25.985 [main] DEBUG org.hibernate.type.BasicTypeRegistry - Adding type registration java.sql.Timestamp -> org.hibernate.type.TimestampType@4d178d55
20:19:25.985 [main] DEBUG org.hibernate.type.BasicTypeRegistry - Adding type registration java.util.Date -> org.hibernate.type.TimestampType@4d178d55
20:19:25.987 [main] DEBUG org.hibernate.type.BasicTypeRegistry - Adding type registration dbtimestamp -> org.hibernate.type.DbTimestampType@681e144
20:19:25.989 [main] DEBUG org.hibernate.type.BasicTypeRegistry - Adding type registration calendar -> org.hibernate.type.CalendarType@7f92b990
20:19:25.990 [main] DEBUG org.hibernate.type.BasicTypeRegistry - Adding type registration java.util.Calendar -> org.hibernate.type.CalendarType@7f92b990
20:19:25.990 [main] DEBUG org.hibernate.type.BasicTypeRegistry - Adding type registration java.util.GregorianCalendar -> org.hibernate.type.CalendarType@7f92b990
20:19:25.991 [main] DEBUG org.hibernate.type.BasicTypeRegistry - Adding type registration calendar_date -> org.hibernate.type.CalendarDateType@5d01ea21
20:19:25.992 [main] DEBUG org.hibernate.type.BasicTypeRegistry - Adding type registration locale -> org.hibernate.type.LocaleType@2216effc
20:19:25.992 [main] DEBUG org.hibernate.type.BasicTypeRegistry - Adding type registration java.util.Locale -> org.hibernate.type.LocaleType@2216effc
20:19:25.993 [main] DEBUG org.hibernate.type.BasicTypeRegistry - Adding type registration currency -> org.hibernate.type.CurrencyType@3971f0fe
20:19:25.993 [main] DEBUG org.hibernate.type.BasicTypeRegistry - Adding type registration java.util.Currency -> org.hibernate.type.CurrencyType@3971f0fe
20:19:25.994 [main] DEBUG org.hibernate.type.BasicTypeRegistry - Adding type registration timezone -> org.hibernate.type.TimeZoneType@3be4fcc0
20:19:25.994 [main] DEBUG org.hibernate.type.BasicTypeRegistry - Adding type registration java.util.TimeZone -> org.hibernate.type.TimeZoneType@3be4fcc0
20:19:25.995 [main] DEBUG org.hibernate.type.BasicTypeRegistry - Adding type registration class -> org.hibernate.type.ClassType@557eb543
20:19:25.995 [main] DEBUG org.hibernate.type.BasicTypeRegistry - Adding type registration java.lang.Class -> org.hibernate.type.ClassType@557eb543
20:19:25.997 [main] DEBUG org.hibernate.type.BasicTypeRegistry - Adding type registration uuid-binary -> org.hibernate.type.UUIDBinaryType@4a7a965d
20:19:25.997 [main] DEBUG org.hibernate.type.BasicTypeRegistry - Adding type registration java.util.UUID -> org.hibernate.type.UUIDBinaryType@4a7a965d
20:19:25.998 [main] DEBUG org.hibernate.type.BasicTypeRegistry - Adding type registration uuid-char -> org.hibernate.type.UUIDCharType@288cdaab
20:19:25.999 [main] DEBUG org.hibernate.type.BasicTypeRegistry - Adding type registration binary -> org.hibernate.type.BinaryType@45667d98
20:19:25.999 [main] DEBUG org.hibernate.type.BasicTypeRegistry - Adding type registration byte[] -> org.hibernate.type.BinaryType@45667d98
20:19:25.999 [main] DEBUG org.hibernate.type.BasicTypeRegistry - Adding type registration [B -> org.hibernate.type.BinaryType@45667d98
20:19:26.001 [main] DEBUG org.hibernate.type.BasicTypeRegistry - Adding type registration wrapper-binary -> org.hibernate.type.WrapperBinaryType@5e5073ab
20:19:26.001 [main] DEBUG org.hibernate.type.BasicTypeRegistry - Adding type registration Byte[] -> org.hibernate.type.WrapperBinaryType@5e5073ab
20:19:26.001 [main] DEBUG org.hibernate.type.BasicTypeRegistry - Adding type registration [Ljava.lang.Byte; -> org.hibernate.type.WrapperBinaryType@5e5073ab
20:19:26.002 [main] DEBUG org.hibernate.type.BasicTypeRegistry - Adding type registration row_version -> org.hibernate.type.RowVersionType@629adce
20:19:26.003 [main] DEBUG org.hibernate.type.BasicTypeRegistry - Adding type registration image -> org.hibernate.type.ImageType@6ff415ad
20:19:26.005 [main] DEBUG org.hibernate.type.BasicTypeRegistry - Adding type registration characters -> org.hibernate.type.CharArrayType@1128620c
20:19:26.005 [main] DEBUG org.hibernate.type.BasicTypeRegistry - Adding type registration char[] -> org.hibernate.type.CharArrayType@1128620c
20:19:26.005 [main] DEBUG org.hibernate.type.BasicTypeRegistry - Adding type registration [C -> org.hibernate.type.CharArrayType@1128620c
20:19:26.007 [main] DEBUG org.hibernate.type.BasicTypeRegistry - Adding type registration wrapper-characters -> org.hibernate.type.CharacterArrayType@f446158
20:19:26.007 [main] DEBUG org.hibernate.type.BasicTypeRegistry - Adding type registration [Ljava.lang.Character; -> org.hibernate.type.CharacterArrayType@f446158
20:19:26.007 [main] DEBUG org.hibernate.type.BasicTypeRegistry - Adding type registration Character[] -> org.hibernate.type.CharacterArrayType@f446158
20:19:26.008 [main] DEBUG org.hibernate.type.BasicTypeRegistry - Adding type registration text -> org.hibernate.type.TextType@730e5763
20:19:26.009 [main] DEBUG org.hibernate.type.BasicTypeRegistry - Adding type registration ntext -> org.hibernate.type.NTextType@479f2dc2
20:19:26.014 [main] DEBUG org.hibernate.type.BasicTypeRegistry - Adding type registration blob -> org.hibernate.type.BlobType@b2f4ece
20:19:26.014 [main] DEBUG org.hibernate.type.BasicTypeRegistry - Adding type registration java.sql.Blob -> org.hibernate.type.BlobType@b2f4ece
20:19:26.015 [main] DEBUG org.hibernate.type.BasicTypeRegistry - Adding type registration materialized_blob -> org.hibernate.type.MaterializedBlobType@34fe326d
20:19:26.026 [main] DEBUG org.hibernate.type.BasicTypeRegistry - Adding type registration clob -> org.hibernate.type.ClobType@4efc25fc
20:19:26.026 [main] DEBUG org.hibernate.type.BasicTypeRegistry - Adding type registration java.sql.Clob -> org.hibernate.type.ClobType@4efc25fc
20:19:26.030 [main] DEBUG org.hibernate.type.BasicTypeRegistry - Adding type registration nclob -> org.hibernate.type.NClobType@11ebb1b6
20:19:26.030 [main] DEBUG org.hibernate.type.BasicTypeRegistry - Adding type registration java.sql.NClob -> org.hibernate.type.NClobType@11ebb1b6
20:19:26.030 [main] DEBUG org.hibernate.type.BasicTypeRegistry - Adding type registration materialized_clob -> org.hibernate.type.MaterializedClobType@6009bea
20:19:26.031 [main] DEBUG org.hibernate.type.BasicTypeRegistry - Adding type registration materialized_nclob -> org.hibernate.type.MaterializedNClobType@6ab4ba9f
20:19:26.032 [main] DEBUG org.hibernate.type.BasicTypeRegistry - Adding type registration serializable -> org.hibernate.type.SerializableType@6ea04618
20:19:26.036 [main] DEBUG org.hibernate.type.BasicTypeRegistry - Adding type registration object -> org.hibernate.type.ObjectType@367b22e5
20:19:26.037 [main] DEBUG org.hibernate.type.BasicTypeRegistry - Adding type registration java.lang.Object -> org.hibernate.type.ObjectType@367b22e5
20:19:26.037 [main] DEBUG org.hibernate.type.BasicTypeRegistry - Adding type registration imm_date -> org.hibernate.type.AdaptedImmutableType@55e3d6c3
20:19:26.038 [main] DEBUG org.hibernate.type.BasicTypeRegistry - Adding type registration imm_time -> org.hibernate.type.AdaptedImmutableType@30e6a763
20:19:26.038 [main] DEBUG org.hibernate.type.BasicTypeRegistry - Adding type registration imm_timestamp -> org.hibernate.type.AdaptedImmutableType@4c48fe92
20:19:26.038 [main] DEBUG org.hibernate.type.BasicTypeRegistry - Adding type registration imm_dbtimestamp -> org.hibernate.type.AdaptedImmutableType@732c9b5c
20:19:26.038 [main] DEBUG org.hibernate.type.BasicTypeRegistry - Adding type registration imm_calendar -> org.hibernate.type.AdaptedImmutableType@38320e34
20:19:26.038 [main] DEBUG org.hibernate.type.BasicTypeRegistry - Adding type registration imm_calendar_date -> org.hibernate.type.AdaptedImmutableType@3d6a6bee
20:19:26.038 [main] DEBUG org.hibernate.type.BasicTypeRegistry - Adding type registration imm_binary -> org.hibernate.type.AdaptedImmutableType@36ddaebf
20:19:26.038 [main] DEBUG org.hibernate.type.BasicTypeRegistry - Adding type registration imm_serializable -> org.hibernate.type.AdaptedImmutableType@213c3543
20:19:26.676 [main] DEBUG org.hibernate.engine.jdbc.env.internal.JdbcEnvironmentInitiator - Database ->
       name : MySQL
    version : 5.7.24-0ubuntu0.18.04.1
      major : 5
      minor : 7
20:19:26.677 [main] DEBUG org.hibernate.engine.jdbc.env.internal.JdbcEnvironmentInitiator - Driver ->
       name : MySQL Connector/J
    version : mysql-connector-java-8.0.13 (Revision: 66459e9d39c8fd09767992bc592acd2053279be6)
      major : 8
      minor : 0
20:19:26.677 [main] DEBUG org.hibernate.engine.jdbc.env.internal.JdbcEnvironmentInitiator - JDBC version : 4.2
20:19:26.709 [main] INFO org.hibernate.dialect.Dialect - HHH000400: Using dialect: org.hibernate.dialect.MySQL5Dialect
20:19:26.866 [main] DEBUG org.hibernate.engine.jdbc.env.spi.IdentifierHelperBuilder - JDBC driver metadata reported database stores quoted identifiers in more than one case
20:19:26.882 [main] DEBUG org.hibernate.engine.jdbc.env.spi.IdentifierHelperBuilder - IdentifierCaseStrategy for both quoted and unquoted identifiers was set to the same strategy [MIXED]; that will likely lead to problems in schema update and validation if using quoted identifiers
20:19:26.959 [main] DEBUG org.hibernate.id.factory.internal.DefaultIdentifierGeneratorFactory - Registering IdentifierGenerator strategy [uuid2] -> [org.hibernate.id.UUIDGenerator]
20:19:26.960 [main] DEBUG org.hibernate.id.factory.internal.DefaultIdentifierGeneratorFactory - Registering IdentifierGenerator strategy [guid] -> [org.hibernate.id.GUIDGenerator]
20:19:26.961 [main] DEBUG org.hibernate.id.factory.internal.DefaultIdentifierGeneratorFactory - Registering IdentifierGenerator strategy [uuid] -> [org.hibernate.id.UUIDHexGenerator]
20:19:26.961 [main] DEBUG org.hibernate.id.factory.internal.DefaultIdentifierGeneratorFactory - Registering IdentifierGenerator strategy [uuid.hex] -> [org.hibernate.id.UUIDHexGenerator]
20:19:26.961 [main] DEBUG org.hibernate.id.factory.internal.DefaultIdentifierGeneratorFactory - Registering IdentifierGenerator strategy [assigned] -> [org.hibernate.id.Assigned]
20:19:26.962 [main] DEBUG org.hibernate.id.factory.internal.DefaultIdentifierGeneratorFactory - Registering IdentifierGenerator strategy [identity] -> [org.hibernate.id.IdentityGenerator]
20:19:26.963 [main] DEBUG org.hibernate.id.factory.internal.DefaultIdentifierGeneratorFactory - Registering IdentifierGenerator strategy [select] -> [org.hibernate.id.SelectGenerator]
20:19:26.969 [main] DEBUG org.hibernate.id.factory.internal.DefaultIdentifierGeneratorFactory - Registering IdentifierGenerator strategy [sequence] -> [org.hibernate.id.enhanced.SequenceStyleGenerator]
20:19:26.971 [main] DEBUG org.hibernate.id.factory.internal.DefaultIdentifierGeneratorFactory - Registering IdentifierGenerator strategy [seqhilo] -> [org.hibernate.id.SequenceHiLoGenerator]
20:19:26.972 [main] DEBUG org.hibernate.id.factory.internal.DefaultIdentifierGeneratorFactory - Registering IdentifierGenerator strategy [increment] -> [org.hibernate.id.IncrementGenerator]
20:19:26.973 [main] DEBUG org.hibernate.id.factory.internal.DefaultIdentifierGeneratorFactory - Registering IdentifierGenerator strategy [foreign] -> [org.hibernate.id.ForeignGenerator]
20:19:26.977 [main] DEBUG org.hibernate.id.factory.internal.DefaultIdentifierGeneratorFactory - Registering IdentifierGenerator strategy [sequence-identity] -> [org.hibernate.id.SequenceIdentityGenerator]
20:19:26.978 [main] DEBUG org.hibernate.id.factory.internal.DefaultIdentifierGeneratorFactory - Registering IdentifierGenerator strategy [enhanced-sequence] -> [org.hibernate.id.enhanced.SequenceStyleGenerator]
20:19:26.980 [main] DEBUG org.hibernate.id.factory.internal.DefaultIdentifierGeneratorFactory - Registering IdentifierGenerator strategy [enhanced-table] -> [org.hibernate.id.enhanced.TableGenerator]
20:19:27.054 [main] DEBUG org.hibernate.boot.model.relational.Namespace - Created database namespace [logicalName=Name{catalog=null, schema=null}, physicalName=Name{catalog=null, schema=null}]
20:19:27.158 [main] DEBUG org.hibernate.cfg.AnnotationBinder - Binding entity from annotated class: io.swagger.model.AccountRefType
20:19:27.222 [main] DEBUG org.hibernate.cfg.Ejb3Column - Binding column: Ejb3DiscriminatorColumn{logicalColumnName'DTYPE', discriminatorTypeName='string'}
20:19:27.242 [main] DEBUG org.hibernate.cfg.annotations.EntityBinder - Import with entity name AccountRefType
20:19:27.262 [main] DEBUG org.hibernate.cfg.annotations.EntityBinder - Bind entity io.swagger.model.AccountRefType on table AccountRefType
20:19:27.394 [main] DEBUG org.hibernate.cfg.Ejb3Column - Binding column: Ejb3Column{table=org.hibernate.mapping.Table(AccountRefType), mappingColumn=id, insertable=true, updatable=true, unique=false}
20:19:27.408 [main] DEBUG org.hibernate.cfg.annotations.PropertyBinder - MetadataSourceProcessor property id with lazy=false
20:19:27.410 [main] DEBUG org.hibernate.cfg.AbstractPropertyHolder - Attempting to locate auto-apply AttributeConverter for property [io.swagger.model.AccountRefType:id]
20:19:27.411 [main] DEBUG org.hibernate.cfg.annotations.SimpleValueBinder - building SimpleValue for id
20:19:27.414 [main] DEBUG org.hibernate.cfg.annotations.PropertyBinder - Building property id
20:19:27.419 [main] DEBUG org.hibernate.cfg.Ejb3Column - Binding column: Ejb3Column{table=org.hibernate.mapping.Table(AccountRefType), mappingColumn=description, insertable=true, updatable=true, unique=false}
20:19:27.419 [main] DEBUG org.hibernate.cfg.annotations.PropertyBinder - MetadataSourceProcessor property description with lazy=false
20:19:27.420 [main] DEBUG org.hibernate.cfg.AbstractPropertyHolder - Attempting to locate auto-apply AttributeConverter for property [io.swagger.model.AccountRefType:description]
20:19:27.420 [main] DEBUG org.hibernate.cfg.annotations.SimpleValueBinder - building SimpleValue for description
20:19:27.420 [main] DEBUG org.hibernate.cfg.annotations.PropertyBinder - Building property description
20:19:27.420 [main] DEBUG org.hibernate.cfg.Ejb3Column - Binding column: Ejb3Column{table=org.hibernate.mapping.Table(AccountRefType), mappingColumn=href, insertable=true, updatable=true, unique=false}
20:19:27.420 [main] DEBUG org.hibernate.cfg.annotations.PropertyBinder - MetadataSourceProcessor property href with lazy=false
20:19:27.421 [main] DEBUG org.hibernate.cfg.AbstractPropertyHolder - Attempting to locate auto-apply AttributeConverter for property [io.swagger.model.AccountRefType:href]
20:19:27.421 [main] DEBUG org.hibernate.cfg.annotations.SimpleValueBinder - building SimpleValue for href
20:19:27.421 [main] DEBUG org.hibernate.cfg.annotations.PropertyBinder - Building property href
20:19:27.421 [main] DEBUG org.hibernate.cfg.Ejb3Column - Binding column: Ejb3Column{table=org.hibernate.mapping.Table(AccountRefType), mappingColumn=name, insertable=true, updatable=true, unique=false}
20:19:27.421 [main] DEBUG org.hibernate.cfg.annotations.PropertyBinder - MetadataSourceProcessor property name with lazy=false
20:19:27.422 [main] DEBUG org.hibernate.cfg.AbstractPropertyHolder - Attempting to locate auto-apply AttributeConverter for property [io.swagger.model.AccountRefType:name]
20:19:27.422 [main] DEBUG org.hibernate.cfg.annotations.SimpleValueBinder - building SimpleValue for name
20:19:27.435 [main] DEBUG org.hibernate.cfg.annotations.PropertyBinder - Building property name
20:19:27.436 [main] DEBUG org.hibernate.cfg.AnnotationBinder - Binding entity from annotated class: io.swagger.model.BankAccountDebitType
20:19:27.437 [main] DEBUG org.hibernate.cfg.Ejb3Column - Binding column: Ejb3DiscriminatorColumn{logicalColumnName'DTYPE', discriminatorTypeName='string'}
20:19:27.437 [main] DEBUG org.hibernate.cfg.annotations.EntityBinder - Import with entity name BankAccountDebitType
20:19:27.437 [main] DEBUG org.hibernate.cfg.annotations.EntityBinder - Bind entity io.swagger.model.BankAccountDebitType on table BankAccountDebitType
20:19:27.446 [main] DEBUG org.hibernate.cfg.Ejb3Column - Binding column: Ejb3Column{table=org.hibernate.mapping.Table(BankAccountDebitType), mappingColumn=id, insertable=true, updatable=true, unique=false}
20:19:27.446 [main] DEBUG org.hibernate.cfg.annotations.PropertyBinder - MetadataSourceProcessor property id with lazy=false
20:19:27.446 [main] DEBUG org.hibernate.cfg.AbstractPropertyHolder - Attempting to locate auto-apply AttributeConverter for property [io.swagger.model.BankAccountDebitType:id]
20:19:27.447 [main] DEBUG org.hibernate.cfg.annotations.SimpleValueBinder - building SimpleValue for id
20:19:27.447 [main] DEBUG org.hibernate.cfg.annotations.PropertyBinder - Building property id
20:19:27.454 [main] DEBUG org.hibernate.cfg.Ejb3Column - Binding column: Ejb3Column{table=org.hibernate.mapping.Table(BankAccountDebitType), mappingColumn=BIC, insertable=true, updatable=true, unique=false}
20:19:27.455 [main] DEBUG org.hibernate.cfg.annotations.PropertyBinder - MetadataSourceProcessor property BIC with lazy=false
20:19:27.455 [main] DEBUG org.hibernate.cfg.AbstractPropertyHolder - Attempting to locate auto-apply AttributeConverter for property [io.swagger.model.BankAccountDebitType:BIC]
20:19:27.456 [main] DEBUG org.hibernate.cfg.annotations.SimpleValueBinder - building SimpleValue for BIC
20:19:27.456 [main] DEBUG org.hibernate.cfg.annotations.PropertyBinder - Building property BIC
20:19:27.456 [main] DEBUG org.hibernate.cfg.Ejb3Column - Binding column: Ejb3Column{table=org.hibernate.mapping.Table(BankAccountDebitType), mappingColumn=accountNumber, insertable=true, updatable=true, unique=false}
20:19:27.456 [main] DEBUG org.hibernate.cfg.annotations.PropertyBinder - MetadataSourceProcessor property accountNumber with lazy=false
20:19:27.456 [main] DEBUG org.hibernate.cfg.AbstractPropertyHolder - Attempting to locate auto-apply AttributeConverter for property [io.swagger.model.BankAccountDebitType:accountNumber]
20:19:27.456 [main] DEBUG org.hibernate.cfg.annotations.SimpleValueBinder - building SimpleValue for accountNumber
20:19:27.456 [main] DEBUG org.hibernate.cfg.annotations.PropertyBinder - Building property accountNumber
20:19:27.457 [main] DEBUG org.hibernate.cfg.Ejb3Column - Binding column: Ejb3Column{table=org.hibernate.mapping.Table(BankAccountDebitType), mappingColumn=accountNumberType, insertable=true, updatable=true, unique=false}
20:19:27.457 [main] DEBUG org.hibernate.cfg.annotations.PropertyBinder - MetadataSourceProcessor property accountNumberType with lazy=false
20:19:27.457 [main] DEBUG org.hibernate.cfg.AbstractPropertyHolder - Attempting to locate auto-apply AttributeConverter for property [io.swagger.model.BankAccountDebitType:accountNumberType]
20:19:27.457 [main] DEBUG org.hibernate.cfg.annotations.SimpleValueBinder - building SimpleValue for accountNumberType
20:19:27.457 [main] DEBUG org.hibernate.cfg.annotations.PropertyBinder - Building property accountNumberType
20:19:27.457 [main] DEBUG org.hibernate.cfg.Ejb3Column - Binding column: Ejb3Column{table=org.hibernate.mapping.Table(BankAccountDebitType), mappingColumn=bank, insertable=true, updatable=true, unique=false}
20:19:27.458 [main] DEBUG org.hibernate.cfg.annotations.PropertyBinder - MetadataSourceProcessor property bank with lazy=false
20:19:27.458 [main] DEBUG org.hibernate.cfg.AbstractPropertyHolder - Attempting to locate auto-apply AttributeConverter for property [io.swagger.model.BankAccountDebitType:bank]
20:19:27.458 [main] DEBUG org.hibernate.cfg.annotations.SimpleValueBinder - building SimpleValue for bank
20:19:27.458 [main] DEBUG org.hibernate.cfg.annotations.PropertyBinder - Building property bank
20:19:27.458 [main] DEBUG org.hibernate.cfg.Ejb3Column - Binding column: Ejb3Column{table=org.hibernate.mapping.Table(BankAccountDebitType), mappingColumn=owner, insertable=true, updatable=true, unique=false}
20:19:27.458 [main] DEBUG org.hibernate.cfg.annotations.PropertyBinder - MetadataSourceProcessor property owner with lazy=false
20:19:27.458 [main] DEBUG org.hibernate.cfg.AbstractPropertyHolder - Attempting to locate auto-apply AttributeConverter for property [io.swagger.model.BankAccountDebitType:owner]
20:19:27.458 [main] DEBUG org.hibernate.cfg.annotations.SimpleValueBinder - building SimpleValue for owner
20:19:27.458 [main] DEBUG org.hibernate.cfg.annotations.PropertyBinder - Building property owner
20:19:27.459 [main] DEBUG org.hibernate.cfg.AnnotationBinder - Binding entity from annotated class: io.swagger.model.BankAccountTransferType
20:19:27.459 [main] DEBUG org.hibernate.cfg.Ejb3Column - Binding column: Ejb3DiscriminatorColumn{logicalColumnName'DTYPE', discriminatorTypeName='string'}
20:19:27.459 [main] DEBUG org.hibernate.cfg.annotations.EntityBinder - Import with entity name BankAccountTransferType
20:19:27.459 [main] DEBUG org.hibernate.cfg.annotations.EntityBinder - Bind entity io.swagger.model.BankAccountTransferType on table BankAccountTransferType
20:19:27.462 [main] DEBUG org.hibernate.cfg.Ejb3Column - Binding column: Ejb3Column{table=org.hibernate.mapping.Table(BankAccountTransferType), mappingColumn=id, insertable=true, updatable=true, unique=false}
20:19:27.462 [main] DEBUG org.hibernate.cfg.annotations.PropertyBinder - MetadataSourceProcessor property id with lazy=false
20:19:27.462 [main] DEBUG org.hibernate.cfg.AbstractPropertyHolder - Attempting to locate auto-apply AttributeConverter for property [io.swagger.model.BankAccountTransferType:id]
20:19:27.462 [main] DEBUG org.hibernate.cfg.annotations.SimpleValueBinder - building SimpleValue for id
20:19:27.462 [main] DEBUG org.hibernate.cfg.annotations.PropertyBinder - Building property id
20:19:27.463 [main] DEBUG org.hibernate.cfg.Ejb3Column - Binding column: Ejb3Column{table=org.hibernate.mapping.Table(BankAccountTransferType), mappingColumn=BIC, insertable=true, updatable=true, unique=false}
20:19:27.463 [main] DEBUG org.hibernate.cfg.annotations.PropertyBinder - MetadataSourceProcessor property BIC with lazy=false
20:19:27.463 [main] DEBUG org.hibernate.cfg.AbstractPropertyHolder - Attempting to locate auto-apply AttributeConverter for property [io.swagger.model.BankAccountTransferType:BIC]
20:19:27.463 [main] DEBUG org.hibernate.cfg.annotations.SimpleValueBinder - building SimpleValue for BIC
20:19:27.463 [main] DEBUG org.hibernate.cfg.annotations.PropertyBinder - Building property BIC
20:19:27.463 [main] DEBUG org.hibernate.cfg.Ejb3Column - Binding column: Ejb3Column{table=org.hibernate.mapping.Table(BankAccountTransferType), mappingColumn=accountNumber, insertable=true, updatable=true, unique=false}
20:19:27.463 [main] DEBUG org.hibernate.cfg.annotations.PropertyBinder - MetadataSourceProcessor property accountNumber with lazy=false
20:19:27.463 [main] DEBUG org.hibernate.cfg.AbstractPropertyHolder - Attempting to locate auto-apply AttributeConverter for property [io.swagger.model.BankAccountTransferType:accountNumber]
20:19:27.464 [main] DEBUG org.hibernate.cfg.annotations.SimpleValueBinder - building SimpleValue for accountNumber
20:19:27.464 [main] DEBUG org.hibernate.cfg.annotations.PropertyBinder - Building property accountNumber
20:19:27.464 [main] DEBUG org.hibernate.cfg.Ejb3Column - Binding column: Ejb3Column{table=org.hibernate.mapping.Table(BankAccountTransferType), mappingColumn=accountNumberType, insertable=true, updatable=true, unique=false}
20:19:27.464 [main] DEBUG org.hibernate.cfg.annotations.PropertyBinder - MetadataSourceProcessor property accountNumberType with lazy=false
20:19:27.464 [main] DEBUG org.hibernate.cfg.AbstractPropertyHolder - Attempting to locate auto-apply AttributeConverter for property [io.swagger.model.BankAccountTransferType:accountNumberType]
20:19:27.464 [main] DEBUG org.hibernate.cfg.annotations.SimpleValueBinder - building SimpleValue for accountNumberType
20:19:27.465 [main] DEBUG org.hibernate.cfg.annotations.PropertyBinder - Building property accountNumberType
20:19:27.468 [main] DEBUG org.hibernate.cfg.Ejb3Column - Binding column: Ejb3Column{table=org.hibernate.mapping.Table(BankAccountTransferType), mappingColumn=bank, insertable=true, updatable=true, unique=false}
20:19:27.470 [main] DEBUG org.hibernate.cfg.annotations.PropertyBinder - MetadataSourceProcessor property bank with lazy=false
20:19:27.470 [main] DEBUG org.hibernate.cfg.AbstractPropertyHolder - Attempting to locate auto-apply AttributeConverter for property [io.swagger.model.BankAccountTransferType:bank]
20:19:27.470 [main] DEBUG org.hibernate.cfg.annotations.SimpleValueBinder - building SimpleValue for bank
20:19:27.470 [main] DEBUG org.hibernate.cfg.annotations.PropertyBinder - Building property bank
20:19:27.471 [main] DEBUG org.hibernate.cfg.Ejb3Column - Binding column: Ejb3Column{table=org.hibernate.mapping.Table(BankAccountTransferType), mappingColumn=owner, insertable=true, updatable=true, unique=false}
20:19:27.471 [main] DEBUG org.hibernate.cfg.annotations.PropertyBinder - MetadataSourceProcessor property owner with lazy=false
20:19:27.471 [main] DEBUG org.hibernate.cfg.AbstractPropertyHolder - Attempting to locate auto-apply AttributeConverter for property [io.swagger.model.BankAccountTransferType:owner]
20:19:27.471 [main] DEBUG org.hibernate.cfg.annotations.SimpleValueBinder - building SimpleValue for owner
20:19:27.472 [main] DEBUG org.hibernate.cfg.annotations.PropertyBinder - Building property owner
20:19:27.472 [main] DEBUG org.hibernate.cfg.AnnotationBinder - Binding entity from annotated class: io.swagger.model.BankCardType
20:19:27.472 [main] DEBUG org.hibernate.cfg.Ejb3Column - Binding column: Ejb3DiscriminatorColumn{logicalColumnName'DTYPE', discriminatorTypeName='string'}
20:19:27.473 [main] DEBUG org.hibernate.cfg.annotations.EntityBinder - Import with entity name BankCardType
20:19:27.475 [main] DEBUG org.hibernate.cfg.annotations.EntityBinder - Bind entity io.swagger.model.BankCardType on table BankCardType
20:19:27.491 [main] DEBUG org.hibernate.cfg.Ejb3Column - Binding column: Ejb3Column{table=org.hibernate.mapping.Table(BankCardType), mappingColumn=id, insertable=true, updatable=true, unique=false}
20:19:27.491 [main] DEBUG org.hibernate.cfg.annotations.PropertyBinder - MetadataSourceProcessor property id with lazy=false
20:19:27.491 [main] DEBUG org.hibernate.cfg.AbstractPropertyHolder - Attempting to locate auto-apply AttributeConverter for property [io.swagger.model.BankCardType:id]
20:19:27.491 [main] DEBUG org.hibernate.cfg.annotations.SimpleValueBinder - building SimpleValue for id
20:19:27.492 [main] DEBUG org.hibernate.cfg.annotations.PropertyBinder - Building property id
20:19:27.492 [main] DEBUG org.hibernate.cfg.Ejb3Column - Binding column: Ejb3Column{table=org.hibernate.mapping.Table(BankCardType), mappingColumn=bank, insertable=true, updatable=true, unique=false}
20:19:27.492 [main] DEBUG org.hibernate.cfg.annotations.PropertyBinder - MetadataSourceProcessor property bank with lazy=false
20:19:27.492 [main] DEBUG org.hibernate.cfg.AbstractPropertyHolder - Attempting to locate auto-apply AttributeConverter for property [io.swagger.model.BankCardType:bank]
20:19:27.505 [main] DEBUG org.hibernate.cfg.annotations.SimpleValueBinder - building SimpleValue for bank
20:19:27.505 [main] DEBUG org.hibernate.cfg.annotations.PropertyBinder - Building property bank
20:19:27.505 [main] DEBUG org.hibernate.cfg.Ejb3Column - Binding column: Ejb3Column{table=org.hibernate.mapping.Table(BankCardType), mappingColumn=brand, insertable=true, updatable=true, unique=false}
20:19:27.506 [main] DEBUG org.hibernate.cfg.annotations.PropertyBinder - MetadataSourceProcessor property brand with lazy=false
20:19:27.506 [main] DEBUG org.hibernate.cfg.AbstractPropertyHolder - Attempting to locate auto-apply AttributeConverter for property [io.swagger.model.BankCardType:brand]
20:19:27.506 [main] DEBUG org.hibernate.cfg.annotations.SimpleValueBinder - building SimpleValue for brand
20:19:27.511 [main] DEBUG org.hibernate.cfg.annotations.PropertyBinder - Building property brand
20:19:27.512 [main] DEBUG org.hibernate.cfg.Ejb3Column - Binding column: Ejb3Column{table=org.hibernate.mapping.Table(BankCardType), mappingColumn=cardNumber, insertable=true, updatable=true, unique=false}
20:19:27.512 [main] DEBUG org.hibernate.cfg.annotations.PropertyBinder - MetadataSourceProcessor property cardNumber with lazy=false
20:19:27.512 [main] DEBUG org.hibernate.cfg.AbstractPropertyHolder - Attempting to locate auto-apply AttributeConverter for property [io.swagger.model.BankCardType:cardNumber]
20:19:27.512 [main] DEBUG org.hibernate.cfg.annotations.SimpleValueBinder - building SimpleValue for cardNumber
20:19:27.512 [main] DEBUG org.hibernate.cfg.annotations.PropertyBinder - Building property cardNumber
20:19:27.513 [main] DEBUG org.hibernate.cfg.Ejb3Column - Binding column: Ejb3Column{table=org.hibernate.mapping.Table(BankCardType), mappingColumn=cvv, insertable=true, updatable=true, unique=false}
20:19:27.513 [main] DEBUG org.hibernate.cfg.annotations.PropertyBinder - MetadataSourceProcessor property cvv with lazy=false
20:19:27.513 [main] DEBUG org.hibernate.cfg.AbstractPropertyHolder - Attempting to locate auto-apply AttributeConverter for property [io.swagger.model.BankCardType:cvv]
20:19:27.513 [main] DEBUG org.hibernate.cfg.annotations.SimpleValueBinder - building SimpleValue for cvv
20:19:27.514 [main] DEBUG org.hibernate.cfg.annotations.PropertyBinder - Building property cvv
20:19:27.514 [main] DEBUG org.hibernate.cfg.Ejb3Column - Binding column: Ejb3Column{table=org.hibernate.mapping.Table(BankCardType), mappingColumn=expirationDate, insertable=true, updatable=true, unique=false}
20:19:27.516 [main] DEBUG org.hibernate.cfg.annotations.PropertyBinder - MetadataSourceProcessor property expirationDate with lazy=false
20:19:27.517 [main] DEBUG org.hibernate.cfg.AbstractPropertyHolder - Attempting to locate auto-apply AttributeConverter for property [io.swagger.model.BankCardType:expirationDate]
20:19:27.517 [main] DEBUG org.hibernate.cfg.annotations.SimpleValueBinder - building SimpleValue for expirationDate
20:19:27.520 [main] DEBUG org.hibernate.cfg.annotations.PropertyBinder - Building property expirationDate
20:19:27.520 [main] DEBUG org.hibernate.cfg.Ejb3Column - Binding column: Ejb3Column{table=org.hibernate.mapping.Table(BankCardType), mappingColumn=lastFourDigits, insertable=true, updatable=true, unique=false}
20:19:27.520 [main] DEBUG org.hibernate.cfg.annotations.PropertyBinder - MetadataSourceProcessor property lastFourDigits with lazy=false
20:19:27.521 [main] DEBUG org.hibernate.cfg.AbstractPropertyHolder - Attempting to locate auto-apply AttributeConverter for property [io.swagger.model.BankCardType:lastFourDigits]
20:19:27.521 [main] DEBUG org.hibernate.cfg.annotations.SimpleValueBinder - building SimpleValue for lastFourDigits
20:19:27.521 [main] DEBUG org.hibernate.cfg.annotations.PropertyBinder - Building property lastFourDigits
20:19:27.521 [main] DEBUG org.hibernate.cfg.Ejb3Column - Binding column: Ejb3Column{table=org.hibernate.mapping.Table(BankCardType), mappingColumn=nameOnCard, insertable=true, updatable=true, unique=false}
20:19:27.521 [main] DEBUG org.hibernate.cfg.annotations.PropertyBinder - MetadataSourceProcessor property nameOnCard with lazy=false
20:19:27.521 [main] DEBUG org.hibernate.cfg.AbstractPropertyHolder - Attempting to locate auto-apply AttributeConverter for property [io.swagger.model.BankCardType:nameOnCard]
20:19:27.521 [main] DEBUG org.hibernate.cfg.annotations.SimpleValueBinder - building SimpleValue for nameOnCard
20:19:27.521 [main] DEBUG org.hibernate.cfg.annotations.PropertyBinder - Building property nameOnCard
20:19:27.522 [main] DEBUG org.hibernate.cfg.Ejb3Column - Binding column: Ejb3Column{table=org.hibernate.mapping.Table(BankCardType), mappingColumn=type, insertable=true, updatable=true, unique=false}
20:19:27.522 [main] DEBUG org.hibernate.cfg.annotations.PropertyBinder - MetadataSourceProcessor property type with lazy=false
20:19:27.522 [main] DEBUG org.hibernate.cfg.AbstractPropertyHolder - Attempting to locate auto-apply AttributeConverter for property [io.swagger.model.BankCardType:type]
20:19:27.524 [main] DEBUG org.hibernate.cfg.annotations.SimpleValueBinder - building SimpleValue for type
20:19:27.525 [main] DEBUG org.hibernate.cfg.annotations.PropertyBinder - Building property type
20:19:27.525 [main] DEBUG org.hibernate.cfg.AnnotationBinder - Binding entity from annotated class: io.swagger.model.CashType
20:19:27.525 [main] DEBUG org.hibernate.cfg.Ejb3Column - Binding column: Ejb3DiscriminatorColumn{logicalColumnName'DTYPE', discriminatorTypeName='string'}
20:19:27.525 [main] DEBUG org.hibernate.cfg.annotations.EntityBinder - Import with entity name CashType
20:19:27.526 [main] DEBUG org.hibernate.cfg.annotations.EntityBinder - Bind entity io.swagger.model.CashType on table CashType
20:19:27.527 [main] DEBUG org.hibernate.cfg.Ejb3Column - Binding column: Ejb3Column{table=org.hibernate.mapping.Table(CashType), mappingColumn=id, insertable=true, updatable=true, unique=false}
20:19:27.528 [main] DEBUG org.hibernate.cfg.annotations.PropertyBinder - MetadataSourceProcessor property id with lazy=false
20:19:27.528 [main] DEBUG org.hibernate.cfg.AbstractPropertyHolder - Attempting to locate auto-apply AttributeConverter for property [io.swagger.model.CashType:id]
20:19:27.528 [main] DEBUG org.hibernate.cfg.annotations.SimpleValueBinder - building SimpleValue for id
20:19:27.528 [main] DEBUG org.hibernate.cfg.annotations.PropertyBinder - Building property id
20:19:27.529 [main] DEBUG org.hibernate.cfg.Ejb3Column - Binding column: Ejb3Column{table=org.hibernate.mapping.Table(CashType), mappingColumn=cashierInfo, insertable=true, updatable=true, unique=false}
20:19:27.529 [main] DEBUG org.hibernate.cfg.annotations.PropertyBinder - MetadataSourceProcessor property cashierInfo with lazy=false
20:19:27.529 [main] DEBUG org.hibernate.cfg.AbstractPropertyHolder - Attempting to locate auto-apply AttributeConverter for property [io.swagger.model.CashType:cashierInfo]
20:19:27.529 [main] DEBUG org.hibernate.cfg.annotations.SimpleValueBinder - building SimpleValue for cashierInfo
20:19:27.529 [main] DEBUG org.hibernate.cfg.annotations.PropertyBinder - Building property cashierInfo
20:19:27.529 [main] DEBUG org.hibernate.cfg.AnnotationBinder - Binding entity from annotated class: io.swagger.model.ChannelRefType
20:19:27.529 [main] DEBUG org.hibernate.cfg.Ejb3Column - Binding column: Ejb3DiscriminatorColumn{logicalColumnName'DTYPE', discriminatorTypeName='string'}
20:19:27.529 [main] DEBUG org.hibernate.cfg.annotations.EntityBinder - Import with entity name ChannelRefType
20:19:27.531 [main] DEBUG org.hibernate.cfg.annotations.EntityBinder - Bind entity io.swagger.model.ChannelRefType on table ChannelRefType
20:19:27.534 [main] DEBUG org.hibernate.cfg.Ejb3Column - Binding column: Ejb3Column{table=org.hibernate.mapping.Table(ChannelRefType), mappingColumn=id, insertable=true, updatable=true, unique=false}
20:19:27.534 [main] DEBUG org.hibernate.cfg.annotations.PropertyBinder - MetadataSourceProcessor property id with lazy=false
20:19:27.535 [main] DEBUG org.hibernate.cfg.AbstractPropertyHolder - Attempting to locate auto-apply AttributeConverter for property [io.swagger.model.ChannelRefType:id]
20:19:27.535 [main] DEBUG org.hibernate.cfg.annotations.SimpleValueBinder - building SimpleValue for id
20:19:27.535 [main] DEBUG org.hibernate.cfg.annotations.PropertyBinder - Building property id
20:19:27.535 [main] DEBUG org.hibernate.cfg.Ejb3Column - Binding column: Ejb3Column{table=org.hibernate.mapping.Table(ChannelRefType), mappingColumn=description, insertable=true, updatable=true, unique=false}
20:19:27.535 [main] DEBUG org.hibernate.cfg.annotations.PropertyBinder - MetadataSourceProcessor property description with lazy=false
20:19:27.535 [main] DEBUG org.hibernate.cfg.AbstractPropertyHolder - Attempting to locate auto-apply AttributeConverter for property [io.swagger.model.ChannelRefType:description]
20:19:27.535 [main] DEBUG org.hibernate.cfg.annotations.SimpleValueBinder - building SimpleValue for description
20:19:27.535 [main] DEBUG org.hibernate.cfg.annotations.PropertyBinder - Building property description
20:19:27.537 [main] DEBUG org.hibernate.cfg.Ejb3Column - Binding column: Ejb3Column{table=org.hibernate.mapping.Table(ChannelRefType), mappingColumn=href, insertable=true, updatable=true, unique=false}
20:19:27.537 [main] DEBUG org.hibernate.cfg.annotations.PropertyBinder - MetadataSourceProcessor property href with lazy=false
20:19:27.537 [main] DEBUG org.hibernate.cfg.AbstractPropertyHolder - Attempting to locate auto-apply AttributeConverter for property [io.swagger.model.ChannelRefType:href]
20:19:27.537 [main] DEBUG org.hibernate.cfg.annotations.SimpleValueBinder - building SimpleValue for href
20:19:27.537 [main] DEBUG org.hibernate.cfg.annotations.PropertyBinder - Building property href
20:19:27.537 [main] DEBUG org.hibernate.cfg.Ejb3Column - Binding column: Ejb3Column{table=org.hibernate.mapping.Table(ChannelRefType), mappingColumn=name, insertable=true, updatable=true, unique=false}
20:19:27.538 [main] DEBUG org.hibernate.cfg.annotations.PropertyBinder - MetadataSourceProcessor property name with lazy=false
20:19:27.538 [main] DEBUG org.hibernate.cfg.AbstractPropertyHolder - Attempting to locate auto-apply AttributeConverter for property [io.swagger.model.ChannelRefType:name]
20:19:27.538 [main] DEBUG org.hibernate.cfg.annotations.SimpleValueBinder - building SimpleValue for name
20:19:27.538 [main] DEBUG org.hibernate.cfg.annotations.PropertyBinder - Building property name
20:19:27.538 [main] DEBUG org.hibernate.cfg.AnnotationBinder - Binding entity from annotated class: io.swagger.model.CheckType
20:19:27.538 [main] DEBUG org.hibernate.cfg.Ejb3Column - Binding column: Ejb3DiscriminatorColumn{logicalColumnName'DTYPE', discriminatorTypeName='string'}
20:19:27.538 [main] DEBUG org.hibernate.cfg.annotations.EntityBinder - Import with entity name CheckType
20:19:27.539 [main] DEBUG org.hibernate.cfg.annotations.EntityBinder - Bind entity io.swagger.model.CheckType on table CheckType
20:19:27.541 [main] DEBUG org.hibernate.cfg.Ejb3Column - Binding column: Ejb3Column{table=org.hibernate.mapping.Table(CheckType), mappingColumn=id, insertable=true, updatable=true, unique=false}
20:19:27.541 [main] DEBUG org.hibernate.cfg.annotations.PropertyBinder - MetadataSourceProcessor property id with lazy=false
20:19:27.541 [main] DEBUG org.hibernate.cfg.AbstractPropertyHolder - Attempting to locate auto-apply AttributeConverter for property [io.swagger.model.CheckType:id]
20:19:27.541 [main] DEBUG org.hibernate.cfg.annotations.SimpleValueBinder - building SimpleValue for id
20:19:27.559 [main] DEBUG org.hibernate.cfg.annotations.PropertyBinder - Building property id
20:19:27.559 [main] DEBUG org.hibernate.cfg.Ejb3Column - Binding column: Ejb3Column{table=org.hibernate.mapping.Table(CheckType), mappingColumn=bank, insertable=true, updatable=true, unique=false}
20:19:27.559 [main] DEBUG org.hibernate.cfg.annotations.PropertyBinder - MetadataSourceProcessor property bank with lazy=false
20:19:27.559 [main] DEBUG org.hibernate.cfg.AbstractPropertyHolder - Attempting to locate auto-apply AttributeConverter for property [io.swagger.model.CheckType:bank]
20:19:27.559 [main] DEBUG org.hibernate.cfg.annotations.SimpleValueBinder - building SimpleValue for bank
20:19:27.560 [main] DEBUG org.hibernate.cfg.annotations.PropertyBinder - Building property bank
20:19:27.560 [main] DEBUG org.hibernate.cfg.Ejb3Column - Binding column: Ejb3Column{table=org.hibernate.mapping.Table(CheckType), mappingColumn=checkId, insertable=true, updatable=true, unique=false}
20:19:27.560 [main] DEBUG org.hibernate.cfg.annotations.PropertyBinder - MetadataSourceProcessor property checkId with lazy=false
20:19:27.560 [main] DEBUG org.hibernate.cfg.AbstractPropertyHolder - Attempting to locate auto-apply AttributeConverter for property [io.swagger.model.CheckType:checkId]
20:19:27.560 [main] DEBUG org.hibernate.cfg.annotations.SimpleValueBinder - building SimpleValue for checkId
20:19:27.560 [main] DEBUG org.hibernate.cfg.annotations.PropertyBinder - Building property checkId
20:19:27.560 [main] DEBUG org.hibernate.cfg.Ejb3Column - Binding column: Ejb3Column{table=org.hibernate.mapping.Table(CheckType), mappingColumn=date, insertable=true, updatable=true, unique=false}
20:19:27.561 [main] DEBUG org.hibernate.cfg.annotations.PropertyBinder - MetadataSourceProcessor property date with lazy=false
20:19:27.561 [main] DEBUG org.hibernate.cfg.AbstractPropertyHolder - Attempting to locate auto-apply AttributeConverter for property [io.swagger.model.CheckType:date]
20:19:27.561 [main] DEBUG org.hibernate.cfg.annotations.SimpleValueBinder - building SimpleValue for date
20:19:27.561 [main] DEBUG org.hibernate.cfg.annotations.PropertyBinder - Building property date
20:19:27.561 [main] DEBUG org.hibernate.cfg.Ejb3Column - Binding column: Ejb3Column{table=org.hibernate.mapping.Table(CheckType), mappingColumn=drawer, insertable=true, updatable=true, unique=false}
20:19:27.561 [main] DEBUG org.hibernate.cfg.annotations.PropertyBinder - MetadataSourceProcessor property drawer with lazy=false
20:19:27.561 [main] DEBUG org.hibernate.cfg.AbstractPropertyHolder - Attempting to locate auto-apply AttributeConverter for property [io.swagger.model.CheckType:drawer]
20:19:27.561 [main] DEBUG org.hibernate.cfg.annotations.SimpleValueBinder - building SimpleValue for drawer
20:19:27.561 [main] DEBUG org.hibernate.cfg.annotations.PropertyBinder - Building property drawer
20:19:27.562 [main] DEBUG org.hibernate.cfg.Ejb3Column - Binding column: Ejb3Column{table=org.hibernate.mapping.Table(CheckType), mappingColumn=payee, insertable=true, updatable=true, unique=false}
20:19:27.562 [main] DEBUG org.hibernate.cfg.annotations.PropertyBinder - MetadataSourceProcessor property payee with lazy=false
20:19:27.562 [main] DEBUG org.hibernate.cfg.AbstractPropertyHolder - Attempting to locate auto-apply AttributeConverter for property [io.swagger.model.CheckType:payee]
20:19:27.562 [main] DEBUG org.hibernate.cfg.annotations.SimpleValueBinder - building SimpleValue for payee
20:19:27.562 [main] DEBUG org.hibernate.cfg.annotations.PropertyBinder - Building property payee
20:19:27.562 [main] DEBUG org.hibernate.cfg.AnnotationBinder - Binding entity from annotated class: io.swagger.model.DigitalWalletType
20:19:27.562 [main] DEBUG org.hibernate.cfg.Ejb3Column - Binding column: Ejb3DiscriminatorColumn{logicalColumnName'DTYPE', discriminatorTypeName='string'}
20:19:27.563 [main] DEBUG org.hibernate.cfg.annotations.EntityBinder - Import with entity name DigitalWalletType
20:19:27.563 [main] DEBUG org.hibernate.cfg.annotations.EntityBinder - Bind entity io.swagger.model.DigitalWalletType on table DigitalWalletType
20:19:27.565 [main] DEBUG org.hibernate.cfg.Ejb3Column - Binding column: Ejb3Column{table=org.hibernate.mapping.Table(DigitalWalletType), mappingColumn=id, insertable=true, updatable=true, unique=false}
20:19:27.565 [main] DEBUG org.hibernate.cfg.annotations.PropertyBinder - MetadataSourceProcessor property id with lazy=false
20:19:27.565 [main] DEBUG org.hibernate.cfg.AbstractPropertyHolder - Attempting to locate auto-apply AttributeConverter for property [io.swagger.model.DigitalWalletType:id]
20:19:27.566 [main] DEBUG org.hibernate.cfg.annotations.SimpleValueBinder - building SimpleValue for id
20:19:27.566 [main] DEBUG org.hibernate.cfg.annotations.PropertyBinder - Building property id
20:19:27.566 [main] DEBUG org.hibernate.cfg.Ejb3Column - Binding column: Ejb3Column{table=org.hibernate.mapping.Table(DigitalWalletType), mappingColumn=service, insertable=true, updatable=true, unique=false}
20:19:27.566 [main] DEBUG org.hibernate.cfg.annotations.PropertyBinder - MetadataSourceProcessor property service with lazy=false
20:19:27.566 [main] DEBUG org.hibernate.cfg.AbstractPropertyHolder - Attempting to locate auto-apply AttributeConverter for property [io.swagger.model.DigitalWalletType:service]
20:19:27.566 [main] DEBUG org.hibernate.cfg.annotations.SimpleValueBinder - building SimpleValue for service
20:19:27.566 [main] DEBUG org.hibernate.cfg.annotations.PropertyBinder - Building property service
20:19:27.567 [main] DEBUG org.hibernate.cfg.Ejb3Column - Binding column: Ejb3Column{table=org.hibernate.mapping.Table(DigitalWalletType), mappingColumn=walletId, insertable=true, updatable=true, unique=false}
20:19:27.567 [main] DEBUG org.hibernate.cfg.annotations.PropertyBinder - MetadataSourceProcessor property walletId with lazy=false
20:19:27.567 [main] DEBUG org.hibernate.cfg.AbstractPropertyHolder - Attempting to locate auto-apply AttributeConverter for property [io.swagger.model.DigitalWalletType:walletId]
20:19:27.567 [main] DEBUG org.hibernate.cfg.annotations.SimpleValueBinder - building SimpleValue for walletId
20:19:27.567 [main] DEBUG org.hibernate.cfg.annotations.PropertyBinder - Building property walletId
20:19:27.567 [main] DEBUG org.hibernate.cfg.Ejb3Column - Binding column: Ejb3Column{table=org.hibernate.mapping.Table(DigitalWalletType), mappingColumn=walletUrl, insertable=true, updatable=true, unique=false}
20:19:27.567 [main] DEBUG org.hibernate.cfg.annotations.PropertyBinder - MetadataSourceProcessor property walletUrl with lazy=false
20:19:27.567 [main] DEBUG org.hibernate.cfg.AbstractPropertyHolder - Attempting to locate auto-apply AttributeConverter for property [io.swagger.model.DigitalWalletType:walletUrl]
20:19:27.567 [main] DEBUG org.hibernate.cfg.annotations.SimpleValueBinder - building SimpleValue for walletUrl
20:19:27.568 [main] DEBUG org.hibernate.cfg.annotations.PropertyBinder - Building property walletUrl
20:19:27.568 [main] DEBUG org.hibernate.cfg.AnnotationBinder - Binding entity from annotated class: io.swagger.model.EntityRefType
20:19:27.568 [main] DEBUG org.hibernate.cfg.Ejb3Column - Binding column: Ejb3DiscriminatorColumn{logicalColumnName'DTYPE', discriminatorTypeName='string'}
20:19:27.568 [main] DEBUG org.hibernate.cfg.annotations.EntityBinder - Import with entity name EntityRefType
20:19:27.568 [main] DEBUG org.hibernate.cfg.annotations.EntityBinder - Bind entity io.swagger.model.EntityRefType on table EntityRefType
20:19:27.570 [main] DEBUG org.hibernate.cfg.Ejb3Column - Binding column: Ejb3Column{table=org.hibernate.mapping.Table(EntityRefType), mappingColumn=id, insertable=true, updatable=true, unique=false}
20:19:27.570 [main] DEBUG org.hibernate.cfg.annotations.PropertyBinder - MetadataSourceProcessor property id with lazy=false
20:19:27.570 [main] DEBUG org.hibernate.cfg.AbstractPropertyHolder - Attempting to locate auto-apply AttributeConverter for property [io.swagger.model.EntityRefType:id]
20:19:27.570 [main] DEBUG org.hibernate.cfg.annotations.SimpleValueBinder - building SimpleValue for id
20:19:27.571 [main] DEBUG org.hibernate.cfg.annotations.PropertyBinder - Building property id
20:19:27.571 [main] DEBUG org.hibernate.cfg.Ejb3Column - Binding column: Ejb3Column{table=org.hibernate.mapping.Table(EntityRefType), mappingColumn=description, insertable=true, updatable=true, unique=false}
20:19:27.571 [main] DEBUG org.hibernate.cfg.annotations.PropertyBinder - MetadataSourceProcessor property description with lazy=false
20:19:27.571 [main] DEBUG org.hibernate.cfg.AbstractPropertyHolder - Attempting to locate auto-apply AttributeConverter for property [io.swagger.model.EntityRefType:description]
20:19:27.571 [main] DEBUG org.hibernate.cfg.annotations.SimpleValueBinder - building SimpleValue for description
20:19:27.571 [main] DEBUG org.hibernate.cfg.annotations.PropertyBinder - Building property description
20:19:27.571 [main] DEBUG org.hibernate.cfg.Ejb3Column - Binding column: Ejb3Column{table=org.hibernate.mapping.Table(EntityRefType), mappingColumn=href, insertable=true, updatable=true, unique=false}
20:19:27.572 [main] DEBUG org.hibernate.cfg.annotations.PropertyBinder - MetadataSourceProcessor property href with lazy=false
20:19:27.572 [main] DEBUG org.hibernate.cfg.AbstractPropertyHolder - Attempting to locate auto-apply AttributeConverter for property [io.swagger.model.EntityRefType:href]
20:19:27.572 [main] DEBUG org.hibernate.cfg.annotations.SimpleValueBinder - building SimpleValue for href
20:19:27.572 [main] DEBUG org.hibernate.cfg.annotations.PropertyBinder - Building property href
20:19:27.572 [main] DEBUG org.hibernate.cfg.Ejb3Column - Binding column: Ejb3Column{table=org.hibernate.mapping.Table(EntityRefType), mappingColumn=name, insertable=true, updatable=true, unique=false}
20:19:27.572 [main] DEBUG org.hibernate.cfg.annotations.PropertyBinder - MetadataSourceProcessor property name with lazy=false
20:19:27.572 [main] DEBUG org.hibernate.cfg.AbstractPropertyHolder - Attempting to locate auto-apply AttributeConverter for property [io.swagger.model.EntityRefType:name]
20:19:27.572 [main] DEBUG org.hibernate.cfg.annotations.SimpleValueBinder - building SimpleValue for name
20:19:27.572 [main] DEBUG org.hibernate.cfg.annotations.PropertyBinder - Building property name
20:19:27.573 [main] DEBUG org.hibernate.cfg.Ejb3Column - Binding column: Ejb3Column{table=org.hibernate.mapping.Table(EntityRefType), mappingColumn=type, insertable=true, updatable=true, unique=false}
20:19:27.573 [main] DEBUG org.hibernate.cfg.annotations.PropertyBinder - MetadataSourceProcessor property type with lazy=false
20:19:27.573 [main] DEBUG org.hibernate.cfg.AbstractPropertyHolder - Attempting to locate auto-apply AttributeConverter for property [io.swagger.model.EntityRefType:type]
20:19:27.573 [main] DEBUG org.hibernate.cfg.annotations.SimpleValueBinder - building SimpleValue for type
20:19:27.573 [main] DEBUG org.hibernate.cfg.annotations.PropertyBinder - Building property type
20:19:27.573 [main] DEBUG org.hibernate.cfg.AnnotationBinder - Binding entity from annotated class: io.swagger.model.MoneyType
20:19:27.573 [main] DEBUG org.hibernate.cfg.Ejb3Column - Binding column: Ejb3DiscriminatorColumn{logicalColumnName'DTYPE', discriminatorTypeName='string'}
20:19:27.573 [main] DEBUG org.hibernate.cfg.annotations.EntityBinder - Import with entity name MoneyType
20:19:27.574 [main] DEBUG org.hibernate.cfg.annotations.EntityBinder - Bind entity io.swagger.model.MoneyType on table MoneyType
20:19:27.575 [main] DEBUG org.hibernate.cfg.Ejb3Column - Binding column: Ejb3Column{table=org.hibernate.mapping.Table(MoneyType), mappingColumn=id, insertable=true, updatable=true, unique=false}
20:19:27.575 [main] DEBUG org.hibernate.cfg.annotations.PropertyBinder - MetadataSourceProcessor property id with lazy=false
20:19:27.575 [main] DEBUG org.hibernate.cfg.AbstractPropertyHolder - Attempting to locate auto-apply AttributeConverter for property [io.swagger.model.MoneyType:id]
20:19:27.576 [main] DEBUG org.hibernate.cfg.annotations.SimpleValueBinder - building SimpleValue for id
20:19:27.576 [main] DEBUG org.hibernate.cfg.annotations.PropertyBinder - Building property id
20:19:27.576 [main] DEBUG org.hibernate.cfg.Ejb3Column - Binding column: Ejb3Column{table=org.hibernate.mapping.Table(MoneyType), mappingColumn=amount, insertable=true, updatable=true, unique=false}
20:19:27.576 [main] DEBUG org.hibernate.cfg.annotations.PropertyBinder - MetadataSourceProcessor property amount with lazy=false
20:19:27.576 [main] DEBUG org.hibernate.cfg.AbstractPropertyHolder - Attempting to locate auto-apply AttributeConverter for property [io.swagger.model.MoneyType:amount]
20:19:27.576 [main] DEBUG org.hibernate.cfg.annotations.SimpleValueBinder - building SimpleValue for amount
20:19:27.577 [main] DEBUG org.hibernate.cfg.annotations.PropertyBinder - Building property amount
20:19:27.577 [main] DEBUG org.hibernate.cfg.Ejb3Column - Binding column: Ejb3Column{table=org.hibernate.mapping.Table(MoneyType), mappingColumn=units, insertable=true, updatable=true, unique=false}
20:19:27.577 [main] DEBUG org.hibernate.cfg.annotations.PropertyBinder - MetadataSourceProcessor property units with lazy=false
20:19:27.577 [main] DEBUG org.hibernate.cfg.AbstractPropertyHolder - Attempting to locate auto-apply AttributeConverter for property [io.swagger.model.MoneyType:units]
20:19:27.577 [main] DEBUG org.hibernate.cfg.annotations.SimpleValueBinder - building SimpleValue for units
20:19:27.577 [main] DEBUG org.hibernate.cfg.annotations.PropertyBinder - Building property units
20:19:27.577 [main] DEBUG org.hibernate.cfg.AnnotationBinder - Binding entity from annotated class: io.swagger.model.PaymentItemType
20:19:27.578 [main] DEBUG org.hibernate.cfg.Ejb3Column - Binding column: Ejb3DiscriminatorColumn{logicalColumnName'DTYPE', discriminatorTypeName='string'}
20:19:27.578 [main] DEBUG org.hibernate.cfg.annotations.EntityBinder - Import with entity name PaymentItemType
20:19:27.578 [main] DEBUG org.hibernate.cfg.annotations.EntityBinder - Bind entity io.swagger.model.PaymentItemType on table PaymentItemType
20:19:27.582 [main] DEBUG org.hibernate.cfg.Ejb3Column - Binding column: Ejb3Column{table=org.hibernate.mapping.Table(PaymentItemType), mappingColumn=id, insertable=true, updatable=true, unique=false}
20:19:27.583 [main] DEBUG org.hibernate.cfg.annotations.PropertyBinder - MetadataSourceProcessor property id with lazy=false
20:19:27.583 [main] DEBUG org.hibernate.cfg.AbstractPropertyHolder - Attempting to locate auto-apply AttributeConverter for property [io.swagger.model.PaymentItemType:id]
20:19:27.583 [main] DEBUG org.hibernate.cfg.annotations.SimpleValueBinder - building SimpleValue for id
20:19:27.583 [main] DEBUG org.hibernate.cfg.annotations.PropertyBinder - Building property id
20:19:27.585 [main] DEBUG org.hibernate.cfg.Ejb3Column - Binding column: Ejb3JoinColumn{logicalColumnName='null', referencedColumn='null', mappedBy=''}
20:19:27.585 [main] DEBUG org.hibernate.cfg.Ejb3Column - Binding column: Ejb3Column{table=org.hibernate.mapping.Table(PaymentItemType), mappingColumn=amount, insertable=true, updatable=true, unique=false}
20:19:27.605 [main] DEBUG org.hibernate.cfg.annotations.PropertyBinder - Building property amount
20:19:27.607 [main] DEBUG org.hibernate.cfg.Ejb3Column - Binding column: Ejb3JoinColumn{logicalColumnName='null', referencedColumn='null', mappedBy=''}
20:19:27.607 [main] DEBUG org.hibernate.cfg.Ejb3Column - Binding column: Ejb3Column{table=org.hibernate.mapping.Table(PaymentItemType), mappingColumn=item, insertable=true, updatable=true, unique=false}
20:19:27.607 [main] DEBUG org.hibernate.cfg.annotations.PropertyBinder - Building property item
20:19:27.607 [main] DEBUG org.hibernate.cfg.Ejb3Column - Binding column: Ejb3JoinColumn{logicalColumnName='null', referencedColumn='null', mappedBy=''}
20:19:27.608 [main] DEBUG org.hibernate.cfg.Ejb3Column - Binding column: Ejb3Column{table=org.hibernate.mapping.Table(PaymentItemType), mappingColumn=taxAmount, insertable=true, updatable=true, unique=false}
20:19:27.608 [main] DEBUG org.hibernate.cfg.annotations.PropertyBinder - Building property taxAmount
20:19:27.608 [main] DEBUG org.hibernate.cfg.Ejb3Column - Binding column: Ejb3JoinColumn{logicalColumnName='null', referencedColumn='null', mappedBy=''}
20:19:27.608 [main] DEBUG org.hibernate.cfg.Ejb3Column - Binding column: Ejb3Column{table=org.hibernate.mapping.Table(PaymentItemType), mappingColumn=totalAmount, insertable=true, updatable=true, unique=false}
20:19:27.608 [main] DEBUG org.hibernate.cfg.annotations.PropertyBinder - Building property totalAmount
20:19:27.608 [main] DEBUG org.hibernate.cfg.AnnotationBinder - Binding entity from annotated class: io.swagger.model.PaymentMethodType
20:19:27.609 [main] DEBUG org.hibernate.cfg.Ejb3Column - Binding column: Ejb3DiscriminatorColumn{logicalColumnName'DTYPE', discriminatorTypeName='string'}
20:19:27.609 [main] DEBUG org.hibernate.cfg.annotations.EntityBinder - Import with entity name PaymentMethodType
20:19:27.609 [main] DEBUG org.hibernate.cfg.annotations.EntityBinder - Bind entity io.swagger.model.PaymentMethodType on table PaymentMethodType
20:19:27.625 [main] DEBUG org.hibernate.cfg.Ejb3Column - Binding column: Ejb3Column{table=org.hibernate.mapping.Table(PaymentMethodType), mappingColumn=id, insertable=true, updatable=true, unique=false}
20:19:27.625 [main] DEBUG org.hibernate.cfg.annotations.PropertyBinder - MetadataSourceProcessor property id with lazy=false
20:19:27.625 [main] DEBUG org.hibernate.cfg.AbstractPropertyHolder - Attempting to locate auto-apply AttributeConverter for property [io.swagger.model.PaymentMethodType:id]
20:19:27.626 [main] DEBUG org.hibernate.cfg.annotations.SimpleValueBinder - building SimpleValue for id
20:19:27.626 [main] DEBUG org.hibernate.cfg.annotations.PropertyBinder - Building property id
20:19:27.626 [main] DEBUG org.hibernate.cfg.Ejb3Column - Binding column: Ejb3Column{table=org.hibernate.mapping.Table(PaymentMethodType), mappingColumn=authorizationCode, insertable=true, updatable=true, unique=false}
20:19:27.626 [main] DEBUG org.hibernate.cfg.annotations.PropertyBinder - MetadataSourceProcessor property authorizationCode with lazy=false
20:19:27.626 [main] DEBUG org.hibernate.cfg.AbstractPropertyHolder - Attempting to locate auto-apply AttributeConverter for property [io.swagger.model.PaymentMethodType:authorizationCode]
20:19:27.626 [main] DEBUG org.hibernate.cfg.annotations.SimpleValueBinder - building SimpleValue for authorizationCode
20:19:27.626 [main] DEBUG org.hibernate.cfg.annotations.PropertyBinder - Building property authorizationCode
20:19:27.626 [main] DEBUG org.hibernate.cfg.Ejb3Column - Binding column: Ejb3Column{table=org.hibernate.mapping.Table(PaymentMethodType), mappingColumn=description, insertable=true, updatable=true, unique=false}
20:19:27.627 [main] DEBUG org.hibernate.cfg.annotations.PropertyBinder - MetadataSourceProcessor property description with lazy=false
20:19:27.627 [main] DEBUG org.hibernate.cfg.AbstractPropertyHolder - Attempting to locate auto-apply AttributeConverter for property [io.swagger.model.PaymentMethodType:description]
20:19:27.627 [main] DEBUG org.hibernate.cfg.annotations.SimpleValueBinder - building SimpleValue for description
20:19:27.627 [main] DEBUG org.hibernate.cfg.annotations.PropertyBinder - Building property description
20:19:27.627 [main] DEBUG org.hibernate.cfg.Ejb3Column - Binding column: Ejb3Column{table=org.hibernate.mapping.Table(PaymentMethodType), mappingColumn=href, insertable=true, updatable=true, unique=false}
20:19:27.627 [main] DEBUG org.hibernate.cfg.annotations.PropertyBinder - MetadataSourceProcessor property href with lazy=false
20:19:27.627 [main] DEBUG org.hibernate.cfg.AbstractPropertyHolder - Attempting to locate auto-apply AttributeConverter for property [io.swagger.model.PaymentMethodType:href]
20:19:27.627 [main] DEBUG org.hibernate.cfg.annotations.SimpleValueBinder - building SimpleValue for href
20:19:27.627 [main] DEBUG org.hibernate.cfg.annotations.PropertyBinder - Building property href
20:19:27.627 [main] DEBUG org.hibernate.cfg.Ejb3Column - Binding column: Ejb3Column{table=org.hibernate.mapping.Table(PaymentMethodType), mappingColumn=name, insertable=true, updatable=true, unique=false}
20:19:27.628 [main] DEBUG org.hibernate.cfg.annotations.PropertyBinder - MetadataSourceProcessor property name with lazy=false
20:19:27.628 [main] DEBUG org.hibernate.cfg.AbstractPropertyHolder - Attempting to locate auto-apply AttributeConverter for property [io.swagger.model.PaymentMethodType:name]
20:19:27.628 [main] DEBUG org.hibernate.cfg.annotations.SimpleValueBinder - building SimpleValue for name
20:19:27.628 [main] DEBUG org.hibernate.cfg.annotations.PropertyBinder - Building property name
20:19:27.628 [main] DEBUG org.hibernate.cfg.Ejb3Column - Binding column: Ejb3Column{table=org.hibernate.mapping.Table(PaymentMethodType), mappingColumn=preferred, insertable=true, updatable=true, unique=false}
20:19:27.628 [main] DEBUG org.hibernate.cfg.annotations.PropertyBinder - MetadataSourceProcessor property preferred with lazy=false
20:19:27.628 [main] DEBUG org.hibernate.cfg.AbstractPropertyHolder - Attempting to locate auto-apply AttributeConverter for property [io.swagger.model.PaymentMethodType:preferred]
20:19:27.629 [main] DEBUG org.hibernate.cfg.annotations.SimpleValueBinder - building SimpleValue for preferred
20:19:27.629 [main] DEBUG org.hibernate.cfg.annotations.PropertyBinder - Building property preferred
20:19:27.629 [main] DEBUG org.hibernate.cfg.Ejb3Column - Binding column: Ejb3JoinColumn{logicalColumnName='null', referencedColumn='null', mappedBy=''}
20:19:27.629 [main] DEBUG org.hibernate.cfg.Ejb3Column - Binding column: Ejb3Column{table=org.hibernate.mapping.Table(PaymentMethodType), mappingColumn=relatedParty, insertable=true, updatable=true, unique=false}
20:19:27.631 [main] DEBUG org.hibernate.cfg.Ejb3Column - Binding column: Ejb3Column{table=org.hibernate.mapping.Table(PaymentMethodType), mappingColumn=null, insertable=true, updatable=true, unique=false}
20:19:27.647 [main] DEBUG org.hibernate.cfg.Ejb3Column - Binding column: Ejb3Column{table=org.hibernate.mapping.Table(PaymentMethodType), mappingColumn=element, insertable=true, updatable=true, unique=false}
20:19:27.653 [main] DEBUG org.hibernate.cfg.Ejb3Column - Binding column: Ejb3Column{table=org.hibernate.mapping.Table(PaymentMethodType), mappingColumn=relatedParty_KEY, insertable=true, updatable=true, unique=false}
20:19:27.654 [main] DEBUG org.hibernate.cfg.Ejb3Column - Binding column: Ejb3JoinColumn{logicalColumnName='relatedParty_KEY', referencedColumn='null', mappedBy='null'}
20:19:27.655 [main] DEBUG org.hibernate.cfg.Ejb3Column - Binding column: Ejb3JoinColumn{logicalColumnName='null', referencedColumn='null', mappedBy=''}
20:19:27.655 [main] DEBUG org.hibernate.cfg.Ejb3Column - Binding column: Ejb3JoinColumn{logicalColumnName='null', referencedColumn='null', mappedBy=''}
20:19:27.656 [main] DEBUG org.hibernate.cfg.annotations.CollectionBinder - Collection role: io.swagger.model.PaymentMethodType.relatedParty
20:19:27.661 [main] DEBUG org.hibernate.cfg.annotations.PropertyBinder - Building property relatedParty
20:19:27.662 [main] DEBUG org.hibernate.cfg.Ejb3Column - Binding column: Ejb3Column{table=org.hibernate.mapping.Table(PaymentMethodType), mappingColumn=status, insertable=true, updatable=true, unique=false}
20:19:27.662 [main] DEBUG org.hibernate.cfg.annotations.PropertyBinder - MetadataSourceProcessor property status with lazy=false
20:19:27.662 [main] DEBUG org.hibernate.cfg.AbstractPropertyHolder - Attempting to locate auto-apply AttributeConverter for property [io.swagger.model.PaymentMethodType:status]
20:19:27.662 [main] DEBUG org.hibernate.cfg.annotations.SimpleValueBinder - building SimpleValue for status
20:19:27.662 [main] DEBUG org.hibernate.cfg.annotations.PropertyBinder - Building property status
20:19:27.663 [main] DEBUG org.hibernate.cfg.Ejb3Column - Binding column: Ejb3Column{table=org.hibernate.mapping.Table(PaymentMethodType), mappingColumn=statusDate, insertable=true, updatable=true, unique=false}
20:19:27.663 [main] DEBUG org.hibernate.cfg.annotations.PropertyBinder - MetadataSourceProcessor property statusDate with lazy=false
20:19:27.663 [main] DEBUG org.hibernate.cfg.AbstractPropertyHolder - Attempting to locate auto-apply AttributeConverter for property [io.swagger.model.PaymentMethodType:statusDate]
20:19:27.663 [main] DEBUG org.hibernate.cfg.annotations.SimpleValueBinder - building SimpleValue for statusDate
20:19:27.663 [main] DEBUG org.hibernate.cfg.annotations.PropertyBinder - Building property statusDate
20:19:27.663 [main] DEBUG org.hibernate.cfg.Ejb3Column - Binding column: Ejb3Column{table=org.hibernate.mapping.Table(PaymentMethodType), mappingColumn=type, insertable=true, updatable=true, unique=false}
20:19:27.663 [main] DEBUG org.hibernate.cfg.annotations.PropertyBinder - MetadataSourceProcessor property type with lazy=false
20:19:27.664 [main] DEBUG org.hibernate.cfg.AbstractPropertyHolder - Attempting to locate auto-apply AttributeConverter for property [io.swagger.model.PaymentMethodType:type]
20:19:27.664 [main] DEBUG org.hibernate.cfg.annotations.SimpleValueBinder - building SimpleValue for type
20:19:27.664 [main] DEBUG org.hibernate.cfg.annotations.PropertyBinder - Building property type
20:19:27.664 [main] DEBUG org.hibernate.cfg.Ejb3Column - Binding column: Ejb3JoinColumn{logicalColumnName='null', referencedColumn='null', mappedBy=''}
20:19:27.664 [main] DEBUG org.hibernate.cfg.Ejb3Column - Binding column: Ejb3Column{table=org.hibernate.mapping.Table(PaymentMethodType), mappingColumn=validFor, insertable=true, updatable=true, unique=false}
20:19:27.664 [main] DEBUG org.hibernate.cfg.annotations.PropertyBinder - Building property validFor
20:19:27.664 [main] DEBUG org.hibernate.cfg.AnnotationBinder - Binding entity from annotated class: io.swagger.model.PaymentRefType
20:19:27.665 [main] DEBUG org.hibernate.cfg.Ejb3Column - Binding column: Ejb3DiscriminatorColumn{logicalColumnName'DTYPE', discriminatorTypeName='string'}
20:19:27.665 [main] DEBUG org.hibernate.cfg.annotations.EntityBinder - Import with entity name PaymentRefType
20:19:27.665 [main] DEBUG org.hibernate.cfg.annotations.EntityBinder - Bind entity io.swagger.model.PaymentRefType on table PaymentRefType
20:19:27.668 [main] DEBUG org.hibernate.cfg.Ejb3Column - Binding column: Ejb3Column{table=org.hibernate.mapping.Table(PaymentRefType), mappingColumn=id, insertable=true, updatable=true, unique=false}
20:19:27.668 [main] DEBUG org.hibernate.cfg.annotations.PropertyBinder - MetadataSourceProcessor property id with lazy=false
20:19:27.668 [main] DEBUG org.hibernate.cfg.AbstractPropertyHolder - Attempting to locate auto-apply AttributeConverter for property [io.swagger.model.PaymentRefType:id]
20:19:27.668 [main] DEBUG org.hibernate.cfg.annotations.SimpleValueBinder - building SimpleValue for id
20:19:27.668 [main] DEBUG org.hibernate.cfg.annotations.PropertyBinder - Building property id
20:19:27.669 [main] DEBUG org.hibernate.cfg.Ejb3Column - Binding column: Ejb3Column{table=org.hibernate.mapping.Table(PaymentRefType), mappingColumn=description, insertable=true, updatable=true, unique=false}
20:19:27.669 [main] DEBUG org.hibernate.cfg.annotations.PropertyBinder - MetadataSourceProcessor property description with lazy=false
20:19:27.669 [main] DEBUG org.hibernate.cfg.AbstractPropertyHolder - Attempting to locate auto-apply AttributeConverter for property [io.swagger.model.PaymentRefType:description]
20:19:27.669 [main] DEBUG org.hibernate.cfg.annotations.SimpleValueBinder - building SimpleValue for description
20:19:27.669 [main] DEBUG org.hibernate.cfg.annotations.PropertyBinder - Building property description
20:19:27.669 [main] DEBUG org.hibernate.cfg.Ejb3Column - Binding column: Ejb3Column{table=org.hibernate.mapping.Table(PaymentRefType), mappingColumn=href, insertable=true, updatable=true, unique=false}
20:19:27.669 [main] DEBUG org.hibernate.cfg.annotations.PropertyBinder - MetadataSourceProcessor property href with lazy=false
20:19:27.669 [main] DEBUG org.hibernate.cfg.AbstractPropertyHolder - Attempting to locate auto-apply AttributeConverter for property [io.swagger.model.PaymentRefType:href]
20:19:27.669 [main] DEBUG org.hibernate.cfg.annotations.SimpleValueBinder - building SimpleValue for href
20:19:27.670 [main] DEBUG org.hibernate.cfg.annotations.PropertyBinder - Building property href
20:19:27.670 [main] DEBUG org.hibernate.cfg.Ejb3Column - Binding column: Ejb3Column{table=org.hibernate.mapping.Table(PaymentRefType), mappingColumn=name, insertable=true, updatable=true, unique=false}
20:19:27.670 [main] DEBUG org.hibernate.cfg.annotations.PropertyBinder - MetadataSourceProcessor property name with lazy=false
20:19:27.670 [main] DEBUG org.hibernate.cfg.AbstractPropertyHolder - Attempting to locate auto-apply AttributeConverter for property [io.swagger.model.PaymentRefType:name]
20:19:27.670 [main] DEBUG org.hibernate.cfg.annotations.SimpleValueBinder - building SimpleValue for name
20:19:27.670 [main] DEBUG org.hibernate.cfg.annotations.PropertyBinder - Building property name
20:19:27.670 [main] DEBUG org.hibernate.cfg.AnnotationBinder - Binding entity from annotated class: io.swagger.model.PaymentType
20:19:27.670 [main] DEBUG org.hibernate.cfg.Ejb3Column - Binding column: Ejb3DiscriminatorColumn{logicalColumnName'DTYPE', discriminatorTypeName='string'}
20:19:27.671 [main] DEBUG org.hibernate.cfg.annotations.EntityBinder - Import with entity name PaymentType
20:19:27.671 [main] DEBUG org.hibernate.cfg.annotations.EntityBinder - Bind entity io.swagger.model.PaymentType on table PaymentType
20:19:27.680 [main] DEBUG org.hibernate.cfg.Ejb3Column - Binding column: Ejb3Column{table=org.hibernate.mapping.Table(PaymentType), mappingColumn=id, insertable=true, updatable=true, unique=false}
20:19:27.680 [main] DEBUG org.hibernate.cfg.annotations.PropertyBinder - MetadataSourceProcessor property id with lazy=false
20:19:27.680 [main] DEBUG org.hibernate.cfg.AbstractPropertyHolder - Attempting to locate auto-apply AttributeConverter for property [io.swagger.model.PaymentType:id]
20:19:27.680 [main] DEBUG org.hibernate.cfg.annotations.SimpleValueBinder - building SimpleValue for id
20:19:27.680 [main] DEBUG org.hibernate.cfg.annotations.PropertyBinder - Building property id
20:19:27.681 [main] DEBUG org.hibernate.cfg.Ejb3Column - Binding column: Ejb3JoinColumn{logicalColumnName='null', referencedColumn='null', mappedBy=''}
20:19:27.681 [main] DEBUG org.hibernate.cfg.Ejb3Column - Binding column: Ejb3Column{table=org.hibernate.mapping.Table(PaymentType), mappingColumn=account, insertable=true, updatable=true, unique=false}
20:19:27.681 [main] DEBUG org.hibernate.cfg.annotations.PropertyBinder - Building property account
20:19:27.681 [main] DEBUG org.hibernate.cfg.Ejb3Column - Binding column: Ejb3JoinColumn{logicalColumnName='null', referencedColumn='null', mappedBy=''}
20:19:27.681 [main] DEBUG org.hibernate.cfg.Ejb3Column - Binding column: Ejb3Column{table=org.hibernate.mapping.Table(PaymentType), mappingColumn=amount, insertable=true, updatable=true, unique=false}
20:19:27.682 [main] DEBUG org.hibernate.cfg.annotations.PropertyBinder - Building property amount
20:19:27.682 [main] DEBUG org.hibernate.cfg.Ejb3Column - Binding column: Ejb3Column{table=org.hibernate.mapping.Table(PaymentType), mappingColumn=authorizationCode, insertable=true, updatable=true, unique=false}
20:19:27.682 [main] DEBUG org.hibernate.cfg.annotations.PropertyBinder - MetadataSourceProcessor property authorizationCode with lazy=false
20:19:27.682 [main] DEBUG org.hibernate.cfg.AbstractPropertyHolder - Attempting to locate auto-apply AttributeConverter for property [io.swagger.model.PaymentType:authorizationCode]
20:19:27.682 [main] DEBUG org.hibernate.cfg.annotations.SimpleValueBinder - building SimpleValue for authorizationCode
20:19:27.682 [main] DEBUG org.hibernate.cfg.annotations.PropertyBinder - Building property authorizationCode
20:19:27.682 [main] DEBUG org.hibernate.cfg.Ejb3Column - Binding column: Ejb3JoinColumn{logicalColumnName='null', referencedColumn='null', mappedBy=''}
20:19:27.682 [main] DEBUG org.hibernate.cfg.Ejb3Column - Binding column: Ejb3Column{table=org.hibernate.mapping.Table(PaymentType), mappingColumn=channel, insertable=true, updatable=true, unique=false}
20:19:27.683 [main] DEBUG org.hibernate.cfg.annotations.PropertyBinder - Building property channel
20:19:27.683 [main] DEBUG org.hibernate.cfg.Ejb3Column - Binding column: Ejb3Column{table=org.hibernate.mapping.Table(PaymentType), mappingColumn=correlatorId, insertable=true, updatable=true, unique=false}
20:19:27.683 [main] DEBUG org.hibernate.cfg.annotations.PropertyBinder - MetadataSourceProcessor property correlatorId with lazy=false
20:19:27.683 [main] DEBUG org.hibernate.cfg.AbstractPropertyHolder - Attempting to locate auto-apply AttributeConverter for property [io.swagger.model.PaymentType:correlatorId]
20:19:27.683 [main] DEBUG org.hibernate.cfg.annotations.SimpleValueBinder - building SimpleValue for correlatorId
20:19:27.683 [main] DEBUG org.hibernate.cfg.annotations.PropertyBinder - Building property correlatorId
20:19:27.683 [main] DEBUG org.hibernate.cfg.Ejb3Column - Binding column: Ejb3Column{table=org.hibernate.mapping.Table(PaymentType), mappingColumn=description, insertable=true, updatable=true, unique=false}
20:19:27.683 [main] DEBUG org.hibernate.cfg.annotations.PropertyBinder - MetadataSourceProcessor property description with lazy=false
20:19:27.683 [main] DEBUG org.hibernate.cfg.AbstractPropertyHolder - Attempting to locate auto-apply AttributeConverter for property [io.swagger.model.PaymentType:description]
20:19:27.684 [main] DEBUG org.hibernate.cfg.annotations.SimpleValueBinder - building SimpleValue for description
20:19:27.684 [main] DEBUG org.hibernate.cfg.annotations.PropertyBinder - Building property description
20:19:27.684 [main] DEBUG org.hibernate.cfg.Ejb3Column - Binding column: Ejb3Column{table=org.hibernate.mapping.Table(PaymentType), mappingColumn=href, insertable=true, updatable=true, unique=false}
20:19:27.684 [main] DEBUG org.hibernate.cfg.annotations.PropertyBinder - MetadataSourceProcessor property href with lazy=false
20:19:27.684 [main] DEBUG org.hibernate.cfg.AbstractPropertyHolder - Attempting to locate auto-apply AttributeConverter for property [io.swagger.model.PaymentType:href]
20:19:27.684 [main] DEBUG org.hibernate.cfg.annotations.SimpleValueBinder - building SimpleValue for href
20:19:27.684 [main] DEBUG org.hibernate.cfg.annotations.PropertyBinder - Building property href
20:19:27.684 [main] DEBUG org.hibernate.cfg.Ejb3Column - Binding column: Ejb3Column{table=org.hibernate.mapping.Table(PaymentType), mappingColumn=name, insertable=true, updatable=true, unique=false}
20:19:27.684 [main] DEBUG org.hibernate.cfg.annotations.PropertyBinder - MetadataSourceProcessor property name with lazy=false
20:19:27.684 [main] DEBUG org.hibernate.cfg.AbstractPropertyHolder - Attempting to locate auto-apply AttributeConverter for property [io.swagger.model.PaymentType:name]
20:19:27.685 [main] DEBUG org.hibernate.cfg.annotations.SimpleValueBinder - building SimpleValue for name
20:19:27.685 [main] DEBUG org.hibernate.cfg.annotations.PropertyBinder - Building property name
20:19:27.687 [main] DEBUG org.hibernate.cfg.Ejb3Column - Binding column: Ejb3JoinColumn{logicalColumnName='null', referencedColumn='null', mappedBy=''}
20:19:27.690 [main] DEBUG org.hibernate.cfg.Ejb3Column - Binding column: Ejb3Column{table=org.hibernate.mapping.Table(PaymentType), mappingColumn=payer, insertable=true, updatable=true, unique=false}
20:19:27.690 [main] DEBUG org.hibernate.cfg.annotations.PropertyBinder - Building property payer
20:19:27.690 [main] DEBUG org.hibernate.cfg.Ejb3Column - Binding column: Ejb3Column{table=org.hibernate.mapping.Table(PaymentType), mappingColumn=paymentDate, insertable=true, updatable=true, unique=false}
20:19:27.690 [main] DEBUG org.hibernate.cfg.annotations.PropertyBinder - MetadataSourceProcessor property paymentDate with lazy=false
20:19:27.690 [main] DEBUG org.hibernate.cfg.AbstractPropertyHolder - Attempting to locate auto-apply AttributeConverter for property [io.swagger.model.PaymentType:paymentDate]
20:19:27.690 [main] DEBUG org.hibernate.cfg.annotations.SimpleValueBinder - building SimpleValue for paymentDate
20:19:27.691 [main] DEBUG org.hibernate.cfg.annotations.PropertyBinder - Building property paymentDate
20:19:27.691 [main] DEBUG org.hibernate.cfg.Ejb3Column - Binding column: Ejb3JoinColumn{logicalColumnName='null', referencedColumn='null', mappedBy=''}
20:19:27.691 [main] DEBUG org.hibernate.cfg.Ejb3Column - Binding column: Ejb3Column{table=org.hibernate.mapping.Table(PaymentType), mappingColumn=paymentItem, insertable=true, updatable=true, unique=false}
20:19:27.691 [main] DEBUG org.hibernate.cfg.Ejb3Column - Binding column: Ejb3Column{table=org.hibernate.mapping.Table(PaymentType), mappingColumn=null, insertable=true, updatable=true, unique=false}
20:19:27.691 [main] DEBUG org.hibernate.cfg.Ejb3Column - Binding column: Ejb3Column{table=org.hibernate.mapping.Table(PaymentType), mappingColumn=element, insertable=true, updatable=true, unique=false}
20:19:27.692 [main] DEBUG org.hibernate.cfg.Ejb3Column - Binding column: Ejb3Column{table=org.hibernate.mapping.Table(PaymentType), mappingColumn=paymentItem_KEY, insertable=true, updatable=true, unique=false}
20:19:27.692 [main] DEBUG org.hibernate.cfg.Ejb3Column - Binding column: Ejb3JoinColumn{logicalColumnName='paymentItem_KEY', referencedColumn='null', mappedBy='null'}
20:19:27.692 [main] DEBUG org.hibernate.cfg.Ejb3Column - Binding column: Ejb3JoinColumn{logicalColumnName='null', referencedColumn='null', mappedBy=''}
20:19:27.692 [main] DEBUG org.hibernate.cfg.Ejb3Column - Binding column: Ejb3JoinColumn{logicalColumnName='null', referencedColumn='null', mappedBy=''}
20:19:27.692 [main] DEBUG org.hibernate.cfg.annotations.CollectionBinder - Collection role: io.swagger.model.PaymentType.paymentItem
20:19:27.693 [main] DEBUG org.hibernate.cfg.annotations.PropertyBinder - Building property paymentItem
20:19:27.693 [main] DEBUG org.hibernate.cfg.Ejb3Column - Binding column: Ejb3JoinColumn{logicalColumnName='null', referencedColumn='null', mappedBy=''}
20:19:27.693 [main] DEBUG org.hibernate.cfg.Ejb3Column - Binding column: Ejb3Column{table=org.hibernate.mapping.Table(PaymentType), mappingColumn=paymentMethod, insertable=true, updatable=true, unique=false}
20:19:27.693 [main] DEBUG org.hibernate.cfg.Ejb3Column - Binding column: Ejb3Column{table=org.hibernate.mapping.Table(PaymentType), mappingColumn=null, insertable=true, updatable=true, unique=false}
20:19:27.694 [main] DEBUG org.hibernate.cfg.Ejb3Column - Binding column: Ejb3Column{table=org.hibernate.mapping.Table(PaymentType), mappingColumn=element, insertable=true, updatable=true, unique=false}
20:19:27.694 [main] DEBUG org.hibernate.cfg.Ejb3Column - Binding column: Ejb3Column{table=org.hibernate.mapping.Table(PaymentType), mappingColumn=paymentMethod_KEY, insertable=true, updatable=true, unique=false}
20:19:27.694 [main] DEBUG org.hibernate.cfg.Ejb3Column - Binding column: Ejb3JoinColumn{logicalColumnName='paymentMethod_KEY', referencedColumn='null', mappedBy='null'}
20:19:27.694 [main] DEBUG org.hibernate.cfg.Ejb3Column - Binding column: Ejb3JoinColumn{logicalColumnName='null', referencedColumn='null', mappedBy=''}
20:19:27.694 [main] DEBUG org.hibernate.cfg.Ejb3Column - Binding column: Ejb3JoinColumn{logicalColumnName='null', referencedColumn='null', mappedBy=''}
20:19:27.694 [main] DEBUG org.hibernate.cfg.annotations.CollectionBinder - Collection role: io.swagger.model.PaymentType.paymentMethod
20:19:27.694 [main] DEBUG org.hibernate.cfg.annotations.PropertyBinder - Building property paymentMethod
20:19:27.694 [main] DEBUG org.hibernate.cfg.Ejb3Column - Binding column: Ejb3Column{table=org.hibernate.mapping.Table(PaymentType), mappingColumn=status, insertable=true, updatable=true, unique=false}
20:19:27.694 [main] DEBUG org.hibernate.cfg.annotations.PropertyBinder - MetadataSourceProcessor property status with lazy=false
20:19:27.695 [main] DEBUG org.hibernate.cfg.AbstractPropertyHolder - Attempting to locate auto-apply AttributeConverter for property [io.swagger.model.PaymentType:status]
20:19:27.695 [main] DEBUG org.hibernate.cfg.annotations.SimpleValueBinder - building SimpleValue for status
20:19:27.695 [main] DEBUG org.hibernate.cfg.annotations.PropertyBinder - Building property status
20:19:27.695 [main] DEBUG org.hibernate.cfg.Ejb3Column - Binding column: Ejb3Column{table=org.hibernate.mapping.Table(PaymentType), mappingColumn=statusDate, insertable=true, updatable=true, unique=false}
20:19:27.695 [main] DEBUG org.hibernate.cfg.annotations.PropertyBinder - MetadataSourceProcessor property statusDate with lazy=false
20:19:27.695 [main] DEBUG org.hibernate.cfg.AbstractPropertyHolder - Attempting to locate auto-apply AttributeConverter for property [io.swagger.model.PaymentType:statusDate]
20:19:27.695 [main] DEBUG org.hibernate.cfg.annotations.SimpleValueBinder - building SimpleValue for statusDate
20:19:27.695 [main] DEBUG org.hibernate.cfg.annotations.PropertyBinder - Building property statusDate
20:19:27.696 [main] DEBUG org.hibernate.cfg.Ejb3Column - Binding column: Ejb3JoinColumn{logicalColumnName='null', referencedColumn='null', mappedBy=''}
20:19:27.696 [main] DEBUG org.hibernate.cfg.Ejb3Column - Binding column: Ejb3Column{table=org.hibernate.mapping.Table(PaymentType), mappingColumn=taxAmount, insertable=true, updatable=true, unique=false}
20:19:27.696 [main] DEBUG org.hibernate.cfg.annotations.PropertyBinder - Building property taxAmount
20:19:27.696 [main] DEBUG org.hibernate.cfg.Ejb3Column - Binding column: Ejb3JoinColumn{logicalColumnName='null', referencedColumn='null', mappedBy=''}
20:19:27.696 [main] DEBUG org.hibernate.cfg.Ejb3Column - Binding column: Ejb3Column{table=org.hibernate.mapping.Table(PaymentType), mappingColumn=totalAmount, insertable=true, updatable=true, unique=false}
20:19:27.696 [main] DEBUG org.hibernate.cfg.annotations.PropertyBinder - Building property totalAmount
20:19:27.697 [main] DEBUG org.hibernate.cfg.AnnotationBinder - Binding entity from annotated class: io.swagger.model.QuantityType
20:19:27.697 [main] DEBUG org.hibernate.cfg.Ejb3Column - Binding column: Ejb3DiscriminatorColumn{logicalColumnName'DTYPE', discriminatorTypeName='string'}
20:19:27.697 [main] DEBUG org.hibernate.cfg.annotations.EntityBinder - Import with entity name QuantityType
20:19:27.697 [main] DEBUG org.hibernate.cfg.annotations.EntityBinder - Bind entity io.swagger.model.QuantityType on table QuantityType
20:19:27.701 [main] DEBUG org.hibernate.cfg.Ejb3Column - Binding column: Ejb3Column{table=org.hibernate.mapping.Table(QuantityType), mappingColumn=id, insertable=true, updatable=true, unique=false}
20:19:27.701 [main] DEBUG org.hibernate.cfg.annotations.PropertyBinder - MetadataSourceProcessor property id with lazy=false
20:19:27.701 [main] DEBUG org.hibernate.cfg.AbstractPropertyHolder - Attempting to locate auto-apply AttributeConverter for property [io.swagger.model.QuantityType:id]
20:19:27.701 [main] DEBUG org.hibernate.cfg.annotations.SimpleValueBinder - building SimpleValue for id
20:19:27.702 [main] DEBUG org.hibernate.cfg.annotations.PropertyBinder - Building property id
20:19:27.702 [main] DEBUG org.hibernate.cfg.Ejb3Column - Binding column: Ejb3Column{table=org.hibernate.mapping.Table(QuantityType), mappingColumn=amount, insertable=true, updatable=true, unique=false}
20:19:27.704 [main] DEBUG org.hibernate.cfg.annotations.PropertyBinder - MetadataSourceProcessor property amount with lazy=false
20:19:27.705 [main] DEBUG org.hibernate.cfg.AbstractPropertyHolder - Attempting to locate auto-apply AttributeConverter for property [io.swagger.model.QuantityType:amount]
20:19:27.705 [main] DEBUG org.hibernate.cfg.annotations.SimpleValueBinder - building SimpleValue for amount
20:19:27.705 [main] DEBUG org.hibernate.cfg.annotations.PropertyBinder - Building property amount
20:19:27.705 [main] DEBUG org.hibernate.cfg.Ejb3Column - Binding column: Ejb3Column{table=org.hibernate.mapping.Table(QuantityType), mappingColumn=maximum, insertable=true, updatable=true, unique=false}
20:19:27.706 [main] DEBUG org.hibernate.cfg.annotations.PropertyBinder - MetadataSourceProcessor property maximum with lazy=false
20:19:27.707 [main] DEBUG org.hibernate.cfg.AbstractPropertyHolder - Attempting to locate auto-apply AttributeConverter for property [io.swagger.model.QuantityType:maximum]
20:19:27.707 [main] DEBUG org.hibernate.cfg.annotations.SimpleValueBinder - building SimpleValue for maximum
20:19:27.707 [main] DEBUG org.hibernate.cfg.annotations.PropertyBinder - Building property maximum
20:19:27.708 [main] DEBUG org.hibernate.cfg.Ejb3Column - Binding column: Ejb3Column{table=org.hibernate.mapping.Table(QuantityType), mappingColumn=minimum, insertable=true, updatable=true, unique=false}
20:19:27.708 [main] DEBUG org.hibernate.cfg.annotations.PropertyBinder - MetadataSourceProcessor property minimum with lazy=false
20:19:27.708 [main] DEBUG org.hibernate.cfg.AbstractPropertyHolder - Attempting to locate auto-apply AttributeConverter for property [io.swagger.model.QuantityType:minimum]
20:19:27.708 [main] DEBUG org.hibernate.cfg.annotations.SimpleValueBinder - building SimpleValue for minimum
20:19:27.708 [main] DEBUG org.hibernate.cfg.annotations.PropertyBinder - Building property minimum
20:19:27.708 [main] DEBUG org.hibernate.cfg.Ejb3Column - Binding column: Ejb3Column{table=org.hibernate.mapping.Table(QuantityType), mappingColumn=units, insertable=true, updatable=true, unique=false}
20:19:27.708 [main] DEBUG org.hibernate.cfg.annotations.PropertyBinder - MetadataSourceProcessor property units with lazy=false
20:19:27.708 [main] DEBUG org.hibernate.cfg.AbstractPropertyHolder - Attempting to locate auto-apply AttributeConverter for property [io.swagger.model.QuantityType:units]
20:19:27.708 [main] DEBUG org.hibernate.cfg.annotations.SimpleValueBinder - building SimpleValue for units
20:19:27.709 [main] DEBUG org.hibernate.cfg.annotations.PropertyBinder - Building property units
20:19:27.709 [main] DEBUG org.hibernate.cfg.AnnotationBinder - Binding entity from annotated class: io.swagger.model.RefundRequestType
20:19:27.709 [main] DEBUG org.hibernate.cfg.Ejb3Column - Binding column: Ejb3DiscriminatorColumn{logicalColumnName'DTYPE', discriminatorTypeName='string'}
20:19:27.709 [main] DEBUG org.hibernate.cfg.annotations.EntityBinder - Import with entity name RefundRequestType
20:19:27.710 [main] DEBUG org.hibernate.cfg.annotations.EntityBinder - Bind entity io.swagger.model.RefundRequestType on table RefundRequestType
20:19:27.729 [main] DEBUG org.hibernate.cfg.Ejb3Column - Binding column: Ejb3Column{table=org.hibernate.mapping.Table(RefundRequestType), mappingColumn=correlatorId, insertable=true, updatable=true, unique=false}
20:19:27.729 [main] DEBUG org.hibernate.cfg.annotations.PropertyBinder - MetadataSourceProcessor property correlatorId with lazy=false
20:19:27.729 [main] DEBUG org.hibernate.cfg.AbstractPropertyHolder - Attempting to locate auto-apply AttributeConverter for property [io.swagger.model.RefundRequestType:correlatorId]
20:19:27.729 [main] DEBUG org.hibernate.cfg.annotations.SimpleValueBinder - building SimpleValue for correlatorId
20:19:27.729 [main] DEBUG org.hibernate.cfg.annotations.PropertyBinder - Building property correlatorId
20:19:27.730 [main] DEBUG org.hibernate.cfg.Ejb3Column - Binding column: Ejb3JoinColumn{logicalColumnName='null', referencedColumn='null', mappedBy=''}
20:19:27.730 [main] DEBUG org.hibernate.cfg.Ejb3Column - Binding column: Ejb3Column{table=org.hibernate.mapping.Table(RefundRequestType), mappingColumn=account, insertable=true, updatable=true, unique=false}
20:19:27.730 [main] DEBUG org.hibernate.cfg.annotations.PropertyBinder - Building property account
20:19:27.730 [main] DEBUG org.hibernate.cfg.Ejb3Column - Binding column: Ejb3JoinColumn{logicalColumnName='null', referencedColumn='null', mappedBy=''}
20:19:27.730 [main] DEBUG org.hibernate.cfg.Ejb3Column - Binding column: Ejb3Column{table=org.hibernate.mapping.Table(RefundRequestType), mappingColumn=amount, insertable=true, updatable=true, unique=false}
20:19:27.730 [main] DEBUG org.hibernate.cfg.annotations.PropertyBinder - Building property amount
20:19:27.731 [main] DEBUG org.hibernate.cfg.Ejb3Column - Binding column: Ejb3Column{table=org.hibernate.mapping.Table(RefundRequestType), mappingColumn=authorizationCode, insertable=true, updatable=true, unique=false}
20:19:27.731 [main] DEBUG org.hibernate.cfg.annotations.PropertyBinder - MetadataSourceProcessor property authorizationCode with lazy=false
20:19:27.731 [main] DEBUG org.hibernate.cfg.AbstractPropertyHolder - Attempting to locate auto-apply AttributeConverter for property [io.swagger.model.RefundRequestType:authorizationCode]
20:19:27.732 [main] DEBUG org.hibernate.cfg.annotations.SimpleValueBinder - building SimpleValue for authorizationCode
20:19:27.735 [main] DEBUG org.hibernate.cfg.annotations.PropertyBinder - Building property authorizationCode
20:19:27.735 [main] DEBUG org.hibernate.cfg.Ejb3Column - Binding column: Ejb3JoinColumn{logicalColumnName='null', referencedColumn='null', mappedBy=''}
20:19:27.735 [main] DEBUG org.hibernate.cfg.Ejb3Column - Binding column: Ejb3Column{table=org.hibernate.mapping.Table(RefundRequestType), mappingColumn=channel, insertable=true, updatable=true, unique=false}
20:19:27.741 [main] DEBUG org.hibernate.cfg.annotations.PropertyBinder - Building property channel
20:19:27.742 [main] DEBUG org.hibernate.cfg.Ejb3Column - Binding column: Ejb3Column{table=org.hibernate.mapping.Table(RefundRequestType), mappingColumn=description, insertable=true, updatable=true, unique=false}
20:19:27.742 [main] DEBUG org.hibernate.cfg.annotations.PropertyBinder - MetadataSourceProcessor property description with lazy=false
20:19:27.742 [main] DEBUG org.hibernate.cfg.AbstractPropertyHolder - Attempting to locate auto-apply AttributeConverter for property [io.swagger.model.RefundRequestType:description]
20:19:27.742 [main] DEBUG org.hibernate.cfg.annotations.SimpleValueBinder - building SimpleValue for description
20:19:27.742 [main] DEBUG org.hibernate.cfg.annotations.PropertyBinder - Building property description
20:19:27.742 [main] DEBUG org.hibernate.cfg.Ejb3Column - Binding column: Ejb3Column{table=org.hibernate.mapping.Table(RefundRequestType), mappingColumn=name, insertable=true, updatable=true, unique=false}
20:19:27.743 [main] DEBUG org.hibernate.cfg.annotations.PropertyBinder - MetadataSourceProcessor property name with lazy=false
20:19:27.743 [main] DEBUG org.hibernate.cfg.AbstractPropertyHolder - Attempting to locate auto-apply AttributeConverter for property [io.swagger.model.RefundRequestType:name]
20:19:27.743 [main] DEBUG org.hibernate.cfg.annotations.SimpleValueBinder - building SimpleValue for name
20:19:27.743 [main] DEBUG org.hibernate.cfg.annotations.PropertyBinder - Building property name
20:19:27.743 [main] DEBUG org.hibernate.cfg.Ejb3Column - Binding column: Ejb3JoinColumn{logicalColumnName='null', referencedColumn='null', mappedBy=''}
20:19:27.743 [main] DEBUG org.hibernate.cfg.Ejb3Column - Binding column: Ejb3Column{table=org.hibernate.mapping.Table(RefundRequestType), mappingColumn=paymentMethod, insertable=true, updatable=true, unique=false}
20:19:27.743 [main] DEBUG org.hibernate.cfg.Ejb3Column - Binding column: Ejb3Column{table=org.hibernate.mapping.Table(RefundRequestType), mappingColumn=null, insertable=true, updatable=true, unique=false}
20:19:27.745 [main] DEBUG org.hibernate.cfg.Ejb3Column - Binding column: Ejb3Column{table=org.hibernate.mapping.Table(RefundRequestType), mappingColumn=element, insertable=true, updatable=true, unique=false}
20:19:27.745 [main] DEBUG org.hibernate.cfg.Ejb3Column - Binding column: Ejb3Column{table=org.hibernate.mapping.Table(RefundRequestType), mappingColumn=paymentMethod_KEY, insertable=true, updatable=true, unique=false}
20:19:27.745 [main] DEBUG org.hibernate.cfg.Ejb3Column - Binding column: Ejb3JoinColumn{logicalColumnName='paymentMethod_KEY', referencedColumn='null', mappedBy='null'}
20:19:27.745 [main] DEBUG org.hibernate.cfg.Ejb3Column - Binding column: Ejb3JoinColumn{logicalColumnName='null', referencedColumn='null', mappedBy=''}
20:19:27.745 [main] DEBUG org.hibernate.cfg.Ejb3Column - Binding column: Ejb3JoinColumn{logicalColumnName='null', referencedColumn='null', mappedBy=''}
20:19:27.745 [main] DEBUG org.hibernate.cfg.annotations.CollectionBinder - Collection role: io.swagger.model.RefundRequestType.paymentMethod
20:19:27.745 [main] DEBUG org.hibernate.cfg.annotations.PropertyBinder - Building property paymentMethod
20:19:27.745 [main] DEBUG org.hibernate.cfg.Ejb3Column - Binding column: Ejb3Column{table=org.hibernate.mapping.Table(RefundRequestType), mappingColumn=reason, insertable=true, updatable=true, unique=false}
20:19:27.746 [main] DEBUG org.hibernate.cfg.annotations.PropertyBinder - MetadataSourceProcessor property reason with lazy=false
20:19:27.746 [main] DEBUG org.hibernate.cfg.AbstractPropertyHolder - Attempting to locate auto-apply AttributeConverter for property [io.swagger.model.RefundRequestType:reason]
20:19:27.746 [main] DEBUG org.hibernate.cfg.annotations.SimpleValueBinder - building SimpleValue for reason
20:19:27.746 [main] DEBUG org.hibernate.cfg.annotations.PropertyBinder - Building property reason
20:19:27.746 [main] DEBUG org.hibernate.cfg.Ejb3Column - Binding column: Ejb3Column{table=org.hibernate.mapping.Table(RefundRequestType), mappingColumn=refundDate, insertable=true, updatable=true, unique=false}
20:19:27.746 [main] DEBUG org.hibernate.cfg.annotations.PropertyBinder - MetadataSourceProcessor property refundDate with lazy=false
20:19:27.746 [main] DEBUG org.hibernate.cfg.AbstractPropertyHolder - Attempting to locate auto-apply AttributeConverter for property [io.swagger.model.RefundRequestType:refundDate]
20:19:27.746 [main] DEBUG org.hibernate.cfg.annotations.SimpleValueBinder - building SimpleValue for refundDate
20:19:27.746 [main] DEBUG org.hibernate.cfg.annotations.PropertyBinder - Building property refundDate
20:19:27.746 [main] DEBUG org.hibernate.cfg.Ejb3Column - Binding column: Ejb3JoinColumn{logicalColumnName='null', referencedColumn='null', mappedBy=''}
20:19:27.747 [main] DEBUG org.hibernate.cfg.Ejb3Column - Binding column: Ejb3Column{table=org.hibernate.mapping.Table(RefundRequestType), mappingColumn=relatedPayment, insertable=true, updatable=true, unique=false}
20:19:27.747 [main] DEBUG org.hibernate.cfg.annotations.PropertyBinder - Building property relatedPayment
20:19:27.747 [main] DEBUG org.hibernate.cfg.Ejb3Column - Binding column: Ejb3JoinColumn{logicalColumnName='null', referencedColumn='null', mappedBy=''}
20:19:27.747 [main] DEBUG org.hibernate.cfg.Ejb3Column - Binding column: Ejb3Column{table=org.hibernate.mapping.Table(RefundRequestType), mappingColumn=requestor, insertable=true, updatable=true, unique=false}
20:19:27.747 [main] DEBUG org.hibernate.cfg.annotations.PropertyBinder - Building property requestor
20:19:27.747 [main] DEBUG org.hibernate.cfg.Ejb3Column - Binding column: Ejb3Column{table=org.hibernate.mapping.Table(RefundRequestType), mappingColumn=status, insertable=true, updatable=true, unique=false}
20:19:27.748 [main] DEBUG org.hibernate.cfg.annotations.PropertyBinder - MetadataSourceProcessor property status with lazy=false
20:19:27.748 [main] DEBUG org.hibernate.cfg.AbstractPropertyHolder - Attempting to locate auto-apply AttributeConverter for property [io.swagger.model.RefundRequestType:status]
20:19:27.748 [main] DEBUG org.hibernate.cfg.annotations.SimpleValueBinder - building SimpleValue for status
20:19:27.748 [main] DEBUG org.hibernate.cfg.annotations.PropertyBinder - Building property status
20:19:27.748 [main] DEBUG org.hibernate.cfg.Ejb3Column - Binding column: Ejb3Column{table=org.hibernate.mapping.Table(RefundRequestType), mappingColumn=statusDate, insertable=true, updatable=true, unique=false}
20:19:27.748 [main] DEBUG org.hibernate.cfg.annotations.PropertyBinder - MetadataSourceProcessor property statusDate with lazy=false
20:19:27.748 [main] DEBUG org.hibernate.cfg.AbstractPropertyHolder - Attempting to locate auto-apply AttributeConverter for property [io.swagger.model.RefundRequestType:statusDate]
20:19:27.748 [main] DEBUG org.hibernate.cfg.annotations.SimpleValueBinder - building SimpleValue for statusDate
20:19:27.760 [main] DEBUG org.hibernate.cfg.annotations.PropertyBinder - Building property statusDate
20:19:27.760 [main] DEBUG org.hibernate.cfg.Ejb3Column - Binding column: Ejb3JoinColumn{logicalColumnName='null', referencedColumn='null', mappedBy=''}
20:19:27.760 [main] DEBUG org.hibernate.cfg.Ejb3Column - Binding column: Ejb3Column{table=org.hibernate.mapping.Table(RefundRequestType), mappingColumn=taxAmount, insertable=true, updatable=true, unique=false}
20:19:27.761 [main] DEBUG org.hibernate.cfg.annotations.PropertyBinder - Building property taxAmount
20:19:27.761 [main] DEBUG org.hibernate.cfg.Ejb3Column - Binding column: Ejb3JoinColumn{logicalColumnName='null', referencedColumn='null', mappedBy=''}
20:19:27.761 [main] DEBUG org.hibernate.cfg.Ejb3Column - Binding column: Ejb3Column{table=org.hibernate.mapping.Table(RefundRequestType), mappingColumn=totalAmount, insertable=true, updatable=true, unique=false}
20:19:27.761 [main] DEBUG org.hibernate.cfg.annotations.PropertyBinder - Building property totalAmount
20:19:27.761 [main] DEBUG org.hibernate.cfg.AnnotationBinder - Binding entity from annotated class: io.swagger.model.RefundType
20:19:27.762 [main] DEBUG org.hibernate.cfg.Ejb3Column - Binding column: Ejb3DiscriminatorColumn{logicalColumnName'DTYPE', discriminatorTypeName='string'}
20:19:27.762 [main] DEBUG org.hibernate.cfg.annotations.EntityBinder - Import with entity name RefundType
20:19:27.762 [main] DEBUG org.hibernate.cfg.annotations.EntityBinder - Bind entity io.swagger.model.RefundType on table RefundType
20:19:27.777 [main] DEBUG org.hibernate.cfg.Ejb3Column - Binding column: Ejb3Column{table=org.hibernate.mapping.Table(RefundType), mappingColumn=id, insertable=true, updatable=true, unique=false}
20:19:27.777 [main] DEBUG org.hibernate.cfg.annotations.PropertyBinder - MetadataSourceProcessor property id with lazy=false
20:19:27.778 [main] DEBUG org.hibernate.cfg.AbstractPropertyHolder - Attempting to locate auto-apply AttributeConverter for property [io.swagger.model.RefundType:id]
20:19:27.778 [main] DEBUG org.hibernate.cfg.annotations.SimpleValueBinder - building SimpleValue for id
20:19:27.778 [main] DEBUG org.hibernate.cfg.annotations.PropertyBinder - Building property id
20:19:27.778 [main] DEBUG org.hibernate.cfg.Ejb3Column - Binding column: Ejb3JoinColumn{logicalColumnName='null', referencedColumn='null', mappedBy=''}
20:19:27.778 [main] DEBUG org.hibernate.cfg.Ejb3Column - Binding column: Ejb3Column{table=org.hibernate.mapping.Table(RefundType), mappingColumn=account, insertable=true, updatable=true, unique=false}
20:19:27.779 [main] DEBUG org.hibernate.cfg.annotations.PropertyBinder - Building property account
20:19:27.779 [main] DEBUG org.hibernate.cfg.Ejb3Column - Binding column: Ejb3JoinColumn{logicalColumnName='null', referencedColumn='null', mappedBy=''}
20:19:27.779 [main] DEBUG org.hibernate.cfg.Ejb3Column - Binding column: Ejb3Column{table=org.hibernate.mapping.Table(RefundType), mappingColumn=amount, insertable=true, updatable=true, unique=false}
20:19:27.779 [main] DEBUG org.hibernate.cfg.annotations.PropertyBinder - Building property amount
20:19:27.779 [main] DEBUG org.hibernate.cfg.Ejb3Column - Binding column: Ejb3Column{table=org.hibernate.mapping.Table(RefundType), mappingColumn=authorizationCode, insertable=true, updatable=true, unique=false}
20:19:27.779 [main] DEBUG org.hibernate.cfg.annotations.PropertyBinder - MetadataSourceProcessor property authorizationCode with lazy=false
20:19:27.780 [main] DEBUG org.hibernate.cfg.AbstractPropertyHolder - Attempting to locate auto-apply AttributeConverter for property [io.swagger.model.RefundType:authorizationCode]
20:19:27.780 [main] DEBUG org.hibernate.cfg.annotations.SimpleValueBinder - building SimpleValue for authorizationCode
20:19:27.780 [main] DEBUG org.hibernate.cfg.annotations.PropertyBinder - Building property authorizationCode
20:19:27.780 [main] DEBUG org.hibernate.cfg.Ejb3Column - Binding column: Ejb3JoinColumn{logicalColumnName='null', referencedColumn='null', mappedBy=''}
20:19:27.780 [main] DEBUG org.hibernate.cfg.Ejb3Column - Binding column: Ejb3Column{table=org.hibernate.mapping.Table(RefundType), mappingColumn=channel, insertable=true, updatable=true, unique=false}
20:19:27.780 [main] DEBUG org.hibernate.cfg.annotations.PropertyBinder - Building property channel
20:19:27.780 [main] DEBUG org.hibernate.cfg.Ejb3Column - Binding column: Ejb3Column{table=org.hibernate.mapping.Table(RefundType), mappingColumn=correlatorId, insertable=true, updatable=true, unique=false}
20:19:27.781 [main] DEBUG org.hibernate.cfg.annotations.PropertyBinder - MetadataSourceProcessor property correlatorId with lazy=false
20:19:27.781 [main] DEBUG org.hibernate.cfg.AbstractPropertyHolder - Attempting to locate auto-apply AttributeConverter for property [io.swagger.model.RefundType:correlatorId]
20:19:27.781 [main] DEBUG org.hibernate.cfg.annotations.SimpleValueBinder - building SimpleValue for correlatorId
20:19:27.781 [main] DEBUG org.hibernate.cfg.annotations.PropertyBinder - Building property correlatorId
20:19:27.781 [main] DEBUG org.hibernate.cfg.Ejb3Column - Binding column: Ejb3Column{table=org.hibernate.mapping.Table(RefundType), mappingColumn=description, insertable=true, updatable=true, unique=false}
20:19:27.781 [main] DEBUG org.hibernate.cfg.annotations.PropertyBinder - MetadataSourceProcessor property description with lazy=false
20:19:27.781 [main] DEBUG org.hibernate.cfg.AbstractPropertyHolder - Attempting to locate auto-apply AttributeConverter for property [io.swagger.model.RefundType:description]
20:19:27.781 [main] DEBUG org.hibernate.cfg.annotations.SimpleValueBinder - building SimpleValue for description
20:19:27.782 [main] DEBUG org.hibernate.cfg.annotations.PropertyBinder - Building property description
20:19:27.792 [main] DEBUG org.hibernate.cfg.Ejb3Column - Binding column: Ejb3Column{table=org.hibernate.mapping.Table(RefundType), mappingColumn=href, insertable=true, updatable=true, unique=false}
20:19:27.792 [main] DEBUG org.hibernate.cfg.annotations.PropertyBinder - MetadataSourceProcessor property href with lazy=false
20:19:27.792 [main] DEBUG org.hibernate.cfg.AbstractPropertyHolder - Attempting to locate auto-apply AttributeConverter for property [io.swagger.model.RefundType:href]
20:19:27.792 [main] DEBUG org.hibernate.cfg.annotations.SimpleValueBinder - building SimpleValue for href
20:19:27.793 [main] DEBUG org.hibernate.cfg.annotations.PropertyBinder - Building property href
20:19:27.793 [main] DEBUG org.hibernate.cfg.Ejb3Column - Binding column: Ejb3Column{table=org.hibernate.mapping.Table(RefundType), mappingColumn=name, insertable=true, updatable=true, unique=false}
20:19:27.793 [main] DEBUG org.hibernate.cfg.annotations.PropertyBinder - MetadataSourceProcessor property name with lazy=false
20:19:27.793 [main] DEBUG org.hibernate.cfg.AbstractPropertyHolder - Attempting to locate auto-apply AttributeConverter for property [io.swagger.model.RefundType:name]
20:19:27.794 [main] DEBUG org.hibernate.cfg.annotations.SimpleValueBinder - building SimpleValue for name
20:19:27.794 [main] DEBUG org.hibernate.cfg.annotations.PropertyBinder - Building property name
20:19:27.794 [main] DEBUG org.hibernate.cfg.Ejb3Column - Binding column: Ejb3JoinColumn{logicalColumnName='null', referencedColumn='null', mappedBy=''}
20:19:27.794 [main] DEBUG org.hibernate.cfg.Ejb3Column - Binding column: Ejb3Column{table=org.hibernate.mapping.Table(RefundType), mappingColumn=paymentMethod, insertable=true, updatable=true, unique=false}
20:19:27.794 [main] DEBUG org.hibernate.cfg.Ejb3Column - Binding column: Ejb3Column{table=org.hibernate.mapping.Table(RefundType), mappingColumn=null, insertable=true, updatable=true, unique=false}
20:19:27.795 [main] DEBUG org.hibernate.cfg.Ejb3Column - Binding column: Ejb3Column{table=org.hibernate.mapping.Table(RefundType), mappingColumn=element, insertable=true, updatable=true, unique=false}
20:19:27.795 [main] DEBUG org.hibernate.cfg.Ejb3Column - Binding column: Ejb3Column{table=org.hibernate.mapping.Table(RefundType), mappingColumn=paymentMethod_KEY, insertable=true, updatable=true, unique=false}
20:19:27.795 [main] DEBUG org.hibernate.cfg.Ejb3Column - Binding column: Ejb3JoinColumn{logicalColumnName='paymentMethod_KEY', referencedColumn='null', mappedBy='null'}
20:19:27.795 [main] DEBUG org.hibernate.cfg.Ejb3Column - Binding column: Ejb3JoinColumn{logicalColumnName='null', referencedColumn='null', mappedBy=''}
20:19:27.795 [main] DEBUG org.hibernate.cfg.Ejb3Column - Binding column: Ejb3JoinColumn{logicalColumnName='null', referencedColumn='null', mappedBy=''}
20:19:27.796 [main] DEBUG org.hibernate.cfg.annotations.CollectionBinder - Collection role: io.swagger.model.RefundType.paymentMethod
20:19:27.796 [main] DEBUG org.hibernate.cfg.annotations.PropertyBinder - Building property paymentMethod
20:19:27.796 [main] DEBUG org.hibernate.cfg.Ejb3Column - Binding column: Ejb3Column{table=org.hibernate.mapping.Table(RefundType), mappingColumn=reason, insertable=true, updatable=true, unique=false}
20:19:27.796 [main] DEBUG org.hibernate.cfg.annotations.PropertyBinder - MetadataSourceProcessor property reason with lazy=false
20:19:27.797 [main] DEBUG org.hibernate.cfg.AbstractPropertyHolder - Attempting to locate auto-apply AttributeConverter for property [io.swagger.model.RefundType:reason]
20:19:27.797 [main] DEBUG org.hibernate.cfg.annotations.SimpleValueBinder - building SimpleValue for reason
20:19:27.797 [main] DEBUG org.hibernate.cfg.annotations.PropertyBinder - Building property reason
20:19:27.797 [main] DEBUG org.hibernate.cfg.Ejb3Column - Binding column: Ejb3Column{table=org.hibernate.mapping.Table(RefundType), mappingColumn=refundDate, insertable=true, updatable=true, unique=false}
20:19:27.797 [main] DEBUG org.hibernate.cfg.annotations.PropertyBinder - MetadataSourceProcessor property refundDate with lazy=false
20:19:27.797 [main] DEBUG org.hibernate.cfg.AbstractPropertyHolder - Attempting to locate auto-apply AttributeConverter for property [io.swagger.model.RefundType:refundDate]
20:19:27.798 [main] DEBUG org.hibernate.cfg.annotations.SimpleValueBinder - building SimpleValue for refundDate
20:19:27.798 [main] DEBUG org.hibernate.cfg.annotations.PropertyBinder - Building property refundDate
20:19:27.798 [main] DEBUG org.hibernate.cfg.Ejb3Column - Binding column: Ejb3JoinColumn{logicalColumnName='null', referencedColumn='null', mappedBy=''}
20:19:27.798 [main] DEBUG org.hibernate.cfg.Ejb3Column - Binding column: Ejb3Column{table=org.hibernate.mapping.Table(RefundType), mappingColumn=relatedPayment, insertable=true, updatable=true, unique=false}
20:19:27.807 [main] DEBUG org.hibernate.cfg.annotations.PropertyBinder - Building property relatedPayment
20:19:27.808 [main] DEBUG org.hibernate.cfg.Ejb3Column - Binding column: Ejb3JoinColumn{logicalColumnName='null', referencedColumn='null', mappedBy=''}
20:19:27.808 [main] DEBUG org.hibernate.cfg.Ejb3Column - Binding column: Ejb3Column{table=org.hibernate.mapping.Table(RefundType), mappingColumn=requestor, insertable=true, updatable=true, unique=false}
20:19:27.809 [main] DEBUG org.hibernate.cfg.annotations.PropertyBinder - Building property requestor
20:19:27.809 [main] DEBUG org.hibernate.cfg.Ejb3Column - Binding column: Ejb3Column{table=org.hibernate.mapping.Table(RefundType), mappingColumn=status, insertable=true, updatable=true, unique=false}
20:19:27.809 [main] DEBUG org.hibernate.cfg.annotations.PropertyBinder - MetadataSourceProcessor property status with lazy=false
20:19:27.809 [main] DEBUG org.hibernate.cfg.AbstractPropertyHolder - Attempting to locate auto-apply AttributeConverter for property [io.swagger.model.RefundType:status]
20:19:27.810 [main] DEBUG org.hibernate.cfg.annotations.SimpleValueBinder - building SimpleValue for status
20:19:27.810 [main] DEBUG org.hibernate.cfg.annotations.PropertyBinder - Building property status
20:19:27.810 [main] DEBUG org.hibernate.cfg.Ejb3Column - Binding column: Ejb3Column{table=org.hibernate.mapping.Table(RefundType), mappingColumn=statusDate, insertable=true, updatable=true, unique=false}
20:19:27.810 [main] DEBUG org.hibernate.cfg.annotations.PropertyBinder - MetadataSourceProcessor property statusDate with lazy=false
20:19:27.810 [main] DEBUG org.hibernate.cfg.AbstractPropertyHolder - Attempting to locate auto-apply AttributeConverter for property [io.swagger.model.RefundType:statusDate]
20:19:27.810 [main] DEBUG org.hibernate.cfg.annotations.SimpleValueBinder - building SimpleValue for statusDate
20:19:27.811 [main] DEBUG org.hibernate.cfg.annotations.PropertyBinder - Building property statusDate
20:19:27.811 [main] DEBUG org.hibernate.cfg.Ejb3Column - Binding column: Ejb3JoinColumn{logicalColumnName='null', referencedColumn='null', mappedBy=''}
20:19:27.811 [main] DEBUG org.hibernate.cfg.Ejb3Column - Binding column: Ejb3Column{table=org.hibernate.mapping.Table(RefundType), mappingColumn=taxAmount, insertable=true, updatable=true, unique=false}
20:19:27.811 [main] DEBUG org.hibernate.cfg.annotations.PropertyBinder - Building property taxAmount
20:19:27.812 [main] DEBUG org.hibernate.cfg.Ejb3Column - Binding column: Ejb3JoinColumn{logicalColumnName='null', referencedColumn='null', mappedBy=''}
20:19:27.812 [main] DEBUG org.hibernate.cfg.Ejb3Column - Binding column: Ejb3Column{table=org.hibernate.mapping.Table(RefundType), mappingColumn=totalAmount, insertable=true, updatable=true, unique=false}
20:19:27.812 [main] DEBUG org.hibernate.cfg.annotations.PropertyBinder - Building property totalAmount
20:19:27.812 [main] DEBUG org.hibernate.cfg.AnnotationBinder - Binding entity from annotated class: io.swagger.model.RelatedPartyRefType
20:19:27.813 [main] DEBUG org.hibernate.cfg.Ejb3Column - Binding column: Ejb3DiscriminatorColumn{logicalColumnName'DTYPE', discriminatorTypeName='string'}
20:19:27.813 [main] DEBUG org.hibernate.cfg.annotations.EntityBinder - Import with entity name RelatedPartyRefType
20:19:27.813 [main] DEBUG org.hibernate.cfg.annotations.EntityBinder - Bind entity io.swagger.model.RelatedPartyRefType on table RelatedPartyRefType
20:19:27.815 [main] DEBUG org.hibernate.cfg.Ejb3Column - Binding column: Ejb3Column{table=org.hibernate.mapping.Table(RelatedPartyRefType), mappingColumn=id, insertable=true, updatable=true, unique=false}
20:19:27.815 [main] DEBUG org.hibernate.cfg.annotations.PropertyBinder - MetadataSourceProcessor property id with lazy=false
20:19:27.824 [main] DEBUG org.hibernate.cfg.AbstractPropertyHolder - Attempting to locate auto-apply AttributeConverter for property [io.swagger.model.RelatedPartyRefType:id]
20:19:27.824 [main] DEBUG org.hibernate.cfg.annotations.SimpleValueBinder - building SimpleValue for id
20:19:27.825 [main] DEBUG org.hibernate.cfg.annotations.PropertyBinder - Building property id
20:19:27.825 [main] DEBUG org.hibernate.cfg.Ejb3Column - Binding column: Ejb3Column{table=org.hibernate.mapping.Table(RelatedPartyRefType), mappingColumn=href, insertable=true, updatable=true, unique=false}
20:19:27.825 [main] DEBUG org.hibernate.cfg.annotations.PropertyBinder - MetadataSourceProcessor property href with lazy=false
20:19:27.825 [main] DEBUG org.hibernate.cfg.AbstractPropertyHolder - Attempting to locate auto-apply AttributeConverter for property [io.swagger.model.RelatedPartyRefType:href]
20:19:27.826 [main] DEBUG org.hibernate.cfg.annotations.SimpleValueBinder - building SimpleValue for href
20:19:27.826 [main] DEBUG org.hibernate.cfg.annotations.PropertyBinder - Building property href
20:19:27.826 [main] DEBUG org.hibernate.cfg.Ejb3Column - Binding column: Ejb3Column{table=org.hibernate.mapping.Table(RelatedPartyRefType), mappingColumn=name, insertable=true, updatable=true, unique=false}
20:19:27.826 [main] DEBUG org.hibernate.cfg.annotations.PropertyBinder - MetadataSourceProcessor property name with lazy=false
20:19:27.826 [main] DEBUG org.hibernate.cfg.AbstractPropertyHolder - Attempting to locate auto-apply AttributeConverter for property [io.swagger.model.RelatedPartyRefType:name]
20:19:27.827 [main] DEBUG org.hibernate.cfg.annotations.SimpleValueBinder - building SimpleValue for name
20:19:27.827 [main] DEBUG org.hibernate.cfg.annotations.PropertyBinder - Building property name
20:19:27.827 [main] DEBUG org.hibernate.cfg.Ejb3Column - Binding column: Ejb3Column{table=org.hibernate.mapping.Table(RelatedPartyRefType), mappingColumn=role, insertable=true, updatable=true, unique=false}
20:19:27.829 [main] DEBUG org.hibernate.cfg.annotations.PropertyBinder - MetadataSourceProcessor property role with lazy=false
20:19:27.829 [main] DEBUG org.hibernate.cfg.AbstractPropertyHolder - Attempting to locate auto-apply AttributeConverter for property [io.swagger.model.RelatedPartyRefType:role]
20:19:27.829 [main] DEBUG org.hibernate.cfg.annotations.SimpleValueBinder - building SimpleValue for role
20:19:27.830 [main] DEBUG org.hibernate.cfg.annotations.PropertyBinder - Building property role
20:19:27.830 [main] DEBUG org.hibernate.cfg.AnnotationBinder - Binding entity from annotated class: io.swagger.model.TimePeriodType
20:19:27.830 [main] DEBUG org.hibernate.cfg.Ejb3Column - Binding column: Ejb3DiscriminatorColumn{logicalColumnName'DTYPE', discriminatorTypeName='string'}
20:19:27.832 [main] DEBUG org.hibernate.cfg.annotations.EntityBinder - Import with entity name TimePeriodType
20:19:27.832 [main] DEBUG org.hibernate.cfg.annotations.EntityBinder - Bind entity io.swagger.model.TimePeriodType on table TimePeriodType
20:19:27.840 [main] DEBUG org.hibernate.cfg.Ejb3Column - Binding column: Ejb3Column{table=org.hibernate.mapping.Table(TimePeriodType), mappingColumn=id, insertable=true, updatable=true, unique=false}
20:19:27.841 [main] DEBUG org.hibernate.cfg.annotations.PropertyBinder - MetadataSourceProcessor property id with lazy=false
20:19:27.841 [main] DEBUG org.hibernate.cfg.AbstractPropertyHolder - Attempting to locate auto-apply AttributeConverter for property [io.swagger.model.TimePeriodType:id]
20:19:27.841 [main] DEBUG org.hibernate.cfg.annotations.SimpleValueBinder - building SimpleValue for id
20:19:27.842 [main] DEBUG org.hibernate.cfg.annotations.PropertyBinder - Building property id
20:19:27.842 [main] DEBUG org.hibernate.cfg.Ejb3Column - Binding column: Ejb3Column{table=org.hibernate.mapping.Table(TimePeriodType), mappingColumn=endDateTime, insertable=true, updatable=true, unique=false}
20:19:27.842 [main] DEBUG org.hibernate.cfg.annotations.PropertyBinder - MetadataSourceProcessor property endDateTime with lazy=false
20:19:27.842 [main] DEBUG org.hibernate.cfg.AbstractPropertyHolder - Attempting to locate auto-apply AttributeConverter for property [io.swagger.model.TimePeriodType:endDateTime]
20:19:27.842 [main] DEBUG org.hibernate.cfg.annotations.SimpleValueBinder - building SimpleValue for endDateTime
20:19:27.843 [main] DEBUG org.hibernate.cfg.annotations.PropertyBinder - Building property endDateTime
20:19:27.843 [main] DEBUG org.hibernate.cfg.Ejb3Column - Binding column: Ejb3Column{table=org.hibernate.mapping.Table(TimePeriodType), mappingColumn=startDateTime, insertable=true, updatable=true, unique=false}
20:19:27.843 [main] DEBUG org.hibernate.cfg.annotations.PropertyBinder - MetadataSourceProcessor property startDateTime with lazy=false
20:19:27.843 [main] DEBUG org.hibernate.cfg.AbstractPropertyHolder - Attempting to locate auto-apply AttributeConverter for property [io.swagger.model.TimePeriodType:startDateTime]
20:19:27.843 [main] DEBUG org.hibernate.cfg.annotations.SimpleValueBinder - building SimpleValue for startDateTime
20:19:27.844 [main] DEBUG org.hibernate.cfg.annotations.PropertyBinder - Building property startDateTime
20:19:27.844 [main] DEBUG org.hibernate.cfg.AnnotationBinder - Binding entity from annotated class: io.swagger.model.TokenizedCardType
20:19:27.844 [main] DEBUG org.hibernate.cfg.Ejb3Column - Binding column: Ejb3DiscriminatorColumn{logicalColumnName'DTYPE', discriminatorTypeName='string'}
20:19:27.844 [main] DEBUG org.hibernate.cfg.annotations.EntityBinder - Import with entity name TokenizedCardType
20:19:27.844 [main] DEBUG org.hibernate.cfg.annotations.EntityBinder - Bind entity io.swagger.model.TokenizedCardType on table TokenizedCardType
20:19:27.847 [main] DEBUG org.hibernate.cfg.Ejb3Column - Binding column: Ejb3Column{table=org.hibernate.mapping.Table(TokenizedCardType), mappingColumn=id, insertable=true, updatable=true, unique=false}
20:19:27.848 [main] DEBUG org.hibernate.cfg.annotations.PropertyBinder - MetadataSourceProcessor property id with lazy=false
20:19:27.848 [main] DEBUG org.hibernate.cfg.AbstractPropertyHolder - Attempting to locate auto-apply AttributeConverter for property [io.swagger.model.TokenizedCardType:id]
20:19:27.848 [main] DEBUG org.hibernate.cfg.annotations.SimpleValueBinder - building SimpleValue for id
20:19:27.848 [main] DEBUG org.hibernate.cfg.annotations.PropertyBinder - Building property id
20:19:27.858 [main] DEBUG org.hibernate.cfg.Ejb3Column - Binding column: Ejb3Column{table=org.hibernate.mapping.Table(TokenizedCardType), mappingColumn=brand, insertable=true, updatable=true, unique=false}
20:19:27.858 [main] DEBUG org.hibernate.cfg.annotations.PropertyBinder - MetadataSourceProcessor property brand with lazy=false
20:19:27.858 [main] DEBUG org.hibernate.cfg.AbstractPropertyHolder - Attempting to locate auto-apply AttributeConverter for property [io.swagger.model.TokenizedCardType:brand]
20:19:27.858 [main] DEBUG org.hibernate.cfg.annotations.SimpleValueBinder - building SimpleValue for brand
20:19:27.859 [main] DEBUG org.hibernate.cfg.annotations.PropertyBinder - Building property brand
20:19:27.859 [main] DEBUG org.hibernate.cfg.Ejb3Column - Binding column: Ejb3Column{table=org.hibernate.mapping.Table(TokenizedCardType), mappingColumn=cvv, insertable=true, updatable=true, unique=false}
20:19:27.859 [main] DEBUG org.hibernate.cfg.annotations.PropertyBinder - MetadataSourceProcessor property cvv with lazy=false
20:19:27.860 [main] DEBUG org.hibernate.cfg.AbstractPropertyHolder - Attempting to locate auto-apply AttributeConverter for property [io.swagger.model.TokenizedCardType:cvv]
20:19:27.860 [main] DEBUG org.hibernate.cfg.annotations.SimpleValueBinder - building SimpleValue for cvv
20:19:27.860 [main] DEBUG org.hibernate.cfg.annotations.PropertyBinder - Building property cvv
20:19:27.860 [main] DEBUG org.hibernate.cfg.Ejb3Column - Binding column: Ejb3Column{table=org.hibernate.mapping.Table(TokenizedCardType), mappingColumn=issuer, insertable=true, updatable=true, unique=false}
20:19:27.860 [main] DEBUG org.hibernate.cfg.annotations.PropertyBinder - MetadataSourceProcessor property issuer with lazy=false
20:19:27.860 [main] DEBUG org.hibernate.cfg.AbstractPropertyHolder - Attempting to locate auto-apply AttributeConverter for property [io.swagger.model.TokenizedCardType:issuer]
20:19:27.861 [main] DEBUG org.hibernate.cfg.annotations.SimpleValueBinder - building SimpleValue for issuer
20:19:27.861 [main] DEBUG org.hibernate.cfg.annotations.PropertyBinder - Building property issuer
20:19:27.861 [main] DEBUG org.hibernate.cfg.Ejb3Column - Binding column: Ejb3Column{table=org.hibernate.mapping.Table(TokenizedCardType), mappingColumn=lastFourDigits, insertable=true, updatable=true, unique=false}
20:19:27.861 [main] DEBUG org.hibernate.cfg.annotations.PropertyBinder - MetadataSourceProcessor property lastFourDigits with lazy=false
20:19:27.861 [main] DEBUG org.hibernate.cfg.AbstractPropertyHolder - Attempting to locate auto-apply AttributeConverter for property [io.swagger.model.TokenizedCardType:lastFourDigits]
20:19:27.861 [main] DEBUG org.hibernate.cfg.annotations.SimpleValueBinder - building SimpleValue for lastFourDigits
20:19:27.862 [main] DEBUG org.hibernate.cfg.annotations.PropertyBinder - Building property lastFourDigits
20:19:27.862 [main] DEBUG org.hibernate.cfg.Ejb3Column - Binding column: Ejb3Column{table=org.hibernate.mapping.Table(TokenizedCardType), mappingColumn=token, insertable=true, updatable=true, unique=false}
20:19:27.862 [main] DEBUG org.hibernate.cfg.annotations.PropertyBinder - MetadataSourceProcessor property token with lazy=false
20:19:27.862 [main] DEBUG org.hibernate.cfg.AbstractPropertyHolder - Attempting to locate auto-apply AttributeConverter for property [io.swagger.model.TokenizedCardType:token]
20:19:27.862 [main] DEBUG org.hibernate.cfg.annotations.SimpleValueBinder - building SimpleValue for token
20:19:27.862 [main] DEBUG org.hibernate.cfg.annotations.PropertyBinder - Building property token
20:19:27.863 [main] DEBUG org.hibernate.cfg.Ejb3Column - Binding column: Ejb3Column{table=org.hibernate.mapping.Table(TokenizedCardType), mappingColumn=tokenType, insertable=true, updatable=true, unique=false}
20:19:27.863 [main] DEBUG org.hibernate.cfg.annotations.PropertyBinder - MetadataSourceProcessor property tokenType with lazy=false
20:19:27.863 [main] DEBUG org.hibernate.cfg.AbstractPropertyHolder - Attempting to locate auto-apply AttributeConverter for property [io.swagger.model.TokenizedCardType:tokenType]
20:19:27.864 [main] DEBUG org.hibernate.cfg.annotations.SimpleValueBinder - building SimpleValue for tokenType
20:19:27.865 [main] DEBUG org.hibernate.cfg.annotations.PropertyBinder - Building property tokenType
20:19:27.865 [main] DEBUG org.hibernate.cfg.Ejb3Column - Binding column: Ejb3Column{table=org.hibernate.mapping.Table(TokenizedCardType), mappingColumn=type, insertable=true, updatable=true, unique=false}
20:19:27.865 [main] DEBUG org.hibernate.cfg.annotations.PropertyBinder - MetadataSourceProcessor property type with lazy=false
20:19:27.874 [main] DEBUG org.hibernate.cfg.AbstractPropertyHolder - Attempting to locate auto-apply AttributeConverter for property [io.swagger.model.TokenizedCardType:type]
20:19:27.874 [main] DEBUG org.hibernate.cfg.annotations.SimpleValueBinder - building SimpleValue for type
20:19:27.874 [main] DEBUG org.hibernate.cfg.annotations.PropertyBinder - Building property type
20:19:27.874 [main] DEBUG org.hibernate.cfg.AnnotationBinder - Binding entity from annotated class: io.swagger.model.VoucherType
20:19:27.875 [main] DEBUG org.hibernate.cfg.Ejb3Column - Binding column: Ejb3DiscriminatorColumn{logicalColumnName'DTYPE', discriminatorTypeName='string'}
20:19:27.875 [main] DEBUG org.hibernate.cfg.annotations.EntityBinder - Import with entity name VoucherType
20:19:27.875 [main] DEBUG org.hibernate.cfg.annotations.EntityBinder - Bind entity io.swagger.model.VoucherType on table VoucherType
20:19:27.877 [main] DEBUG org.hibernate.cfg.Ejb3Column - Binding column: Ejb3Column{table=org.hibernate.mapping.Table(VoucherType), mappingColumn=id, insertable=true, updatable=true, unique=false}
20:19:27.878 [main] DEBUG org.hibernate.cfg.annotations.PropertyBinder - MetadataSourceProcessor property id with lazy=false
20:19:27.878 [main] DEBUG org.hibernate.cfg.AbstractPropertyHolder - Attempting to locate auto-apply AttributeConverter for property [io.swagger.model.VoucherType:id]
20:19:27.878 [main] DEBUG org.hibernate.cfg.annotations.SimpleValueBinder - building SimpleValue for id
20:19:27.878 [main] DEBUG org.hibernate.cfg.annotations.PropertyBinder - Building property id
20:19:27.879 [main] DEBUG org.hibernate.cfg.Ejb3Column - Binding column: Ejb3Column{table=org.hibernate.mapping.Table(VoucherType), mappingColumn=campaign, insertable=true, updatable=true, unique=false}
20:19:27.879 [main] DEBUG org.hibernate.cfg.annotations.PropertyBinder - MetadataSourceProcessor property campaign with lazy=false
20:19:27.879 [main] DEBUG org.hibernate.cfg.AbstractPropertyHolder - Attempting to locate auto-apply AttributeConverter for property [io.swagger.model.VoucherType:campaign]
20:19:27.879 [main] DEBUG org.hibernate.cfg.annotations.SimpleValueBinder - building SimpleValue for campaign
20:19:27.880 [main] DEBUG org.hibernate.cfg.annotations.PropertyBinder - Building property campaign
20:19:27.880 [main] DEBUG org.hibernate.cfg.Ejb3Column - Binding column: Ejb3Column{table=org.hibernate.mapping.Table(VoucherType), mappingColumn=code, insertable=true, updatable=true, unique=false}
20:19:27.880 [main] DEBUG org.hibernate.cfg.annotations.PropertyBinder - MetadataSourceProcessor property code with lazy=false
20:19:27.880 [main] DEBUG org.hibernate.cfg.AbstractPropertyHolder - Attempting to locate auto-apply AttributeConverter for property [io.swagger.model.VoucherType:code]
20:19:27.880 [main] DEBUG org.hibernate.cfg.annotations.SimpleValueBinder - building SimpleValue for code
20:19:27.881 [main] DEBUG org.hibernate.cfg.annotations.PropertyBinder - Building property code
20:19:27.881 [main] DEBUG org.hibernate.cfg.Ejb3Column - Binding column: Ejb3Column{table=org.hibernate.mapping.Table(VoucherType), mappingColumn=description, insertable=true, updatable=true, unique=false}
20:19:27.881 [main] DEBUG org.hibernate.cfg.annotations.PropertyBinder - MetadataSourceProcessor property description with lazy=false
20:19:27.882 [main] DEBUG org.hibernate.cfg.AbstractPropertyHolder - Attempting to locate auto-apply AttributeConverter for property [io.swagger.model.VoucherType:description]
20:19:27.882 [main] DEBUG org.hibernate.cfg.annotations.SimpleValueBinder - building SimpleValue for description
20:19:27.882 [main] DEBUG org.hibernate.cfg.annotations.PropertyBinder - Building property description
20:19:27.889 [main] DEBUG org.hibernate.cfg.Ejb3Column - Binding column: Ejb3Column{table=org.hibernate.mapping.Table(VoucherType), mappingColumn=expirationDate, insertable=true, updatable=true, unique=false}
20:19:27.889 [main] DEBUG org.hibernate.cfg.annotations.PropertyBinder - MetadataSourceProcessor property expirationDate with lazy=false
20:19:27.889 [main] DEBUG org.hibernate.cfg.AbstractPropertyHolder - Attempting to locate auto-apply AttributeConverter for property [io.swagger.model.VoucherType:expirationDate]
20:19:27.889 [main] DEBUG org.hibernate.cfg.annotations.SimpleValueBinder - building SimpleValue for expirationDate
20:19:27.889 [main] DEBUG org.hibernate.cfg.annotations.PropertyBinder - Building property expirationDate
20:19:27.890 [main] DEBUG org.hibernate.cfg.Ejb3Column - Binding column: Ejb3JoinColumn{logicalColumnName='null', referencedColumn='null', mappedBy=''}
20:19:27.890 [main] DEBUG org.hibernate.cfg.Ejb3Column - Binding column: Ejb3Column{table=org.hibernate.mapping.Table(VoucherType), mappingColumn=value, insertable=true, updatable=true, unique=false}
20:19:27.891 [main] DEBUG org.hibernate.cfg.Ejb3Column - Binding column: Ejb3Column{table=org.hibernate.mapping.Table(VoucherType), mappingColumn=null, insertable=true, updatable=true, unique=false}
20:19:27.894 [main] DEBUG org.hibernate.cfg.Ejb3Column - Binding column: Ejb3Column{table=org.hibernate.mapping.Table(VoucherType), mappingColumn=element, insertable=true, updatable=true, unique=false}
20:19:27.894 [main] DEBUG org.hibernate.cfg.Ejb3Column - Binding column: Ejb3Column{table=org.hibernate.mapping.Table(VoucherType), mappingColumn=value_KEY, insertable=true, updatable=true, unique=false}
20:19:27.894 [main] DEBUG org.hibernate.cfg.Ejb3Column - Binding column: Ejb3JoinColumn{logicalColumnName='value_KEY', referencedColumn='null', mappedBy='null'}
20:19:27.894 [main] DEBUG org.hibernate.cfg.Ejb3Column - Binding column: Ejb3JoinColumn{logicalColumnName='null', referencedColumn='null', mappedBy=''}
20:19:27.894 [main] DEBUG org.hibernate.cfg.Ejb3Column - Binding column: Ejb3JoinColumn{logicalColumnName='null', referencedColumn='null', mappedBy=''}
20:19:27.894 [main] DEBUG org.hibernate.cfg.annotations.CollectionBinder - Collection role: io.swagger.model.VoucherType.value
20:19:27.895 [main] DEBUG org.hibernate.cfg.annotations.PropertyBinder - Building property value
20:19:27.896 [main] DEBUG org.hibernate.cfg.annotations.SimpleValueBinder - Starting fillSimpleValue for id
20:19:27.896 [main] DEBUG org.hibernate.cfg.annotations.SimpleValueBinder - Starting fillSimpleValue for description
20:19:27.896 [main] DEBUG org.hibernate.cfg.annotations.SimpleValueBinder - Starting fillSimpleValue for href
20:19:27.896 [main] DEBUG org.hibernate.cfg.annotations.SimpleValueBinder - Starting fillSimpleValue for name
20:19:27.896 [main] DEBUG org.hibernate.cfg.annotations.SimpleValueBinder - Starting fillSimpleValue for id
20:19:27.896 [main] DEBUG org.hibernate.cfg.annotations.SimpleValueBinder - Starting fillSimpleValue for BIC
20:19:27.896 [main] DEBUG org.hibernate.cfg.annotations.SimpleValueBinder - Starting fillSimpleValue for accountNumber
20:19:27.896 [main] DEBUG org.hibernate.cfg.annotations.SimpleValueBinder - Starting fillSimpleValue for accountNumberType
20:19:27.897 [main] DEBUG org.hibernate.cfg.annotations.SimpleValueBinder - Starting fillSimpleValue for bank
20:19:27.897 [main] DEBUG org.hibernate.cfg.annotations.SimpleValueBinder - Starting fillSimpleValue for owner
20:19:27.897 [main] DEBUG org.hibernate.cfg.annotations.SimpleValueBinder - Starting fillSimpleValue for id
20:19:27.897 [main] DEBUG org.hibernate.cfg.annotations.SimpleValueBinder - Starting fillSimpleValue for BIC
20:19:27.897 [main] DEBUG org.hibernate.cfg.annotations.SimpleValueBinder - Starting fillSimpleValue for accountNumber
20:19:27.897 [main] DEBUG org.hibernate.cfg.annotations.SimpleValueBinder - Starting fillSimpleValue for accountNumberType
20:19:27.897 [main] DEBUG org.hibernate.cfg.annotations.SimpleValueBinder - Starting fillSimpleValue for bank
20:19:27.897 [main] DEBUG org.hibernate.cfg.annotations.SimpleValueBinder - Starting fillSimpleValue for owner
20:19:27.897 [main] DEBUG org.hibernate.cfg.annotations.SimpleValueBinder - Starting fillSimpleValue for id
20:19:27.897 [main] DEBUG org.hibernate.cfg.annotations.SimpleValueBinder - Starting fillSimpleValue for bank
20:19:27.897 [main] DEBUG org.hibernate.cfg.annotations.SimpleValueBinder - Starting fillSimpleValue for brand
20:19:27.897 [main] DEBUG org.hibernate.cfg.annotations.SimpleValueBinder - Starting fillSimpleValue for cardNumber
20:19:27.897 [main] DEBUG org.hibernate.cfg.annotations.SimpleValueBinder - Starting fillSimpleValue for cvv
20:19:27.897 [main] DEBUG org.hibernate.cfg.annotations.SimpleValueBinder - Starting fillSimpleValue for expirationDate
20:19:27.902 [main] DEBUG org.hibernate.boot.internal.ClassLoaderAccessImpl - Not known whether passed class name [org.threeten.bp.OffsetDateTime] is safe
20:19:27.907 [main] DEBUG org.hibernate.boot.internal.ClassLoaderAccessImpl - No temp ClassLoader provided; using live ClassLoader for loading potentially unsafe class : org.threeten.bp.OffsetDateTime
20:19:28.013 [main] DEBUG org.hibernate.cfg.annotations.SimpleValueBinder - Starting fillSimpleValue for lastFourDigits
20:19:28.013 [main] DEBUG org.hibernate.cfg.annotations.SimpleValueBinder - Starting fillSimpleValue for nameOnCard
20:19:28.013 [main] DEBUG org.hibernate.cfg.annotations.SimpleValueBinder - Starting fillSimpleValue for type
20:19:28.014 [main] DEBUG org.hibernate.cfg.annotations.SimpleValueBinder - Starting fillSimpleValue for id
20:19:28.014 [main] DEBUG org.hibernate.cfg.annotations.SimpleValueBinder - Starting fillSimpleValue for cashierInfo
20:19:28.014 [main] DEBUG org.hibernate.cfg.annotations.SimpleValueBinder - Starting fillSimpleValue for id
20:19:28.014 [main] DEBUG org.hibernate.cfg.annotations.SimpleValueBinder - Starting fillSimpleValue for description
20:19:28.014 [main] DEBUG org.hibernate.cfg.annotations.SimpleValueBinder - Starting fillSimpleValue for href
20:19:28.014 [main] DEBUG org.hibernate.cfg.annotations.SimpleValueBinder - Starting fillSimpleValue for name
20:19:28.014 [main] DEBUG org.hibernate.cfg.annotations.SimpleValueBinder - Starting fillSimpleValue for id
20:19:28.014 [main] DEBUG org.hibernate.cfg.annotations.SimpleValueBinder - Starting fillSimpleValue for bank
20:19:28.014 [main] DEBUG org.hibernate.cfg.annotations.SimpleValueBinder - Starting fillSimpleValue for checkId
20:19:28.014 [main] DEBUG org.hibernate.cfg.annotations.SimpleValueBinder - Starting fillSimpleValue for date
20:19:28.014 [main] DEBUG org.hibernate.boot.internal.ClassLoaderAccessImpl - Not known whether passed class name [org.threeten.bp.OffsetDateTime] is safe
20:19:28.014 [main] DEBUG org.hibernate.boot.internal.ClassLoaderAccessImpl - No temp ClassLoader provided; using live ClassLoader for loading potentially unsafe class : org.threeten.bp.OffsetDateTime
20:19:28.015 [main] DEBUG org.hibernate.cfg.annotations.SimpleValueBinder - Starting fillSimpleValue for drawer
20:19:28.015 [main] DEBUG org.hibernate.cfg.annotations.SimpleValueBinder - Starting fillSimpleValue for payee
20:19:28.015 [main] DEBUG org.hibernate.cfg.annotations.SimpleValueBinder - Starting fillSimpleValue for id
20:19:28.015 [main] DEBUG org.hibernate.cfg.annotations.SimpleValueBinder - Starting fillSimpleValue for service
20:19:28.015 [main] DEBUG org.hibernate.cfg.annotations.SimpleValueBinder - Starting fillSimpleValue for walletId
20:19:28.015 [main] DEBUG org.hibernate.cfg.annotations.SimpleValueBinder - Starting fillSimpleValue for walletUrl
20:19:28.015 [main] DEBUG org.hibernate.cfg.annotations.SimpleValueBinder - Starting fillSimpleValue for id
20:19:28.015 [main] DEBUG org.hibernate.cfg.annotations.SimpleValueBinder - Starting fillSimpleValue for description
20:19:28.015 [main] DEBUG org.hibernate.cfg.annotations.SimpleValueBinder - Starting fillSimpleValue for href
20:19:28.015 [main] DEBUG org.hibernate.cfg.annotations.SimpleValueBinder - Starting fillSimpleValue for name
20:19:28.015 [main] DEBUG org.hibernate.cfg.annotations.SimpleValueBinder - Starting fillSimpleValue for type
20:19:28.015 [main] DEBUG org.hibernate.cfg.annotations.SimpleValueBinder - Starting fillSimpleValue for id
20:19:28.015 [main] DEBUG org.hibernate.cfg.annotations.SimpleValueBinder - Starting fillSimpleValue for amount
20:19:28.015 [main] DEBUG org.hibernate.cfg.annotations.SimpleValueBinder - Starting fillSimpleValue for units
20:19:28.015 [main] DEBUG org.hibernate.cfg.annotations.SimpleValueBinder - Starting fillSimpleValue for id
20:19:28.016 [main] DEBUG org.hibernate.cfg.annotations.SimpleValueBinder - Starting fillSimpleValue for id
20:19:28.016 [main] DEBUG org.hibernate.cfg.annotations.SimpleValueBinder - Starting fillSimpleValue for authorizationCode
20:19:28.016 [main] DEBUG org.hibernate.cfg.annotations.SimpleValueBinder - Starting fillSimpleValue for description
20:19:28.016 [main] DEBUG org.hibernate.cfg.annotations.SimpleValueBinder - Starting fillSimpleValue for href
20:19:28.016 [main] DEBUG org.hibernate.cfg.annotations.SimpleValueBinder - Starting fillSimpleValue for name
20:19:28.016 [main] DEBUG org.hibernate.cfg.annotations.SimpleValueBinder - Starting fillSimpleValue for preferred
20:19:28.016 [main] DEBUG org.hibernate.cfg.annotations.SimpleValueBinder - Starting fillSimpleValue for status
20:19:28.016 [main] DEBUG org.hibernate.cfg.annotations.SimpleValueBinder - Starting fillSimpleValue for statusDate
20:19:28.016 [main] DEBUG org.hibernate.boot.internal.ClassLoaderAccessImpl - Not known whether passed class name [org.threeten.bp.OffsetDateTime] is safe
20:19:28.016 [main] DEBUG org.hibernate.boot.internal.ClassLoaderAccessImpl - No temp ClassLoader provided; using live ClassLoader for loading potentially unsafe class : org.threeten.bp.OffsetDateTime
20:19:28.016 [main] DEBUG org.hibernate.cfg.annotations.SimpleValueBinder - Starting fillSimpleValue for type
20:19:28.016 [main] DEBUG org.hibernate.cfg.annotations.SimpleValueBinder - Starting fillSimpleValue for id
20:19:28.016 [main] DEBUG org.hibernate.cfg.annotations.SimpleValueBinder - Starting fillSimpleValue for description
20:19:28.016 [main] DEBUG org.hibernate.cfg.annotations.SimpleValueBinder - Starting fillSimpleValue for href
20:19:28.016 [main] DEBUG org.hibernate.cfg.annotations.SimpleValueBinder - Starting fillSimpleValue for name
20:19:28.016 [main] DEBUG org.hibernate.cfg.annotations.SimpleValueBinder - Starting fillSimpleValue for id
20:19:28.016 [main] DEBUG org.hibernate.cfg.annotations.SimpleValueBinder - Starting fillSimpleValue for authorizationCode
20:19:28.016 [main] DEBUG org.hibernate.cfg.annotations.SimpleValueBinder - Starting fillSimpleValue for correlatorId
20:19:28.016 [main] DEBUG org.hibernate.cfg.annotations.SimpleValueBinder - Starting fillSimpleValue for description
20:19:28.016 [main] DEBUG org.hibernate.cfg.annotations.SimpleValueBinder - Starting fillSimpleValue for href
20:19:28.025 [main] DEBUG org.hibernate.cfg.annotations.SimpleValueBinder - Starting fillSimpleValue for name
20:19:28.025 [main] DEBUG org.hibernate.cfg.annotations.SimpleValueBinder - Starting fillSimpleValue for paymentDate
20:19:28.025 [main] DEBUG org.hibernate.boot.internal.ClassLoaderAccessImpl - Not known whether passed class name [org.threeten.bp.OffsetDateTime] is safe
20:19:28.025 [main] DEBUG org.hibernate.boot.internal.ClassLoaderAccessImpl - No temp ClassLoader provided; using live ClassLoader for loading potentially unsafe class : org.threeten.bp.OffsetDateTime
20:19:28.025 [main] DEBUG org.hibernate.cfg.annotations.SimpleValueBinder - Starting fillSimpleValue for status
20:19:28.025 [main] DEBUG org.hibernate.cfg.annotations.SimpleValueBinder - Starting fillSimpleValue for statusDate
20:19:28.025 [main] DEBUG org.hibernate.boot.internal.ClassLoaderAccessImpl - Not known whether passed class name [org.threeten.bp.OffsetDateTime] is safe
20:19:28.025 [main] DEBUG org.hibernate.boot.internal.ClassLoaderAccessImpl - No temp ClassLoader provided; using live ClassLoader for loading potentially unsafe class : org.threeten.bp.OffsetDateTime
20:19:28.025 [main] DEBUG org.hibernate.cfg.annotations.SimpleValueBinder - Starting fillSimpleValue for id
20:19:28.025 [main] DEBUG org.hibernate.cfg.annotations.SimpleValueBinder - Starting fillSimpleValue for amount
20:19:28.026 [main] DEBUG org.hibernate.cfg.annotations.SimpleValueBinder - Starting fillSimpleValue for maximum
20:19:28.026 [main] DEBUG org.hibernate.cfg.annotations.SimpleValueBinder - Starting fillSimpleValue for minimum
20:19:28.026 [main] DEBUG org.hibernate.cfg.annotations.SimpleValueBinder - Starting fillSimpleValue for units
20:19:28.026 [main] DEBUG org.hibernate.cfg.annotations.SimpleValueBinder - Starting fillSimpleValue for correlatorId
20:19:28.026 [main] DEBUG org.hibernate.cfg.annotations.SimpleValueBinder - Starting fillSimpleValue for authorizationCode
20:19:28.026 [main] DEBUG org.hibernate.cfg.annotations.SimpleValueBinder - Starting fillSimpleValue for description
20:19:28.026 [main] DEBUG org.hibernate.cfg.annotations.SimpleValueBinder - Starting fillSimpleValue for name
20:19:28.026 [main] DEBUG org.hibernate.cfg.annotations.SimpleValueBinder - Starting fillSimpleValue for reason
20:19:28.026 [main] DEBUG org.hibernate.cfg.annotations.SimpleValueBinder - Starting fillSimpleValue for refundDate
20:19:28.026 [main] DEBUG org.hibernate.boot.internal.ClassLoaderAccessImpl - Not known whether passed class name [org.threeten.bp.OffsetDateTime] is safe
20:19:28.026 [main] DEBUG org.hibernate.boot.internal.ClassLoaderAccessImpl - No temp ClassLoader provided; using live ClassLoader for loading potentially unsafe class : org.threeten.bp.OffsetDateTime
20:19:28.026 [main] DEBUG org.hibernate.cfg.annotations.SimpleValueBinder - Starting fillSimpleValue for status
20:19:28.026 [main] DEBUG org.hibernate.cfg.annotations.SimpleValueBinder - Starting fillSimpleValue for statusDate
20:19:28.026 [main] DEBUG org.hibernate.boot.internal.ClassLoaderAccessImpl - Not known whether passed class name [org.threeten.bp.OffsetDateTime] is safe
20:19:28.026 [main] DEBUG org.hibernate.boot.internal.ClassLoaderAccessImpl - No temp ClassLoader provided; using live ClassLoader for loading potentially unsafe class : org.threeten.bp.OffsetDateTime
20:19:28.026 [main] DEBUG org.hibernate.cfg.annotations.SimpleValueBinder - Starting fillSimpleValue for id
20:19:28.026 [main] DEBUG org.hibernate.cfg.annotations.SimpleValueBinder - Starting fillSimpleValue for authorizationCode
20:19:28.026 [main] DEBUG org.hibernate.cfg.annotations.SimpleValueBinder - Starting fillSimpleValue for correlatorId
20:19:28.026 [main] DEBUG org.hibernate.cfg.annotations.SimpleValueBinder - Starting fillSimpleValue for description
20:19:28.026 [main] DEBUG org.hibernate.cfg.annotations.SimpleValueBinder - Starting fillSimpleValue for href
20:19:28.026 [main] DEBUG org.hibernate.cfg.annotations.SimpleValueBinder - Starting fillSimpleValue for name
20:19:28.026 [main] DEBUG org.hibernate.cfg.annotations.SimpleValueBinder - Starting fillSimpleValue for reason
20:19:28.027 [main] DEBUG org.hibernate.cfg.annotations.SimpleValueBinder - Starting fillSimpleValue for refundDate
20:19:28.027 [main] DEBUG org.hibernate.boot.internal.ClassLoaderAccessImpl - Not known whether passed class name [org.threeten.bp.OffsetDateTime] is safe
20:19:28.027 [main] DEBUG org.hibernate.boot.internal.ClassLoaderAccessImpl - No temp ClassLoader provided; using live ClassLoader for loading potentially unsafe class : org.threeten.bp.OffsetDateTime
20:19:28.027 [main] DEBUG org.hibernate.cfg.annotations.SimpleValueBinder - Starting fillSimpleValue for status
20:19:28.027 [main] DEBUG org.hibernate.cfg.annotations.SimpleValueBinder - Starting fillSimpleValue for statusDate
20:19:28.027 [main] DEBUG org.hibernate.boot.internal.ClassLoaderAccessImpl - Not known whether passed class name [org.threeten.bp.OffsetDateTime] is safe
20:19:28.027 [main] DEBUG org.hibernate.boot.internal.ClassLoaderAccessImpl - No temp ClassLoader provided; using live ClassLoader for loading potentially unsafe class : org.threeten.bp.OffsetDateTime
20:19:28.027 [main] DEBUG org.hibernate.cfg.annotations.SimpleValueBinder - Starting fillSimpleValue for id
20:19:28.027 [main] DEBUG org.hibernate.cfg.annotations.SimpleValueBinder - Starting fillSimpleValue for href
20:19:28.027 [main] DEBUG org.hibernate.cfg.annotations.SimpleValueBinder - Starting fillSimpleValue for name
20:19:28.027 [main] DEBUG org.hibernate.cfg.annotations.SimpleValueBinder - Starting fillSimpleValue for role
20:19:28.027 [main] DEBUG org.hibernate.cfg.annotations.SimpleValueBinder - Starting fillSimpleValue for id
20:19:28.027 [main] DEBUG org.hibernate.cfg.annotations.SimpleValueBinder - Starting fillSimpleValue for endDateTime
20:19:28.027 [main] DEBUG org.hibernate.boot.internal.ClassLoaderAccessImpl - Not known whether passed class name [org.threeten.bp.OffsetDateTime] is safe
20:19:28.027 [main] DEBUG org.hibernate.boot.internal.ClassLoaderAccessImpl - No temp ClassLoader provided; using live ClassLoader for loading potentially unsafe class : org.threeten.bp.OffsetDateTime
20:19:28.027 [main] DEBUG org.hibernate.cfg.annotations.SimpleValueBinder - Starting fillSimpleValue for startDateTime
20:19:28.027 [main] DEBUG org.hibernate.boot.internal.ClassLoaderAccessImpl - Not known whether passed class name [org.threeten.bp.OffsetDateTime] is safe
20:19:28.028 [main] DEBUG org.hibernate.boot.internal.ClassLoaderAccessImpl - No temp ClassLoader provided; using live ClassLoader for loading potentially unsafe class : org.threeten.bp.OffsetDateTime
20:19:28.028 [main] DEBUG org.hibernate.cfg.annotations.SimpleValueBinder - Starting fillSimpleValue for id
20:19:28.028 [main] DEBUG org.hibernate.cfg.annotations.SimpleValueBinder - Starting fillSimpleValue for brand
20:19:28.028 [main] DEBUG org.hibernate.cfg.annotations.SimpleValueBinder - Starting fillSimpleValue for cvv
20:19:28.028 [main] DEBUG org.hibernate.cfg.annotations.SimpleValueBinder - Starting fillSimpleValue for issuer
20:19:28.028 [main] DEBUG org.hibernate.cfg.annotations.SimpleValueBinder - Starting fillSimpleValue for lastFourDigits
20:19:28.028 [main] DEBUG org.hibernate.cfg.annotations.SimpleValueBinder - Starting fillSimpleValue for token
20:19:28.028 [main] DEBUG org.hibernate.cfg.annotations.SimpleValueBinder - Starting fillSimpleValue for tokenType
20:19:28.028 [main] DEBUG org.hibernate.cfg.annotations.SimpleValueBinder - Starting fillSimpleValue for type
20:19:28.028 [main] DEBUG org.hibernate.cfg.annotations.SimpleValueBinder - Starting fillSimpleValue for id
20:19:28.028 [main] DEBUG org.hibernate.cfg.annotations.SimpleValueBinder - Starting fillSimpleValue for campaign
20:19:28.028 [main] DEBUG org.hibernate.cfg.annotations.SimpleValueBinder - Starting fillSimpleValue for code
20:19:28.028 [main] DEBUG org.hibernate.cfg.annotations.SimpleValueBinder - Starting fillSimpleValue for description
20:19:28.028 [main] DEBUG org.hibernate.cfg.annotations.SimpleValueBinder - Starting fillSimpleValue for expirationDate
20:19:28.028 [main] DEBUG org.hibernate.boot.internal.ClassLoaderAccessImpl - Not known whether passed class name [org.threeten.bp.OffsetDateTime] is safe
20:19:28.028 [main] DEBUG org.hibernate.boot.internal.ClassLoaderAccessImpl - No temp ClassLoader provided; using live ClassLoader for loading potentially unsafe class : org.threeten.bp.OffsetDateTime
20:19:28.049 [main] DEBUG org.hibernate.mapping.PrimaryKey - Forcing column [id] to be non-null as it is part of the primary key for table [accountreftype]
20:19:28.049 [main] DEBUG org.hibernate.mapping.PrimaryKey - Forcing column [id] to be non-null as it is part of the primary key for table [bankaccountdebittype]
20:19:28.049 [main] DEBUG org.hibernate.mapping.PrimaryKey - Forcing column [id] to be non-null as it is part of the primary key for table [bankaccounttransfertype]
20:19:28.049 [main] DEBUG org.hibernate.mapping.PrimaryKey - Forcing column [id] to be non-null as it is part of the primary key for table [bankcardtype]
20:19:28.049 [main] DEBUG org.hibernate.mapping.PrimaryKey - Forcing column [id] to be non-null as it is part of the primary key for table [cashtype]
20:19:28.049 [main] DEBUG org.hibernate.mapping.PrimaryKey - Forcing column [id] to be non-null as it is part of the primary key for table [channelreftype]
20:19:28.050 [main] DEBUG org.hibernate.mapping.PrimaryKey - Forcing column [id] to be non-null as it is part of the primary key for table [checktype]
20:19:28.050 [main] DEBUG org.hibernate.mapping.PrimaryKey - Forcing column [id] to be non-null as it is part of the primary key for table [digitalwallettype]
20:19:28.050 [main] DEBUG org.hibernate.mapping.PrimaryKey - Forcing column [id] to be non-null as it is part of the primary key for table [entityreftype]
20:19:28.050 [main] DEBUG org.hibernate.mapping.PrimaryKey - Forcing column [id] to be non-null as it is part of the primary key for table [moneytype]
20:19:28.050 [main] DEBUG org.hibernate.mapping.PrimaryKey - Forcing column [id] to be non-null as it is part of the primary key for table [paymentitemtype]
20:19:28.050 [main] DEBUG org.hibernate.mapping.PrimaryKey - Forcing column [id] to be non-null as it is part of the primary key for table [paymentmethodtype]
20:19:28.050 [main] DEBUG org.hibernate.mapping.PrimaryKey - Forcing column [id] to be non-null as it is part of the primary key for table [paymentreftype]
20:19:28.050 [main] DEBUG org.hibernate.mapping.PrimaryKey - Forcing column [id] to be non-null as it is part of the primary key for table [paymenttype]
20:19:28.051 [main] DEBUG org.hibernate.mapping.PrimaryKey - Forcing column [id] to be non-null as it is part of the primary key for table [quantitytype]
20:19:28.051 [main] DEBUG org.hibernate.mapping.PrimaryKey - Forcing column [correlatorid] to be non-null as it is part of the primary key for table [refundrequesttype]
20:19:28.051 [main] DEBUG org.hibernate.mapping.PrimaryKey - Forcing column [id] to be non-null as it is part of the primary key for table [refundtype]
20:19:28.051 [main] DEBUG org.hibernate.mapping.PrimaryKey - Forcing column [id] to be non-null as it is part of the primary key for table [relatedpartyreftype]
20:19:28.051 [main] DEBUG org.hibernate.mapping.PrimaryKey - Forcing column [id] to be non-null as it is part of the primary key for table [timeperiodtype]
20:19:28.051 [main] DEBUG org.hibernate.mapping.PrimaryKey - Forcing column [id] to be non-null as it is part of the primary key for table [tokenizedcardtype]
20:19:28.052 [main] DEBUG org.hibernate.mapping.PrimaryKey - Forcing column [id] to be non-null as it is part of the primary key for table [vouchertype]
20:19:28.053 [main] DEBUG org.hibernate.cfg.CollectionSecondPass - Second pass for collection: io.swagger.model.VoucherType.value
20:19:28.053 [main] DEBUG org.hibernate.cfg.annotations.CollectionBinder - Binding a OneToMany: io.swagger.model.VoucherType.value through an association table
20:19:28.088 [main] DEBUG org.hibernate.cfg.CollectionSecondPass - Mapped collection key: VoucherType_id, element: value_id
20:19:28.088 [main] DEBUG org.hibernate.cfg.CollectionSecondPass - Second pass for collection: io.swagger.model.RefundType.paymentMethod
20:19:28.089 [main] DEBUG org.hibernate.cfg.annotations.CollectionBinder - Binding a OneToMany: io.swagger.model.RefundType.paymentMethod through an association table
20:19:28.090 [main] DEBUG org.hibernate.cfg.CollectionSecondPass - Mapped collection key: RefundType_id, element: paymentMethod_id
20:19:28.090 [main] DEBUG org.hibernate.cfg.CollectionSecondPass - Second pass for collection: io.swagger.model.RefundRequestType.paymentMethod
20:19:28.090 [main] DEBUG org.hibernate.cfg.annotations.CollectionBinder - Binding a OneToMany: io.swagger.model.RefundRequestType.paymentMethod through an association table
20:19:28.091 [main] DEBUG org.hibernate.cfg.CollectionSecondPass - Mapped collection key: RefundRequestType_correlatorId, element: paymentMethod_id
20:19:28.091 [main] DEBUG org.hibernate.cfg.CollectionSecondPass - Second pass for collection: io.swagger.model.PaymentType.paymentMethod
20:19:28.091 [main] DEBUG org.hibernate.cfg.annotations.CollectionBinder - Binding a OneToMany: io.swagger.model.PaymentType.paymentMethod through an association table
20:19:28.092 [main] DEBUG org.hibernate.cfg.CollectionSecondPass - Mapped collection key: PaymentType_id, element: paymentMethod_id
20:19:28.092 [main] DEBUG org.hibernate.cfg.CollectionSecondPass - Second pass for collection: io.swagger.model.PaymentType.paymentItem
20:19:28.092 [main] DEBUG org.hibernate.cfg.annotations.CollectionBinder - Binding a OneToMany: io.swagger.model.PaymentType.paymentItem through an association table
20:19:28.093 [main] DEBUG org.hibernate.cfg.CollectionSecondPass - Mapped collection key: PaymentType_id, element: paymentItem_id
20:19:28.093 [main] DEBUG org.hibernate.cfg.CollectionSecondPass - Second pass for collection: io.swagger.model.PaymentMethodType.relatedParty
20:19:28.093 [main] DEBUG org.hibernate.cfg.annotations.CollectionBinder - Binding a OneToMany: io.swagger.model.PaymentMethodType.relatedParty through an association table
20:19:28.093 [main] DEBUG org.hibernate.cfg.CollectionSecondPass - Mapped collection key: PaymentMethodType_id, element: relatedParty_id
20:19:28.094 [main] DEBUG org.hibernate.boot.internal.InFlightMetadataCollectorImpl - Resolving reference to class: io.swagger.model.MoneyType
20:19:28.096 [main] DEBUG org.hibernate.boot.internal.InFlightMetadataCollectorImpl - Resolving reference to class: io.swagger.model.EntityRefType
20:19:28.097 [main] DEBUG org.hibernate.boot.internal.InFlightMetadataCollectorImpl - Resolving reference to class: io.swagger.model.MoneyType
20:19:28.098 [main] DEBUG org.hibernate.boot.internal.InFlightMetadataCollectorImpl - Resolving reference to class: io.swagger.model.MoneyType
20:19:28.098 [main] DEBUG org.hibernate.boot.internal.InFlightMetadataCollectorImpl - Resolving reference to class: io.swagger.model.TimePeriodType
20:19:28.098 [main] DEBUG org.hibernate.boot.internal.InFlightMetadataCollectorImpl - Resolving reference to class: io.swagger.model.RelatedPartyRefType
20:19:28.098 [main] DEBUG org.hibernate.boot.internal.InFlightMetadataCollectorImpl - Resolving reference to class: io.swagger.model.PaymentMethodType
20:19:28.099 [main] DEBUG org.hibernate.boot.internal.InFlightMetadataCollectorImpl - Resolving reference to class: io.swagger.model.AccountRefType
20:19:28.099 [main] DEBUG org.hibernate.boot.internal.InFlightMetadataCollectorImpl - Resolving reference to class: io.swagger.model.MoneyType
20:19:28.100 [main] DEBUG org.hibernate.boot.internal.InFlightMetadataCollectorImpl - Resolving reference to class: io.swagger.model.ChannelRefType
20:19:28.100 [main] DEBUG org.hibernate.boot.internal.InFlightMetadataCollectorImpl - Resolving reference to class: io.swagger.model.RelatedPartyRefType
20:19:28.101 [main] DEBUG org.hibernate.boot.internal.InFlightMetadataCollectorImpl - Resolving reference to class: io.swagger.model.MoneyType
20:19:28.101 [main] DEBUG org.hibernate.boot.internal.InFlightMetadataCollectorImpl - Resolving reference to class: io.swagger.model.MoneyType
20:19:28.101 [main] DEBUG org.hibernate.boot.internal.InFlightMetadataCollectorImpl - Resolving reference to class: io.swagger.model.PaymentItemType
20:19:28.102 [main] DEBUG org.hibernate.boot.internal.InFlightMetadataCollectorImpl - Resolving reference to class: io.swagger.model.PaymentType
20:19:28.102 [main] DEBUG org.hibernate.boot.internal.InFlightMetadataCollectorImpl - Resolving reference to class: io.swagger.model.PaymentMethodType
20:19:28.102 [main] DEBUG org.hibernate.boot.internal.InFlightMetadataCollectorImpl - Resolving reference to class: io.swagger.model.PaymentType
20:19:28.103 [main] DEBUG org.hibernate.boot.internal.InFlightMetadataCollectorImpl - Resolving reference to class: io.swagger.model.AccountRefType
20:19:28.103 [main] DEBUG org.hibernate.boot.internal.InFlightMetadataCollectorImpl - Resolving reference to class: io.swagger.model.MoneyType
20:19:28.103 [main] DEBUG org.hibernate.boot.internal.InFlightMetadataCollectorImpl - Resolving reference to class: io.swagger.model.ChannelRefType
20:19:28.103 [main] DEBUG org.hibernate.boot.internal.InFlightMetadataCollectorImpl - Resolving reference to class: io.swagger.model.PaymentRefType
20:19:28.104 [main] DEBUG org.hibernate.boot.internal.InFlightMetadataCollectorImpl - Resolving reference to class: io.swagger.model.RelatedPartyRefType
20:19:28.104 [main] DEBUG org.hibernate.boot.internal.InFlightMetadataCollectorImpl - Resolving reference to class: io.swagger.model.MoneyType
20:19:28.104 [main] DEBUG org.hibernate.boot.internal.InFlightMetadataCollectorImpl - Resolving reference to class: io.swagger.model.MoneyType
20:19:28.105 [main] DEBUG org.hibernate.boot.internal.InFlightMetadataCollectorImpl - Resolving reference to class: io.swagger.model.PaymentMethodType
20:19:28.105 [main] DEBUG org.hibernate.boot.internal.InFlightMetadataCollectorImpl - Resolving reference to class: io.swagger.model.RefundRequestType
20:19:28.105 [main] DEBUG org.hibernate.boot.internal.InFlightMetadataCollectorImpl - Resolving reference to class: io.swagger.model.AccountRefType
20:19:28.105 [main] DEBUG org.hibernate.boot.internal.InFlightMetadataCollectorImpl - Resolving reference to class: io.swagger.model.MoneyType
20:19:28.106 [main] DEBUG org.hibernate.boot.internal.InFlightMetadataCollectorImpl - Resolving reference to class: io.swagger.model.ChannelRefType
20:19:28.106 [main] DEBUG org.hibernate.boot.internal.InFlightMetadataCollectorImpl - Resolving reference to class: io.swagger.model.PaymentRefType
20:19:28.106 [main] DEBUG org.hibernate.boot.internal.InFlightMetadataCollectorImpl - Resolving reference to class: io.swagger.model.RelatedPartyRefType
20:19:28.106 [main] DEBUG org.hibernate.boot.internal.InFlightMetadataCollectorImpl - Resolving reference to class: io.swagger.model.MoneyType
20:19:28.107 [main] DEBUG org.hibernate.boot.internal.InFlightMetadataCollectorImpl - Resolving reference to class: io.swagger.model.MoneyType
20:19:28.107 [main] DEBUG org.hibernate.boot.internal.InFlightMetadataCollectorImpl - Resolving reference to class: io.swagger.model.PaymentMethodType
20:19:28.107 [main] DEBUG org.hibernate.boot.internal.InFlightMetadataCollectorImpl - Resolving reference to class: io.swagger.model.RefundType
20:19:28.108 [main] DEBUG org.hibernate.boot.internal.InFlightMetadataCollectorImpl - Resolving reference to class: io.swagger.model.QuantityType
20:19:28.108 [main] DEBUG org.hibernate.boot.internal.InFlightMetadataCollectorImpl - Resolving reference to class: io.swagger.model.VoucherType
20:19:28.110 [main] DEBUG org.hibernate.boot.internal.InFlightMetadataCollectorImpl - Resolving reference to class: io.swagger.model.MoneyType
20:19:28.110 [main] DEBUG org.hibernate.boot.internal.InFlightMetadataCollectorImpl - Resolving reference to class: io.swagger.model.EntityRefType
20:19:28.110 [main] DEBUG org.hibernate.boot.internal.InFlightMetadataCollectorImpl - Resolving reference to class: io.swagger.model.MoneyType
20:19:28.110 [main] DEBUG org.hibernate.boot.internal.InFlightMetadataCollectorImpl - Resolving reference to class: io.swagger.model.MoneyType
20:19:28.110 [main] DEBUG org.hibernate.boot.internal.InFlightMetadataCollectorImpl - Resolving reference to class: io.swagger.model.TimePeriodType
20:19:28.111 [main] DEBUG org.hibernate.boot.internal.InFlightMetadataCollectorImpl - Resolving reference to class: io.swagger.model.RelatedPartyRefType
20:19:28.111 [main] DEBUG org.hibernate.boot.internal.InFlightMetadataCollectorImpl - Resolving reference to class: io.swagger.model.PaymentMethodType
20:19:28.111 [main] DEBUG org.hibernate.boot.internal.InFlightMetadataCollectorImpl - Resolving reference to class: io.swagger.model.AccountRefType
20:19:28.111 [main] DEBUG org.hibernate.boot.internal.InFlightMetadataCollectorImpl - Resolving reference to class: io.swagger.model.MoneyType
20:19:28.111 [main] DEBUG org.hibernate.boot.internal.InFlightMetadataCollectorImpl - Resolving reference to class: io.swagger.model.ChannelRefType
20:19:28.111 [main] DEBUG org.hibernate.boot.internal.InFlightMetadataCollectorImpl - Resolving reference to class: io.swagger.model.RelatedPartyRefType
20:19:28.111 [main] DEBUG org.hibernate.boot.internal.InFlightMetadataCollectorImpl - Resolving reference to class: io.swagger.model.MoneyType
20:19:28.111 [main] DEBUG org.hibernate.boot.internal.InFlightMetadataCollectorImpl - Resolving reference to class: io.swagger.model.MoneyType
20:19:28.112 [main] DEBUG org.hibernate.boot.internal.InFlightMetadataCollectorImpl - Resolving reference to class: io.swagger.model.PaymentItemType
20:19:28.112 [main] DEBUG org.hibernate.boot.internal.InFlightMetadataCollectorImpl - Resolving reference to class: io.swagger.model.PaymentType
20:19:28.112 [main] DEBUG org.hibernate.boot.internal.InFlightMetadataCollectorImpl - Resolving reference to class: io.swagger.model.PaymentMethodType
20:19:28.112 [main] DEBUG org.hibernate.boot.internal.InFlightMetadataCollectorImpl - Resolving reference to class: io.swagger.model.PaymentType
20:19:28.112 [main] DEBUG org.hibernate.boot.internal.InFlightMetadataCollectorImpl - Resolving reference to class: io.swagger.model.AccountRefType
20:19:28.112 [main] DEBUG org.hibernate.boot.internal.InFlightMetadataCollectorImpl - Resolving reference to class: io.swagger.model.MoneyType
20:19:28.112 [main] DEBUG org.hibernate.boot.internal.InFlightMetadataCollectorImpl - Resolving reference to class: io.swagger.model.ChannelRefType
20:19:28.112 [main] DEBUG org.hibernate.boot.internal.InFlightMetadataCollectorImpl - Resolving reference to class: io.swagger.model.PaymentRefType
20:19:28.112 [main] DEBUG org.hibernate.boot.internal.InFlightMetadataCollectorImpl - Resolving reference to class: io.swagger.model.RelatedPartyRefType
20:19:28.113 [main] DEBUG org.hibernate.boot.internal.InFlightMetadataCollectorImpl - Resolving reference to class: io.swagger.model.MoneyType
20:19:28.113 [main] DEBUG org.hibernate.boot.internal.InFlightMetadataCollectorImpl - Resolving reference to class: io.swagger.model.MoneyType
20:19:28.113 [main] DEBUG org.hibernate.boot.internal.InFlightMetadataCollectorImpl - Resolving reference to class: io.swagger.model.PaymentMethodType
20:19:28.113 [main] DEBUG org.hibernate.boot.internal.InFlightMetadataCollectorImpl - Resolving reference to class: io.swagger.model.RefundRequestType
20:19:28.113 [main] DEBUG org.hibernate.boot.internal.InFlightMetadataCollectorImpl - Resolving reference to class: io.swagger.model.AccountRefType
20:19:28.113 [main] DEBUG org.hibernate.boot.internal.InFlightMetadataCollectorImpl - Resolving reference to class: io.swagger.model.MoneyType
20:19:28.113 [main] DEBUG org.hibernate.boot.internal.InFlightMetadataCollectorImpl - Resolving reference to class: io.swagger.model.ChannelRefType
20:19:28.113 [main] DEBUG org.hibernate.boot.internal.InFlightMetadataCollectorImpl - Resolving reference to class: io.swagger.model.PaymentRefType
20:19:28.113 [main] DEBUG org.hibernate.boot.internal.InFlightMetadataCollectorImpl - Resolving reference to class: io.swagger.model.RelatedPartyRefType
20:19:28.114 [main] DEBUG org.hibernate.boot.internal.InFlightMetadataCollectorImpl - Resolving reference to class: io.swagger.model.MoneyType
20:19:28.114 [main] DEBUG org.hibernate.boot.internal.InFlightMetadataCollectorImpl - Resolving reference to class: io.swagger.model.MoneyType
20:19:28.114 [main] DEBUG org.hibernate.boot.internal.InFlightMetadataCollectorImpl - Resolving reference to class: io.swagger.model.PaymentMethodType
20:19:28.114 [main] DEBUG org.hibernate.boot.internal.InFlightMetadataCollectorImpl - Resolving reference to class: io.swagger.model.RefundType
20:19:28.114 [main] DEBUG org.hibernate.boot.internal.InFlightMetadataCollectorImpl - Resolving reference to class: io.swagger.model.QuantityType
20:19:28.114 [main] DEBUG org.hibernate.boot.internal.InFlightMetadataCollectorImpl - Resolving reference to class: io.swagger.model.VoucherType
20:19:28.181 [main] DEBUG org.hibernate.internal.SessionFactoryImpl - Building session factory
20:19:28.182 [main] DEBUG org.hibernate.cfg.Settings - SessionFactory name : null
20:19:28.182 [main] DEBUG org.hibernate.cfg.Settings - Automatic flush during beforeCompletion(): disabled
20:19:28.183 [main] DEBUG org.hibernate.cfg.Settings - Automatic session close at end of transaction: disabled
20:19:28.183 [main] DEBUG org.hibernate.cfg.Settings - Statistics: disabled
20:19:28.183 [main] DEBUG org.hibernate.cfg.Settings - Deleted entity synthetic identifier rollback: disabled
20:19:28.183 [main] DEBUG org.hibernate.cfg.Settings - Default entity-mode: pojo
20:19:28.183 [main] DEBUG org.hibernate.cfg.Settings - Check Nullability in Core (should be disabled when Bean Validation is on): enabled
20:19:28.183 [main] DEBUG org.hibernate.cfg.Settings - Allow initialization of lazy state outside session : disabled
20:19:28.183 [main] DEBUG org.hibernate.cfg.Settings - Using BatchFetchStyle : LEGACY
20:19:28.184 [main] DEBUG org.hibernate.cfg.Settings - Default batch fetch size: -1
20:19:28.184 [main] DEBUG org.hibernate.cfg.Settings - Maximum outer join fetch depth: 2
20:19:28.184 [main] DEBUG org.hibernate.cfg.Settings - Default null ordering: NONE
20:19:28.184 [main] DEBUG org.hibernate.cfg.Settings - Order SQL updates by primary key: disabled
20:19:28.184 [main] DEBUG org.hibernate.cfg.Settings - Order SQL inserts for batching: disabled
20:19:28.184 [main] DEBUG org.hibernate.cfg.Settings - multi-tenancy strategy : NONE
20:19:28.184 [main] DEBUG org.hibernate.cfg.Settings - JTA Track by Thread: enabled
20:19:28.184 [main] DEBUG org.hibernate.cfg.Settings - Query language substitutions: {}
20:19:28.184 [main] DEBUG org.hibernate.cfg.Settings - JPA query language strict compliance: disabled
20:19:28.185 [main] DEBUG org.hibernate.cfg.Settings - Named query checking : enabled
20:19:28.185 [main] DEBUG org.hibernate.cfg.Settings - Second-level cache: enabled
20:19:28.185 [main] DEBUG org.hibernate.cfg.Settings - Second-level query cache: disabled
20:19:28.185 [main] DEBUG org.hibernate.cfg.Settings - Second-level query cache factory: org.hibernate.cache.internal.StandardQueryCacheFactory@1c52552f
20:19:28.185 [main] DEBUG org.hibernate.cfg.Settings - Second-level cache region prefix: null
20:19:28.186 [main] DEBUG org.hibernate.cfg.Settings - Optimize second-level cache for minimal puts: disabled
20:19:28.186 [main] DEBUG org.hibernate.cfg.Settings - Structured second-level cache entries: disabled
20:19:28.186 [main] DEBUG org.hibernate.cfg.Settings - Second-level cache direct-reference entries: disabled
20:19:28.186 [main] DEBUG org.hibernate.cfg.Settings - Automatic eviction of collection cache: disabled
20:19:28.186 [main] DEBUG org.hibernate.cfg.Settings - JDBC batch size: 15
20:19:28.186 [main] DEBUG org.hibernate.cfg.Settings - JDBC batch updates for versioned data: enabled
20:19:28.186 [main] DEBUG org.hibernate.cfg.Settings - Scrollable result sets: enabled
20:19:28.186 [main] DEBUG org.hibernate.cfg.Settings - Wrap result sets: disabled
20:19:28.186 [main] DEBUG org.hibernate.cfg.Settings - JDBC3 getGeneratedKeys(): enabled
20:19:28.186 [main] DEBUG org.hibernate.cfg.Settings - JDBC result set fetch size: null
20:19:28.186 [main] DEBUG org.hibernate.cfg.Settings - Connection release mode: ON_CLOSE
20:19:28.186 [main] DEBUG org.hibernate.cfg.Settings - Generate SQL with comments: disabled
20:19:28.240 [main] DEBUG org.hibernate.internal.SessionFactoryImpl - Returning a Reference to the SessionFactory
20:19:28.241 [main] DEBUG org.hibernate.internal.SessionFactoryImpl - Session factory constructed with filter configurations : {}
20:19:28.241 [main] DEBUG org.hibernate.internal.SessionFactoryImpl - Instantiating session factory with properties: {awt.toolkit=sun.awt.X11.XToolkit, java.specification.version=9, sun.cpu.isalist=, sun.jnu.encoding=UTF-8, sun.arch.data.model=64, java.vendor.url=http://java.oracle.com/, sun.boot.library.path=/usr/lib/jvm/jdk-9.0.4/lib, sun.java.command=/home/vadim/JAVA/CloneForProjectJD2/MyProject/target/surefire/surefirebooter14177991212406882255.jar /home/vadim/JAVA/CloneForProjectJD2/MyProject/target/surefire/surefire4761666464246527341tmp /home/vadim/JAVA/CloneForProjectJD2/MyProject/target/surefire/surefire_014160149773951581311tmp, jdk.debug=release, java.specification.vendor=Oracle Corporation, java.home=/usr/lib/jvm/jdk-9.0.4, file.separator=/, basedir=/home/vadim/JAVA/CloneForProjectJD2/MyProject, java.vm.compressedOopsMode=32-bit, line.separator=
, java.vm.specification.vendor=Oracle Corporation, java.specification.name=Java Platform API Specification, hibernate.hbm2ddl.auto=update, sun.management.compiler=HotSpot 64-Bit Tiered Compilers, java.runtime.version=9.0.4+11, user.name=vadim, file.encoding=UTF-8, hibernate.classLoaders=[jdk.internal.loader.ClassLoaders$AppClassLoader@1b9e1916], hibernate.current_session_context_class=org.springframework.orm.hibernate5.SpringSessionContext, localRepository=/home/vadim/.m2/repository, java.io.tmpdir=/tmp, idea.version=2018.2.6, java.version=9.0.4, java.vm.specification.name=Java Virtual Machine Specification, java.awt.printerjob=sun.print.PSPrinterJob, sun.os.patch.level=unknown, java.library.path=/usr/java/packages/lib:/usr/lib64:/lib64:/lib:/usr/lib, java.vendor=Oracle Corporation, sun.io.unicode.encoding=UnicodeLittle, sun.desktop=gnome, file.encoding.pkg=sun.io, hibernate.dialect=org.hibernate.dialect.MySQL5Dialect, java.class.path=/home/vadim/JAVA/CloneForProjectJD2/MyProject/target/test-classes:/home/vadim/JAVA/CloneForProjectJD2/MyProject/target/classes:/home/vadim/.m2/repository/org/springframework/boot/spring-boot-starter-web/1.5.9.RELEASE/spring-boot-starter-web-1.5.9.RELEASE.jar:/home/vadim/.m2/repository/org/springframework/boot/spring-boot-starter/1.5.9.RELEASE/spring-boot-starter-1.5.9.RELEASE.jar:/home/vadim/.m2/repository/org/springframework/boot/spring-boot/1.5.9.RELEASE/spring-boot-1.5.9.RELEASE.jar:/home/vadim/.m2/repository/org/springframework/boot/spring-boot-autoconfigure/1.5.9.RELEASE/spring-boot-autoconfigure-1.5.9.RELEASE.jar:/home/vadim/.m2/repository/org/springframework/boot/spring-boot-starter-logging/1.5.9.RELEASE/spring-boot-starter-logging-1.5.9.RELEASE.jar:/home/vadim/.m2/repository/ch/qos/logback/logback-classic/1.1.11/logback-classic-1.1.11.jar:/home/vadim/.m2/repository/ch/qos/logback/logback-core/1.1.11/logback-core-1.1.11.jar:/home/vadim/.m2/repository/org/slf4j/jcl-over-slf4j/1.7.25/jcl-over-slf4j-1.7.25.jar:/home/vadim/.m2/repository/org/slf4j/jul-to-slf4j/1.7.25/jul-to-slf4j-1.7.25.jar:/home/vadim/.m2/repository/org/slf4j/log4j-over-slf4j/1.7.25/log4j-over-slf4j-1.7.25.jar:/home/vadim/.m2/repository/org/yaml/snakeyaml/1.17/snakeyaml-1.17.jar:/home/vadim/.m2/repository/org/hibernate/hibernate-validator/5.3.6.Final/hibernate-validator-5.3.6.Final.jar:/home/vadim/.m2/repository/com/fasterxml/jackson/core/jackson-databind/2.8.10/jackson-databind-2.8.10.jar:/home/vadim/.m2/repository/com/fasterxml/jackson/core/jackson-annotations/2.8.0/jackson-annotations-2.8.0.jar:/home/vadim/.m2/repository/org/springframework/spring-web/4.3.13.RELEASE/spring-web-4.3.13.RELEASE.jar:/home/vadim/.m2/repository/org/springframework/spring-aop/4.3.13.RELEASE/spring-aop-4.3.13.RELEASE.jar:/home/vadim/.m2/repository/org/springframework/spring-context/4.3.13.RELEASE/spring-context-4.3.13.RELEASE.jar:/home/vadim/.m2/repository/org/springframework/spring-webmvc/4.3.13.RELEASE/spring-webmvc-4.3.13.RELEASE.jar:/home/vadim/.m2/repository/org/springframework/spring-expression/4.3.13.RELEASE/spring-expression-4.3.13.RELEASE.jar:/home/vadim/.m2/repository/org/springframework/boot/spring-boot-starter-tomcat/1.5.9.RELEASE/spring-boot-starter-tomcat-1.5.9.RELEASE.jar:/home/vadim/.m2/repository/org/apache/tomcat/embed/tomcat-embed-core/8.5.23/tomcat-embed-core-8.5.23.jar:/home/vadim/.m2/repository/org/apache/tomcat/tomcat-annotations-api/8.5.23/tomcat-annotations-api-8.5.23.jar:/home/vadim/.m2/repository/org/apache/tomcat/embed/tomcat-embed-el/8.5.23/tomcat-embed-el-8.5.23.jar:/home/vadim/.m2/repository/org/apache/tomcat/embed/tomcat-embed-websocket/8.5.23/tomcat-embed-websocket-8.5.23.jar:/home/vadim/.m2/repository/io/springfox/springfox-swagger2/2.7.0/springfox-swagger2-2.7.0.jar:/home/vadim/.m2/repository/io/swagger/swagger-annotations/1.5.13/swagger-annotations-1.5.13.jar:/home/vadim/.m2/repository/io/swagger/swagger-models/1.5.13/swagger-models-1.5.13.jar:/home/vadim/.m2/repository/io/springfox/springfox-spi/2.7.0/springfox-spi-2.7.0.jar:/home/vadim/.m2/repository/io/springfox/springfox-core/2.7.0/springfox-core-2.7.0.jar:/home/vadim/.m2/repository/net/bytebuddy/byte-buddy/1.6.14/byte-buddy-1.6.14.jar:/home/vadim/.m2/repository/io/springfox/springfox-schema/2.7.0/springfox-schema-2.7.0.jar:/home/vadim/.m2/repository/io/springfox/springfox-swagger-common/2.7.0/springfox-swagger-common-2.7.0.jar:/home/vadim/.m2/repository/io/springfox/springfox-spring-web/2.7.0/springfox-spring-web-2.7.0.jar:/home/vadim/.m2/repository/org/reflections/reflections/0.9.11/reflections-0.9.11.jar:/home/vadim/.m2/repository/com/google/guava/guava/18.0/guava-18.0.jar:/home/vadim/.m2/repository/com/fasterxml/classmate/1.3.4/classmate-1.3.4.jar:/home/vadim/.m2/repository/org/slf4j/slf4j-api/1.7.25/slf4j-api-1.7.25.jar:/home/vadim/.m2/repository/org/springframework/plugin/spring-plugin-core/1.2.0.RELEASE/spring-plugin-core-1.2.0.RELEASE.jar:/home/vadim/.m2/repository/org/springframework/plugin/spring-plugin-metadata/1.2.0.RELEASE/spring-plugin-metadata-1.2.0.RELEASE.jar:/home/vadim/.m2/repository/org/mapstruct/mapstruct/1.1.0.Final/mapstruct-1.1.0.Final.jar:/home/vadim/.m2/repository/io/springfox/springfox-swagger-ui/2.7.0/springfox-swagger-ui-2.7.0.jar:/home/vadim/.m2/repository/com/github/joschi/jackson/jackson-datatype-threetenbp/2.6.4/jackson-datatype-threetenbp-2.6.4.jar:/home/vadim/.m2/repository/org/threeten/threetenbp/1.3.1/threetenbp-1.3.1.jar:/home/vadim/.m2/repository/com/fasterxml/jackson/core/jackson-core/2.8.10/jackson-core-2.8.10.jar:/home/vadim/.m2/repository/javax/validation/validation-api/1.1.0.Final/validation-api-1.1.0.Final.jar:/home/vadim/.m2/repository/org/springframework/boot/spring-boot-starter-test/1.5.9.RELEASE/spring-boot-starter-test-1.5.9.RELEASE.jar:/home/vadim/.m2/repository/org/springframework/boot/spring-boot-test/1.5.9.RELEASE/spring-boot-test-1.5.9.RELEASE.jar:/home/vadim/.m2/repository/org/springframework/boot/spring-boot-test-autoconfigure/1.5.9.RELEASE/spring-boot-test-autoconfigure-1.5.9.RELEASE.jar:/home/vadim/.m2/repository/com/jayway/jsonpath/json-path/2.2.0/json-path-2.2.0.jar:/home/vadim/.m2/repository/net/minidev/json-smart/2.2.1/json-smart-2.2.1.jar:/home/vadim/.m2/repository/net/minidev/accessors-smart/1.1/accessors-smart-1.1.jar:/home/vadim/.m2/repository/org/ow2/asm/asm/5.0.3/asm-5.0.3.jar:/home/vadim/.m2/repository/junit/junit/4.12/junit-4.12.jar:/home/vadim/.m2/repository/org/assertj/assertj-core/2.6.0/assertj-core-2.6.0.jar:/home/vadim/.m2/repository/org/mockito/mockito-core/1.10.19/mockito-core-1.10.19.jar:/home/vadim/.m2/repository/org/objenesis/objenesis/2.1/objenesis-2.1.jar:/home/vadim/.m2/repository/org/hamcrest/hamcrest-core/1.3/hamcrest-core-1.3.jar:/home/vadim/.m2/repository/org/hamcrest/hamcrest-library/1.3/hamcrest-library-1.3.jar:/home/vadim/.m2/repository/org/skyscreamer/jsonassert/1.4.0/jsonassert-1.4.0.jar:/home/vadim/.m2/repository/com/vaadin/external/google/android-json/0.0.20131108.vaadin1/android-json-0.0.20131108.vaadin1.jar:/home/vadim/.m2/repository/org/springframework/spring-core/4.3.13.RELEASE/spring-core-4.3.13.RELEASE.jar:/home/vadim/.m2/repository/org/springframework/spring-test/4.3.13.RELEASE/spring-test-4.3.13.RELEASE.jar:/home/vadim/.m2/repository/javax/xml/bind/jaxb-api/2.3.1/jaxb-api-2.3.1.jar:/home/vadim/.m2/repository/javax/activation/javax.activation-api/1.2.0/javax.activation-api-1.2.0.jar:/home/vadim/.m2/repository/org/hibernate/hibernate-core/5.0.12.Final/hibernate-core-5.0.12.Final.jar:/home/vadim/.m2/repository/org/jboss/logging/jboss-logging/3.3.1.Final/jboss-logging-3.3.1.Final.jar:/home/vadim/.m2/repository/org/hibernate/javax/persistence/hibernate-jpa-2.1-api/1.0.0.Final/hibernate-jpa-2.1-api-1.0.0.Final.jar:/home/vadim/.m2/repository/org/javassist/javassist/3.21.0-GA/javassist-3.21.0-GA.jar:/home/vadim/.m2/repository/antlr/antlr/2.7.7/antlr-2.7.7.jar:/home/vadim/.m2/repository/org/apache/geronimo/specs/geronimo-jta_1.1_spec/1.1.1/geronimo-jta_1.1_spec-1.1.1.jar:/home/vadim/.m2/repository/org/jboss/jandex/2.0.0.Final/jandex-2.0.0.Final.jar:/home/vadim/.m2/repository/dom4j/dom4j/1.6.1/dom4j-1.6.1.jar:/home/vadim/.m2/repository/org/hibernate/common/hibernate-commons-annotations/5.0.1.Final/hibernate-commons-annotations-5.0.1.Final.jar:/home/vadim/.m2/repository/org/springframework/spring-orm/4.3.13.RELEASE/spring-orm-4.3.13.RELEASE.jar:/home/vadim/.m2/repository/org/springframework/spring-beans/4.3.13.RELEASE/spring-beans-4.3.13.RELEASE.jar:/home/vadim/.m2/repository/org/springframework/spring-jdbc/4.3.13.RELEASE/spring-jdbc-4.3.13.RELEASE.jar:/home/vadim/.m2/repository/org/springframework/spring-tx/4.3.13.RELEASE/spring-tx-4.3.13.RELEASE.jar:/home/vadim/.m2/repository/org/apache/tomcat/tomcat-dbcp/9.0.14/tomcat-dbcp-9.0.14.jar:/home/vadim/.m2/repository/org/apache/tomcat/tomcat-juli/9.0.14/tomcat-juli-9.0.14.jar:/home/vadim/.m2/repository/mysql/mysql-connector-java/8.0.13/mysql-connector-java-8.0.13.jar:/home/vadim/.m2/repository/com/google/protobuf/protobuf-java/3.6.1/protobuf-java-3.6.1.jar:, java.vm.vendor=Oracle Corporation, user.timezone=Europe/Minsk, os.name=Linux, java.vm.specification.version=9, sun.java.launcher=SUN_STANDARD, user.country=RU, surefire.test.class.path=/home/vadim/JAVA/CloneForProjectJD2/MyProject/target/test-classes:/home/vadim/JAVA/CloneForProjectJD2/MyProject/target/classes:/home/vadim/.m2/repository/org/springframework/boot/spring-boot-starter-web/1.5.9.RELEASE/spring-boot-starter-web-1.5.9.RELEASE.jar:/home/vadim/.m2/repository/org/springframework/boot/spring-boot-starter/1.5.9.RELEASE/spring-boot-starter-1.5.9.RELEASE.jar:/home/vadim/.m2/repository/org/springframework/boot/spring-boot/1.5.9.RELEASE/spring-boot-1.5.9.RELEASE.jar:/home/vadim/.m2/repository/org/springframework/boot/spring-boot-autoconfigure/1.5.9.RELEASE/spring-boot-autoconfigure-1.5.9.RELEASE.jar:/home/vadim/.m2/repository/org/springframework/boot/spring-boot-starter-logging/1.5.9.RELEASE/spring-boot-starter-logging-1.5.9.RELEASE.jar:/home/vadim/.m2/repository/ch/qos/logback/logback-classic/1.1.11/logback-classic-1.1.11.jar:/home/vadim/.m2/repository/ch/qos/logback/logback-core/1.1.11/logback-core-1.1.11.jar:/home/vadim/.m2/repository/org/slf4j/jcl-over-slf4j/1.7.25/jcl-over-slf4j-1.7.25.jar:/home/vadim/.m2/repository/org/slf4j/jul-to-slf4j/1.7.25/jul-to-slf4j-1.7.25.jar:/home/vadim/.m2/repository/org/slf4j/log4j-over-slf4j/1.7.25/log4j-over-slf4j-1.7.25.jar:/home/vadim/.m2/repository/org/yaml/snakeyaml/1.17/snakeyaml-1.17.jar:/home/vadim/.m2/repository/org/hibernate/hibernate-validator/5.3.6.Final/hibernate-validator-5.3.6.Final.jar:/home/vadim/.m2/repository/com/fasterxml/jackson/core/jackson-databind/2.8.10/jackson-databind-2.8.10.jar:/home/vadim/.m2/repository/com/fasterxml/jackson/core/jackson-annotations/2.8.0/jackson-annotations-2.8.0.jar:/home/vadim/.m2/repository/org/springframework/spring-web/4.3.13.RELEASE/spring-web-4.3.13.RELEASE.jar:/home/vadim/.m2/repository/org/springframework/spring-aop/4.3.13.RELEASE/spring-aop-4.3.13.RELEASE.jar:/home/vadim/.m2/repository/org/springframework/spring-context/4.3.13.RELEASE/spring-context-4.3.13.RELEASE.jar:/home/vadim/.m2/repository/org/springframework/spring-webmvc/4.3.13.RELEASE/spring-webmvc-4.3.13.RELEASE.jar:/home/vadim/.m2/repository/org/springframework/spring-expression/4.3.13.RELEASE/spring-expression-4.3.13.RELEASE.jar:/home/vadim/.m2/repository/org/springframework/boot/spring-boot-starter-tomcat/1.5.9.RELEASE/spring-boot-starter-tomcat-1.5.9.RELEASE.jar:/home/vadim/.m2/repository/org/apache/tomcat/embed/tomcat-embed-core/8.5.23/tomcat-embed-core-8.5.23.jar:/home/vadim/.m2/repository/org/apache/tomcat/tomcat-annotations-api/8.5.23/tomcat-annotations-api-8.5.23.jar:/home/vadim/.m2/repository/org/apache/tomcat/embed/tomcat-embed-el/8.5.23/tomcat-embed-el-8.5.23.jar:/home/vadim/.m2/repository/org/apache/tomcat/embed/tomcat-embed-websocket/8.5.23/tomcat-embed-websocket-8.5.23.jar:/home/vadim/.m2/repository/io/springfox/springfox-swagger2/2.7.0/springfox-swagger2-2.7.0.jar:/home/vadim/.m2/repository/io/swagger/swagger-annotations/1.5.13/swagger-annotations-1.5.13.jar:/home/vadim/.m2/repository/io/swagger/swagger-models/1.5.13/swagger-models-1.5.13.jar:/home/vadim/.m2/repository/io/springfox/springfox-spi/2.7.0/springfox-spi-2.7.0.jar:/home/vadim/.m2/repository/io/springfox/springfox-core/2.7.0/springfox-core-2.7.0.jar:/home/vadim/.m2/repository/net/bytebuddy/byte-buddy/1.6.14/byte-buddy-1.6.14.jar:/home/vadim/.m2/repository/io/springfox/springfox-schema/2.7.0/springfox-schema-2.7.0.jar:/home/vadim/.m2/repository/io/springfox/springfox-swagger-common/2.7.0/springfox-swagger-common-2.7.0.jar:/home/vadim/.m2/repository/io/springfox/springfox-spring-web/2.7.0/springfox-spring-web-2.7.0.jar:/home/vadim/.m2/repository/org/reflections/reflections/0.9.11/reflections-0.9.11.jar:/home/vadim/.m2/repository/com/google/guava/guava/18.0/guava-18.0.jar:/home/vadim/.m2/repository/com/fasterxml/classmate/1.3.4/classmate-1.3.4.jar:/home/vadim/.m2/repository/org/slf4j/slf4j-api/1.7.25/slf4j-api-1.7.25.jar:/home/vadim/.m2/repository/org/springframework/plugin/spring-plugin-core/1.2.0.RELEASE/spring-plugin-core-1.2.0.RELEASE.jar:/home/vadim/.m2/repository/org/springframework/plugin/spring-plugin-metadata/1.2.0.RELEASE/spring-plugin-metadata-1.2.0.RELEASE.jar:/home/vadim/.m2/repository/org/mapstruct/mapstruct/1.1.0.Final/mapstruct-1.1.0.Final.jar:/home/vadim/.m2/repository/io/springfox/springfox-swagger-ui/2.7.0/springfox-swagger-ui-2.7.0.jar:/home/vadim/.m2/repository/com/github/joschi/jackson/jackson-datatype-threetenbp/2.6.4/jackson-datatype-threetenbp-2.6.4.jar:/home/vadim/.m2/repository/org/threeten/threetenbp/1.3.1/threetenbp-1.3.1.jar:/home/vadim/.m2/repository/com/fasterxml/jackson/core/jackson-core/2.8.10/jackson-core-2.8.10.jar:/home/vadim/.m2/repository/javax/validation/validation-api/1.1.0.Final/validation-api-1.1.0.Final.jar:/home/vadim/.m2/repository/org/springframework/boot/spring-boot-starter-test/1.5.9.RELEASE/spring-boot-starter-test-1.5.9.RELEASE.jar:/home/vadim/.m2/repository/org/springframework/boot/spring-boot-test/1.5.9.RELEASE/spring-boot-test-1.5.9.RELEASE.jar:/home/vadim/.m2/repository/org/springframework/boot/spring-boot-test-autoconfigure/1.5.9.RELEASE/spring-boot-test-autoconfigure-1.5.9.RELEASE.jar:/home/vadim/.m2/repository/com/jayway/jsonpath/json-path/2.2.0/json-path-2.2.0.jar:/home/vadim/.m2/repository/net/minidev/json-smart/2.2.1/json-smart-2.2.1.jar:/home/vadim/.m2/repository/net/minidev/accessors-smart/1.1/accessors-smart-1.1.jar:/home/vadim/.m2/repository/org/ow2/asm/asm/5.0.3/asm-5.0.3.jar:/home/vadim/.m2/repository/junit/junit/4.12/junit-4.12.jar:/home/vadim/.m2/repository/org/assertj/assertj-core/2.6.0/assertj-core-2.6.0.jar:/home/vadim/.m2/repository/org/mockito/mockito-core/1.10.19/mockito-core-1.10.19.jar:/home/vadim/.m2/repository/org/objenesis/objenesis/2.1/objenesis-2.1.jar:/home/vadim/.m2/repository/org/hamcrest/hamcrest-core/1.3/hamcrest-core-1.3.jar:/home/vadim/.m2/repository/org/hamcrest/hamcrest-library/1.3/hamcrest-library-1.3.jar:/home/vadim/.m2/repository/org/skyscreamer/jsonassert/1.4.0/jsonassert-1.4.0.jar:/home/vadim/.m2/repository/com/vaadin/external/google/android-json/0.0.20131108.vaadin1/android-json-0.0.20131108.vaadin1.jar:/home/vadim/.m2/repository/org/springframework/spring-core/4.3.13.RELEASE/spring-core-4.3.13.RELEASE.jar:/home/vadim/.m2/repository/org/springframework/spring-test/4.3.13.RELEASE/spring-test-4.3.13.RELEASE.jar:/home/vadim/.m2/repository/javax/xml/bind/jaxb-api/2.3.1/jaxb-api-2.3.1.jar:/home/vadim/.m2/repository/javax/activation/javax.activation-api/1.2.0/javax.activation-api-1.2.0.jar:/home/vadim/.m2/repository/org/hibernate/hibernate-core/5.0.12.Final/hibernate-core-5.0.12.Final.jar:/home/vadim/.m2/repository/org/jboss/logging/jboss-logging/3.3.1.Final/jboss-logging-3.3.1.Final.jar:/home/vadim/.m2/repository/org/hibernate/javax/persistence/hibernate-jpa-2.1-api/1.0.0.Final/hibernate-jpa-2.1-api-1.0.0.Final.jar:/home/vadim/.m2/repository/org/javassist/javassist/3.21.0-GA/javassist-3.21.0-GA.jar:/home/vadim/.m2/repository/antlr/antlr/2.7.7/antlr-2.7.7.jar:/home/vadim/.m2/repository/org/apache/geronimo/specs/geronimo-jta_1.1_spec/1.1.1/geronimo-jta_1.1_spec-1.1.1.jar:/home/vadim/.m2/repository/org/jboss/jandex/2.0.0.Final/jandex-2.0.0.Final.jar:/home/vadim/.m2/repository/dom4j/dom4j/1.6.1/dom4j-1.6.1.jar:/home/vadim/.m2/repository/org/hibernate/common/hibernate-commons-annotations/5.0.1.Final/hibernate-commons-annotations-5.0.1.Final.jar:/home/vadim/.m2/repository/org/springframework/spring-orm/4.3.13.RELEASE/spring-orm-4.3.13.RELEASE.jar:/home/vadim/.m2/repository/org/springframework/spring-beans/4.3.13.RELEASE/spring-beans-4.3.13.RELEASE.jar:/home/vadim/.m2/repository/org/springframework/spring-jdbc/4.3.13.RELEASE/spring-jdbc-4.3.13.RELEASE.jar:/home/vadim/.m2/repository/org/springframework/spring-tx/4.3.13.RELEASE/spring-tx-4.3.13.RELEASE.jar:/home/vadim/.m2/repository/org/apache/tomcat/tomcat-dbcp/9.0.14/tomcat-dbcp-9.0.14.jar:/home/vadim/.m2/repository/org/apache/tomcat/tomcat-juli/9.0.14/tomcat-juli-9.0.14.jar:/home/vadim/.m2/repository/mysql/mysql-connector-java/8.0.13/mysql-connector-java-8.0.13.jar:/home/vadim/.m2/repository/com/google/protobuf/protobuf-java/3.6.1/protobuf-java-3.6.1.jar:, sun.cpu.endian=little, user.home=/home/vadim, user.language=ru, java.awt.graphicsenv=sun.awt.X11GraphicsEnvironment, surefire.real.class.path=/home/vadim/JAVA/CloneForProjectJD2/MyProject/target/surefire/surefirebooter14177991212406882255.jar, path.separator=:, os.version=4.15.0-43-generic, java.runtime.name=Java(TM) SE Runtime Environment, java.vm.name=Java HotSpot(TM) 64-Bit Server VM, hibernate.show_sql=true, java.vendor.url.bug=http://bugreport.java.com/bugreport/, user.dir=/home/vadim/JAVA/CloneForProjectJD2/MyProject, os.arch=amd64, hibernate.boot.CfgXmlAccessService.key=org.hibernate.boot.cfgxml.spi.LoadedConfig@5a058be5, java.vm.info=mixed mode, java.vm.version=9.0.4+11, hibernate.bytecode.use_reflection_optimizer=false, hibernate.connection.datasource=org.apache.tomcat.dbcp.dbcp2.BasicDataSource@522b2631, java.class.version=53.0}
20:19:28.292 [main] INFO org.hibernate.validator.internal.util.Version - HV000001: Hibernate Validator 5.3.6.Final
20:19:28.322 [main] DEBUG org.hibernate.validator.internal.engine.resolver.DefaultTraversableResolver - Found javax.persistence.Persistence on classpath containing 'getPersistenceUtil'. Assuming JPA 2 environment. Trying to instantiate JPA aware TraversableResolver
20:19:28.323 [main] DEBUG org.hibernate.validator.internal.engine.resolver.DefaultTraversableResolver - Instantiated JPA aware TraversableResolver of type org.hibernate.validator.internal.engine.resolver.JPATraversableResolver.
20:19:28.329 [main] DEBUG org.hibernate.validator.internal.xml.ValidationXmlParser - Trying to load META-INF/validation.xml for XML based Validator configuration.
20:19:28.331 [main] DEBUG org.hibernate.validator.internal.xml.ResourceLoaderHelper - Trying to load META-INF/validation.xml via TCCL
20:19:28.332 [main] DEBUG org.hibernate.validator.internal.xml.ResourceLoaderHelper - Trying to load META-INF/validation.xml via Hibernate Validator's class loader
20:19:28.332 [main] DEBUG org.hibernate.validator.internal.xml.ValidationXmlParser - No META-INF/validation.xml found. Using annotation based configuration only.
20:19:28.397 [main] DEBUG org.hibernate.boot.internal.ClassLoaderAccessImpl - Not known whether passed class name [io.swagger.model.CheckType] is safe
20:19:28.397 [main] DEBUG org.hibernate.boot.internal.ClassLoaderAccessImpl - No temp ClassLoader provided; using live ClassLoader for loading potentially unsafe class : io.swagger.model.CheckType
20:19:28.503 [main] DEBUG org.hibernate.boot.internal.ClassLoaderAccessImpl - Not known whether passed class name [io.swagger.model.BankCardType] is safe
20:19:28.503 [main] DEBUG org.hibernate.boot.internal.ClassLoaderAccessImpl - No temp ClassLoader provided; using live ClassLoader for loading potentially unsafe class : io.swagger.model.BankCardType
20:19:28.513 [main] DEBUG org.hibernate.boot.internal.ClassLoaderAccessImpl - Not known whether passed class name [io.swagger.model.CashType] is safe
20:19:28.513 [main] DEBUG org.hibernate.boot.internal.ClassLoaderAccessImpl - No temp ClassLoader provided; using live ClassLoader for loading potentially unsafe class : io.swagger.model.CashType
20:19:28.517 [main] DEBUG org.hibernate.boot.internal.ClassLoaderAccessImpl - Not known whether passed class name [io.swagger.model.BankAccountTransferType] is safe
20:19:28.517 [main] DEBUG org.hibernate.boot.internal.ClassLoaderAccessImpl - No temp ClassLoader provided; using live ClassLoader for loading potentially unsafe class : io.swagger.model.BankAccountTransferType
20:19:28.525 [main] DEBUG org.hibernate.boot.internal.ClassLoaderAccessImpl - Not known whether passed class name [io.swagger.model.MoneyType] is safe
20:19:28.525 [main] DEBUG org.hibernate.boot.internal.ClassLoaderAccessImpl - No temp ClassLoader provided; using live ClassLoader for loading potentially unsafe class : io.swagger.model.MoneyType
20:19:28.530 [main] DEBUG org.hibernate.boot.internal.ClassLoaderAccessImpl - Not known whether passed class name [io.swagger.model.PaymentRefType] is safe
20:19:28.530 [main] DEBUG org.hibernate.boot.internal.ClassLoaderAccessImpl - No temp ClassLoader provided; using live ClassLoader for loading potentially unsafe class : io.swagger.model.PaymentRefType
20:19:28.536 [main] DEBUG org.hibernate.boot.internal.ClassLoaderAccessImpl - Not known whether passed class name [io.swagger.model.RefundType] is safe
20:19:28.536 [main] DEBUG org.hibernate.boot.internal.ClassLoaderAccessImpl - No temp ClassLoader provided; using live ClassLoader for loading potentially unsafe class : io.swagger.model.RefundType
20:19:28.556 [main] DEBUG org.hibernate.boot.internal.ClassLoaderAccessImpl - Not known whether passed class name [io.swagger.model.BankAccountDebitType] is safe
20:19:28.557 [main] DEBUG org.hibernate.boot.internal.ClassLoaderAccessImpl - No temp ClassLoader provided; using live ClassLoader for loading potentially unsafe class : io.swagger.model.BankAccountDebitType
20:19:28.575 [main] DEBUG org.hibernate.boot.internal.ClassLoaderAccessImpl - Not known whether passed class name [io.swagger.model.ChannelRefType] is safe
20:19:28.575 [main] DEBUG org.hibernate.boot.internal.ClassLoaderAccessImpl - No temp ClassLoader provided; using live ClassLoader for loading potentially unsafe class : io.swagger.model.ChannelRefType
20:19:28.581 [main] DEBUG org.hibernate.boot.internal.ClassLoaderAccessImpl - Not known whether passed class name [io.swagger.model.RefundRequestType] is safe
20:19:28.581 [main] DEBUG org.hibernate.boot.internal.ClassLoaderAccessImpl - No temp ClassLoader provided; using live ClassLoader for loading potentially unsafe class : io.swagger.model.RefundRequestType
20:19:28.598 [main] DEBUG org.hibernate.boot.internal.ClassLoaderAccessImpl - Not known whether passed class name [io.swagger.model.PaymentItemType] is safe
20:19:28.598 [main] DEBUG org.hibernate.boot.internal.ClassLoaderAccessImpl - No temp ClassLoader provided; using live ClassLoader for loading potentially unsafe class : io.swagger.model.PaymentItemType
20:19:28.612 [main] DEBUG org.hibernate.boot.internal.ClassLoaderAccessImpl - Not known whether passed class name [io.swagger.model.PaymentType] is safe
20:19:28.612 [main] DEBUG org.hibernate.boot.internal.ClassLoaderAccessImpl - No temp ClassLoader provided; using live ClassLoader for loading potentially unsafe class : io.swagger.model.PaymentType
20:19:28.638 [main] DEBUG org.hibernate.boot.internal.ClassLoaderAccessImpl - Not known whether passed class name [io.swagger.model.TokenizedCardType] is safe
20:19:28.638 [main] DEBUG org.hibernate.boot.internal.ClassLoaderAccessImpl - No temp ClassLoader provided; using live ClassLoader for loading potentially unsafe class : io.swagger.model.TokenizedCardType
20:19:28.647 [main] DEBUG org.hibernate.boot.internal.ClassLoaderAccessImpl - Not known whether passed class name [io.swagger.model.AccountRefType] is safe
20:19:28.647 [main] DEBUG org.hibernate.boot.internal.ClassLoaderAccessImpl - No temp ClassLoader provided; using live ClassLoader for loading potentially unsafe class : io.swagger.model.AccountRefType
20:19:28.651 [main] DEBUG org.hibernate.boot.internal.ClassLoaderAccessImpl - Not known whether passed class name [io.swagger.model.PaymentMethodType] is safe
20:19:28.651 [main] DEBUG org.hibernate.boot.internal.ClassLoaderAccessImpl - No temp ClassLoader provided; using live ClassLoader for loading potentially unsafe class : io.swagger.model.PaymentMethodType
20:19:28.665 [main] DEBUG org.hibernate.boot.internal.ClassLoaderAccessImpl - Not known whether passed class name [io.swagger.model.VoucherType] is safe
20:19:28.666 [main] DEBUG org.hibernate.boot.internal.ClassLoaderAccessImpl - No temp ClassLoader provided; using live ClassLoader for loading potentially unsafe class : io.swagger.model.VoucherType
20:19:28.672 [main] DEBUG org.hibernate.boot.internal.ClassLoaderAccessImpl - Not known whether passed class name [io.swagger.model.EntityRefType] is safe
20:19:28.672 [main] DEBUG org.hibernate.boot.internal.ClassLoaderAccessImpl - No temp ClassLoader provided; using live ClassLoader for loading potentially unsafe class : io.swagger.model.EntityRefType
20:19:28.677 [main] DEBUG org.hibernate.boot.internal.ClassLoaderAccessImpl - Not known whether passed class name [io.swagger.model.RelatedPartyRefType] is safe
20:19:28.677 [main] DEBUG org.hibernate.boot.internal.ClassLoaderAccessImpl - No temp ClassLoader provided; using live ClassLoader for loading potentially unsafe class : io.swagger.model.RelatedPartyRefType
20:19:28.682 [main] DEBUG org.hibernate.boot.internal.ClassLoaderAccessImpl - Not known whether passed class name [io.swagger.model.QuantityType] is safe
20:19:28.682 [main] DEBUG org.hibernate.boot.internal.ClassLoaderAccessImpl - No temp ClassLoader provided; using live ClassLoader for loading potentially unsafe class : io.swagger.model.QuantityType
20:19:28.687 [main] DEBUG org.hibernate.boot.internal.ClassLoaderAccessImpl - Not known whether passed class name [io.swagger.model.DigitalWalletType] is safe
20:19:28.687 [main] DEBUG org.hibernate.boot.internal.ClassLoaderAccessImpl - No temp ClassLoader provided; using live ClassLoader for loading potentially unsafe class : io.swagger.model.DigitalWalletType
20:19:28.691 [main] DEBUG org.hibernate.boot.internal.ClassLoaderAccessImpl - Not known whether passed class name [io.swagger.model.TimePeriodType] is safe
20:19:28.692 [main] DEBUG org.hibernate.boot.internal.ClassLoaderAccessImpl - No temp ClassLoader provided; using live ClassLoader for loading potentially unsafe class : io.swagger.model.TimePeriodType
20:19:28.697 [main] DEBUG org.hibernate.secure.spi.JaccIntegrator - Skipping JACC integration as it was not enabled
20:19:28.742 [main] DEBUG org.hibernate.boot.internal.ClassLoaderAccessImpl - Not known whether passed class name [io.swagger.model.CheckType] is safe
20:19:28.742 [main] DEBUG org.hibernate.boot.internal.ClassLoaderAccessImpl - No temp ClassLoader provided; using live ClassLoader for loading potentially unsafe class : io.swagger.model.CheckType
20:19:28.757 [main] DEBUG org.hibernate.boot.internal.ClassLoaderAccessImpl - Not known whether passed class name [io.swagger.model.CheckType] is safe
20:19:28.757 [main] DEBUG org.hibernate.boot.internal.ClassLoaderAccessImpl - No temp ClassLoader provided; using live ClassLoader for loading potentially unsafe class : io.swagger.model.CheckType
20:19:28.814 [main] DEBUG org.hibernate.boot.internal.ClassLoaderAccessImpl - Not known whether passed class name [io.swagger.model.BankCardType] is safe
20:19:28.814 [main] DEBUG org.hibernate.boot.internal.ClassLoaderAccessImpl - No temp ClassLoader provided; using live ClassLoader for loading potentially unsafe class : io.swagger.model.BankCardType
20:19:28.815 [main] DEBUG org.hibernate.boot.internal.ClassLoaderAccessImpl - Not known whether passed class name [io.swagger.model.BankCardType] is safe
20:19:28.815 [main] DEBUG org.hibernate.boot.internal.ClassLoaderAccessImpl - No temp ClassLoader provided; using live ClassLoader for loading potentially unsafe class : io.swagger.model.BankCardType
20:19:28.822 [main] DEBUG org.hibernate.boot.internal.ClassLoaderAccessImpl - Not known whether passed class name [io.swagger.model.CashType] is safe
20:19:28.822 [main] DEBUG org.hibernate.boot.internal.ClassLoaderAccessImpl - No temp ClassLoader provided; using live ClassLoader for loading potentially unsafe class : io.swagger.model.CashType
20:19:28.822 [main] DEBUG org.hibernate.boot.internal.ClassLoaderAccessImpl - Not known whether passed class name [io.swagger.model.CashType] is safe
20:19:28.822 [main] DEBUG org.hibernate.boot.internal.ClassLoaderAccessImpl - No temp ClassLoader provided; using live ClassLoader for loading potentially unsafe class : io.swagger.model.CashType
20:19:28.825 [main] DEBUG org.hibernate.boot.internal.ClassLoaderAccessImpl - Not known whether passed class name [io.swagger.model.BankAccountTransferType] is safe
20:19:28.825 [main] DEBUG org.hibernate.boot.internal.ClassLoaderAccessImpl - No temp ClassLoader provided; using live ClassLoader for loading potentially unsafe class : io.swagger.model.BankAccountTransferType
20:19:28.825 [main] DEBUG org.hibernate.boot.internal.ClassLoaderAccessImpl - Not known whether passed class name [io.swagger.model.BankAccountTransferType] is safe
20:19:28.826 [main] DEBUG org.hibernate.boot.internal.ClassLoaderAccessImpl - No temp ClassLoader provided; using live ClassLoader for loading potentially unsafe class : io.swagger.model.BankAccountTransferType
20:19:28.831 [main] DEBUG org.hibernate.boot.internal.ClassLoaderAccessImpl - Not known whether passed class name [io.swagger.model.MoneyType] is safe
20:19:28.832 [main] DEBUG org.hibernate.boot.internal.ClassLoaderAccessImpl - No temp ClassLoader provided; using live ClassLoader for loading potentially unsafe class : io.swagger.model.MoneyType
20:19:28.832 [main] DEBUG org.hibernate.boot.internal.ClassLoaderAccessImpl - Not known whether passed class name [io.swagger.model.MoneyType] is safe
20:19:28.832 [main] DEBUG org.hibernate.boot.internal.ClassLoaderAccessImpl - No temp ClassLoader provided; using live ClassLoader for loading potentially unsafe class : io.swagger.model.MoneyType
20:19:28.836 [main] DEBUG org.hibernate.boot.internal.ClassLoaderAccessImpl - Not known whether passed class name [io.swagger.model.PaymentRefType] is safe
20:19:28.836 [main] DEBUG org.hibernate.boot.internal.ClassLoaderAccessImpl - No temp ClassLoader provided; using live ClassLoader for loading potentially unsafe class : io.swagger.model.PaymentRefType
20:19:28.836 [main] DEBUG org.hibernate.boot.internal.ClassLoaderAccessImpl - Not known whether passed class name [io.swagger.model.PaymentRefType] is safe
20:19:28.836 [main] DEBUG org.hibernate.boot.internal.ClassLoaderAccessImpl - No temp ClassLoader provided; using live ClassLoader for loading potentially unsafe class : io.swagger.model.PaymentRefType
20:19:28.841 [main] DEBUG org.hibernate.boot.internal.ClassLoaderAccessImpl - Not known whether passed class name [io.swagger.model.RefundType] is safe
20:19:28.842 [main] DEBUG org.hibernate.boot.internal.ClassLoaderAccessImpl - No temp ClassLoader provided; using live ClassLoader for loading potentially unsafe class : io.swagger.model.RefundType
20:19:28.846 [main] DEBUG org.hibernate.boot.internal.ClassLoaderAccessImpl - Not known whether passed class name [io.swagger.model.RefundType] is safe
20:19:28.847 [main] DEBUG org.hibernate.boot.internal.ClassLoaderAccessImpl - No temp ClassLoader provided; using live ClassLoader for loading potentially unsafe class : io.swagger.model.RefundType
20:19:28.861 [main] DEBUG org.hibernate.boot.internal.ClassLoaderAccessImpl - Not known whether passed class name [io.swagger.model.BankAccountDebitType] is safe
20:19:28.861 [main] DEBUG org.hibernate.boot.internal.ClassLoaderAccessImpl - No temp ClassLoader provided; using live ClassLoader for loading potentially unsafe class : io.swagger.model.BankAccountDebitType
20:19:28.862 [main] DEBUG org.hibernate.boot.internal.ClassLoaderAccessImpl - Not known whether passed class name [io.swagger.model.BankAccountDebitType] is safe
20:19:28.862 [main] DEBUG org.hibernate.boot.internal.ClassLoaderAccessImpl - No temp ClassLoader provided; using live ClassLoader for loading potentially unsafe class : io.swagger.model.BankAccountDebitType
20:19:28.867 [main] DEBUG org.hibernate.boot.internal.ClassLoaderAccessImpl - Not known whether passed class name [io.swagger.model.ChannelRefType] is safe
20:19:28.867 [main] DEBUG org.hibernate.boot.internal.ClassLoaderAccessImpl - No temp ClassLoader provided; using live ClassLoader for loading potentially unsafe class : io.swagger.model.ChannelRefType
20:19:28.867 [main] DEBUG org.hibernate.boot.internal.ClassLoaderAccessImpl - Not known whether passed class name [io.swagger.model.ChannelRefType] is safe
20:19:28.867 [main] DEBUG org.hibernate.boot.internal.ClassLoaderAccessImpl - No temp ClassLoader provided; using live ClassLoader for loading potentially unsafe class : io.swagger.model.ChannelRefType
20:19:28.871 [main] DEBUG org.hibernate.boot.internal.ClassLoaderAccessImpl - Not known whether passed class name [io.swagger.model.RefundRequestType] is safe
20:19:28.871 [main] DEBUG org.hibernate.boot.internal.ClassLoaderAccessImpl - No temp ClassLoader provided; using live ClassLoader for loading potentially unsafe class : io.swagger.model.RefundRequestType
20:19:28.872 [main] DEBUG org.hibernate.boot.internal.ClassLoaderAccessImpl - Not known whether passed class name [io.swagger.model.RefundRequestType] is safe
20:19:28.872 [main] DEBUG org.hibernate.boot.internal.ClassLoaderAccessImpl - No temp ClassLoader provided; using live ClassLoader for loading potentially unsafe class : io.swagger.model.RefundRequestType
20:19:28.884 [main] DEBUG org.hibernate.boot.internal.ClassLoaderAccessImpl - Not known whether passed class name [io.swagger.model.PaymentItemType] is safe
20:19:28.884 [main] DEBUG org.hibernate.boot.internal.ClassLoaderAccessImpl - No temp ClassLoader provided; using live ClassLoader for loading potentially unsafe class : io.swagger.model.PaymentItemType
20:19:28.884 [main] DEBUG org.hibernate.boot.internal.ClassLoaderAccessImpl - Not known whether passed class name [io.swagger.model.PaymentItemType] is safe
20:19:28.884 [main] DEBUG org.hibernate.boot.internal.ClassLoaderAccessImpl - No temp ClassLoader provided; using live ClassLoader for loading potentially unsafe class : io.swagger.model.PaymentItemType
20:19:28.888 [main] DEBUG org.hibernate.boot.internal.ClassLoaderAccessImpl - Not known whether passed class name [io.swagger.model.PaymentType] is safe
20:19:28.889 [main] DEBUG org.hibernate.boot.internal.ClassLoaderAccessImpl - No temp ClassLoader provided; using live ClassLoader for loading potentially unsafe class : io.swagger.model.PaymentType
20:19:28.890 [main] DEBUG org.hibernate.boot.internal.ClassLoaderAccessImpl - Not known whether passed class name [io.swagger.model.PaymentType] is safe
20:19:28.890 [main] DEBUG org.hibernate.boot.internal.ClassLoaderAccessImpl - No temp ClassLoader provided; using live ClassLoader for loading potentially unsafe class : io.swagger.model.PaymentType
20:19:28.900 [main] DEBUG org.hibernate.boot.internal.ClassLoaderAccessImpl - Not known whether passed class name [io.swagger.model.TokenizedCardType] is safe
20:19:28.901 [main] DEBUG org.hibernate.boot.internal.ClassLoaderAccessImpl - No temp ClassLoader provided; using live ClassLoader for loading potentially unsafe class : io.swagger.model.TokenizedCardType
20:19:28.901 [main] DEBUG org.hibernate.boot.internal.ClassLoaderAccessImpl - Not known whether passed class name [io.swagger.model.TokenizedCardType] is safe
20:19:28.901 [main] DEBUG org.hibernate.boot.internal.ClassLoaderAccessImpl - No temp ClassLoader provided; using live ClassLoader for loading potentially unsafe class : io.swagger.model.TokenizedCardType
20:19:28.906 [main] DEBUG org.hibernate.boot.internal.ClassLoaderAccessImpl - Not known whether passed class name [io.swagger.model.AccountRefType] is safe
20:19:28.906 [main] DEBUG org.hibernate.boot.internal.ClassLoaderAccessImpl - No temp ClassLoader provided; using live ClassLoader for loading potentially unsafe class : io.swagger.model.AccountRefType
20:19:28.906 [main] DEBUG org.hibernate.boot.internal.ClassLoaderAccessImpl - Not known whether passed class name [io.swagger.model.AccountRefType] is safe
20:19:28.906 [main] DEBUG org.hibernate.boot.internal.ClassLoaderAccessImpl - No temp ClassLoader provided; using live ClassLoader for loading potentially unsafe class : io.swagger.model.AccountRefType
20:19:28.910 [main] DEBUG org.hibernate.boot.internal.ClassLoaderAccessImpl - Not known whether passed class name [io.swagger.model.PaymentMethodType] is safe
20:19:28.910 [main] DEBUG org.hibernate.boot.internal.ClassLoaderAccessImpl - No temp ClassLoader provided; using live ClassLoader for loading potentially unsafe class : io.swagger.model.PaymentMethodType
20:19:28.910 [main] DEBUG org.hibernate.boot.internal.ClassLoaderAccessImpl - Not known whether passed class name [io.swagger.model.PaymentMethodType] is safe
20:19:28.911 [main] DEBUG org.hibernate.boot.internal.ClassLoaderAccessImpl - No temp ClassLoader provided; using live ClassLoader for loading potentially unsafe class : io.swagger.model.PaymentMethodType
20:19:28.918 [main] DEBUG org.hibernate.boot.internal.ClassLoaderAccessImpl - Not known whether passed class name [io.swagger.model.VoucherType] is safe
20:19:28.918 [main] DEBUG org.hibernate.boot.internal.ClassLoaderAccessImpl - No temp ClassLoader provided; using live ClassLoader for loading potentially unsafe class : io.swagger.model.VoucherType
20:19:28.919 [main] DEBUG org.hibernate.boot.internal.ClassLoaderAccessImpl - Not known whether passed class name [io.swagger.model.VoucherType] is safe
20:19:28.919 [main] DEBUG org.hibernate.boot.internal.ClassLoaderAccessImpl - No temp ClassLoader provided; using live ClassLoader for loading potentially unsafe class : io.swagger.model.VoucherType
20:19:28.923 [main] DEBUG org.hibernate.boot.internal.ClassLoaderAccessImpl - Not known whether passed class name [io.swagger.model.EntityRefType] is safe
20:19:28.923 [main] DEBUG org.hibernate.boot.internal.ClassLoaderAccessImpl - No temp ClassLoader provided; using live ClassLoader for loading potentially unsafe class : io.swagger.model.EntityRefType
20:19:28.924 [main] DEBUG org.hibernate.boot.internal.ClassLoaderAccessImpl - Not known whether passed class name [io.swagger.model.EntityRefType] is safe
20:19:28.924 [main] DEBUG org.hibernate.boot.internal.ClassLoaderAccessImpl - No temp ClassLoader provided; using live ClassLoader for loading potentially unsafe class : io.swagger.model.EntityRefType
20:19:28.927 [main] DEBUG org.hibernate.boot.internal.ClassLoaderAccessImpl - Not known whether passed class name [io.swagger.model.RelatedPartyRefType] is safe
20:19:28.928 [main] DEBUG org.hibernate.boot.internal.ClassLoaderAccessImpl - No temp ClassLoader provided; using live ClassLoader for loading potentially unsafe class : io.swagger.model.RelatedPartyRefType
20:19:28.928 [main] DEBUG org.hibernate.boot.internal.ClassLoaderAccessImpl - Not known whether passed class name [io.swagger.model.RelatedPartyRefType] is safe
20:19:28.928 [main] DEBUG org.hibernate.boot.internal.ClassLoaderAccessImpl - No temp ClassLoader provided; using live ClassLoader for loading potentially unsafe class : io.swagger.model.RelatedPartyRefType
20:19:28.931 [main] DEBUG org.hibernate.boot.internal.ClassLoaderAccessImpl - Not known whether passed class name [io.swagger.model.QuantityType] is safe
20:19:28.931 [main] DEBUG org.hibernate.boot.internal.ClassLoaderAccessImpl - No temp ClassLoader provided; using live ClassLoader for loading potentially unsafe class : io.swagger.model.QuantityType
20:19:28.932 [main] DEBUG org.hibernate.boot.internal.ClassLoaderAccessImpl - Not known whether passed class name [io.swagger.model.QuantityType] is safe
20:19:28.932 [main] DEBUG org.hibernate.boot.internal.ClassLoaderAccessImpl - No temp ClassLoader provided; using live ClassLoader for loading potentially unsafe class : io.swagger.model.QuantityType
20:19:28.936 [main] DEBUG org.hibernate.boot.internal.ClassLoaderAccessImpl - Not known whether passed class name [io.swagger.model.DigitalWalletType] is safe
20:19:28.936 [main] DEBUG org.hibernate.boot.internal.ClassLoaderAccessImpl - No temp ClassLoader provided; using live ClassLoader for loading potentially unsafe class : io.swagger.model.DigitalWalletType
20:19:28.936 [main] DEBUG org.hibernate.boot.internal.ClassLoaderAccessImpl - Not known whether passed class name [io.swagger.model.DigitalWalletType] is safe
20:19:28.936 [main] DEBUG org.hibernate.boot.internal.ClassLoaderAccessImpl - No temp ClassLoader provided; using live ClassLoader for loading potentially unsafe class : io.swagger.model.DigitalWalletType
20:19:28.940 [main] DEBUG org.hibernate.boot.internal.ClassLoaderAccessImpl - Not known whether passed class name [io.swagger.model.TimePeriodType] is safe
20:19:28.940 [main] DEBUG org.hibernate.boot.internal.ClassLoaderAccessImpl - No temp ClassLoader provided; using live ClassLoader for loading potentially unsafe class : io.swagger.model.TimePeriodType
20:19:28.941 [main] DEBUG org.hibernate.boot.internal.ClassLoaderAccessImpl - Not known whether passed class name [io.swagger.model.TimePeriodType] is safe
20:19:28.941 [main] DEBUG org.hibernate.boot.internal.ClassLoaderAccessImpl - No temp ClassLoader provided; using live ClassLoader for loading potentially unsafe class : io.swagger.model.TimePeriodType
20:19:28.954 [main] DEBUG org.hibernate.persister.collection.AbstractCollectionPersister - Static SQL for collection: io.swagger.model.PaymentType.paymentItem
20:19:28.954 [main] DEBUG org.hibernate.persister.collection.AbstractCollectionPersister -  Row insert: insert into PaymentType_PaymentItemType (PaymentType_id, paymentItem_id) values (?, ?)
20:19:28.954 [main] DEBUG org.hibernate.persister.collection.AbstractCollectionPersister -  Row update: update PaymentType_PaymentItemType set paymentItem_id=? where PaymentType_id=? and paymentItem_id=?
20:19:28.954 [main] DEBUG org.hibernate.persister.collection.AbstractCollectionPersister -  Row delete: delete from PaymentType_PaymentItemType where PaymentType_id=? and paymentItem_id=?
20:19:28.954 [main] DEBUG org.hibernate.persister.collection.AbstractCollectionPersister -  One-shot delete: delete from PaymentType_PaymentItemType where PaymentType_id=?
20:19:28.955 [main] DEBUG org.hibernate.persister.collection.AbstractCollectionPersister - Static SQL for collection: io.swagger.model.RefundRequestType.paymentMethod
20:19:28.955 [main] DEBUG org.hibernate.persister.collection.AbstractCollectionPersister -  Row insert: insert into RefundRequestType_PaymentMethodType (RefundRequestType_correlatorId, paymentMethod_id) values (?, ?)
20:19:28.955 [main] DEBUG org.hibernate.persister.collection.AbstractCollectionPersister -  Row update: update RefundRequestType_PaymentMethodType set paymentMethod_id=? where RefundRequestType_correlatorId=? and paymentMethod_id=?
20:19:28.955 [main] DEBUG org.hibernate.persister.collection.AbstractCollectionPersister -  Row delete: delete from RefundRequestType_PaymentMethodType where RefundRequestType_correlatorId=? and paymentMethod_id=?
20:19:28.955 [main] DEBUG org.hibernate.persister.collection.AbstractCollectionPersister -  One-shot delete: delete from RefundRequestType_PaymentMethodType where RefundRequestType_correlatorId=?
20:19:28.955 [main] DEBUG org.hibernate.persister.collection.AbstractCollectionPersister - Static SQL for collection: io.swagger.model.RefundType.paymentMethod
20:19:28.955 [main] DEBUG org.hibernate.persister.collection.AbstractCollectionPersister -  Row insert: insert into RefundType_PaymentMethodType (RefundType_id, paymentMethod_id) values (?, ?)
20:19:28.955 [main] DEBUG org.hibernate.persister.collection.AbstractCollectionPersister -  Row update: update RefundType_PaymentMethodType set paymentMethod_id=? where RefundType_id=? and paymentMethod_id=?
20:19:28.955 [main] DEBUG org.hibernate.persister.collection.AbstractCollectionPersister -  Row delete: delete from RefundType_PaymentMethodType where RefundType_id=? and paymentMethod_id=?
20:19:28.955 [main] DEBUG org.hibernate.persister.collection.AbstractCollectionPersister -  One-shot delete: delete from RefundType_PaymentMethodType where RefundType_id=?
20:19:28.955 [main] DEBUG org.hibernate.persister.collection.AbstractCollectionPersister - Static SQL for collection: io.swagger.model.PaymentMethodType.relatedParty
20:19:28.956 [main] DEBUG org.hibernate.persister.collection.AbstractCollectionPersister -  Row insert: insert into PaymentMethodType_RelatedPartyRefType (PaymentMethodType_id, relatedParty_id) values (?, ?)
20:19:28.956 [main] DEBUG org.hibernate.persister.collection.AbstractCollectionPersister -  Row update: update PaymentMethodType_RelatedPartyRefType set relatedParty_id=? where PaymentMethodType_id=? and relatedParty_id=?
20:19:28.956 [main] DEBUG org.hibernate.persister.collection.AbstractCollectionPersister -  Row delete: delete from PaymentMethodType_RelatedPartyRefType where PaymentMethodType_id=? and relatedParty_id=?
20:19:28.956 [main] DEBUG org.hibernate.persister.collection.AbstractCollectionPersister -  One-shot delete: delete from PaymentMethodType_RelatedPartyRefType where PaymentMethodType_id=?
20:19:28.956 [main] DEBUG org.hibernate.persister.collection.AbstractCollectionPersister - Static SQL for collection: io.swagger.model.VoucherType.value
20:19:28.956 [main] DEBUG org.hibernate.persister.collection.AbstractCollectionPersister -  Row insert: insert into VoucherType_QuantityType (VoucherType_id, value_id) values (?, ?)
20:19:28.956 [main] DEBUG org.hibernate.persister.collection.AbstractCollectionPersister -  Row update: update VoucherType_QuantityType set value_id=? where VoucherType_id=? and value_id=?
20:19:28.956 [main] DEBUG org.hibernate.persister.collection.AbstractCollectionPersister -  Row delete: delete from VoucherType_QuantityType where VoucherType_id=? and value_id=?
20:19:28.956 [main] DEBUG org.hibernate.persister.collection.AbstractCollectionPersister -  One-shot delete: delete from VoucherType_QuantityType where VoucherType_id=?
20:19:28.956 [main] DEBUG org.hibernate.persister.collection.AbstractCollectionPersister - Static SQL for collection: io.swagger.model.PaymentType.paymentMethod
20:19:28.956 [main] DEBUG org.hibernate.persister.collection.AbstractCollectionPersister -  Row insert: insert into PaymentType_PaymentMethodType (PaymentType_id, paymentMethod_id) values (?, ?)
20:19:28.956 [main] DEBUG org.hibernate.persister.collection.AbstractCollectionPersister -  Row update: update PaymentType_PaymentMethodType set paymentMethod_id=? where PaymentType_id=? and paymentMethod_id=?
20:19:28.956 [main] DEBUG org.hibernate.persister.collection.AbstractCollectionPersister -  Row delete: delete from PaymentType_PaymentMethodType where PaymentType_id=? and paymentMethod_id=?
20:19:28.956 [main] DEBUG org.hibernate.persister.collection.AbstractCollectionPersister -  One-shot delete: delete from PaymentType_PaymentMethodType where PaymentType_id=?
20:19:28.961 [main] DEBUG org.hibernate.persister.entity.AbstractEntityPersister - Static SQL for entity: io.swagger.model.CheckType
20:19:28.961 [main] DEBUG org.hibernate.persister.entity.AbstractEntityPersister -  Version select: select id from CheckType where id =?
20:19:28.961 [main] DEBUG org.hibernate.persister.entity.AbstractEntityPersister -  Snapshot select: select checktype_.id, checktype_.bank as bank2_6_, checktype_.checkId as checkId3_6_, checktype_.date as date4_6_, checktype_.drawer as drawer5_6_, checktype_.payee as payee6_6_ from CheckType checktype_ where checktype_.id=?
20:19:28.961 [main] DEBUG org.hibernate.persister.entity.AbstractEntityPersister -  Insert 0: insert into CheckType (bank, checkId, date, drawer, payee, id) values (?, ?, ?, ?, ?, ?)
20:19:28.961 [main] DEBUG org.hibernate.persister.entity.AbstractEntityPersister -  Update 0: update CheckType set bank=?, checkId=?, date=?, drawer=?, payee=? where id=?
20:19:28.961 [main] DEBUG org.hibernate.persister.entity.AbstractEntityPersister -  Delete 0: delete from CheckType where id=?
20:19:28.981 [main] DEBUG org.hibernate.loader.plan.build.internal.spaces.QuerySpacesImpl - Adding QuerySpace : uid = <gen:0> -> org.hibernate.loader.plan.build.internal.spaces.EntityQuerySpaceImpl@592cb470]
20:19:28.982 [main] DEBUG org.hibernate.persister.walking.spi.MetamodelGraphWalker - Visiting attribute path : bank
20:19:28.982 [main] DEBUG org.hibernate.persister.walking.spi.MetamodelGraphWalker - Visiting attribute path : checkId
20:19:28.982 [main] DEBUG org.hibernate.persister.walking.spi.MetamodelGraphWalker - Visiting attribute path : date
20:19:28.982 [main] DEBUG org.hibernate.persister.walking.spi.MetamodelGraphWalker - Visiting attribute path : drawer
20:19:28.982 [main] DEBUG org.hibernate.persister.walking.spi.MetamodelGraphWalker - Visiting attribute path : payee
20:19:28.982 [main] DEBUG org.hibernate.loader.plan.build.internal.FetchStyleLoadPlanBuildingAssociationVisitationStrategy - Building LoadPlan...
20:19:28.996 [main] DEBUG org.hibernate.loader.plan.exec.internal.LoadQueryJoinAndFetchProcessor - processing queryspace <gen:0>
20:19:29.001 [main] DEBUG org.hibernate.loader.plan.build.spi.LoadPlanTreePrinter - LoadPlan(entity=io.swagger.model.CheckType)
    - Returns
       - EntityReturnImpl(entity=io.swagger.model.CheckType, querySpaceUid=<gen:0>, path=io.swagger.model.CheckType)
    - QuerySpaces
       - EntityQuerySpaceImpl(uid=<gen:0>, entity=io.swagger.model.CheckType)
          - SQL table alias mapping - checktype0_
          - alias suffix - 0_
          - suffixed key columns - {id1_6_0_}

20:19:29.003 [main] DEBUG org.hibernate.loader.entity.plan.EntityLoader - Static select for entity io.swagger.model.CheckType [NONE]: select checktype0_.id as id1_6_0_, checktype0_.bank as bank2_6_0_, checktype0_.checkId as checkId3_6_0_, checktype0_.date as date4_6_0_, checktype0_.drawer as drawer5_6_0_, checktype0_.payee as payee6_6_0_ from CheckType checktype0_ where checktype0_.id=?
20:19:29.003 [main] DEBUG org.hibernate.loader.plan.build.internal.spaces.QuerySpacesImpl - Adding QuerySpace : uid = <gen:0> -> org.hibernate.loader.plan.build.internal.spaces.EntityQuerySpaceImpl@3ba97962]
20:19:29.003 [main] DEBUG org.hibernate.persister.walking.spi.MetamodelGraphWalker - Visiting attribute path : bank
20:19:29.003 [main] DEBUG org.hibernate.persister.walking.spi.MetamodelGraphWalker - Visiting attribute path : checkId
20:19:29.003 [main] DEBUG org.hibernate.persister.walking.spi.MetamodelGraphWalker - Visiting attribute path : date
20:19:29.003 [main] DEBUG org.hibernate.persister.walking.spi.MetamodelGraphWalker - Visiting attribute path : drawer
20:19:29.003 [main] DEBUG org.hibernate.persister.walking.spi.MetamodelGraphWalker - Visiting attribute path : payee
20:19:29.003 [main] DEBUG org.hibernate.loader.plan.build.internal.FetchStyleLoadPlanBuildingAssociationVisitationStrategy - Building LoadPlan...
20:19:29.004 [main] DEBUG org.hibernate.loader.plan.exec.internal.LoadQueryJoinAndFetchProcessor - processing queryspace <gen:0>
20:19:29.004 [main] DEBUG org.hibernate.loader.plan.build.spi.LoadPlanTreePrinter - LoadPlan(entity=io.swagger.model.CheckType)
    - Returns
       - EntityReturnImpl(entity=io.swagger.model.CheckType, querySpaceUid=<gen:0>, path=io.swagger.model.CheckType)
    - QuerySpaces
       - EntityQuerySpaceImpl(uid=<gen:0>, entity=io.swagger.model.CheckType)
          - SQL table alias mapping - checktype0_
          - alias suffix - 0_
          - suffixed key columns - {id1_6_0_}

20:19:29.004 [main] DEBUG org.hibernate.loader.entity.plan.EntityLoader - Static select for entity io.swagger.model.CheckType [READ]: select checktype0_.id as id1_6_0_, checktype0_.bank as bank2_6_0_, checktype0_.checkId as checkId3_6_0_, checktype0_.date as date4_6_0_, checktype0_.drawer as drawer5_6_0_, checktype0_.payee as payee6_6_0_ from CheckType checktype0_ where checktype0_.id=?
20:19:29.004 [main] DEBUG org.hibernate.loader.plan.build.internal.spaces.QuerySpacesImpl - Adding QuerySpace : uid = <gen:0> -> org.hibernate.loader.plan.build.internal.spaces.EntityQuerySpaceImpl@3bcc8f13]
20:19:29.004 [main] DEBUG org.hibernate.persister.walking.spi.MetamodelGraphWalker - Visiting attribute path : bank
20:19:29.004 [main] DEBUG org.hibernate.persister.walking.spi.MetamodelGraphWalker - Visiting attribute path : checkId
20:19:29.004 [main] DEBUG org.hibernate.persister.walking.spi.MetamodelGraphWalker - Visiting attribute path : date
20:19:29.004 [main] DEBUG org.hibernate.persister.walking.spi.MetamodelGraphWalker - Visiting attribute path : drawer
20:19:29.004 [main] DEBUG org.hibernate.persister.walking.spi.MetamodelGraphWalker - Visiting attribute path : payee
20:19:29.004 [main] DEBUG org.hibernate.loader.plan.build.internal.FetchStyleLoadPlanBuildingAssociationVisitationStrategy - Building LoadPlan...
20:19:29.005 [main] DEBUG org.hibernate.loader.plan.exec.internal.LoadQueryJoinAndFetchProcessor - processing queryspace <gen:0>
20:19:29.005 [main] DEBUG org.hibernate.loader.plan.build.spi.LoadPlanTreePrinter - LoadPlan(entity=io.swagger.model.CheckType)
    - Returns
       - EntityReturnImpl(entity=io.swagger.model.CheckType, querySpaceUid=<gen:0>, path=io.swagger.model.CheckType)
    - QuerySpaces
       - EntityQuerySpaceImpl(uid=<gen:0>, entity=io.swagger.model.CheckType)
          - SQL table alias mapping - checktype0_
          - alias suffix - 0_
          - suffixed key columns - {id1_6_0_}

20:19:29.005 [main] DEBUG org.hibernate.loader.entity.plan.EntityLoader - Static select for entity io.swagger.model.CheckType [UPGRADE]: select checktype0_.id as id1_6_0_, checktype0_.bank as bank2_6_0_, checktype0_.checkId as checkId3_6_0_, checktype0_.date as date4_6_0_, checktype0_.drawer as drawer5_6_0_, checktype0_.payee as payee6_6_0_ from CheckType checktype0_ where checktype0_.id=? for update
20:19:29.005 [main] DEBUG org.hibernate.loader.plan.build.internal.spaces.QuerySpacesImpl - Adding QuerySpace : uid = <gen:0> -> org.hibernate.loader.plan.build.internal.spaces.EntityQuerySpaceImpl@73d91faf]
20:19:29.005 [main] DEBUG org.hibernate.persister.walking.spi.MetamodelGraphWalker - Visiting attribute path : bank
20:19:29.005 [main] DEBUG org.hibernate.persister.walking.spi.MetamodelGraphWalker - Visiting attribute path : checkId
20:19:29.005 [main] DEBUG org.hibernate.persister.walking.spi.MetamodelGraphWalker - Visiting attribute path : date
20:19:29.005 [main] DEBUG org.hibernate.persister.walking.spi.MetamodelGraphWalker - Visiting attribute path : drawer
20:19:29.005 [main] DEBUG org.hibernate.persister.walking.spi.MetamodelGraphWalker - Visiting attribute path : payee
20:19:29.005 [main] DEBUG org.hibernate.loader.plan.build.internal.FetchStyleLoadPlanBuildingAssociationVisitationStrategy - Building LoadPlan...
20:19:29.005 [main] DEBUG org.hibernate.loader.plan.exec.internal.LoadQueryJoinAndFetchProcessor - processing queryspace <gen:0>
20:19:29.006 [main] DEBUG org.hibernate.loader.plan.build.spi.LoadPlanTreePrinter - LoadPlan(entity=io.swagger.model.CheckType)
    - Returns
       - EntityReturnImpl(entity=io.swagger.model.CheckType, querySpaceUid=<gen:0>, path=io.swagger.model.CheckType)
    - QuerySpaces
       - EntityQuerySpaceImpl(uid=<gen:0>, entity=io.swagger.model.CheckType)
          - SQL table alias mapping - checktype0_
          - alias suffix - 0_
          - suffixed key columns - {id1_6_0_}

20:19:29.006 [main] DEBUG org.hibernate.loader.entity.plan.EntityLoader - Static select for entity io.swagger.model.CheckType [UPGRADE_NOWAIT]: select checktype0_.id as id1_6_0_, checktype0_.bank as bank2_6_0_, checktype0_.checkId as checkId3_6_0_, checktype0_.date as date4_6_0_, checktype0_.drawer as drawer5_6_0_, checktype0_.payee as payee6_6_0_ from CheckType checktype0_ where checktype0_.id=? for update
20:19:29.006 [main] DEBUG org.hibernate.loader.plan.build.internal.spaces.QuerySpacesImpl - Adding QuerySpace : uid = <gen:0> -> org.hibernate.loader.plan.build.internal.spaces.EntityQuerySpaceImpl@6f112f70]
20:19:29.006 [main] DEBUG org.hibernate.persister.walking.spi.MetamodelGraphWalker - Visiting attribute path : bank
20:19:29.006 [main] DEBUG org.hibernate.persister.walking.spi.MetamodelGraphWalker - Visiting attribute path : checkId
20:19:29.006 [main] DEBUG org.hibernate.persister.walking.spi.MetamodelGraphWalker - Visiting attribute path : date
20:19:29.006 [main] DEBUG org.hibernate.persister.walking.spi.MetamodelGraphWalker - Visiting attribute path : drawer
20:19:29.006 [main] DEBUG org.hibernate.persister.walking.spi.MetamodelGraphWalker - Visiting attribute path : payee
20:19:29.006 [main] DEBUG org.hibernate.loader.plan.build.internal.FetchStyleLoadPlanBuildingAssociationVisitationStrategy - Building LoadPlan...
20:19:29.006 [main] DEBUG org.hibernate.loader.plan.exec.internal.LoadQueryJoinAndFetchProcessor - processing queryspace <gen:0>
20:19:29.006 [main] DEBUG org.hibernate.loader.plan.build.spi.LoadPlanTreePrinter - LoadPlan(entity=io.swagger.model.CheckType)
    - Returns
       - EntityReturnImpl(entity=io.swagger.model.CheckType, querySpaceUid=<gen:0>, path=io.swagger.model.CheckType)
    - QuerySpaces
       - EntityQuerySpaceImpl(uid=<gen:0>, entity=io.swagger.model.CheckType)
          - SQL table alias mapping - checktype0_
          - alias suffix - 0_
          - suffixed key columns - {id1_6_0_}

20:19:29.006 [main] DEBUG org.hibernate.loader.entity.plan.EntityLoader - Static select for entity io.swagger.model.CheckType [UPGRADE_SKIPLOCKED]: select checktype0_.id as id1_6_0_, checktype0_.bank as bank2_6_0_, checktype0_.checkId as checkId3_6_0_, checktype0_.date as date4_6_0_, checktype0_.drawer as drawer5_6_0_, checktype0_.payee as payee6_6_0_ from CheckType checktype0_ where checktype0_.id=? for update
20:19:29.007 [main] DEBUG org.hibernate.loader.plan.build.internal.spaces.QuerySpacesImpl - Adding QuerySpace : uid = <gen:0> -> org.hibernate.loader.plan.build.internal.spaces.EntityQuerySpaceImpl@f3876ef]
20:19:29.007 [main] DEBUG org.hibernate.persister.walking.spi.MetamodelGraphWalker - Visiting attribute path : bank
20:19:29.007 [main] DEBUG org.hibernate.persister.walking.spi.MetamodelGraphWalker - Visiting attribute path : checkId
20:19:29.007 [main] DEBUG org.hibernate.persister.walking.spi.MetamodelGraphWalker - Visiting attribute path : date
20:19:29.007 [main] DEBUG org.hibernate.persister.walking.spi.MetamodelGraphWalker - Visiting attribute path : drawer
20:19:29.007 [main] DEBUG org.hibernate.persister.walking.spi.MetamodelGraphWalker - Visiting attribute path : payee
20:19:29.007 [main] DEBUG org.hibernate.loader.plan.build.internal.FetchStyleLoadPlanBuildingAssociationVisitationStrategy - Building LoadPlan...
20:19:29.007 [main] DEBUG org.hibernate.loader.plan.exec.internal.LoadQueryJoinAndFetchProcessor - processing queryspace <gen:0>
20:19:29.007 [main] DEBUG org.hibernate.loader.plan.build.spi.LoadPlanTreePrinter - LoadPlan(entity=io.swagger.model.CheckType)
    - Returns
       - EntityReturnImpl(entity=io.swagger.model.CheckType, querySpaceUid=<gen:0>, path=io.swagger.model.CheckType)
    - QuerySpaces
       - EntityQuerySpaceImpl(uid=<gen:0>, entity=io.swagger.model.CheckType)
          - SQL table alias mapping - checktype0_
          - alias suffix - 0_
          - suffixed key columns - {id1_6_0_}

20:19:29.007 [main] DEBUG org.hibernate.loader.entity.plan.EntityLoader - Static select for entity io.swagger.model.CheckType [FORCE]: select checktype0_.id as id1_6_0_, checktype0_.bank as bank2_6_0_, checktype0_.checkId as checkId3_6_0_, checktype0_.date as date4_6_0_, checktype0_.drawer as drawer5_6_0_, checktype0_.payee as payee6_6_0_ from CheckType checktype0_ where checktype0_.id=? for update
20:19:29.007 [main] DEBUG org.hibernate.loader.plan.build.internal.spaces.QuerySpacesImpl - Adding QuerySpace : uid = <gen:0> -> org.hibernate.loader.plan.build.internal.spaces.EntityQuerySpaceImpl@df9d400]
20:19:29.008 [main] DEBUG org.hibernate.persister.walking.spi.MetamodelGraphWalker - Visiting attribute path : bank
20:19:29.008 [main] DEBUG org.hibernate.persister.walking.spi.MetamodelGraphWalker - Visiting attribute path : checkId
20:19:29.008 [main] DEBUG org.hibernate.persister.walking.spi.MetamodelGraphWalker - Visiting attribute path : date
20:19:29.008 [main] DEBUG org.hibernate.persister.walking.spi.MetamodelGraphWalker - Visiting attribute path : drawer
20:19:29.008 [main] DEBUG org.hibernate.persister.walking.spi.MetamodelGraphWalker - Visiting attribute path : payee
20:19:29.008 [main] DEBUG org.hibernate.loader.plan.build.internal.FetchStyleLoadPlanBuildingAssociationVisitationStrategy - Building LoadPlan...
20:19:29.008 [main] DEBUG org.hibernate.loader.plan.exec.internal.LoadQueryJoinAndFetchProcessor - processing queryspace <gen:0>
20:19:29.008 [main] DEBUG org.hibernate.loader.plan.build.spi.LoadPlanTreePrinter - LoadPlan(entity=io.swagger.model.CheckType)
    - Returns
       - EntityReturnImpl(entity=io.swagger.model.CheckType, querySpaceUid=<gen:0>, path=io.swagger.model.CheckType)
    - QuerySpaces
       - EntityQuerySpaceImpl(uid=<gen:0>, entity=io.swagger.model.CheckType)
          - SQL table alias mapping - checktype0_
          - alias suffix - 0_
          - suffixed key columns - {id1_6_0_}

20:19:29.008 [main] DEBUG org.hibernate.loader.entity.plan.EntityLoader - Static select for entity io.swagger.model.CheckType [PESSIMISTIC_READ]: select checktype0_.id as id1_6_0_, checktype0_.bank as bank2_6_0_, checktype0_.checkId as checkId3_6_0_, checktype0_.date as date4_6_0_, checktype0_.drawer as drawer5_6_0_, checktype0_.payee as payee6_6_0_ from CheckType checktype0_ where checktype0_.id=? lock in share mode
20:19:29.008 [main] DEBUG org.hibernate.loader.plan.build.internal.spaces.QuerySpacesImpl - Adding QuerySpace : uid = <gen:0> -> org.hibernate.loader.plan.build.internal.spaces.EntityQuerySpaceImpl@4c8d45cf]
20:19:29.009 [main] DEBUG org.hibernate.persister.walking.spi.MetamodelGraphWalker - Visiting attribute path : bank
20:19:29.009 [main] DEBUG org.hibernate.persister.walking.spi.MetamodelGraphWalker - Visiting attribute path : checkId
20:19:29.009 [main] DEBUG org.hibernate.persister.walking.spi.MetamodelGraphWalker - Visiting attribute path : date
20:19:29.009 [main] DEBUG org.hibernate.persister.walking.spi.MetamodelGraphWalker - Visiting attribute path : drawer
20:19:29.009 [main] DEBUG org.hibernate.persister.walking.spi.MetamodelGraphWalker - Visiting attribute path : payee
20:19:29.009 [main] DEBUG org.hibernate.loader.plan.build.internal.FetchStyleLoadPlanBuildingAssociationVisitationStrategy - Building LoadPlan...
20:19:29.009 [main] DEBUG org.hibernate.loader.plan.exec.internal.LoadQueryJoinAndFetchProcessor - processing queryspace <gen:0>
20:19:29.009 [main] DEBUG org.hibernate.loader.plan.build.spi.LoadPlanTreePrinter - LoadPlan(entity=io.swagger.model.CheckType)
    - Returns
       - EntityReturnImpl(entity=io.swagger.model.CheckType, querySpaceUid=<gen:0>, path=io.swagger.model.CheckType)
    - QuerySpaces
       - EntityQuerySpaceImpl(uid=<gen:0>, entity=io.swagger.model.CheckType)
          - SQL table alias mapping - checktype0_
          - alias suffix - 0_
          - suffixed key columns - {id1_6_0_}

20:19:29.009 [main] DEBUG org.hibernate.loader.entity.plan.EntityLoader - Static select for entity io.swagger.model.CheckType [PESSIMISTIC_WRITE]: select checktype0_.id as id1_6_0_, checktype0_.bank as bank2_6_0_, checktype0_.checkId as checkId3_6_0_, checktype0_.date as date4_6_0_, checktype0_.drawer as drawer5_6_0_, checktype0_.payee as payee6_6_0_ from CheckType checktype0_ where checktype0_.id=? for update
20:19:29.010 [main] DEBUG org.hibernate.loader.plan.build.internal.spaces.QuerySpacesImpl - Adding QuerySpace : uid = <gen:0> -> org.hibernate.loader.plan.build.internal.spaces.EntityQuerySpaceImpl@4cc4d454]
20:19:29.010 [main] DEBUG org.hibernate.persister.walking.spi.MetamodelGraphWalker - Visiting attribute path : bank
20:19:29.010 [main] DEBUG org.hibernate.persister.walking.spi.MetamodelGraphWalker - Visiting attribute path : checkId
20:19:29.010 [main] DEBUG org.hibernate.persister.walking.spi.MetamodelGraphWalker - Visiting attribute path : date
20:19:29.010 [main] DEBUG org.hibernate.persister.walking.spi.MetamodelGraphWalker - Visiting attribute path : drawer
20:19:29.010 [main] DEBUG org.hibernate.persister.walking.spi.MetamodelGraphWalker - Visiting attribute path : payee
20:19:29.010 [main] DEBUG org.hibernate.loader.plan.build.internal.FetchStyleLoadPlanBuildingAssociationVisitationStrategy - Building LoadPlan...
20:19:29.010 [main] DEBUG org.hibernate.loader.plan.exec.internal.LoadQueryJoinAndFetchProcessor - processing queryspace <gen:0>
20:19:29.010 [main] DEBUG org.hibernate.loader.plan.build.spi.LoadPlanTreePrinter - LoadPlan(entity=io.swagger.model.CheckType)
    - Returns
       - EntityReturnImpl(entity=io.swagger.model.CheckType, querySpaceUid=<gen:0>, path=io.swagger.model.CheckType)
    - QuerySpaces
       - EntityQuerySpaceImpl(uid=<gen:0>, entity=io.swagger.model.CheckType)
          - SQL table alias mapping - checktype0_
          - alias suffix - 0_
          - suffixed key columns - {id1_6_0_}

20:19:29.011 [main] DEBUG org.hibernate.loader.entity.plan.EntityLoader - Static select for entity io.swagger.model.CheckType [PESSIMISTIC_FORCE_INCREMENT]: select checktype0_.id as id1_6_0_, checktype0_.bank as bank2_6_0_, checktype0_.checkId as checkId3_6_0_, checktype0_.date as date4_6_0_, checktype0_.drawer as drawer5_6_0_, checktype0_.payee as payee6_6_0_ from CheckType checktype0_ where checktype0_.id=? for update
20:19:29.011 [main] DEBUG org.hibernate.loader.plan.build.internal.spaces.QuerySpacesImpl - Adding QuerySpace : uid = <gen:0> -> org.hibernate.loader.plan.build.internal.spaces.EntityQuerySpaceImpl@1c58d7be]
20:19:29.011 [main] DEBUG org.hibernate.persister.walking.spi.MetamodelGraphWalker - Visiting attribute path : bank
20:19:29.011 [main] DEBUG org.hibernate.persister.walking.spi.MetamodelGraphWalker - Visiting attribute path : checkId
20:19:29.011 [main] DEBUG org.hibernate.persister.walking.spi.MetamodelGraphWalker - Visiting attribute path : date
20:19:29.011 [main] DEBUG org.hibernate.persister.walking.spi.MetamodelGraphWalker - Visiting attribute path : drawer
20:19:29.011 [main] DEBUG org.hibernate.persister.walking.spi.MetamodelGraphWalker - Visiting attribute path : payee
20:19:29.011 [main] DEBUG org.hibernate.loader.plan.build.internal.FetchStyleLoadPlanBuildingAssociationVisitationStrategy - Building LoadPlan...
20:19:29.011 [main] DEBUG org.hibernate.loader.plan.exec.internal.LoadQueryJoinAndFetchProcessor - processing queryspace <gen:0>
20:19:29.011 [main] DEBUG org.hibernate.loader.plan.build.spi.LoadPlanTreePrinter - LoadPlan(entity=io.swagger.model.CheckType)
    - Returns
       - EntityReturnImpl(entity=io.swagger.model.CheckType, querySpaceUid=<gen:0>, path=io.swagger.model.CheckType)
    - QuerySpaces
       - EntityQuerySpaceImpl(uid=<gen:0>, entity=io.swagger.model.CheckType)
          - SQL table alias mapping - checktype0_
          - alias suffix - 0_
          - suffixed key columns - {id1_6_0_}

20:19:29.012 [main] DEBUG org.hibernate.loader.entity.plan.EntityLoader - Static select for entity io.swagger.model.CheckType [OPTIMISTIC]: select checktype0_.id as id1_6_0_, checktype0_.bank as bank2_6_0_, checktype0_.checkId as checkId3_6_0_, checktype0_.date as date4_6_0_, checktype0_.drawer as drawer5_6_0_, checktype0_.payee as payee6_6_0_ from CheckType checktype0_ where checktype0_.id=?
20:19:29.012 [main] DEBUG org.hibernate.loader.plan.build.internal.spaces.QuerySpacesImpl - Adding QuerySpace : uid = <gen:0> -> org.hibernate.loader.plan.build.internal.spaces.EntityQuerySpaceImpl@b34c7c9]
20:19:29.012 [main] DEBUG org.hibernate.persister.walking.spi.MetamodelGraphWalker - Visiting attribute path : bank
20:19:29.012 [main] DEBUG org.hibernate.persister.walking.spi.MetamodelGraphWalker - Visiting attribute path : checkId
20:19:29.012 [main] DEBUG org.hibernate.persister.walking.spi.MetamodelGraphWalker - Visiting attribute path : date
20:19:29.012 [main] DEBUG org.hibernate.persister.walking.spi.MetamodelGraphWalker - Visiting attribute path : drawer
20:19:29.012 [main] DEBUG org.hibernate.persister.walking.spi.MetamodelGraphWalker - Visiting attribute path : payee
20:19:29.012 [main] DEBUG org.hibernate.loader.plan.build.internal.FetchStyleLoadPlanBuildingAssociationVisitationStrategy - Building LoadPlan...
20:19:29.012 [main] DEBUG org.hibernate.loader.plan.exec.internal.LoadQueryJoinAndFetchProcessor - processing queryspace <gen:0>
20:19:29.012 [main] DEBUG org.hibernate.loader.plan.build.spi.LoadPlanTreePrinter - LoadPlan(entity=io.swagger.model.CheckType)
    - Returns
       - EntityReturnImpl(entity=io.swagger.model.CheckType, querySpaceUid=<gen:0>, path=io.swagger.model.CheckType)
    - QuerySpaces
       - EntityQuerySpaceImpl(uid=<gen:0>, entity=io.swagger.model.CheckType)
          - SQL table alias mapping - checktype0_
          - alias suffix - 0_
          - suffixed key columns - {id1_6_0_}

20:19:29.012 [main] DEBUG org.hibernate.loader.entity.plan.EntityLoader - Static select for entity io.swagger.model.CheckType [OPTIMISTIC_FORCE_INCREMENT]: select checktype0_.id as id1_6_0_, checktype0_.bank as bank2_6_0_, checktype0_.checkId as checkId3_6_0_, checktype0_.date as date4_6_0_, checktype0_.drawer as drawer5_6_0_, checktype0_.payee as payee6_6_0_ from CheckType checktype0_ where checktype0_.id=?
20:19:29.033 [main] DEBUG org.hibernate.loader.Loader - Static select for action ACTION_MERGE on entity io.swagger.model.CheckType: select checktype0_.id as id1_6_0_, checktype0_.bank as bank2_6_0_, checktype0_.checkId as checkId3_6_0_, checktype0_.date as date4_6_0_, checktype0_.drawer as drawer5_6_0_, checktype0_.payee as payee6_6_0_ from CheckType checktype0_ where checktype0_.id=?
20:19:29.033 [main] DEBUG org.hibernate.loader.Loader - Static select for action ACTION_REFRESH on entity io.swagger.model.CheckType: select checktype0_.id as id1_6_0_, checktype0_.bank as bank2_6_0_, checktype0_.checkId as checkId3_6_0_, checktype0_.date as date4_6_0_, checktype0_.drawer as drawer5_6_0_, checktype0_.payee as payee6_6_0_ from CheckType checktype0_ where checktype0_.id=?
20:19:29.033 [main] DEBUG org.hibernate.persister.entity.AbstractEntityPersister - Static SQL for entity: io.swagger.model.BankCardType
20:19:29.033 [main] DEBUG org.hibernate.persister.entity.AbstractEntityPersister -  Version select: select id from BankCardType where id =?
20:19:29.033 [main] DEBUG org.hibernate.persister.entity.AbstractEntityPersister -  Snapshot select: select bankcardty_.id, bankcardty_.bank as bank2_3_, bankcardty_.brand as brand3_3_, bankcardty_.cardNumber as cardNumb4_3_, bankcardty_.cvv as cvv5_3_, bankcardty_.expirationDate as expirati6_3_, bankcardty_.lastFourDigits as lastFour7_3_, bankcardty_.nameOnCard as nameOnCa8_3_, bankcardty_.type as type9_3_ from BankCardType bankcardty_ where bankcardty_.id=?
20:19:29.033 [main] DEBUG org.hibernate.persister.entity.AbstractEntityPersister -  Insert 0: insert into BankCardType (bank, brand, cardNumber, cvv, expirationDate, lastFourDigits, nameOnCard, type, id) values (?, ?, ?, ?, ?, ?, ?, ?, ?)
20:19:29.033 [main] DEBUG org.hibernate.persister.entity.AbstractEntityPersister -  Update 0: update BankCardType set bank=?, brand=?, cardNumber=?, cvv=?, expirationDate=?, lastFourDigits=?, nameOnCard=?, type=? where id=?
20:19:29.033 [main] DEBUG org.hibernate.persister.entity.AbstractEntityPersister -  Delete 0: delete from BankCardType where id=?
20:19:29.034 [main] DEBUG org.hibernate.loader.plan.build.internal.spaces.QuerySpacesImpl - Adding QuerySpace : uid = <gen:0> -> org.hibernate.loader.plan.build.internal.spaces.EntityQuerySpaceImpl@5b0e9e0c]
20:19:29.034 [main] DEBUG org.hibernate.persister.walking.spi.MetamodelGraphWalker - Visiting attribute path : bank
20:19:29.034 [main] DEBUG org.hibernate.persister.walking.spi.MetamodelGraphWalker - Visiting attribute path : brand
20:19:29.034 [main] DEBUG org.hibernate.persister.walking.spi.MetamodelGraphWalker - Visiting attribute path : cardNumber
20:19:29.034 [main] DEBUG org.hibernate.persister.walking.spi.MetamodelGraphWalker - Visiting attribute path : cvv
20:19:29.034 [main] DEBUG org.hibernate.persister.walking.spi.MetamodelGraphWalker - Visiting attribute path : expirationDate
20:19:29.034 [main] DEBUG org.hibernate.persister.walking.spi.MetamodelGraphWalker - Visiting attribute path : lastFourDigits
20:19:29.034 [main] DEBUG org.hibernate.persister.walking.spi.MetamodelGraphWalker - Visiting attribute path : nameOnCard
20:19:29.034 [main] DEBUG org.hibernate.persister.walking.spi.MetamodelGraphWalker - Visiting attribute path : type
20:19:29.034 [main] DEBUG org.hibernate.loader.plan.build.internal.FetchStyleLoadPlanBuildingAssociationVisitationStrategy - Building LoadPlan...
20:19:29.034 [main] DEBUG org.hibernate.loader.plan.exec.internal.LoadQueryJoinAndFetchProcessor - processing queryspace <gen:0>
20:19:29.035 [main] DEBUG org.hibernate.loader.plan.build.spi.LoadPlanTreePrinter - LoadPlan(entity=io.swagger.model.BankCardType)
    - Returns
       - EntityReturnImpl(entity=io.swagger.model.BankCardType, querySpaceUid=<gen:0>, path=io.swagger.model.BankCardType)
    - QuerySpaces
       - EntityQuerySpaceImpl(uid=<gen:0>, entity=io.swagger.model.BankCardType)
          - SQL table alias mapping - bankcardty0_
          - alias suffix - 0_
          - suffixed key columns - {id1_3_0_}

20:19:29.035 [main] DEBUG org.hibernate.loader.entity.plan.EntityLoader - Static select for entity io.swagger.model.BankCardType [NONE]: select bankcardty0_.id as id1_3_0_, bankcardty0_.bank as bank2_3_0_, bankcardty0_.brand as brand3_3_0_, bankcardty0_.cardNumber as cardNumb4_3_0_, bankcardty0_.cvv as cvv5_3_0_, bankcardty0_.expirationDate as expirati6_3_0_, bankcardty0_.lastFourDigits as lastFour7_3_0_, bankcardty0_.nameOnCard as nameOnCa8_3_0_, bankcardty0_.type as type9_3_0_ from BankCardType bankcardty0_ where bankcardty0_.id=?
20:19:29.035 [main] DEBUG org.hibernate.loader.plan.build.internal.spaces.QuerySpacesImpl - Adding QuerySpace : uid = <gen:0> -> org.hibernate.loader.plan.build.internal.spaces.EntityQuerySpaceImpl@21ea1d9d]
20:19:29.035 [main] DEBUG org.hibernate.persister.walking.spi.MetamodelGraphWalker - Visiting attribute path : bank
20:19:29.035 [main] DEBUG org.hibernate.persister.walking.spi.MetamodelGraphWalker - Visiting attribute path : brand
20:19:29.035 [main] DEBUG org.hibernate.persister.walking.spi.MetamodelGraphWalker - Visiting attribute path : cardNumber
20:19:29.035 [main] DEBUG org.hibernate.persister.walking.spi.MetamodelGraphWalker - Visiting attribute path : cvv
20:19:29.035 [main] DEBUG org.hibernate.persister.walking.spi.MetamodelGraphWalker - Visiting attribute path : expirationDate
20:19:29.035 [main] DEBUG org.hibernate.persister.walking.spi.MetamodelGraphWalker - Visiting attribute path : lastFourDigits
20:19:29.035 [main] DEBUG org.hibernate.persister.walking.spi.MetamodelGraphWalker - Visiting attribute path : nameOnCard
20:19:29.035 [main] DEBUG org.hibernate.persister.walking.spi.MetamodelGraphWalker - Visiting attribute path : type
20:19:29.035 [main] DEBUG org.hibernate.loader.plan.build.internal.FetchStyleLoadPlanBuildingAssociationVisitationStrategy - Building LoadPlan...
20:19:29.035 [main] DEBUG org.hibernate.loader.plan.exec.internal.LoadQueryJoinAndFetchProcessor - processing queryspace <gen:0>
20:19:29.036 [main] DEBUG org.hibernate.loader.plan.build.spi.LoadPlanTreePrinter - LoadPlan(entity=io.swagger.model.BankCardType)
    - Returns
       - EntityReturnImpl(entity=io.swagger.model.BankCardType, querySpaceUid=<gen:0>, path=io.swagger.model.BankCardType)
    - QuerySpaces
       - EntityQuerySpaceImpl(uid=<gen:0>, entity=io.swagger.model.BankCardType)
          - SQL table alias mapping - bankcardty0_
          - alias suffix - 0_
          - suffixed key columns - {id1_3_0_}

20:19:29.036 [main] DEBUG org.hibernate.loader.entity.plan.EntityLoader - Static select for entity io.swagger.model.BankCardType [READ]: select bankcardty0_.id as id1_3_0_, bankcardty0_.bank as bank2_3_0_, bankcardty0_.brand as brand3_3_0_, bankcardty0_.cardNumber as cardNumb4_3_0_, bankcardty0_.cvv as cvv5_3_0_, bankcardty0_.expirationDate as expirati6_3_0_, bankcardty0_.lastFourDigits as lastFour7_3_0_, bankcardty0_.nameOnCard as nameOnCa8_3_0_, bankcardty0_.type as type9_3_0_ from BankCardType bankcardty0_ where bankcardty0_.id=?
20:19:29.036 [main] DEBUG org.hibernate.loader.plan.build.internal.spaces.QuerySpacesImpl - Adding QuerySpace : uid = <gen:0> -> org.hibernate.loader.plan.build.internal.spaces.EntityQuerySpaceImpl@36a58466]
20:19:29.036 [main] DEBUG org.hibernate.persister.walking.spi.MetamodelGraphWalker - Visiting attribute path : bank
20:19:29.036 [main] DEBUG org.hibernate.persister.walking.spi.MetamodelGraphWalker - Visiting attribute path : brand
20:19:29.036 [main] DEBUG org.hibernate.persister.walking.spi.MetamodelGraphWalker - Visiting attribute path : cardNumber
20:19:29.036 [main] DEBUG org.hibernate.persister.walking.spi.MetamodelGraphWalker - Visiting attribute path : cvv
20:19:29.036 [main] DEBUG org.hibernate.persister.walking.spi.MetamodelGraphWalker - Visiting attribute path : expirationDate
20:19:29.036 [main] DEBUG org.hibernate.persister.walking.spi.MetamodelGraphWalker - Visiting attribute path : lastFourDigits
20:19:29.036 [main] DEBUG org.hibernate.persister.walking.spi.MetamodelGraphWalker - Visiting attribute path : nameOnCard
20:19:29.036 [main] DEBUG org.hibernate.persister.walking.spi.MetamodelGraphWalker - Visiting attribute path : type
20:19:29.036 [main] DEBUG org.hibernate.loader.plan.build.internal.FetchStyleLoadPlanBuildingAssociationVisitationStrategy - Building LoadPlan...
20:19:29.036 [main] DEBUG org.hibernate.loader.plan.exec.internal.LoadQueryJoinAndFetchProcessor - processing queryspace <gen:0>
20:19:29.037 [main] DEBUG org.hibernate.loader.plan.build.spi.LoadPlanTreePrinter - LoadPlan(entity=io.swagger.model.BankCardType)
    - Returns
       - EntityReturnImpl(entity=io.swagger.model.BankCardType, querySpaceUid=<gen:0>, path=io.swagger.model.BankCardType)
    - QuerySpaces
       - EntityQuerySpaceImpl(uid=<gen:0>, entity=io.swagger.model.BankCardType)
          - SQL table alias mapping - bankcardty0_
          - alias suffix - 0_
          - suffixed key columns - {id1_3_0_}

20:19:29.037 [main] DEBUG org.hibernate.loader.entity.plan.EntityLoader - Static select for entity io.swagger.model.BankCardType [UPGRADE]: select bankcardty0_.id as id1_3_0_, bankcardty0_.bank as bank2_3_0_, bankcardty0_.brand as brand3_3_0_, bankcardty0_.cardNumber as cardNumb4_3_0_, bankcardty0_.cvv as cvv5_3_0_, bankcardty0_.expirationDate as expirati6_3_0_, bankcardty0_.lastFourDigits as lastFour7_3_0_, bankcardty0_.nameOnCard as nameOnCa8_3_0_, bankcardty0_.type as type9_3_0_ from BankCardType bankcardty0_ where bankcardty0_.id=? for update
20:19:29.037 [main] DEBUG org.hibernate.loader.plan.build.internal.spaces.QuerySpacesImpl - Adding QuerySpace : uid = <gen:0> -> org.hibernate.loader.plan.build.internal.spaces.EntityQuerySpaceImpl@9147ba2]
20:19:29.037 [main] DEBUG org.hibernate.persister.walking.spi.MetamodelGraphWalker - Visiting attribute path : bank
20:19:29.037 [main] DEBUG org.hibernate.persister.walking.spi.MetamodelGraphWalker - Visiting attribute path : brand
20:19:29.037 [main] DEBUG org.hibernate.persister.walking.spi.MetamodelGraphWalker - Visiting attribute path : cardNumber
20:19:29.037 [main] DEBUG org.hibernate.persister.walking.spi.MetamodelGraphWalker - Visiting attribute path : cvv
20:19:29.037 [main] DEBUG org.hibernate.persister.walking.spi.MetamodelGraphWalker - Visiting attribute path : expirationDate
20:19:29.037 [main] DEBUG org.hibernate.persister.walking.spi.MetamodelGraphWalker - Visiting attribute path : lastFourDigits
20:19:29.037 [main] DEBUG org.hibernate.persister.walking.spi.MetamodelGraphWalker - Visiting attribute path : nameOnCard
20:19:29.037 [main] DEBUG org.hibernate.persister.walking.spi.MetamodelGraphWalker - Visiting attribute path : type
20:19:29.037 [main] DEBUG org.hibernate.loader.plan.build.internal.FetchStyleLoadPlanBuildingAssociationVisitationStrategy - Building LoadPlan...
20:19:29.038 [main] DEBUG org.hibernate.loader.plan.exec.internal.LoadQueryJoinAndFetchProcessor - processing queryspace <gen:0>
20:19:29.038 [main] DEBUG org.hibernate.loader.plan.build.spi.LoadPlanTreePrinter - LoadPlan(entity=io.swagger.model.BankCardType)
    - Returns
       - EntityReturnImpl(entity=io.swagger.model.BankCardType, querySpaceUid=<gen:0>, path=io.swagger.model.BankCardType)
    - QuerySpaces
       - EntityQuerySpaceImpl(uid=<gen:0>, entity=io.swagger.model.BankCardType)
          - SQL table alias mapping - bankcardty0_
          - alias suffix - 0_
          - suffixed key columns - {id1_3_0_}

20:19:29.038 [main] DEBUG org.hibernate.loader.entity.plan.EntityLoader - Static select for entity io.swagger.model.BankCardType [UPGRADE_NOWAIT]: select bankcardty0_.id as id1_3_0_, bankcardty0_.bank as bank2_3_0_, bankcardty0_.brand as brand3_3_0_, bankcardty0_.cardNumber as cardNumb4_3_0_, bankcardty0_.cvv as cvv5_3_0_, bankcardty0_.expirationDate as expirati6_3_0_, bankcardty0_.lastFourDigits as lastFour7_3_0_, bankcardty0_.nameOnCard as nameOnCa8_3_0_, bankcardty0_.type as type9_3_0_ from BankCardType bankcardty0_ where bankcardty0_.id=? for update
20:19:29.038 [main] DEBUG org.hibernate.loader.plan.build.internal.spaces.QuerySpacesImpl - Adding QuerySpace : uid = <gen:0> -> org.hibernate.loader.plan.build.internal.spaces.EntityQuerySpaceImpl@2efcc0b3]
20:19:29.038 [main] DEBUG org.hibernate.persister.walking.spi.MetamodelGraphWalker - Visiting attribute path : bank
20:19:29.038 [main] DEBUG org.hibernate.persister.walking.spi.MetamodelGraphWalker - Visiting attribute path : brand
20:19:29.038 [main] DEBUG org.hibernate.persister.walking.spi.MetamodelGraphWalker - Visiting attribute path : cardNumber
20:19:29.038 [main] DEBUG org.hibernate.persister.walking.spi.MetamodelGraphWalker - Visiting attribute path : cvv
20:19:29.038 [main] DEBUG org.hibernate.persister.walking.spi.MetamodelGraphWalker - Visiting attribute path : expirationDate
20:19:29.038 [main] DEBUG org.hibernate.persister.walking.spi.MetamodelGraphWalker - Visiting attribute path : lastFourDigits
20:19:29.039 [main] DEBUG org.hibernate.persister.walking.spi.MetamodelGraphWalker - Visiting attribute path : nameOnCard
20:19:29.039 [main] DEBUG org.hibernate.persister.walking.spi.MetamodelGraphWalker - Visiting attribute path : type
20:19:29.039 [main] DEBUG org.hibernate.loader.plan.build.internal.FetchStyleLoadPlanBuildingAssociationVisitationStrategy - Building LoadPlan...
20:19:29.039 [main] DEBUG org.hibernate.loader.plan.exec.internal.LoadQueryJoinAndFetchProcessor - processing queryspace <gen:0>
20:19:29.039 [main] DEBUG org.hibernate.loader.plan.build.spi.LoadPlanTreePrinter - LoadPlan(entity=io.swagger.model.BankCardType)
    - Returns
       - EntityReturnImpl(entity=io.swagger.model.BankCardType, querySpaceUid=<gen:0>, path=io.swagger.model.BankCardType)
    - QuerySpaces
       - EntityQuerySpaceImpl(uid=<gen:0>, entity=io.swagger.model.BankCardType)
          - SQL table alias mapping - bankcardty0_
          - alias suffix - 0_
          - suffixed key columns - {id1_3_0_}

20:19:29.039 [main] DEBUG org.hibernate.loader.entity.plan.EntityLoader - Static select for entity io.swagger.model.BankCardType [UPGRADE_SKIPLOCKED]: select bankcardty0_.id as id1_3_0_, bankcardty0_.bank as bank2_3_0_, bankcardty0_.brand as brand3_3_0_, bankcardty0_.cardNumber as cardNumb4_3_0_, bankcardty0_.cvv as cvv5_3_0_, bankcardty0_.expirationDate as expirati6_3_0_, bankcardty0_.lastFourDigits as lastFour7_3_0_, bankcardty0_.nameOnCard as nameOnCa8_3_0_, bankcardty0_.type as type9_3_0_ from BankCardType bankcardty0_ where bankcardty0_.id=? for update
20:19:29.039 [main] DEBUG org.hibernate.loader.plan.build.internal.spaces.QuerySpacesImpl - Adding QuerySpace : uid = <gen:0> -> org.hibernate.loader.plan.build.internal.spaces.EntityQuerySpaceImpl@60a6840c]
20:19:29.040 [main] DEBUG org.hibernate.persister.walking.spi.MetamodelGraphWalker - Visiting attribute path : bank
20:19:29.040 [main] DEBUG org.hibernate.persister.walking.spi.MetamodelGraphWalker - Visiting attribute path : brand
20:19:29.040 [main] DEBUG org.hibernate.persister.walking.spi.MetamodelGraphWalker - Visiting attribute path : cardNumber
20:19:29.040 [main] DEBUG org.hibernate.persister.walking.spi.MetamodelGraphWalker - Visiting attribute path : cvv
20:19:29.040 [main] DEBUG org.hibernate.persister.walking.spi.MetamodelGraphWalker - Visiting attribute path : expirationDate
20:19:29.040 [main] DEBUG org.hibernate.persister.walking.spi.MetamodelGraphWalker - Visiting attribute path : lastFourDigits
20:19:29.040 [main] DEBUG org.hibernate.persister.walking.spi.MetamodelGraphWalker - Visiting attribute path : nameOnCard
20:19:29.040 [main] DEBUG org.hibernate.persister.walking.spi.MetamodelGraphWalker - Visiting attribute path : type
20:19:29.040 [main] DEBUG org.hibernate.loader.plan.build.internal.FetchStyleLoadPlanBuildingAssociationVisitationStrategy - Building LoadPlan...
20:19:29.040 [main] DEBUG org.hibernate.loader.plan.exec.internal.LoadQueryJoinAndFetchProcessor - processing queryspace <gen:0>
20:19:29.040 [main] DEBUG org.hibernate.loader.plan.build.spi.LoadPlanTreePrinter - LoadPlan(entity=io.swagger.model.BankCardType)
    - Returns
       - EntityReturnImpl(entity=io.swagger.model.BankCardType, querySpaceUid=<gen:0>, path=io.swagger.model.BankCardType)
    - QuerySpaces
       - EntityQuerySpaceImpl(uid=<gen:0>, entity=io.swagger.model.BankCardType)
          - SQL table alias mapping - bankcardty0_
          - alias suffix - 0_
          - suffixed key columns - {id1_3_0_}

20:19:29.041 [main] DEBUG org.hibernate.loader.entity.plan.EntityLoader - Static select for entity io.swagger.model.BankCardType [FORCE]: select bankcardty0_.id as id1_3_0_, bankcardty0_.bank as bank2_3_0_, bankcardty0_.brand as brand3_3_0_, bankcardty0_.cardNumber as cardNumb4_3_0_, bankcardty0_.cvv as cvv5_3_0_, bankcardty0_.expirationDate as expirati6_3_0_, bankcardty0_.lastFourDigits as lastFour7_3_0_, bankcardty0_.nameOnCard as nameOnCa8_3_0_, bankcardty0_.type as type9_3_0_ from BankCardType bankcardty0_ where bankcardty0_.id=? for update
20:19:29.041 [main] DEBUG org.hibernate.loader.plan.build.internal.spaces.QuerySpacesImpl - Adding QuerySpace : uid = <gen:0> -> org.hibernate.loader.plan.build.internal.spaces.EntityQuerySpaceImpl@1be3f8f8]
20:19:29.041 [main] DEBUG org.hibernate.persister.walking.spi.MetamodelGraphWalker - Visiting attribute path : bank
20:19:29.041 [main] DEBUG org.hibernate.persister.walking.spi.MetamodelGraphWalker - Visiting attribute path : brand
20:19:29.041 [main] DEBUG org.hibernate.persister.walking.spi.MetamodelGraphWalker - Visiting attribute path : cardNumber
20:19:29.041 [main] DEBUG org.hibernate.persister.walking.spi.MetamodelGraphWalker - Visiting attribute path : cvv
20:19:29.041 [main] DEBUG org.hibernate.persister.walking.spi.MetamodelGraphWalker - Visiting attribute path : expirationDate
20:19:29.041 [main] DEBUG org.hibernate.persister.walking.spi.MetamodelGraphWalker - Visiting attribute path : lastFourDigits
20:19:29.041 [main] DEBUG org.hibernate.persister.walking.spi.MetamodelGraphWalker - Visiting attribute path : nameOnCard
20:19:29.041 [main] DEBUG org.hibernate.persister.walking.spi.MetamodelGraphWalker - Visiting attribute path : type
20:19:29.041 [main] DEBUG org.hibernate.loader.plan.build.internal.FetchStyleLoadPlanBuildingAssociationVisitationStrategy - Building LoadPlan...
20:19:29.041 [main] DEBUG org.hibernate.loader.plan.exec.internal.LoadQueryJoinAndFetchProcessor - processing queryspace <gen:0>
20:19:29.042 [main] DEBUG org.hibernate.loader.plan.build.spi.LoadPlanTreePrinter - LoadPlan(entity=io.swagger.model.BankCardType)
    - Returns
       - EntityReturnImpl(entity=io.swagger.model.BankCardType, querySpaceUid=<gen:0>, path=io.swagger.model.BankCardType)
    - QuerySpaces
       - EntityQuerySpaceImpl(uid=<gen:0>, entity=io.swagger.model.BankCardType)
          - SQL table alias mapping - bankcardty0_
          - alias suffix - 0_
          - suffixed key columns - {id1_3_0_}

20:19:29.042 [main] DEBUG org.hibernate.loader.entity.plan.EntityLoader - Static select for entity io.swagger.model.BankCardType [PESSIMISTIC_READ]: select bankcardty0_.id as id1_3_0_, bankcardty0_.bank as bank2_3_0_, bankcardty0_.brand as brand3_3_0_, bankcardty0_.cardNumber as cardNumb4_3_0_, bankcardty0_.cvv as cvv5_3_0_, bankcardty0_.expirationDate as expirati6_3_0_, bankcardty0_.lastFourDigits as lastFour7_3_0_, bankcardty0_.nameOnCard as nameOnCa8_3_0_, bankcardty0_.type as type9_3_0_ from BankCardType bankcardty0_ where bankcardty0_.id=? lock in share mode
20:19:29.042 [main] DEBUG org.hibernate.loader.plan.build.internal.spaces.QuerySpacesImpl - Adding QuerySpace : uid = <gen:0> -> org.hibernate.loader.plan.build.internal.spaces.EntityQuerySpaceImpl@2ceb68a1]
20:19:29.042 [main] DEBUG org.hibernate.persister.walking.spi.MetamodelGraphWalker - Visiting attribute path : bank
20:19:29.042 [main] DEBUG org.hibernate.persister.walking.spi.MetamodelGraphWalker - Visiting attribute path : brand
20:19:29.042 [main] DEBUG org.hibernate.persister.walking.spi.MetamodelGraphWalker - Visiting attribute path : cardNumber
20:19:29.042 [main] DEBUG org.hibernate.persister.walking.spi.MetamodelGraphWalker - Visiting attribute path : cvv
20:19:29.042 [main] DEBUG org.hibernate.persister.walking.spi.MetamodelGraphWalker - Visiting attribute path : expirationDate
20:19:29.042 [main] DEBUG org.hibernate.persister.walking.spi.MetamodelGraphWalker - Visiting attribute path : lastFourDigits
20:19:29.042 [main] DEBUG org.hibernate.persister.walking.spi.MetamodelGraphWalker - Visiting attribute path : nameOnCard
20:19:29.042 [main] DEBUG org.hibernate.persister.walking.spi.MetamodelGraphWalker - Visiting attribute path : type
20:19:29.042 [main] DEBUG org.hibernate.loader.plan.build.internal.FetchStyleLoadPlanBuildingAssociationVisitationStrategy - Building LoadPlan...
20:19:29.043 [main] DEBUG org.hibernate.loader.plan.exec.internal.LoadQueryJoinAndFetchProcessor - processing queryspace <gen:0>
20:19:29.043 [main] DEBUG org.hibernate.loader.plan.build.spi.LoadPlanTreePrinter - LoadPlan(entity=io.swagger.model.BankCardType)
    - Returns
       - EntityReturnImpl(entity=io.swagger.model.BankCardType, querySpaceUid=<gen:0>, path=io.swagger.model.BankCardType)
    - QuerySpaces
       - EntityQuerySpaceImpl(uid=<gen:0>, entity=io.swagger.model.BankCardType)
          - SQL table alias mapping - bankcardty0_
          - alias suffix - 0_
          - suffixed key columns - {id1_3_0_}

20:19:29.043 [main] DEBUG org.hibernate.loader.entity.plan.EntityLoader - Static select for entity io.swagger.model.BankCardType [PESSIMISTIC_WRITE]: select bankcardty0_.id as id1_3_0_, bankcardty0_.bank as bank2_3_0_, bankcardty0_.brand as brand3_3_0_, bankcardty0_.cardNumber as cardNumb4_3_0_, bankcardty0_.cvv as cvv5_3_0_, bankcardty0_.expirationDate as expirati6_3_0_, bankcardty0_.lastFourDigits as lastFour7_3_0_, bankcardty0_.nameOnCard as nameOnCa8_3_0_, bankcardty0_.type as type9_3_0_ from BankCardType bankcardty0_ where bankcardty0_.id=? for update
20:19:29.043 [main] DEBUG org.hibernate.loader.plan.build.internal.spaces.QuerySpacesImpl - Adding QuerySpace : uid = <gen:0> -> org.hibernate.loader.plan.build.internal.spaces.EntityQuerySpaceImpl@69c33ea2]
20:19:29.043 [main] DEBUG org.hibernate.persister.walking.spi.MetamodelGraphWalker - Visiting attribute path : bank
20:19:29.043 [main] DEBUG org.hibernate.persister.walking.spi.MetamodelGraphWalker - Visiting attribute path : brand
20:19:29.043 [main] DEBUG org.hibernate.persister.walking.spi.MetamodelGraphWalker - Visiting attribute path : cardNumber
20:19:29.043 [main] DEBUG org.hibernate.persister.walking.spi.MetamodelGraphWalker - Visiting attribute path : cvv
20:19:29.043 [main] DEBUG org.hibernate.persister.walking.spi.MetamodelGraphWalker - Visiting attribute path : expirationDate
20:19:29.043 [main] DEBUG org.hibernate.persister.walking.spi.MetamodelGraphWalker - Visiting attribute path : lastFourDigits
20:19:29.043 [main] DEBUG org.hibernate.persister.walking.spi.MetamodelGraphWalker - Visiting attribute path : nameOnCard
20:19:29.043 [main] DEBUG org.hibernate.persister.walking.spi.MetamodelGraphWalker - Visiting attribute path : type
20:19:29.044 [main] DEBUG org.hibernate.loader.plan.build.internal.FetchStyleLoadPlanBuildingAssociationVisitationStrategy - Building LoadPlan...
20:19:29.044 [main] DEBUG org.hibernate.loader.plan.exec.internal.LoadQueryJoinAndFetchProcessor - processing queryspace <gen:0>
20:19:29.044 [main] DEBUG org.hibernate.loader.plan.build.spi.LoadPlanTreePrinter - LoadPlan(entity=io.swagger.model.BankCardType)
    - Returns
       - EntityReturnImpl(entity=io.swagger.model.BankCardType, querySpaceUid=<gen:0>, path=io.swagger.model.BankCardType)
    - QuerySpaces
       - EntityQuerySpaceImpl(uid=<gen:0>, entity=io.swagger.model.BankCardType)
          - SQL table alias mapping - bankcardty0_
          - alias suffix - 0_
          - suffixed key columns - {id1_3_0_}

20:19:29.044 [main] DEBUG org.hibernate.loader.entity.plan.EntityLoader - Static select for entity io.swagger.model.BankCardType [PESSIMISTIC_FORCE_INCREMENT]: select bankcardty0_.id as id1_3_0_, bankcardty0_.bank as bank2_3_0_, bankcardty0_.brand as brand3_3_0_, bankcardty0_.cardNumber as cardNumb4_3_0_, bankcardty0_.cvv as cvv5_3_0_, bankcardty0_.expirationDate as expirati6_3_0_, bankcardty0_.lastFourDigits as lastFour7_3_0_, bankcardty0_.nameOnCard as nameOnCa8_3_0_, bankcardty0_.type as type9_3_0_ from BankCardType bankcardty0_ where bankcardty0_.id=? for update
20:19:29.044 [main] DEBUG org.hibernate.loader.plan.build.internal.spaces.QuerySpacesImpl - Adding QuerySpace : uid = <gen:0> -> org.hibernate.loader.plan.build.internal.spaces.EntityQuerySpaceImpl@2e3900dc]
20:19:29.044 [main] DEBUG org.hibernate.persister.walking.spi.MetamodelGraphWalker - Visiting attribute path : bank
20:19:29.044 [main] DEBUG org.hibernate.persister.walking.spi.MetamodelGraphWalker - Visiting attribute path : brand
20:19:29.044 [main] DEBUG org.hibernate.persister.walking.spi.MetamodelGraphWalker - Visiting attribute path : cardNumber
20:19:29.045 [main] DEBUG org.hibernate.persister.walking.spi.MetamodelGraphWalker - Visiting attribute path : cvv
20:19:29.045 [main] DEBUG org.hibernate.persister.walking.spi.MetamodelGraphWalker - Visiting attribute path : expirationDate
20:19:29.045 [main] DEBUG org.hibernate.persister.walking.spi.MetamodelGraphWalker - Visiting attribute path : lastFourDigits
20:19:29.045 [main] DEBUG org.hibernate.persister.walking.spi.MetamodelGraphWalker - Visiting attribute path : nameOnCard
20:19:29.045 [main] DEBUG org.hibernate.persister.walking.spi.MetamodelGraphWalker - Visiting attribute path : type
20:19:29.045 [main] DEBUG org.hibernate.loader.plan.build.internal.FetchStyleLoadPlanBuildingAssociationVisitationStrategy - Building LoadPlan...
20:19:29.045 [main] DEBUG org.hibernate.loader.plan.exec.internal.LoadQueryJoinAndFetchProcessor - processing queryspace <gen:0>
20:19:29.045 [main] DEBUG org.hibernate.loader.plan.build.spi.LoadPlanTreePrinter - LoadPlan(entity=io.swagger.model.BankCardType)
    - Returns
       - EntityReturnImpl(entity=io.swagger.model.BankCardType, querySpaceUid=<gen:0>, path=io.swagger.model.BankCardType)
    - QuerySpaces
       - EntityQuerySpaceImpl(uid=<gen:0>, entity=io.swagger.model.BankCardType)
          - SQL table alias mapping - bankcardty0_
          - alias suffix - 0_
          - suffixed key columns - {id1_3_0_}

20:19:29.045 [main] DEBUG org.hibernate.loader.entity.plan.EntityLoader - Static select for entity io.swagger.model.BankCardType [OPTIMISTIC]: select bankcardty0_.id as id1_3_0_, bankcardty0_.bank as bank2_3_0_, bankcardty0_.brand as brand3_3_0_, bankcardty0_.cardNumber as cardNumb4_3_0_, bankcardty0_.cvv as cvv5_3_0_, bankcardty0_.expirationDate as expirati6_3_0_, bankcardty0_.lastFourDigits as lastFour7_3_0_, bankcardty0_.nameOnCard as nameOnCa8_3_0_, bankcardty0_.type as type9_3_0_ from BankCardType bankcardty0_ where bankcardty0_.id=?
20:19:29.045 [main] DEBUG org.hibernate.loader.plan.build.internal.spaces.QuerySpacesImpl - Adding QuerySpace : uid = <gen:0> -> org.hibernate.loader.plan.build.internal.spaces.EntityQuerySpaceImpl@2a16d4dc]
20:19:29.045 [main] DEBUG org.hibernate.persister.walking.spi.MetamodelGraphWalker - Visiting attribute path : bank
20:19:29.046 [main] DEBUG org.hibernate.persister.walking.spi.MetamodelGraphWalker - Visiting attribute path : brand
20:19:29.046 [main] DEBUG org.hibernate.persister.walking.spi.MetamodelGraphWalker - Visiting attribute path : cardNumber
20:19:29.046 [main] DEBUG org.hibernate.persister.walking.spi.MetamodelGraphWalker - Visiting attribute path : cvv
20:19:29.046 [main] DEBUG org.hibernate.persister.walking.spi.MetamodelGraphWalker - Visiting attribute path : expirationDate
20:19:29.046 [main] DEBUG org.hibernate.persister.walking.spi.MetamodelGraphWalker - Visiting attribute path : lastFourDigits
20:19:29.046 [main] DEBUG org.hibernate.persister.walking.spi.MetamodelGraphWalker - Visiting attribute path : nameOnCard
20:19:29.046 [main] DEBUG org.hibernate.persister.walking.spi.MetamodelGraphWalker - Visiting attribute path : type
20:19:29.046 [main] DEBUG org.hibernate.loader.plan.build.internal.FetchStyleLoadPlanBuildingAssociationVisitationStrategy - Building LoadPlan...
20:19:29.046 [main] DEBUG org.hibernate.loader.plan.exec.internal.LoadQueryJoinAndFetchProcessor - processing queryspace <gen:0>
20:19:29.046 [main] DEBUG org.hibernate.loader.plan.build.spi.LoadPlanTreePrinter - LoadPlan(entity=io.swagger.model.BankCardType)
    - Returns
       - EntityReturnImpl(entity=io.swagger.model.BankCardType, querySpaceUid=<gen:0>, path=io.swagger.model.BankCardType)
    - QuerySpaces
       - EntityQuerySpaceImpl(uid=<gen:0>, entity=io.swagger.model.BankCardType)
          - SQL table alias mapping - bankcardty0_
          - alias suffix - 0_
          - suffixed key columns - {id1_3_0_}

20:19:29.046 [main] DEBUG org.hibernate.loader.entity.plan.EntityLoader - Static select for entity io.swagger.model.BankCardType [OPTIMISTIC_FORCE_INCREMENT]: select bankcardty0_.id as id1_3_0_, bankcardty0_.bank as bank2_3_0_, bankcardty0_.brand as brand3_3_0_, bankcardty0_.cardNumber as cardNumb4_3_0_, bankcardty0_.cvv as cvv5_3_0_, bankcardty0_.expirationDate as expirati6_3_0_, bankcardty0_.lastFourDigits as lastFour7_3_0_, bankcardty0_.nameOnCard as nameOnCa8_3_0_, bankcardty0_.type as type9_3_0_ from BankCardType bankcardty0_ where bankcardty0_.id=?
20:19:29.047 [main] DEBUG org.hibernate.loader.Loader - Static select for action ACTION_MERGE on entity io.swagger.model.BankCardType: select bankcardty0_.id as id1_3_0_, bankcardty0_.bank as bank2_3_0_, bankcardty0_.brand as brand3_3_0_, bankcardty0_.cardNumber as cardNumb4_3_0_, bankcardty0_.cvv as cvv5_3_0_, bankcardty0_.expirationDate as expirati6_3_0_, bankcardty0_.lastFourDigits as lastFour7_3_0_, bankcardty0_.nameOnCard as nameOnCa8_3_0_, bankcardty0_.type as type9_3_0_ from BankCardType bankcardty0_ where bankcardty0_.id=?
20:19:29.047 [main] DEBUG org.hibernate.loader.Loader - Static select for action ACTION_REFRESH on entity io.swagger.model.BankCardType: select bankcardty0_.id as id1_3_0_, bankcardty0_.bank as bank2_3_0_, bankcardty0_.brand as brand3_3_0_, bankcardty0_.cardNumber as cardNumb4_3_0_, bankcardty0_.cvv as cvv5_3_0_, bankcardty0_.expirationDate as expirati6_3_0_, bankcardty0_.lastFourDigits as lastFour7_3_0_, bankcardty0_.nameOnCard as nameOnCa8_3_0_, bankcardty0_.type as type9_3_0_ from BankCardType bankcardty0_ where bankcardty0_.id=?
20:19:29.047 [main] DEBUG org.hibernate.persister.entity.AbstractEntityPersister - Static SQL for entity: io.swagger.model.CashType
20:19:29.047 [main] DEBUG org.hibernate.persister.entity.AbstractEntityPersister -  Version select: select id from CashType where id =?
20:19:29.047 [main] DEBUG org.hibernate.persister.entity.AbstractEntityPersister -  Snapshot select: select cashtype_.id, cashtype_.cashierInfo as cashierI2_4_ from CashType cashtype_ where cashtype_.id=?
20:19:29.047 [main] DEBUG org.hibernate.persister.entity.AbstractEntityPersister -  Insert 0: insert into CashType (cashierInfo, id) values (?, ?)
20:19:29.047 [main] DEBUG org.hibernate.persister.entity.AbstractEntityPersister -  Update 0: update CashType set cashierInfo=? where id=?
20:19:29.047 [main] DEBUG org.hibernate.persister.entity.AbstractEntityPersister -  Delete 0: delete from CashType where id=?
20:19:29.048 [main] DEBUG org.hibernate.loader.plan.build.internal.spaces.QuerySpacesImpl - Adding QuerySpace : uid = <gen:0> -> org.hibernate.loader.plan.build.internal.spaces.EntityQuerySpaceImpl@13d984ee]
20:19:29.048 [main] DEBUG org.hibernate.persister.walking.spi.MetamodelGraphWalker - Visiting attribute path : cashierInfo
20:19:29.048 [main] DEBUG org.hibernate.loader.plan.build.internal.FetchStyleLoadPlanBuildingAssociationVisitationStrategy - Building LoadPlan...
20:19:29.048 [main] DEBUG org.hibernate.loader.plan.exec.internal.LoadQueryJoinAndFetchProcessor - processing queryspace <gen:0>
20:19:29.048 [main] DEBUG org.hibernate.loader.plan.build.spi.LoadPlanTreePrinter - LoadPlan(entity=io.swagger.model.CashType)
    - Returns
       - EntityReturnImpl(entity=io.swagger.model.CashType, querySpaceUid=<gen:0>, path=io.swagger.model.CashType)
    - QuerySpaces
       - EntityQuerySpaceImpl(uid=<gen:0>, entity=io.swagger.model.CashType)
          - SQL table alias mapping - cashtype0_
          - alias suffix - 0_
          - suffixed key columns - {id1_4_0_}

20:19:29.048 [main] DEBUG org.hibernate.loader.entity.plan.EntityLoader - Static select for entity io.swagger.model.CashType [NONE]: select cashtype0_.id as id1_4_0_, cashtype0_.cashierInfo as cashierI2_4_0_ from CashType cashtype0_ where cashtype0_.id=?
20:19:29.048 [main] DEBUG org.hibernate.loader.plan.build.internal.spaces.QuerySpacesImpl - Adding QuerySpace : uid = <gen:0> -> org.hibernate.loader.plan.build.internal.spaces.EntityQuerySpaceImpl@5341641d]
20:19:29.048 [main] DEBUG org.hibernate.persister.walking.spi.MetamodelGraphWalker - Visiting attribute path : cashierInfo
20:19:29.049 [main] DEBUG org.hibernate.loader.plan.build.internal.FetchStyleLoadPlanBuildingAssociationVisitationStrategy - Building LoadPlan...
20:19:29.049 [main] DEBUG org.hibernate.loader.plan.exec.internal.LoadQueryJoinAndFetchProcessor - processing queryspace <gen:0>
20:19:29.049 [main] DEBUG org.hibernate.loader.plan.build.spi.LoadPlanTreePrinter - LoadPlan(entity=io.swagger.model.CashType)
    - Returns
       - EntityReturnImpl(entity=io.swagger.model.CashType, querySpaceUid=<gen:0>, path=io.swagger.model.CashType)
    - QuerySpaces
       - EntityQuerySpaceImpl(uid=<gen:0>, entity=io.swagger.model.CashType)
          - SQL table alias mapping - cashtype0_
          - alias suffix - 0_
          - suffixed key columns - {id1_4_0_}

20:19:29.049 [main] DEBUG org.hibernate.loader.entity.plan.EntityLoader - Static select for entity io.swagger.model.CashType [READ]: select cashtype0_.id as id1_4_0_, cashtype0_.cashierInfo as cashierI2_4_0_ from CashType cashtype0_ where cashtype0_.id=?
20:19:29.049 [main] DEBUG org.hibernate.loader.plan.build.internal.spaces.QuerySpacesImpl - Adding QuerySpace : uid = <gen:0> -> org.hibernate.loader.plan.build.internal.spaces.EntityQuerySpaceImpl@7b3c0ecb]
20:19:29.049 [main] DEBUG org.hibernate.persister.walking.spi.MetamodelGraphWalker - Visiting attribute path : cashierInfo
20:19:29.049 [main] DEBUG org.hibernate.loader.plan.build.internal.FetchStyleLoadPlanBuildingAssociationVisitationStrategy - Building LoadPlan...
20:19:29.049 [main] DEBUG org.hibernate.loader.plan.exec.internal.LoadQueryJoinAndFetchProcessor - processing queryspace <gen:0>
20:19:29.050 [main] DEBUG org.hibernate.loader.plan.build.spi.LoadPlanTreePrinter - LoadPlan(entity=io.swagger.model.CashType)
    - Returns
       - EntityReturnImpl(entity=io.swagger.model.CashType, querySpaceUid=<gen:0>, path=io.swagger.model.CashType)
    - QuerySpaces
       - EntityQuerySpaceImpl(uid=<gen:0>, entity=io.swagger.model.CashType)
          - SQL table alias mapping - cashtype0_
          - alias suffix - 0_
          - suffixed key columns - {id1_4_0_}

20:19:29.050 [main] DEBUG org.hibernate.loader.entity.plan.EntityLoader - Static select for entity io.swagger.model.CashType [UPGRADE]: select cashtype0_.id as id1_4_0_, cashtype0_.cashierInfo as cashierI2_4_0_ from CashType cashtype0_ where cashtype0_.id=? for update
20:19:29.050 [main] DEBUG org.hibernate.loader.plan.build.internal.spaces.QuerySpacesImpl - Adding QuerySpace : uid = <gen:0> -> org.hibernate.loader.plan.build.internal.spaces.EntityQuerySpaceImpl@3006bfb]
20:19:29.050 [main] DEBUG org.hibernate.persister.walking.spi.MetamodelGraphWalker - Visiting attribute path : cashierInfo
20:19:29.050 [main] DEBUG org.hibernate.loader.plan.build.internal.FetchStyleLoadPlanBuildingAssociationVisitationStrategy - Building LoadPlan...
20:19:29.050 [main] DEBUG org.hibernate.loader.plan.exec.internal.LoadQueryJoinAndFetchProcessor - processing queryspace <gen:0>
20:19:29.050 [main] DEBUG org.hibernate.loader.plan.build.spi.LoadPlanTreePrinter - LoadPlan(entity=io.swagger.model.CashType)
    - Returns
       - EntityReturnImpl(entity=io.swagger.model.CashType, querySpaceUid=<gen:0>, path=io.swagger.model.CashType)
    - QuerySpaces
       - EntityQuerySpaceImpl(uid=<gen:0>, entity=io.swagger.model.CashType)
          - SQL table alias mapping - cashtype0_
          - alias suffix - 0_
          - suffixed key columns - {id1_4_0_}

20:19:29.051 [main] DEBUG org.hibernate.loader.entity.plan.EntityLoader - Static select for entity io.swagger.model.CashType [UPGRADE_NOWAIT]: select cashtype0_.id as id1_4_0_, cashtype0_.cashierInfo as cashierI2_4_0_ from CashType cashtype0_ where cashtype0_.id=? for update
20:19:29.051 [main] DEBUG org.hibernate.loader.plan.build.internal.spaces.QuerySpacesImpl - Adding QuerySpace : uid = <gen:0> -> org.hibernate.loader.plan.build.internal.spaces.EntityQuerySpaceImpl@5402612e]
20:19:29.051 [main] DEBUG org.hibernate.persister.walking.spi.MetamodelGraphWalker - Visiting attribute path : cashierInfo
20:19:29.051 [main] DEBUG org.hibernate.loader.plan.build.internal.FetchStyleLoadPlanBuildingAssociationVisitationStrategy - Building LoadPlan...
20:19:29.051 [main] DEBUG org.hibernate.loader.plan.exec.internal.LoadQueryJoinAndFetchProcessor - processing queryspace <gen:0>
20:19:29.051 [main] DEBUG org.hibernate.loader.plan.build.spi.LoadPlanTreePrinter - LoadPlan(entity=io.swagger.model.CashType)
    - Returns
       - EntityReturnImpl(entity=io.swagger.model.CashType, querySpaceUid=<gen:0>, path=io.swagger.model.CashType)
    - QuerySpaces
       - EntityQuerySpaceImpl(uid=<gen:0>, entity=io.swagger.model.CashType)
          - SQL table alias mapping - cashtype0_
          - alias suffix - 0_
          - suffixed key columns - {id1_4_0_}

20:19:29.051 [main] DEBUG org.hibernate.loader.entity.plan.EntityLoader - Static select for entity io.swagger.model.CashType [UPGRADE_SKIPLOCKED]: select cashtype0_.id as id1_4_0_, cashtype0_.cashierInfo as cashierI2_4_0_ from CashType cashtype0_ where cashtype0_.id=? for update
20:19:29.051 [main] DEBUG org.hibernate.loader.plan.build.internal.spaces.QuerySpacesImpl - Adding QuerySpace : uid = <gen:0> -> org.hibernate.loader.plan.build.internal.spaces.EntityQuerySpaceImpl@431babe6]
20:19:29.052 [main] DEBUG org.hibernate.persister.walking.spi.MetamodelGraphWalker - Visiting attribute path : cashierInfo
20:19:29.052 [main] DEBUG org.hibernate.loader.plan.build.internal.FetchStyleLoadPlanBuildingAssociationVisitationStrategy - Building LoadPlan...
20:19:29.052 [main] DEBUG org.hibernate.loader.plan.exec.internal.LoadQueryJoinAndFetchProcessor - processing queryspace <gen:0>
20:19:29.052 [main] DEBUG org.hibernate.loader.plan.build.spi.LoadPlanTreePrinter - LoadPlan(entity=io.swagger.model.CashType)
    - Returns
       - EntityReturnImpl(entity=io.swagger.model.CashType, querySpaceUid=<gen:0>, path=io.swagger.model.CashType)
    - QuerySpaces
       - EntityQuerySpaceImpl(uid=<gen:0>, entity=io.swagger.model.CashType)
          - SQL table alias mapping - cashtype0_
          - alias suffix - 0_
          - suffixed key columns - {id1_4_0_}

20:19:29.052 [main] DEBUG org.hibernate.loader.entity.plan.EntityLoader - Static select for entity io.swagger.model.CashType [FORCE]: select cashtype0_.id as id1_4_0_, cashtype0_.cashierInfo as cashierI2_4_0_ from CashType cashtype0_ where cashtype0_.id=? for update
20:19:29.052 [main] DEBUG org.hibernate.loader.plan.build.internal.spaces.QuerySpacesImpl - Adding QuerySpace : uid = <gen:0> -> org.hibernate.loader.plan.build.internal.spaces.EntityQuerySpaceImpl@5072e638]
20:19:29.052 [main] DEBUG org.hibernate.persister.walking.spi.MetamodelGraphWalker - Visiting attribute path : cashierInfo
20:19:29.052 [main] DEBUG org.hibernate.loader.plan.build.internal.FetchStyleLoadPlanBuildingAssociationVisitationStrategy - Building LoadPlan...
20:19:29.053 [main] DEBUG org.hibernate.loader.plan.exec.internal.LoadQueryJoinAndFetchProcessor - processing queryspace <gen:0>
20:19:29.053 [main] DEBUG org.hibernate.loader.plan.build.spi.LoadPlanTreePrinter - LoadPlan(entity=io.swagger.model.CashType)
    - Returns
       - EntityReturnImpl(entity=io.swagger.model.CashType, querySpaceUid=<gen:0>, path=io.swagger.model.CashType)
    - QuerySpaces
       - EntityQuerySpaceImpl(uid=<gen:0>, entity=io.swagger.model.CashType)
          - SQL table alias mapping - cashtype0_
          - alias suffix - 0_
          - suffixed key columns - {id1_4_0_}

20:19:29.053 [main] DEBUG org.hibernate.loader.entity.plan.EntityLoader - Static select for entity io.swagger.model.CashType [PESSIMISTIC_READ]: select cashtype0_.id as id1_4_0_, cashtype0_.cashierInfo as cashierI2_4_0_ from CashType cashtype0_ where cashtype0_.id=? lock in share mode
20:19:29.053 [main] DEBUG org.hibernate.loader.plan.build.internal.spaces.QuerySpacesImpl - Adding QuerySpace : uid = <gen:0> -> org.hibernate.loader.plan.build.internal.spaces.EntityQuerySpaceImpl@2f73f0c7]
20:19:29.053 [main] DEBUG org.hibernate.persister.walking.spi.MetamodelGraphWalker - Visiting attribute path : cashierInfo
20:19:29.053 [main] DEBUG org.hibernate.loader.plan.build.internal.FetchStyleLoadPlanBuildingAssociationVisitationStrategy - Building LoadPlan...
20:19:29.053 [main] DEBUG org.hibernate.loader.plan.exec.internal.LoadQueryJoinAndFetchProcessor - processing queryspace <gen:0>
20:19:29.054 [main] DEBUG org.hibernate.loader.plan.build.spi.LoadPlanTreePrinter - LoadPlan(entity=io.swagger.model.CashType)
    - Returns
       - EntityReturnImpl(entity=io.swagger.model.CashType, querySpaceUid=<gen:0>, path=io.swagger.model.CashType)
    - QuerySpaces
       - EntityQuerySpaceImpl(uid=<gen:0>, entity=io.swagger.model.CashType)
          - SQL table alias mapping - cashtype0_
          - alias suffix - 0_
          - suffixed key columns - {id1_4_0_}

20:19:29.054 [main] DEBUG org.hibernate.loader.entity.plan.EntityLoader - Static select for entity io.swagger.model.CashType [PESSIMISTIC_WRITE]: select cashtype0_.id as id1_4_0_, cashtype0_.cashierInfo as cashierI2_4_0_ from CashType cashtype0_ where cashtype0_.id=? for update
20:19:29.054 [main] DEBUG org.hibernate.loader.plan.build.internal.spaces.QuerySpacesImpl - Adding QuerySpace : uid = <gen:0> -> org.hibernate.loader.plan.build.internal.spaces.EntityQuerySpaceImpl@8debe42]
20:19:29.054 [main] DEBUG org.hibernate.persister.walking.spi.MetamodelGraphWalker - Visiting attribute path : cashierInfo
20:19:29.054 [main] DEBUG org.hibernate.loader.plan.build.internal.FetchStyleLoadPlanBuildingAssociationVisitationStrategy - Building LoadPlan...
20:19:29.054 [main] DEBUG org.hibernate.loader.plan.exec.internal.LoadQueryJoinAndFetchProcessor - processing queryspace <gen:0>
20:19:29.054 [main] DEBUG org.hibernate.loader.plan.build.spi.LoadPlanTreePrinter - LoadPlan(entity=io.swagger.model.CashType)
    - Returns
       - EntityReturnImpl(entity=io.swagger.model.CashType, querySpaceUid=<gen:0>, path=io.swagger.model.CashType)
    - QuerySpaces
       - EntityQuerySpaceImpl(uid=<gen:0>, entity=io.swagger.model.CashType)
          - SQL table alias mapping - cashtype0_
          - alias suffix - 0_
          - suffixed key columns - {id1_4_0_}

20:19:29.054 [main] DEBUG org.hibernate.loader.entity.plan.EntityLoader - Static select for entity io.swagger.model.CashType [PESSIMISTIC_FORCE_INCREMENT]: select cashtype0_.id as id1_4_0_, cashtype0_.cashierInfo as cashierI2_4_0_ from CashType cashtype0_ where cashtype0_.id=? for update
20:19:29.054 [main] DEBUG org.hibernate.loader.plan.build.internal.spaces.QuerySpacesImpl - Adding QuerySpace : uid = <gen:0> -> org.hibernate.loader.plan.build.internal.spaces.EntityQuerySpaceImpl@40863800]
20:19:29.055 [main] DEBUG org.hibernate.persister.walking.spi.MetamodelGraphWalker - Visiting attribute path : cashierInfo
20:19:29.055 [main] DEBUG org.hibernate.loader.plan.build.internal.FetchStyleLoadPlanBuildingAssociationVisitationStrategy - Building LoadPlan...
20:19:29.055 [main] DEBUG org.hibernate.loader.plan.exec.internal.LoadQueryJoinAndFetchProcessor - processing queryspace <gen:0>
20:19:29.055 [main] DEBUG org.hibernate.loader.plan.build.spi.LoadPlanTreePrinter - LoadPlan(entity=io.swagger.model.CashType)
    - Returns
       - EntityReturnImpl(entity=io.swagger.model.CashType, querySpaceUid=<gen:0>, path=io.swagger.model.CashType)
    - QuerySpaces
       - EntityQuerySpaceImpl(uid=<gen:0>, entity=io.swagger.model.CashType)
          - SQL table alias mapping - cashtype0_
          - alias suffix - 0_
          - suffixed key columns - {id1_4_0_}

20:19:29.055 [main] DEBUG org.hibernate.loader.entity.plan.EntityLoader - Static select for entity io.swagger.model.CashType [OPTIMISTIC]: select cashtype0_.id as id1_4_0_, cashtype0_.cashierInfo as cashierI2_4_0_ from CashType cashtype0_ where cashtype0_.id=?
20:19:29.055 [main] DEBUG org.hibernate.loader.plan.build.internal.spaces.QuerySpacesImpl - Adding QuerySpace : uid = <gen:0> -> org.hibernate.loader.plan.build.internal.spaces.EntityQuerySpaceImpl@24018c8b]
20:19:29.055 [main] DEBUG org.hibernate.persister.walking.spi.MetamodelGraphWalker - Visiting attribute path : cashierInfo
20:19:29.055 [main] DEBUG org.hibernate.loader.plan.build.internal.FetchStyleLoadPlanBuildingAssociationVisitationStrategy - Building LoadPlan...
20:19:29.056 [main] DEBUG org.hibernate.loader.plan.exec.internal.LoadQueryJoinAndFetchProcessor - processing queryspace <gen:0>
20:19:29.056 [main] DEBUG org.hibernate.loader.plan.build.spi.LoadPlanTreePrinter - LoadPlan(entity=io.swagger.model.CashType)
    - Returns
       - EntityReturnImpl(entity=io.swagger.model.CashType, querySpaceUid=<gen:0>, path=io.swagger.model.CashType)
    - QuerySpaces
       - EntityQuerySpaceImpl(uid=<gen:0>, entity=io.swagger.model.CashType)
          - SQL table alias mapping - cashtype0_
          - alias suffix - 0_
          - suffixed key columns - {id1_4_0_}

20:19:29.056 [main] DEBUG org.hibernate.loader.entity.plan.EntityLoader - Static select for entity io.swagger.model.CashType [OPTIMISTIC_FORCE_INCREMENT]: select cashtype0_.id as id1_4_0_, cashtype0_.cashierInfo as cashierI2_4_0_ from CashType cashtype0_ where cashtype0_.id=?
20:19:29.056 [main] DEBUG org.hibernate.loader.Loader - Static select for action ACTION_MERGE on entity io.swagger.model.CashType: select cashtype0_.id as id1_4_0_, cashtype0_.cashierInfo as cashierI2_4_0_ from CashType cashtype0_ where cashtype0_.id=?
20:19:29.056 [main] DEBUG org.hibernate.loader.Loader - Static select for action ACTION_REFRESH on entity io.swagger.model.CashType: select cashtype0_.id as id1_4_0_, cashtype0_.cashierInfo as cashierI2_4_0_ from CashType cashtype0_ where cashtype0_.id=?
20:19:29.057 [main] DEBUG org.hibernate.persister.entity.AbstractEntityPersister - Static SQL for entity: io.swagger.model.BankAccountTransferType
20:19:29.057 [main] DEBUG org.hibernate.persister.entity.AbstractEntityPersister -  Version select: select id from BankAccountTransferType where id =?
20:19:29.057 [main] DEBUG org.hibernate.persister.entity.AbstractEntityPersister -  Snapshot select: select bankaccoun_.id, bankaccoun_.BIC as BIC2_2_, bankaccoun_.accountNumber as accountN3_2_, bankaccoun_.accountNumberType as accountN4_2_, bankaccoun_.bank as bank5_2_, bankaccoun_.owner as owner6_2_ from BankAccountTransferType bankaccoun_ where bankaccoun_.id=?
20:19:29.057 [main] DEBUG org.hibernate.persister.entity.AbstractEntityPersister -  Insert 0: insert into BankAccountTransferType (BIC, accountNumber, accountNumberType, bank, owner, id) values (?, ?, ?, ?, ?, ?)
20:19:29.057 [main] DEBUG org.hibernate.persister.entity.AbstractEntityPersister -  Update 0: update BankAccountTransferType set BIC=?, accountNumber=?, accountNumberType=?, bank=?, owner=? where id=?
20:19:29.057 [main] DEBUG org.hibernate.persister.entity.AbstractEntityPersister -  Delete 0: delete from BankAccountTransferType where id=?
20:19:29.057 [main] DEBUG org.hibernate.loader.plan.build.internal.spaces.QuerySpacesImpl - Adding QuerySpace : uid = <gen:0> -> org.hibernate.loader.plan.build.internal.spaces.EntityQuerySpaceImpl@3dc55719]
20:19:29.057 [main] DEBUG org.hibernate.persister.walking.spi.MetamodelGraphWalker - Visiting attribute path : BIC
20:19:29.057 [main] DEBUG org.hibernate.persister.walking.spi.MetamodelGraphWalker - Visiting attribute path : accountNumber
20:19:29.057 [main] DEBUG org.hibernate.persister.walking.spi.MetamodelGraphWalker - Visiting attribute path : accountNumberType
20:19:29.057 [main] DEBUG org.hibernate.persister.walking.spi.MetamodelGraphWalker - Visiting attribute path : bank
20:19:29.057 [main] DEBUG org.hibernate.persister.walking.spi.MetamodelGraphWalker - Visiting attribute path : owner
20:19:29.057 [main] DEBUG org.hibernate.loader.plan.build.internal.FetchStyleLoadPlanBuildingAssociationVisitationStrategy - Building LoadPlan...
20:19:29.057 [main] DEBUG org.hibernate.loader.plan.exec.internal.LoadQueryJoinAndFetchProcessor - processing queryspace <gen:0>
20:19:29.058 [main] DEBUG org.hibernate.loader.plan.build.spi.LoadPlanTreePrinter - LoadPlan(entity=io.swagger.model.BankAccountTransferType)
    - Returns
       - EntityReturnImpl(entity=io.swagger.model.BankAccountTransferType, querySpaceUid=<gen:0>, path=io.swagger.model.BankAccountTransferType)
    - QuerySpaces
       - EntityQuerySpaceImpl(uid=<gen:0>, entity=io.swagger.model.BankAccountTransferType)
          - SQL table alias mapping - bankaccoun0_
          - alias suffix - 0_
          - suffixed key columns - {id1_2_0_}

20:19:29.058 [main] DEBUG org.hibernate.loader.entity.plan.EntityLoader - Static select for entity io.swagger.model.BankAccountTransferType [NONE]: select bankaccoun0_.id as id1_2_0_, bankaccoun0_.BIC as BIC2_2_0_, bankaccoun0_.accountNumber as accountN3_2_0_, bankaccoun0_.accountNumberType as accountN4_2_0_, bankaccoun0_.bank as bank5_2_0_, bankaccoun0_.owner as owner6_2_0_ from BankAccountTransferType bankaccoun0_ where bankaccoun0_.id=?
20:19:29.058 [main] DEBUG org.hibernate.loader.plan.build.internal.spaces.QuerySpacesImpl - Adding QuerySpace : uid = <gen:0> -> org.hibernate.loader.plan.build.internal.spaces.EntityQuerySpaceImpl@4c2bea52]
20:19:29.058 [main] DEBUG org.hibernate.persister.walking.spi.MetamodelGraphWalker - Visiting attribute path : BIC
20:19:29.058 [main] DEBUG org.hibernate.persister.walking.spi.MetamodelGraphWalker - Visiting attribute path : accountNumber
20:19:29.058 [main] DEBUG org.hibernate.persister.walking.spi.MetamodelGraphWalker - Visiting attribute path : accountNumberType
20:19:29.058 [main] DEBUG org.hibernate.persister.walking.spi.MetamodelGraphWalker - Visiting attribute path : bank
20:19:29.058 [main] DEBUG org.hibernate.persister.walking.spi.MetamodelGraphWalker - Visiting attribute path : owner
20:19:29.058 [main] DEBUG org.hibernate.loader.plan.build.internal.FetchStyleLoadPlanBuildingAssociationVisitationStrategy - Building LoadPlan...
20:19:29.058 [main] DEBUG org.hibernate.loader.plan.exec.internal.LoadQueryJoinAndFetchProcessor - processing queryspace <gen:0>
20:19:29.059 [main] DEBUG org.hibernate.loader.plan.build.spi.LoadPlanTreePrinter - LoadPlan(entity=io.swagger.model.BankAccountTransferType)
    - Returns
       - EntityReturnImpl(entity=io.swagger.model.BankAccountTransferType, querySpaceUid=<gen:0>, path=io.swagger.model.BankAccountTransferType)
    - QuerySpaces
       - EntityQuerySpaceImpl(uid=<gen:0>, entity=io.swagger.model.BankAccountTransferType)
          - SQL table alias mapping - bankaccoun0_
          - alias suffix - 0_
          - suffixed key columns - {id1_2_0_}

20:19:29.059 [main] DEBUG org.hibernate.loader.entity.plan.EntityLoader - Static select for entity io.swagger.model.BankAccountTransferType [READ]: select bankaccoun0_.id as id1_2_0_, bankaccoun0_.BIC as BIC2_2_0_, bankaccoun0_.accountNumber as accountN3_2_0_, bankaccoun0_.accountNumberType as accountN4_2_0_, bankaccoun0_.bank as bank5_2_0_, bankaccoun0_.owner as owner6_2_0_ from BankAccountTransferType bankaccoun0_ where bankaccoun0_.id=?
20:19:29.059 [main] DEBUG org.hibernate.loader.plan.build.internal.spaces.QuerySpacesImpl - Adding QuerySpace : uid = <gen:0> -> org.hibernate.loader.plan.build.internal.spaces.EntityQuerySpaceImpl@6ebbc06]
20:19:29.059 [main] DEBUG org.hibernate.persister.walking.spi.MetamodelGraphWalker - Visiting attribute path : BIC
20:19:29.059 [main] DEBUG org.hibernate.persister.walking.spi.MetamodelGraphWalker - Visiting attribute path : accountNumber
20:19:29.059 [main] DEBUG org.hibernate.persister.walking.spi.MetamodelGraphWalker - Visiting attribute path : accountNumberType
20:19:29.059 [main] DEBUG org.hibernate.persister.walking.spi.MetamodelGraphWalker - Visiting attribute path : bank
20:19:29.059 [main] DEBUG org.hibernate.persister.walking.spi.MetamodelGraphWalker - Visiting attribute path : owner
20:19:29.059 [main] DEBUG org.hibernate.loader.plan.build.internal.FetchStyleLoadPlanBuildingAssociationVisitationStrategy - Building LoadPlan...
20:19:29.059 [main] DEBUG org.hibernate.loader.plan.exec.internal.LoadQueryJoinAndFetchProcessor - processing queryspace <gen:0>
20:19:29.060 [main] DEBUG org.hibernate.loader.plan.build.spi.LoadPlanTreePrinter - LoadPlan(entity=io.swagger.model.BankAccountTransferType)
    - Returns
       - EntityReturnImpl(entity=io.swagger.model.BankAccountTransferType, querySpaceUid=<gen:0>, path=io.swagger.model.BankAccountTransferType)
    - QuerySpaces
       - EntityQuerySpaceImpl(uid=<gen:0>, entity=io.swagger.model.BankAccountTransferType)
          - SQL table alias mapping - bankaccoun0_
          - alias suffix - 0_
          - suffixed key columns - {id1_2_0_}

20:19:29.060 [main] DEBUG org.hibernate.loader.entity.plan.EntityLoader - Static select for entity io.swagger.model.BankAccountTransferType [UPGRADE]: select bankaccoun0_.id as id1_2_0_, bankaccoun0_.BIC as BIC2_2_0_, bankaccoun0_.accountNumber as accountN3_2_0_, bankaccoun0_.accountNumberType as accountN4_2_0_, bankaccoun0_.bank as bank5_2_0_, bankaccoun0_.owner as owner6_2_0_ from BankAccountTransferType bankaccoun0_ where bankaccoun0_.id=? for update
20:19:29.060 [main] DEBUG org.hibernate.loader.plan.build.internal.spaces.QuerySpacesImpl - Adding QuerySpace : uid = <gen:0> -> org.hibernate.loader.plan.build.internal.spaces.EntityQuerySpaceImpl@430d3021]
20:19:29.060 [main] DEBUG org.hibernate.persister.walking.spi.MetamodelGraphWalker - Visiting attribute path : BIC
20:19:29.060 [main] DEBUG org.hibernate.persister.walking.spi.MetamodelGraphWalker - Visiting attribute path : accountNumber
20:19:29.060 [main] DEBUG org.hibernate.persister.walking.spi.MetamodelGraphWalker - Visiting attribute path : accountNumberType
20:19:29.060 [main] DEBUG org.hibernate.persister.walking.spi.MetamodelGraphWalker - Visiting attribute path : bank
20:19:29.060 [main] DEBUG org.hibernate.persister.walking.spi.MetamodelGraphWalker - Visiting attribute path : owner
20:19:29.060 [main] DEBUG org.hibernate.loader.plan.build.internal.FetchStyleLoadPlanBuildingAssociationVisitationStrategy - Building LoadPlan...
20:19:29.060 [main] DEBUG org.hibernate.loader.plan.exec.internal.LoadQueryJoinAndFetchProcessor - processing queryspace <gen:0>
20:19:29.061 [main] DEBUG org.hibernate.loader.plan.build.spi.LoadPlanTreePrinter - LoadPlan(entity=io.swagger.model.BankAccountTransferType)
    - Returns
       - EntityReturnImpl(entity=io.swagger.model.BankAccountTransferType, querySpaceUid=<gen:0>, path=io.swagger.model.BankAccountTransferType)
    - QuerySpaces
       - EntityQuerySpaceImpl(uid=<gen:0>, entity=io.swagger.model.BankAccountTransferType)
          - SQL table alias mapping - bankaccoun0_
          - alias suffix - 0_
          - suffixed key columns - {id1_2_0_}

20:19:29.061 [main] DEBUG org.hibernate.loader.entity.plan.EntityLoader - Static select for entity io.swagger.model.BankAccountTransferType [UPGRADE_NOWAIT]: select bankaccoun0_.id as id1_2_0_, bankaccoun0_.BIC as BIC2_2_0_, bankaccoun0_.accountNumber as accountN3_2_0_, bankaccoun0_.accountNumberType as accountN4_2_0_, bankaccoun0_.bank as bank5_2_0_, bankaccoun0_.owner as owner6_2_0_ from BankAccountTransferType bankaccoun0_ where bankaccoun0_.id=? for update
20:19:29.061 [main] DEBUG org.hibernate.loader.plan.build.internal.spaces.QuerySpacesImpl - Adding QuerySpace : uid = <gen:0> -> org.hibernate.loader.plan.build.internal.spaces.EntityQuerySpaceImpl@3220c28]
20:19:29.061 [main] DEBUG org.hibernate.persister.walking.spi.MetamodelGraphWalker - Visiting attribute path : BIC
20:19:29.061 [main] DEBUG org.hibernate.persister.walking.spi.MetamodelGraphWalker - Visiting attribute path : accountNumber
20:19:29.061 [main] DEBUG org.hibernate.persister.walking.spi.MetamodelGraphWalker - Visiting attribute path : accountNumberType
20:19:29.061 [main] DEBUG org.hibernate.persister.walking.spi.MetamodelGraphWalker - Visiting attribute path : bank
20:19:29.061 [main] DEBUG org.hibernate.persister.walking.spi.MetamodelGraphWalker - Visiting attribute path : owner
20:19:29.061 [main] DEBUG org.hibernate.loader.plan.build.internal.FetchStyleLoadPlanBuildingAssociationVisitationStrategy - Building LoadPlan...
20:19:29.061 [main] DEBUG org.hibernate.loader.plan.exec.internal.LoadQueryJoinAndFetchProcessor - processing queryspace <gen:0>
20:19:29.061 [main] DEBUG org.hibernate.loader.plan.build.spi.LoadPlanTreePrinter - LoadPlan(entity=io.swagger.model.BankAccountTransferType)
    - Returns
       - EntityReturnImpl(entity=io.swagger.model.BankAccountTransferType, querySpaceUid=<gen:0>, path=io.swagger.model.BankAccountTransferType)
    - QuerySpaces
       - EntityQuerySpaceImpl(uid=<gen:0>, entity=io.swagger.model.BankAccountTransferType)
          - SQL table alias mapping - bankaccoun0_
          - alias suffix - 0_
          - suffixed key columns - {id1_2_0_}

20:19:29.062 [main] DEBUG org.hibernate.loader.entity.plan.EntityLoader - Static select for entity io.swagger.model.BankAccountTransferType [UPGRADE_SKIPLOCKED]: select bankaccoun0_.id as id1_2_0_, bankaccoun0_.BIC as BIC2_2_0_, bankaccoun0_.accountNumber as accountN3_2_0_, bankaccoun0_.accountNumberType as accountN4_2_0_, bankaccoun0_.bank as bank5_2_0_, bankaccoun0_.owner as owner6_2_0_ from BankAccountTransferType bankaccoun0_ where bankaccoun0_.id=? for update
20:19:29.062 [main] DEBUG org.hibernate.loader.plan.build.internal.spaces.QuerySpacesImpl - Adding QuerySpace : uid = <gen:0> -> org.hibernate.loader.plan.build.internal.spaces.EntityQuerySpaceImpl@40c28b0d]
20:19:29.062 [main] DEBUG org.hibernate.persister.walking.spi.MetamodelGraphWalker - Visiting attribute path : BIC
20:19:29.062 [main] DEBUG org.hibernate.persister.walking.spi.MetamodelGraphWalker - Visiting attribute path : accountNumber
20:19:29.062 [main] DEBUG org.hibernate.persister.walking.spi.MetamodelGraphWalker - Visiting attribute path : accountNumberType
20:19:29.062 [main] DEBUG org.hibernate.persister.walking.spi.MetamodelGraphWalker - Visiting attribute path : bank
20:19:29.062 [main] DEBUG org.hibernate.persister.walking.spi.MetamodelGraphWalker - Visiting attribute path : owner
20:19:29.062 [main] DEBUG org.hibernate.loader.plan.build.internal.FetchStyleLoadPlanBuildingAssociationVisitationStrategy - Building LoadPlan...
20:19:29.062 [main] DEBUG org.hibernate.loader.plan.exec.internal.LoadQueryJoinAndFetchProcessor - processing queryspace <gen:0>
20:19:29.062 [main] DEBUG org.hibernate.loader.plan.build.spi.LoadPlanTreePrinter - LoadPlan(entity=io.swagger.model.BankAccountTransferType)
    - Returns
       - EntityReturnImpl(entity=io.swagger.model.BankAccountTransferType, querySpaceUid=<gen:0>, path=io.swagger.model.BankAccountTransferType)
    - QuerySpaces
       - EntityQuerySpaceImpl(uid=<gen:0>, entity=io.swagger.model.BankAccountTransferType)
          - SQL table alias mapping - bankaccoun0_
          - alias suffix - 0_
          - suffixed key columns - {id1_2_0_}

20:19:29.063 [main] DEBUG org.hibernate.loader.entity.plan.EntityLoader - Static select for entity io.swagger.model.BankAccountTransferType [FORCE]: select bankaccoun0_.id as id1_2_0_, bankaccoun0_.BIC as BIC2_2_0_, bankaccoun0_.accountNumber as accountN3_2_0_, bankaccoun0_.accountNumberType as accountN4_2_0_, bankaccoun0_.bank as bank5_2_0_, bankaccoun0_.owner as owner6_2_0_ from BankAccountTransferType bankaccoun0_ where bankaccoun0_.id=? for update
20:19:29.063 [main] DEBUG org.hibernate.loader.plan.build.internal.spaces.QuerySpacesImpl - Adding QuerySpace : uid = <gen:0> -> org.hibernate.loader.plan.build.internal.spaces.EntityQuerySpaceImpl@1fa98a22]
20:19:29.063 [main] DEBUG org.hibernate.persister.walking.spi.MetamodelGraphWalker - Visiting attribute path : BIC
20:19:29.063 [main] DEBUG org.hibernate.persister.walking.spi.MetamodelGraphWalker - Visiting attribute path : accountNumber
20:19:29.063 [main] DEBUG org.hibernate.persister.walking.spi.MetamodelGraphWalker - Visiting attribute path : accountNumberType
20:19:29.063 [main] DEBUG org.hibernate.persister.walking.spi.MetamodelGraphWalker - Visiting attribute path : bank
20:19:29.063 [main] DEBUG org.hibernate.persister.walking.spi.MetamodelGraphWalker - Visiting attribute path : owner
20:19:29.063 [main] DEBUG org.hibernate.loader.plan.build.internal.FetchStyleLoadPlanBuildingAssociationVisitationStrategy - Building LoadPlan...
20:19:29.063 [main] DEBUG org.hibernate.loader.plan.exec.internal.LoadQueryJoinAndFetchProcessor - processing queryspace <gen:0>
20:19:29.063 [main] DEBUG org.hibernate.loader.plan.build.spi.LoadPlanTreePrinter - LoadPlan(entity=io.swagger.model.BankAccountTransferType)
    - Returns
       - EntityReturnImpl(entity=io.swagger.model.BankAccountTransferType, querySpaceUid=<gen:0>, path=io.swagger.model.BankAccountTransferType)
    - QuerySpaces
       - EntityQuerySpaceImpl(uid=<gen:0>, entity=io.swagger.model.BankAccountTransferType)
          - SQL table alias mapping - bankaccoun0_
          - alias suffix - 0_
          - suffixed key columns - {id1_2_0_}

20:19:29.063 [main] DEBUG org.hibernate.loader.entity.plan.EntityLoader - Static select for entity io.swagger.model.BankAccountTransferType [PESSIMISTIC_READ]: select bankaccoun0_.id as id1_2_0_, bankaccoun0_.BIC as BIC2_2_0_, bankaccoun0_.accountNumber as accountN3_2_0_, bankaccoun0_.accountNumberType as accountN4_2_0_, bankaccoun0_.bank as bank5_2_0_, bankaccoun0_.owner as owner6_2_0_ from BankAccountTransferType bankaccoun0_ where bankaccoun0_.id=? lock in share mode
20:19:29.064 [main] DEBUG org.hibernate.loader.plan.build.internal.spaces.QuerySpacesImpl - Adding QuerySpace : uid = <gen:0> -> org.hibernate.loader.plan.build.internal.spaces.EntityQuerySpaceImpl@5a7e81]
20:19:29.064 [main] DEBUG org.hibernate.persister.walking.spi.MetamodelGraphWalker - Visiting attribute path : BIC
20:19:29.064 [main] DEBUG org.hibernate.persister.walking.spi.MetamodelGraphWalker - Visiting attribute path : accountNumber
20:19:29.064 [main] DEBUG org.hibernate.persister.walking.spi.MetamodelGraphWalker - Visiting attribute path : accountNumberType
20:19:29.064 [main] DEBUG org.hibernate.persister.walking.spi.MetamodelGraphWalker - Visiting attribute path : bank
20:19:29.064 [main] DEBUG org.hibernate.persister.walking.spi.MetamodelGraphWalker - Visiting attribute path : owner
20:19:29.064 [main] DEBUG org.hibernate.loader.plan.build.internal.FetchStyleLoadPlanBuildingAssociationVisitationStrategy - Building LoadPlan...
20:19:29.064 [main] DEBUG org.hibernate.loader.plan.exec.internal.LoadQueryJoinAndFetchProcessor - processing queryspace <gen:0>
20:19:29.064 [main] DEBUG org.hibernate.loader.plan.build.spi.LoadPlanTreePrinter - LoadPlan(entity=io.swagger.model.BankAccountTransferType)
    - Returns
       - EntityReturnImpl(entity=io.swagger.model.BankAccountTransferType, querySpaceUid=<gen:0>, path=io.swagger.model.BankAccountTransferType)
    - QuerySpaces
       - EntityQuerySpaceImpl(uid=<gen:0>, entity=io.swagger.model.BankAccountTransferType)
          - SQL table alias mapping - bankaccoun0_
          - alias suffix - 0_
          - suffixed key columns - {id1_2_0_}

20:19:29.064 [main] DEBUG org.hibernate.loader.entity.plan.EntityLoader - Static select for entity io.swagger.model.BankAccountTransferType [PESSIMISTIC_WRITE]: select bankaccoun0_.id as id1_2_0_, bankaccoun0_.BIC as BIC2_2_0_, bankaccoun0_.accountNumber as accountN3_2_0_, bankaccoun0_.accountNumberType as accountN4_2_0_, bankaccoun0_.bank as bank5_2_0_, bankaccoun0_.owner as owner6_2_0_ from BankAccountTransferType bankaccoun0_ where bankaccoun0_.id=? for update
20:19:29.064 [main] DEBUG org.hibernate.loader.plan.build.internal.spaces.QuerySpacesImpl - Adding QuerySpace : uid = <gen:0> -> org.hibernate.loader.plan.build.internal.spaces.EntityQuerySpaceImpl@13ee97af]
20:19:29.064 [main] DEBUG org.hibernate.persister.walking.spi.MetamodelGraphWalker - Visiting attribute path : BIC
20:19:29.065 [main] DEBUG org.hibernate.persister.walking.spi.MetamodelGraphWalker - Visiting attribute path : accountNumber
20:19:29.065 [main] DEBUG org.hibernate.persister.walking.spi.MetamodelGraphWalker - Visiting attribute path : accountNumberType
20:19:29.065 [main] DEBUG org.hibernate.persister.walking.spi.MetamodelGraphWalker - Visiting attribute path : bank
20:19:29.065 [main] DEBUG org.hibernate.persister.walking.spi.MetamodelGraphWalker - Visiting attribute path : owner
20:19:29.065 [main] DEBUG org.hibernate.loader.plan.build.internal.FetchStyleLoadPlanBuildingAssociationVisitationStrategy - Building LoadPlan...
20:19:29.065 [main] DEBUG org.hibernate.loader.plan.exec.internal.LoadQueryJoinAndFetchProcessor - processing queryspace <gen:0>
20:19:29.065 [main] DEBUG org.hibernate.loader.plan.build.spi.LoadPlanTreePrinter - LoadPlan(entity=io.swagger.model.BankAccountTransferType)
    - Returns
       - EntityReturnImpl(entity=io.swagger.model.BankAccountTransferType, querySpaceUid=<gen:0>, path=io.swagger.model.BankAccountTransferType)
    - QuerySpaces
       - EntityQuerySpaceImpl(uid=<gen:0>, entity=io.swagger.model.BankAccountTransferType)
          - SQL table alias mapping - bankaccoun0_
          - alias suffix - 0_
          - suffixed key columns - {id1_2_0_}

20:19:29.065 [main] DEBUG org.hibernate.loader.entity.plan.EntityLoader - Static select for entity io.swagger.model.BankAccountTransferType [PESSIMISTIC_FORCE_INCREMENT]: select bankaccoun0_.id as id1_2_0_, bankaccoun0_.BIC as BIC2_2_0_, bankaccoun0_.accountNumber as accountN3_2_0_, bankaccoun0_.accountNumberType as accountN4_2_0_, bankaccoun0_.bank as bank5_2_0_, bankaccoun0_.owner as owner6_2_0_ from BankAccountTransferType bankaccoun0_ where bankaccoun0_.id=? for update
20:19:29.065 [main] DEBUG org.hibernate.loader.plan.build.internal.spaces.QuerySpacesImpl - Adding QuerySpace : uid = <gen:0> -> org.hibernate.loader.plan.build.internal.spaces.EntityQuerySpaceImpl@341ccfd1]
20:19:29.065 [main] DEBUG org.hibernate.persister.walking.spi.MetamodelGraphWalker - Visiting attribute path : BIC
20:19:29.065 [main] DEBUG org.hibernate.persister.walking.spi.MetamodelGraphWalker - Visiting attribute path : accountNumber
20:19:29.065 [main] DEBUG org.hibernate.persister.walking.spi.MetamodelGraphWalker - Visiting attribute path : accountNumberType
20:19:29.065 [main] DEBUG org.hibernate.persister.walking.spi.MetamodelGraphWalker - Visiting attribute path : bank
20:19:29.066 [main] DEBUG org.hibernate.persister.walking.spi.MetamodelGraphWalker - Visiting attribute path : owner
20:19:29.066 [main] DEBUG org.hibernate.loader.plan.build.internal.FetchStyleLoadPlanBuildingAssociationVisitationStrategy - Building LoadPlan...
20:19:29.066 [main] DEBUG org.hibernate.loader.plan.exec.internal.LoadQueryJoinAndFetchProcessor - processing queryspace <gen:0>
20:19:29.066 [main] DEBUG org.hibernate.loader.plan.build.spi.LoadPlanTreePrinter - LoadPlan(entity=io.swagger.model.BankAccountTransferType)
    - Returns
       - EntityReturnImpl(entity=io.swagger.model.BankAccountTransferType, querySpaceUid=<gen:0>, path=io.swagger.model.BankAccountTransferType)
    - QuerySpaces
       - EntityQuerySpaceImpl(uid=<gen:0>, entity=io.swagger.model.BankAccountTransferType)
          - SQL table alias mapping - bankaccoun0_
          - alias suffix - 0_
          - suffixed key columns - {id1_2_0_}

20:19:29.066 [main] DEBUG org.hibernate.loader.entity.plan.EntityLoader - Static select for entity io.swagger.model.BankAccountTransferType [OPTIMISTIC]: select bankaccoun0_.id as id1_2_0_, bankaccoun0_.BIC as BIC2_2_0_, bankaccoun0_.accountNumber as accountN3_2_0_, bankaccoun0_.accountNumberType as accountN4_2_0_, bankaccoun0_.bank as bank5_2_0_, bankaccoun0_.owner as owner6_2_0_ from BankAccountTransferType bankaccoun0_ where bankaccoun0_.id=?
20:19:29.066 [main] DEBUG org.hibernate.loader.plan.build.internal.spaces.QuerySpacesImpl - Adding QuerySpace : uid = <gen:0> -> org.hibernate.loader.plan.build.internal.spaces.EntityQuerySpaceImpl@3cead673]
20:19:29.066 [main] DEBUG org.hibernate.persister.walking.spi.MetamodelGraphWalker - Visiting attribute path : BIC
20:19:29.066 [main] DEBUG org.hibernate.persister.walking.spi.MetamodelGraphWalker - Visiting attribute path : accountNumber
20:19:29.066 [main] DEBUG org.hibernate.persister.walking.spi.MetamodelGraphWalker - Visiting attribute path : accountNumberType
20:19:29.066 [main] DEBUG org.hibernate.persister.walking.spi.MetamodelGraphWalker - Visiting attribute path : bank
20:19:29.066 [main] DEBUG org.hibernate.persister.walking.spi.MetamodelGraphWalker - Visiting attribute path : owner
20:19:29.066 [main] DEBUG org.hibernate.loader.plan.build.internal.FetchStyleLoadPlanBuildingAssociationVisitationStrategy - Building LoadPlan...
20:19:29.067 [main] DEBUG org.hibernate.loader.plan.exec.internal.LoadQueryJoinAndFetchProcessor - processing queryspace <gen:0>
20:19:29.067 [main] DEBUG org.hibernate.loader.plan.build.spi.LoadPlanTreePrinter - LoadPlan(entity=io.swagger.model.BankAccountTransferType)
    - Returns
       - EntityReturnImpl(entity=io.swagger.model.BankAccountTransferType, querySpaceUid=<gen:0>, path=io.swagger.model.BankAccountTransferType)
    - QuerySpaces
       - EntityQuerySpaceImpl(uid=<gen:0>, entity=io.swagger.model.BankAccountTransferType)
          - SQL table alias mapping - bankaccoun0_
          - alias suffix - 0_
          - suffixed key columns - {id1_2_0_}

20:19:29.067 [main] DEBUG org.hibernate.loader.entity.plan.EntityLoader - Static select for entity io.swagger.model.BankAccountTransferType [OPTIMISTIC_FORCE_INCREMENT]: select bankaccoun0_.id as id1_2_0_, bankaccoun0_.BIC as BIC2_2_0_, bankaccoun0_.accountNumber as accountN3_2_0_, bankaccoun0_.accountNumberType as accountN4_2_0_, bankaccoun0_.bank as bank5_2_0_, bankaccoun0_.owner as owner6_2_0_ from BankAccountTransferType bankaccoun0_ where bankaccoun0_.id=?
20:19:29.067 [main] DEBUG org.hibernate.loader.Loader - Static select for action ACTION_MERGE on entity io.swagger.model.BankAccountTransferType: select bankaccoun0_.id as id1_2_0_, bankaccoun0_.BIC as BIC2_2_0_, bankaccoun0_.accountNumber as accountN3_2_0_, bankaccoun0_.accountNumberType as accountN4_2_0_, bankaccoun0_.bank as bank5_2_0_, bankaccoun0_.owner as owner6_2_0_ from BankAccountTransferType bankaccoun0_ where bankaccoun0_.id=?
20:19:29.067 [main] DEBUG org.hibernate.loader.Loader - Static select for action ACTION_REFRESH on entity io.swagger.model.BankAccountTransferType: select bankaccoun0_.id as id1_2_0_, bankaccoun0_.BIC as BIC2_2_0_, bankaccoun0_.accountNumber as accountN3_2_0_, bankaccoun0_.accountNumberType as accountN4_2_0_, bankaccoun0_.bank as bank5_2_0_, bankaccoun0_.owner as owner6_2_0_ from BankAccountTransferType bankaccoun0_ where bankaccoun0_.id=?
20:19:29.068 [main] DEBUG org.hibernate.persister.entity.AbstractEntityPersister - Static SQL for entity: io.swagger.model.MoneyType
20:19:29.068 [main] DEBUG org.hibernate.persister.entity.AbstractEntityPersister -  Version select: select id from MoneyType where id =?
20:19:29.068 [main] DEBUG org.hibernate.persister.entity.AbstractEntityPersister -  Snapshot select: select moneytype_.id, moneytype_.amount as amount2_9_, moneytype_.units as units3_9_ from MoneyType moneytype_ where moneytype_.id=?
20:19:29.068 [main] DEBUG org.hibernate.persister.entity.AbstractEntityPersister -  Insert 0: insert into MoneyType (amount, units, id) values (?, ?, ?)
20:19:29.068 [main] DEBUG org.hibernate.persister.entity.AbstractEntityPersister -  Update 0: update MoneyType set amount=?, units=? where id=?
20:19:29.068 [main] DEBUG org.hibernate.persister.entity.AbstractEntityPersister -  Delete 0: delete from MoneyType where id=?
20:19:29.068 [main] DEBUG org.hibernate.loader.plan.build.internal.spaces.QuerySpacesImpl - Adding QuerySpace : uid = <gen:0> -> org.hibernate.loader.plan.build.internal.spaces.EntityQuerySpaceImpl@10a0a1e]
20:19:29.068 [main] DEBUG org.hibernate.persister.walking.spi.MetamodelGraphWalker - Visiting attribute path : amount
20:19:29.068 [main] DEBUG org.hibernate.persister.walking.spi.MetamodelGraphWalker - Visiting attribute path : units
20:19:29.068 [main] DEBUG org.hibernate.loader.plan.build.internal.FetchStyleLoadPlanBuildingAssociationVisitationStrategy - Building LoadPlan...
20:19:29.068 [main] DEBUG org.hibernate.loader.plan.exec.internal.LoadQueryJoinAndFetchProcessor - processing queryspace <gen:0>
20:19:29.069 [main] DEBUG org.hibernate.loader.plan.build.spi.LoadPlanTreePrinter - LoadPlan(entity=io.swagger.model.MoneyType)
    - Returns
       - EntityReturnImpl(entity=io.swagger.model.MoneyType, querySpaceUid=<gen:0>, path=io.swagger.model.MoneyType)
    - QuerySpaces
       - EntityQuerySpaceImpl(uid=<gen:0>, entity=io.swagger.model.MoneyType)
          - SQL table alias mapping - moneytype0_
          - alias suffix - 0_
          - suffixed key columns - {id1_9_0_}

20:19:29.069 [main] DEBUG org.hibernate.loader.entity.plan.EntityLoader - Static select for entity io.swagger.model.MoneyType [NONE]: select moneytype0_.id as id1_9_0_, moneytype0_.amount as amount2_9_0_, moneytype0_.units as units3_9_0_ from MoneyType moneytype0_ where moneytype0_.id=?
20:19:29.069 [main] DEBUG org.hibernate.loader.plan.build.internal.spaces.QuerySpacesImpl - Adding QuerySpace : uid = <gen:0> -> org.hibernate.loader.plan.build.internal.spaces.EntityQuerySpaceImpl@4345fd45]
20:19:29.069 [main] DEBUG org.hibernate.persister.walking.spi.MetamodelGraphWalker - Visiting attribute path : amount
20:19:29.069 [main] DEBUG org.hibernate.persister.walking.spi.MetamodelGraphWalker - Visiting attribute path : units
20:19:29.069 [main] DEBUG org.hibernate.loader.plan.build.internal.FetchStyleLoadPlanBuildingAssociationVisitationStrategy - Building LoadPlan...
20:19:29.069 [main] DEBUG org.hibernate.loader.plan.exec.internal.LoadQueryJoinAndFetchProcessor - processing queryspace <gen:0>
20:19:29.069 [main] DEBUG org.hibernate.loader.plan.build.spi.LoadPlanTreePrinter - LoadPlan(entity=io.swagger.model.MoneyType)
    - Returns
       - EntityReturnImpl(entity=io.swagger.model.MoneyType, querySpaceUid=<gen:0>, path=io.swagger.model.MoneyType)
    - QuerySpaces
       - EntityQuerySpaceImpl(uid=<gen:0>, entity=io.swagger.model.MoneyType)
          - SQL table alias mapping - moneytype0_
          - alias suffix - 0_
          - suffixed key columns - {id1_9_0_}

20:19:29.070 [main] DEBUG org.hibernate.loader.entity.plan.EntityLoader - Static select for entity io.swagger.model.MoneyType [READ]: select moneytype0_.id as id1_9_0_, moneytype0_.amount as amount2_9_0_, moneytype0_.units as units3_9_0_ from MoneyType moneytype0_ where moneytype0_.id=?
20:19:29.070 [main] DEBUG org.hibernate.loader.plan.build.internal.spaces.QuerySpacesImpl - Adding QuerySpace : uid = <gen:0> -> org.hibernate.loader.plan.build.internal.spaces.EntityQuerySpaceImpl@10d905c1]
20:19:29.070 [main] DEBUG org.hibernate.persister.walking.spi.MetamodelGraphWalker - Visiting attribute path : amount
20:19:29.070 [main] DEBUG org.hibernate.persister.walking.spi.MetamodelGraphWalker - Visiting attribute path : units
20:19:29.070 [main] DEBUG org.hibernate.loader.plan.build.internal.FetchStyleLoadPlanBuildingAssociationVisitationStrategy - Building LoadPlan...
20:19:29.070 [main] DEBUG org.hibernate.loader.plan.exec.internal.LoadQueryJoinAndFetchProcessor - processing queryspace <gen:0>
20:19:29.070 [main] DEBUG org.hibernate.loader.plan.build.spi.LoadPlanTreePrinter - LoadPlan(entity=io.swagger.model.MoneyType)
    - Returns
       - EntityReturnImpl(entity=io.swagger.model.MoneyType, querySpaceUid=<gen:0>, path=io.swagger.model.MoneyType)
    - QuerySpaces
       - EntityQuerySpaceImpl(uid=<gen:0>, entity=io.swagger.model.MoneyType)
          - SQL table alias mapping - moneytype0_
          - alias suffix - 0_
          - suffixed key columns - {id1_9_0_}

20:19:29.070 [main] DEBUG org.hibernate.loader.entity.plan.EntityLoader - Static select for entity io.swagger.model.MoneyType [UPGRADE]: select moneytype0_.id as id1_9_0_, moneytype0_.amount as amount2_9_0_, moneytype0_.units as units3_9_0_ from MoneyType moneytype0_ where moneytype0_.id=? for update
20:19:29.070 [main] DEBUG org.hibernate.loader.plan.build.internal.spaces.QuerySpacesImpl - Adding QuerySpace : uid = <gen:0> -> org.hibernate.loader.plan.build.internal.spaces.EntityQuerySpaceImpl@62883f8a]
20:19:29.070 [main] DEBUG org.hibernate.persister.walking.spi.MetamodelGraphWalker - Visiting attribute path : amount
20:19:29.070 [main] DEBUG org.hibernate.persister.walking.spi.MetamodelGraphWalker - Visiting attribute path : units
20:19:29.071 [main] DEBUG org.hibernate.loader.plan.build.internal.FetchStyleLoadPlanBuildingAssociationVisitationStrategy - Building LoadPlan...
20:19:29.071 [main] DEBUG org.hibernate.loader.plan.exec.internal.LoadQueryJoinAndFetchProcessor - processing queryspace <gen:0>
20:19:29.071 [main] DEBUG org.hibernate.loader.plan.build.spi.LoadPlanTreePrinter - LoadPlan(entity=io.swagger.model.MoneyType)
    - Returns
       - EntityReturnImpl(entity=io.swagger.model.MoneyType, querySpaceUid=<gen:0>, path=io.swagger.model.MoneyType)
    - QuerySpaces
       - EntityQuerySpaceImpl(uid=<gen:0>, entity=io.swagger.model.MoneyType)
          - SQL table alias mapping - moneytype0_
          - alias suffix - 0_
          - suffixed key columns - {id1_9_0_}

20:19:29.071 [main] DEBUG org.hibernate.loader.entity.plan.EntityLoader - Static select for entity io.swagger.model.MoneyType [UPGRADE_NOWAIT]: select moneytype0_.id as id1_9_0_, moneytype0_.amount as amount2_9_0_, moneytype0_.units as units3_9_0_ from MoneyType moneytype0_ where moneytype0_.id=? for update
20:19:29.071 [main] DEBUG org.hibernate.loader.plan.build.internal.spaces.QuerySpacesImpl - Adding QuerySpace : uid = <gen:0> -> org.hibernate.loader.plan.build.internal.spaces.EntityQuerySpaceImpl@6e49b011]
20:19:29.071 [main] DEBUG org.hibernate.persister.walking.spi.MetamodelGraphWalker - Visiting attribute path : amount
20:19:29.071 [main] DEBUG org.hibernate.persister.walking.spi.MetamodelGraphWalker - Visiting attribute path : units
20:19:29.071 [main] DEBUG org.hibernate.loader.plan.build.internal.FetchStyleLoadPlanBuildingAssociationVisitationStrategy - Building LoadPlan...
20:19:29.071 [main] DEBUG org.hibernate.loader.plan.exec.internal.LoadQueryJoinAndFetchProcessor - processing queryspace <gen:0>
20:19:29.072 [main] DEBUG org.hibernate.loader.plan.build.spi.LoadPlanTreePrinter - LoadPlan(entity=io.swagger.model.MoneyType)
    - Returns
       - EntityReturnImpl(entity=io.swagger.model.MoneyType, querySpaceUid=<gen:0>, path=io.swagger.model.MoneyType)
    - QuerySpaces
       - EntityQuerySpaceImpl(uid=<gen:0>, entity=io.swagger.model.MoneyType)
          - SQL table alias mapping - moneytype0_
          - alias suffix - 0_
          - suffixed key columns - {id1_9_0_}

20:19:29.072 [main] DEBUG org.hibernate.loader.entity.plan.EntityLoader - Static select for entity io.swagger.model.MoneyType [UPGRADE_SKIPLOCKED]: select moneytype0_.id as id1_9_0_, moneytype0_.amount as amount2_9_0_, moneytype0_.units as units3_9_0_ from MoneyType moneytype0_ where moneytype0_.id=? for update
20:19:29.072 [main] DEBUG org.hibernate.loader.plan.build.internal.spaces.QuerySpacesImpl - Adding QuerySpace : uid = <gen:0> -> org.hibernate.loader.plan.build.internal.spaces.EntityQuerySpaceImpl@19a7906c]
20:19:29.072 [main] DEBUG org.hibernate.persister.walking.spi.MetamodelGraphWalker - Visiting attribute path : amount
20:19:29.072 [main] DEBUG org.hibernate.persister.walking.spi.MetamodelGraphWalker - Visiting attribute path : units
20:19:29.072 [main] DEBUG org.hibernate.loader.plan.build.internal.FetchStyleLoadPlanBuildingAssociationVisitationStrategy - Building LoadPlan...
20:19:29.072 [main] DEBUG org.hibernate.loader.plan.exec.internal.LoadQueryJoinAndFetchProcessor - processing queryspace <gen:0>
20:19:29.072 [main] DEBUG org.hibernate.loader.plan.build.spi.LoadPlanTreePrinter - LoadPlan(entity=io.swagger.model.MoneyType)
    - Returns
       - EntityReturnImpl(entity=io.swagger.model.MoneyType, querySpaceUid=<gen:0>, path=io.swagger.model.MoneyType)
    - QuerySpaces
       - EntityQuerySpaceImpl(uid=<gen:0>, entity=io.swagger.model.MoneyType)
          - SQL table alias mapping - moneytype0_
          - alias suffix - 0_
          - suffixed key columns - {id1_9_0_}

20:19:29.073 [main] DEBUG org.hibernate.loader.entity.plan.EntityLoader - Static select for entity io.swagger.model.MoneyType [FORCE]: select moneytype0_.id as id1_9_0_, moneytype0_.amount as amount2_9_0_, moneytype0_.units as units3_9_0_ from MoneyType moneytype0_ where moneytype0_.id=? for update
20:19:29.073 [main] DEBUG org.hibernate.loader.plan.build.internal.spaces.QuerySpacesImpl - Adding QuerySpace : uid = <gen:0> -> org.hibernate.loader.plan.build.internal.spaces.EntityQuerySpaceImpl@3e4f2300]
20:19:29.073 [main] DEBUG org.hibernate.persister.walking.spi.MetamodelGraphWalker - Visiting attribute path : amount
20:19:29.073 [main] DEBUG org.hibernate.persister.walking.spi.MetamodelGraphWalker - Visiting attribute path : units
20:19:29.073 [main] DEBUG org.hibernate.loader.plan.build.internal.FetchStyleLoadPlanBuildingAssociationVisitationStrategy - Building LoadPlan...
20:19:29.073 [main] DEBUG org.hibernate.loader.plan.exec.internal.LoadQueryJoinAndFetchProcessor - processing queryspace <gen:0>
20:19:29.073 [main] DEBUG org.hibernate.loader.plan.build.spi.LoadPlanTreePrinter - LoadPlan(entity=io.swagger.model.MoneyType)
    - Returns
       - EntityReturnImpl(entity=io.swagger.model.MoneyType, querySpaceUid=<gen:0>, path=io.swagger.model.MoneyType)
    - QuerySpaces
       - EntityQuerySpaceImpl(uid=<gen:0>, entity=io.swagger.model.MoneyType)
          - SQL table alias mapping - moneytype0_
          - alias suffix - 0_
          - suffixed key columns - {id1_9_0_}

20:19:29.073 [main] DEBUG org.hibernate.loader.entity.plan.EntityLoader - Static select for entity io.swagger.model.MoneyType [PESSIMISTIC_READ]: select moneytype0_.id as id1_9_0_, moneytype0_.amount as amount2_9_0_, moneytype0_.units as units3_9_0_ from MoneyType moneytype0_ where moneytype0_.id=? lock in share mode
20:19:29.073 [main] DEBUG org.hibernate.loader.plan.build.internal.spaces.QuerySpacesImpl - Adding QuerySpace : uid = <gen:0> -> org.hibernate.loader.plan.build.internal.spaces.EntityQuerySpaceImpl@25e6c22a]
20:19:29.073 [main] DEBUG org.hibernate.persister.walking.spi.MetamodelGraphWalker - Visiting attribute path : amount
20:19:29.073 [main] DEBUG org.hibernate.persister.walking.spi.MetamodelGraphWalker - Visiting attribute path : units
20:19:29.074 [main] DEBUG org.hibernate.loader.plan.build.internal.FetchStyleLoadPlanBuildingAssociationVisitationStrategy - Building LoadPlan...
20:19:29.074 [main] DEBUG org.hibernate.loader.plan.exec.internal.LoadQueryJoinAndFetchProcessor - processing queryspace <gen:0>
20:19:29.074 [main] DEBUG org.hibernate.loader.plan.build.spi.LoadPlanTreePrinter - LoadPlan(entity=io.swagger.model.MoneyType)
    - Returns
       - EntityReturnImpl(entity=io.swagger.model.MoneyType, querySpaceUid=<gen:0>, path=io.swagger.model.MoneyType)
    - QuerySpaces
       - EntityQuerySpaceImpl(uid=<gen:0>, entity=io.swagger.model.MoneyType)
          - SQL table alias mapping - moneytype0_
          - alias suffix - 0_
          - suffixed key columns - {id1_9_0_}

20:19:29.074 [main] DEBUG org.hibernate.loader.entity.plan.EntityLoader - Static select for entity io.swagger.model.MoneyType [PESSIMISTIC_WRITE]: select moneytype0_.id as id1_9_0_, moneytype0_.amount as amount2_9_0_, moneytype0_.units as units3_9_0_ from MoneyType moneytype0_ where moneytype0_.id=? for update
20:19:29.074 [main] DEBUG org.hibernate.loader.plan.build.internal.spaces.QuerySpacesImpl - Adding QuerySpace : uid = <gen:0> -> org.hibernate.loader.plan.build.internal.spaces.EntityQuerySpaceImpl@516c20de]
20:19:29.074 [main] DEBUG org.hibernate.persister.walking.spi.MetamodelGraphWalker - Visiting attribute path : amount
20:19:29.074 [main] DEBUG org.hibernate.persister.walking.spi.MetamodelGraphWalker - Visiting attribute path : units
20:19:29.074 [main] DEBUG org.hibernate.loader.plan.build.internal.FetchStyleLoadPlanBuildingAssociationVisitationStrategy - Building LoadPlan...
20:19:29.074 [main] DEBUG org.hibernate.loader.plan.exec.internal.LoadQueryJoinAndFetchProcessor - processing queryspace <gen:0>
20:19:29.075 [main] DEBUG org.hibernate.loader.plan.build.spi.LoadPlanTreePrinter - LoadPlan(entity=io.swagger.model.MoneyType)
    - Returns
       - EntityReturnImpl(entity=io.swagger.model.MoneyType, querySpaceUid=<gen:0>, path=io.swagger.model.MoneyType)
    - QuerySpaces
       - EntityQuerySpaceImpl(uid=<gen:0>, entity=io.swagger.model.MoneyType)
          - SQL table alias mapping - moneytype0_
          - alias suffix - 0_
          - suffixed key columns - {id1_9_0_}

20:19:29.075 [main] DEBUG org.hibernate.loader.entity.plan.EntityLoader - Static select for entity io.swagger.model.MoneyType [PESSIMISTIC_FORCE_INCREMENT]: select moneytype0_.id as id1_9_0_, moneytype0_.amount as amount2_9_0_, moneytype0_.units as units3_9_0_ from MoneyType moneytype0_ where moneytype0_.id=? for update
20:19:29.075 [main] DEBUG org.hibernate.loader.plan.build.internal.spaces.QuerySpacesImpl - Adding QuerySpace : uid = <gen:0> -> org.hibernate.loader.plan.build.internal.spaces.EntityQuerySpaceImpl@7a62d697]
20:19:29.075 [main] DEBUG org.hibernate.persister.walking.spi.MetamodelGraphWalker - Visiting attribute path : amount
20:19:29.075 [main] DEBUG org.hibernate.persister.walking.spi.MetamodelGraphWalker - Visiting attribute path : units
20:19:29.075 [main] DEBUG org.hibernate.loader.plan.build.internal.FetchStyleLoadPlanBuildingAssociationVisitationStrategy - Building LoadPlan...
20:19:29.075 [main] DEBUG org.hibernate.loader.plan.exec.internal.LoadQueryJoinAndFetchProcessor - processing queryspace <gen:0>
20:19:29.076 [main] DEBUG org.hibernate.loader.plan.build.spi.LoadPlanTreePrinter - LoadPlan(entity=io.swagger.model.MoneyType)
    - Returns
       - EntityReturnImpl(entity=io.swagger.model.MoneyType, querySpaceUid=<gen:0>, path=io.swagger.model.MoneyType)
    - QuerySpaces
       - EntityQuerySpaceImpl(uid=<gen:0>, entity=io.swagger.model.MoneyType)
          - SQL table alias mapping - moneytype0_
          - alias suffix - 0_
          - suffixed key columns - {id1_9_0_}

20:19:29.076 [main] DEBUG org.hibernate.loader.entity.plan.EntityLoader - Static select for entity io.swagger.model.MoneyType [OPTIMISTIC]: select moneytype0_.id as id1_9_0_, moneytype0_.amount as amount2_9_0_, moneytype0_.units as units3_9_0_ from MoneyType moneytype0_ where moneytype0_.id=?
20:19:29.076 [main] DEBUG org.hibernate.loader.plan.build.internal.spaces.QuerySpacesImpl - Adding QuerySpace : uid = <gen:0> -> org.hibernate.loader.plan.build.internal.spaces.EntityQuerySpaceImpl@3e01796a]
20:19:29.076 [main] DEBUG org.hibernate.persister.walking.spi.MetamodelGraphWalker - Visiting attribute path : amount
20:19:29.076 [main] DEBUG org.hibernate.persister.walking.spi.MetamodelGraphWalker - Visiting attribute path : units
20:19:29.076 [main] DEBUG org.hibernate.loader.plan.build.internal.FetchStyleLoadPlanBuildingAssociationVisitationStrategy - Building LoadPlan...
20:19:29.076 [main] DEBUG org.hibernate.loader.plan.exec.internal.LoadQueryJoinAndFetchProcessor - processing queryspace <gen:0>
20:19:29.076 [main] DEBUG org.hibernate.loader.plan.build.spi.LoadPlanTreePrinter - LoadPlan(entity=io.swagger.model.MoneyType)
    - Returns
       - EntityReturnImpl(entity=io.swagger.model.MoneyType, querySpaceUid=<gen:0>, path=io.swagger.model.MoneyType)
    - QuerySpaces
       - EntityQuerySpaceImpl(uid=<gen:0>, entity=io.swagger.model.MoneyType)
          - SQL table alias mapping - moneytype0_
          - alias suffix - 0_
          - suffixed key columns - {id1_9_0_}

20:19:29.077 [main] DEBUG org.hibernate.loader.entity.plan.EntityLoader - Static select for entity io.swagger.model.MoneyType [OPTIMISTIC_FORCE_INCREMENT]: select moneytype0_.id as id1_9_0_, moneytype0_.amount as amount2_9_0_, moneytype0_.units as units3_9_0_ from MoneyType moneytype0_ where moneytype0_.id=?
20:19:29.077 [main] DEBUG org.hibernate.loader.Loader - Static select for action ACTION_MERGE on entity io.swagger.model.MoneyType: select moneytype0_.id as id1_9_0_, moneytype0_.amount as amount2_9_0_, moneytype0_.units as units3_9_0_ from MoneyType moneytype0_ where moneytype0_.id=?
20:19:29.077 [main] DEBUG org.hibernate.loader.Loader - Static select for action ACTION_REFRESH on entity io.swagger.model.MoneyType: select moneytype0_.id as id1_9_0_, moneytype0_.amount as amount2_9_0_, moneytype0_.units as units3_9_0_ from MoneyType moneytype0_ where moneytype0_.id=?
20:19:29.077 [main] DEBUG org.hibernate.persister.entity.AbstractEntityPersister - Static SQL for entity: io.swagger.model.PaymentRefType
20:19:29.077 [main] DEBUG org.hibernate.persister.entity.AbstractEntityPersister -  Version select: select id from PaymentRefType where id =?
20:19:29.077 [main] DEBUG org.hibernate.persister.entity.AbstractEntityPersister -  Snapshot select: select paymentref_.id, paymentref_.description as descript2_13_, paymentref_.href as href3_13_, paymentref_.name as name4_13_ from PaymentRefType paymentref_ where paymentref_.id=?
20:19:29.077 [main] DEBUG org.hibernate.persister.entity.AbstractEntityPersister -  Insert 0: insert into PaymentRefType (description, href, name, id) values (?, ?, ?, ?)
20:19:29.077 [main] DEBUG org.hibernate.persister.entity.AbstractEntityPersister -  Update 0: update PaymentRefType set description=?, href=?, name=? where id=?
20:19:29.077 [main] DEBUG org.hibernate.persister.entity.AbstractEntityPersister -  Delete 0: delete from PaymentRefType where id=?
20:19:29.078 [main] DEBUG org.hibernate.loader.plan.build.internal.spaces.QuerySpacesImpl - Adding QuerySpace : uid = <gen:0> -> org.hibernate.loader.plan.build.internal.spaces.EntityQuerySpaceImpl@e91facf]
20:19:29.078 [main] DEBUG org.hibernate.persister.walking.spi.MetamodelGraphWalker - Visiting attribute path : description
20:19:29.078 [main] DEBUG org.hibernate.persister.walking.spi.MetamodelGraphWalker - Visiting attribute path : href
20:19:29.078 [main] DEBUG org.hibernate.persister.walking.spi.MetamodelGraphWalker - Visiting attribute path : name
20:19:29.078 [main] DEBUG org.hibernate.loader.plan.build.internal.FetchStyleLoadPlanBuildingAssociationVisitationStrategy - Building LoadPlan...
20:19:29.078 [main] DEBUG org.hibernate.loader.plan.exec.internal.LoadQueryJoinAndFetchProcessor - processing queryspace <gen:0>
20:19:29.078 [main] DEBUG org.hibernate.loader.plan.build.spi.LoadPlanTreePrinter - LoadPlan(entity=io.swagger.model.PaymentRefType)
    - Returns
       - EntityReturnImpl(entity=io.swagger.model.PaymentRefType, querySpaceUid=<gen:0>, path=io.swagger.model.PaymentRefType)
    - QuerySpaces
       - EntityQuerySpaceImpl(uid=<gen:0>, entity=io.swagger.model.PaymentRefType)
          - SQL table alias mapping - paymentref0_
          - alias suffix - 0_
          - suffixed key columns - {id1_13_0_}

20:19:29.078 [main] DEBUG org.hibernate.loader.entity.plan.EntityLoader - Static select for entity io.swagger.model.PaymentRefType [NONE]: select paymentref0_.id as id1_13_0_, paymentref0_.description as descript2_13_0_, paymentref0_.href as href3_13_0_, paymentref0_.name as name4_13_0_ from PaymentRefType paymentref0_ where paymentref0_.id=?
20:19:29.079 [main] DEBUG org.hibernate.loader.plan.build.internal.spaces.QuerySpacesImpl - Adding QuerySpace : uid = <gen:0> -> org.hibernate.loader.plan.build.internal.spaces.EntityQuerySpaceImpl@6bf0f70a]
20:19:29.079 [main] DEBUG org.hibernate.persister.walking.spi.MetamodelGraphWalker - Visiting attribute path : description
20:19:29.079 [main] DEBUG org.hibernate.persister.walking.spi.MetamodelGraphWalker - Visiting attribute path : href
20:19:29.079 [main] DEBUG org.hibernate.persister.walking.spi.MetamodelGraphWalker - Visiting attribute path : name
20:19:29.079 [main] DEBUG org.hibernate.loader.plan.build.internal.FetchStyleLoadPlanBuildingAssociationVisitationStrategy - Building LoadPlan...
20:19:29.079 [main] DEBUG org.hibernate.loader.plan.exec.internal.LoadQueryJoinAndFetchProcessor - processing queryspace <gen:0>
20:19:29.079 [main] DEBUG org.hibernate.loader.plan.build.spi.LoadPlanTreePrinter - LoadPlan(entity=io.swagger.model.PaymentRefType)
    - Returns
       - EntityReturnImpl(entity=io.swagger.model.PaymentRefType, querySpaceUid=<gen:0>, path=io.swagger.model.PaymentRefType)
    - QuerySpaces
       - EntityQuerySpaceImpl(uid=<gen:0>, entity=io.swagger.model.PaymentRefType)
          - SQL table alias mapping - paymentref0_
          - alias suffix - 0_
          - suffixed key columns - {id1_13_0_}

20:19:29.079 [main] DEBUG org.hibernate.loader.entity.plan.EntityLoader - Static select for entity io.swagger.model.PaymentRefType [READ]: select paymentref0_.id as id1_13_0_, paymentref0_.description as descript2_13_0_, paymentref0_.href as href3_13_0_, paymentref0_.name as name4_13_0_ from PaymentRefType paymentref0_ where paymentref0_.id=?
20:19:29.079 [main] DEBUG org.hibernate.loader.plan.build.internal.spaces.QuerySpacesImpl - Adding QuerySpace : uid = <gen:0> -> org.hibernate.loader.plan.build.internal.spaces.EntityQuerySpaceImpl@52d63b7e]
20:19:29.080 [main] DEBUG org.hibernate.persister.walking.spi.MetamodelGraphWalker - Visiting attribute path : description
20:19:29.080 [main] DEBUG org.hibernate.persister.walking.spi.MetamodelGraphWalker - Visiting attribute path : href
20:19:29.080 [main] DEBUG org.hibernate.persister.walking.spi.MetamodelGraphWalker - Visiting attribute path : name
20:19:29.080 [main] DEBUG org.hibernate.loader.plan.build.internal.FetchStyleLoadPlanBuildingAssociationVisitationStrategy - Building LoadPlan...
20:19:29.080 [main] DEBUG org.hibernate.loader.plan.exec.internal.LoadQueryJoinAndFetchProcessor - processing queryspace <gen:0>
20:19:29.080 [main] DEBUG org.hibernate.loader.plan.build.spi.LoadPlanTreePrinter - LoadPlan(entity=io.swagger.model.PaymentRefType)
    - Returns
       - EntityReturnImpl(entity=io.swagger.model.PaymentRefType, querySpaceUid=<gen:0>, path=io.swagger.model.PaymentRefType)
    - QuerySpaces
       - EntityQuerySpaceImpl(uid=<gen:0>, entity=io.swagger.model.PaymentRefType)
          - SQL table alias mapping - paymentref0_
          - alias suffix - 0_
          - suffixed key columns - {id1_13_0_}

20:19:29.080 [main] DEBUG org.hibernate.loader.entity.plan.EntityLoader - Static select for entity io.swagger.model.PaymentRefType [UPGRADE]: select paymentref0_.id as id1_13_0_, paymentref0_.description as descript2_13_0_, paymentref0_.href as href3_13_0_, paymentref0_.name as name4_13_0_ from PaymentRefType paymentref0_ where paymentref0_.id=? for update
20:19:29.080 [main] DEBUG org.hibernate.loader.plan.build.internal.spaces.QuerySpacesImpl - Adding QuerySpace : uid = <gen:0> -> org.hibernate.loader.plan.build.internal.spaces.EntityQuerySpaceImpl@1827fc4e]
20:19:29.080 [main] DEBUG org.hibernate.persister.walking.spi.MetamodelGraphWalker - Visiting attribute path : description
20:19:29.080 [main] DEBUG org.hibernate.persister.walking.spi.MetamodelGraphWalker - Visiting attribute path : href
20:19:29.080 [main] DEBUG org.hibernate.persister.walking.spi.MetamodelGraphWalker - Visiting attribute path : name
20:19:29.081 [main] DEBUG org.hibernate.loader.plan.build.internal.FetchStyleLoadPlanBuildingAssociationVisitationStrategy - Building LoadPlan...
20:19:29.081 [main] DEBUG org.hibernate.loader.plan.exec.internal.LoadQueryJoinAndFetchProcessor - processing queryspace <gen:0>
20:19:29.081 [main] DEBUG org.hibernate.loader.plan.build.spi.LoadPlanTreePrinter - LoadPlan(entity=io.swagger.model.PaymentRefType)
    - Returns
       - EntityReturnImpl(entity=io.swagger.model.PaymentRefType, querySpaceUid=<gen:0>, path=io.swagger.model.PaymentRefType)
    - QuerySpaces
       - EntityQuerySpaceImpl(uid=<gen:0>, entity=io.swagger.model.PaymentRefType)
          - SQL table alias mapping - paymentref0_
          - alias suffix - 0_
          - suffixed key columns - {id1_13_0_}

20:19:29.081 [main] DEBUG org.hibernate.loader.entity.plan.EntityLoader - Static select for entity io.swagger.model.PaymentRefType [UPGRADE_NOWAIT]: select paymentref0_.id as id1_13_0_, paymentref0_.description as descript2_13_0_, paymentref0_.href as href3_13_0_, paymentref0_.name as name4_13_0_ from PaymentRefType paymentref0_ where paymentref0_.id=? for update
20:19:29.081 [main] DEBUG org.hibernate.loader.plan.build.internal.spaces.QuerySpacesImpl - Adding QuerySpace : uid = <gen:0> -> org.hibernate.loader.plan.build.internal.spaces.EntityQuerySpaceImpl@2faf6e4a]
20:19:29.081 [main] DEBUG org.hibernate.persister.walking.spi.MetamodelGraphWalker - Visiting attribute path : description
20:19:29.081 [main] DEBUG org.hibernate.persister.walking.spi.MetamodelGraphWalker - Visiting attribute path : href
20:19:29.081 [main] DEBUG org.hibernate.persister.walking.spi.MetamodelGraphWalker - Visiting attribute path : name
20:19:29.081 [main] DEBUG org.hibernate.loader.plan.build.internal.FetchStyleLoadPlanBuildingAssociationVisitationStrategy - Building LoadPlan...
20:19:29.081 [main] DEBUG org.hibernate.loader.plan.exec.internal.LoadQueryJoinAndFetchProcessor - processing queryspace <gen:0>
20:19:29.082 [main] DEBUG org.hibernate.loader.plan.build.spi.LoadPlanTreePrinter - LoadPlan(entity=io.swagger.model.PaymentRefType)
    - Returns
       - EntityReturnImpl(entity=io.swagger.model.PaymentRefType, querySpaceUid=<gen:0>, path=io.swagger.model.PaymentRefType)
    - QuerySpaces
       - EntityQuerySpaceImpl(uid=<gen:0>, entity=io.swagger.model.PaymentRefType)
          - SQL table alias mapping - paymentref0_
          - alias suffix - 0_
          - suffixed key columns - {id1_13_0_}

20:19:29.082 [main] DEBUG org.hibernate.loader.entity.plan.EntityLoader - Static select for entity io.swagger.model.PaymentRefType [UPGRADE_SKIPLOCKED]: select paymentref0_.id as id1_13_0_, paymentref0_.description as descript2_13_0_, paymentref0_.href as href3_13_0_, paymentref0_.name as name4_13_0_ from PaymentRefType paymentref0_ where paymentref0_.id=? for update
20:19:29.082 [main] DEBUG org.hibernate.loader.plan.build.internal.spaces.QuerySpacesImpl - Adding QuerySpace : uid = <gen:0> -> org.hibernate.loader.plan.build.internal.spaces.EntityQuerySpaceImpl@644947ee]
20:19:29.082 [main] DEBUG org.hibernate.persister.walking.spi.MetamodelGraphWalker - Visiting attribute path : description
20:19:29.082 [main] DEBUG org.hibernate.persister.walking.spi.MetamodelGraphWalker - Visiting attribute path : href
20:19:29.082 [main] DEBUG org.hibernate.persister.walking.spi.MetamodelGraphWalker - Visiting attribute path : name
20:19:29.082 [main] DEBUG org.hibernate.loader.plan.build.internal.FetchStyleLoadPlanBuildingAssociationVisitationStrategy - Building LoadPlan...
20:19:29.082 [main] DEBUG org.hibernate.loader.plan.exec.internal.LoadQueryJoinAndFetchProcessor - processing queryspace <gen:0>
20:19:29.083 [main] DEBUG org.hibernate.loader.plan.build.spi.LoadPlanTreePrinter - LoadPlan(entity=io.swagger.model.PaymentRefType)
    - Returns
       - EntityReturnImpl(entity=io.swagger.model.PaymentRefType, querySpaceUid=<gen:0>, path=io.swagger.model.PaymentRefType)
    - QuerySpaces
       - EntityQuerySpaceImpl(uid=<gen:0>, entity=io.swagger.model.PaymentRefType)
          - SQL table alias mapping - paymentref0_
          - alias suffix - 0_
          - suffixed key columns - {id1_13_0_}

20:19:29.083 [main] DEBUG org.hibernate.loader.entity.plan.EntityLoader - Static select for entity io.swagger.model.PaymentRefType [FORCE]: select paymentref0_.id as id1_13_0_, paymentref0_.description as descript2_13_0_, paymentref0_.href as href3_13_0_, paymentref0_.name as name4_13_0_ from PaymentRefType paymentref0_ where paymentref0_.id=? for update
20:19:29.083 [main] DEBUG org.hibernate.loader.plan.build.internal.spaces.QuerySpacesImpl - Adding QuerySpace : uid = <gen:0> -> org.hibernate.loader.plan.build.internal.spaces.EntityQuerySpaceImpl@714bffd5]
20:19:29.083 [main] DEBUG org.hibernate.persister.walking.spi.MetamodelGraphWalker - Visiting attribute path : description
20:19:29.083 [main] DEBUG org.hibernate.persister.walking.spi.MetamodelGraphWalker - Visiting attribute path : href
20:19:29.083 [main] DEBUG org.hibernate.persister.walking.spi.MetamodelGraphWalker - Visiting attribute path : name
20:19:29.083 [main] DEBUG org.hibernate.loader.plan.build.internal.FetchStyleLoadPlanBuildingAssociationVisitationStrategy - Building LoadPlan...
20:19:29.083 [main] DEBUG org.hibernate.loader.plan.exec.internal.LoadQueryJoinAndFetchProcessor - processing queryspace <gen:0>
20:19:29.083 [main] DEBUG org.hibernate.loader.plan.build.spi.LoadPlanTreePrinter - LoadPlan(entity=io.swagger.model.PaymentRefType)
    - Returns
       - EntityReturnImpl(entity=io.swagger.model.PaymentRefType, querySpaceUid=<gen:0>, path=io.swagger.model.PaymentRefType)
    - QuerySpaces
       - EntityQuerySpaceImpl(uid=<gen:0>, entity=io.swagger.model.PaymentRefType)
          - SQL table alias mapping - paymentref0_
          - alias suffix - 0_
          - suffixed key columns - {id1_13_0_}

20:19:29.084 [main] DEBUG org.hibernate.loader.entity.plan.EntityLoader - Static select for entity io.swagger.model.PaymentRefType [PESSIMISTIC_READ]: select paymentref0_.id as id1_13_0_, paymentref0_.description as descript2_13_0_, paymentref0_.href as href3_13_0_, paymentref0_.name as name4_13_0_ from PaymentRefType paymentref0_ where paymentref0_.id=? lock in share mode
20:19:29.084 [main] DEBUG org.hibernate.loader.plan.build.internal.spaces.QuerySpacesImpl - Adding QuerySpace : uid = <gen:0> -> org.hibernate.loader.plan.build.internal.spaces.EntityQuerySpaceImpl@4491eaeb]
20:19:29.084 [main] DEBUG org.hibernate.persister.walking.spi.MetamodelGraphWalker - Visiting attribute path : description
20:19:29.084 [main] DEBUG org.hibernate.persister.walking.spi.MetamodelGraphWalker - Visiting attribute path : href
20:19:29.084 [main] DEBUG org.hibernate.persister.walking.spi.MetamodelGraphWalker - Visiting attribute path : name
20:19:29.084 [main] DEBUG org.hibernate.loader.plan.build.internal.FetchStyleLoadPlanBuildingAssociationVisitationStrategy - Building LoadPlan...
20:19:29.084 [main] DEBUG org.hibernate.loader.plan.exec.internal.LoadQueryJoinAndFetchProcessor - processing queryspace <gen:0>
20:19:29.084 [main] DEBUG org.hibernate.loader.plan.build.spi.LoadPlanTreePrinter - LoadPlan(entity=io.swagger.model.PaymentRefType)
    - Returns
       - EntityReturnImpl(entity=io.swagger.model.PaymentRefType, querySpaceUid=<gen:0>, path=io.swagger.model.PaymentRefType)
    - QuerySpaces
       - EntityQuerySpaceImpl(uid=<gen:0>, entity=io.swagger.model.PaymentRefType)
          - SQL table alias mapping - paymentref0_
          - alias suffix - 0_
          - suffixed key columns - {id1_13_0_}

20:19:29.084 [main] DEBUG org.hibernate.loader.entity.plan.EntityLoader - Static select for entity io.swagger.model.PaymentRefType [PESSIMISTIC_WRITE]: select paymentref0_.id as id1_13_0_, paymentref0_.description as descript2_13_0_, paymentref0_.href as href3_13_0_, paymentref0_.name as name4_13_0_ from PaymentRefType paymentref0_ where paymentref0_.id=? for update
20:19:29.084 [main] DEBUG org.hibernate.loader.plan.build.internal.spaces.QuerySpacesImpl - Adding QuerySpace : uid = <gen:0> -> org.hibernate.loader.plan.build.internal.spaces.EntityQuerySpaceImpl@5f3ddc86]
20:19:29.085 [main] DEBUG org.hibernate.persister.walking.spi.MetamodelGraphWalker - Visiting attribute path : description
20:19:29.085 [main] DEBUG org.hibernate.persister.walking.spi.MetamodelGraphWalker - Visiting attribute path : href
20:19:29.085 [main] DEBUG org.hibernate.persister.walking.spi.MetamodelGraphWalker - Visiting attribute path : name
20:19:29.085 [main] DEBUG org.hibernate.loader.plan.build.internal.FetchStyleLoadPlanBuildingAssociationVisitationStrategy - Building LoadPlan...
20:19:29.085 [main] DEBUG org.hibernate.loader.plan.exec.internal.LoadQueryJoinAndFetchProcessor - processing queryspace <gen:0>
20:19:29.085 [main] DEBUG org.hibernate.loader.plan.build.spi.LoadPlanTreePrinter - LoadPlan(entity=io.swagger.model.PaymentRefType)
    - Returns
       - EntityReturnImpl(entity=io.swagger.model.PaymentRefType, querySpaceUid=<gen:0>, path=io.swagger.model.PaymentRefType)
    - QuerySpaces
       - EntityQuerySpaceImpl(uid=<gen:0>, entity=io.swagger.model.PaymentRefType)
          - SQL table alias mapping - paymentref0_
          - alias suffix - 0_
          - suffixed key columns - {id1_13_0_}

20:19:29.085 [main] DEBUG org.hibernate.loader.entity.plan.EntityLoader - Static select for entity io.swagger.model.PaymentRefType [PESSIMISTIC_FORCE_INCREMENT]: select paymentref0_.id as id1_13_0_, paymentref0_.description as descript2_13_0_, paymentref0_.href as href3_13_0_, paymentref0_.name as name4_13_0_ from PaymentRefType paymentref0_ where paymentref0_.id=? for update
20:19:29.085 [main] DEBUG org.hibernate.loader.plan.build.internal.spaces.QuerySpacesImpl - Adding QuerySpace : uid = <gen:0> -> org.hibernate.loader.plan.build.internal.spaces.EntityQuerySpaceImpl@336d28a1]
20:19:29.086 [main] DEBUG org.hibernate.persister.walking.spi.MetamodelGraphWalker - Visiting attribute path : description
20:19:29.086 [main] DEBUG org.hibernate.persister.walking.spi.MetamodelGraphWalker - Visiting attribute path : href
20:19:29.086 [main] DEBUG org.hibernate.persister.walking.spi.MetamodelGraphWalker - Visiting attribute path : name
20:19:29.086 [main] DEBUG org.hibernate.loader.plan.build.internal.FetchStyleLoadPlanBuildingAssociationVisitationStrategy - Building LoadPlan...
20:19:29.086 [main] DEBUG org.hibernate.loader.plan.exec.internal.LoadQueryJoinAndFetchProcessor - processing queryspace <gen:0>
20:19:29.086 [main] DEBUG org.hibernate.loader.plan.build.spi.LoadPlanTreePrinter - LoadPlan(entity=io.swagger.model.PaymentRefType)
    - Returns
       - EntityReturnImpl(entity=io.swagger.model.PaymentRefType, querySpaceUid=<gen:0>, path=io.swagger.model.PaymentRefType)
    - QuerySpaces
       - EntityQuerySpaceImpl(uid=<gen:0>, entity=io.swagger.model.PaymentRefType)
          - SQL table alias mapping - paymentref0_
          - alias suffix - 0_
          - suffixed key columns - {id1_13_0_}

20:19:29.086 [main] DEBUG org.hibernate.loader.entity.plan.EntityLoader - Static select for entity io.swagger.model.PaymentRefType [OPTIMISTIC]: select paymentref0_.id as id1_13_0_, paymentref0_.description as descript2_13_0_, paymentref0_.href as href3_13_0_, paymentref0_.name as name4_13_0_ from PaymentRefType paymentref0_ where paymentref0_.id=?
20:19:29.086 [main] DEBUG org.hibernate.loader.plan.build.internal.spaces.QuerySpacesImpl - Adding QuerySpace : uid = <gen:0> -> org.hibernate.loader.plan.build.internal.spaces.EntityQuerySpaceImpl@42e202d7]
20:19:29.086 [main] DEBUG org.hibernate.persister.walking.spi.MetamodelGraphWalker - Visiting attribute path : description
20:19:29.086 [main] DEBUG org.hibernate.persister.walking.spi.MetamodelGraphWalker - Visiting attribute path : href
20:19:29.086 [main] DEBUG org.hibernate.persister.walking.spi.MetamodelGraphWalker - Visiting attribute path : name
20:19:29.087 [main] DEBUG org.hibernate.loader.plan.build.internal.FetchStyleLoadPlanBuildingAssociationVisitationStrategy - Building LoadPlan...
20:19:29.087 [main] DEBUG org.hibernate.loader.plan.exec.internal.LoadQueryJoinAndFetchProcessor - processing queryspace <gen:0>
20:19:29.087 [main] DEBUG org.hibernate.loader.plan.build.spi.LoadPlanTreePrinter - LoadPlan(entity=io.swagger.model.PaymentRefType)
    - Returns
       - EntityReturnImpl(entity=io.swagger.model.PaymentRefType, querySpaceUid=<gen:0>, path=io.swagger.model.PaymentRefType)
    - QuerySpaces
       - EntityQuerySpaceImpl(uid=<gen:0>, entity=io.swagger.model.PaymentRefType)
          - SQL table alias mapping - paymentref0_
          - alias suffix - 0_
          - suffixed key columns - {id1_13_0_}

20:19:29.087 [main] DEBUG org.hibernate.loader.entity.plan.EntityLoader - Static select for entity io.swagger.model.PaymentRefType [OPTIMISTIC_FORCE_INCREMENT]: select paymentref0_.id as id1_13_0_, paymentref0_.description as descript2_13_0_, paymentref0_.href as href3_13_0_, paymentref0_.name as name4_13_0_ from PaymentRefType paymentref0_ where paymentref0_.id=?
20:19:29.087 [main] DEBUG org.hibernate.loader.Loader - Static select for action ACTION_MERGE on entity io.swagger.model.PaymentRefType: select paymentref0_.id as id1_13_0_, paymentref0_.description as descript2_13_0_, paymentref0_.href as href3_13_0_, paymentref0_.name as name4_13_0_ from PaymentRefType paymentref0_ where paymentref0_.id=?
20:19:29.088 [main] DEBUG org.hibernate.loader.Loader - Static select for action ACTION_REFRESH on entity io.swagger.model.PaymentRefType: select paymentref0_.id as id1_13_0_, paymentref0_.description as descript2_13_0_, paymentref0_.href as href3_13_0_, paymentref0_.name as name4_13_0_ from PaymentRefType paymentref0_ where paymentref0_.id=?
20:19:29.088 [main] DEBUG org.hibernate.persister.entity.AbstractEntityPersister - Static SQL for entity: io.swagger.model.RefundType
20:19:29.088 [main] DEBUG org.hibernate.persister.entity.AbstractEntityPersister -  Version select: select id from RefundType where id =?
20:19:29.088 [main] DEBUG org.hibernate.persister.entity.AbstractEntityPersister -  Snapshot select: select refundtype_.id, refundtype_.account_id as account11_20_, refundtype_.amount_id as amount_12_20_, refundtype_.authorizationCode as authoriz2_20_, refundtype_.channel_id as channel13_20_, refundtype_.correlatorId as correlat3_20_, refundtype_.description as descript4_20_, refundtype_.href as href5_20_, refundtype_.name as name6_20_, refundtype_.reason as reason7_20_, refundtype_.refundDate as refundDa8_20_, refundtype_.relatedPayment_id as related14_20_, refundtype_.requestor_id as request15_20_, refundtype_.status as status9_20_, refundtype_.statusDate as statusD10_20_, refundtype_.taxAmount_id as taxAmou16_20_, refundtype_.totalAmount_id as totalAm17_20_ from RefundType refundtype_ where refundtype_.id=?
20:19:29.088 [main] DEBUG org.hibernate.persister.entity.AbstractEntityPersister -  Insert 0: insert into RefundType (account_id, amount_id, authorizationCode, channel_id, correlatorId, description, href, name, reason, refundDate, relatedPayment_id, requestor_id, status, statusDate, taxAmount_id, totalAmount_id, id) values (?, ?, ?, ?, ?, ?, ?, ?, ?, ?, ?, ?, ?, ?, ?, ?, ?)
20:19:29.088 [main] DEBUG org.hibernate.persister.entity.AbstractEntityPersister -  Update 0: update RefundType set account_id=?, amount_id=?, authorizationCode=?, channel_id=?, correlatorId=?, description=?, href=?, name=?, reason=?, refundDate=?, relatedPayment_id=?, requestor_id=?, status=?, statusDate=?, taxAmount_id=?, totalAmount_id=? where id=?
20:19:29.088 [main] DEBUG org.hibernate.persister.entity.AbstractEntityPersister -  Delete 0: delete from RefundType where id=?
20:19:29.088 [main] DEBUG org.hibernate.loader.plan.build.internal.spaces.QuerySpacesImpl - Adding QuerySpace : uid = <gen:0> -> org.hibernate.loader.plan.build.internal.spaces.EntityQuerySpaceImpl@62158991]
20:19:29.088 [main] DEBUG org.hibernate.persister.walking.spi.MetamodelGraphWalker - Visiting attribute path : account
20:19:29.094 [main] DEBUG org.hibernate.loader.plan.build.internal.spaces.QuerySpacesImpl - Adding QuerySpace : uid = <gen:1> -> org.hibernate.loader.plan.build.internal.spaces.EntityQuerySpaceImpl@718f3088]
20:19:29.095 [main] DEBUG org.hibernate.persister.walking.spi.MetamodelGraphWalker - Visiting attribute path : account.description
20:19:29.096 [main] DEBUG org.hibernate.persister.walking.spi.MetamodelGraphWalker - Visiting attribute path : account.href
20:19:29.096 [main] DEBUG org.hibernate.persister.walking.spi.MetamodelGraphWalker - Visiting attribute path : account.name
20:19:29.096 [main] DEBUG org.hibernate.persister.walking.spi.MetamodelGraphWalker - Visiting attribute path : amount
20:19:29.096 [main] DEBUG org.hibernate.loader.plan.build.internal.spaces.QuerySpacesImpl - Adding QuerySpace : uid = <gen:2> -> org.hibernate.loader.plan.build.internal.spaces.EntityQuerySpaceImpl@1e8bccfb]
20:19:29.096 [main] DEBUG org.hibernate.persister.walking.spi.MetamodelGraphWalker - Visiting attribute path : amount.amount
20:19:29.097 [main] DEBUG org.hibernate.persister.walking.spi.MetamodelGraphWalker - Visiting attribute path : amount.units
20:19:29.097 [main] DEBUG org.hibernate.persister.walking.spi.MetamodelGraphWalker - Visiting attribute path : authorizationCode
20:19:29.097 [main] DEBUG org.hibernate.persister.walking.spi.MetamodelGraphWalker - Visiting attribute path : channel
20:19:29.097 [main] DEBUG org.hibernate.loader.plan.build.internal.spaces.QuerySpacesImpl - Adding QuerySpace : uid = <gen:3> -> org.hibernate.loader.plan.build.internal.spaces.EntityQuerySpaceImpl@1f1fbc9f]
20:19:29.097 [main] DEBUG org.hibernate.persister.walking.spi.MetamodelGraphWalker - Visiting attribute path : channel.description
20:19:29.097 [main] DEBUG org.hibernate.persister.walking.spi.MetamodelGraphWalker - Visiting attribute path : channel.href
20:19:29.097 [main] DEBUG org.hibernate.persister.walking.spi.MetamodelGraphWalker - Visiting attribute path : channel.name
20:19:29.097 [main] DEBUG org.hibernate.persister.walking.spi.MetamodelGraphWalker - Visiting attribute path : correlatorId
20:19:29.097 [main] DEBUG org.hibernate.persister.walking.spi.MetamodelGraphWalker - Visiting attribute path : description
20:19:29.097 [main] DEBUG org.hibernate.persister.walking.spi.MetamodelGraphWalker - Visiting attribute path : href
20:19:29.097 [main] DEBUG org.hibernate.persister.walking.spi.MetamodelGraphWalker - Visiting attribute path : name
20:19:29.097 [main] DEBUG org.hibernate.persister.walking.spi.MetamodelGraphWalker - Visiting attribute path : paymentMethod
20:19:29.098 [main] DEBUG org.hibernate.loader.plan.build.internal.spaces.QuerySpacesImpl - Adding QuerySpace : uid = <gen:4> -> org.hibernate.loader.plan.build.internal.spaces.CollectionQuerySpaceImpl@24b3f778]
20:19:29.102 [main] DEBUG org.hibernate.loader.plan.build.internal.spaces.QuerySpacesImpl - Adding QuerySpace : uid = <gen:5> -> org.hibernate.loader.plan.build.internal.spaces.EntityQuerySpaceImpl@4ef8090b]
20:19:29.102 [main] DEBUG org.hibernate.persister.walking.spi.MetamodelGraphWalker - Visiting attribute path : reason
20:19:29.102 [main] DEBUG org.hibernate.persister.walking.spi.MetamodelGraphWalker - Visiting attribute path : refundDate
20:19:29.102 [main] DEBUG org.hibernate.persister.walking.spi.MetamodelGraphWalker - Visiting attribute path : relatedPayment
20:19:29.102 [main] DEBUG org.hibernate.loader.plan.build.internal.spaces.QuerySpacesImpl - Adding QuerySpace : uid = <gen:6> -> org.hibernate.loader.plan.build.internal.spaces.EntityQuerySpaceImpl@65ef9a0a]
20:19:29.103 [main] DEBUG org.hibernate.persister.walking.spi.MetamodelGraphWalker - Visiting attribute path : relatedPayment.description
20:19:29.103 [main] DEBUG org.hibernate.persister.walking.spi.MetamodelGraphWalker - Visiting attribute path : relatedPayment.href
20:19:29.103 [main] DEBUG org.hibernate.persister.walking.spi.MetamodelGraphWalker - Visiting attribute path : relatedPayment.name
20:19:29.103 [main] DEBUG org.hibernate.persister.walking.spi.MetamodelGraphWalker - Visiting attribute path : requestor
20:19:29.103 [main] DEBUG org.hibernate.loader.plan.build.internal.spaces.QuerySpacesImpl - Adding QuerySpace : uid = <gen:7> -> org.hibernate.loader.plan.build.internal.spaces.EntityQuerySpaceImpl@77e6761f]
20:19:29.103 [main] DEBUG org.hibernate.persister.walking.spi.MetamodelGraphWalker - Visiting attribute path : requestor.href
20:19:29.103 [main] DEBUG org.hibernate.persister.walking.spi.MetamodelGraphWalker - Visiting attribute path : requestor.name
20:19:29.103 [main] DEBUG org.hibernate.persister.walking.spi.MetamodelGraphWalker - Visiting attribute path : requestor.role
20:19:29.103 [main] DEBUG org.hibernate.persister.walking.spi.MetamodelGraphWalker - Visiting attribute path : status
20:19:29.103 [main] DEBUG org.hibernate.persister.walking.spi.MetamodelGraphWalker - Visiting attribute path : statusDate
20:19:29.103 [main] DEBUG org.hibernate.persister.walking.spi.MetamodelGraphWalker - Visiting attribute path : taxAmount
20:19:29.103 [main] DEBUG org.hibernate.loader.plan.build.internal.spaces.QuerySpacesImpl - Adding QuerySpace : uid = <gen:8> -> org.hibernate.loader.plan.build.internal.spaces.EntityQuerySpaceImpl@45bf93bb]
20:19:29.103 [main] DEBUG org.hibernate.persister.walking.spi.MetamodelGraphWalker - Visiting attribute path : taxAmount.amount
20:19:29.103 [main] DEBUG org.hibernate.persister.walking.spi.MetamodelGraphWalker - Visiting attribute path : taxAmount.units
20:19:29.103 [main] DEBUG org.hibernate.persister.walking.spi.MetamodelGraphWalker - Visiting attribute path : totalAmount
20:19:29.104 [main] DEBUG org.hibernate.loader.plan.build.internal.spaces.QuerySpacesImpl - Adding QuerySpace : uid = <gen:9> -> org.hibernate.loader.plan.build.internal.spaces.EntityQuerySpaceImpl@2f6e92ca]
20:19:29.104 [main] DEBUG org.hibernate.persister.walking.spi.MetamodelGraphWalker - Visiting attribute path : totalAmount.amount
20:19:29.104 [main] DEBUG org.hibernate.persister.walking.spi.MetamodelGraphWalker - Visiting attribute path : totalAmount.units
20:19:29.104 [main] DEBUG org.hibernate.loader.plan.build.internal.FetchStyleLoadPlanBuildingAssociationVisitationStrategy - Building LoadPlan...
20:19:29.104 [main] DEBUG org.hibernate.loader.plan.exec.internal.LoadQueryJoinAndFetchProcessor - processing queryspace <gen:0>
20:19:29.108 [main] DEBUG org.hibernate.loader.plan.build.spi.LoadPlanTreePrinter - LoadPlan(entity=io.swagger.model.RefundType)
    - Returns
       - EntityReturnImpl(entity=io.swagger.model.RefundType, querySpaceUid=<gen:0>, path=io.swagger.model.RefundType)
          - EntityAttributeFetchImpl(entity=io.swagger.model.AccountRefType, querySpaceUid=<gen:1>, path=io.swagger.model.RefundType.account)
          - EntityAttributeFetchImpl(entity=io.swagger.model.MoneyType, querySpaceUid=<gen:2>, path=io.swagger.model.RefundType.amount)
          - EntityAttributeFetchImpl(entity=io.swagger.model.ChannelRefType, querySpaceUid=<gen:3>, path=io.swagger.model.RefundType.channel)
          - CollectionAttributeFetchImpl(collection=io.swagger.model.RefundType.paymentMethod, querySpaceUid=<gen:4>, path=io.swagger.model.RefundType.paymentMethod)
             - (collection element) CollectionFetchableElementEntityGraph(entity=io.swagger.model.PaymentMethodType, querySpaceUid=<gen:5>, path=io.swagger.model.RefundType.paymentMethod.<elements>)
          - EntityAttributeFetchImpl(entity=io.swagger.model.PaymentRefType, querySpaceUid=<gen:6>, path=io.swagger.model.RefundType.relatedPayment)
          - EntityAttributeFetchImpl(entity=io.swagger.model.RelatedPartyRefType, querySpaceUid=<gen:7>, path=io.swagger.model.RefundType.requestor)
          - EntityAttributeFetchImpl(entity=io.swagger.model.MoneyType, querySpaceUid=<gen:8>, path=io.swagger.model.RefundType.taxAmount)
          - EntityAttributeFetchImpl(entity=io.swagger.model.MoneyType, querySpaceUid=<gen:9>, path=io.swagger.model.RefundType.totalAmount)
    - QuerySpaces
       - EntityQuerySpaceImpl(uid=<gen:0>, entity=io.swagger.model.RefundType)
          - SQL table alias mapping - refundtype0_
          - alias suffix - 0_
          - suffixed key columns - {id1_20_0_}
          - JOIN (JoinDefinedByMetadata(account)) : <gen:0> -> <gen:1>
             - EntityQuerySpaceImpl(uid=<gen:1>, entity=io.swagger.model.AccountRefType)
                - SQL table alias mapping - accountref1_
                - alias suffix - 1_
                - suffixed key columns - {id1_0_1_}
          - JOIN (JoinDefinedByMetadata(amount)) : <gen:0> -> <gen:2>
             - EntityQuerySpaceImpl(uid=<gen:2>, entity=io.swagger.model.MoneyType)
                - SQL table alias mapping - moneytype2_
                - alias suffix - 2_
                - suffixed key columns - {id1_9_2_}
          - JOIN (JoinDefinedByMetadata(channel)) : <gen:0> -> <gen:3>
             - EntityQuerySpaceImpl(uid=<gen:3>, entity=io.swagger.model.ChannelRefType)
                - SQL table alias mapping - channelref3_
                - alias suffix - 3_
                - suffixed key columns - {id1_5_3_}
          - JOIN (JoinDefinedByMetadata(relatedPayment)) : <gen:0> -> <gen:6>
             - EntityQuerySpaceImpl(uid=<gen:6>, entity=io.swagger.model.PaymentRefType)
                - SQL table alias mapping - paymentref4_
                - alias suffix - 4_
                - suffixed key columns - {id1_13_4_}
          - JOIN (JoinDefinedByMetadata(requestor)) : <gen:0> -> <gen:7>
             - EntityQuerySpaceImpl(uid=<gen:7>, entity=io.swagger.model.RelatedPartyRefType)
                - SQL table alias mapping - relatedpar5_
                - alias suffix - 5_
                - suffixed key columns - {id1_22_5_}
          - JOIN (JoinDefinedByMetadata(taxAmount)) : <gen:0> -> <gen:8>
             - EntityQuerySpaceImpl(uid=<gen:8>, entity=io.swagger.model.MoneyType)
                - SQL table alias mapping - moneytype6_
                - alias suffix - 6_
                - suffixed key columns - {id1_9_6_}
          - JOIN (JoinDefinedByMetadata(totalAmount)) : <gen:0> -> <gen:9>
             - EntityQuerySpaceImpl(uid=<gen:9>, entity=io.swagger.model.MoneyType)
                - SQL table alias mapping - moneytype7_
                - alias suffix - 7_
                - suffixed key columns - {id1_9_7_}

20:19:29.108 [main] DEBUG org.hibernate.loader.entity.plan.EntityLoader - Static select for entity io.swagger.model.RefundType [NONE]: select refundtype0_.id as id1_20_0_, refundtype0_.account_id as account11_20_0_, refundtype0_.amount_id as amount_12_20_0_, refundtype0_.authorizationCode as authoriz2_20_0_, refundtype0_.channel_id as channel13_20_0_, refundtype0_.correlatorId as correlat3_20_0_, refundtype0_.description as descript4_20_0_, refundtype0_.href as href5_20_0_, refundtype0_.name as name6_20_0_, refundtype0_.reason as reason7_20_0_, refundtype0_.refundDate as refundDa8_20_0_, refundtype0_.relatedPayment_id as related14_20_0_, refundtype0_.requestor_id as request15_20_0_, refundtype0_.status as status9_20_0_, refundtype0_.statusDate as statusD10_20_0_, refundtype0_.taxAmount_id as taxAmou16_20_0_, refundtype0_.totalAmount_id as totalAm17_20_0_, accountref1_.id as id1_0_1_, accountref1_.description as descript2_0_1_, accountref1_.href as href3_0_1_, accountref1_.name as name4_0_1_, moneytype2_.id as id1_9_2_, moneytype2_.amount as amount2_9_2_, moneytype2_.units as units3_9_2_, channelref3_.id as id1_5_3_, channelref3_.description as descript2_5_3_, channelref3_.href as href3_5_3_, channelref3_.name as name4_5_3_, paymentref4_.id as id1_13_4_, paymentref4_.description as descript2_13_4_, paymentref4_.href as href3_13_4_, paymentref4_.name as name4_13_4_, relatedpar5_.id as id1_22_5_, relatedpar5_.href as href2_22_5_, relatedpar5_.name as name3_22_5_, relatedpar5_.role as role4_22_5_, moneytype6_.id as id1_9_6_, moneytype6_.amount as amount2_9_6_, moneytype6_.units as units3_9_6_, moneytype7_.id as id1_9_7_, moneytype7_.amount as amount2_9_7_, moneytype7_.units as units3_9_7_ from RefundType refundtype0_ left outer join AccountRefType accountref1_ on refundtype0_.account_id=accountref1_.id left outer join MoneyType moneytype2_ on refundtype0_.amount_id=moneytype2_.id left outer join ChannelRefType channelref3_ on refundtype0_.channel_id=channelref3_.id left outer join PaymentRefType paymentref4_ on refundtype0_.relatedPayment_id=paymentref4_.id left outer join RelatedPartyRefType relatedpar5_ on refundtype0_.requestor_id=relatedpar5_.id left outer join MoneyType moneytype6_ on refundtype0_.taxAmount_id=moneytype6_.id inner join MoneyType moneytype7_ on refundtype0_.totalAmount_id=moneytype7_.id where refundtype0_.id=?
20:19:29.108 [main] DEBUG org.hibernate.loader.plan.build.internal.spaces.QuerySpacesImpl - Adding QuerySpace : uid = <gen:0> -> org.hibernate.loader.plan.build.internal.spaces.EntityQuerySpaceImpl@15d58530]
20:19:29.108 [main] DEBUG org.hibernate.persister.walking.spi.MetamodelGraphWalker - Visiting attribute path : account
20:19:29.108 [main] DEBUG org.hibernate.loader.plan.build.internal.spaces.QuerySpacesImpl - Adding QuerySpace : uid = <gen:1> -> org.hibernate.loader.plan.build.internal.spaces.EntityQuerySpaceImpl@79e2606f]
20:19:29.108 [main] DEBUG org.hibernate.persister.walking.spi.MetamodelGraphWalker - Visiting attribute path : account.description
20:19:29.108 [main] DEBUG org.hibernate.persister.walking.spi.MetamodelGraphWalker - Visiting attribute path : account.href
20:19:29.108 [main] DEBUG org.hibernate.persister.walking.spi.MetamodelGraphWalker - Visiting attribute path : account.name
20:19:29.108 [main] DEBUG org.hibernate.persister.walking.spi.MetamodelGraphWalker - Visiting attribute path : amount
20:19:29.109 [main] DEBUG org.hibernate.loader.plan.build.internal.spaces.QuerySpacesImpl - Adding QuerySpace : uid = <gen:2> -> org.hibernate.loader.plan.build.internal.spaces.EntityQuerySpaceImpl@4a890fdd]
20:19:29.109 [main] DEBUG org.hibernate.persister.walking.spi.MetamodelGraphWalker - Visiting attribute path : amount.amount
20:19:29.109 [main] DEBUG org.hibernate.persister.walking.spi.MetamodelGraphWalker - Visiting attribute path : amount.units
20:19:29.109 [main] DEBUG org.hibernate.persister.walking.spi.MetamodelGraphWalker - Visiting attribute path : authorizationCode
20:19:29.109 [main] DEBUG org.hibernate.persister.walking.spi.MetamodelGraphWalker - Visiting attribute path : channel
20:19:29.109 [main] DEBUG org.hibernate.loader.plan.build.internal.spaces.QuerySpacesImpl - Adding QuerySpace : uid = <gen:3> -> org.hibernate.loader.plan.build.internal.spaces.EntityQuerySpaceImpl@3ca278bc]
20:19:29.109 [main] DEBUG org.hibernate.persister.walking.spi.MetamodelGraphWalker - Visiting attribute path : channel.description
20:19:29.109 [main] DEBUG org.hibernate.persister.walking.spi.MetamodelGraphWalker - Visiting attribute path : channel.href
20:19:29.109 [main] DEBUG org.hibernate.persister.walking.spi.MetamodelGraphWalker - Visiting attribute path : channel.name
20:19:29.109 [main] DEBUG org.hibernate.persister.walking.spi.MetamodelGraphWalker - Visiting attribute path : correlatorId
20:19:29.109 [main] DEBUG org.hibernate.persister.walking.spi.MetamodelGraphWalker - Visiting attribute path : description
20:19:29.109 [main] DEBUG org.hibernate.persister.walking.spi.MetamodelGraphWalker - Visiting attribute path : href
20:19:29.109 [main] DEBUG org.hibernate.persister.walking.spi.MetamodelGraphWalker - Visiting attribute path : name
20:19:29.109 [main] DEBUG org.hibernate.persister.walking.spi.MetamodelGraphWalker - Visiting attribute path : paymentMethod
20:19:29.109 [main] DEBUG org.hibernate.loader.plan.build.internal.spaces.QuerySpacesImpl - Adding QuerySpace : uid = <gen:4> -> org.hibernate.loader.plan.build.internal.spaces.CollectionQuerySpaceImpl@2acb1264]
20:19:29.109 [main] DEBUG org.hibernate.loader.plan.build.internal.spaces.QuerySpacesImpl - Adding QuerySpace : uid = <gen:5> -> org.hibernate.loader.plan.build.internal.spaces.EntityQuerySpaceImpl@30a01dd8]
20:19:29.109 [main] DEBUG org.hibernate.persister.walking.spi.MetamodelGraphWalker - Visiting attribute path : reason
20:19:29.109 [main] DEBUG org.hibernate.persister.walking.spi.MetamodelGraphWalker - Visiting attribute path : refundDate
20:19:29.109 [main] DEBUG org.hibernate.persister.walking.spi.MetamodelGraphWalker - Visiting attribute path : relatedPayment
20:19:29.110 [main] DEBUG org.hibernate.loader.plan.build.internal.spaces.QuerySpacesImpl - Adding QuerySpace : uid = <gen:6> -> org.hibernate.loader.plan.build.internal.spaces.EntityQuerySpaceImpl@1f68e4e8]
20:19:29.110 [main] DEBUG org.hibernate.persister.walking.spi.MetamodelGraphWalker - Visiting attribute path : relatedPayment.description
20:19:29.110 [main] DEBUG org.hibernate.persister.walking.spi.MetamodelGraphWalker - Visiting attribute path : relatedPayment.href
20:19:29.110 [main] DEBUG org.hibernate.persister.walking.spi.MetamodelGraphWalker - Visiting attribute path : relatedPayment.name
20:19:29.110 [main] DEBUG org.hibernate.persister.walking.spi.MetamodelGraphWalker - Visiting attribute path : requestor
20:19:29.110 [main] DEBUG org.hibernate.loader.plan.build.internal.spaces.QuerySpacesImpl - Adding QuerySpace : uid = <gen:7> -> org.hibernate.loader.plan.build.internal.spaces.EntityQuerySpaceImpl@351ede23]
20:19:29.110 [main] DEBUG org.hibernate.persister.walking.spi.MetamodelGraphWalker - Visiting attribute path : requestor.href
20:19:29.110 [main] DEBUG org.hibernate.persister.walking.spi.MetamodelGraphWalker - Visiting attribute path : requestor.name
20:19:29.110 [main] DEBUG org.hibernate.persister.walking.spi.MetamodelGraphWalker - Visiting attribute path : requestor.role
20:19:29.110 [main] DEBUG org.hibernate.persister.walking.spi.MetamodelGraphWalker - Visiting attribute path : status
20:19:29.110 [main] DEBUG org.hibernate.persister.walking.spi.MetamodelGraphWalker - Visiting attribute path : statusDate
20:19:29.110 [main] DEBUG org.hibernate.persister.walking.spi.MetamodelGraphWalker - Visiting attribute path : taxAmount
20:19:29.110 [main] DEBUG org.hibernate.loader.plan.build.internal.spaces.QuerySpacesImpl - Adding QuerySpace : uid = <gen:8> -> org.hibernate.loader.plan.build.internal.spaces.EntityQuerySpaceImpl@5df7a065]
20:19:29.110 [main] DEBUG org.hibernate.persister.walking.spi.MetamodelGraphWalker - Visiting attribute path : taxAmount.amount
20:19:29.110 [main] DEBUG org.hibernate.persister.walking.spi.MetamodelGraphWalker - Visiting attribute path : taxAmount.units
20:19:29.110 [main] DEBUG org.hibernate.persister.walking.spi.MetamodelGraphWalker - Visiting attribute path : totalAmount
20:19:29.111 [main] DEBUG org.hibernate.loader.plan.build.internal.spaces.QuerySpacesImpl - Adding QuerySpace : uid = <gen:9> -> org.hibernate.loader.plan.build.internal.spaces.EntityQuerySpaceImpl@7c69e1e1]
20:19:29.111 [main] DEBUG org.hibernate.persister.walking.spi.MetamodelGraphWalker - Visiting attribute path : totalAmount.amount
20:19:29.111 [main] DEBUG org.hibernate.persister.walking.spi.MetamodelGraphWalker - Visiting attribute path : totalAmount.units
20:19:29.111 [main] DEBUG org.hibernate.loader.plan.build.internal.FetchStyleLoadPlanBuildingAssociationVisitationStrategy - Building LoadPlan...
20:19:29.111 [main] DEBUG org.hibernate.loader.plan.exec.internal.LoadQueryJoinAndFetchProcessor - processing queryspace <gen:0>
20:19:29.113 [main] DEBUG org.hibernate.loader.plan.build.spi.LoadPlanTreePrinter - LoadPlan(entity=io.swagger.model.RefundType)
    - Returns
       - EntityReturnImpl(entity=io.swagger.model.RefundType, querySpaceUid=<gen:0>, path=io.swagger.model.RefundType)
          - EntityAttributeFetchImpl(entity=io.swagger.model.AccountRefType, querySpaceUid=<gen:1>, path=io.swagger.model.RefundType.account)
          - EntityAttributeFetchImpl(entity=io.swagger.model.MoneyType, querySpaceUid=<gen:2>, path=io.swagger.model.RefundType.amount)
          - EntityAttributeFetchImpl(entity=io.swagger.model.ChannelRefType, querySpaceUid=<gen:3>, path=io.swagger.model.RefundType.channel)
          - CollectionAttributeFetchImpl(collection=io.swagger.model.RefundType.paymentMethod, querySpaceUid=<gen:4>, path=io.swagger.model.RefundType.paymentMethod)
             - (collection element) CollectionFetchableElementEntityGraph(entity=io.swagger.model.PaymentMethodType, querySpaceUid=<gen:5>, path=io.swagger.model.RefundType.paymentMethod.<elements>)
          - EntityAttributeFetchImpl(entity=io.swagger.model.PaymentRefType, querySpaceUid=<gen:6>, path=io.swagger.model.RefundType.relatedPayment)
          - EntityAttributeFetchImpl(entity=io.swagger.model.RelatedPartyRefType, querySpaceUid=<gen:7>, path=io.swagger.model.RefundType.requestor)
          - EntityAttributeFetchImpl(entity=io.swagger.model.MoneyType, querySpaceUid=<gen:8>, path=io.swagger.model.RefundType.taxAmount)
          - EntityAttributeFetchImpl(entity=io.swagger.model.MoneyType, querySpaceUid=<gen:9>, path=io.swagger.model.RefundType.totalAmount)
    - QuerySpaces
       - EntityQuerySpaceImpl(uid=<gen:0>, entity=io.swagger.model.RefundType)
          - SQL table alias mapping - refundtype0_
          - alias suffix - 0_
          - suffixed key columns - {id1_20_0_}
          - JOIN (JoinDefinedByMetadata(account)) : <gen:0> -> <gen:1>
             - EntityQuerySpaceImpl(uid=<gen:1>, entity=io.swagger.model.AccountRefType)
                - SQL table alias mapping - accountref1_
                - alias suffix - 1_
                - suffixed key columns - {id1_0_1_}
          - JOIN (JoinDefinedByMetadata(amount)) : <gen:0> -> <gen:2>
             - EntityQuerySpaceImpl(uid=<gen:2>, entity=io.swagger.model.MoneyType)
                - SQL table alias mapping - moneytype2_
                - alias suffix - 2_
                - suffixed key columns - {id1_9_2_}
          - JOIN (JoinDefinedByMetadata(channel)) : <gen:0> -> <gen:3>
             - EntityQuerySpaceImpl(uid=<gen:3>, entity=io.swagger.model.ChannelRefType)
                - SQL table alias mapping - channelref3_
                - alias suffix - 3_
                - suffixed key columns - {id1_5_3_}
          - JOIN (JoinDefinedByMetadata(relatedPayment)) : <gen:0> -> <gen:6>
             - EntityQuerySpaceImpl(uid=<gen:6>, entity=io.swagger.model.PaymentRefType)
                - SQL table alias mapping - paymentref4_
                - alias suffix - 4_
                - suffixed key columns - {id1_13_4_}
          - JOIN (JoinDefinedByMetadata(requestor)) : <gen:0> -> <gen:7>
             - EntityQuerySpaceImpl(uid=<gen:7>, entity=io.swagger.model.RelatedPartyRefType)
                - SQL table alias mapping - relatedpar5_
                - alias suffix - 5_
                - suffixed key columns - {id1_22_5_}
          - JOIN (JoinDefinedByMetadata(taxAmount)) : <gen:0> -> <gen:8>
             - EntityQuerySpaceImpl(uid=<gen:8>, entity=io.swagger.model.MoneyType)
                - SQL table alias mapping - moneytype6_
                - alias suffix - 6_
                - suffixed key columns - {id1_9_6_}
          - JOIN (JoinDefinedByMetadata(totalAmount)) : <gen:0> -> <gen:9>
             - EntityQuerySpaceImpl(uid=<gen:9>, entity=io.swagger.model.MoneyType)
                - SQL table alias mapping - moneytype7_
                - alias suffix - 7_
                - suffixed key columns - {id1_9_7_}

20:19:29.113 [main] DEBUG org.hibernate.loader.entity.plan.EntityLoader - Static select for entity io.swagger.model.RefundType [READ]: select refundtype0_.id as id1_20_0_, refundtype0_.account_id as account11_20_0_, refundtype0_.amount_id as amount_12_20_0_, refundtype0_.authorizationCode as authoriz2_20_0_, refundtype0_.channel_id as channel13_20_0_, refundtype0_.correlatorId as correlat3_20_0_, refundtype0_.description as descript4_20_0_, refundtype0_.href as href5_20_0_, refundtype0_.name as name6_20_0_, refundtype0_.reason as reason7_20_0_, refundtype0_.refundDate as refundDa8_20_0_, refundtype0_.relatedPayment_id as related14_20_0_, refundtype0_.requestor_id as request15_20_0_, refundtype0_.status as status9_20_0_, refundtype0_.statusDate as statusD10_20_0_, refundtype0_.taxAmount_id as taxAmou16_20_0_, refundtype0_.totalAmount_id as totalAm17_20_0_, accountref1_.id as id1_0_1_, accountref1_.description as descript2_0_1_, accountref1_.href as href3_0_1_, accountref1_.name as name4_0_1_, moneytype2_.id as id1_9_2_, moneytype2_.amount as amount2_9_2_, moneytype2_.units as units3_9_2_, channelref3_.id as id1_5_3_, channelref3_.description as descript2_5_3_, channelref3_.href as href3_5_3_, channelref3_.name as name4_5_3_, paymentref4_.id as id1_13_4_, paymentref4_.description as descript2_13_4_, paymentref4_.href as href3_13_4_, paymentref4_.name as name4_13_4_, relatedpar5_.id as id1_22_5_, relatedpar5_.href as href2_22_5_, relatedpar5_.name as name3_22_5_, relatedpar5_.role as role4_22_5_, moneytype6_.id as id1_9_6_, moneytype6_.amount as amount2_9_6_, moneytype6_.units as units3_9_6_, moneytype7_.id as id1_9_7_, moneytype7_.amount as amount2_9_7_, moneytype7_.units as units3_9_7_ from RefundType refundtype0_ left outer join AccountRefType accountref1_ on refundtype0_.account_id=accountref1_.id left outer join MoneyType moneytype2_ on refundtype0_.amount_id=moneytype2_.id left outer join ChannelRefType channelref3_ on refundtype0_.channel_id=channelref3_.id left outer join PaymentRefType paymentref4_ on refundtype0_.relatedPayment_id=paymentref4_.id left outer join RelatedPartyRefType relatedpar5_ on refundtype0_.requestor_id=relatedpar5_.id left outer join MoneyType moneytype6_ on refundtype0_.taxAmount_id=moneytype6_.id inner join MoneyType moneytype7_ on refundtype0_.totalAmount_id=moneytype7_.id where refundtype0_.id=?
20:19:29.114 [main] DEBUG org.hibernate.loader.plan.build.internal.spaces.QuerySpacesImpl - Adding QuerySpace : uid = <gen:0> -> org.hibernate.loader.plan.build.internal.spaces.EntityQuerySpaceImpl@1bc6c20d]
20:19:29.114 [main] DEBUG org.hibernate.persister.walking.spi.MetamodelGraphWalker - Visiting attribute path : account
20:19:29.114 [main] DEBUG org.hibernate.loader.plan.build.internal.spaces.QuerySpacesImpl - Adding QuerySpace : uid = <gen:1> -> org.hibernate.loader.plan.build.internal.spaces.EntityQuerySpaceImpl@39b85a73]
20:19:29.114 [main] DEBUG org.hibernate.persister.walking.spi.MetamodelGraphWalker - Visiting attribute path : amount
20:19:29.114 [main] DEBUG org.hibernate.loader.plan.build.internal.spaces.QuerySpacesImpl - Adding QuerySpace : uid = <gen:2> -> org.hibernate.loader.plan.build.internal.spaces.EntityQuerySpaceImpl@5788722f]
20:19:29.114 [main] DEBUG org.hibernate.persister.walking.spi.MetamodelGraphWalker - Visiting attribute path : authorizationCode
20:19:29.114 [main] DEBUG org.hibernate.persister.walking.spi.MetamodelGraphWalker - Visiting attribute path : channel
20:19:29.114 [main] DEBUG org.hibernate.loader.plan.build.internal.spaces.QuerySpacesImpl - Adding QuerySpace : uid = <gen:3> -> org.hibernate.loader.plan.build.internal.spaces.EntityQuerySpaceImpl@7a730479]
20:19:29.114 [main] DEBUG org.hibernate.persister.walking.spi.MetamodelGraphWalker - Visiting attribute path : correlatorId
20:19:29.114 [main] DEBUG org.hibernate.persister.walking.spi.MetamodelGraphWalker - Visiting attribute path : description
20:19:29.114 [main] DEBUG org.hibernate.persister.walking.spi.MetamodelGraphWalker - Visiting attribute path : href
20:19:29.114 [main] DEBUG org.hibernate.persister.walking.spi.MetamodelGraphWalker - Visiting attribute path : name
20:19:29.114 [main] DEBUG org.hibernate.persister.walking.spi.MetamodelGraphWalker - Visiting attribute path : paymentMethod
20:19:29.114 [main] DEBUG org.hibernate.loader.plan.build.internal.spaces.QuerySpacesImpl - Adding QuerySpace : uid = <gen:4> -> org.hibernate.loader.plan.build.internal.spaces.CollectionQuerySpaceImpl@1e5b33e5]
20:19:29.114 [main] DEBUG org.hibernate.loader.plan.build.internal.spaces.QuerySpacesImpl - Adding QuerySpace : uid = <gen:5> -> org.hibernate.loader.plan.build.internal.spaces.EntityQuerySpaceImpl@654b899f]
20:19:29.114 [main] DEBUG org.hibernate.persister.walking.spi.MetamodelGraphWalker - Visiting attribute path : reason
20:19:29.114 [main] DEBUG org.hibernate.persister.walking.spi.MetamodelGraphWalker - Visiting attribute path : refundDate
20:19:29.114 [main] DEBUG org.hibernate.persister.walking.spi.MetamodelGraphWalker - Visiting attribute path : relatedPayment
20:19:29.114 [main] DEBUG org.hibernate.loader.plan.build.internal.spaces.QuerySpacesImpl - Adding QuerySpace : uid = <gen:6> -> org.hibernate.loader.plan.build.internal.spaces.EntityQuerySpaceImpl@71468613]
20:19:29.114 [main] DEBUG org.hibernate.persister.walking.spi.MetamodelGraphWalker - Visiting attribute path : requestor
20:19:29.115 [main] DEBUG org.hibernate.loader.plan.build.internal.spaces.QuerySpacesImpl - Adding QuerySpace : uid = <gen:7> -> org.hibernate.loader.plan.build.internal.spaces.EntityQuerySpaceImpl@13f4048e]
20:19:29.115 [main] DEBUG org.hibernate.persister.walking.spi.MetamodelGraphWalker - Visiting attribute path : status
20:19:29.115 [main] DEBUG org.hibernate.persister.walking.spi.MetamodelGraphWalker - Visiting attribute path : statusDate
20:19:29.115 [main] DEBUG org.hibernate.persister.walking.spi.MetamodelGraphWalker - Visiting attribute path : taxAmount
20:19:29.115 [main] DEBUG org.hibernate.loader.plan.build.internal.spaces.QuerySpacesImpl - Adding QuerySpace : uid = <gen:8> -> org.hibernate.loader.plan.build.internal.spaces.EntityQuerySpaceImpl@5477d90e]
20:19:29.115 [main] DEBUG org.hibernate.persister.walking.spi.MetamodelGraphWalker - Visiting attribute path : totalAmount
20:19:29.115 [main] DEBUG org.hibernate.loader.plan.build.internal.spaces.QuerySpacesImpl - Adding QuerySpace : uid = <gen:9> -> org.hibernate.loader.plan.build.internal.spaces.EntityQuerySpaceImpl@6dc9a56e]
20:19:29.115 [main] DEBUG org.hibernate.loader.plan.build.internal.FetchStyleLoadPlanBuildingAssociationVisitationStrategy - Building LoadPlan...
20:19:29.115 [main] DEBUG org.hibernate.loader.plan.exec.internal.LoadQueryJoinAndFetchProcessor - processing queryspace <gen:0>
20:19:29.116 [main] DEBUG org.hibernate.loader.plan.build.spi.LoadPlanTreePrinter - LoadPlan(entity=io.swagger.model.RefundType)
    - Returns
       - EntityReturnImpl(entity=io.swagger.model.RefundType, querySpaceUid=<gen:0>, path=io.swagger.model.RefundType)
          - EntityAttributeFetchImpl(entity=io.swagger.model.AccountRefType, querySpaceUid=<gen:1>, path=io.swagger.model.RefundType.account)
          - EntityAttributeFetchImpl(entity=io.swagger.model.MoneyType, querySpaceUid=<gen:2>, path=io.swagger.model.RefundType.amount)
          - EntityAttributeFetchImpl(entity=io.swagger.model.ChannelRefType, querySpaceUid=<gen:3>, path=io.swagger.model.RefundType.channel)
          - CollectionAttributeFetchImpl(collection=io.swagger.model.RefundType.paymentMethod, querySpaceUid=<gen:4>, path=io.swagger.model.RefundType.paymentMethod)
             - (collection element) CollectionFetchableElementEntityGraph(entity=io.swagger.model.PaymentMethodType, querySpaceUid=<gen:5>, path=io.swagger.model.RefundType.paymentMethod.<elements>)
          - EntityAttributeFetchImpl(entity=io.swagger.model.PaymentRefType, querySpaceUid=<gen:6>, path=io.swagger.model.RefundType.relatedPayment)
          - EntityAttributeFetchImpl(entity=io.swagger.model.RelatedPartyRefType, querySpaceUid=<gen:7>, path=io.swagger.model.RefundType.requestor)
          - EntityAttributeFetchImpl(entity=io.swagger.model.MoneyType, querySpaceUid=<gen:8>, path=io.swagger.model.RefundType.taxAmount)
          - EntityAttributeFetchImpl(entity=io.swagger.model.MoneyType, querySpaceUid=<gen:9>, path=io.swagger.model.RefundType.totalAmount)
    - QuerySpaces
       - EntityQuerySpaceImpl(uid=<gen:0>, entity=io.swagger.model.RefundType)
          - SQL table alias mapping - refundtype0_
          - alias suffix - 0_
          - suffixed key columns - {id1_20_0_}

20:19:29.116 [main] DEBUG org.hibernate.loader.entity.plan.EntityLoader - Static select for entity io.swagger.model.RefundType [UPGRADE]: select refundtype0_.id as id1_20_0_, refundtype0_.account_id as account11_20_0_, refundtype0_.amount_id as amount_12_20_0_, refundtype0_.authorizationCode as authoriz2_20_0_, refundtype0_.channel_id as channel13_20_0_, refundtype0_.correlatorId as correlat3_20_0_, refundtype0_.description as descript4_20_0_, refundtype0_.href as href5_20_0_, refundtype0_.name as name6_20_0_, refundtype0_.reason as reason7_20_0_, refundtype0_.refundDate as refundDa8_20_0_, refundtype0_.relatedPayment_id as related14_20_0_, refundtype0_.requestor_id as request15_20_0_, refundtype0_.status as status9_20_0_, refundtype0_.statusDate as statusD10_20_0_, refundtype0_.taxAmount_id as taxAmou16_20_0_, refundtype0_.totalAmount_id as totalAm17_20_0_ from RefundType refundtype0_ where refundtype0_.id=? for update
20:19:29.116 [main] DEBUG org.hibernate.loader.plan.build.internal.spaces.QuerySpacesImpl - Adding QuerySpace : uid = <gen:0> -> org.hibernate.loader.plan.build.internal.spaces.EntityQuerySpaceImpl@287ad0da]
20:19:29.116 [main] DEBUG org.hibernate.persister.walking.spi.MetamodelGraphWalker - Visiting attribute path : account
20:19:29.116 [main] DEBUG org.hibernate.loader.plan.build.internal.spaces.QuerySpacesImpl - Adding QuerySpace : uid = <gen:1> -> org.hibernate.loader.plan.build.internal.spaces.EntityQuerySpaceImpl@714c74eb]
20:19:29.116 [main] DEBUG org.hibernate.persister.walking.spi.MetamodelGraphWalker - Visiting attribute path : amount
20:19:29.117 [main] DEBUG org.hibernate.loader.plan.build.internal.spaces.QuerySpacesImpl - Adding QuerySpace : uid = <gen:2> -> org.hibernate.loader.plan.build.internal.spaces.EntityQuerySpaceImpl@510e4d79]
20:19:29.117 [main] DEBUG org.hibernate.persister.walking.spi.MetamodelGraphWalker - Visiting attribute path : authorizationCode
20:19:29.117 [main] DEBUG org.hibernate.persister.walking.spi.MetamodelGraphWalker - Visiting attribute path : channel
20:19:29.117 [main] DEBUG org.hibernate.loader.plan.build.internal.spaces.QuerySpacesImpl - Adding QuerySpace : uid = <gen:3> -> org.hibernate.loader.plan.build.internal.spaces.EntityQuerySpaceImpl@2f0cab82]
20:19:29.117 [main] DEBUG org.hibernate.persister.walking.spi.MetamodelGraphWalker - Visiting attribute path : correlatorId
20:19:29.117 [main] DEBUG org.hibernate.persister.walking.spi.MetamodelGraphWalker - Visiting attribute path : description
20:19:29.117 [main] DEBUG org.hibernate.persister.walking.spi.MetamodelGraphWalker - Visiting attribute path : href
20:19:29.117 [main] DEBUG org.hibernate.persister.walking.spi.MetamodelGraphWalker - Visiting attribute path : name
20:19:29.117 [main] DEBUG org.hibernate.persister.walking.spi.MetamodelGraphWalker - Visiting attribute path : paymentMethod
20:19:29.117 [main] DEBUG org.hibernate.loader.plan.build.internal.spaces.QuerySpacesImpl - Adding QuerySpace : uid = <gen:4> -> org.hibernate.loader.plan.build.internal.spaces.CollectionQuerySpaceImpl@7fcc3745]
20:19:29.117 [main] DEBUG org.hibernate.loader.plan.build.internal.spaces.QuerySpacesImpl - Adding QuerySpace : uid = <gen:5> -> org.hibernate.loader.plan.build.internal.spaces.EntityQuerySpaceImpl@6d35ff7b]
20:19:29.117 [main] DEBUG org.hibernate.persister.walking.spi.MetamodelGraphWalker - Visiting attribute path : reason
20:19:29.117 [main] DEBUG org.hibernate.persister.walking.spi.MetamodelGraphWalker - Visiting attribute path : refundDate
20:19:29.117 [main] DEBUG org.hibernate.persister.walking.spi.MetamodelGraphWalker - Visiting attribute path : relatedPayment
20:19:29.117 [main] DEBUG org.hibernate.loader.plan.build.internal.spaces.QuerySpacesImpl - Adding QuerySpace : uid = <gen:6> -> org.hibernate.loader.plan.build.internal.spaces.EntityQuerySpaceImpl@4ef31221]
20:19:29.117 [main] DEBUG org.hibernate.persister.walking.spi.MetamodelGraphWalker - Visiting attribute path : requestor
20:19:29.117 [main] DEBUG org.hibernate.loader.plan.build.internal.spaces.QuerySpacesImpl - Adding QuerySpace : uid = <gen:7> -> org.hibernate.loader.plan.build.internal.spaces.EntityQuerySpaceImpl@4e9e0c6]
20:19:29.117 [main] DEBUG org.hibernate.persister.walking.spi.MetamodelGraphWalker - Visiting attribute path : status
20:19:29.117 [main] DEBUG org.hibernate.persister.walking.spi.MetamodelGraphWalker - Visiting attribute path : statusDate
20:19:29.117 [main] DEBUG org.hibernate.persister.walking.spi.MetamodelGraphWalker - Visiting attribute path : taxAmount
20:19:29.118 [main] DEBUG org.hibernate.loader.plan.build.internal.spaces.QuerySpacesImpl - Adding QuerySpace : uid = <gen:8> -> org.hibernate.loader.plan.build.internal.spaces.EntityQuerySpaceImpl@1a819901]
20:19:29.118 [main] DEBUG org.hibernate.persister.walking.spi.MetamodelGraphWalker - Visiting attribute path : totalAmount
20:19:29.118 [main] DEBUG org.hibernate.loader.plan.build.internal.spaces.QuerySpacesImpl - Adding QuerySpace : uid = <gen:9> -> org.hibernate.loader.plan.build.internal.spaces.EntityQuerySpaceImpl@588d630d]
20:19:29.118 [main] DEBUG org.hibernate.loader.plan.build.internal.FetchStyleLoadPlanBuildingAssociationVisitationStrategy - Building LoadPlan...
20:19:29.118 [main] DEBUG org.hibernate.loader.plan.exec.internal.LoadQueryJoinAndFetchProcessor - processing queryspace <gen:0>
20:19:29.119 [main] DEBUG org.hibernate.loader.plan.build.spi.LoadPlanTreePrinter - LoadPlan(entity=io.swagger.model.RefundType)
    - Returns
       - EntityReturnImpl(entity=io.swagger.model.RefundType, querySpaceUid=<gen:0>, path=io.swagger.model.RefundType)
          - EntityAttributeFetchImpl(entity=io.swagger.model.AccountRefType, querySpaceUid=<gen:1>, path=io.swagger.model.RefundType.account)
          - EntityAttributeFetchImpl(entity=io.swagger.model.MoneyType, querySpaceUid=<gen:2>, path=io.swagger.model.RefundType.amount)
          - EntityAttributeFetchImpl(entity=io.swagger.model.ChannelRefType, querySpaceUid=<gen:3>, path=io.swagger.model.RefundType.channel)
          - CollectionAttributeFetchImpl(collection=io.swagger.model.RefundType.paymentMethod, querySpaceUid=<gen:4>, path=io.swagger.model.RefundType.paymentMethod)
             - (collection element) CollectionFetchableElementEntityGraph(entity=io.swagger.model.PaymentMethodType, querySpaceUid=<gen:5>, path=io.swagger.model.RefundType.paymentMethod.<elements>)
          - EntityAttributeFetchImpl(entity=io.swagger.model.PaymentRefType, querySpaceUid=<gen:6>, path=io.swagger.model.RefundType.relatedPayment)
          - EntityAttributeFetchImpl(entity=io.swagger.model.RelatedPartyRefType, querySpaceUid=<gen:7>, path=io.swagger.model.RefundType.requestor)
          - EntityAttributeFetchImpl(entity=io.swagger.model.MoneyType, querySpaceUid=<gen:8>, path=io.swagger.model.RefundType.taxAmount)
          - EntityAttributeFetchImpl(entity=io.swagger.model.MoneyType, querySpaceUid=<gen:9>, path=io.swagger.model.RefundType.totalAmount)
    - QuerySpaces
       - EntityQuerySpaceImpl(uid=<gen:0>, entity=io.swagger.model.RefundType)
          - SQL table alias mapping - refundtype0_
          - alias suffix - 0_
          - suffixed key columns - {id1_20_0_}

20:19:29.119 [main] DEBUG org.hibernate.loader.entity.plan.EntityLoader - Static select for entity io.swagger.model.RefundType [UPGRADE_NOWAIT]: select refundtype0_.id as id1_20_0_, refundtype0_.account_id as account11_20_0_, refundtype0_.amount_id as amount_12_20_0_, refundtype0_.authorizationCode as authoriz2_20_0_, refundtype0_.channel_id as channel13_20_0_, refundtype0_.correlatorId as correlat3_20_0_, refundtype0_.description as descript4_20_0_, refundtype0_.href as href5_20_0_, refundtype0_.name as name6_20_0_, refundtype0_.reason as reason7_20_0_, refundtype0_.refundDate as refundDa8_20_0_, refundtype0_.relatedPayment_id as related14_20_0_, refundtype0_.requestor_id as request15_20_0_, refundtype0_.status as status9_20_0_, refundtype0_.statusDate as statusD10_20_0_, refundtype0_.taxAmount_id as taxAmou16_20_0_, refundtype0_.totalAmount_id as totalAm17_20_0_ from RefundType refundtype0_ where refundtype0_.id=? for update
20:19:29.119 [main] DEBUG org.hibernate.loader.plan.build.internal.spaces.QuerySpacesImpl - Adding QuerySpace : uid = <gen:0> -> org.hibernate.loader.plan.build.internal.spaces.EntityQuerySpaceImpl@eb91027]
20:19:29.119 [main] DEBUG org.hibernate.persister.walking.spi.MetamodelGraphWalker - Visiting attribute path : account
20:19:29.119 [main] DEBUG org.hibernate.loader.plan.build.internal.spaces.QuerySpacesImpl - Adding QuerySpace : uid = <gen:1> -> org.hibernate.loader.plan.build.internal.spaces.EntityQuerySpaceImpl@5342eec5]
20:19:29.119 [main] DEBUG org.hibernate.persister.walking.spi.MetamodelGraphWalker - Visiting attribute path : amount
20:19:29.119 [main] DEBUG org.hibernate.loader.plan.build.internal.spaces.QuerySpacesImpl - Adding QuerySpace : uid = <gen:2> -> org.hibernate.loader.plan.build.internal.spaces.EntityQuerySpaceImpl@60e47aab]
20:19:29.119 [main] DEBUG org.hibernate.persister.walking.spi.MetamodelGraphWalker - Visiting attribute path : authorizationCode
20:19:29.119 [main] DEBUG org.hibernate.persister.walking.spi.MetamodelGraphWalker - Visiting attribute path : channel
20:19:29.119 [main] DEBUG org.hibernate.loader.plan.build.internal.spaces.QuerySpacesImpl - Adding QuerySpace : uid = <gen:3> -> org.hibernate.loader.plan.build.internal.spaces.EntityQuerySpaceImpl@261a66b8]
20:19:29.119 [main] DEBUG org.hibernate.persister.walking.spi.MetamodelGraphWalker - Visiting attribute path : correlatorId
20:19:29.119 [main] DEBUG org.hibernate.persister.walking.spi.MetamodelGraphWalker - Visiting attribute path : description
20:19:29.119 [main] DEBUG org.hibernate.persister.walking.spi.MetamodelGraphWalker - Visiting attribute path : href
20:19:29.120 [main] DEBUG org.hibernate.persister.walking.spi.MetamodelGraphWalker - Visiting attribute path : name
20:19:29.120 [main] DEBUG org.hibernate.persister.walking.spi.MetamodelGraphWalker - Visiting attribute path : paymentMethod
20:19:29.120 [main] DEBUG org.hibernate.loader.plan.build.internal.spaces.QuerySpacesImpl - Adding QuerySpace : uid = <gen:4> -> org.hibernate.loader.plan.build.internal.spaces.CollectionQuerySpaceImpl@adc8683]
20:19:29.120 [main] DEBUG org.hibernate.loader.plan.build.internal.spaces.QuerySpacesImpl - Adding QuerySpace : uid = <gen:5> -> org.hibernate.loader.plan.build.internal.spaces.EntityQuerySpaceImpl@4eac65db]
20:19:29.120 [main] DEBUG org.hibernate.persister.walking.spi.MetamodelGraphWalker - Visiting attribute path : reason
20:19:29.120 [main] DEBUG org.hibernate.persister.walking.spi.MetamodelGraphWalker - Visiting attribute path : refundDate
20:19:29.120 [main] DEBUG org.hibernate.persister.walking.spi.MetamodelGraphWalker - Visiting attribute path : relatedPayment
20:19:29.120 [main] DEBUG org.hibernate.loader.plan.build.internal.spaces.QuerySpacesImpl - Adding QuerySpace : uid = <gen:6> -> org.hibernate.loader.plan.build.internal.spaces.EntityQuerySpaceImpl@dde6f87]
20:19:29.120 [main] DEBUG org.hibernate.persister.walking.spi.MetamodelGraphWalker - Visiting attribute path : requestor
20:19:29.120 [main] DEBUG org.hibernate.loader.plan.build.internal.spaces.QuerySpacesImpl - Adding QuerySpace : uid = <gen:7> -> org.hibernate.loader.plan.build.internal.spaces.EntityQuerySpaceImpl@7884f722]
20:19:29.120 [main] DEBUG org.hibernate.persister.walking.spi.MetamodelGraphWalker - Visiting attribute path : status
20:19:29.120 [main] DEBUG org.hibernate.persister.walking.spi.MetamodelGraphWalker - Visiting attribute path : statusDate
20:19:29.120 [main] DEBUG org.hibernate.persister.walking.spi.MetamodelGraphWalker - Visiting attribute path : taxAmount
20:19:29.120 [main] DEBUG org.hibernate.loader.plan.build.internal.spaces.QuerySpacesImpl - Adding QuerySpace : uid = <gen:8> -> org.hibernate.loader.plan.build.internal.spaces.EntityQuerySpaceImpl@16029e2f]
20:19:29.120 [main] DEBUG org.hibernate.persister.walking.spi.MetamodelGraphWalker - Visiting attribute path : totalAmount
20:19:29.120 [main] DEBUG org.hibernate.loader.plan.build.internal.spaces.QuerySpacesImpl - Adding QuerySpace : uid = <gen:9> -> org.hibernate.loader.plan.build.internal.spaces.EntityQuerySpaceImpl@3b2db389]
20:19:29.120 [main] DEBUG org.hibernate.loader.plan.build.internal.FetchStyleLoadPlanBuildingAssociationVisitationStrategy - Building LoadPlan...
20:19:29.121 [main] DEBUG org.hibernate.loader.plan.exec.internal.LoadQueryJoinAndFetchProcessor - processing queryspace <gen:0>
20:19:29.122 [main] DEBUG org.hibernate.loader.plan.build.spi.LoadPlanTreePrinter - LoadPlan(entity=io.swagger.model.RefundType)
    - Returns
       - EntityReturnImpl(entity=io.swagger.model.RefundType, querySpaceUid=<gen:0>, path=io.swagger.model.RefundType)
          - EntityAttributeFetchImpl(entity=io.swagger.model.AccountRefType, querySpaceUid=<gen:1>, path=io.swagger.model.RefundType.account)
          - EntityAttributeFetchImpl(entity=io.swagger.model.MoneyType, querySpaceUid=<gen:2>, path=io.swagger.model.RefundType.amount)
          - EntityAttributeFetchImpl(entity=io.swagger.model.ChannelRefType, querySpaceUid=<gen:3>, path=io.swagger.model.RefundType.channel)
          - CollectionAttributeFetchImpl(collection=io.swagger.model.RefundType.paymentMethod, querySpaceUid=<gen:4>, path=io.swagger.model.RefundType.paymentMethod)
             - (collection element) CollectionFetchableElementEntityGraph(entity=io.swagger.model.PaymentMethodType, querySpaceUid=<gen:5>, path=io.swagger.model.RefundType.paymentMethod.<elements>)
          - EntityAttributeFetchImpl(entity=io.swagger.model.PaymentRefType, querySpaceUid=<gen:6>, path=io.swagger.model.RefundType.relatedPayment)
          - EntityAttributeFetchImpl(entity=io.swagger.model.RelatedPartyRefType, querySpaceUid=<gen:7>, path=io.swagger.model.RefundType.requestor)
          - EntityAttributeFetchImpl(entity=io.swagger.model.MoneyType, querySpaceUid=<gen:8>, path=io.swagger.model.RefundType.taxAmount)
          - EntityAttributeFetchImpl(entity=io.swagger.model.MoneyType, querySpaceUid=<gen:9>, path=io.swagger.model.RefundType.totalAmount)
    - QuerySpaces
       - EntityQuerySpaceImpl(uid=<gen:0>, entity=io.swagger.model.RefundType)
          - SQL table alias mapping - refundtype0_
          - alias suffix - 0_
          - suffixed key columns - {id1_20_0_}

20:19:29.122 [main] DEBUG org.hibernate.loader.entity.plan.EntityLoader - Static select for entity io.swagger.model.RefundType [UPGRADE_SKIPLOCKED]: select refundtype0_.id as id1_20_0_, refundtype0_.account_id as account11_20_0_, refundtype0_.amount_id as amount_12_20_0_, refundtype0_.authorizationCode as authoriz2_20_0_, refundtype0_.channel_id as channel13_20_0_, refundtype0_.correlatorId as correlat3_20_0_, refundtype0_.description as descript4_20_0_, refundtype0_.href as href5_20_0_, refundtype0_.name as name6_20_0_, refundtype0_.reason as reason7_20_0_, refundtype0_.refundDate as refundDa8_20_0_, refundtype0_.relatedPayment_id as related14_20_0_, refundtype0_.requestor_id as request15_20_0_, refundtype0_.status as status9_20_0_, refundtype0_.statusDate as statusD10_20_0_, refundtype0_.taxAmount_id as taxAmou16_20_0_, refundtype0_.totalAmount_id as totalAm17_20_0_ from RefundType refundtype0_ where refundtype0_.id=? for update
20:19:29.122 [main] DEBUG org.hibernate.loader.plan.build.internal.spaces.QuerySpacesImpl - Adding QuerySpace : uid = <gen:0> -> org.hibernate.loader.plan.build.internal.spaces.EntityQuerySpaceImpl@45f1413c]
20:19:29.122 [main] DEBUG org.hibernate.persister.walking.spi.MetamodelGraphWalker - Visiting attribute path : account
20:19:29.122 [main] DEBUG org.hibernate.loader.plan.build.internal.spaces.QuerySpacesImpl - Adding QuerySpace : uid = <gen:1> -> org.hibernate.loader.plan.build.internal.spaces.EntityQuerySpaceImpl@186295cc]
20:19:29.122 [main] DEBUG org.hibernate.persister.walking.spi.MetamodelGraphWalker - Visiting attribute path : amount
20:19:29.122 [main] DEBUG org.hibernate.loader.plan.build.internal.spaces.QuerySpacesImpl - Adding QuerySpace : uid = <gen:2> -> org.hibernate.loader.plan.build.internal.spaces.EntityQuerySpaceImpl@4e85dcb2]
20:19:29.122 [main] DEBUG org.hibernate.persister.walking.spi.MetamodelGraphWalker - Visiting attribute path : authorizationCode
20:19:29.122 [main] DEBUG org.hibernate.persister.walking.spi.MetamodelGraphWalker - Visiting attribute path : channel
20:19:29.122 [main] DEBUG org.hibernate.loader.plan.build.internal.spaces.QuerySpacesImpl - Adding QuerySpace : uid = <gen:3> -> org.hibernate.loader.plan.build.internal.spaces.EntityQuerySpaceImpl@1b28cff]
20:19:29.122 [main] DEBUG org.hibernate.persister.walking.spi.MetamodelGraphWalker - Visiting attribute path : correlatorId
20:19:29.122 [main] DEBUG org.hibernate.persister.walking.spi.MetamodelGraphWalker - Visiting attribute path : description
20:19:29.122 [main] DEBUG org.hibernate.persister.walking.spi.MetamodelGraphWalker - Visiting attribute path : href
20:19:29.122 [main] DEBUG org.hibernate.persister.walking.spi.MetamodelGraphWalker - Visiting attribute path : name
20:19:29.122 [main] DEBUG org.hibernate.persister.walking.spi.MetamodelGraphWalker - Visiting attribute path : paymentMethod
20:19:29.123 [main] DEBUG org.hibernate.loader.plan.build.internal.spaces.QuerySpacesImpl - Adding QuerySpace : uid = <gen:4> -> org.hibernate.loader.plan.build.internal.spaces.CollectionQuerySpaceImpl@73dbe25]
20:19:29.123 [main] DEBUG org.hibernate.loader.plan.build.internal.spaces.QuerySpacesImpl - Adding QuerySpace : uid = <gen:5> -> org.hibernate.loader.plan.build.internal.spaces.EntityQuerySpaceImpl@bfd97fb]
20:19:29.123 [main] DEBUG org.hibernate.persister.walking.spi.MetamodelGraphWalker - Visiting attribute path : reason
20:19:29.123 [main] DEBUG org.hibernate.persister.walking.spi.MetamodelGraphWalker - Visiting attribute path : refundDate
20:19:29.123 [main] DEBUG org.hibernate.persister.walking.spi.MetamodelGraphWalker - Visiting attribute path : relatedPayment
20:19:29.123 [main] DEBUG org.hibernate.loader.plan.build.internal.spaces.QuerySpacesImpl - Adding QuerySpace : uid = <gen:6> -> org.hibernate.loader.plan.build.internal.spaces.EntityQuerySpaceImpl@6bfdaa7a]
20:19:29.123 [main] DEBUG org.hibernate.persister.walking.spi.MetamodelGraphWalker - Visiting attribute path : requestor
20:19:29.123 [main] DEBUG org.hibernate.loader.plan.build.internal.spaces.QuerySpacesImpl - Adding QuerySpace : uid = <gen:7> -> org.hibernate.loader.plan.build.internal.spaces.EntityQuerySpaceImpl@7e3d168e]
20:19:29.123 [main] DEBUG org.hibernate.persister.walking.spi.MetamodelGraphWalker - Visiting attribute path : status
20:19:29.123 [main] DEBUG org.hibernate.persister.walking.spi.MetamodelGraphWalker - Visiting attribute path : statusDate
20:19:29.123 [main] DEBUG org.hibernate.persister.walking.spi.MetamodelGraphWalker - Visiting attribute path : taxAmount
20:19:29.123 [main] DEBUG org.hibernate.loader.plan.build.internal.spaces.QuerySpacesImpl - Adding QuerySpace : uid = <gen:8> -> org.hibernate.loader.plan.build.internal.spaces.EntityQuerySpaceImpl@149b53fa]
20:19:29.123 [main] DEBUG org.hibernate.persister.walking.spi.MetamodelGraphWalker - Visiting attribute path : totalAmount
20:19:29.123 [main] DEBUG org.hibernate.loader.plan.build.internal.spaces.QuerySpacesImpl - Adding QuerySpace : uid = <gen:9> -> org.hibernate.loader.plan.build.internal.spaces.EntityQuerySpaceImpl@73be4cdd]
20:19:29.123 [main] DEBUG org.hibernate.loader.plan.build.internal.FetchStyleLoadPlanBuildingAssociationVisitationStrategy - Building LoadPlan...
20:19:29.124 [main] DEBUG org.hibernate.loader.plan.exec.internal.LoadQueryJoinAndFetchProcessor - processing queryspace <gen:0>
20:19:29.124 [main] DEBUG org.hibernate.loader.plan.build.spi.LoadPlanTreePrinter - LoadPlan(entity=io.swagger.model.RefundType)
    - Returns
       - EntityReturnImpl(entity=io.swagger.model.RefundType, querySpaceUid=<gen:0>, path=io.swagger.model.RefundType)
          - EntityAttributeFetchImpl(entity=io.swagger.model.AccountRefType, querySpaceUid=<gen:1>, path=io.swagger.model.RefundType.account)
          - EntityAttributeFetchImpl(entity=io.swagger.model.MoneyType, querySpaceUid=<gen:2>, path=io.swagger.model.RefundType.amount)
          - EntityAttributeFetchImpl(entity=io.swagger.model.ChannelRefType, querySpaceUid=<gen:3>, path=io.swagger.model.RefundType.channel)
          - CollectionAttributeFetchImpl(collection=io.swagger.model.RefundType.paymentMethod, querySpaceUid=<gen:4>, path=io.swagger.model.RefundType.paymentMethod)
             - (collection element) CollectionFetchableElementEntityGraph(entity=io.swagger.model.PaymentMethodType, querySpaceUid=<gen:5>, path=io.swagger.model.RefundType.paymentMethod.<elements>)
          - EntityAttributeFetchImpl(entity=io.swagger.model.PaymentRefType, querySpaceUid=<gen:6>, path=io.swagger.model.RefundType.relatedPayment)
          - EntityAttributeFetchImpl(entity=io.swagger.model.RelatedPartyRefType, querySpaceUid=<gen:7>, path=io.swagger.model.RefundType.requestor)
          - EntityAttributeFetchImpl(entity=io.swagger.model.MoneyType, querySpaceUid=<gen:8>, path=io.swagger.model.RefundType.taxAmount)
          - EntityAttributeFetchImpl(entity=io.swagger.model.MoneyType, querySpaceUid=<gen:9>, path=io.swagger.model.RefundType.totalAmount)
    - QuerySpaces
       - EntityQuerySpaceImpl(uid=<gen:0>, entity=io.swagger.model.RefundType)
          - SQL table alias mapping - refundtype0_
          - alias suffix - 0_
          - suffixed key columns - {id1_20_0_}

20:19:29.124 [main] DEBUG org.hibernate.loader.entity.plan.EntityLoader - Static select for entity io.swagger.model.RefundType [FORCE]: select refundtype0_.id as id1_20_0_, refundtype0_.account_id as account11_20_0_, refundtype0_.amount_id as amount_12_20_0_, refundtype0_.authorizationCode as authoriz2_20_0_, refundtype0_.channel_id as channel13_20_0_, refundtype0_.correlatorId as correlat3_20_0_, refundtype0_.description as descript4_20_0_, refundtype0_.href as href5_20_0_, refundtype0_.name as name6_20_0_, refundtype0_.reason as reason7_20_0_, refundtype0_.refundDate as refundDa8_20_0_, refundtype0_.relatedPayment_id as related14_20_0_, refundtype0_.requestor_id as request15_20_0_, refundtype0_.status as status9_20_0_, refundtype0_.statusDate as statusD10_20_0_, refundtype0_.taxAmount_id as taxAmou16_20_0_, refundtype0_.totalAmount_id as totalAm17_20_0_ from RefundType refundtype0_ where refundtype0_.id=? for update
20:19:29.125 [main] DEBUG org.hibernate.loader.plan.build.internal.spaces.QuerySpacesImpl - Adding QuerySpace : uid = <gen:0> -> org.hibernate.loader.plan.build.internal.spaces.EntityQuerySpaceImpl@751686aa]
20:19:29.125 [main] DEBUG org.hibernate.persister.walking.spi.MetamodelGraphWalker - Visiting attribute path : account
20:19:29.125 [main] DEBUG org.hibernate.loader.plan.build.internal.spaces.QuerySpacesImpl - Adding QuerySpace : uid = <gen:1> -> org.hibernate.loader.plan.build.internal.spaces.EntityQuerySpaceImpl@2dc3ece8]
20:19:29.125 [main] DEBUG org.hibernate.persister.walking.spi.MetamodelGraphWalker - Visiting attribute path : amount
20:19:29.125 [main] DEBUG org.hibernate.loader.plan.build.internal.spaces.QuerySpacesImpl - Adding QuerySpace : uid = <gen:2> -> org.hibernate.loader.plan.build.internal.spaces.EntityQuerySpaceImpl@2c1a8529]
20:19:29.125 [main] DEBUG org.hibernate.persister.walking.spi.MetamodelGraphWalker - Visiting attribute path : authorizationCode
20:19:29.125 [main] DEBUG org.hibernate.persister.walking.spi.MetamodelGraphWalker - Visiting attribute path : channel
20:19:29.125 [main] DEBUG org.hibernate.loader.plan.build.internal.spaces.QuerySpacesImpl - Adding QuerySpace : uid = <gen:3> -> org.hibernate.loader.plan.build.internal.spaces.EntityQuerySpaceImpl@6d7865d6]
20:19:29.125 [main] DEBUG org.hibernate.persister.walking.spi.MetamodelGraphWalker - Visiting attribute path : correlatorId
20:19:29.125 [main] DEBUG org.hibernate.persister.walking.spi.MetamodelGraphWalker - Visiting attribute path : description
20:19:29.125 [main] DEBUG org.hibernate.persister.walking.spi.MetamodelGraphWalker - Visiting attribute path : href
20:19:29.125 [main] DEBUG org.hibernate.persister.walking.spi.MetamodelGraphWalker - Visiting attribute path : name
20:19:29.125 [main] DEBUG org.hibernate.persister.walking.spi.MetamodelGraphWalker - Visiting attribute path : paymentMethod
20:19:29.125 [main] DEBUG org.hibernate.loader.plan.build.internal.spaces.QuerySpacesImpl - Adding QuerySpace : uid = <gen:4> -> org.hibernate.loader.plan.build.internal.spaces.CollectionQuerySpaceImpl@45e639ee]
20:19:29.125 [main] DEBUG org.hibernate.loader.plan.build.internal.spaces.QuerySpacesImpl - Adding QuerySpace : uid = <gen:5> -> org.hibernate.loader.plan.build.internal.spaces.EntityQuerySpaceImpl@77f03916]
20:19:29.125 [main] DEBUG org.hibernate.persister.walking.spi.MetamodelGraphWalker - Visiting attribute path : reason
20:19:29.126 [main] DEBUG org.hibernate.persister.walking.spi.MetamodelGraphWalker - Visiting attribute path : refundDate
20:19:29.126 [main] DEBUG org.hibernate.persister.walking.spi.MetamodelGraphWalker - Visiting attribute path : relatedPayment
20:19:29.126 [main] DEBUG org.hibernate.loader.plan.build.internal.spaces.QuerySpacesImpl - Adding QuerySpace : uid = <gen:6> -> org.hibernate.loader.plan.build.internal.spaces.EntityQuerySpaceImpl@fbbd90c]
20:19:29.126 [main] DEBUG org.hibernate.persister.walking.spi.MetamodelGraphWalker - Visiting attribute path : requestor
20:19:29.126 [main] DEBUG org.hibernate.loader.plan.build.internal.spaces.QuerySpacesImpl - Adding QuerySpace : uid = <gen:7> -> org.hibernate.loader.plan.build.internal.spaces.EntityQuerySpaceImpl@21c34bf8]
20:19:29.126 [main] DEBUG org.hibernate.persister.walking.spi.MetamodelGraphWalker - Visiting attribute path : status
20:19:29.126 [main] DEBUG org.hibernate.persister.walking.spi.MetamodelGraphWalker - Visiting attribute path : statusDate
20:19:29.126 [main] DEBUG org.hibernate.persister.walking.spi.MetamodelGraphWalker - Visiting attribute path : taxAmount
20:19:29.126 [main] DEBUG org.hibernate.loader.plan.build.internal.spaces.QuerySpacesImpl - Adding QuerySpace : uid = <gen:8> -> org.hibernate.loader.plan.build.internal.spaces.EntityQuerySpaceImpl@559e3f67]
20:19:29.126 [main] DEBUG org.hibernate.persister.walking.spi.MetamodelGraphWalker - Visiting attribute path : totalAmount
20:19:29.126 [main] DEBUG org.hibernate.loader.plan.build.internal.spaces.QuerySpacesImpl - Adding QuerySpace : uid = <gen:9> -> org.hibernate.loader.plan.build.internal.spaces.EntityQuerySpaceImpl@23d0944b]
20:19:29.126 [main] DEBUG org.hibernate.loader.plan.build.internal.FetchStyleLoadPlanBuildingAssociationVisitationStrategy - Building LoadPlan...
20:19:29.127 [main] DEBUG org.hibernate.loader.plan.exec.internal.LoadQueryJoinAndFetchProcessor - processing queryspace <gen:0>
20:19:29.127 [main] DEBUG org.hibernate.loader.plan.build.spi.LoadPlanTreePrinter - LoadPlan(entity=io.swagger.model.RefundType)
    - Returns
       - EntityReturnImpl(entity=io.swagger.model.RefundType, querySpaceUid=<gen:0>, path=io.swagger.model.RefundType)
          - EntityAttributeFetchImpl(entity=io.swagger.model.AccountRefType, querySpaceUid=<gen:1>, path=io.swagger.model.RefundType.account)
          - EntityAttributeFetchImpl(entity=io.swagger.model.MoneyType, querySpaceUid=<gen:2>, path=io.swagger.model.RefundType.amount)
          - EntityAttributeFetchImpl(entity=io.swagger.model.ChannelRefType, querySpaceUid=<gen:3>, path=io.swagger.model.RefundType.channel)
          - CollectionAttributeFetchImpl(collection=io.swagger.model.RefundType.paymentMethod, querySpaceUid=<gen:4>, path=io.swagger.model.RefundType.paymentMethod)
             - (collection element) CollectionFetchableElementEntityGraph(entity=io.swagger.model.PaymentMethodType, querySpaceUid=<gen:5>, path=io.swagger.model.RefundType.paymentMethod.<elements>)
          - EntityAttributeFetchImpl(entity=io.swagger.model.PaymentRefType, querySpaceUid=<gen:6>, path=io.swagger.model.RefundType.relatedPayment)
          - EntityAttributeFetchImpl(entity=io.swagger.model.RelatedPartyRefType, querySpaceUid=<gen:7>, path=io.swagger.model.RefundType.requestor)
          - EntityAttributeFetchImpl(entity=io.swagger.model.MoneyType, querySpaceUid=<gen:8>, path=io.swagger.model.RefundType.taxAmount)
          - EntityAttributeFetchImpl(entity=io.swagger.model.MoneyType, querySpaceUid=<gen:9>, path=io.swagger.model.RefundType.totalAmount)
    - QuerySpaces
       - EntityQuerySpaceImpl(uid=<gen:0>, entity=io.swagger.model.RefundType)
          - SQL table alias mapping - refundtype0_
          - alias suffix - 0_
          - suffixed key columns - {id1_20_0_}

20:19:29.127 [main] DEBUG org.hibernate.loader.entity.plan.EntityLoader - Static select for entity io.swagger.model.RefundType [PESSIMISTIC_READ]: select refundtype0_.id as id1_20_0_, refundtype0_.account_id as account11_20_0_, refundtype0_.amount_id as amount_12_20_0_, refundtype0_.authorizationCode as authoriz2_20_0_, refundtype0_.channel_id as channel13_20_0_, refundtype0_.correlatorId as correlat3_20_0_, refundtype0_.description as descript4_20_0_, refundtype0_.href as href5_20_0_, refundtype0_.name as name6_20_0_, refundtype0_.reason as reason7_20_0_, refundtype0_.refundDate as refundDa8_20_0_, refundtype0_.relatedPayment_id as related14_20_0_, refundtype0_.requestor_id as request15_20_0_, refundtype0_.status as status9_20_0_, refundtype0_.statusDate as statusD10_20_0_, refundtype0_.taxAmount_id as taxAmou16_20_0_, refundtype0_.totalAmount_id as totalAm17_20_0_ from RefundType refundtype0_ where refundtype0_.id=? lock in share mode
20:19:29.128 [main] DEBUG org.hibernate.loader.plan.build.internal.spaces.QuerySpacesImpl - Adding QuerySpace : uid = <gen:0> -> org.hibernate.loader.plan.build.internal.spaces.EntityQuerySpaceImpl@72f24a84]
20:19:29.128 [main] DEBUG org.hibernate.persister.walking.spi.MetamodelGraphWalker - Visiting attribute path : account
20:19:29.128 [main] DEBUG org.hibernate.loader.plan.build.internal.spaces.QuerySpacesImpl - Adding QuerySpace : uid = <gen:1> -> org.hibernate.loader.plan.build.internal.spaces.EntityQuerySpaceImpl@6d9428f3]
20:19:29.128 [main] DEBUG org.hibernate.persister.walking.spi.MetamodelGraphWalker - Visiting attribute path : amount
20:19:29.128 [main] DEBUG org.hibernate.loader.plan.build.internal.spaces.QuerySpacesImpl - Adding QuerySpace : uid = <gen:2> -> org.hibernate.loader.plan.build.internal.spaces.EntityQuerySpaceImpl@4ac19bc6]
20:19:29.128 [main] DEBUG org.hibernate.persister.walking.spi.MetamodelGraphWalker - Visiting attribute path : authorizationCode
20:19:29.128 [main] DEBUG org.hibernate.persister.walking.spi.MetamodelGraphWalker - Visiting attribute path : channel
20:19:29.128 [main] DEBUG org.hibernate.loader.plan.build.internal.spaces.QuerySpacesImpl - Adding QuerySpace : uid = <gen:3> -> org.hibernate.loader.plan.build.internal.spaces.EntityQuerySpaceImpl@2a075e70]
20:19:29.128 [main] DEBUG org.hibernate.persister.walking.spi.MetamodelGraphWalker - Visiting attribute path : correlatorId
20:19:29.128 [main] DEBUG org.hibernate.persister.walking.spi.MetamodelGraphWalker - Visiting attribute path : description
20:19:29.128 [main] DEBUG org.hibernate.persister.walking.spi.MetamodelGraphWalker - Visiting attribute path : href
20:19:29.128 [main] DEBUG org.hibernate.persister.walking.spi.MetamodelGraphWalker - Visiting attribute path : name
20:19:29.128 [main] DEBUG org.hibernate.persister.walking.spi.MetamodelGraphWalker - Visiting attribute path : paymentMethod
20:19:29.128 [main] DEBUG org.hibernate.loader.plan.build.internal.spaces.QuerySpacesImpl - Adding QuerySpace : uid = <gen:4> -> org.hibernate.loader.plan.build.internal.spaces.CollectionQuerySpaceImpl@492c9892]
20:19:29.128 [main] DEBUG org.hibernate.loader.plan.build.internal.spaces.QuerySpacesImpl - Adding QuerySpace : uid = <gen:5> -> org.hibernate.loader.plan.build.internal.spaces.EntityQuerySpaceImpl@533e2f4]
20:19:29.128 [main] DEBUG org.hibernate.persister.walking.spi.MetamodelGraphWalker - Visiting attribute path : reason
20:19:29.128 [main] DEBUG org.hibernate.persister.walking.spi.MetamodelGraphWalker - Visiting attribute path : refundDate
20:19:29.128 [main] DEBUG org.hibernate.persister.walking.spi.MetamodelGraphWalker - Visiting attribute path : relatedPayment
20:19:29.129 [main] DEBUG org.hibernate.loader.plan.build.internal.spaces.QuerySpacesImpl - Adding QuerySpace : uid = <gen:6> -> org.hibernate.loader.plan.build.internal.spaces.EntityQuerySpaceImpl@436a563f]
20:19:29.129 [main] DEBUG org.hibernate.persister.walking.spi.MetamodelGraphWalker - Visiting attribute path : requestor
20:19:29.129 [main] DEBUG org.hibernate.loader.plan.build.internal.spaces.QuerySpacesImpl - Adding QuerySpace : uid = <gen:7> -> org.hibernate.loader.plan.build.internal.spaces.EntityQuerySpaceImpl@538e74fc]
20:19:29.129 [main] DEBUG org.hibernate.persister.walking.spi.MetamodelGraphWalker - Visiting attribute path : status
20:19:29.129 [main] DEBUG org.hibernate.persister.walking.spi.MetamodelGraphWalker - Visiting attribute path : statusDate
20:19:29.129 [main] DEBUG org.hibernate.persister.walking.spi.MetamodelGraphWalker - Visiting attribute path : taxAmount
20:19:29.129 [main] DEBUG org.hibernate.loader.plan.build.internal.spaces.QuerySpacesImpl - Adding QuerySpace : uid = <gen:8> -> org.hibernate.loader.plan.build.internal.spaces.EntityQuerySpaceImpl@7ecb9e17]
20:19:29.129 [main] DEBUG org.hibernate.persister.walking.spi.MetamodelGraphWalker - Visiting attribute path : totalAmount
20:19:29.129 [main] DEBUG org.hibernate.loader.plan.build.internal.spaces.QuerySpacesImpl - Adding QuerySpace : uid = <gen:9> -> org.hibernate.loader.plan.build.internal.spaces.EntityQuerySpaceImpl@6475e778]
20:19:29.129 [main] DEBUG org.hibernate.loader.plan.build.internal.FetchStyleLoadPlanBuildingAssociationVisitationStrategy - Building LoadPlan...
20:19:29.129 [main] DEBUG org.hibernate.loader.plan.exec.internal.LoadQueryJoinAndFetchProcessor - processing queryspace <gen:0>
20:19:29.130 [main] DEBUG org.hibernate.loader.plan.build.spi.LoadPlanTreePrinter - LoadPlan(entity=io.swagger.model.RefundType)
    - Returns
       - EntityReturnImpl(entity=io.swagger.model.RefundType, querySpaceUid=<gen:0>, path=io.swagger.model.RefundType)
          - EntityAttributeFetchImpl(entity=io.swagger.model.AccountRefType, querySpaceUid=<gen:1>, path=io.swagger.model.RefundType.account)
          - EntityAttributeFetchImpl(entity=io.swagger.model.MoneyType, querySpaceUid=<gen:2>, path=io.swagger.model.RefundType.amount)
          - EntityAttributeFetchImpl(entity=io.swagger.model.ChannelRefType, querySpaceUid=<gen:3>, path=io.swagger.model.RefundType.channel)
          - CollectionAttributeFetchImpl(collection=io.swagger.model.RefundType.paymentMethod, querySpaceUid=<gen:4>, path=io.swagger.model.RefundType.paymentMethod)
             - (collection element) CollectionFetchableElementEntityGraph(entity=io.swagger.model.PaymentMethodType, querySpaceUid=<gen:5>, path=io.swagger.model.RefundType.paymentMethod.<elements>)
          - EntityAttributeFetchImpl(entity=io.swagger.model.PaymentRefType, querySpaceUid=<gen:6>, path=io.swagger.model.RefundType.relatedPayment)
          - EntityAttributeFetchImpl(entity=io.swagger.model.RelatedPartyRefType, querySpaceUid=<gen:7>, path=io.swagger.model.RefundType.requestor)
          - EntityAttributeFetchImpl(entity=io.swagger.model.MoneyType, querySpaceUid=<gen:8>, path=io.swagger.model.RefundType.taxAmount)
          - EntityAttributeFetchImpl(entity=io.swagger.model.MoneyType, querySpaceUid=<gen:9>, path=io.swagger.model.RefundType.totalAmount)
    - QuerySpaces
       - EntityQuerySpaceImpl(uid=<gen:0>, entity=io.swagger.model.RefundType)
          - SQL table alias mapping - refundtype0_
          - alias suffix - 0_
          - suffixed key columns - {id1_20_0_}

20:19:29.130 [main] DEBUG org.hibernate.loader.entity.plan.EntityLoader - Static select for entity io.swagger.model.RefundType [PESSIMISTIC_WRITE]: select refundtype0_.id as id1_20_0_, refundtype0_.account_id as account11_20_0_, refundtype0_.amount_id as amount_12_20_0_, refundtype0_.authorizationCode as authoriz2_20_0_, refundtype0_.channel_id as channel13_20_0_, refundtype0_.correlatorId as correlat3_20_0_, refundtype0_.description as descript4_20_0_, refundtype0_.href as href5_20_0_, refundtype0_.name as name6_20_0_, refundtype0_.reason as reason7_20_0_, refundtype0_.refundDate as refundDa8_20_0_, refundtype0_.relatedPayment_id as related14_20_0_, refundtype0_.requestor_id as request15_20_0_, refundtype0_.status as status9_20_0_, refundtype0_.statusDate as statusD10_20_0_, refundtype0_.taxAmount_id as taxAmou16_20_0_, refundtype0_.totalAmount_id as totalAm17_20_0_ from RefundType refundtype0_ where refundtype0_.id=? for update
20:19:29.130 [main] DEBUG org.hibernate.loader.plan.build.internal.spaces.QuerySpacesImpl - Adding QuerySpace : uid = <gen:0> -> org.hibernate.loader.plan.build.internal.spaces.EntityQuerySpaceImpl@75bf9e67]
20:19:29.131 [main] DEBUG org.hibernate.persister.walking.spi.MetamodelGraphWalker - Visiting attribute path : account
20:19:29.131 [main] DEBUG org.hibernate.loader.plan.build.internal.spaces.QuerySpacesImpl - Adding QuerySpace : uid = <gen:1> -> org.hibernate.loader.plan.build.internal.spaces.EntityQuerySpaceImpl@772f3a3f]
20:19:29.131 [main] DEBUG org.hibernate.persister.walking.spi.MetamodelGraphWalker - Visiting attribute path : amount
20:19:29.131 [main] DEBUG org.hibernate.loader.plan.build.internal.spaces.QuerySpacesImpl - Adding QuerySpace : uid = <gen:2> -> org.hibernate.loader.plan.build.internal.spaces.EntityQuerySpaceImpl@3caa4d85]
20:19:29.131 [main] DEBUG org.hibernate.persister.walking.spi.MetamodelGraphWalker - Visiting attribute path : authorizationCode
20:19:29.131 [main] DEBUG org.hibernate.persister.walking.spi.MetamodelGraphWalker - Visiting attribute path : channel
20:19:29.131 [main] DEBUG org.hibernate.loader.plan.build.internal.spaces.QuerySpacesImpl - Adding QuerySpace : uid = <gen:3> -> org.hibernate.loader.plan.build.internal.spaces.EntityQuerySpaceImpl@356fa0d1]
20:19:29.131 [main] DEBUG org.hibernate.persister.walking.spi.MetamodelGraphWalker - Visiting attribute path : correlatorId
20:19:29.131 [main] DEBUG org.hibernate.persister.walking.spi.MetamodelGraphWalker - Visiting attribute path : description
20:19:29.131 [main] DEBUG org.hibernate.persister.walking.spi.MetamodelGraphWalker - Visiting attribute path : href
20:19:29.131 [main] DEBUG org.hibernate.persister.walking.spi.MetamodelGraphWalker - Visiting attribute path : name
20:19:29.131 [main] DEBUG org.hibernate.persister.walking.spi.MetamodelGraphWalker - Visiting attribute path : paymentMethod
20:19:29.131 [main] DEBUG org.hibernate.loader.plan.build.internal.spaces.QuerySpacesImpl - Adding QuerySpace : uid = <gen:4> -> org.hibernate.loader.plan.build.internal.spaces.CollectionQuerySpaceImpl@51508029]
20:19:29.131 [main] DEBUG org.hibernate.loader.plan.build.internal.spaces.QuerySpacesImpl - Adding QuerySpace : uid = <gen:5> -> org.hibernate.loader.plan.build.internal.spaces.EntityQuerySpaceImpl@5f20b6fe]
20:19:29.131 [main] DEBUG org.hibernate.persister.walking.spi.MetamodelGraphWalker - Visiting attribute path : reason
20:19:29.131 [main] DEBUG org.hibernate.persister.walking.spi.MetamodelGraphWalker - Visiting attribute path : refundDate
20:19:29.131 [main] DEBUG org.hibernate.persister.walking.spi.MetamodelGraphWalker - Visiting attribute path : relatedPayment
20:19:29.131 [main] DEBUG org.hibernate.loader.plan.build.internal.spaces.QuerySpacesImpl - Adding QuerySpace : uid = <gen:6> -> org.hibernate.loader.plan.build.internal.spaces.EntityQuerySpaceImpl@31880efa]
20:19:29.132 [main] DEBUG org.hibernate.persister.walking.spi.MetamodelGraphWalker - Visiting attribute path : requestor
20:19:29.132 [main] DEBUG org.hibernate.loader.plan.build.internal.spaces.QuerySpacesImpl - Adding QuerySpace : uid = <gen:7> -> org.hibernate.loader.plan.build.internal.spaces.EntityQuerySpaceImpl@79295932]
20:19:29.132 [main] DEBUG org.hibernate.persister.walking.spi.MetamodelGraphWalker - Visiting attribute path : status
20:19:29.132 [main] DEBUG org.hibernate.persister.walking.spi.MetamodelGraphWalker - Visiting attribute path : statusDate
20:19:29.132 [main] DEBUG org.hibernate.persister.walking.spi.MetamodelGraphWalker - Visiting attribute path : taxAmount
20:19:29.132 [main] DEBUG org.hibernate.loader.plan.build.internal.spaces.QuerySpacesImpl - Adding QuerySpace : uid = <gen:8> -> org.hibernate.loader.plan.build.internal.spaces.EntityQuerySpaceImpl@2cadcff6]
20:19:29.132 [main] DEBUG org.hibernate.persister.walking.spi.MetamodelGraphWalker - Visiting attribute path : totalAmount
20:19:29.132 [main] DEBUG org.hibernate.loader.plan.build.internal.spaces.QuerySpacesImpl - Adding QuerySpace : uid = <gen:9> -> org.hibernate.loader.plan.build.internal.spaces.EntityQuerySpaceImpl@76e00bdb]
20:19:29.132 [main] DEBUG org.hibernate.loader.plan.build.internal.FetchStyleLoadPlanBuildingAssociationVisitationStrategy - Building LoadPlan...
20:19:29.132 [main] DEBUG org.hibernate.loader.plan.exec.internal.LoadQueryJoinAndFetchProcessor - processing queryspace <gen:0>
20:19:29.133 [main] DEBUG org.hibernate.loader.plan.build.spi.LoadPlanTreePrinter - LoadPlan(entity=io.swagger.model.RefundType)
    - Returns
       - EntityReturnImpl(entity=io.swagger.model.RefundType, querySpaceUid=<gen:0>, path=io.swagger.model.RefundType)
          - EntityAttributeFetchImpl(entity=io.swagger.model.AccountRefType, querySpaceUid=<gen:1>, path=io.swagger.model.RefundType.account)
          - EntityAttributeFetchImpl(entity=io.swagger.model.MoneyType, querySpaceUid=<gen:2>, path=io.swagger.model.RefundType.amount)
          - EntityAttributeFetchImpl(entity=io.swagger.model.ChannelRefType, querySpaceUid=<gen:3>, path=io.swagger.model.RefundType.channel)
          - CollectionAttributeFetchImpl(collection=io.swagger.model.RefundType.paymentMethod, querySpaceUid=<gen:4>, path=io.swagger.model.RefundType.paymentMethod)
             - (collection element) CollectionFetchableElementEntityGraph(entity=io.swagger.model.PaymentMethodType, querySpaceUid=<gen:5>, path=io.swagger.model.RefundType.paymentMethod.<elements>)
          - EntityAttributeFetchImpl(entity=io.swagger.model.PaymentRefType, querySpaceUid=<gen:6>, path=io.swagger.model.RefundType.relatedPayment)
          - EntityAttributeFetchImpl(entity=io.swagger.model.RelatedPartyRefType, querySpaceUid=<gen:7>, path=io.swagger.model.RefundType.requestor)
          - EntityAttributeFetchImpl(entity=io.swagger.model.MoneyType, querySpaceUid=<gen:8>, path=io.swagger.model.RefundType.taxAmount)
          - EntityAttributeFetchImpl(entity=io.swagger.model.MoneyType, querySpaceUid=<gen:9>, path=io.swagger.model.RefundType.totalAmount)
    - QuerySpaces
       - EntityQuerySpaceImpl(uid=<gen:0>, entity=io.swagger.model.RefundType)
          - SQL table alias mapping - refundtype0_
          - alias suffix - 0_
          - suffixed key columns - {id1_20_0_}

20:19:29.133 [main] DEBUG org.hibernate.loader.entity.plan.EntityLoader - Static select for entity io.swagger.model.RefundType [PESSIMISTIC_FORCE_INCREMENT]: select refundtype0_.id as id1_20_0_, refundtype0_.account_id as account11_20_0_, refundtype0_.amount_id as amount_12_20_0_, refundtype0_.authorizationCode as authoriz2_20_0_, refundtype0_.channel_id as channel13_20_0_, refundtype0_.correlatorId as correlat3_20_0_, refundtype0_.description as descript4_20_0_, refundtype0_.href as href5_20_0_, refundtype0_.name as name6_20_0_, refundtype0_.reason as reason7_20_0_, refundtype0_.refundDate as refundDa8_20_0_, refundtype0_.relatedPayment_id as related14_20_0_, refundtype0_.requestor_id as request15_20_0_, refundtype0_.status as status9_20_0_, refundtype0_.statusDate as statusD10_20_0_, refundtype0_.taxAmount_id as taxAmou16_20_0_, refundtype0_.totalAmount_id as totalAm17_20_0_ from RefundType refundtype0_ where refundtype0_.id=? for update
20:19:29.133 [main] DEBUG org.hibernate.loader.plan.build.internal.spaces.QuerySpacesImpl - Adding QuerySpace : uid = <gen:0> -> org.hibernate.loader.plan.build.internal.spaces.EntityQuerySpaceImpl@7ee2423]
20:19:29.133 [main] DEBUG org.hibernate.persister.walking.spi.MetamodelGraphWalker - Visiting attribute path : account
20:19:29.133 [main] DEBUG org.hibernate.loader.plan.build.internal.spaces.QuerySpacesImpl - Adding QuerySpace : uid = <gen:1> -> org.hibernate.loader.plan.build.internal.spaces.EntityQuerySpaceImpl@762da62b]
20:19:29.134 [main] DEBUG org.hibernate.persister.walking.spi.MetamodelGraphWalker - Visiting attribute path : amount
20:19:29.134 [main] DEBUG org.hibernate.loader.plan.build.internal.spaces.QuerySpacesImpl - Adding QuerySpace : uid = <gen:2> -> org.hibernate.loader.plan.build.internal.spaces.EntityQuerySpaceImpl@e5c5e6]
20:19:29.134 [main] DEBUG org.hibernate.persister.walking.spi.MetamodelGraphWalker - Visiting attribute path : authorizationCode
20:19:29.134 [main] DEBUG org.hibernate.persister.walking.spi.MetamodelGraphWalker - Visiting attribute path : channel
20:19:29.134 [main] DEBUG org.hibernate.loader.plan.build.internal.spaces.QuerySpacesImpl - Adding QuerySpace : uid = <gen:3> -> org.hibernate.loader.plan.build.internal.spaces.EntityQuerySpaceImpl@76dc36e5]
20:19:29.134 [main] DEBUG org.hibernate.persister.walking.spi.MetamodelGraphWalker - Visiting attribute path : correlatorId
20:19:29.134 [main] DEBUG org.hibernate.persister.walking.spi.MetamodelGraphWalker - Visiting attribute path : description
20:19:29.134 [main] DEBUG org.hibernate.persister.walking.spi.MetamodelGraphWalker - Visiting attribute path : href
20:19:29.134 [main] DEBUG org.hibernate.persister.walking.spi.MetamodelGraphWalker - Visiting attribute path : name
20:19:29.134 [main] DEBUG org.hibernate.persister.walking.spi.MetamodelGraphWalker - Visiting attribute path : paymentMethod
20:19:29.134 [main] DEBUG org.hibernate.loader.plan.build.internal.spaces.QuerySpacesImpl - Adding QuerySpace : uid = <gen:4> -> org.hibernate.loader.plan.build.internal.spaces.CollectionQuerySpaceImpl@2a54c92e]
20:19:29.134 [main] DEBUG org.hibernate.loader.plan.build.internal.spaces.QuerySpacesImpl - Adding QuerySpace : uid = <gen:5> -> org.hibernate.loader.plan.build.internal.spaces.EntityQuerySpaceImpl@31533eb1]
20:19:29.134 [main] DEBUG org.hibernate.persister.walking.spi.MetamodelGraphWalker - Visiting attribute path : reason
20:19:29.134 [main] DEBUG org.hibernate.persister.walking.spi.MetamodelGraphWalker - Visiting attribute path : refundDate
20:19:29.134 [main] DEBUG org.hibernate.persister.walking.spi.MetamodelGraphWalker - Visiting attribute path : relatedPayment
20:19:29.134 [main] DEBUG org.hibernate.loader.plan.build.internal.spaces.QuerySpacesImpl - Adding QuerySpace : uid = <gen:6> -> org.hibernate.loader.plan.build.internal.spaces.EntityQuerySpaceImpl@1fb71788]
20:19:29.134 [main] DEBUG org.hibernate.persister.walking.spi.MetamodelGraphWalker - Visiting attribute path : requestor
20:19:29.134 [main] DEBUG org.hibernate.loader.plan.build.internal.spaces.QuerySpacesImpl - Adding QuerySpace : uid = <gen:7> -> org.hibernate.loader.plan.build.internal.spaces.EntityQuerySpaceImpl@8cb7185]
20:19:29.134 [main] DEBUG org.hibernate.persister.walking.spi.MetamodelGraphWalker - Visiting attribute path : status
20:19:29.134 [main] DEBUG org.hibernate.persister.walking.spi.MetamodelGraphWalker - Visiting attribute path : statusDate
20:19:29.134 [main] DEBUG org.hibernate.persister.walking.spi.MetamodelGraphWalker - Visiting attribute path : taxAmount
20:19:29.135 [main] DEBUG org.hibernate.loader.plan.build.internal.spaces.QuerySpacesImpl - Adding QuerySpace : uid = <gen:8> -> org.hibernate.loader.plan.build.internal.spaces.EntityQuerySpaceImpl@4dac40b]
20:19:29.135 [main] DEBUG org.hibernate.persister.walking.spi.MetamodelGraphWalker - Visiting attribute path : totalAmount
20:19:29.135 [main] DEBUG org.hibernate.loader.plan.build.internal.spaces.QuerySpacesImpl - Adding QuerySpace : uid = <gen:9> -> org.hibernate.loader.plan.build.internal.spaces.EntityQuerySpaceImpl@2c54c497]
20:19:29.135 [main] DEBUG org.hibernate.loader.plan.build.internal.FetchStyleLoadPlanBuildingAssociationVisitationStrategy - Building LoadPlan...
20:19:29.135 [main] DEBUG org.hibernate.loader.plan.exec.internal.LoadQueryJoinAndFetchProcessor - processing queryspace <gen:0>
20:19:29.136 [main] DEBUG org.hibernate.loader.plan.build.spi.LoadPlanTreePrinter - LoadPlan(entity=io.swagger.model.RefundType)
    - Returns
       - EntityReturnImpl(entity=io.swagger.model.RefundType, querySpaceUid=<gen:0>, path=io.swagger.model.RefundType)
          - EntityAttributeFetchImpl(entity=io.swagger.model.AccountRefType, querySpaceUid=<gen:1>, path=io.swagger.model.RefundType.account)
          - EntityAttributeFetchImpl(entity=io.swagger.model.MoneyType, querySpaceUid=<gen:2>, path=io.swagger.model.RefundType.amount)
          - EntityAttributeFetchImpl(entity=io.swagger.model.ChannelRefType, querySpaceUid=<gen:3>, path=io.swagger.model.RefundType.channel)
          - CollectionAttributeFetchImpl(collection=io.swagger.model.RefundType.paymentMethod, querySpaceUid=<gen:4>, path=io.swagger.model.RefundType.paymentMethod)
             - (collection element) CollectionFetchableElementEntityGraph(entity=io.swagger.model.PaymentMethodType, querySpaceUid=<gen:5>, path=io.swagger.model.RefundType.paymentMethod.<elements>)
          - EntityAttributeFetchImpl(entity=io.swagger.model.PaymentRefType, querySpaceUid=<gen:6>, path=io.swagger.model.RefundType.relatedPayment)
          - EntityAttributeFetchImpl(entity=io.swagger.model.RelatedPartyRefType, querySpaceUid=<gen:7>, path=io.swagger.model.RefundType.requestor)
          - EntityAttributeFetchImpl(entity=io.swagger.model.MoneyType, querySpaceUid=<gen:8>, path=io.swagger.model.RefundType.taxAmount)
          - EntityAttributeFetchImpl(entity=io.swagger.model.MoneyType, querySpaceUid=<gen:9>, path=io.swagger.model.RefundType.totalAmount)
    - QuerySpaces
       - EntityQuerySpaceImpl(uid=<gen:0>, entity=io.swagger.model.RefundType)
          - SQL table alias mapping - refundtype0_
          - alias suffix - 0_
          - suffixed key columns - {id1_20_0_}

20:19:29.136 [main] DEBUG org.hibernate.loader.entity.plan.EntityLoader - Static select for entity io.swagger.model.RefundType [OPTIMISTIC]: select refundtype0_.id as id1_20_0_, refundtype0_.account_id as account11_20_0_, refundtype0_.amount_id as amount_12_20_0_, refundtype0_.authorizationCode as authoriz2_20_0_, refundtype0_.channel_id as channel13_20_0_, refundtype0_.correlatorId as correlat3_20_0_, refundtype0_.description as descript4_20_0_, refundtype0_.href as href5_20_0_, refundtype0_.name as name6_20_0_, refundtype0_.reason as reason7_20_0_, refundtype0_.refundDate as refundDa8_20_0_, refundtype0_.relatedPayment_id as related14_20_0_, refundtype0_.requestor_id as request15_20_0_, refundtype0_.status as status9_20_0_, refundtype0_.statusDate as statusD10_20_0_, refundtype0_.taxAmount_id as taxAmou16_20_0_, refundtype0_.totalAmount_id as totalAm17_20_0_ from RefundType refundtype0_ where refundtype0_.id=?
20:19:29.136 [main] DEBUG org.hibernate.loader.plan.build.internal.spaces.QuerySpacesImpl - Adding QuerySpace : uid = <gen:0> -> org.hibernate.loader.plan.build.internal.spaces.EntityQuerySpaceImpl@b788dc2]
20:19:29.136 [main] DEBUG org.hibernate.persister.walking.spi.MetamodelGraphWalker - Visiting attribute path : account
20:19:29.136 [main] DEBUG org.hibernate.loader.plan.build.internal.spaces.QuerySpacesImpl - Adding QuerySpace : uid = <gen:1> -> org.hibernate.loader.plan.build.internal.spaces.EntityQuerySpaceImpl@a44effb]
20:19:29.136 [main] DEBUG org.hibernate.persister.walking.spi.MetamodelGraphWalker - Visiting attribute path : amount
20:19:29.136 [main] DEBUG org.hibernate.loader.plan.build.internal.spaces.QuerySpacesImpl - Adding QuerySpace : uid = <gen:2> -> org.hibernate.loader.plan.build.internal.spaces.EntityQuerySpaceImpl@3ee258]
20:19:29.136 [main] DEBUG org.hibernate.persister.walking.spi.MetamodelGraphWalker - Visiting attribute path : authorizationCode
20:19:29.136 [main] DEBUG org.hibernate.persister.walking.spi.MetamodelGraphWalker - Visiting attribute path : channel
20:19:29.137 [main] DEBUG org.hibernate.loader.plan.build.internal.spaces.QuerySpacesImpl - Adding QuerySpace : uid = <gen:3> -> org.hibernate.loader.plan.build.internal.spaces.EntityQuerySpaceImpl@4f676900]
20:19:29.137 [main] DEBUG org.hibernate.persister.walking.spi.MetamodelGraphWalker - Visiting attribute path : correlatorId
20:19:29.137 [main] DEBUG org.hibernate.persister.walking.spi.MetamodelGraphWalker - Visiting attribute path : description
20:19:29.137 [main] DEBUG org.hibernate.persister.walking.spi.MetamodelGraphWalker - Visiting attribute path : href
20:19:29.137 [main] DEBUG org.hibernate.persister.walking.spi.MetamodelGraphWalker - Visiting attribute path : name
20:19:29.137 [main] DEBUG org.hibernate.persister.walking.spi.MetamodelGraphWalker - Visiting attribute path : paymentMethod
20:19:29.137 [main] DEBUG org.hibernate.loader.plan.build.internal.spaces.QuerySpacesImpl - Adding QuerySpace : uid = <gen:4> -> org.hibernate.loader.plan.build.internal.spaces.CollectionQuerySpaceImpl@73a49597]
20:19:29.137 [main] DEBUG org.hibernate.loader.plan.build.internal.spaces.QuerySpacesImpl - Adding QuerySpace : uid = <gen:5> -> org.hibernate.loader.plan.build.internal.spaces.EntityQuerySpaceImpl@5eb2972f]
20:19:29.137 [main] DEBUG org.hibernate.persister.walking.spi.MetamodelGraphWalker - Visiting attribute path : reason
20:19:29.137 [main] DEBUG org.hibernate.persister.walking.spi.MetamodelGraphWalker - Visiting attribute path : refundDate
20:19:29.137 [main] DEBUG org.hibernate.persister.walking.spi.MetamodelGraphWalker - Visiting attribute path : relatedPayment
20:19:29.137 [main] DEBUG org.hibernate.loader.plan.build.internal.spaces.QuerySpacesImpl - Adding QuerySpace : uid = <gen:6> -> org.hibernate.loader.plan.build.internal.spaces.EntityQuerySpaceImpl@29699283]
20:19:29.137 [main] DEBUG org.hibernate.persister.walking.spi.MetamodelGraphWalker - Visiting attribute path : requestor
20:19:29.137 [main] DEBUG org.hibernate.loader.plan.build.internal.spaces.QuerySpacesImpl - Adding QuerySpace : uid = <gen:7> -> org.hibernate.loader.plan.build.internal.spaces.EntityQuerySpaceImpl@5d32c1c7]
20:19:29.137 [main] DEBUG org.hibernate.persister.walking.spi.MetamodelGraphWalker - Visiting attribute path : status
20:19:29.137 [main] DEBUG org.hibernate.persister.walking.spi.MetamodelGraphWalker - Visiting attribute path : statusDate
20:19:29.137 [main] DEBUG org.hibernate.persister.walking.spi.MetamodelGraphWalker - Visiting attribute path : taxAmount
20:19:29.137 [main] DEBUG org.hibernate.loader.plan.build.internal.spaces.QuerySpacesImpl - Adding QuerySpace : uid = <gen:8> -> org.hibernate.loader.plan.build.internal.spaces.EntityQuerySpaceImpl@a6dffdb]
20:19:29.137 [main] DEBUG org.hibernate.persister.walking.spi.MetamodelGraphWalker - Visiting attribute path : totalAmount
20:19:29.138 [main] DEBUG org.hibernate.loader.plan.build.internal.spaces.QuerySpacesImpl - Adding QuerySpace : uid = <gen:9> -> org.hibernate.loader.plan.build.internal.spaces.EntityQuerySpaceImpl@40ac0a56]
20:19:29.138 [main] DEBUG org.hibernate.loader.plan.build.internal.FetchStyleLoadPlanBuildingAssociationVisitationStrategy - Building LoadPlan...
20:19:29.138 [main] DEBUG org.hibernate.loader.plan.exec.internal.LoadQueryJoinAndFetchProcessor - processing queryspace <gen:0>
20:19:29.139 [main] DEBUG org.hibernate.loader.plan.build.spi.LoadPlanTreePrinter - LoadPlan(entity=io.swagger.model.RefundType)
    - Returns
       - EntityReturnImpl(entity=io.swagger.model.RefundType, querySpaceUid=<gen:0>, path=io.swagger.model.RefundType)
          - EntityAttributeFetchImpl(entity=io.swagger.model.AccountRefType, querySpaceUid=<gen:1>, path=io.swagger.model.RefundType.account)
          - EntityAttributeFetchImpl(entity=io.swagger.model.MoneyType, querySpaceUid=<gen:2>, path=io.swagger.model.RefundType.amount)
          - EntityAttributeFetchImpl(entity=io.swagger.model.ChannelRefType, querySpaceUid=<gen:3>, path=io.swagger.model.RefundType.channel)
          - CollectionAttributeFetchImpl(collection=io.swagger.model.RefundType.paymentMethod, querySpaceUid=<gen:4>, path=io.swagger.model.RefundType.paymentMethod)
             - (collection element) CollectionFetchableElementEntityGraph(entity=io.swagger.model.PaymentMethodType, querySpaceUid=<gen:5>, path=io.swagger.model.RefundType.paymentMethod.<elements>)
          - EntityAttributeFetchImpl(entity=io.swagger.model.PaymentRefType, querySpaceUid=<gen:6>, path=io.swagger.model.RefundType.relatedPayment)
          - EntityAttributeFetchImpl(entity=io.swagger.model.RelatedPartyRefType, querySpaceUid=<gen:7>, path=io.swagger.model.RefundType.requestor)
          - EntityAttributeFetchImpl(entity=io.swagger.model.MoneyType, querySpaceUid=<gen:8>, path=io.swagger.model.RefundType.taxAmount)
          - EntityAttributeFetchImpl(entity=io.swagger.model.MoneyType, querySpaceUid=<gen:9>, path=io.swagger.model.RefundType.totalAmount)
    - QuerySpaces
       - EntityQuerySpaceImpl(uid=<gen:0>, entity=io.swagger.model.RefundType)
          - SQL table alias mapping - refundtype0_
          - alias suffix - 0_
          - suffixed key columns - {id1_20_0_}

20:19:29.139 [main] DEBUG org.hibernate.loader.entity.plan.EntityLoader - Static select for entity io.swagger.model.RefundType [OPTIMISTIC_FORCE_INCREMENT]: select refundtype0_.id as id1_20_0_, refundtype0_.account_id as account11_20_0_, refundtype0_.amount_id as amount_12_20_0_, refundtype0_.authorizationCode as authoriz2_20_0_, refundtype0_.channel_id as channel13_20_0_, refundtype0_.correlatorId as correlat3_20_0_, refundtype0_.description as descript4_20_0_, refundtype0_.href as href5_20_0_, refundtype0_.name as name6_20_0_, refundtype0_.reason as reason7_20_0_, refundtype0_.refundDate as refundDa8_20_0_, refundtype0_.relatedPayment_id as related14_20_0_, refundtype0_.requestor_id as request15_20_0_, refundtype0_.status as status9_20_0_, refundtype0_.statusDate as statusD10_20_0_, refundtype0_.taxAmount_id as taxAmou16_20_0_, refundtype0_.totalAmount_id as totalAm17_20_0_ from RefundType refundtype0_ where refundtype0_.id=?
20:19:29.139 [main] DEBUG org.hibernate.loader.Loader - Static select for action ACTION_MERGE on entity io.swagger.model.RefundType: select refundtype0_.id as id1_20_0_, refundtype0_.account_id as account11_20_0_, refundtype0_.amount_id as amount_12_20_0_, refundtype0_.authorizationCode as authoriz2_20_0_, refundtype0_.channel_id as channel13_20_0_, refundtype0_.correlatorId as correlat3_20_0_, refundtype0_.description as descript4_20_0_, refundtype0_.href as href5_20_0_, refundtype0_.name as name6_20_0_, refundtype0_.reason as reason7_20_0_, refundtype0_.refundDate as refundDa8_20_0_, refundtype0_.relatedPayment_id as related14_20_0_, refundtype0_.requestor_id as request15_20_0_, refundtype0_.status as status9_20_0_, refundtype0_.statusDate as statusD10_20_0_, refundtype0_.taxAmount_id as taxAmou16_20_0_, refundtype0_.totalAmount_id as totalAm17_20_0_ from RefundType refundtype0_ where refundtype0_.id=?
20:19:29.140 [main] DEBUG org.hibernate.loader.Loader - Static select for action ACTION_REFRESH on entity io.swagger.model.RefundType: select refundtype0_.id as id1_20_0_, refundtype0_.account_id as account11_20_0_, refundtype0_.amount_id as amount_12_20_0_, refundtype0_.authorizationCode as authoriz2_20_0_, refundtype0_.channel_id as channel13_20_0_, refundtype0_.correlatorId as correlat3_20_0_, refundtype0_.description as descript4_20_0_, refundtype0_.href as href5_20_0_, refundtype0_.name as name6_20_0_, refundtype0_.reason as reason7_20_0_, refundtype0_.refundDate as refundDa8_20_0_, refundtype0_.relatedPayment_id as related14_20_0_, refundtype0_.requestor_id as request15_20_0_, refundtype0_.status as status9_20_0_, refundtype0_.statusDate as statusD10_20_0_, refundtype0_.taxAmount_id as taxAmou16_20_0_, refundtype0_.totalAmount_id as totalAm17_20_0_ from RefundType refundtype0_ where refundtype0_.id=?
20:19:29.140 [main] DEBUG org.hibernate.persister.entity.AbstractEntityPersister - Static SQL for entity: io.swagger.model.BankAccountDebitType
20:19:29.140 [main] DEBUG org.hibernate.persister.entity.AbstractEntityPersister -  Version select: select id from BankAccountDebitType where id =?
20:19:29.140 [main] DEBUG org.hibernate.persister.entity.AbstractEntityPersister -  Snapshot select: select bankaccoun_.id, bankaccoun_.BIC as BIC2_1_, bankaccoun_.accountNumber as accountN3_1_, bankaccoun_.accountNumberType as accountN4_1_, bankaccoun_.bank as bank5_1_, bankaccoun_.owner as owner6_1_ from BankAccountDebitType bankaccoun_ where bankaccoun_.id=?
20:19:29.140 [main] DEBUG org.hibernate.persister.entity.AbstractEntityPersister -  Insert 0: insert into BankAccountDebitType (BIC, accountNumber, accountNumberType, bank, owner, id) values (?, ?, ?, ?, ?, ?)
20:19:29.140 [main] DEBUG org.hibernate.persister.entity.AbstractEntityPersister -  Update 0: update BankAccountDebitType set BIC=?, accountNumber=?, accountNumberType=?, bank=?, owner=? where id=?
20:19:29.140 [main] DEBUG org.hibernate.persister.entity.AbstractEntityPersister -  Delete 0: delete from BankAccountDebitType where id=?
20:19:29.140 [main] DEBUG org.hibernate.loader.plan.build.internal.spaces.QuerySpacesImpl - Adding QuerySpace : uid = <gen:0> -> org.hibernate.loader.plan.build.internal.spaces.EntityQuerySpaceImpl@25b4754a]
20:19:29.140 [main] DEBUG org.hibernate.persister.walking.spi.MetamodelGraphWalker - Visiting attribute path : BIC
20:19:29.140 [main] DEBUG org.hibernate.persister.walking.spi.MetamodelGraphWalker - Visiting attribute path : accountNumber
20:19:29.141 [main] DEBUG org.hibernate.persister.walking.spi.MetamodelGraphWalker - Visiting attribute path : accountNumberType
20:19:29.141 [main] DEBUG org.hibernate.persister.walking.spi.MetamodelGraphWalker - Visiting attribute path : bank
20:19:29.141 [main] DEBUG org.hibernate.persister.walking.spi.MetamodelGraphWalker - Visiting attribute path : owner
20:19:29.141 [main] DEBUG org.hibernate.loader.plan.build.internal.FetchStyleLoadPlanBuildingAssociationVisitationStrategy - Building LoadPlan...
20:19:29.141 [main] DEBUG org.hibernate.loader.plan.exec.internal.LoadQueryJoinAndFetchProcessor - processing queryspace <gen:0>
20:19:29.141 [main] DEBUG org.hibernate.loader.plan.build.spi.LoadPlanTreePrinter - LoadPlan(entity=io.swagger.model.BankAccountDebitType)
    - Returns
       - EntityReturnImpl(entity=io.swagger.model.BankAccountDebitType, querySpaceUid=<gen:0>, path=io.swagger.model.BankAccountDebitType)
    - QuerySpaces
       - EntityQuerySpaceImpl(uid=<gen:0>, entity=io.swagger.model.BankAccountDebitType)
          - SQL table alias mapping - bankaccoun0_
          - alias suffix - 0_
          - suffixed key columns - {id1_1_0_}

20:19:29.141 [main] DEBUG org.hibernate.loader.entity.plan.EntityLoader - Static select for entity io.swagger.model.BankAccountDebitType [NONE]: select bankaccoun0_.id as id1_1_0_, bankaccoun0_.BIC as BIC2_1_0_, bankaccoun0_.accountNumber as accountN3_1_0_, bankaccoun0_.accountNumberType as accountN4_1_0_, bankaccoun0_.bank as bank5_1_0_, bankaccoun0_.owner as owner6_1_0_ from BankAccountDebitType bankaccoun0_ where bankaccoun0_.id=?
20:19:29.141 [main] DEBUG org.hibernate.loader.plan.build.internal.spaces.QuerySpacesImpl - Adding QuerySpace : uid = <gen:0> -> org.hibernate.loader.plan.build.internal.spaces.EntityQuerySpaceImpl@bb50de6]
20:19:29.141 [main] DEBUG org.hibernate.persister.walking.spi.MetamodelGraphWalker - Visiting attribute path : BIC
20:19:29.141 [main] DEBUG org.hibernate.persister.walking.spi.MetamodelGraphWalker - Visiting attribute path : accountNumber
20:19:29.141 [main] DEBUG org.hibernate.persister.walking.spi.MetamodelGraphWalker - Visiting attribute path : accountNumberType
20:19:29.141 [main] DEBUG org.hibernate.persister.walking.spi.MetamodelGraphWalker - Visiting attribute path : bank
20:19:29.142 [main] DEBUG org.hibernate.persister.walking.spi.MetamodelGraphWalker - Visiting attribute path : owner
20:19:29.142 [main] DEBUG org.hibernate.loader.plan.build.internal.FetchStyleLoadPlanBuildingAssociationVisitationStrategy - Building LoadPlan...
20:19:29.142 [main] DEBUG org.hibernate.loader.plan.exec.internal.LoadQueryJoinAndFetchProcessor - processing queryspace <gen:0>
20:19:29.142 [main] DEBUG org.hibernate.loader.plan.build.spi.LoadPlanTreePrinter - LoadPlan(entity=io.swagger.model.BankAccountDebitType)
    - Returns
       - EntityReturnImpl(entity=io.swagger.model.BankAccountDebitType, querySpaceUid=<gen:0>, path=io.swagger.model.BankAccountDebitType)
    - QuerySpaces
       - EntityQuerySpaceImpl(uid=<gen:0>, entity=io.swagger.model.BankAccountDebitType)
          - SQL table alias mapping - bankaccoun0_
          - alias suffix - 0_
          - suffixed key columns - {id1_1_0_}

20:19:29.142 [main] DEBUG org.hibernate.loader.entity.plan.EntityLoader - Static select for entity io.swagger.model.BankAccountDebitType [READ]: select bankaccoun0_.id as id1_1_0_, bankaccoun0_.BIC as BIC2_1_0_, bankaccoun0_.accountNumber as accountN3_1_0_, bankaccoun0_.accountNumberType as accountN4_1_0_, bankaccoun0_.bank as bank5_1_0_, bankaccoun0_.owner as owner6_1_0_ from BankAccountDebitType bankaccoun0_ where bankaccoun0_.id=?
20:19:29.142 [main] DEBUG org.hibernate.loader.plan.build.internal.spaces.QuerySpacesImpl - Adding QuerySpace : uid = <gen:0> -> org.hibernate.loader.plan.build.internal.spaces.EntityQuerySpaceImpl@2d73767e]
20:19:29.142 [main] DEBUG org.hibernate.persister.walking.spi.MetamodelGraphWalker - Visiting attribute path : BIC
20:19:29.142 [main] DEBUG org.hibernate.persister.walking.spi.MetamodelGraphWalker - Visiting attribute path : accountNumber
20:19:29.142 [main] DEBUG org.hibernate.persister.walking.spi.MetamodelGraphWalker - Visiting attribute path : accountNumberType
20:19:29.142 [main] DEBUG org.hibernate.persister.walking.spi.MetamodelGraphWalker - Visiting attribute path : bank
20:19:29.142 [main] DEBUG org.hibernate.persister.walking.spi.MetamodelGraphWalker - Visiting attribute path : owner
20:19:29.142 [main] DEBUG org.hibernate.loader.plan.build.internal.FetchStyleLoadPlanBuildingAssociationVisitationStrategy - Building LoadPlan...
20:19:29.143 [main] DEBUG org.hibernate.loader.plan.exec.internal.LoadQueryJoinAndFetchProcessor - processing queryspace <gen:0>
20:19:29.143 [main] DEBUG org.hibernate.loader.plan.build.spi.LoadPlanTreePrinter - LoadPlan(entity=io.swagger.model.BankAccountDebitType)
    - Returns
       - EntityReturnImpl(entity=io.swagger.model.BankAccountDebitType, querySpaceUid=<gen:0>, path=io.swagger.model.BankAccountDebitType)
    - QuerySpaces
       - EntityQuerySpaceImpl(uid=<gen:0>, entity=io.swagger.model.BankAccountDebitType)
          - SQL table alias mapping - bankaccoun0_
          - alias suffix - 0_
          - suffixed key columns - {id1_1_0_}

20:19:29.143 [main] DEBUG org.hibernate.loader.entity.plan.EntityLoader - Static select for entity io.swagger.model.BankAccountDebitType [UPGRADE]: select bankaccoun0_.id as id1_1_0_, bankaccoun0_.BIC as BIC2_1_0_, bankaccoun0_.accountNumber as accountN3_1_0_, bankaccoun0_.accountNumberType as accountN4_1_0_, bankaccoun0_.bank as bank5_1_0_, bankaccoun0_.owner as owner6_1_0_ from BankAccountDebitType bankaccoun0_ where bankaccoun0_.id=? for update
20:19:29.143 [main] DEBUG org.hibernate.loader.plan.build.internal.spaces.QuerySpacesImpl - Adding QuerySpace : uid = <gen:0> -> org.hibernate.loader.plan.build.internal.spaces.EntityQuerySpaceImpl@7d1cdeb1]
20:19:29.143 [main] DEBUG org.hibernate.persister.walking.spi.MetamodelGraphWalker - Visiting attribute path : BIC
20:19:29.143 [main] DEBUG org.hibernate.persister.walking.spi.MetamodelGraphWalker - Visiting attribute path : accountNumber
20:19:29.143 [main] DEBUG org.hibernate.persister.walking.spi.MetamodelGraphWalker - Visiting attribute path : accountNumberType
20:19:29.143 [main] DEBUG org.hibernate.persister.walking.spi.MetamodelGraphWalker - Visiting attribute path : bank
20:19:29.143 [main] DEBUG org.hibernate.persister.walking.spi.MetamodelGraphWalker - Visiting attribute path : owner
20:19:29.143 [main] DEBUG org.hibernate.loader.plan.build.internal.FetchStyleLoadPlanBuildingAssociationVisitationStrategy - Building LoadPlan...
20:19:29.144 [main] DEBUG org.hibernate.loader.plan.exec.internal.LoadQueryJoinAndFetchProcessor - processing queryspace <gen:0>
20:19:29.144 [main] DEBUG org.hibernate.loader.plan.build.spi.LoadPlanTreePrinter - LoadPlan(entity=io.swagger.model.BankAccountDebitType)
    - Returns
       - EntityReturnImpl(entity=io.swagger.model.BankAccountDebitType, querySpaceUid=<gen:0>, path=io.swagger.model.BankAccountDebitType)
    - QuerySpaces
       - EntityQuerySpaceImpl(uid=<gen:0>, entity=io.swagger.model.BankAccountDebitType)
          - SQL table alias mapping - bankaccoun0_
          - alias suffix - 0_
          - suffixed key columns - {id1_1_0_}

20:19:29.144 [main] DEBUG org.hibernate.loader.entity.plan.EntityLoader - Static select for entity io.swagger.model.BankAccountDebitType [UPGRADE_NOWAIT]: select bankaccoun0_.id as id1_1_0_, bankaccoun0_.BIC as BIC2_1_0_, bankaccoun0_.accountNumber as accountN3_1_0_, bankaccoun0_.accountNumberType as accountN4_1_0_, bankaccoun0_.bank as bank5_1_0_, bankaccoun0_.owner as owner6_1_0_ from BankAccountDebitType bankaccoun0_ where bankaccoun0_.id=? for update
20:19:29.144 [main] DEBUG org.hibernate.loader.plan.build.internal.spaces.QuerySpacesImpl - Adding QuerySpace : uid = <gen:0> -> org.hibernate.loader.plan.build.internal.spaces.EntityQuerySpaceImpl@3a3316b6]
20:19:29.144 [main] DEBUG org.hibernate.persister.walking.spi.MetamodelGraphWalker - Visiting attribute path : BIC
20:19:29.144 [main] DEBUG org.hibernate.persister.walking.spi.MetamodelGraphWalker - Visiting attribute path : accountNumber
20:19:29.144 [main] DEBUG org.hibernate.persister.walking.spi.MetamodelGraphWalker - Visiting attribute path : accountNumberType
20:19:29.144 [main] DEBUG org.hibernate.persister.walking.spi.MetamodelGraphWalker - Visiting attribute path : bank
20:19:29.144 [main] DEBUG org.hibernate.persister.walking.spi.MetamodelGraphWalker - Visiting attribute path : owner
20:19:29.144 [main] DEBUG org.hibernate.loader.plan.build.internal.FetchStyleLoadPlanBuildingAssociationVisitationStrategy - Building LoadPlan...
20:19:29.145 [main] DEBUG org.hibernate.loader.plan.exec.internal.LoadQueryJoinAndFetchProcessor - processing queryspace <gen:0>
20:19:29.145 [main] DEBUG org.hibernate.loader.plan.build.spi.LoadPlanTreePrinter - LoadPlan(entity=io.swagger.model.BankAccountDebitType)
    - Returns
       - EntityReturnImpl(entity=io.swagger.model.BankAccountDebitType, querySpaceUid=<gen:0>, path=io.swagger.model.BankAccountDebitType)
    - QuerySpaces
       - EntityQuerySpaceImpl(uid=<gen:0>, entity=io.swagger.model.BankAccountDebitType)
          - SQL table alias mapping - bankaccoun0_
          - alias suffix - 0_
          - suffixed key columns - {id1_1_0_}

20:19:29.145 [main] DEBUG org.hibernate.loader.entity.plan.EntityLoader - Static select for entity io.swagger.model.BankAccountDebitType [UPGRADE_SKIPLOCKED]: select bankaccoun0_.id as id1_1_0_, bankaccoun0_.BIC as BIC2_1_0_, bankaccoun0_.accountNumber as accountN3_1_0_, bankaccoun0_.accountNumberType as accountN4_1_0_, bankaccoun0_.bank as bank5_1_0_, bankaccoun0_.owner as owner6_1_0_ from BankAccountDebitType bankaccoun0_ where bankaccoun0_.id=? for update
20:19:29.145 [main] DEBUG org.hibernate.loader.plan.build.internal.spaces.QuerySpacesImpl - Adding QuerySpace : uid = <gen:0> -> org.hibernate.loader.plan.build.internal.spaces.EntityQuerySpaceImpl@56c6d515]
20:19:29.145 [main] DEBUG org.hibernate.persister.walking.spi.MetamodelGraphWalker - Visiting attribute path : BIC
20:19:29.145 [main] DEBUG org.hibernate.persister.walking.spi.MetamodelGraphWalker - Visiting attribute path : accountNumber
20:19:29.145 [main] DEBUG org.hibernate.persister.walking.spi.MetamodelGraphWalker - Visiting attribute path : accountNumberType
20:19:29.145 [main] DEBUG org.hibernate.persister.walking.spi.MetamodelGraphWalker - Visiting attribute path : bank
20:19:29.145 [main] DEBUG org.hibernate.persister.walking.spi.MetamodelGraphWalker - Visiting attribute path : owner
20:19:29.145 [main] DEBUG org.hibernate.loader.plan.build.internal.FetchStyleLoadPlanBuildingAssociationVisitationStrategy - Building LoadPlan...
20:19:29.145 [main] DEBUG org.hibernate.loader.plan.exec.internal.LoadQueryJoinAndFetchProcessor - processing queryspace <gen:0>
20:19:29.146 [main] DEBUG org.hibernate.loader.plan.build.spi.LoadPlanTreePrinter - LoadPlan(entity=io.swagger.model.BankAccountDebitType)
    - Returns
       - EntityReturnImpl(entity=io.swagger.model.BankAccountDebitType, querySpaceUid=<gen:0>, path=io.swagger.model.BankAccountDebitType)
    - QuerySpaces
       - EntityQuerySpaceImpl(uid=<gen:0>, entity=io.swagger.model.BankAccountDebitType)
          - SQL table alias mapping - bankaccoun0_
          - alias suffix - 0_
          - suffixed key columns - {id1_1_0_}

20:19:29.146 [main] DEBUG org.hibernate.loader.entity.plan.EntityLoader - Static select for entity io.swagger.model.BankAccountDebitType [FORCE]: select bankaccoun0_.id as id1_1_0_, bankaccoun0_.BIC as BIC2_1_0_, bankaccoun0_.accountNumber as accountN3_1_0_, bankaccoun0_.accountNumberType as accountN4_1_0_, bankaccoun0_.bank as bank5_1_0_, bankaccoun0_.owner as owner6_1_0_ from BankAccountDebitType bankaccoun0_ where bankaccoun0_.id=? for update
20:19:29.146 [main] DEBUG org.hibernate.loader.plan.build.internal.spaces.QuerySpacesImpl - Adding QuerySpace : uid = <gen:0> -> org.hibernate.loader.plan.build.internal.spaces.EntityQuerySpaceImpl@528f5b7f]
20:19:29.146 [main] DEBUG org.hibernate.persister.walking.spi.MetamodelGraphWalker - Visiting attribute path : BIC
20:19:29.146 [main] DEBUG org.hibernate.persister.walking.spi.MetamodelGraphWalker - Visiting attribute path : accountNumber
20:19:29.146 [main] DEBUG org.hibernate.persister.walking.spi.MetamodelGraphWalker - Visiting attribute path : accountNumberType
20:19:29.146 [main] DEBUG org.hibernate.persister.walking.spi.MetamodelGraphWalker - Visiting attribute path : bank
20:19:29.146 [main] DEBUG org.hibernate.persister.walking.spi.MetamodelGraphWalker - Visiting attribute path : owner
20:19:29.146 [main] DEBUG org.hibernate.loader.plan.build.internal.FetchStyleLoadPlanBuildingAssociationVisitationStrategy - Building LoadPlan...
20:19:29.146 [main] DEBUG org.hibernate.loader.plan.exec.internal.LoadQueryJoinAndFetchProcessor - processing queryspace <gen:0>
20:19:29.147 [main] DEBUG org.hibernate.loader.plan.build.spi.LoadPlanTreePrinter - LoadPlan(entity=io.swagger.model.BankAccountDebitType)
    - Returns
       - EntityReturnImpl(entity=io.swagger.model.BankAccountDebitType, querySpaceUid=<gen:0>, path=io.swagger.model.BankAccountDebitType)
    - QuerySpaces
       - EntityQuerySpaceImpl(uid=<gen:0>, entity=io.swagger.model.BankAccountDebitType)
          - SQL table alias mapping - bankaccoun0_
          - alias suffix - 0_
          - suffixed key columns - {id1_1_0_}

20:19:29.147 [main] DEBUG org.hibernate.loader.entity.plan.EntityLoader - Static select for entity io.swagger.model.BankAccountDebitType [PESSIMISTIC_READ]: select bankaccoun0_.id as id1_1_0_, bankaccoun0_.BIC as BIC2_1_0_, bankaccoun0_.accountNumber as accountN3_1_0_, bankaccoun0_.accountNumberType as accountN4_1_0_, bankaccoun0_.bank as bank5_1_0_, bankaccoun0_.owner as owner6_1_0_ from BankAccountDebitType bankaccoun0_ where bankaccoun0_.id=? lock in share mode
20:19:29.147 [main] DEBUG org.hibernate.loader.plan.build.internal.spaces.QuerySpacesImpl - Adding QuerySpace : uid = <gen:0> -> org.hibernate.loader.plan.build.internal.spaces.EntityQuerySpaceImpl@5c41b8d8]
20:19:29.147 [main] DEBUG org.hibernate.persister.walking.spi.MetamodelGraphWalker - Visiting attribute path : BIC
20:19:29.147 [main] DEBUG org.hibernate.persister.walking.spi.MetamodelGraphWalker - Visiting attribute path : accountNumber
20:19:29.147 [main] DEBUG org.hibernate.persister.walking.spi.MetamodelGraphWalker - Visiting attribute path : accountNumberType
20:19:29.147 [main] DEBUG org.hibernate.persister.walking.spi.MetamodelGraphWalker - Visiting attribute path : bank
20:19:29.147 [main] DEBUG org.hibernate.persister.walking.spi.MetamodelGraphWalker - Visiting attribute path : owner
20:19:29.147 [main] DEBUG org.hibernate.loader.plan.build.internal.FetchStyleLoadPlanBuildingAssociationVisitationStrategy - Building LoadPlan...
20:19:29.147 [main] DEBUG org.hibernate.loader.plan.exec.internal.LoadQueryJoinAndFetchProcessor - processing queryspace <gen:0>
20:19:29.147 [main] DEBUG org.hibernate.loader.plan.build.spi.LoadPlanTreePrinter - LoadPlan(entity=io.swagger.model.BankAccountDebitType)
    - Returns
       - EntityReturnImpl(entity=io.swagger.model.BankAccountDebitType, querySpaceUid=<gen:0>, path=io.swagger.model.BankAccountDebitType)
    - QuerySpaces
       - EntityQuerySpaceImpl(uid=<gen:0>, entity=io.swagger.model.BankAccountDebitType)
          - SQL table alias mapping - bankaccoun0_
          - alias suffix - 0_
          - suffixed key columns - {id1_1_0_}

20:19:29.148 [main] DEBUG org.hibernate.loader.entity.plan.EntityLoader - Static select for entity io.swagger.model.BankAccountDebitType [PESSIMISTIC_WRITE]: select bankaccoun0_.id as id1_1_0_, bankaccoun0_.BIC as BIC2_1_0_, bankaccoun0_.accountNumber as accountN3_1_0_, bankaccoun0_.accountNumberType as accountN4_1_0_, bankaccoun0_.bank as bank5_1_0_, bankaccoun0_.owner as owner6_1_0_ from BankAccountDebitType bankaccoun0_ where bankaccoun0_.id=? for update
20:19:29.148 [main] DEBUG org.hibernate.loader.plan.build.internal.spaces.QuerySpacesImpl - Adding QuerySpace : uid = <gen:0> -> org.hibernate.loader.plan.build.internal.spaces.EntityQuerySpaceImpl@5f166f2e]
20:19:29.148 [main] DEBUG org.hibernate.persister.walking.spi.MetamodelGraphWalker - Visiting attribute path : BIC
20:19:29.148 [main] DEBUG org.hibernate.persister.walking.spi.MetamodelGraphWalker - Visiting attribute path : accountNumber
20:19:29.148 [main] DEBUG org.hibernate.persister.walking.spi.MetamodelGraphWalker - Visiting attribute path : accountNumberType
20:19:29.148 [main] DEBUG org.hibernate.persister.walking.spi.MetamodelGraphWalker - Visiting attribute path : bank
20:19:29.148 [main] DEBUG org.hibernate.persister.walking.spi.MetamodelGraphWalker - Visiting attribute path : owner
20:19:29.148 [main] DEBUG org.hibernate.loader.plan.build.internal.FetchStyleLoadPlanBuildingAssociationVisitationStrategy - Building LoadPlan...
20:19:29.148 [main] DEBUG org.hibernate.loader.plan.exec.internal.LoadQueryJoinAndFetchProcessor - processing queryspace <gen:0>
20:19:29.148 [main] DEBUG org.hibernate.loader.plan.build.spi.LoadPlanTreePrinter - LoadPlan(entity=io.swagger.model.BankAccountDebitType)
    - Returns
       - EntityReturnImpl(entity=io.swagger.model.BankAccountDebitType, querySpaceUid=<gen:0>, path=io.swagger.model.BankAccountDebitType)
    - QuerySpaces
       - EntityQuerySpaceImpl(uid=<gen:0>, entity=io.swagger.model.BankAccountDebitType)
          - SQL table alias mapping - bankaccoun0_
          - alias suffix - 0_
          - suffixed key columns - {id1_1_0_}

20:19:29.148 [main] DEBUG org.hibernate.loader.entity.plan.EntityLoader - Static select for entity io.swagger.model.BankAccountDebitType [PESSIMISTIC_FORCE_INCREMENT]: select bankaccoun0_.id as id1_1_0_, bankaccoun0_.BIC as BIC2_1_0_, bankaccoun0_.accountNumber as accountN3_1_0_, bankaccoun0_.accountNumberType as accountN4_1_0_, bankaccoun0_.bank as bank5_1_0_, bankaccoun0_.owner as owner6_1_0_ from BankAccountDebitType bankaccoun0_ where bankaccoun0_.id=? for update
20:19:29.149 [main] DEBUG org.hibernate.loader.plan.build.internal.spaces.QuerySpacesImpl - Adding QuerySpace : uid = <gen:0> -> org.hibernate.loader.plan.build.internal.spaces.EntityQuerySpaceImpl@4fafd27e]
20:19:29.149 [main] DEBUG org.hibernate.persister.walking.spi.MetamodelGraphWalker - Visiting attribute path : BIC
20:19:29.149 [main] DEBUG org.hibernate.persister.walking.spi.MetamodelGraphWalker - Visiting attribute path : accountNumber
20:19:29.149 [main] DEBUG org.hibernate.persister.walking.spi.MetamodelGraphWalker - Visiting attribute path : accountNumberType
20:19:29.149 [main] DEBUG org.hibernate.persister.walking.spi.MetamodelGraphWalker - Visiting attribute path : bank
20:19:29.149 [main] DEBUG org.hibernate.persister.walking.spi.MetamodelGraphWalker - Visiting attribute path : owner
20:19:29.149 [main] DEBUG org.hibernate.loader.plan.build.internal.FetchStyleLoadPlanBuildingAssociationVisitationStrategy - Building LoadPlan...
20:19:29.149 [main] DEBUG org.hibernate.loader.plan.exec.internal.LoadQueryJoinAndFetchProcessor - processing queryspace <gen:0>
20:19:29.149 [main] DEBUG org.hibernate.loader.plan.build.spi.LoadPlanTreePrinter - LoadPlan(entity=io.swagger.model.BankAccountDebitType)
    - Returns
       - EntityReturnImpl(entity=io.swagger.model.BankAccountDebitType, querySpaceUid=<gen:0>, path=io.swagger.model.BankAccountDebitType)
    - QuerySpaces
       - EntityQuerySpaceImpl(uid=<gen:0>, entity=io.swagger.model.BankAccountDebitType)
          - SQL table alias mapping - bankaccoun0_
          - alias suffix - 0_
          - suffixed key columns - {id1_1_0_}

20:19:29.149 [main] DEBUG org.hibernate.loader.entity.plan.EntityLoader - Static select for entity io.swagger.model.BankAccountDebitType [OPTIMISTIC]: select bankaccoun0_.id as id1_1_0_, bankaccoun0_.BIC as BIC2_1_0_, bankaccoun0_.accountNumber as accountN3_1_0_, bankaccoun0_.accountNumberType as accountN4_1_0_, bankaccoun0_.bank as bank5_1_0_, bankaccoun0_.owner as owner6_1_0_ from BankAccountDebitType bankaccoun0_ where bankaccoun0_.id=?
20:19:29.150 [main] DEBUG org.hibernate.loader.plan.build.internal.spaces.QuerySpacesImpl - Adding QuerySpace : uid = <gen:0> -> org.hibernate.loader.plan.build.internal.spaces.EntityQuerySpaceImpl@d512c1]
20:19:29.150 [main] DEBUG org.hibernate.persister.walking.spi.MetamodelGraphWalker - Visiting attribute path : BIC
20:19:29.150 [main] DEBUG org.hibernate.persister.walking.spi.MetamodelGraphWalker - Visiting attribute path : accountNumber
20:19:29.150 [main] DEBUG org.hibernate.persister.walking.spi.MetamodelGraphWalker - Visiting attribute path : accountNumberType
20:19:29.150 [main] DEBUG org.hibernate.persister.walking.spi.MetamodelGraphWalker - Visiting attribute path : bank
20:19:29.150 [main] DEBUG org.hibernate.persister.walking.spi.MetamodelGraphWalker - Visiting attribute path : owner
20:19:29.150 [main] DEBUG org.hibernate.loader.plan.build.internal.FetchStyleLoadPlanBuildingAssociationVisitationStrategy - Building LoadPlan...
20:19:29.150 [main] DEBUG org.hibernate.loader.plan.exec.internal.LoadQueryJoinAndFetchProcessor - processing queryspace <gen:0>
20:19:29.150 [main] DEBUG org.hibernate.loader.plan.build.spi.LoadPlanTreePrinter - LoadPlan(entity=io.swagger.model.BankAccountDebitType)
    - Returns
       - EntityReturnImpl(entity=io.swagger.model.BankAccountDebitType, querySpaceUid=<gen:0>, path=io.swagger.model.BankAccountDebitType)
    - QuerySpaces
       - EntityQuerySpaceImpl(uid=<gen:0>, entity=io.swagger.model.BankAccountDebitType)
          - SQL table alias mapping - bankaccoun0_
          - alias suffix - 0_
          - suffixed key columns - {id1_1_0_}

20:19:29.150 [main] DEBUG org.hibernate.loader.entity.plan.EntityLoader - Static select for entity io.swagger.model.BankAccountDebitType [OPTIMISTIC_FORCE_INCREMENT]: select bankaccoun0_.id as id1_1_0_, bankaccoun0_.BIC as BIC2_1_0_, bankaccoun0_.accountNumber as accountN3_1_0_, bankaccoun0_.accountNumberType as accountN4_1_0_, bankaccoun0_.bank as bank5_1_0_, bankaccoun0_.owner as owner6_1_0_ from BankAccountDebitType bankaccoun0_ where bankaccoun0_.id=?
20:19:29.151 [main] DEBUG org.hibernate.loader.Loader - Static select for action ACTION_MERGE on entity io.swagger.model.BankAccountDebitType: select bankaccoun0_.id as id1_1_0_, bankaccoun0_.BIC as BIC2_1_0_, bankaccoun0_.accountNumber as accountN3_1_0_, bankaccoun0_.accountNumberType as accountN4_1_0_, bankaccoun0_.bank as bank5_1_0_, bankaccoun0_.owner as owner6_1_0_ from BankAccountDebitType bankaccoun0_ where bankaccoun0_.id=?
20:19:29.151 [main] DEBUG org.hibernate.loader.Loader - Static select for action ACTION_REFRESH on entity io.swagger.model.BankAccountDebitType: select bankaccoun0_.id as id1_1_0_, bankaccoun0_.BIC as BIC2_1_0_, bankaccoun0_.accountNumber as accountN3_1_0_, bankaccoun0_.accountNumberType as accountN4_1_0_, bankaccoun0_.bank as bank5_1_0_, bankaccoun0_.owner as owner6_1_0_ from BankAccountDebitType bankaccoun0_ where bankaccoun0_.id=?
20:19:29.151 [main] DEBUG org.hibernate.persister.entity.AbstractEntityPersister - Static SQL for entity: io.swagger.model.ChannelRefType
20:19:29.151 [main] DEBUG org.hibernate.persister.entity.AbstractEntityPersister -  Version select: select id from ChannelRefType where id =?
20:19:29.151 [main] DEBUG org.hibernate.persister.entity.AbstractEntityPersister -  Snapshot select: select channelref_.id, channelref_.description as descript2_5_, channelref_.href as href3_5_, channelref_.name as name4_5_ from ChannelRefType channelref_ where channelref_.id=?
20:19:29.151 [main] DEBUG org.hibernate.persister.entity.AbstractEntityPersister -  Insert 0: insert into ChannelRefType (description, href, name, id) values (?, ?, ?, ?)
20:19:29.151 [main] DEBUG org.hibernate.persister.entity.AbstractEntityPersister -  Update 0: update ChannelRefType set description=?, href=?, name=? where id=?
20:19:29.151 [main] DEBUG org.hibernate.persister.entity.AbstractEntityPersister -  Delete 0: delete from ChannelRefType where id=?
20:19:29.151 [main] DEBUG org.hibernate.loader.plan.build.internal.spaces.QuerySpacesImpl - Adding QuerySpace : uid = <gen:0> -> org.hibernate.loader.plan.build.internal.spaces.EntityQuerySpaceImpl@66863941]
20:19:29.151 [main] DEBUG org.hibernate.persister.walking.spi.MetamodelGraphWalker - Visiting attribute path : description
20:19:29.151 [main] DEBUG org.hibernate.persister.walking.spi.MetamodelGraphWalker - Visiting attribute path : href
20:19:29.151 [main] DEBUG org.hibernate.persister.walking.spi.MetamodelGraphWalker - Visiting attribute path : name
20:19:29.152 [main] DEBUG org.hibernate.loader.plan.build.internal.FetchStyleLoadPlanBuildingAssociationVisitationStrategy - Building LoadPlan...
20:19:29.152 [main] DEBUG org.hibernate.loader.plan.exec.internal.LoadQueryJoinAndFetchProcessor - processing queryspace <gen:0>
20:19:29.152 [main] DEBUG org.hibernate.loader.plan.build.spi.LoadPlanTreePrinter - LoadPlan(entity=io.swagger.model.ChannelRefType)
    - Returns
       - EntityReturnImpl(entity=io.swagger.model.ChannelRefType, querySpaceUid=<gen:0>, path=io.swagger.model.ChannelRefType)
    - QuerySpaces
       - EntityQuerySpaceImpl(uid=<gen:0>, entity=io.swagger.model.ChannelRefType)
          - SQL table alias mapping - channelref0_
          - alias suffix - 0_
          - suffixed key columns - {id1_5_0_}

20:19:29.152 [main] DEBUG org.hibernate.loader.entity.plan.EntityLoader - Static select for entity io.swagger.model.ChannelRefType [NONE]: select channelref0_.id as id1_5_0_, channelref0_.description as descript2_5_0_, channelref0_.href as href3_5_0_, channelref0_.name as name4_5_0_ from ChannelRefType channelref0_ where channelref0_.id=?
20:19:29.152 [main] DEBUG org.hibernate.loader.plan.build.internal.spaces.QuerySpacesImpl - Adding QuerySpace : uid = <gen:0> -> org.hibernate.loader.plan.build.internal.spaces.EntityQuerySpaceImpl@111fe921]
20:19:29.152 [main] DEBUG org.hibernate.persister.walking.spi.MetamodelGraphWalker - Visiting attribute path : description
20:19:29.152 [main] DEBUG org.hibernate.persister.walking.spi.MetamodelGraphWalker - Visiting attribute path : href
20:19:29.152 [main] DEBUG org.hibernate.persister.walking.spi.MetamodelGraphWalker - Visiting attribute path : name
20:19:29.152 [main] DEBUG org.hibernate.loader.plan.build.internal.FetchStyleLoadPlanBuildingAssociationVisitationStrategy - Building LoadPlan...
20:19:29.153 [main] DEBUG org.hibernate.loader.plan.exec.internal.LoadQueryJoinAndFetchProcessor - processing queryspace <gen:0>
20:19:29.153 [main] DEBUG org.hibernate.loader.plan.build.spi.LoadPlanTreePrinter - LoadPlan(entity=io.swagger.model.ChannelRefType)
    - Returns
       - EntityReturnImpl(entity=io.swagger.model.ChannelRefType, querySpaceUid=<gen:0>, path=io.swagger.model.ChannelRefType)
    - QuerySpaces
       - EntityQuerySpaceImpl(uid=<gen:0>, entity=io.swagger.model.ChannelRefType)
          - SQL table alias mapping - channelref0_
          - alias suffix - 0_
          - suffixed key columns - {id1_5_0_}

20:19:29.153 [main] DEBUG org.hibernate.loader.entity.plan.EntityLoader - Static select for entity io.swagger.model.ChannelRefType [READ]: select channelref0_.id as id1_5_0_, channelref0_.description as descript2_5_0_, channelref0_.href as href3_5_0_, channelref0_.name as name4_5_0_ from ChannelRefType channelref0_ where channelref0_.id=?
20:19:29.153 [main] DEBUG org.hibernate.loader.plan.build.internal.spaces.QuerySpacesImpl - Adding QuerySpace : uid = <gen:0> -> org.hibernate.loader.plan.build.internal.spaces.EntityQuerySpaceImpl@48ee3c2d]
20:19:29.153 [main] DEBUG org.hibernate.persister.walking.spi.MetamodelGraphWalker - Visiting attribute path : description
20:19:29.153 [main] DEBUG org.hibernate.persister.walking.spi.MetamodelGraphWalker - Visiting attribute path : href
20:19:29.153 [main] DEBUG org.hibernate.persister.walking.spi.MetamodelGraphWalker - Visiting attribute path : name
20:19:29.153 [main] DEBUG org.hibernate.loader.plan.build.internal.FetchStyleLoadPlanBuildingAssociationVisitationStrategy - Building LoadPlan...
20:19:29.153 [main] DEBUG org.hibernate.loader.plan.exec.internal.LoadQueryJoinAndFetchProcessor - processing queryspace <gen:0>
20:19:29.153 [main] DEBUG org.hibernate.loader.plan.build.spi.LoadPlanTreePrinter - LoadPlan(entity=io.swagger.model.ChannelRefType)
    - Returns
       - EntityReturnImpl(entity=io.swagger.model.ChannelRefType, querySpaceUid=<gen:0>, path=io.swagger.model.ChannelRefType)
    - QuerySpaces
       - EntityQuerySpaceImpl(uid=<gen:0>, entity=io.swagger.model.ChannelRefType)
          - SQL table alias mapping - channelref0_
          - alias suffix - 0_
          - suffixed key columns - {id1_5_0_}

20:19:29.154 [main] DEBUG org.hibernate.loader.entity.plan.EntityLoader - Static select for entity io.swagger.model.ChannelRefType [UPGRADE]: select channelref0_.id as id1_5_0_, channelref0_.description as descript2_5_0_, channelref0_.href as href3_5_0_, channelref0_.name as name4_5_0_ from ChannelRefType channelref0_ where channelref0_.id=? for update
20:19:29.154 [main] DEBUG org.hibernate.loader.plan.build.internal.spaces.QuerySpacesImpl - Adding QuerySpace : uid = <gen:0> -> org.hibernate.loader.plan.build.internal.spaces.EntityQuerySpaceImpl@3a80c534]
20:19:29.154 [main] DEBUG org.hibernate.persister.walking.spi.MetamodelGraphWalker - Visiting attribute path : description
20:19:29.154 [main] DEBUG org.hibernate.persister.walking.spi.MetamodelGraphWalker - Visiting attribute path : href
20:19:29.154 [main] DEBUG org.hibernate.persister.walking.spi.MetamodelGraphWalker - Visiting attribute path : name
20:19:29.154 [main] DEBUG org.hibernate.loader.plan.build.internal.FetchStyleLoadPlanBuildingAssociationVisitationStrategy - Building LoadPlan...
20:19:29.154 [main] DEBUG org.hibernate.loader.plan.exec.internal.LoadQueryJoinAndFetchProcessor - processing queryspace <gen:0>
20:19:29.154 [main] DEBUG org.hibernate.loader.plan.build.spi.LoadPlanTreePrinter - LoadPlan(entity=io.swagger.model.ChannelRefType)
    - Returns
       - EntityReturnImpl(entity=io.swagger.model.ChannelRefType, querySpaceUid=<gen:0>, path=io.swagger.model.ChannelRefType)
    - QuerySpaces
       - EntityQuerySpaceImpl(uid=<gen:0>, entity=io.swagger.model.ChannelRefType)
          - SQL table alias mapping - channelref0_
          - alias suffix - 0_
          - suffixed key columns - {id1_5_0_}

20:19:29.154 [main] DEBUG org.hibernate.loader.entity.plan.EntityLoader - Static select for entity io.swagger.model.ChannelRefType [UPGRADE_NOWAIT]: select channelref0_.id as id1_5_0_, channelref0_.description as descript2_5_0_, channelref0_.href as href3_5_0_, channelref0_.name as name4_5_0_ from ChannelRefType channelref0_ where channelref0_.id=? for update
20:19:29.154 [main] DEBUG org.hibernate.loader.plan.build.internal.spaces.QuerySpacesImpl - Adding QuerySpace : uid = <gen:0> -> org.hibernate.loader.plan.build.internal.spaces.EntityQuerySpaceImpl@36e3321e]
20:19:29.154 [main] DEBUG org.hibernate.persister.walking.spi.MetamodelGraphWalker - Visiting attribute path : description
20:19:29.155 [main] DEBUG org.hibernate.persister.walking.spi.MetamodelGraphWalker - Visiting attribute path : href
20:19:29.155 [main] DEBUG org.hibernate.persister.walking.spi.MetamodelGraphWalker - Visiting attribute path : name
20:19:29.155 [main] DEBUG org.hibernate.loader.plan.build.internal.FetchStyleLoadPlanBuildingAssociationVisitationStrategy - Building LoadPlan...
20:19:29.155 [main] DEBUG org.hibernate.loader.plan.exec.internal.LoadQueryJoinAndFetchProcessor - processing queryspace <gen:0>
20:19:29.155 [main] DEBUG org.hibernate.loader.plan.build.spi.LoadPlanTreePrinter - LoadPlan(entity=io.swagger.model.ChannelRefType)
    - Returns
       - EntityReturnImpl(entity=io.swagger.model.ChannelRefType, querySpaceUid=<gen:0>, path=io.swagger.model.ChannelRefType)
    - QuerySpaces
       - EntityQuerySpaceImpl(uid=<gen:0>, entity=io.swagger.model.ChannelRefType)
          - SQL table alias mapping - channelref0_
          - alias suffix - 0_
          - suffixed key columns - {id1_5_0_}

20:19:29.155 [main] DEBUG org.hibernate.loader.entity.plan.EntityLoader - Static select for entity io.swagger.model.ChannelRefType [UPGRADE_SKIPLOCKED]: select channelref0_.id as id1_5_0_, channelref0_.description as descript2_5_0_, channelref0_.href as href3_5_0_, channelref0_.name as name4_5_0_ from ChannelRefType channelref0_ where channelref0_.id=? for update
20:19:29.155 [main] DEBUG org.hibernate.loader.plan.build.internal.spaces.QuerySpacesImpl - Adding QuerySpace : uid = <gen:0> -> org.hibernate.loader.plan.build.internal.spaces.EntityQuerySpaceImpl@1d9af731]
20:19:29.155 [main] DEBUG org.hibernate.persister.walking.spi.MetamodelGraphWalker - Visiting attribute path : description
20:19:29.155 [main] DEBUG org.hibernate.persister.walking.spi.MetamodelGraphWalker - Visiting attribute path : href
20:19:29.155 [main] DEBUG org.hibernate.persister.walking.spi.MetamodelGraphWalker - Visiting attribute path : name
20:19:29.155 [main] DEBUG org.hibernate.loader.plan.build.internal.FetchStyleLoadPlanBuildingAssociationVisitationStrategy - Building LoadPlan...
20:19:29.156 [main] DEBUG org.hibernate.loader.plan.exec.internal.LoadQueryJoinAndFetchProcessor - processing queryspace <gen:0>
20:19:29.156 [main] DEBUG org.hibernate.loader.plan.build.spi.LoadPlanTreePrinter - LoadPlan(entity=io.swagger.model.ChannelRefType)
    - Returns
       - EntityReturnImpl(entity=io.swagger.model.ChannelRefType, querySpaceUid=<gen:0>, path=io.swagger.model.ChannelRefType)
    - QuerySpaces
       - EntityQuerySpaceImpl(uid=<gen:0>, entity=io.swagger.model.ChannelRefType)
          - SQL table alias mapping - channelref0_
          - alias suffix - 0_
          - suffixed key columns - {id1_5_0_}

20:19:29.156 [main] DEBUG org.hibernate.loader.entity.plan.EntityLoader - Static select for entity io.swagger.model.ChannelRefType [FORCE]: select channelref0_.id as id1_5_0_, channelref0_.description as descript2_5_0_, channelref0_.href as href3_5_0_, channelref0_.name as name4_5_0_ from ChannelRefType channelref0_ where channelref0_.id=? for update
20:19:29.156 [main] DEBUG org.hibernate.loader.plan.build.internal.spaces.QuerySpacesImpl - Adding QuerySpace : uid = <gen:0> -> org.hibernate.loader.plan.build.internal.spaces.EntityQuerySpaceImpl@16f34376]
20:19:29.156 [main] DEBUG org.hibernate.persister.walking.spi.MetamodelGraphWalker - Visiting attribute path : description
20:19:29.156 [main] DEBUG org.hibernate.persister.walking.spi.MetamodelGraphWalker - Visiting attribute path : href
20:19:29.156 [main] DEBUG org.hibernate.persister.walking.spi.MetamodelGraphWalker - Visiting attribute path : name
20:19:29.156 [main] DEBUG org.hibernate.loader.plan.build.internal.FetchStyleLoadPlanBuildingAssociationVisitationStrategy - Building LoadPlan...
20:19:29.156 [main] DEBUG org.hibernate.loader.plan.exec.internal.LoadQueryJoinAndFetchProcessor - processing queryspace <gen:0>
20:19:29.157 [main] DEBUG org.hibernate.loader.plan.build.spi.LoadPlanTreePrinter - LoadPlan(entity=io.swagger.model.ChannelRefType)
    - Returns
       - EntityReturnImpl(entity=io.swagger.model.ChannelRefType, querySpaceUid=<gen:0>, path=io.swagger.model.ChannelRefType)
    - QuerySpaces
       - EntityQuerySpaceImpl(uid=<gen:0>, entity=io.swagger.model.ChannelRefType)
          - SQL table alias mapping - channelref0_
          - alias suffix - 0_
          - suffixed key columns - {id1_5_0_}

20:19:29.157 [main] DEBUG org.hibernate.loader.entity.plan.EntityLoader - Static select for entity io.swagger.model.ChannelRefType [PESSIMISTIC_READ]: select channelref0_.id as id1_5_0_, channelref0_.description as descript2_5_0_, channelref0_.href as href3_5_0_, channelref0_.name as name4_5_0_ from ChannelRefType channelref0_ where channelref0_.id=? lock in share mode
20:19:29.157 [main] DEBUG org.hibernate.loader.plan.build.internal.spaces.QuerySpacesImpl - Adding QuerySpace : uid = <gen:0> -> org.hibernate.loader.plan.build.internal.spaces.EntityQuerySpaceImpl@43756cb]
20:19:29.157 [main] DEBUG org.hibernate.persister.walking.spi.MetamodelGraphWalker - Visiting attribute path : description
20:19:29.157 [main] DEBUG org.hibernate.persister.walking.spi.MetamodelGraphWalker - Visiting attribute path : href
20:19:29.157 [main] DEBUG org.hibernate.persister.walking.spi.MetamodelGraphWalker - Visiting attribute path : name
20:19:29.157 [main] DEBUG org.hibernate.loader.plan.build.internal.FetchStyleLoadPlanBuildingAssociationVisitationStrategy - Building LoadPlan...
20:19:29.157 [main] DEBUG org.hibernate.loader.plan.exec.internal.LoadQueryJoinAndFetchProcessor - processing queryspace <gen:0>
20:19:29.158 [main] DEBUG org.hibernate.loader.plan.build.spi.LoadPlanTreePrinter - LoadPlan(entity=io.swagger.model.ChannelRefType)
    - Returns
       - EntityReturnImpl(entity=io.swagger.model.ChannelRefType, querySpaceUid=<gen:0>, path=io.swagger.model.ChannelRefType)
    - QuerySpaces
       - EntityQuerySpaceImpl(uid=<gen:0>, entity=io.swagger.model.ChannelRefType)
          - SQL table alias mapping - channelref0_
          - alias suffix - 0_
          - suffixed key columns - {id1_5_0_}

20:19:29.158 [main] DEBUG org.hibernate.loader.entity.plan.EntityLoader - Static select for entity io.swagger.model.ChannelRefType [PESSIMISTIC_WRITE]: select channelref0_.id as id1_5_0_, channelref0_.description as descript2_5_0_, channelref0_.href as href3_5_0_, channelref0_.name as name4_5_0_ from ChannelRefType channelref0_ where channelref0_.id=? for update
20:19:29.158 [main] DEBUG org.hibernate.loader.plan.build.internal.spaces.QuerySpacesImpl - Adding QuerySpace : uid = <gen:0> -> org.hibernate.loader.plan.build.internal.spaces.EntityQuerySpaceImpl@4e96cb04]
20:19:29.158 [main] DEBUG org.hibernate.persister.walking.spi.MetamodelGraphWalker - Visiting attribute path : description
20:19:29.158 [main] DEBUG org.hibernate.persister.walking.spi.MetamodelGraphWalker - Visiting attribute path : href
20:19:29.158 [main] DEBUG org.hibernate.persister.walking.spi.MetamodelGraphWalker - Visiting attribute path : name
20:19:29.158 [main] DEBUG org.hibernate.loader.plan.build.internal.FetchStyleLoadPlanBuildingAssociationVisitationStrategy - Building LoadPlan...
20:19:29.158 [main] DEBUG org.hibernate.loader.plan.exec.internal.LoadQueryJoinAndFetchProcessor - processing queryspace <gen:0>
20:19:29.159 [main] DEBUG org.hibernate.loader.plan.build.spi.LoadPlanTreePrinter - LoadPlan(entity=io.swagger.model.ChannelRefType)
    - Returns
       - EntityReturnImpl(entity=io.swagger.model.ChannelRefType, querySpaceUid=<gen:0>, path=io.swagger.model.ChannelRefType)
    - QuerySpaces
       - EntityQuerySpaceImpl(uid=<gen:0>, entity=io.swagger.model.ChannelRefType)
          - SQL table alias mapping - channelref0_
          - alias suffix - 0_
          - suffixed key columns - {id1_5_0_}

20:19:29.159 [main] DEBUG org.hibernate.loader.entity.plan.EntityLoader - Static select for entity io.swagger.model.ChannelRefType [PESSIMISTIC_FORCE_INCREMENT]: select channelref0_.id as id1_5_0_, channelref0_.description as descript2_5_0_, channelref0_.href as href3_5_0_, channelref0_.name as name4_5_0_ from ChannelRefType channelref0_ where channelref0_.id=? for update
20:19:29.159 [main] DEBUG org.hibernate.loader.plan.build.internal.spaces.QuerySpacesImpl - Adding QuerySpace : uid = <gen:0> -> org.hibernate.loader.plan.build.internal.spaces.EntityQuerySpaceImpl@4e5364a3]
20:19:29.159 [main] DEBUG org.hibernate.persister.walking.spi.MetamodelGraphWalker - Visiting attribute path : description
20:19:29.159 [main] DEBUG org.hibernate.persister.walking.spi.MetamodelGraphWalker - Visiting attribute path : href
20:19:29.159 [main] DEBUG org.hibernate.persister.walking.spi.MetamodelGraphWalker - Visiting attribute path : name
20:19:29.159 [main] DEBUG org.hibernate.loader.plan.build.internal.FetchStyleLoadPlanBuildingAssociationVisitationStrategy - Building LoadPlan...
20:19:29.159 [main] DEBUG org.hibernate.loader.plan.exec.internal.LoadQueryJoinAndFetchProcessor - processing queryspace <gen:0>
20:19:29.159 [main] DEBUG org.hibernate.loader.plan.build.spi.LoadPlanTreePrinter - LoadPlan(entity=io.swagger.model.ChannelRefType)
    - Returns
       - EntityReturnImpl(entity=io.swagger.model.ChannelRefType, querySpaceUid=<gen:0>, path=io.swagger.model.ChannelRefType)
    - QuerySpaces
       - EntityQuerySpaceImpl(uid=<gen:0>, entity=io.swagger.model.ChannelRefType)
          - SQL table alias mapping - channelref0_
          - alias suffix - 0_
          - suffixed key columns - {id1_5_0_}

20:19:29.159 [main] DEBUG org.hibernate.loader.entity.plan.EntityLoader - Static select for entity io.swagger.model.ChannelRefType [OPTIMISTIC]: select channelref0_.id as id1_5_0_, channelref0_.description as descript2_5_0_, channelref0_.href as href3_5_0_, channelref0_.name as name4_5_0_ from ChannelRefType channelref0_ where channelref0_.id=?
20:19:29.160 [main] DEBUG org.hibernate.loader.plan.build.internal.spaces.QuerySpacesImpl - Adding QuerySpace : uid = <gen:0> -> org.hibernate.loader.plan.build.internal.spaces.EntityQuerySpaceImpl@62054faf]
20:19:29.160 [main] DEBUG org.hibernate.persister.walking.spi.MetamodelGraphWalker - Visiting attribute path : description
20:19:29.160 [main] DEBUG org.hibernate.persister.walking.spi.MetamodelGraphWalker - Visiting attribute path : href
20:19:29.160 [main] DEBUG org.hibernate.persister.walking.spi.MetamodelGraphWalker - Visiting attribute path : name
20:19:29.160 [main] DEBUG org.hibernate.loader.plan.build.internal.FetchStyleLoadPlanBuildingAssociationVisitationStrategy - Building LoadPlan...
20:19:29.160 [main] DEBUG org.hibernate.loader.plan.exec.internal.LoadQueryJoinAndFetchProcessor - processing queryspace <gen:0>
20:19:29.160 [main] DEBUG org.hibernate.loader.plan.build.spi.LoadPlanTreePrinter - LoadPlan(entity=io.swagger.model.ChannelRefType)
    - Returns
       - EntityReturnImpl(entity=io.swagger.model.ChannelRefType, querySpaceUid=<gen:0>, path=io.swagger.model.ChannelRefType)
    - QuerySpaces
       - EntityQuerySpaceImpl(uid=<gen:0>, entity=io.swagger.model.ChannelRefType)
          - SQL table alias mapping - channelref0_
          - alias suffix - 0_
          - suffixed key columns - {id1_5_0_}

20:19:29.160 [main] DEBUG org.hibernate.loader.entity.plan.EntityLoader - Static select for entity io.swagger.model.ChannelRefType [OPTIMISTIC_FORCE_INCREMENT]: select channelref0_.id as id1_5_0_, channelref0_.description as descript2_5_0_, channelref0_.href as href3_5_0_, channelref0_.name as name4_5_0_ from ChannelRefType channelref0_ where channelref0_.id=?
20:19:29.160 [main] DEBUG org.hibernate.loader.Loader - Static select for action ACTION_MERGE on entity io.swagger.model.ChannelRefType: select channelref0_.id as id1_5_0_, channelref0_.description as descript2_5_0_, channelref0_.href as href3_5_0_, channelref0_.name as name4_5_0_ from ChannelRefType channelref0_ where channelref0_.id=?
20:19:29.161 [main] DEBUG org.hibernate.loader.Loader - Static select for action ACTION_REFRESH on entity io.swagger.model.ChannelRefType: select channelref0_.id as id1_5_0_, channelref0_.description as descript2_5_0_, channelref0_.href as href3_5_0_, channelref0_.name as name4_5_0_ from ChannelRefType channelref0_ where channelref0_.id=?
20:19:29.161 [main] DEBUG org.hibernate.persister.entity.AbstractEntityPersister - Static SQL for entity: io.swagger.model.RefundRequestType
20:19:29.161 [main] DEBUG org.hibernate.persister.entity.AbstractEntityPersister -  Version select: select correlatorId from RefundRequestType where correlatorId =?
20:19:29.161 [main] DEBUG org.hibernate.persister.entity.AbstractEntityPersister -  Snapshot select: select refundrequ_.correlatorId, refundrequ_.account_id as account_9_18_, refundrequ_.amount_id as amount_10_18_, refundrequ_.authorizationCode as authoriz2_18_, refundrequ_.channel_id as channel11_18_, refundrequ_.description as descript3_18_, refundrequ_.name as name4_18_, refundrequ_.reason as reason5_18_, refundrequ_.refundDate as refundDa6_18_, refundrequ_.relatedPayment_id as related12_18_, refundrequ_.requestor_id as request13_18_, refundrequ_.status as status7_18_, refundrequ_.statusDate as statusDa8_18_, refundrequ_.taxAmount_id as taxAmou14_18_, refundrequ_.totalAmount_id as totalAm15_18_ from RefundRequestType refundrequ_ where refundrequ_.correlatorId=?
20:19:29.161 [main] DEBUG org.hibernate.persister.entity.AbstractEntityPersister -  Insert 0: insert into RefundRequestType (account_id, amount_id, authorizationCode, channel_id, description, name, reason, refundDate, relatedPayment_id, requestor_id, status, statusDate, taxAmount_id, totalAmount_id, correlatorId) values (?, ?, ?, ?, ?, ?, ?, ?, ?, ?, ?, ?, ?, ?, ?)
20:19:29.161 [main] DEBUG org.hibernate.persister.entity.AbstractEntityPersister -  Update 0: update RefundRequestType set account_id=?, amount_id=?, authorizationCode=?, channel_id=?, description=?, name=?, reason=?, refundDate=?, relatedPayment_id=?, requestor_id=?, status=?, statusDate=?, taxAmount_id=?, totalAmount_id=? where correlatorId=?
20:19:29.161 [main] DEBUG org.hibernate.persister.entity.AbstractEntityPersister -  Delete 0: delete from RefundRequestType where correlatorId=?
20:19:29.161 [main] DEBUG org.hibernate.loader.plan.build.internal.spaces.QuerySpacesImpl - Adding QuerySpace : uid = <gen:0> -> org.hibernate.loader.plan.build.internal.spaces.EntityQuerySpaceImpl@20f63ddc]
20:19:29.161 [main] DEBUG org.hibernate.persister.walking.spi.MetamodelGraphWalker - Visiting attribute path : account
20:19:29.161 [main] DEBUG org.hibernate.loader.plan.build.internal.spaces.QuerySpacesImpl - Adding QuerySpace : uid = <gen:1> -> org.hibernate.loader.plan.build.internal.spaces.EntityQuerySpaceImpl@69bc4024]
20:19:29.162 [main] DEBUG org.hibernate.persister.walking.spi.MetamodelGraphWalker - Visiting attribute path : account.description
20:19:29.162 [main] DEBUG org.hibernate.persister.walking.spi.MetamodelGraphWalker - Visiting attribute path : account.href
20:19:29.162 [main] DEBUG org.hibernate.persister.walking.spi.MetamodelGraphWalker - Visiting attribute path : account.name
20:19:29.162 [main] DEBUG org.hibernate.persister.walking.spi.MetamodelGraphWalker - Visiting attribute path : amount
20:19:29.162 [main] DEBUG org.hibernate.loader.plan.build.internal.spaces.QuerySpacesImpl - Adding QuerySpace : uid = <gen:2> -> org.hibernate.loader.plan.build.internal.spaces.EntityQuerySpaceImpl@24f177f5]
20:19:29.162 [main] DEBUG org.hibernate.persister.walking.spi.MetamodelGraphWalker - Visiting attribute path : amount.amount
20:19:29.162 [main] DEBUG org.hibernate.persister.walking.spi.MetamodelGraphWalker - Visiting attribute path : amount.units
20:19:29.162 [main] DEBUG org.hibernate.persister.walking.spi.MetamodelGraphWalker - Visiting attribute path : authorizationCode
20:19:29.162 [main] DEBUG org.hibernate.persister.walking.spi.MetamodelGraphWalker - Visiting attribute path : channel
20:19:29.162 [main] DEBUG org.hibernate.loader.plan.build.internal.spaces.QuerySpacesImpl - Adding QuerySpace : uid = <gen:3> -> org.hibernate.loader.plan.build.internal.spaces.EntityQuerySpaceImpl@6ed691fd]
20:19:29.162 [main] DEBUG org.hibernate.persister.walking.spi.MetamodelGraphWalker - Visiting attribute path : channel.description
20:19:29.162 [main] DEBUG org.hibernate.persister.walking.spi.MetamodelGraphWalker - Visiting attribute path : channel.href
20:19:29.162 [main] DEBUG org.hibernate.persister.walking.spi.MetamodelGraphWalker - Visiting attribute path : channel.name
20:19:29.162 [main] DEBUG org.hibernate.persister.walking.spi.MetamodelGraphWalker - Visiting attribute path : description
20:19:29.162 [main] DEBUG org.hibernate.persister.walking.spi.MetamodelGraphWalker - Visiting attribute path : name
20:19:29.162 [main] DEBUG org.hibernate.persister.walking.spi.MetamodelGraphWalker - Visiting attribute path : paymentMethod
20:19:29.163 [main] DEBUG org.hibernate.loader.plan.build.internal.spaces.QuerySpacesImpl - Adding QuerySpace : uid = <gen:4> -> org.hibernate.loader.plan.build.internal.spaces.CollectionQuerySpaceImpl@311d28f5]
20:19:29.163 [main] DEBUG org.hibernate.loader.plan.build.internal.spaces.QuerySpacesImpl - Adding QuerySpace : uid = <gen:5> -> org.hibernate.loader.plan.build.internal.spaces.EntityQuerySpaceImpl@569a26ab]
20:19:29.163 [main] DEBUG org.hibernate.persister.walking.spi.MetamodelGraphWalker - Visiting attribute path : reason
20:19:29.163 [main] DEBUG org.hibernate.persister.walking.spi.MetamodelGraphWalker - Visiting attribute path : refundDate
20:19:29.163 [main] DEBUG org.hibernate.persister.walking.spi.MetamodelGraphWalker - Visiting attribute path : relatedPayment
20:19:29.163 [main] DEBUG org.hibernate.loader.plan.build.internal.spaces.QuerySpacesImpl - Adding QuerySpace : uid = <gen:6> -> org.hibernate.loader.plan.build.internal.spaces.EntityQuerySpaceImpl@c190cfc]
20:19:29.163 [main] DEBUG org.hibernate.persister.walking.spi.MetamodelGraphWalker - Visiting attribute path : relatedPayment.description
20:19:29.163 [main] DEBUG org.hibernate.persister.walking.spi.MetamodelGraphWalker - Visiting attribute path : relatedPayment.href
20:19:29.163 [main] DEBUG org.hibernate.persister.walking.spi.MetamodelGraphWalker - Visiting attribute path : relatedPayment.name
20:19:29.163 [main] DEBUG org.hibernate.persister.walking.spi.MetamodelGraphWalker - Visiting attribute path : requestor
20:19:29.163 [main] DEBUG org.hibernate.loader.plan.build.internal.spaces.QuerySpacesImpl - Adding QuerySpace : uid = <gen:7> -> org.hibernate.loader.plan.build.internal.spaces.EntityQuerySpaceImpl@2fcc5f49]
20:19:29.163 [main] DEBUG org.hibernate.persister.walking.spi.MetamodelGraphWalker - Visiting attribute path : requestor.href
20:19:29.163 [main] DEBUG org.hibernate.persister.walking.spi.MetamodelGraphWalker - Visiting attribute path : requestor.name
20:19:29.163 [main] DEBUG org.hibernate.persister.walking.spi.MetamodelGraphWalker - Visiting attribute path : requestor.role
20:19:29.163 [main] DEBUG org.hibernate.persister.walking.spi.MetamodelGraphWalker - Visiting attribute path : status
20:19:29.163 [main] DEBUG org.hibernate.persister.walking.spi.MetamodelGraphWalker - Visiting attribute path : statusDate
20:19:29.163 [main] DEBUG org.hibernate.persister.walking.spi.MetamodelGraphWalker - Visiting attribute path : taxAmount
20:19:29.164 [main] DEBUG org.hibernate.loader.plan.build.internal.spaces.QuerySpacesImpl - Adding QuerySpace : uid = <gen:8> -> org.hibernate.loader.plan.build.internal.spaces.EntityQuerySpaceImpl@6cde0c69]
20:19:29.164 [main] DEBUG org.hibernate.persister.walking.spi.MetamodelGraphWalker - Visiting attribute path : taxAmount.amount
20:19:29.164 [main] DEBUG org.hibernate.persister.walking.spi.MetamodelGraphWalker - Visiting attribute path : taxAmount.units
20:19:29.164 [main] DEBUG org.hibernate.persister.walking.spi.MetamodelGraphWalker - Visiting attribute path : totalAmount
20:19:29.164 [main] DEBUG org.hibernate.loader.plan.build.internal.spaces.QuerySpacesImpl - Adding QuerySpace : uid = <gen:9> -> org.hibernate.loader.plan.build.internal.spaces.EntityQuerySpaceImpl@22361e23]
20:19:29.164 [main] DEBUG org.hibernate.persister.walking.spi.MetamodelGraphWalker - Visiting attribute path : totalAmount.amount
20:19:29.164 [main] DEBUG org.hibernate.persister.walking.spi.MetamodelGraphWalker - Visiting attribute path : totalAmount.units
20:19:29.164 [main] DEBUG org.hibernate.loader.plan.build.internal.FetchStyleLoadPlanBuildingAssociationVisitationStrategy - Building LoadPlan...
20:19:29.164 [main] DEBUG org.hibernate.loader.plan.exec.internal.LoadQueryJoinAndFetchProcessor - processing queryspace <gen:0>
20:19:29.166 [main] DEBUG org.hibernate.loader.plan.build.spi.LoadPlanTreePrinter - LoadPlan(entity=io.swagger.model.RefundRequestType)
    - Returns
       - EntityReturnImpl(entity=io.swagger.model.RefundRequestType, querySpaceUid=<gen:0>, path=io.swagger.model.RefundRequestType)
          - EntityAttributeFetchImpl(entity=io.swagger.model.AccountRefType, querySpaceUid=<gen:1>, path=io.swagger.model.RefundRequestType.account)
          - EntityAttributeFetchImpl(entity=io.swagger.model.MoneyType, querySpaceUid=<gen:2>, path=io.swagger.model.RefundRequestType.amount)
          - EntityAttributeFetchImpl(entity=io.swagger.model.ChannelRefType, querySpaceUid=<gen:3>, path=io.swagger.model.RefundRequestType.channel)
          - CollectionAttributeFetchImpl(collection=io.swagger.model.RefundRequestType.paymentMethod, querySpaceUid=<gen:4>, path=io.swagger.model.RefundRequestType.paymentMethod)
             - (collection element) CollectionFetchableElementEntityGraph(entity=io.swagger.model.PaymentMethodType, querySpaceUid=<gen:5>, path=io.swagger.model.RefundRequestType.paymentMethod.<elements>)
          - EntityAttributeFetchImpl(entity=io.swagger.model.PaymentRefType, querySpaceUid=<gen:6>, path=io.swagger.model.RefundRequestType.relatedPayment)
          - EntityAttributeFetchImpl(entity=io.swagger.model.RelatedPartyRefType, querySpaceUid=<gen:7>, path=io.swagger.model.RefundRequestType.requestor)
          - EntityAttributeFetchImpl(entity=io.swagger.model.MoneyType, querySpaceUid=<gen:8>, path=io.swagger.model.RefundRequestType.taxAmount)
          - EntityAttributeFetchImpl(entity=io.swagger.model.MoneyType, querySpaceUid=<gen:9>, path=io.swagger.model.RefundRequestType.totalAmount)
    - QuerySpaces
       - EntityQuerySpaceImpl(uid=<gen:0>, entity=io.swagger.model.RefundRequestType)
          - SQL table alias mapping - refundrequ0_
          - alias suffix - 0_
          - suffixed key columns - {correlat1_18_0_}
          - JOIN (JoinDefinedByMetadata(account)) : <gen:0> -> <gen:1>
             - EntityQuerySpaceImpl(uid=<gen:1>, entity=io.swagger.model.AccountRefType)
                - SQL table alias mapping - accountref1_
                - alias suffix - 1_
                - suffixed key columns - {id1_0_1_}
          - JOIN (JoinDefinedByMetadata(amount)) : <gen:0> -> <gen:2>
             - EntityQuerySpaceImpl(uid=<gen:2>, entity=io.swagger.model.MoneyType)
                - SQL table alias mapping - moneytype2_
                - alias suffix - 2_
                - suffixed key columns - {id1_9_2_}
          - JOIN (JoinDefinedByMetadata(channel)) : <gen:0> -> <gen:3>
             - EntityQuerySpaceImpl(uid=<gen:3>, entity=io.swagger.model.ChannelRefType)
                - SQL table alias mapping - channelref3_
                - alias suffix - 3_
                - suffixed key columns - {id1_5_3_}
          - JOIN (JoinDefinedByMetadata(relatedPayment)) : <gen:0> -> <gen:6>
             - EntityQuerySpaceImpl(uid=<gen:6>, entity=io.swagger.model.PaymentRefType)
                - SQL table alias mapping - paymentref4_
                - alias suffix - 4_
                - suffixed key columns - {id1_13_4_}
          - JOIN (JoinDefinedByMetadata(requestor)) : <gen:0> -> <gen:7>
             - EntityQuerySpaceImpl(uid=<gen:7>, entity=io.swagger.model.RelatedPartyRefType)
                - SQL table alias mapping - relatedpar5_
                - alias suffix - 5_
                - suffixed key columns - {id1_22_5_}
          - JOIN (JoinDefinedByMetadata(taxAmount)) : <gen:0> -> <gen:8>
             - EntityQuerySpaceImpl(uid=<gen:8>, entity=io.swagger.model.MoneyType)
                - SQL table alias mapping - moneytype6_
                - alias suffix - 6_
                - suffixed key columns - {id1_9_6_}
          - JOIN (JoinDefinedByMetadata(totalAmount)) : <gen:0> -> <gen:9>
             - EntityQuerySpaceImpl(uid=<gen:9>, entity=io.swagger.model.MoneyType)
                - SQL table alias mapping - moneytype7_
                - alias suffix - 7_
                - suffixed key columns - {id1_9_7_}

20:19:29.166 [main] DEBUG org.hibernate.loader.entity.plan.EntityLoader - Static select for entity io.swagger.model.RefundRequestType [NONE]: select refundrequ0_.correlatorId as correlat1_18_0_, refundrequ0_.account_id as account_9_18_0_, refundrequ0_.amount_id as amount_10_18_0_, refundrequ0_.authorizationCode as authoriz2_18_0_, refundrequ0_.channel_id as channel11_18_0_, refundrequ0_.description as descript3_18_0_, refundrequ0_.name as name4_18_0_, refundrequ0_.reason as reason5_18_0_, refundrequ0_.refundDate as refundDa6_18_0_, refundrequ0_.relatedPayment_id as related12_18_0_, refundrequ0_.requestor_id as request13_18_0_, refundrequ0_.status as status7_18_0_, refundrequ0_.statusDate as statusDa8_18_0_, refundrequ0_.taxAmount_id as taxAmou14_18_0_, refundrequ0_.totalAmount_id as totalAm15_18_0_, accountref1_.id as id1_0_1_, accountref1_.description as descript2_0_1_, accountref1_.href as href3_0_1_, accountref1_.name as name4_0_1_, moneytype2_.id as id1_9_2_, moneytype2_.amount as amount2_9_2_, moneytype2_.units as units3_9_2_, channelref3_.id as id1_5_3_, channelref3_.description as descript2_5_3_, channelref3_.href as href3_5_3_, channelref3_.name as name4_5_3_, paymentref4_.id as id1_13_4_, paymentref4_.description as descript2_13_4_, paymentref4_.href as href3_13_4_, paymentref4_.name as name4_13_4_, relatedpar5_.id as id1_22_5_, relatedpar5_.href as href2_22_5_, relatedpar5_.name as name3_22_5_, relatedpar5_.role as role4_22_5_, moneytype6_.id as id1_9_6_, moneytype6_.amount as amount2_9_6_, moneytype6_.units as units3_9_6_, moneytype7_.id as id1_9_7_, moneytype7_.amount as amount2_9_7_, moneytype7_.units as units3_9_7_ from RefundRequestType refundrequ0_ left outer join AccountRefType accountref1_ on refundrequ0_.account_id=accountref1_.id left outer join MoneyType moneytype2_ on refundrequ0_.amount_id=moneytype2_.id left outer join ChannelRefType channelref3_ on refundrequ0_.channel_id=channelref3_.id left outer join PaymentRefType paymentref4_ on refundrequ0_.relatedPayment_id=paymentref4_.id left outer join RelatedPartyRefType relatedpar5_ on refundrequ0_.requestor_id=relatedpar5_.id left outer join MoneyType moneytype6_ on refundrequ0_.taxAmount_id=moneytype6_.id inner join MoneyType moneytype7_ on refundrequ0_.totalAmount_id=moneytype7_.id where refundrequ0_.correlatorId=?
20:19:29.167 [main] DEBUG org.hibernate.loader.plan.build.internal.spaces.QuerySpacesImpl - Adding QuerySpace : uid = <gen:0> -> org.hibernate.loader.plan.build.internal.spaces.EntityQuerySpaceImpl@32a4ea4e]
20:19:29.167 [main] DEBUG org.hibernate.persister.walking.spi.MetamodelGraphWalker - Visiting attribute path : account
20:19:29.167 [main] DEBUG org.hibernate.loader.plan.build.internal.spaces.QuerySpacesImpl - Adding QuerySpace : uid = <gen:1> -> org.hibernate.loader.plan.build.internal.spaces.EntityQuerySpaceImpl@26aee0a6]
20:19:29.167 [main] DEBUG org.hibernate.persister.walking.spi.MetamodelGraphWalker - Visiting attribute path : account.description
20:19:29.167 [main] DEBUG org.hibernate.persister.walking.spi.MetamodelGraphWalker - Visiting attribute path : account.href
20:19:29.167 [main] DEBUG org.hibernate.persister.walking.spi.MetamodelGraphWalker - Visiting attribute path : account.name
20:19:29.167 [main] DEBUG org.hibernate.persister.walking.spi.MetamodelGraphWalker - Visiting attribute path : amount
20:19:29.167 [main] DEBUG org.hibernate.loader.plan.build.internal.spaces.QuerySpacesImpl - Adding QuerySpace : uid = <gen:2> -> org.hibernate.loader.plan.build.internal.spaces.EntityQuerySpaceImpl@35fb3209]
20:19:29.167 [main] DEBUG org.hibernate.persister.walking.spi.MetamodelGraphWalker - Visiting attribute path : amount.amount
20:19:29.167 [main] DEBUG org.hibernate.persister.walking.spi.MetamodelGraphWalker - Visiting attribute path : amount.units
20:19:29.167 [main] DEBUG org.hibernate.persister.walking.spi.MetamodelGraphWalker - Visiting attribute path : authorizationCode
20:19:29.167 [main] DEBUG org.hibernate.persister.walking.spi.MetamodelGraphWalker - Visiting attribute path : channel
20:19:29.167 [main] DEBUG org.hibernate.loader.plan.build.internal.spaces.QuerySpacesImpl - Adding QuerySpace : uid = <gen:3> -> org.hibernate.loader.plan.build.internal.spaces.EntityQuerySpaceImpl@92fd091]
20:19:29.168 [main] DEBUG org.hibernate.persister.walking.spi.MetamodelGraphWalker - Visiting attribute path : channel.description
20:19:29.168 [main] DEBUG org.hibernate.persister.walking.spi.MetamodelGraphWalker - Visiting attribute path : channel.href
20:19:29.168 [main] DEBUG org.hibernate.persister.walking.spi.MetamodelGraphWalker - Visiting attribute path : channel.name
20:19:29.168 [main] DEBUG org.hibernate.persister.walking.spi.MetamodelGraphWalker - Visiting attribute path : description
20:19:29.168 [main] DEBUG org.hibernate.persister.walking.spi.MetamodelGraphWalker - Visiting attribute path : name
20:19:29.168 [main] DEBUG org.hibernate.persister.walking.spi.MetamodelGraphWalker - Visiting attribute path : paymentMethod
20:19:29.168 [main] DEBUG org.hibernate.loader.plan.build.internal.spaces.QuerySpacesImpl - Adding QuerySpace : uid = <gen:4> -> org.hibernate.loader.plan.build.internal.spaces.CollectionQuerySpaceImpl@70439c3]
20:19:29.168 [main] DEBUG org.hibernate.loader.plan.build.internal.spaces.QuerySpacesImpl - Adding QuerySpace : uid = <gen:5> -> org.hibernate.loader.plan.build.internal.spaces.EntityQuerySpaceImpl@72a33316]
20:19:29.168 [main] DEBUG org.hibernate.persister.walking.spi.MetamodelGraphWalker - Visiting attribute path : reason
20:19:29.168 [main] DEBUG org.hibernate.persister.walking.spi.MetamodelGraphWalker - Visiting attribute path : refundDate
20:19:29.168 [main] DEBUG org.hibernate.persister.walking.spi.MetamodelGraphWalker - Visiting attribute path : relatedPayment
20:19:29.168 [main] DEBUG org.hibernate.loader.plan.build.internal.spaces.QuerySpacesImpl - Adding QuerySpace : uid = <gen:6> -> org.hibernate.loader.plan.build.internal.spaces.EntityQuerySpaceImpl@57fce8b]
20:19:29.168 [main] DEBUG org.hibernate.persister.walking.spi.MetamodelGraphWalker - Visiting attribute path : relatedPayment.description
20:19:29.168 [main] DEBUG org.hibernate.persister.walking.spi.MetamodelGraphWalker - Visiting attribute path : relatedPayment.href
20:19:29.168 [main] DEBUG org.hibernate.persister.walking.spi.MetamodelGraphWalker - Visiting attribute path : relatedPayment.name
20:19:29.168 [main] DEBUG org.hibernate.persister.walking.spi.MetamodelGraphWalker - Visiting attribute path : requestor
20:19:29.168 [main] DEBUG org.hibernate.loader.plan.build.internal.spaces.QuerySpacesImpl - Adding QuerySpace : uid = <gen:7> -> org.hibernate.loader.plan.build.internal.spaces.EntityQuerySpaceImpl@51cca357]
20:19:29.168 [main] DEBUG org.hibernate.persister.walking.spi.MetamodelGraphWalker - Visiting attribute path : requestor.href
20:19:29.168 [main] DEBUG org.hibernate.persister.walking.spi.MetamodelGraphWalker - Visiting attribute path : requestor.name
20:19:29.169 [main] DEBUG org.hibernate.persister.walking.spi.MetamodelGraphWalker - Visiting attribute path : requestor.role
20:19:29.169 [main] DEBUG org.hibernate.persister.walking.spi.MetamodelGraphWalker - Visiting attribute path : status
20:19:29.169 [main] DEBUG org.hibernate.persister.walking.spi.MetamodelGraphWalker - Visiting attribute path : statusDate
20:19:29.169 [main] DEBUG org.hibernate.persister.walking.spi.MetamodelGraphWalker - Visiting attribute path : taxAmount
20:19:29.169 [main] DEBUG org.hibernate.loader.plan.build.internal.spaces.QuerySpacesImpl - Adding QuerySpace : uid = <gen:8> -> org.hibernate.loader.plan.build.internal.spaces.EntityQuerySpaceImpl@416c8bb5]
20:19:29.169 [main] DEBUG org.hibernate.persister.walking.spi.MetamodelGraphWalker - Visiting attribute path : taxAmount.amount
20:19:29.169 [main] DEBUG org.hibernate.persister.walking.spi.MetamodelGraphWalker - Visiting attribute path : taxAmount.units
20:19:29.169 [main] DEBUG org.hibernate.persister.walking.spi.MetamodelGraphWalker - Visiting attribute path : totalAmount
20:19:29.169 [main] DEBUG org.hibernate.loader.plan.build.internal.spaces.QuerySpacesImpl - Adding QuerySpace : uid = <gen:9> -> org.hibernate.loader.plan.build.internal.spaces.EntityQuerySpaceImpl@e994ca]
20:19:29.169 [main] DEBUG org.hibernate.persister.walking.spi.MetamodelGraphWalker - Visiting attribute path : totalAmount.amount
20:19:29.169 [main] DEBUG org.hibernate.persister.walking.spi.MetamodelGraphWalker - Visiting attribute path : totalAmount.units
20:19:29.169 [main] DEBUG org.hibernate.loader.plan.build.internal.FetchStyleLoadPlanBuildingAssociationVisitationStrategy - Building LoadPlan...
20:19:29.169 [main] DEBUG org.hibernate.loader.plan.exec.internal.LoadQueryJoinAndFetchProcessor - processing queryspace <gen:0>
20:19:29.171 [main] DEBUG org.hibernate.loader.plan.build.spi.LoadPlanTreePrinter - LoadPlan(entity=io.swagger.model.RefundRequestType)
    - Returns
       - EntityReturnImpl(entity=io.swagger.model.RefundRequestType, querySpaceUid=<gen:0>, path=io.swagger.model.RefundRequestType)
          - EntityAttributeFetchImpl(entity=io.swagger.model.AccountRefType, querySpaceUid=<gen:1>, path=io.swagger.model.RefundRequestType.account)
          - EntityAttributeFetchImpl(entity=io.swagger.model.MoneyType, querySpaceUid=<gen:2>, path=io.swagger.model.RefundRequestType.amount)
          - EntityAttributeFetchImpl(entity=io.swagger.model.ChannelRefType, querySpaceUid=<gen:3>, path=io.swagger.model.RefundRequestType.channel)
          - CollectionAttributeFetchImpl(collection=io.swagger.model.RefundRequestType.paymentMethod, querySpaceUid=<gen:4>, path=io.swagger.model.RefundRequestType.paymentMethod)
             - (collection element) CollectionFetchableElementEntityGraph(entity=io.swagger.model.PaymentMethodType, querySpaceUid=<gen:5>, path=io.swagger.model.RefundRequestType.paymentMethod.<elements>)
          - EntityAttributeFetchImpl(entity=io.swagger.model.PaymentRefType, querySpaceUid=<gen:6>, path=io.swagger.model.RefundRequestType.relatedPayment)
          - EntityAttributeFetchImpl(entity=io.swagger.model.RelatedPartyRefType, querySpaceUid=<gen:7>, path=io.swagger.model.RefundRequestType.requestor)
          - EntityAttributeFetchImpl(entity=io.swagger.model.MoneyType, querySpaceUid=<gen:8>, path=io.swagger.model.RefundRequestType.taxAmount)
          - EntityAttributeFetchImpl(entity=io.swagger.model.MoneyType, querySpaceUid=<gen:9>, path=io.swagger.model.RefundRequestType.totalAmount)
    - QuerySpaces
       - EntityQuerySpaceImpl(uid=<gen:0>, entity=io.swagger.model.RefundRequestType)
          - SQL table alias mapping - refundrequ0_
          - alias suffix - 0_
          - suffixed key columns - {correlat1_18_0_}
          - JOIN (JoinDefinedByMetadata(account)) : <gen:0> -> <gen:1>
             - EntityQuerySpaceImpl(uid=<gen:1>, entity=io.swagger.model.AccountRefType)
                - SQL table alias mapping - accountref1_
                - alias suffix - 1_
                - suffixed key columns - {id1_0_1_}
          - JOIN (JoinDefinedByMetadata(amount)) : <gen:0> -> <gen:2>
             - EntityQuerySpaceImpl(uid=<gen:2>, entity=io.swagger.model.MoneyType)
                - SQL table alias mapping - moneytype2_
                - alias suffix - 2_
                - suffixed key columns - {id1_9_2_}
          - JOIN (JoinDefinedByMetadata(channel)) : <gen:0> -> <gen:3>
             - EntityQuerySpaceImpl(uid=<gen:3>, entity=io.swagger.model.ChannelRefType)
                - SQL table alias mapping - channelref3_
                - alias suffix - 3_
                - suffixed key columns - {id1_5_3_}
          - JOIN (JoinDefinedByMetadata(relatedPayment)) : <gen:0> -> <gen:6>
             - EntityQuerySpaceImpl(uid=<gen:6>, entity=io.swagger.model.PaymentRefType)
                - SQL table alias mapping - paymentref4_
                - alias suffix - 4_
                - suffixed key columns - {id1_13_4_}
          - JOIN (JoinDefinedByMetadata(requestor)) : <gen:0> -> <gen:7>
             - EntityQuerySpaceImpl(uid=<gen:7>, entity=io.swagger.model.RelatedPartyRefType)
                - SQL table alias mapping - relatedpar5_
                - alias suffix - 5_
                - suffixed key columns - {id1_22_5_}
          - JOIN (JoinDefinedByMetadata(taxAmount)) : <gen:0> -> <gen:8>
             - EntityQuerySpaceImpl(uid=<gen:8>, entity=io.swagger.model.MoneyType)
                - SQL table alias mapping - moneytype6_
                - alias suffix - 6_
                - suffixed key columns - {id1_9_6_}
          - JOIN (JoinDefinedByMetadata(totalAmount)) : <gen:0> -> <gen:9>
             - EntityQuerySpaceImpl(uid=<gen:9>, entity=io.swagger.model.MoneyType)
                - SQL table alias mapping - moneytype7_
                - alias suffix - 7_
                - suffixed key columns - {id1_9_7_}

20:19:29.172 [main] DEBUG org.hibernate.loader.entity.plan.EntityLoader - Static select for entity io.swagger.model.RefundRequestType [READ]: select refundrequ0_.correlatorId as correlat1_18_0_, refundrequ0_.account_id as account_9_18_0_, refundrequ0_.amount_id as amount_10_18_0_, refundrequ0_.authorizationCode as authoriz2_18_0_, refundrequ0_.channel_id as channel11_18_0_, refundrequ0_.description as descript3_18_0_, refundrequ0_.name as name4_18_0_, refundrequ0_.reason as reason5_18_0_, refundrequ0_.refundDate as refundDa6_18_0_, refundrequ0_.relatedPayment_id as related12_18_0_, refundrequ0_.requestor_id as request13_18_0_, refundrequ0_.status as status7_18_0_, refundrequ0_.statusDate as statusDa8_18_0_, refundrequ0_.taxAmount_id as taxAmou14_18_0_, refundrequ0_.totalAmount_id as totalAm15_18_0_, accountref1_.id as id1_0_1_, accountref1_.description as descript2_0_1_, accountref1_.href as href3_0_1_, accountref1_.name as name4_0_1_, moneytype2_.id as id1_9_2_, moneytype2_.amount as amount2_9_2_, moneytype2_.units as units3_9_2_, channelref3_.id as id1_5_3_, channelref3_.description as descript2_5_3_, channelref3_.href as href3_5_3_, channelref3_.name as name4_5_3_, paymentref4_.id as id1_13_4_, paymentref4_.description as descript2_13_4_, paymentref4_.href as href3_13_4_, paymentref4_.name as name4_13_4_, relatedpar5_.id as id1_22_5_, relatedpar5_.href as href2_22_5_, relatedpar5_.name as name3_22_5_, relatedpar5_.role as role4_22_5_, moneytype6_.id as id1_9_6_, moneytype6_.amount as amount2_9_6_, moneytype6_.units as units3_9_6_, moneytype7_.id as id1_9_7_, moneytype7_.amount as amount2_9_7_, moneytype7_.units as units3_9_7_ from RefundRequestType refundrequ0_ left outer join AccountRefType accountref1_ on refundrequ0_.account_id=accountref1_.id left outer join MoneyType moneytype2_ on refundrequ0_.amount_id=moneytype2_.id left outer join ChannelRefType channelref3_ on refundrequ0_.channel_id=channelref3_.id left outer join PaymentRefType paymentref4_ on refundrequ0_.relatedPayment_id=paymentref4_.id left outer join RelatedPartyRefType relatedpar5_ on refundrequ0_.requestor_id=relatedpar5_.id left outer join MoneyType moneytype6_ on refundrequ0_.taxAmount_id=moneytype6_.id inner join MoneyType moneytype7_ on refundrequ0_.totalAmount_id=moneytype7_.id where refundrequ0_.correlatorId=?
20:19:29.172 [main] DEBUG org.hibernate.loader.plan.build.internal.spaces.QuerySpacesImpl - Adding QuerySpace : uid = <gen:0> -> org.hibernate.loader.plan.build.internal.spaces.EntityQuerySpaceImpl@7fb44737]
20:19:29.172 [main] DEBUG org.hibernate.persister.walking.spi.MetamodelGraphWalker - Visiting attribute path : account
20:19:29.172 [main] DEBUG org.hibernate.loader.plan.build.internal.spaces.QuerySpacesImpl - Adding QuerySpace : uid = <gen:1> -> org.hibernate.loader.plan.build.internal.spaces.EntityQuerySpaceImpl@5daad59a]
20:19:29.172 [main] DEBUG org.hibernate.persister.walking.spi.MetamodelGraphWalker - Visiting attribute path : amount
20:19:29.172 [main] DEBUG org.hibernate.loader.plan.build.internal.spaces.QuerySpacesImpl - Adding QuerySpace : uid = <gen:2> -> org.hibernate.loader.plan.build.internal.spaces.EntityQuerySpaceImpl@5256fbc]
20:19:29.172 [main] DEBUG org.hibernate.persister.walking.spi.MetamodelGraphWalker - Visiting attribute path : authorizationCode
20:19:29.172 [main] DEBUG org.hibernate.persister.walking.spi.MetamodelGraphWalker - Visiting attribute path : channel
20:19:29.172 [main] DEBUG org.hibernate.loader.plan.build.internal.spaces.QuerySpacesImpl - Adding QuerySpace : uid = <gen:3> -> org.hibernate.loader.plan.build.internal.spaces.EntityQuerySpaceImpl@58f50dd0]
20:19:29.172 [main] DEBUG org.hibernate.persister.walking.spi.MetamodelGraphWalker - Visiting attribute path : description
20:19:29.172 [main] DEBUG org.hibernate.persister.walking.spi.MetamodelGraphWalker - Visiting attribute path : name
20:19:29.172 [main] DEBUG org.hibernate.persister.walking.spi.MetamodelGraphWalker - Visiting attribute path : paymentMethod
20:19:29.172 [main] DEBUG org.hibernate.loader.plan.build.internal.spaces.QuerySpacesImpl - Adding QuerySpace : uid = <gen:4> -> org.hibernate.loader.plan.build.internal.spaces.CollectionQuerySpaceImpl@3620eab]
20:19:29.172 [main] DEBUG org.hibernate.loader.plan.build.internal.spaces.QuerySpacesImpl - Adding QuerySpace : uid = <gen:5> -> org.hibernate.loader.plan.build.internal.spaces.EntityQuerySpaceImpl@8ef1d58]
20:19:29.173 [main] DEBUG org.hibernate.persister.walking.spi.MetamodelGraphWalker - Visiting attribute path : reason
20:19:29.173 [main] DEBUG org.hibernate.persister.walking.spi.MetamodelGraphWalker - Visiting attribute path : refundDate
20:19:29.173 [main] DEBUG org.hibernate.persister.walking.spi.MetamodelGraphWalker - Visiting attribute path : relatedPayment
20:19:29.173 [main] DEBUG org.hibernate.loader.plan.build.internal.spaces.QuerySpacesImpl - Adding QuerySpace : uid = <gen:6> -> org.hibernate.loader.plan.build.internal.spaces.EntityQuerySpaceImpl@2619cb76]
20:19:29.173 [main] DEBUG org.hibernate.persister.walking.spi.MetamodelGraphWalker - Visiting attribute path : requestor
20:19:29.173 [main] DEBUG org.hibernate.loader.plan.build.internal.spaces.QuerySpacesImpl - Adding QuerySpace : uid = <gen:7> -> org.hibernate.loader.plan.build.internal.spaces.EntityQuerySpaceImpl@56f2c9e8]
20:19:29.173 [main] DEBUG org.hibernate.persister.walking.spi.MetamodelGraphWalker - Visiting attribute path : status
20:19:29.173 [main] DEBUG org.hibernate.persister.walking.spi.MetamodelGraphWalker - Visiting attribute path : statusDate
20:19:29.173 [main] DEBUG org.hibernate.persister.walking.spi.MetamodelGraphWalker - Visiting attribute path : taxAmount
20:19:29.173 [main] DEBUG org.hibernate.loader.plan.build.internal.spaces.QuerySpacesImpl - Adding QuerySpace : uid = <gen:8> -> org.hibernate.loader.plan.build.internal.spaces.EntityQuerySpaceImpl@457692cb]
20:19:29.173 [main] DEBUG org.hibernate.persister.walking.spi.MetamodelGraphWalker - Visiting attribute path : totalAmount
20:19:29.173 [main] DEBUG org.hibernate.loader.plan.build.internal.spaces.QuerySpacesImpl - Adding QuerySpace : uid = <gen:9> -> org.hibernate.loader.plan.build.internal.spaces.EntityQuerySpaceImpl@350342e0]
20:19:29.173 [main] DEBUG org.hibernate.loader.plan.build.internal.FetchStyleLoadPlanBuildingAssociationVisitationStrategy - Building LoadPlan...
20:19:29.173 [main] DEBUG org.hibernate.loader.plan.exec.internal.LoadQueryJoinAndFetchProcessor - processing queryspace <gen:0>
20:19:29.174 [main] DEBUG org.hibernate.loader.plan.build.spi.LoadPlanTreePrinter - LoadPlan(entity=io.swagger.model.RefundRequestType)
    - Returns
       - EntityReturnImpl(entity=io.swagger.model.RefundRequestType, querySpaceUid=<gen:0>, path=io.swagger.model.RefundRequestType)
          - EntityAttributeFetchImpl(entity=io.swagger.model.AccountRefType, querySpaceUid=<gen:1>, path=io.swagger.model.RefundRequestType.account)
          - EntityAttributeFetchImpl(entity=io.swagger.model.MoneyType, querySpaceUid=<gen:2>, path=io.swagger.model.RefundRequestType.amount)
          - EntityAttributeFetchImpl(entity=io.swagger.model.ChannelRefType, querySpaceUid=<gen:3>, path=io.swagger.model.RefundRequestType.channel)
          - CollectionAttributeFetchImpl(collection=io.swagger.model.RefundRequestType.paymentMethod, querySpaceUid=<gen:4>, path=io.swagger.model.RefundRequestType.paymentMethod)
             - (collection element) CollectionFetchableElementEntityGraph(entity=io.swagger.model.PaymentMethodType, querySpaceUid=<gen:5>, path=io.swagger.model.RefundRequestType.paymentMethod.<elements>)
          - EntityAttributeFetchImpl(entity=io.swagger.model.PaymentRefType, querySpaceUid=<gen:6>, path=io.swagger.model.RefundRequestType.relatedPayment)
          - EntityAttributeFetchImpl(entity=io.swagger.model.RelatedPartyRefType, querySpaceUid=<gen:7>, path=io.swagger.model.RefundRequestType.requestor)
          - EntityAttributeFetchImpl(entity=io.swagger.model.MoneyType, querySpaceUid=<gen:8>, path=io.swagger.model.RefundRequestType.taxAmount)
          - EntityAttributeFetchImpl(entity=io.swagger.model.MoneyType, querySpaceUid=<gen:9>, path=io.swagger.model.RefundRequestType.totalAmount)
    - QuerySpaces
       - EntityQuerySpaceImpl(uid=<gen:0>, entity=io.swagger.model.RefundRequestType)
          - SQL table alias mapping - refundrequ0_
          - alias suffix - 0_
          - suffixed key columns - {correlat1_18_0_}

20:19:29.174 [main] DEBUG org.hibernate.loader.entity.plan.EntityLoader - Static select for entity io.swagger.model.RefundRequestType [UPGRADE]: select refundrequ0_.correlatorId as correlat1_18_0_, refundrequ0_.account_id as account_9_18_0_, refundrequ0_.amount_id as amount_10_18_0_, refundrequ0_.authorizationCode as authoriz2_18_0_, refundrequ0_.channel_id as channel11_18_0_, refundrequ0_.description as descript3_18_0_, refundrequ0_.name as name4_18_0_, refundrequ0_.reason as reason5_18_0_, refundrequ0_.refundDate as refundDa6_18_0_, refundrequ0_.relatedPayment_id as related12_18_0_, refundrequ0_.requestor_id as request13_18_0_, refundrequ0_.status as status7_18_0_, refundrequ0_.statusDate as statusDa8_18_0_, refundrequ0_.taxAmount_id as taxAmou14_18_0_, refundrequ0_.totalAmount_id as totalAm15_18_0_ from RefundRequestType refundrequ0_ where refundrequ0_.correlatorId=? for update
20:19:29.175 [main] DEBUG org.hibernate.loader.plan.build.internal.spaces.QuerySpacesImpl - Adding QuerySpace : uid = <gen:0> -> org.hibernate.loader.plan.build.internal.spaces.EntityQuerySpaceImpl@5d297d4d]
20:19:29.175 [main] DEBUG org.hibernate.persister.walking.spi.MetamodelGraphWalker - Visiting attribute path : account
20:19:29.175 [main] DEBUG org.hibernate.loader.plan.build.internal.spaces.QuerySpacesImpl - Adding QuerySpace : uid = <gen:1> -> org.hibernate.loader.plan.build.internal.spaces.EntityQuerySpaceImpl@6cc56b32]
20:19:29.175 [main] DEBUG org.hibernate.persister.walking.spi.MetamodelGraphWalker - Visiting attribute path : amount
20:19:29.175 [main] DEBUG org.hibernate.loader.plan.build.internal.spaces.QuerySpacesImpl - Adding QuerySpace : uid = <gen:2> -> org.hibernate.loader.plan.build.internal.spaces.EntityQuerySpaceImpl@43fe2008]
20:19:29.175 [main] DEBUG org.hibernate.persister.walking.spi.MetamodelGraphWalker - Visiting attribute path : authorizationCode
20:19:29.175 [main] DEBUG org.hibernate.persister.walking.spi.MetamodelGraphWalker - Visiting attribute path : channel
20:19:29.175 [main] DEBUG org.hibernate.loader.plan.build.internal.spaces.QuerySpacesImpl - Adding QuerySpace : uid = <gen:3> -> org.hibernate.loader.plan.build.internal.spaces.EntityQuerySpaceImpl@552bee2f]
20:19:29.175 [main] DEBUG org.hibernate.persister.walking.spi.MetamodelGraphWalker - Visiting attribute path : description
20:19:29.175 [main] DEBUG org.hibernate.persister.walking.spi.MetamodelGraphWalker - Visiting attribute path : name
20:19:29.175 [main] DEBUG org.hibernate.persister.walking.spi.MetamodelGraphWalker - Visiting attribute path : paymentMethod
20:19:29.175 [main] DEBUG org.hibernate.loader.plan.build.internal.spaces.QuerySpacesImpl - Adding QuerySpace : uid = <gen:4> -> org.hibernate.loader.plan.build.internal.spaces.CollectionQuerySpaceImpl@6a543e09]
20:19:29.175 [main] DEBUG org.hibernate.loader.plan.build.internal.spaces.QuerySpacesImpl - Adding QuerySpace : uid = <gen:5> -> org.hibernate.loader.plan.build.internal.spaces.EntityQuerySpaceImpl@2d0f548a]
20:19:29.175 [main] DEBUG org.hibernate.persister.walking.spi.MetamodelGraphWalker - Visiting attribute path : reason
20:19:29.175 [main] DEBUG org.hibernate.persister.walking.spi.MetamodelGraphWalker - Visiting attribute path : refundDate
20:19:29.175 [main] DEBUG org.hibernate.persister.walking.spi.MetamodelGraphWalker - Visiting attribute path : relatedPayment
20:19:29.175 [main] DEBUG org.hibernate.loader.plan.build.internal.spaces.QuerySpacesImpl - Adding QuerySpace : uid = <gen:6> -> org.hibernate.loader.plan.build.internal.spaces.EntityQuerySpaceImpl@1fc3df43]
20:19:29.175 [main] DEBUG org.hibernate.persister.walking.spi.MetamodelGraphWalker - Visiting attribute path : requestor
20:19:29.176 [main] DEBUG org.hibernate.loader.plan.build.internal.spaces.QuerySpacesImpl - Adding QuerySpace : uid = <gen:7> -> org.hibernate.loader.plan.build.internal.spaces.EntityQuerySpaceImpl@15130002]
20:19:29.176 [main] DEBUG org.hibernate.persister.walking.spi.MetamodelGraphWalker - Visiting attribute path : status
20:19:29.176 [main] DEBUG org.hibernate.persister.walking.spi.MetamodelGraphWalker - Visiting attribute path : statusDate
20:19:29.176 [main] DEBUG org.hibernate.persister.walking.spi.MetamodelGraphWalker - Visiting attribute path : taxAmount
20:19:29.176 [main] DEBUG org.hibernate.loader.plan.build.internal.spaces.QuerySpacesImpl - Adding QuerySpace : uid = <gen:8> -> org.hibernate.loader.plan.build.internal.spaces.EntityQuerySpaceImpl@5e7cd0df]
20:19:29.176 [main] DEBUG org.hibernate.persister.walking.spi.MetamodelGraphWalker - Visiting attribute path : totalAmount
20:19:29.176 [main] DEBUG org.hibernate.loader.plan.build.internal.spaces.QuerySpacesImpl - Adding QuerySpace : uid = <gen:9> -> org.hibernate.loader.plan.build.internal.spaces.EntityQuerySpaceImpl@900649e]
20:19:29.176 [main] DEBUG org.hibernate.loader.plan.build.internal.FetchStyleLoadPlanBuildingAssociationVisitationStrategy - Building LoadPlan...
20:19:29.176 [main] DEBUG org.hibernate.loader.plan.exec.internal.LoadQueryJoinAndFetchProcessor - processing queryspace <gen:0>
20:19:29.177 [main] DEBUG org.hibernate.loader.plan.build.spi.LoadPlanTreePrinter - LoadPlan(entity=io.swagger.model.RefundRequestType)
    - Returns
       - EntityReturnImpl(entity=io.swagger.model.RefundRequestType, querySpaceUid=<gen:0>, path=io.swagger.model.RefundRequestType)
          - EntityAttributeFetchImpl(entity=io.swagger.model.AccountRefType, querySpaceUid=<gen:1>, path=io.swagger.model.RefundRequestType.account)
          - EntityAttributeFetchImpl(entity=io.swagger.model.MoneyType, querySpaceUid=<gen:2>, path=io.swagger.model.RefundRequestType.amount)
          - EntityAttributeFetchImpl(entity=io.swagger.model.ChannelRefType, querySpaceUid=<gen:3>, path=io.swagger.model.RefundRequestType.channel)
          - CollectionAttributeFetchImpl(collection=io.swagger.model.RefundRequestType.paymentMethod, querySpaceUid=<gen:4>, path=io.swagger.model.RefundRequestType.paymentMethod)
             - (collection element) CollectionFetchableElementEntityGraph(entity=io.swagger.model.PaymentMethodType, querySpaceUid=<gen:5>, path=io.swagger.model.RefundRequestType.paymentMethod.<elements>)
          - EntityAttributeFetchImpl(entity=io.swagger.model.PaymentRefType, querySpaceUid=<gen:6>, path=io.swagger.model.RefundRequestType.relatedPayment)
          - EntityAttributeFetchImpl(entity=io.swagger.model.RelatedPartyRefType, querySpaceUid=<gen:7>, path=io.swagger.model.RefundRequestType.requestor)
          - EntityAttributeFetchImpl(entity=io.swagger.model.MoneyType, querySpaceUid=<gen:8>, path=io.swagger.model.RefundRequestType.taxAmount)
          - EntityAttributeFetchImpl(entity=io.swagger.model.MoneyType, querySpaceUid=<gen:9>, path=io.swagger.model.RefundRequestType.totalAmount)
    - QuerySpaces
       - EntityQuerySpaceImpl(uid=<gen:0>, entity=io.swagger.model.RefundRequestType)
          - SQL table alias mapping - refundrequ0_
          - alias suffix - 0_
          - suffixed key columns - {correlat1_18_0_}

20:19:29.177 [main] DEBUG org.hibernate.loader.entity.plan.EntityLoader - Static select for entity io.swagger.model.RefundRequestType [UPGRADE_NOWAIT]: select refundrequ0_.correlatorId as correlat1_18_0_, refundrequ0_.account_id as account_9_18_0_, refundrequ0_.amount_id as amount_10_18_0_, refundrequ0_.authorizationCode as authoriz2_18_0_, refundrequ0_.channel_id as channel11_18_0_, refundrequ0_.description as descript3_18_0_, refundrequ0_.name as name4_18_0_, refundrequ0_.reason as reason5_18_0_, refundrequ0_.refundDate as refundDa6_18_0_, refundrequ0_.relatedPayment_id as related12_18_0_, refundrequ0_.requestor_id as request13_18_0_, refundrequ0_.status as status7_18_0_, refundrequ0_.statusDate as statusDa8_18_0_, refundrequ0_.taxAmount_id as taxAmou14_18_0_, refundrequ0_.totalAmount_id as totalAm15_18_0_ from RefundRequestType refundrequ0_ where refundrequ0_.correlatorId=? for update
20:19:29.177 [main] DEBUG org.hibernate.loader.plan.build.internal.spaces.QuerySpacesImpl - Adding QuerySpace : uid = <gen:0> -> org.hibernate.loader.plan.build.internal.spaces.EntityQuerySpaceImpl@8b89b3a]
20:19:29.177 [main] DEBUG org.hibernate.persister.walking.spi.MetamodelGraphWalker - Visiting attribute path : account
20:19:29.177 [main] DEBUG org.hibernate.loader.plan.build.internal.spaces.QuerySpacesImpl - Adding QuerySpace : uid = <gen:1> -> org.hibernate.loader.plan.build.internal.spaces.EntityQuerySpaceImpl@3de45b6c]
20:19:29.177 [main] DEBUG org.hibernate.persister.walking.spi.MetamodelGraphWalker - Visiting attribute path : amount
20:19:29.177 [main] DEBUG org.hibernate.loader.plan.build.internal.spaces.QuerySpacesImpl - Adding QuerySpace : uid = <gen:2> -> org.hibernate.loader.plan.build.internal.spaces.EntityQuerySpaceImpl@37caecda]
20:19:29.177 [main] DEBUG org.hibernate.persister.walking.spi.MetamodelGraphWalker - Visiting attribute path : authorizationCode
20:19:29.177 [main] DEBUG org.hibernate.persister.walking.spi.MetamodelGraphWalker - Visiting attribute path : channel
20:19:29.178 [main] DEBUG org.hibernate.loader.plan.build.internal.spaces.QuerySpacesImpl - Adding QuerySpace : uid = <gen:3> -> org.hibernate.loader.plan.build.internal.spaces.EntityQuerySpaceImpl@7be7c052]
20:19:29.178 [main] DEBUG org.hibernate.persister.walking.spi.MetamodelGraphWalker - Visiting attribute path : description
20:19:29.178 [main] DEBUG org.hibernate.persister.walking.spi.MetamodelGraphWalker - Visiting attribute path : name
20:19:29.178 [main] DEBUG org.hibernate.persister.walking.spi.MetamodelGraphWalker - Visiting attribute path : paymentMethod
20:19:29.178 [main] DEBUG org.hibernate.loader.plan.build.internal.spaces.QuerySpacesImpl - Adding QuerySpace : uid = <gen:4> -> org.hibernate.loader.plan.build.internal.spaces.CollectionQuerySpaceImpl@4ab9d160]
20:19:29.178 [main] DEBUG org.hibernate.loader.plan.build.internal.spaces.QuerySpacesImpl - Adding QuerySpace : uid = <gen:5> -> org.hibernate.loader.plan.build.internal.spaces.EntityQuerySpaceImpl@5599dc60]
20:19:29.178 [main] DEBUG org.hibernate.persister.walking.spi.MetamodelGraphWalker - Visiting attribute path : reason
20:19:29.178 [main] DEBUG org.hibernate.persister.walking.spi.MetamodelGraphWalker - Visiting attribute path : refundDate
20:19:29.178 [main] DEBUG org.hibernate.persister.walking.spi.MetamodelGraphWalker - Visiting attribute path : relatedPayment
20:19:29.178 [main] DEBUG org.hibernate.loader.plan.build.internal.spaces.QuerySpacesImpl - Adding QuerySpace : uid = <gen:6> -> org.hibernate.loader.plan.build.internal.spaces.EntityQuerySpaceImpl@35554635]
20:19:29.178 [main] DEBUG org.hibernate.persister.walking.spi.MetamodelGraphWalker - Visiting attribute path : requestor
20:19:29.178 [main] DEBUG org.hibernate.loader.plan.build.internal.spaces.QuerySpacesImpl - Adding QuerySpace : uid = <gen:7> -> org.hibernate.loader.plan.build.internal.spaces.EntityQuerySpaceImpl@70f5f59d]
20:19:29.178 [main] DEBUG org.hibernate.persister.walking.spi.MetamodelGraphWalker - Visiting attribute path : status
20:19:29.178 [main] DEBUG org.hibernate.persister.walking.spi.MetamodelGraphWalker - Visiting attribute path : statusDate
20:19:29.178 [main] DEBUG org.hibernate.persister.walking.spi.MetamodelGraphWalker - Visiting attribute path : taxAmount
20:19:29.178 [main] DEBUG org.hibernate.loader.plan.build.internal.spaces.QuerySpacesImpl - Adding QuerySpace : uid = <gen:8> -> org.hibernate.loader.plan.build.internal.spaces.EntityQuerySpaceImpl@74431832]
20:19:29.178 [main] DEBUG org.hibernate.persister.walking.spi.MetamodelGraphWalker - Visiting attribute path : totalAmount
20:19:29.178 [main] DEBUG org.hibernate.loader.plan.build.internal.spaces.QuerySpacesImpl - Adding QuerySpace : uid = <gen:9> -> org.hibernate.loader.plan.build.internal.spaces.EntityQuerySpaceImpl@6fa2a006]
20:19:29.178 [main] DEBUG org.hibernate.loader.plan.build.internal.FetchStyleLoadPlanBuildingAssociationVisitationStrategy - Building LoadPlan...
20:19:29.179 [main] DEBUG org.hibernate.loader.plan.exec.internal.LoadQueryJoinAndFetchProcessor - processing queryspace <gen:0>
20:19:29.179 [main] DEBUG org.hibernate.loader.plan.build.spi.LoadPlanTreePrinter - LoadPlan(entity=io.swagger.model.RefundRequestType)
    - Returns
       - EntityReturnImpl(entity=io.swagger.model.RefundRequestType, querySpaceUid=<gen:0>, path=io.swagger.model.RefundRequestType)
          - EntityAttributeFetchImpl(entity=io.swagger.model.AccountRefType, querySpaceUid=<gen:1>, path=io.swagger.model.RefundRequestType.account)
          - EntityAttributeFetchImpl(entity=io.swagger.model.MoneyType, querySpaceUid=<gen:2>, path=io.swagger.model.RefundRequestType.amount)
          - EntityAttributeFetchImpl(entity=io.swagger.model.ChannelRefType, querySpaceUid=<gen:3>, path=io.swagger.model.RefundRequestType.channel)
          - CollectionAttributeFetchImpl(collection=io.swagger.model.RefundRequestType.paymentMethod, querySpaceUid=<gen:4>, path=io.swagger.model.RefundRequestType.paymentMethod)
             - (collection element) CollectionFetchableElementEntityGraph(entity=io.swagger.model.PaymentMethodType, querySpaceUid=<gen:5>, path=io.swagger.model.RefundRequestType.paymentMethod.<elements>)
          - EntityAttributeFetchImpl(entity=io.swagger.model.PaymentRefType, querySpaceUid=<gen:6>, path=io.swagger.model.RefundRequestType.relatedPayment)
          - EntityAttributeFetchImpl(entity=io.swagger.model.RelatedPartyRefType, querySpaceUid=<gen:7>, path=io.swagger.model.RefundRequestType.requestor)
          - EntityAttributeFetchImpl(entity=io.swagger.model.MoneyType, querySpaceUid=<gen:8>, path=io.swagger.model.RefundRequestType.taxAmount)
          - EntityAttributeFetchImpl(entity=io.swagger.model.MoneyType, querySpaceUid=<gen:9>, path=io.swagger.model.RefundRequestType.totalAmount)
    - QuerySpaces
       - EntityQuerySpaceImpl(uid=<gen:0>, entity=io.swagger.model.RefundRequestType)
          - SQL table alias mapping - refundrequ0_
          - alias suffix - 0_
          - suffixed key columns - {correlat1_18_0_}

20:19:29.180 [main] DEBUG org.hibernate.loader.entity.plan.EntityLoader - Static select for entity io.swagger.model.RefundRequestType [UPGRADE_SKIPLOCKED]: select refundrequ0_.correlatorId as correlat1_18_0_, refundrequ0_.account_id as account_9_18_0_, refundrequ0_.amount_id as amount_10_18_0_, refundrequ0_.authorizationCode as authoriz2_18_0_, refundrequ0_.channel_id as channel11_18_0_, refundrequ0_.description as descript3_18_0_, refundrequ0_.name as name4_18_0_, refundrequ0_.reason as reason5_18_0_, refundrequ0_.refundDate as refundDa6_18_0_, refundrequ0_.relatedPayment_id as related12_18_0_, refundrequ0_.requestor_id as request13_18_0_, refundrequ0_.status as status7_18_0_, refundrequ0_.statusDate as statusDa8_18_0_, refundrequ0_.taxAmount_id as taxAmou14_18_0_, refundrequ0_.totalAmount_id as totalAm15_18_0_ from RefundRequestType refundrequ0_ where refundrequ0_.correlatorId=? for update
20:19:29.180 [main] DEBUG org.hibernate.loader.plan.build.internal.spaces.QuerySpacesImpl - Adding QuerySpace : uid = <gen:0> -> org.hibernate.loader.plan.build.internal.spaces.EntityQuerySpaceImpl@70592729]
20:19:29.180 [main] DEBUG org.hibernate.persister.walking.spi.MetamodelGraphWalker - Visiting attribute path : account
20:19:29.180 [main] DEBUG org.hibernate.loader.plan.build.internal.spaces.QuerySpacesImpl - Adding QuerySpace : uid = <gen:1> -> org.hibernate.loader.plan.build.internal.spaces.EntityQuerySpaceImpl@43b172e3]
20:19:29.180 [main] DEBUG org.hibernate.persister.walking.spi.MetamodelGraphWalker - Visiting attribute path : amount
20:19:29.180 [main] DEBUG org.hibernate.loader.plan.build.internal.spaces.QuerySpacesImpl - Adding QuerySpace : uid = <gen:2> -> org.hibernate.loader.plan.build.internal.spaces.EntityQuerySpaceImpl@39695803]
20:19:29.180 [main] DEBUG org.hibernate.persister.walking.spi.MetamodelGraphWalker - Visiting attribute path : authorizationCode
20:19:29.180 [main] DEBUG org.hibernate.persister.walking.spi.MetamodelGraphWalker - Visiting attribute path : channel
20:19:29.180 [main] DEBUG org.hibernate.loader.plan.build.internal.spaces.QuerySpacesImpl - Adding QuerySpace : uid = <gen:3> -> org.hibernate.loader.plan.build.internal.spaces.EntityQuerySpaceImpl@304068]
20:19:29.180 [main] DEBUG org.hibernate.persister.walking.spi.MetamodelGraphWalker - Visiting attribute path : description
20:19:29.180 [main] DEBUG org.hibernate.persister.walking.spi.MetamodelGraphWalker - Visiting attribute path : name
20:19:29.180 [main] DEBUG org.hibernate.persister.walking.spi.MetamodelGraphWalker - Visiting attribute path : paymentMethod
20:19:29.180 [main] DEBUG org.hibernate.loader.plan.build.internal.spaces.QuerySpacesImpl - Adding QuerySpace : uid = <gen:4> -> org.hibernate.loader.plan.build.internal.spaces.CollectionQuerySpaceImpl@54d60fa1]
20:19:29.180 [main] DEBUG org.hibernate.loader.plan.build.internal.spaces.QuerySpacesImpl - Adding QuerySpace : uid = <gen:5> -> org.hibernate.loader.plan.build.internal.spaces.EntityQuerySpaceImpl@1cb849b2]
20:19:29.180 [main] DEBUG org.hibernate.persister.walking.spi.MetamodelGraphWalker - Visiting attribute path : reason
20:19:29.180 [main] DEBUG org.hibernate.persister.walking.spi.MetamodelGraphWalker - Visiting attribute path : refundDate
20:19:29.180 [main] DEBUG org.hibernate.persister.walking.spi.MetamodelGraphWalker - Visiting attribute path : relatedPayment
20:19:29.180 [main] DEBUG org.hibernate.loader.plan.build.internal.spaces.QuerySpacesImpl - Adding QuerySpace : uid = <gen:6> -> org.hibernate.loader.plan.build.internal.spaces.EntityQuerySpaceImpl@6fe2a366]
20:19:29.180 [main] DEBUG org.hibernate.persister.walking.spi.MetamodelGraphWalker - Visiting attribute path : requestor
20:19:29.180 [main] DEBUG org.hibernate.loader.plan.build.internal.spaces.QuerySpacesImpl - Adding QuerySpace : uid = <gen:7> -> org.hibernate.loader.plan.build.internal.spaces.EntityQuerySpaceImpl@6dd38df2]
20:19:29.181 [main] DEBUG org.hibernate.persister.walking.spi.MetamodelGraphWalker - Visiting attribute path : status
20:19:29.181 [main] DEBUG org.hibernate.persister.walking.spi.MetamodelGraphWalker - Visiting attribute path : statusDate
20:19:29.181 [main] DEBUG org.hibernate.persister.walking.spi.MetamodelGraphWalker - Visiting attribute path : taxAmount
20:19:29.181 [main] DEBUG org.hibernate.loader.plan.build.internal.spaces.QuerySpacesImpl - Adding QuerySpace : uid = <gen:8> -> org.hibernate.loader.plan.build.internal.spaces.EntityQuerySpaceImpl@99c3cee]
20:19:29.181 [main] DEBUG org.hibernate.persister.walking.spi.MetamodelGraphWalker - Visiting attribute path : totalAmount
20:19:29.181 [main] DEBUG org.hibernate.loader.plan.build.internal.spaces.QuerySpacesImpl - Adding QuerySpace : uid = <gen:9> -> org.hibernate.loader.plan.build.internal.spaces.EntityQuerySpaceImpl@57b711b6]
20:19:29.181 [main] DEBUG org.hibernate.loader.plan.build.internal.FetchStyleLoadPlanBuildingAssociationVisitationStrategy - Building LoadPlan...
20:19:29.181 [main] DEBUG org.hibernate.loader.plan.exec.internal.LoadQueryJoinAndFetchProcessor - processing queryspace <gen:0>
20:19:29.181 [main] DEBUG org.hibernate.loader.plan.build.spi.LoadPlanTreePrinter - LoadPlan(entity=io.swagger.model.RefundRequestType)
    - Returns
       - EntityReturnImpl(entity=io.swagger.model.RefundRequestType, querySpaceUid=<gen:0>, path=io.swagger.model.RefundRequestType)
          - EntityAttributeFetchImpl(entity=io.swagger.model.AccountRefType, querySpaceUid=<gen:1>, path=io.swagger.model.RefundRequestType.account)
          - EntityAttributeFetchImpl(entity=io.swagger.model.MoneyType, querySpaceUid=<gen:2>, path=io.swagger.model.RefundRequestType.amount)
          - EntityAttributeFetchImpl(entity=io.swagger.model.ChannelRefType, querySpaceUid=<gen:3>, path=io.swagger.model.RefundRequestType.channel)
          - CollectionAttributeFetchImpl(collection=io.swagger.model.RefundRequestType.paymentMethod, querySpaceUid=<gen:4>, path=io.swagger.model.RefundRequestType.paymentMethod)
             - (collection element) CollectionFetchableElementEntityGraph(entity=io.swagger.model.PaymentMethodType, querySpaceUid=<gen:5>, path=io.swagger.model.RefundRequestType.paymentMethod.<elements>)
          - EntityAttributeFetchImpl(entity=io.swagger.model.PaymentRefType, querySpaceUid=<gen:6>, path=io.swagger.model.RefundRequestType.relatedPayment)
          - EntityAttributeFetchImpl(entity=io.swagger.model.RelatedPartyRefType, querySpaceUid=<gen:7>, path=io.swagger.model.RefundRequestType.requestor)
          - EntityAttributeFetchImpl(entity=io.swagger.model.MoneyType, querySpaceUid=<gen:8>, path=io.swagger.model.RefundRequestType.taxAmount)
          - EntityAttributeFetchImpl(entity=io.swagger.model.MoneyType, querySpaceUid=<gen:9>, path=io.swagger.model.RefundRequestType.totalAmount)
    - QuerySpaces
       - EntityQuerySpaceImpl(uid=<gen:0>, entity=io.swagger.model.RefundRequestType)
          - SQL table alias mapping - refundrequ0_
          - alias suffix - 0_
          - suffixed key columns - {correlat1_18_0_}

20:19:29.181 [main] DEBUG org.hibernate.loader.entity.plan.EntityLoader - Static select for entity io.swagger.model.RefundRequestType [FORCE]: select refundrequ0_.correlatorId as correlat1_18_0_, refundrequ0_.account_id as account_9_18_0_, refundrequ0_.amount_id as amount_10_18_0_, refundrequ0_.authorizationCode as authoriz2_18_0_, refundrequ0_.channel_id as channel11_18_0_, refundrequ0_.description as descript3_18_0_, refundrequ0_.name as name4_18_0_, refundrequ0_.reason as reason5_18_0_, refundrequ0_.refundDate as refundDa6_18_0_, refundrequ0_.relatedPayment_id as related12_18_0_, refundrequ0_.requestor_id as request13_18_0_, refundrequ0_.status as status7_18_0_, refundrequ0_.statusDate as statusDa8_18_0_, refundrequ0_.taxAmount_id as taxAmou14_18_0_, refundrequ0_.totalAmount_id as totalAm15_18_0_ from RefundRequestType refundrequ0_ where refundrequ0_.correlatorId=? for update
20:19:29.182 [main] DEBUG org.hibernate.loader.plan.build.internal.spaces.QuerySpacesImpl - Adding QuerySpace : uid = <gen:0> -> org.hibernate.loader.plan.build.internal.spaces.EntityQuerySpaceImpl@2db461b5]
20:19:29.182 [main] DEBUG org.hibernate.persister.walking.spi.MetamodelGraphWalker - Visiting attribute path : account
20:19:29.182 [main] DEBUG org.hibernate.loader.plan.build.internal.spaces.QuerySpacesImpl - Adding QuerySpace : uid = <gen:1> -> org.hibernate.loader.plan.build.internal.spaces.EntityQuerySpaceImpl@34eaf9c1]
20:19:29.182 [main] DEBUG org.hibernate.persister.walking.spi.MetamodelGraphWalker - Visiting attribute path : amount
20:19:29.182 [main] DEBUG org.hibernate.loader.plan.build.internal.spaces.QuerySpacesImpl - Adding QuerySpace : uid = <gen:2> -> org.hibernate.loader.plan.build.internal.spaces.EntityQuerySpaceImpl@5bbf744b]
20:19:29.182 [main] DEBUG org.hibernate.persister.walking.spi.MetamodelGraphWalker - Visiting attribute path : authorizationCode
20:19:29.182 [main] DEBUG org.hibernate.persister.walking.spi.MetamodelGraphWalker - Visiting attribute path : channel
20:19:29.182 [main] DEBUG org.hibernate.loader.plan.build.internal.spaces.QuerySpacesImpl - Adding QuerySpace : uid = <gen:3> -> org.hibernate.loader.plan.build.internal.spaces.EntityQuerySpaceImpl@55881f40]
20:19:29.182 [main] DEBUG org.hibernate.persister.walking.spi.MetamodelGraphWalker - Visiting attribute path : description
20:19:29.182 [main] DEBUG org.hibernate.persister.walking.spi.MetamodelGraphWalker - Visiting attribute path : name
20:19:29.182 [main] DEBUG org.hibernate.persister.walking.spi.MetamodelGraphWalker - Visiting attribute path : paymentMethod
20:19:29.182 [main] DEBUG org.hibernate.loader.plan.build.internal.spaces.QuerySpacesImpl - Adding QuerySpace : uid = <gen:4> -> org.hibernate.loader.plan.build.internal.spaces.CollectionQuerySpaceImpl@474ce6b8]
20:19:29.182 [main] DEBUG org.hibernate.loader.plan.build.internal.spaces.QuerySpacesImpl - Adding QuerySpace : uid = <gen:5> -> org.hibernate.loader.plan.build.internal.spaces.EntityQuerySpaceImpl@248b2b61]
20:19:29.182 [main] DEBUG org.hibernate.persister.walking.spi.MetamodelGraphWalker - Visiting attribute path : reason
20:19:29.182 [main] DEBUG org.hibernate.persister.walking.spi.MetamodelGraphWalker - Visiting attribute path : refundDate
20:19:29.182 [main] DEBUG org.hibernate.persister.walking.spi.MetamodelGraphWalker - Visiting attribute path : relatedPayment
20:19:29.182 [main] DEBUG org.hibernate.loader.plan.build.internal.spaces.QuerySpacesImpl - Adding QuerySpace : uid = <gen:6> -> org.hibernate.loader.plan.build.internal.spaces.EntityQuerySpaceImpl@4b61e97]
20:19:29.182 [main] DEBUG org.hibernate.persister.walking.spi.MetamodelGraphWalker - Visiting attribute path : requestor
20:19:29.182 [main] DEBUG org.hibernate.loader.plan.build.internal.spaces.QuerySpacesImpl - Adding QuerySpace : uid = <gen:7> -> org.hibernate.loader.plan.build.internal.spaces.EntityQuerySpaceImpl@11d1735e]
20:19:29.182 [main] DEBUG org.hibernate.persister.walking.spi.MetamodelGraphWalker - Visiting attribute path : status
20:19:29.182 [main] DEBUG org.hibernate.persister.walking.spi.MetamodelGraphWalker - Visiting attribute path : statusDate
20:19:29.182 [main] DEBUG org.hibernate.persister.walking.spi.MetamodelGraphWalker - Visiting attribute path : taxAmount
20:19:29.182 [main] DEBUG org.hibernate.loader.plan.build.internal.spaces.QuerySpacesImpl - Adding QuerySpace : uid = <gen:8> -> org.hibernate.loader.plan.build.internal.spaces.EntityQuerySpaceImpl@31082efa]
20:19:29.182 [main] DEBUG org.hibernate.persister.walking.spi.MetamodelGraphWalker - Visiting attribute path : totalAmount
20:19:29.182 [main] DEBUG org.hibernate.loader.plan.build.internal.spaces.QuerySpacesImpl - Adding QuerySpace : uid = <gen:9> -> org.hibernate.loader.plan.build.internal.spaces.EntityQuerySpaceImpl@4ca5cb99]
20:19:29.182 [main] DEBUG org.hibernate.loader.plan.build.internal.FetchStyleLoadPlanBuildingAssociationVisitationStrategy - Building LoadPlan...
20:19:29.183 [main] DEBUG org.hibernate.loader.plan.exec.internal.LoadQueryJoinAndFetchProcessor - processing queryspace <gen:0>
20:19:29.184 [main] DEBUG org.hibernate.loader.plan.build.spi.LoadPlanTreePrinter - LoadPlan(entity=io.swagger.model.RefundRequestType)
    - Returns
       - EntityReturnImpl(entity=io.swagger.model.RefundRequestType, querySpaceUid=<gen:0>, path=io.swagger.model.RefundRequestType)
          - EntityAttributeFetchImpl(entity=io.swagger.model.AccountRefType, querySpaceUid=<gen:1>, path=io.swagger.model.RefundRequestType.account)
          - EntityAttributeFetchImpl(entity=io.swagger.model.MoneyType, querySpaceUid=<gen:2>, path=io.swagger.model.RefundRequestType.amount)
          - EntityAttributeFetchImpl(entity=io.swagger.model.ChannelRefType, querySpaceUid=<gen:3>, path=io.swagger.model.RefundRequestType.channel)
          - CollectionAttributeFetchImpl(collection=io.swagger.model.RefundRequestType.paymentMethod, querySpaceUid=<gen:4>, path=io.swagger.model.RefundRequestType.paymentMethod)
             - (collection element) CollectionFetchableElementEntityGraph(entity=io.swagger.model.PaymentMethodType, querySpaceUid=<gen:5>, path=io.swagger.model.RefundRequestType.paymentMethod.<elements>)
          - EntityAttributeFetchImpl(entity=io.swagger.model.PaymentRefType, querySpaceUid=<gen:6>, path=io.swagger.model.RefundRequestType.relatedPayment)
          - EntityAttributeFetchImpl(entity=io.swagger.model.RelatedPartyRefType, querySpaceUid=<gen:7>, path=io.swagger.model.RefundRequestType.requestor)
          - EntityAttributeFetchImpl(entity=io.swagger.model.MoneyType, querySpaceUid=<gen:8>, path=io.swagger.model.RefundRequestType.taxAmount)
          - EntityAttributeFetchImpl(entity=io.swagger.model.MoneyType, querySpaceUid=<gen:9>, path=io.swagger.model.RefundRequestType.totalAmount)
    - QuerySpaces
       - EntityQuerySpaceImpl(uid=<gen:0>, entity=io.swagger.model.RefundRequestType)
          - SQL table alias mapping - refundrequ0_
          - alias suffix - 0_
          - suffixed key columns - {correlat1_18_0_}

20:19:29.185 [main] DEBUG org.hibernate.loader.entity.plan.EntityLoader - Static select for entity io.swagger.model.RefundRequestType [PESSIMISTIC_READ]: select refundrequ0_.correlatorId as correlat1_18_0_, refundrequ0_.account_id as account_9_18_0_, refundrequ0_.amount_id as amount_10_18_0_, refundrequ0_.authorizationCode as authoriz2_18_0_, refundrequ0_.channel_id as channel11_18_0_, refundrequ0_.description as descript3_18_0_, refundrequ0_.name as name4_18_0_, refundrequ0_.reason as reason5_18_0_, refundrequ0_.refundDate as refundDa6_18_0_, refundrequ0_.relatedPayment_id as related12_18_0_, refundrequ0_.requestor_id as request13_18_0_, refundrequ0_.status as status7_18_0_, refundrequ0_.statusDate as statusDa8_18_0_, refundrequ0_.taxAmount_id as taxAmou14_18_0_, refundrequ0_.totalAmount_id as totalAm15_18_0_ from RefundRequestType refundrequ0_ where refundrequ0_.correlatorId=? lock in share mode
20:19:29.185 [main] DEBUG org.hibernate.loader.plan.build.internal.spaces.QuerySpacesImpl - Adding QuerySpace : uid = <gen:0> -> org.hibernate.loader.plan.build.internal.spaces.EntityQuerySpaceImpl@7853363c]
20:19:29.185 [main] DEBUG org.hibernate.persister.walking.spi.MetamodelGraphWalker - Visiting attribute path : account
20:19:29.185 [main] DEBUG org.hibernate.loader.plan.build.internal.spaces.QuerySpacesImpl - Adding QuerySpace : uid = <gen:1> -> org.hibernate.loader.plan.build.internal.spaces.EntityQuerySpaceImpl@120d6cbf]
20:19:29.185 [main] DEBUG org.hibernate.persister.walking.spi.MetamodelGraphWalker - Visiting attribute path : amount
20:19:29.186 [main] DEBUG org.hibernate.loader.plan.build.internal.spaces.QuerySpacesImpl - Adding QuerySpace : uid = <gen:2> -> org.hibernate.loader.plan.build.internal.spaces.EntityQuerySpaceImpl@70169464]
20:19:29.186 [main] DEBUG org.hibernate.persister.walking.spi.MetamodelGraphWalker - Visiting attribute path : authorizationCode
20:19:29.186 [main] DEBUG org.hibernate.persister.walking.spi.MetamodelGraphWalker - Visiting attribute path : channel
20:19:29.186 [main] DEBUG org.hibernate.loader.plan.build.internal.spaces.QuerySpacesImpl - Adding QuerySpace : uid = <gen:3> -> org.hibernate.loader.plan.build.internal.spaces.EntityQuerySpaceImpl@1115be8c]
20:19:29.186 [main] DEBUG org.hibernate.persister.walking.spi.MetamodelGraphWalker - Visiting attribute path : description
20:19:29.186 [main] DEBUG org.hibernate.persister.walking.spi.MetamodelGraphWalker - Visiting attribute path : name
20:19:29.186 [main] DEBUG org.hibernate.persister.walking.spi.MetamodelGraphWalker - Visiting attribute path : paymentMethod
20:19:29.186 [main] DEBUG org.hibernate.loader.plan.build.internal.spaces.QuerySpacesImpl - Adding QuerySpace : uid = <gen:4> -> org.hibernate.loader.plan.build.internal.spaces.CollectionQuerySpaceImpl@64ed18ec]
20:19:29.186 [main] DEBUG org.hibernate.loader.plan.build.internal.spaces.QuerySpacesImpl - Adding QuerySpace : uid = <gen:5> -> org.hibernate.loader.plan.build.internal.spaces.EntityQuerySpaceImpl@1dfcf85a]
20:19:29.186 [main] DEBUG org.hibernate.persister.walking.spi.MetamodelGraphWalker - Visiting attribute path : reason
20:19:29.186 [main] DEBUG org.hibernate.persister.walking.spi.MetamodelGraphWalker - Visiting attribute path : refundDate
20:19:29.187 [main] DEBUG org.hibernate.persister.walking.spi.MetamodelGraphWalker - Visiting attribute path : relatedPayment
20:19:29.187 [main] DEBUG org.hibernate.loader.plan.build.internal.spaces.QuerySpacesImpl - Adding QuerySpace : uid = <gen:6> -> org.hibernate.loader.plan.build.internal.spaces.EntityQuerySpaceImpl@590dea35]
20:19:29.187 [main] DEBUG org.hibernate.persister.walking.spi.MetamodelGraphWalker - Visiting attribute path : requestor
20:19:29.187 [main] DEBUG org.hibernate.loader.plan.build.internal.spaces.QuerySpacesImpl - Adding QuerySpace : uid = <gen:7> -> org.hibernate.loader.plan.build.internal.spaces.EntityQuerySpaceImpl@6550ce46]
20:19:29.187 [main] DEBUG org.hibernate.persister.walking.spi.MetamodelGraphWalker - Visiting attribute path : status
20:19:29.187 [main] DEBUG org.hibernate.persister.walking.spi.MetamodelGraphWalker - Visiting attribute path : statusDate
20:19:29.187 [main] DEBUG org.hibernate.persister.walking.spi.MetamodelGraphWalker - Visiting attribute path : taxAmount
20:19:29.187 [main] DEBUG org.hibernate.loader.plan.build.internal.spaces.QuerySpacesImpl - Adding QuerySpace : uid = <gen:8> -> org.hibernate.loader.plan.build.internal.spaces.EntityQuerySpaceImpl@69f69078]
20:19:29.187 [main] DEBUG org.hibernate.persister.walking.spi.MetamodelGraphWalker - Visiting attribute path : totalAmount
20:19:29.187 [main] DEBUG org.hibernate.loader.plan.build.internal.spaces.QuerySpacesImpl - Adding QuerySpace : uid = <gen:9> -> org.hibernate.loader.plan.build.internal.spaces.EntityQuerySpaceImpl@13b29b34]
20:19:29.187 [main] DEBUG org.hibernate.loader.plan.build.internal.FetchStyleLoadPlanBuildingAssociationVisitationStrategy - Building LoadPlan...
20:19:29.188 [main] DEBUG org.hibernate.loader.plan.exec.internal.LoadQueryJoinAndFetchProcessor - processing queryspace <gen:0>
20:19:29.188 [main] DEBUG org.hibernate.loader.plan.build.spi.LoadPlanTreePrinter - LoadPlan(entity=io.swagger.model.RefundRequestType)
    - Returns
       - EntityReturnImpl(entity=io.swagger.model.RefundRequestType, querySpaceUid=<gen:0>, path=io.swagger.model.RefundRequestType)
          - EntityAttributeFetchImpl(entity=io.swagger.model.AccountRefType, querySpaceUid=<gen:1>, path=io.swagger.model.RefundRequestType.account)
          - EntityAttributeFetchImpl(entity=io.swagger.model.MoneyType, querySpaceUid=<gen:2>, path=io.swagger.model.RefundRequestType.amount)
          - EntityAttributeFetchImpl(entity=io.swagger.model.ChannelRefType, querySpaceUid=<gen:3>, path=io.swagger.model.RefundRequestType.channel)
          - CollectionAttributeFetchImpl(collection=io.swagger.model.RefundRequestType.paymentMethod, querySpaceUid=<gen:4>, path=io.swagger.model.RefundRequestType.paymentMethod)
             - (collection element) CollectionFetchableElementEntityGraph(entity=io.swagger.model.PaymentMethodType, querySpaceUid=<gen:5>, path=io.swagger.model.RefundRequestType.paymentMethod.<elements>)
          - EntityAttributeFetchImpl(entity=io.swagger.model.PaymentRefType, querySpaceUid=<gen:6>, path=io.swagger.model.RefundRequestType.relatedPayment)
          - EntityAttributeFetchImpl(entity=io.swagger.model.RelatedPartyRefType, querySpaceUid=<gen:7>, path=io.swagger.model.RefundRequestType.requestor)
          - EntityAttributeFetchImpl(entity=io.swagger.model.MoneyType, querySpaceUid=<gen:8>, path=io.swagger.model.RefundRequestType.taxAmount)
          - EntityAttributeFetchImpl(entity=io.swagger.model.MoneyType, querySpaceUid=<gen:9>, path=io.swagger.model.RefundRequestType.totalAmount)
    - QuerySpaces
       - EntityQuerySpaceImpl(uid=<gen:0>, entity=io.swagger.model.RefundRequestType)
          - SQL table alias mapping - refundrequ0_
          - alias suffix - 0_
          - suffixed key columns - {correlat1_18_0_}

20:19:29.189 [main] DEBUG org.hibernate.loader.entity.plan.EntityLoader - Static select for entity io.swagger.model.RefundRequestType [PESSIMISTIC_WRITE]: select refundrequ0_.correlatorId as correlat1_18_0_, refundrequ0_.account_id as account_9_18_0_, refundrequ0_.amount_id as amount_10_18_0_, refundrequ0_.authorizationCode as authoriz2_18_0_, refundrequ0_.channel_id as channel11_18_0_, refundrequ0_.description as descript3_18_0_, refundrequ0_.name as name4_18_0_, refundrequ0_.reason as reason5_18_0_, refundrequ0_.refundDate as refundDa6_18_0_, refundrequ0_.relatedPayment_id as related12_18_0_, refundrequ0_.requestor_id as request13_18_0_, refundrequ0_.status as status7_18_0_, refundrequ0_.statusDate as statusDa8_18_0_, refundrequ0_.taxAmount_id as taxAmou14_18_0_, refundrequ0_.totalAmount_id as totalAm15_18_0_ from RefundRequestType refundrequ0_ where refundrequ0_.correlatorId=? for update
20:19:29.189 [main] DEBUG org.hibernate.loader.plan.build.internal.spaces.QuerySpacesImpl - Adding QuerySpace : uid = <gen:0> -> org.hibernate.loader.plan.build.internal.spaces.EntityQuerySpaceImpl@25589735]
20:19:29.189 [main] DEBUG org.hibernate.persister.walking.spi.MetamodelGraphWalker - Visiting attribute path : account
20:19:29.189 [main] DEBUG org.hibernate.loader.plan.build.internal.spaces.QuerySpacesImpl - Adding QuerySpace : uid = <gen:1> -> org.hibernate.loader.plan.build.internal.spaces.EntityQuerySpaceImpl@1bb172dd]
20:19:29.189 [main] DEBUG org.hibernate.persister.walking.spi.MetamodelGraphWalker - Visiting attribute path : amount
20:19:29.190 [main] DEBUG org.hibernate.loader.plan.build.internal.spaces.QuerySpacesImpl - Adding QuerySpace : uid = <gen:2> -> org.hibernate.loader.plan.build.internal.spaces.EntityQuerySpaceImpl@1cdd31a4]
20:19:29.190 [main] DEBUG org.hibernate.persister.walking.spi.MetamodelGraphWalker - Visiting attribute path : authorizationCode
20:19:29.190 [main] DEBUG org.hibernate.persister.walking.spi.MetamodelGraphWalker - Visiting attribute path : channel
20:19:29.190 [main] DEBUG org.hibernate.loader.plan.build.internal.spaces.QuerySpacesImpl - Adding QuerySpace : uid = <gen:3> -> org.hibernate.loader.plan.build.internal.spaces.EntityQuerySpaceImpl@7dddfc35]
20:19:29.190 [main] DEBUG org.hibernate.persister.walking.spi.MetamodelGraphWalker - Visiting attribute path : description
20:19:29.190 [main] DEBUG org.hibernate.persister.walking.spi.MetamodelGraphWalker - Visiting attribute path : name
20:19:29.190 [main] DEBUG org.hibernate.persister.walking.spi.MetamodelGraphWalker - Visiting attribute path : paymentMethod
20:19:29.190 [main] DEBUG org.hibernate.loader.plan.build.internal.spaces.QuerySpacesImpl - Adding QuerySpace : uid = <gen:4> -> org.hibernate.loader.plan.build.internal.spaces.CollectionQuerySpaceImpl@71316cd7]
20:19:29.190 [main] DEBUG org.hibernate.loader.plan.build.internal.spaces.QuerySpacesImpl - Adding QuerySpace : uid = <gen:5> -> org.hibernate.loader.plan.build.internal.spaces.EntityQuerySpaceImpl@6106dfb6]
20:19:29.191 [main] DEBUG org.hibernate.persister.walking.spi.MetamodelGraphWalker - Visiting attribute path : reason
20:19:29.191 [main] DEBUG org.hibernate.persister.walking.spi.MetamodelGraphWalker - Visiting attribute path : refundDate
20:19:29.191 [main] DEBUG org.hibernate.persister.walking.spi.MetamodelGraphWalker - Visiting attribute path : relatedPayment
20:19:29.191 [main] DEBUG org.hibernate.loader.plan.build.internal.spaces.QuerySpacesImpl - Adding QuerySpace : uid = <gen:6> -> org.hibernate.loader.plan.build.internal.spaces.EntityQuerySpaceImpl@14239223]
20:19:29.191 [main] DEBUG org.hibernate.persister.walking.spi.MetamodelGraphWalker - Visiting attribute path : requestor
20:19:29.191 [main] DEBUG org.hibernate.loader.plan.build.internal.spaces.QuerySpacesImpl - Adding QuerySpace : uid = <gen:7> -> org.hibernate.loader.plan.build.internal.spaces.EntityQuerySpaceImpl@68df8c6]
20:19:29.191 [main] DEBUG org.hibernate.persister.walking.spi.MetamodelGraphWalker - Visiting attribute path : status
20:19:29.191 [main] DEBUG org.hibernate.persister.walking.spi.MetamodelGraphWalker - Visiting attribute path : statusDate
20:19:29.191 [main] DEBUG org.hibernate.persister.walking.spi.MetamodelGraphWalker - Visiting attribute path : taxAmount
20:19:29.191 [main] DEBUG org.hibernate.loader.plan.build.internal.spaces.QuerySpacesImpl - Adding QuerySpace : uid = <gen:8> -> org.hibernate.loader.plan.build.internal.spaces.EntityQuerySpaceImpl@7c206b14]
20:19:29.192 [main] DEBUG org.hibernate.persister.walking.spi.MetamodelGraphWalker - Visiting attribute path : totalAmount
20:19:29.192 [main] DEBUG org.hibernate.loader.plan.build.internal.spaces.QuerySpacesImpl - Adding QuerySpace : uid = <gen:9> -> org.hibernate.loader.plan.build.internal.spaces.EntityQuerySpaceImpl@2b8cf049]
20:19:29.192 [main] DEBUG org.hibernate.loader.plan.build.internal.FetchStyleLoadPlanBuildingAssociationVisitationStrategy - Building LoadPlan...
20:19:29.192 [main] DEBUG org.hibernate.loader.plan.exec.internal.LoadQueryJoinAndFetchProcessor - processing queryspace <gen:0>
20:19:29.193 [main] DEBUG org.hibernate.loader.plan.build.spi.LoadPlanTreePrinter - LoadPlan(entity=io.swagger.model.RefundRequestType)
    - Returns
       - EntityReturnImpl(entity=io.swagger.model.RefundRequestType, querySpaceUid=<gen:0>, path=io.swagger.model.RefundRequestType)
          - EntityAttributeFetchImpl(entity=io.swagger.model.AccountRefType, querySpaceUid=<gen:1>, path=io.swagger.model.RefundRequestType.account)
          - EntityAttributeFetchImpl(entity=io.swagger.model.MoneyType, querySpaceUid=<gen:2>, path=io.swagger.model.RefundRequestType.amount)
          - EntityAttributeFetchImpl(entity=io.swagger.model.ChannelRefType, querySpaceUid=<gen:3>, path=io.swagger.model.RefundRequestType.channel)
          - CollectionAttributeFetchImpl(collection=io.swagger.model.RefundRequestType.paymentMethod, querySpaceUid=<gen:4>, path=io.swagger.model.RefundRequestType.paymentMethod)
             - (collection element) CollectionFetchableElementEntityGraph(entity=io.swagger.model.PaymentMethodType, querySpaceUid=<gen:5>, path=io.swagger.model.RefundRequestType.paymentMethod.<elements>)
          - EntityAttributeFetchImpl(entity=io.swagger.model.PaymentRefType, querySpaceUid=<gen:6>, path=io.swagger.model.RefundRequestType.relatedPayment)
          - EntityAttributeFetchImpl(entity=io.swagger.model.RelatedPartyRefType, querySpaceUid=<gen:7>, path=io.swagger.model.RefundRequestType.requestor)
          - EntityAttributeFetchImpl(entity=io.swagger.model.MoneyType, querySpaceUid=<gen:8>, path=io.swagger.model.RefundRequestType.taxAmount)
          - EntityAttributeFetchImpl(entity=io.swagger.model.MoneyType, querySpaceUid=<gen:9>, path=io.swagger.model.RefundRequestType.totalAmount)
    - QuerySpaces
       - EntityQuerySpaceImpl(uid=<gen:0>, entity=io.swagger.model.RefundRequestType)
          - SQL table alias mapping - refundrequ0_
          - alias suffix - 0_
          - suffixed key columns - {correlat1_18_0_}

20:19:29.193 [main] DEBUG org.hibernate.loader.entity.plan.EntityLoader - Static select for entity io.swagger.model.RefundRequestType [PESSIMISTIC_FORCE_INCREMENT]: select refundrequ0_.correlatorId as correlat1_18_0_, refundrequ0_.account_id as account_9_18_0_, refundrequ0_.amount_id as amount_10_18_0_, refundrequ0_.authorizationCode as authoriz2_18_0_, refundrequ0_.channel_id as channel11_18_0_, refundrequ0_.description as descript3_18_0_, refundrequ0_.name as name4_18_0_, refundrequ0_.reason as reason5_18_0_, refundrequ0_.refundDate as refundDa6_18_0_, refundrequ0_.relatedPayment_id as related12_18_0_, refundrequ0_.requestor_id as request13_18_0_, refundrequ0_.status as status7_18_0_, refundrequ0_.statusDate as statusDa8_18_0_, refundrequ0_.taxAmount_id as taxAmou14_18_0_, refundrequ0_.totalAmount_id as totalAm15_18_0_ from RefundRequestType refundrequ0_ where refundrequ0_.correlatorId=? for update
20:19:29.193 [main] DEBUG org.hibernate.loader.plan.build.internal.spaces.QuerySpacesImpl - Adding QuerySpace : uid = <gen:0> -> org.hibernate.loader.plan.build.internal.spaces.EntityQuerySpaceImpl@2336cd91]
20:19:29.194 [main] DEBUG org.hibernate.persister.walking.spi.MetamodelGraphWalker - Visiting attribute path : account
20:19:29.194 [main] DEBUG org.hibernate.loader.plan.build.internal.spaces.QuerySpacesImpl - Adding QuerySpace : uid = <gen:1> -> org.hibernate.loader.plan.build.internal.spaces.EntityQuerySpaceImpl@3593e074]
20:19:29.194 [main] DEBUG org.hibernate.persister.walking.spi.MetamodelGraphWalker - Visiting attribute path : amount
20:19:29.194 [main] DEBUG org.hibernate.loader.plan.build.internal.spaces.QuerySpacesImpl - Adding QuerySpace : uid = <gen:2> -> org.hibernate.loader.plan.build.internal.spaces.EntityQuerySpaceImpl@79d14037]
20:19:29.194 [main] DEBUG org.hibernate.persister.walking.spi.MetamodelGraphWalker - Visiting attribute path : authorizationCode
20:19:29.194 [main] DEBUG org.hibernate.persister.walking.spi.MetamodelGraphWalker - Visiting attribute path : channel
20:19:29.194 [main] DEBUG org.hibernate.loader.plan.build.internal.spaces.QuerySpacesImpl - Adding QuerySpace : uid = <gen:3> -> org.hibernate.loader.plan.build.internal.spaces.EntityQuerySpaceImpl@6c1e40d9]
20:19:29.194 [main] DEBUG org.hibernate.persister.walking.spi.MetamodelGraphWalker - Visiting attribute path : description
20:19:29.194 [main] DEBUG org.hibernate.persister.walking.spi.MetamodelGraphWalker - Visiting attribute path : name
20:19:29.194 [main] DEBUG org.hibernate.persister.walking.spi.MetamodelGraphWalker - Visiting attribute path : paymentMethod
20:19:29.194 [main] DEBUG org.hibernate.loader.plan.build.internal.spaces.QuerySpacesImpl - Adding QuerySpace : uid = <gen:4> -> org.hibernate.loader.plan.build.internal.spaces.CollectionQuerySpaceImpl@4b50c21]
20:19:29.194 [main] DEBUG org.hibernate.loader.plan.build.internal.spaces.QuerySpacesImpl - Adding QuerySpace : uid = <gen:5> -> org.hibernate.loader.plan.build.internal.spaces.EntityQuerySpaceImpl@2e0fdc83]
20:19:29.194 [main] DEBUG org.hibernate.persister.walking.spi.MetamodelGraphWalker - Visiting attribute path : reason
20:19:29.194 [main] DEBUG org.hibernate.persister.walking.spi.MetamodelGraphWalker - Visiting attribute path : refundDate
20:19:29.194 [main] DEBUG org.hibernate.persister.walking.spi.MetamodelGraphWalker - Visiting attribute path : relatedPayment
20:19:29.194 [main] DEBUG org.hibernate.loader.plan.build.internal.spaces.QuerySpacesImpl - Adding QuerySpace : uid = <gen:6> -> org.hibernate.loader.plan.build.internal.spaces.EntityQuerySpaceImpl@5dacf18d]
20:19:29.195 [main] DEBUG org.hibernate.persister.walking.spi.MetamodelGraphWalker - Visiting attribute path : requestor
20:19:29.195 [main] DEBUG org.hibernate.loader.plan.build.internal.spaces.QuerySpacesImpl - Adding QuerySpace : uid = <gen:7> -> org.hibernate.loader.plan.build.internal.spaces.EntityQuerySpaceImpl@432a6a69]
20:19:29.195 [main] DEBUG org.hibernate.persister.walking.spi.MetamodelGraphWalker - Visiting attribute path : status
20:19:29.195 [main] DEBUG org.hibernate.persister.walking.spi.MetamodelGraphWalker - Visiting attribute path : statusDate
20:19:29.195 [main] DEBUG org.hibernate.persister.walking.spi.MetamodelGraphWalker - Visiting attribute path : taxAmount
20:19:29.195 [main] DEBUG org.hibernate.loader.plan.build.internal.spaces.QuerySpacesImpl - Adding QuerySpace : uid = <gen:8> -> org.hibernate.loader.plan.build.internal.spaces.EntityQuerySpaceImpl@6f52a229]
20:19:29.195 [main] DEBUG org.hibernate.persister.walking.spi.MetamodelGraphWalker - Visiting attribute path : totalAmount
20:19:29.195 [main] DEBUG org.hibernate.loader.plan.build.internal.spaces.QuerySpacesImpl - Adding QuerySpace : uid = <gen:9> -> org.hibernate.loader.plan.build.internal.spaces.EntityQuerySpaceImpl@3fe98084]
20:19:29.195 [main] DEBUG org.hibernate.loader.plan.build.internal.FetchStyleLoadPlanBuildingAssociationVisitationStrategy - Building LoadPlan...
20:19:29.195 [main] DEBUG org.hibernate.loader.plan.exec.internal.LoadQueryJoinAndFetchProcessor - processing queryspace <gen:0>
20:19:29.196 [main] DEBUG org.hibernate.loader.plan.build.spi.LoadPlanTreePrinter - LoadPlan(entity=io.swagger.model.RefundRequestType)
    - Returns
       - EntityReturnImpl(entity=io.swagger.model.RefundRequestType, querySpaceUid=<gen:0>, path=io.swagger.model.RefundRequestType)
          - EntityAttributeFetchImpl(entity=io.swagger.model.AccountRefType, querySpaceUid=<gen:1>, path=io.swagger.model.RefundRequestType.account)
          - EntityAttributeFetchImpl(entity=io.swagger.model.MoneyType, querySpaceUid=<gen:2>, path=io.swagger.model.RefundRequestType.amount)
          - EntityAttributeFetchImpl(entity=io.swagger.model.ChannelRefType, querySpaceUid=<gen:3>, path=io.swagger.model.RefundRequestType.channel)
          - CollectionAttributeFetchImpl(collection=io.swagger.model.RefundRequestType.paymentMethod, querySpaceUid=<gen:4>, path=io.swagger.model.RefundRequestType.paymentMethod)
             - (collection element) CollectionFetchableElementEntityGraph(entity=io.swagger.model.PaymentMethodType, querySpaceUid=<gen:5>, path=io.swagger.model.RefundRequestType.paymentMethod.<elements>)
          - EntityAttributeFetchImpl(entity=io.swagger.model.PaymentRefType, querySpaceUid=<gen:6>, path=io.swagger.model.RefundRequestType.relatedPayment)
          - EntityAttributeFetchImpl(entity=io.swagger.model.RelatedPartyRefType, querySpaceUid=<gen:7>, path=io.swagger.model.RefundRequestType.requestor)
          - EntityAttributeFetchImpl(entity=io.swagger.model.MoneyType, querySpaceUid=<gen:8>, path=io.swagger.model.RefundRequestType.taxAmount)
          - EntityAttributeFetchImpl(entity=io.swagger.model.MoneyType, querySpaceUid=<gen:9>, path=io.swagger.model.RefundRequestType.totalAmount)
    - QuerySpaces
       - EntityQuerySpaceImpl(uid=<gen:0>, entity=io.swagger.model.RefundRequestType)
          - SQL table alias mapping - refundrequ0_
          - alias suffix - 0_
          - suffixed key columns - {correlat1_18_0_}

20:19:29.196 [main] DEBUG org.hibernate.loader.entity.plan.EntityLoader - Static select for entity io.swagger.model.RefundRequestType [OPTIMISTIC]: select refundrequ0_.correlatorId as correlat1_18_0_, refundrequ0_.account_id as account_9_18_0_, refundrequ0_.amount_id as amount_10_18_0_, refundrequ0_.authorizationCode as authoriz2_18_0_, refundrequ0_.channel_id as channel11_18_0_, refundrequ0_.description as descript3_18_0_, refundrequ0_.name as name4_18_0_, refundrequ0_.reason as reason5_18_0_, refundrequ0_.refundDate as refundDa6_18_0_, refundrequ0_.relatedPayment_id as related12_18_0_, refundrequ0_.requestor_id as request13_18_0_, refundrequ0_.status as status7_18_0_, refundrequ0_.statusDate as statusDa8_18_0_, refundrequ0_.taxAmount_id as taxAmou14_18_0_, refundrequ0_.totalAmount_id as totalAm15_18_0_ from RefundRequestType refundrequ0_ where refundrequ0_.correlatorId=?
20:19:29.196 [main] DEBUG org.hibernate.loader.plan.build.internal.spaces.QuerySpacesImpl - Adding QuerySpace : uid = <gen:0> -> org.hibernate.loader.plan.build.internal.spaces.EntityQuerySpaceImpl@5f33e6d]
20:19:29.196 [main] DEBUG org.hibernate.persister.walking.spi.MetamodelGraphWalker - Visiting attribute path : account
20:19:29.196 [main] DEBUG org.hibernate.loader.plan.build.internal.spaces.QuerySpacesImpl - Adding QuerySpace : uid = <gen:1> -> org.hibernate.loader.plan.build.internal.spaces.EntityQuerySpaceImpl@6fa3def8]
20:19:29.196 [main] DEBUG org.hibernate.persister.walking.spi.MetamodelGraphWalker - Visiting attribute path : amount
20:19:29.196 [main] DEBUG org.hibernate.loader.plan.build.internal.spaces.QuerySpacesImpl - Adding QuerySpace : uid = <gen:2> -> org.hibernate.loader.plan.build.internal.spaces.EntityQuerySpaceImpl@1c3d9e28]
20:19:29.196 [main] DEBUG org.hibernate.persister.walking.spi.MetamodelGraphWalker - Visiting attribute path : authorizationCode
20:19:29.196 [main] DEBUG org.hibernate.persister.walking.spi.MetamodelGraphWalker - Visiting attribute path : channel
20:19:29.197 [main] DEBUG org.hibernate.loader.plan.build.internal.spaces.QuerySpacesImpl - Adding QuerySpace : uid = <gen:3> -> org.hibernate.loader.plan.build.internal.spaces.EntityQuerySpaceImpl@a1cb94]
20:19:29.197 [main] DEBUG org.hibernate.persister.walking.spi.MetamodelGraphWalker - Visiting attribute path : description
20:19:29.197 [main] DEBUG org.hibernate.persister.walking.spi.MetamodelGraphWalker - Visiting attribute path : name
20:19:29.197 [main] DEBUG org.hibernate.persister.walking.spi.MetamodelGraphWalker - Visiting attribute path : paymentMethod
20:19:29.197 [main] DEBUG org.hibernate.loader.plan.build.internal.spaces.QuerySpacesImpl - Adding QuerySpace : uid = <gen:4> -> org.hibernate.loader.plan.build.internal.spaces.CollectionQuerySpaceImpl@46d148bd]
20:19:29.197 [main] DEBUG org.hibernate.loader.plan.build.internal.spaces.QuerySpacesImpl - Adding QuerySpace : uid = <gen:5> -> org.hibernate.loader.plan.build.internal.spaces.EntityQuerySpaceImpl@37f41a81]
20:19:29.197 [main] DEBUG org.hibernate.persister.walking.spi.MetamodelGraphWalker - Visiting attribute path : reason
20:19:29.197 [main] DEBUG org.hibernate.persister.walking.spi.MetamodelGraphWalker - Visiting attribute path : refundDate
20:19:29.197 [main] DEBUG org.hibernate.persister.walking.spi.MetamodelGraphWalker - Visiting attribute path : relatedPayment
20:19:29.197 [main] DEBUG org.hibernate.loader.plan.build.internal.spaces.QuerySpacesImpl - Adding QuerySpace : uid = <gen:6> -> org.hibernate.loader.plan.build.internal.spaces.EntityQuerySpaceImpl@47c81e89]
20:19:29.197 [main] DEBUG org.hibernate.persister.walking.spi.MetamodelGraphWalker - Visiting attribute path : requestor
20:19:29.197 [main] DEBUG org.hibernate.loader.plan.build.internal.spaces.QuerySpacesImpl - Adding QuerySpace : uid = <gen:7> -> org.hibernate.loader.plan.build.internal.spaces.EntityQuerySpaceImpl@49bb808f]
20:19:29.197 [main] DEBUG org.hibernate.persister.walking.spi.MetamodelGraphWalker - Visiting attribute path : status
20:19:29.197 [main] DEBUG org.hibernate.persister.walking.spi.MetamodelGraphWalker - Visiting attribute path : statusDate
20:19:29.197 [main] DEBUG org.hibernate.persister.walking.spi.MetamodelGraphWalker - Visiting attribute path : taxAmount
20:19:29.197 [main] DEBUG org.hibernate.loader.plan.build.internal.spaces.QuerySpacesImpl - Adding QuerySpace : uid = <gen:8> -> org.hibernate.loader.plan.build.internal.spaces.EntityQuerySpaceImpl@563ada5]
20:19:29.197 [main] DEBUG org.hibernate.persister.walking.spi.MetamodelGraphWalker - Visiting attribute path : totalAmount
20:19:29.197 [main] DEBUG org.hibernate.loader.plan.build.internal.spaces.QuerySpacesImpl - Adding QuerySpace : uid = <gen:9> -> org.hibernate.loader.plan.build.internal.spaces.EntityQuerySpaceImpl@12548f9a]
20:19:29.197 [main] DEBUG org.hibernate.loader.plan.build.internal.FetchStyleLoadPlanBuildingAssociationVisitationStrategy - Building LoadPlan...
20:19:29.198 [main] DEBUG org.hibernate.loader.plan.exec.internal.LoadQueryJoinAndFetchProcessor - processing queryspace <gen:0>
20:19:29.203 [main] DEBUG org.hibernate.loader.plan.build.spi.LoadPlanTreePrinter - LoadPlan(entity=io.swagger.model.RefundRequestType)
    - Returns
       - EntityReturnImpl(entity=io.swagger.model.RefundRequestType, querySpaceUid=<gen:0>, path=io.swagger.model.RefundRequestType)
          - EntityAttributeFetchImpl(entity=io.swagger.model.AccountRefType, querySpaceUid=<gen:1>, path=io.swagger.model.RefundRequestType.account)
          - EntityAttributeFetchImpl(entity=io.swagger.model.MoneyType, querySpaceUid=<gen:2>, path=io.swagger.model.RefundRequestType.amount)
          - EntityAttributeFetchImpl(entity=io.swagger.model.ChannelRefType, querySpaceUid=<gen:3>, path=io.swagger.model.RefundRequestType.channel)
          - CollectionAttributeFetchImpl(collection=io.swagger.model.RefundRequestType.paymentMethod, querySpaceUid=<gen:4>, path=io.swagger.model.RefundRequestType.paymentMethod)
             - (collection element) CollectionFetchableElementEntityGraph(entity=io.swagger.model.PaymentMethodType, querySpaceUid=<gen:5>, path=io.swagger.model.RefundRequestType.paymentMethod.<elements>)
          - EntityAttributeFetchImpl(entity=io.swagger.model.PaymentRefType, querySpaceUid=<gen:6>, path=io.swagger.model.RefundRequestType.relatedPayment)
          - EntityAttributeFetchImpl(entity=io.swagger.model.RelatedPartyRefType, querySpaceUid=<gen:7>, path=io.swagger.model.RefundRequestType.requestor)
          - EntityAttributeFetchImpl(entity=io.swagger.model.MoneyType, querySpaceUid=<gen:8>, path=io.swagger.model.RefundRequestType.taxAmount)
          - EntityAttributeFetchImpl(entity=io.swagger.model.MoneyType, querySpaceUid=<gen:9>, path=io.swagger.model.RefundRequestType.totalAmount)
    - QuerySpaces
       - EntityQuerySpaceImpl(uid=<gen:0>, entity=io.swagger.model.RefundRequestType)
          - SQL table alias mapping - refundrequ0_
          - alias suffix - 0_
          - suffixed key columns - {correlat1_18_0_}

20:19:29.203 [main] DEBUG org.hibernate.loader.entity.plan.EntityLoader - Static select for entity io.swagger.model.RefundRequestType [OPTIMISTIC_FORCE_INCREMENT]: select refundrequ0_.correlatorId as correlat1_18_0_, refundrequ0_.account_id as account_9_18_0_, refundrequ0_.amount_id as amount_10_18_0_, refundrequ0_.authorizationCode as authoriz2_18_0_, refundrequ0_.channel_id as channel11_18_0_, refundrequ0_.description as descript3_18_0_, refundrequ0_.name as name4_18_0_, refundrequ0_.reason as reason5_18_0_, refundrequ0_.refundDate as refundDa6_18_0_, refundrequ0_.relatedPayment_id as related12_18_0_, refundrequ0_.requestor_id as request13_18_0_, refundrequ0_.status as status7_18_0_, refundrequ0_.statusDate as statusDa8_18_0_, refundrequ0_.taxAmount_id as taxAmou14_18_0_, refundrequ0_.totalAmount_id as totalAm15_18_0_ from RefundRequestType refundrequ0_ where refundrequ0_.correlatorId=?
20:19:29.203 [main] DEBUG org.hibernate.loader.Loader - Static select for action ACTION_MERGE on entity io.swagger.model.RefundRequestType: select refundrequ0_.correlatorId as correlat1_18_0_, refundrequ0_.account_id as account_9_18_0_, refundrequ0_.amount_id as amount_10_18_0_, refundrequ0_.authorizationCode as authoriz2_18_0_, refundrequ0_.channel_id as channel11_18_0_, refundrequ0_.description as descript3_18_0_, refundrequ0_.name as name4_18_0_, refundrequ0_.reason as reason5_18_0_, refundrequ0_.refundDate as refundDa6_18_0_, refundrequ0_.relatedPayment_id as related12_18_0_, refundrequ0_.requestor_id as request13_18_0_, refundrequ0_.status as status7_18_0_, refundrequ0_.statusDate as statusDa8_18_0_, refundrequ0_.taxAmount_id as taxAmou14_18_0_, refundrequ0_.totalAmount_id as totalAm15_18_0_ from RefundRequestType refundrequ0_ where refundrequ0_.correlatorId=?
20:19:29.204 [main] DEBUG org.hibernate.loader.Loader - Static select for action ACTION_REFRESH on entity io.swagger.model.RefundRequestType: select refundrequ0_.correlatorId as correlat1_18_0_, refundrequ0_.account_id as account_9_18_0_, refundrequ0_.amount_id as amount_10_18_0_, refundrequ0_.authorizationCode as authoriz2_18_0_, refundrequ0_.channel_id as channel11_18_0_, refundrequ0_.description as descript3_18_0_, refundrequ0_.name as name4_18_0_, refundrequ0_.reason as reason5_18_0_, refundrequ0_.refundDate as refundDa6_18_0_, refundrequ0_.relatedPayment_id as related12_18_0_, refundrequ0_.requestor_id as request13_18_0_, refundrequ0_.status as status7_18_0_, refundrequ0_.statusDate as statusDa8_18_0_, refundrequ0_.taxAmount_id as taxAmou14_18_0_, refundrequ0_.totalAmount_id as totalAm15_18_0_ from RefundRequestType refundrequ0_ where refundrequ0_.correlatorId=?
20:19:29.204 [main] DEBUG org.hibernate.persister.entity.AbstractEntityPersister - Static SQL for entity: io.swagger.model.PaymentItemType
20:19:29.204 [main] DEBUG org.hibernate.persister.entity.AbstractEntityPersister -  Version select: select id from PaymentItemType where id =?
20:19:29.204 [main] DEBUG org.hibernate.persister.entity.AbstractEntityPersister -  Snapshot select: select paymentite_.id, paymentite_.amount_id as amount_i2_10_, paymentite_.item_id as item_id3_10_, paymentite_.taxAmount_id as taxAmoun4_10_, paymentite_.totalAmount_id as totalAmo5_10_ from PaymentItemType paymentite_ where paymentite_.id=?
20:19:29.204 [main] DEBUG org.hibernate.persister.entity.AbstractEntityPersister -  Insert 0: insert into PaymentItemType (amount_id, item_id, taxAmount_id, totalAmount_id, id) values (?, ?, ?, ?, ?)
20:19:29.204 [main] DEBUG org.hibernate.persister.entity.AbstractEntityPersister -  Update 0: update PaymentItemType set amount_id=?, item_id=?, taxAmount_id=?, totalAmount_id=? where id=?
20:19:29.204 [main] DEBUG org.hibernate.persister.entity.AbstractEntityPersister -  Delete 0: delete from PaymentItemType where id=?
20:19:29.204 [main] DEBUG org.hibernate.loader.plan.build.internal.spaces.QuerySpacesImpl - Adding QuerySpace : uid = <gen:0> -> org.hibernate.loader.plan.build.internal.spaces.EntityQuerySpaceImpl@156ff70f]
20:19:29.204 [main] DEBUG org.hibernate.persister.walking.spi.MetamodelGraphWalker - Visiting attribute path : amount
20:19:29.204 [main] DEBUG org.hibernate.loader.plan.build.internal.spaces.QuerySpacesImpl - Adding QuerySpace : uid = <gen:1> -> org.hibernate.loader.plan.build.internal.spaces.EntityQuerySpaceImpl@185339ed]
20:19:29.204 [main] DEBUG org.hibernate.persister.walking.spi.MetamodelGraphWalker - Visiting attribute path : amount.amount
20:19:29.205 [main] DEBUG org.hibernate.persister.walking.spi.MetamodelGraphWalker - Visiting attribute path : amount.units
20:19:29.205 [main] DEBUG org.hibernate.persister.walking.spi.MetamodelGraphWalker - Visiting attribute path : item
20:19:29.205 [main] DEBUG org.hibernate.loader.plan.build.internal.spaces.QuerySpacesImpl - Adding QuerySpace : uid = <gen:2> -> org.hibernate.loader.plan.build.internal.spaces.EntityQuerySpaceImpl@4470106b]
20:19:29.205 [main] DEBUG org.hibernate.persister.walking.spi.MetamodelGraphWalker - Visiting attribute path : item.description
20:19:29.205 [main] DEBUG org.hibernate.persister.walking.spi.MetamodelGraphWalker - Visiting attribute path : item.href
20:19:29.205 [main] DEBUG org.hibernate.persister.walking.spi.MetamodelGraphWalker - Visiting attribute path : item.name
20:19:29.205 [main] DEBUG org.hibernate.persister.walking.spi.MetamodelGraphWalker - Visiting attribute path : item.type
20:19:29.205 [main] DEBUG org.hibernate.persister.walking.spi.MetamodelGraphWalker - Visiting attribute path : taxAmount
20:19:29.205 [main] DEBUG org.hibernate.loader.plan.build.internal.spaces.QuerySpacesImpl - Adding QuerySpace : uid = <gen:3> -> org.hibernate.loader.plan.build.internal.spaces.EntityQuerySpaceImpl@681311a7]
20:19:29.205 [main] DEBUG org.hibernate.persister.walking.spi.MetamodelGraphWalker - Visiting attribute path : taxAmount.amount
20:19:29.205 [main] DEBUG org.hibernate.persister.walking.spi.MetamodelGraphWalker - Visiting attribute path : taxAmount.units
20:19:29.205 [main] DEBUG org.hibernate.persister.walking.spi.MetamodelGraphWalker - Visiting attribute path : totalAmount
20:19:29.206 [main] DEBUG org.hibernate.loader.plan.build.internal.spaces.QuerySpacesImpl - Adding QuerySpace : uid = <gen:4> -> org.hibernate.loader.plan.build.internal.spaces.EntityQuerySpaceImpl@68c4db77]
20:19:29.206 [main] DEBUG org.hibernate.persister.walking.spi.MetamodelGraphWalker - Visiting attribute path : totalAmount.amount
20:19:29.206 [main] DEBUG org.hibernate.persister.walking.spi.MetamodelGraphWalker - Visiting attribute path : totalAmount.units
20:19:29.206 [main] DEBUG org.hibernate.loader.plan.build.internal.FetchStyleLoadPlanBuildingAssociationVisitationStrategy - Building LoadPlan...
20:19:29.206 [main] DEBUG org.hibernate.loader.plan.exec.internal.LoadQueryJoinAndFetchProcessor - processing queryspace <gen:0>
20:19:29.212 [main] DEBUG org.hibernate.loader.plan.build.spi.LoadPlanTreePrinter - LoadPlan(entity=io.swagger.model.PaymentItemType)
    - Returns
       - EntityReturnImpl(entity=io.swagger.model.PaymentItemType, querySpaceUid=<gen:0>, path=io.swagger.model.PaymentItemType)
          - EntityAttributeFetchImpl(entity=io.swagger.model.MoneyType, querySpaceUid=<gen:1>, path=io.swagger.model.PaymentItemType.amount)
          - EntityAttributeFetchImpl(entity=io.swagger.model.EntityRefType, querySpaceUid=<gen:2>, path=io.swagger.model.PaymentItemType.item)
          - EntityAttributeFetchImpl(entity=io.swagger.model.MoneyType, querySpaceUid=<gen:3>, path=io.swagger.model.PaymentItemType.taxAmount)
          - EntityAttributeFetchImpl(entity=io.swagger.model.MoneyType, querySpaceUid=<gen:4>, path=io.swagger.model.PaymentItemType.totalAmount)
    - QuerySpaces
       - EntityQuerySpaceImpl(uid=<gen:0>, entity=io.swagger.model.PaymentItemType)
          - SQL table alias mapping - paymentite0_
          - alias suffix - 0_
          - suffixed key columns - {id1_10_0_}
          - JOIN (JoinDefinedByMetadata(amount)) : <gen:0> -> <gen:1>
             - EntityQuerySpaceImpl(uid=<gen:1>, entity=io.swagger.model.MoneyType)
                - SQL table alias mapping - moneytype1_
                - alias suffix - 1_
                - suffixed key columns - {id1_9_1_}
          - JOIN (JoinDefinedByMetadata(item)) : <gen:0> -> <gen:2>
             - EntityQuerySpaceImpl(uid=<gen:2>, entity=io.swagger.model.EntityRefType)
                - SQL table alias mapping - entityreft2_
                - alias suffix - 2_
                - suffixed key columns - {id1_8_2_}
          - JOIN (JoinDefinedByMetadata(taxAmount)) : <gen:0> -> <gen:3>
             - EntityQuerySpaceImpl(uid=<gen:3>, entity=io.swagger.model.MoneyType)
                - SQL table alias mapping - moneytype3_
                - alias suffix - 3_
                - suffixed key columns - {id1_9_3_}
          - JOIN (JoinDefinedByMetadata(totalAmount)) : <gen:0> -> <gen:4>
             - EntityQuerySpaceImpl(uid=<gen:4>, entity=io.swagger.model.MoneyType)
                - SQL table alias mapping - moneytype4_
                - alias suffix - 4_
                - suffixed key columns - {id1_9_4_}

20:19:29.212 [main] DEBUG org.hibernate.loader.entity.plan.EntityLoader - Static select for entity io.swagger.model.PaymentItemType [NONE]: select paymentite0_.id as id1_10_0_, paymentite0_.amount_id as amount_i2_10_0_, paymentite0_.item_id as item_id3_10_0_, paymentite0_.taxAmount_id as taxAmoun4_10_0_, paymentite0_.totalAmount_id as totalAmo5_10_0_, moneytype1_.id as id1_9_1_, moneytype1_.amount as amount2_9_1_, moneytype1_.units as units3_9_1_, entityreft2_.id as id1_8_2_, entityreft2_.description as descript2_8_2_, entityreft2_.href as href3_8_2_, entityreft2_.name as name4_8_2_, entityreft2_.type as type5_8_2_, moneytype3_.id as id1_9_3_, moneytype3_.amount as amount2_9_3_, moneytype3_.units as units3_9_3_, moneytype4_.id as id1_9_4_, moneytype4_.amount as amount2_9_4_, moneytype4_.units as units3_9_4_ from PaymentItemType paymentite0_ left outer join MoneyType moneytype1_ on paymentite0_.amount_id=moneytype1_.id left outer join EntityRefType entityreft2_ on paymentite0_.item_id=entityreft2_.id left outer join MoneyType moneytype3_ on paymentite0_.taxAmount_id=moneytype3_.id left outer join MoneyType moneytype4_ on paymentite0_.totalAmount_id=moneytype4_.id where paymentite0_.id=?
20:19:29.212 [main] DEBUG org.hibernate.loader.plan.build.internal.spaces.QuerySpacesImpl - Adding QuerySpace : uid = <gen:0> -> org.hibernate.loader.plan.build.internal.spaces.EntityQuerySpaceImpl@7b2e931]
20:19:29.212 [main] DEBUG org.hibernate.persister.walking.spi.MetamodelGraphWalker - Visiting attribute path : amount
20:19:29.213 [main] DEBUG org.hibernate.loader.plan.build.internal.spaces.QuerySpacesImpl - Adding QuerySpace : uid = <gen:1> -> org.hibernate.loader.plan.build.internal.spaces.EntityQuerySpaceImpl@7e89eba7]
20:19:29.215 [main] DEBUG org.hibernate.persister.walking.spi.MetamodelGraphWalker - Visiting attribute path : amount.amount
20:19:29.215 [main] DEBUG org.hibernate.persister.walking.spi.MetamodelGraphWalker - Visiting attribute path : amount.units
20:19:29.215 [main] DEBUG org.hibernate.persister.walking.spi.MetamodelGraphWalker - Visiting attribute path : item
20:19:29.215 [main] DEBUG org.hibernate.loader.plan.build.internal.spaces.QuerySpacesImpl - Adding QuerySpace : uid = <gen:2> -> org.hibernate.loader.plan.build.internal.spaces.EntityQuerySpaceImpl@7b29cdea]
20:19:29.215 [main] DEBUG org.hibernate.persister.walking.spi.MetamodelGraphWalker - Visiting attribute path : item.description
20:19:29.215 [main] DEBUG org.hibernate.persister.walking.spi.MetamodelGraphWalker - Visiting attribute path : item.href
20:19:29.215 [main] DEBUG org.hibernate.persister.walking.spi.MetamodelGraphWalker - Visiting attribute path : item.name
20:19:29.216 [main] DEBUG org.hibernate.persister.walking.spi.MetamodelGraphWalker - Visiting attribute path : item.type
20:19:29.216 [main] DEBUG org.hibernate.persister.walking.spi.MetamodelGraphWalker - Visiting attribute path : taxAmount
20:19:29.216 [main] DEBUG org.hibernate.loader.plan.build.internal.spaces.QuerySpacesImpl - Adding QuerySpace : uid = <gen:3> -> org.hibernate.loader.plan.build.internal.spaces.EntityQuerySpaceImpl@3eedd0e3]
20:19:29.216 [main] DEBUG org.hibernate.persister.walking.spi.MetamodelGraphWalker - Visiting attribute path : taxAmount.amount
20:19:29.216 [main] DEBUG org.hibernate.persister.walking.spi.MetamodelGraphWalker - Visiting attribute path : taxAmount.units
20:19:29.216 [main] DEBUG org.hibernate.persister.walking.spi.MetamodelGraphWalker - Visiting attribute path : totalAmount
20:19:29.216 [main] DEBUG org.hibernate.loader.plan.build.internal.spaces.QuerySpacesImpl - Adding QuerySpace : uid = <gen:4> -> org.hibernate.loader.plan.build.internal.spaces.EntityQuerySpaceImpl@72f35a31]
20:19:29.216 [main] DEBUG org.hibernate.persister.walking.spi.MetamodelGraphWalker - Visiting attribute path : totalAmount.amount
20:19:29.216 [main] DEBUG org.hibernate.persister.walking.spi.MetamodelGraphWalker - Visiting attribute path : totalAmount.units
20:19:29.216 [main] DEBUG org.hibernate.loader.plan.build.internal.FetchStyleLoadPlanBuildingAssociationVisitationStrategy - Building LoadPlan...
20:19:29.216 [main] DEBUG org.hibernate.loader.plan.exec.internal.LoadQueryJoinAndFetchProcessor - processing queryspace <gen:0>
20:19:29.217 [main] DEBUG org.hibernate.loader.plan.build.spi.LoadPlanTreePrinter - LoadPlan(entity=io.swagger.model.PaymentItemType)
    - Returns
       - EntityReturnImpl(entity=io.swagger.model.PaymentItemType, querySpaceUid=<gen:0>, path=io.swagger.model.PaymentItemType)
          - EntityAttributeFetchImpl(entity=io.swagger.model.MoneyType, querySpaceUid=<gen:1>, path=io.swagger.model.PaymentItemType.amount)
          - EntityAttributeFetchImpl(entity=io.swagger.model.EntityRefType, querySpaceUid=<gen:2>, path=io.swagger.model.PaymentItemType.item)
          - EntityAttributeFetchImpl(entity=io.swagger.model.MoneyType, querySpaceUid=<gen:3>, path=io.swagger.model.PaymentItemType.taxAmount)
          - EntityAttributeFetchImpl(entity=io.swagger.model.MoneyType, querySpaceUid=<gen:4>, path=io.swagger.model.PaymentItemType.totalAmount)
    - QuerySpaces
       - EntityQuerySpaceImpl(uid=<gen:0>, entity=io.swagger.model.PaymentItemType)
          - SQL table alias mapping - paymentite0_
          - alias suffix - 0_
          - suffixed key columns - {id1_10_0_}
          - JOIN (JoinDefinedByMetadata(amount)) : <gen:0> -> <gen:1>
             - EntityQuerySpaceImpl(uid=<gen:1>, entity=io.swagger.model.MoneyType)
                - SQL table alias mapping - moneytype1_
                - alias suffix - 1_
                - suffixed key columns - {id1_9_1_}
          - JOIN (JoinDefinedByMetadata(item)) : <gen:0> -> <gen:2>
             - EntityQuerySpaceImpl(uid=<gen:2>, entity=io.swagger.model.EntityRefType)
                - SQL table alias mapping - entityreft2_
                - alias suffix - 2_
                - suffixed key columns - {id1_8_2_}
          - JOIN (JoinDefinedByMetadata(taxAmount)) : <gen:0> -> <gen:3>
             - EntityQuerySpaceImpl(uid=<gen:3>, entity=io.swagger.model.MoneyType)
                - SQL table alias mapping - moneytype3_
                - alias suffix - 3_
                - suffixed key columns - {id1_9_3_}
          - JOIN (JoinDefinedByMetadata(totalAmount)) : <gen:0> -> <gen:4>
             - EntityQuerySpaceImpl(uid=<gen:4>, entity=io.swagger.model.MoneyType)
                - SQL table alias mapping - moneytype4_
                - alias suffix - 4_
                - suffixed key columns - {id1_9_4_}

20:19:29.218 [main] DEBUG org.hibernate.loader.entity.plan.EntityLoader - Static select for entity io.swagger.model.PaymentItemType [READ]: select paymentite0_.id as id1_10_0_, paymentite0_.amount_id as amount_i2_10_0_, paymentite0_.item_id as item_id3_10_0_, paymentite0_.taxAmount_id as taxAmoun4_10_0_, paymentite0_.totalAmount_id as totalAmo5_10_0_, moneytype1_.id as id1_9_1_, moneytype1_.amount as amount2_9_1_, moneytype1_.units as units3_9_1_, entityreft2_.id as id1_8_2_, entityreft2_.description as descript2_8_2_, entityreft2_.href as href3_8_2_, entityreft2_.name as name4_8_2_, entityreft2_.type as type5_8_2_, moneytype3_.id as id1_9_3_, moneytype3_.amount as amount2_9_3_, moneytype3_.units as units3_9_3_, moneytype4_.id as id1_9_4_, moneytype4_.amount as amount2_9_4_, moneytype4_.units as units3_9_4_ from PaymentItemType paymentite0_ left outer join MoneyType moneytype1_ on paymentite0_.amount_id=moneytype1_.id left outer join EntityRefType entityreft2_ on paymentite0_.item_id=entityreft2_.id left outer join MoneyType moneytype3_ on paymentite0_.taxAmount_id=moneytype3_.id left outer join MoneyType moneytype4_ on paymentite0_.totalAmount_id=moneytype4_.id where paymentite0_.id=?
20:19:29.218 [main] DEBUG org.hibernate.loader.plan.build.internal.spaces.QuerySpacesImpl - Adding QuerySpace : uid = <gen:0> -> org.hibernate.loader.plan.build.internal.spaces.EntityQuerySpaceImpl@6b3b2c34]
20:19:29.218 [main] DEBUG org.hibernate.persister.walking.spi.MetamodelGraphWalker - Visiting attribute path : amount
20:19:29.218 [main] DEBUG org.hibernate.loader.plan.build.internal.spaces.QuerySpacesImpl - Adding QuerySpace : uid = <gen:1> -> org.hibernate.loader.plan.build.internal.spaces.EntityQuerySpaceImpl@407f2029]
20:19:29.218 [main] DEBUG org.hibernate.persister.walking.spi.MetamodelGraphWalker - Visiting attribute path : item
20:19:29.218 [main] DEBUG org.hibernate.loader.plan.build.internal.spaces.QuerySpacesImpl - Adding QuerySpace : uid = <gen:2> -> org.hibernate.loader.plan.build.internal.spaces.EntityQuerySpaceImpl@77020328]
20:19:29.218 [main] DEBUG org.hibernate.persister.walking.spi.MetamodelGraphWalker - Visiting attribute path : taxAmount
20:19:29.218 [main] DEBUG org.hibernate.loader.plan.build.internal.spaces.QuerySpacesImpl - Adding QuerySpace : uid = <gen:3> -> org.hibernate.loader.plan.build.internal.spaces.EntityQuerySpaceImpl@45eacb70]
20:19:29.218 [main] DEBUG org.hibernate.persister.walking.spi.MetamodelGraphWalker - Visiting attribute path : totalAmount
20:19:29.218 [main] DEBUG org.hibernate.loader.plan.build.internal.spaces.QuerySpacesImpl - Adding QuerySpace : uid = <gen:4> -> org.hibernate.loader.plan.build.internal.spaces.EntityQuerySpaceImpl@4377ed24]
20:19:29.218 [main] DEBUG org.hibernate.loader.plan.build.internal.FetchStyleLoadPlanBuildingAssociationVisitationStrategy - Building LoadPlan...
20:19:29.218 [main] DEBUG org.hibernate.loader.plan.exec.internal.LoadQueryJoinAndFetchProcessor - processing queryspace <gen:0>
20:19:29.219 [main] DEBUG org.hibernate.loader.plan.build.spi.LoadPlanTreePrinter - LoadPlan(entity=io.swagger.model.PaymentItemType)
    - Returns
       - EntityReturnImpl(entity=io.swagger.model.PaymentItemType, querySpaceUid=<gen:0>, path=io.swagger.model.PaymentItemType)
          - EntityAttributeFetchImpl(entity=io.swagger.model.MoneyType, querySpaceUid=<gen:1>, path=io.swagger.model.PaymentItemType.amount)
          - EntityAttributeFetchImpl(entity=io.swagger.model.EntityRefType, querySpaceUid=<gen:2>, path=io.swagger.model.PaymentItemType.item)
          - EntityAttributeFetchImpl(entity=io.swagger.model.MoneyType, querySpaceUid=<gen:3>, path=io.swagger.model.PaymentItemType.taxAmount)
          - EntityAttributeFetchImpl(entity=io.swagger.model.MoneyType, querySpaceUid=<gen:4>, path=io.swagger.model.PaymentItemType.totalAmount)
    - QuerySpaces
       - EntityQuerySpaceImpl(uid=<gen:0>, entity=io.swagger.model.PaymentItemType)
          - SQL table alias mapping - paymentite0_
          - alias suffix - 0_
          - suffixed key columns - {id1_10_0_}

20:19:29.219 [main] DEBUG org.hibernate.loader.entity.plan.EntityLoader - Static select for entity io.swagger.model.PaymentItemType [UPGRADE]: select paymentite0_.id as id1_10_0_, paymentite0_.amount_id as amount_i2_10_0_, paymentite0_.item_id as item_id3_10_0_, paymentite0_.taxAmount_id as taxAmoun4_10_0_, paymentite0_.totalAmount_id as totalAmo5_10_0_ from PaymentItemType paymentite0_ where paymentite0_.id=? for update
20:19:29.219 [main] DEBUG org.hibernate.loader.plan.build.internal.spaces.QuerySpacesImpl - Adding QuerySpace : uid = <gen:0> -> org.hibernate.loader.plan.build.internal.spaces.EntityQuerySpaceImpl@7a30e30b]
20:19:29.219 [main] DEBUG org.hibernate.persister.walking.spi.MetamodelGraphWalker - Visiting attribute path : amount
20:19:29.219 [main] DEBUG org.hibernate.loader.plan.build.internal.spaces.QuerySpacesImpl - Adding QuerySpace : uid = <gen:1> -> org.hibernate.loader.plan.build.internal.spaces.EntityQuerySpaceImpl@e6e5da4]
20:19:29.219 [main] DEBUG org.hibernate.persister.walking.spi.MetamodelGraphWalker - Visiting attribute path : item
20:19:29.219 [main] DEBUG org.hibernate.loader.plan.build.internal.spaces.QuerySpacesImpl - Adding QuerySpace : uid = <gen:2> -> org.hibernate.loader.plan.build.internal.spaces.EntityQuerySpaceImpl@720c8f80]
20:19:29.219 [main] DEBUG org.hibernate.persister.walking.spi.MetamodelGraphWalker - Visiting attribute path : taxAmount
20:19:29.219 [main] DEBUG org.hibernate.loader.plan.build.internal.spaces.QuerySpacesImpl - Adding QuerySpace : uid = <gen:3> -> org.hibernate.loader.plan.build.internal.spaces.EntityQuerySpaceImpl@f591271]
20:19:29.219 [main] DEBUG org.hibernate.persister.walking.spi.MetamodelGraphWalker - Visiting attribute path : totalAmount
20:19:29.219 [main] DEBUG org.hibernate.loader.plan.build.internal.spaces.QuerySpacesImpl - Adding QuerySpace : uid = <gen:4> -> org.hibernate.loader.plan.build.internal.spaces.EntityQuerySpaceImpl@77cc6a28]
20:19:29.220 [main] DEBUG org.hibernate.loader.plan.build.internal.FetchStyleLoadPlanBuildingAssociationVisitationStrategy - Building LoadPlan...
20:19:29.220 [main] DEBUG org.hibernate.loader.plan.exec.internal.LoadQueryJoinAndFetchProcessor - processing queryspace <gen:0>
20:19:29.220 [main] DEBUG org.hibernate.loader.plan.build.spi.LoadPlanTreePrinter - LoadPlan(entity=io.swagger.model.PaymentItemType)
    - Returns
       - EntityReturnImpl(entity=io.swagger.model.PaymentItemType, querySpaceUid=<gen:0>, path=io.swagger.model.PaymentItemType)
          - EntityAttributeFetchImpl(entity=io.swagger.model.MoneyType, querySpaceUid=<gen:1>, path=io.swagger.model.PaymentItemType.amount)
          - EntityAttributeFetchImpl(entity=io.swagger.model.EntityRefType, querySpaceUid=<gen:2>, path=io.swagger.model.PaymentItemType.item)
          - EntityAttributeFetchImpl(entity=io.swagger.model.MoneyType, querySpaceUid=<gen:3>, path=io.swagger.model.PaymentItemType.taxAmount)
          - EntityAttributeFetchImpl(entity=io.swagger.model.MoneyType, querySpaceUid=<gen:4>, path=io.swagger.model.PaymentItemType.totalAmount)
    - QuerySpaces
       - EntityQuerySpaceImpl(uid=<gen:0>, entity=io.swagger.model.PaymentItemType)
          - SQL table alias mapping - paymentite0_
          - alias suffix - 0_
          - suffixed key columns - {id1_10_0_}

20:19:29.225 [main] DEBUG org.hibernate.loader.entity.plan.EntityLoader - Static select for entity io.swagger.model.PaymentItemType [UPGRADE_NOWAIT]: select paymentite0_.id as id1_10_0_, paymentite0_.amount_id as amount_i2_10_0_, paymentite0_.item_id as item_id3_10_0_, paymentite0_.taxAmount_id as taxAmoun4_10_0_, paymentite0_.totalAmount_id as totalAmo5_10_0_ from PaymentItemType paymentite0_ where paymentite0_.id=? for update
20:19:29.226 [main] DEBUG org.hibernate.loader.plan.build.internal.spaces.QuerySpacesImpl - Adding QuerySpace : uid = <gen:0> -> org.hibernate.loader.plan.build.internal.spaces.EntityQuerySpaceImpl@b339a08]
20:19:29.226 [main] DEBUG org.hibernate.persister.walking.spi.MetamodelGraphWalker - Visiting attribute path : amount
20:19:29.226 [main] DEBUG org.hibernate.loader.plan.build.internal.spaces.QuerySpacesImpl - Adding QuerySpace : uid = <gen:1> -> org.hibernate.loader.plan.build.internal.spaces.EntityQuerySpaceImpl@5a583720]
20:19:29.226 [main] DEBUG org.hibernate.persister.walking.spi.MetamodelGraphWalker - Visiting attribute path : item
20:19:29.226 [main] DEBUG org.hibernate.loader.plan.build.internal.spaces.QuerySpacesImpl - Adding QuerySpace : uid = <gen:2> -> org.hibernate.loader.plan.build.internal.spaces.EntityQuerySpaceImpl@4ed19b69]
20:19:29.226 [main] DEBUG org.hibernate.persister.walking.spi.MetamodelGraphWalker - Visiting attribute path : taxAmount
20:19:29.226 [main] DEBUG org.hibernate.loader.plan.build.internal.spaces.QuerySpacesImpl - Adding QuerySpace : uid = <gen:3> -> org.hibernate.loader.plan.build.internal.spaces.EntityQuerySpaceImpl@59a5bb61]
20:19:29.226 [main] DEBUG org.hibernate.persister.walking.spi.MetamodelGraphWalker - Visiting attribute path : totalAmount
20:19:29.226 [main] DEBUG org.hibernate.loader.plan.build.internal.spaces.QuerySpacesImpl - Adding QuerySpace : uid = <gen:4> -> org.hibernate.loader.plan.build.internal.spaces.EntityQuerySpaceImpl@6f65aa58]
20:19:29.226 [main] DEBUG org.hibernate.loader.plan.build.internal.FetchStyleLoadPlanBuildingAssociationVisitationStrategy - Building LoadPlan...
20:19:29.226 [main] DEBUG org.hibernate.loader.plan.exec.internal.LoadQueryJoinAndFetchProcessor - processing queryspace <gen:0>
20:19:29.227 [main] DEBUG org.hibernate.loader.plan.build.spi.LoadPlanTreePrinter - LoadPlan(entity=io.swagger.model.PaymentItemType)
    - Returns
       - EntityReturnImpl(entity=io.swagger.model.PaymentItemType, querySpaceUid=<gen:0>, path=io.swagger.model.PaymentItemType)
          - EntityAttributeFetchImpl(entity=io.swagger.model.MoneyType, querySpaceUid=<gen:1>, path=io.swagger.model.PaymentItemType.amount)
          - EntityAttributeFetchImpl(entity=io.swagger.model.EntityRefType, querySpaceUid=<gen:2>, path=io.swagger.model.PaymentItemType.item)
          - EntityAttributeFetchImpl(entity=io.swagger.model.MoneyType, querySpaceUid=<gen:3>, path=io.swagger.model.PaymentItemType.taxAmount)
          - EntityAttributeFetchImpl(entity=io.swagger.model.MoneyType, querySpaceUid=<gen:4>, path=io.swagger.model.PaymentItemType.totalAmount)
    - QuerySpaces
       - EntityQuerySpaceImpl(uid=<gen:0>, entity=io.swagger.model.PaymentItemType)
          - SQL table alias mapping - paymentite0_
          - alias suffix - 0_
          - suffixed key columns - {id1_10_0_}

20:19:29.227 [main] DEBUG org.hibernate.loader.entity.plan.EntityLoader - Static select for entity io.swagger.model.PaymentItemType [UPGRADE_SKIPLOCKED]: select paymentite0_.id as id1_10_0_, paymentite0_.amount_id as amount_i2_10_0_, paymentite0_.item_id as item_id3_10_0_, paymentite0_.taxAmount_id as taxAmoun4_10_0_, paymentite0_.totalAmount_id as totalAmo5_10_0_ from PaymentItemType paymentite0_ where paymentite0_.id=? for update
20:19:29.227 [main] DEBUG org.hibernate.loader.plan.build.internal.spaces.QuerySpacesImpl - Adding QuerySpace : uid = <gen:0> -> org.hibernate.loader.plan.build.internal.spaces.EntityQuerySpaceImpl@749f61a3]
20:19:29.227 [main] DEBUG org.hibernate.persister.walking.spi.MetamodelGraphWalker - Visiting attribute path : amount
20:19:29.227 [main] DEBUG org.hibernate.loader.plan.build.internal.spaces.QuerySpacesImpl - Adding QuerySpace : uid = <gen:1> -> org.hibernate.loader.plan.build.internal.spaces.EntityQuerySpaceImpl@42dd7d82]
20:19:29.227 [main] DEBUG org.hibernate.persister.walking.spi.MetamodelGraphWalker - Visiting attribute path : item
20:19:29.227 [main] DEBUG org.hibernate.loader.plan.build.internal.spaces.QuerySpacesImpl - Adding QuerySpace : uid = <gen:2> -> org.hibernate.loader.plan.build.internal.spaces.EntityQuerySpaceImpl@2838eb]
20:19:29.227 [main] DEBUG org.hibernate.persister.walking.spi.MetamodelGraphWalker - Visiting attribute path : taxAmount
20:19:29.227 [main] DEBUG org.hibernate.loader.plan.build.internal.spaces.QuerySpacesImpl - Adding QuerySpace : uid = <gen:3> -> org.hibernate.loader.plan.build.internal.spaces.EntityQuerySpaceImpl@fb5d334]
20:19:29.227 [main] DEBUG org.hibernate.persister.walking.spi.MetamodelGraphWalker - Visiting attribute path : totalAmount
20:19:29.227 [main] DEBUG org.hibernate.loader.plan.build.internal.spaces.QuerySpacesImpl - Adding QuerySpace : uid = <gen:4> -> org.hibernate.loader.plan.build.internal.spaces.EntityQuerySpaceImpl@45dc7be]
20:19:29.228 [main] DEBUG org.hibernate.loader.plan.build.internal.FetchStyleLoadPlanBuildingAssociationVisitationStrategy - Building LoadPlan...
20:19:29.228 [main] DEBUG org.hibernate.loader.plan.exec.internal.LoadQueryJoinAndFetchProcessor - processing queryspace <gen:0>
20:19:29.228 [main] DEBUG org.hibernate.loader.plan.build.spi.LoadPlanTreePrinter - LoadPlan(entity=io.swagger.model.PaymentItemType)
    - Returns
       - EntityReturnImpl(entity=io.swagger.model.PaymentItemType, querySpaceUid=<gen:0>, path=io.swagger.model.PaymentItemType)
          - EntityAttributeFetchImpl(entity=io.swagger.model.MoneyType, querySpaceUid=<gen:1>, path=io.swagger.model.PaymentItemType.amount)
          - EntityAttributeFetchImpl(entity=io.swagger.model.EntityRefType, querySpaceUid=<gen:2>, path=io.swagger.model.PaymentItemType.item)
          - EntityAttributeFetchImpl(entity=io.swagger.model.MoneyType, querySpaceUid=<gen:3>, path=io.swagger.model.PaymentItemType.taxAmount)
          - EntityAttributeFetchImpl(entity=io.swagger.model.MoneyType, querySpaceUid=<gen:4>, path=io.swagger.model.PaymentItemType.totalAmount)
    - QuerySpaces
       - EntityQuerySpaceImpl(uid=<gen:0>, entity=io.swagger.model.PaymentItemType)
          - SQL table alias mapping - paymentite0_
          - alias suffix - 0_
          - suffixed key columns - {id1_10_0_}

20:19:29.228 [main] DEBUG org.hibernate.loader.entity.plan.EntityLoader - Static select for entity io.swagger.model.PaymentItemType [FORCE]: select paymentite0_.id as id1_10_0_, paymentite0_.amount_id as amount_i2_10_0_, paymentite0_.item_id as item_id3_10_0_, paymentite0_.taxAmount_id as taxAmoun4_10_0_, paymentite0_.totalAmount_id as totalAmo5_10_0_ from PaymentItemType paymentite0_ where paymentite0_.id=? for update
20:19:29.228 [main] DEBUG org.hibernate.loader.plan.build.internal.spaces.QuerySpacesImpl - Adding QuerySpace : uid = <gen:0> -> org.hibernate.loader.plan.build.internal.spaces.EntityQuerySpaceImpl@2d459bda]
20:19:29.228 [main] DEBUG org.hibernate.persister.walking.spi.MetamodelGraphWalker - Visiting attribute path : amount
20:19:29.228 [main] DEBUG org.hibernate.loader.plan.build.internal.spaces.QuerySpacesImpl - Adding QuerySpace : uid = <gen:1> -> org.hibernate.loader.plan.build.internal.spaces.EntityQuerySpaceImpl@4d664323]
20:19:29.228 [main] DEBUG org.hibernate.persister.walking.spi.MetamodelGraphWalker - Visiting attribute path : item
20:19:29.228 [main] DEBUG org.hibernate.loader.plan.build.internal.spaces.QuerySpacesImpl - Adding QuerySpace : uid = <gen:2> -> org.hibernate.loader.plan.build.internal.spaces.EntityQuerySpaceImpl@27ec0d06]
20:19:29.229 [main] DEBUG org.hibernate.persister.walking.spi.MetamodelGraphWalker - Visiting attribute path : taxAmount
20:19:29.229 [main] DEBUG org.hibernate.loader.plan.build.internal.spaces.QuerySpacesImpl - Adding QuerySpace : uid = <gen:3> -> org.hibernate.loader.plan.build.internal.spaces.EntityQuerySpaceImpl@2676d96a]
20:19:29.229 [main] DEBUG org.hibernate.persister.walking.spi.MetamodelGraphWalker - Visiting attribute path : totalAmount
20:19:29.229 [main] DEBUG org.hibernate.loader.plan.build.internal.spaces.QuerySpacesImpl - Adding QuerySpace : uid = <gen:4> -> org.hibernate.loader.plan.build.internal.spaces.EntityQuerySpaceImpl@12266084]
20:19:29.229 [main] DEBUG org.hibernate.loader.plan.build.internal.FetchStyleLoadPlanBuildingAssociationVisitationStrategy - Building LoadPlan...
20:19:29.229 [main] DEBUG org.hibernate.loader.plan.exec.internal.LoadQueryJoinAndFetchProcessor - processing queryspace <gen:0>
20:19:29.229 [main] DEBUG org.hibernate.loader.plan.build.spi.LoadPlanTreePrinter - LoadPlan(entity=io.swagger.model.PaymentItemType)
    - Returns
       - EntityReturnImpl(entity=io.swagger.model.PaymentItemType, querySpaceUid=<gen:0>, path=io.swagger.model.PaymentItemType)
          - EntityAttributeFetchImpl(entity=io.swagger.model.MoneyType, querySpaceUid=<gen:1>, path=io.swagger.model.PaymentItemType.amount)
          - EntityAttributeFetchImpl(entity=io.swagger.model.EntityRefType, querySpaceUid=<gen:2>, path=io.swagger.model.PaymentItemType.item)
          - EntityAttributeFetchImpl(entity=io.swagger.model.MoneyType, querySpaceUid=<gen:3>, path=io.swagger.model.PaymentItemType.taxAmount)
          - EntityAttributeFetchImpl(entity=io.swagger.model.MoneyType, querySpaceUid=<gen:4>, path=io.swagger.model.PaymentItemType.totalAmount)
    - QuerySpaces
       - EntityQuerySpaceImpl(uid=<gen:0>, entity=io.swagger.model.PaymentItemType)
          - SQL table alias mapping - paymentite0_
          - alias suffix - 0_
          - suffixed key columns - {id1_10_0_}

20:19:29.229 [main] DEBUG org.hibernate.loader.entity.plan.EntityLoader - Static select for entity io.swagger.model.PaymentItemType [PESSIMISTIC_READ]: select paymentite0_.id as id1_10_0_, paymentite0_.amount_id as amount_i2_10_0_, paymentite0_.item_id as item_id3_10_0_, paymentite0_.taxAmount_id as taxAmoun4_10_0_, paymentite0_.totalAmount_id as totalAmo5_10_0_ from PaymentItemType paymentite0_ where paymentite0_.id=? lock in share mode
20:19:29.229 [main] DEBUG org.hibernate.loader.plan.build.internal.spaces.QuerySpacesImpl - Adding QuerySpace : uid = <gen:0> -> org.hibernate.loader.plan.build.internal.spaces.EntityQuerySpaceImpl@6da646b8]
20:19:29.229 [main] DEBUG org.hibernate.persister.walking.spi.MetamodelGraphWalker - Visiting attribute path : amount
20:19:29.230 [main] DEBUG org.hibernate.loader.plan.build.internal.spaces.QuerySpacesImpl - Adding QuerySpace : uid = <gen:1> -> org.hibernate.loader.plan.build.internal.spaces.EntityQuerySpaceImpl@3a48c398]
20:19:29.230 [main] DEBUG org.hibernate.persister.walking.spi.MetamodelGraphWalker - Visiting attribute path : item
20:19:29.230 [main] DEBUG org.hibernate.loader.plan.build.internal.spaces.QuerySpacesImpl - Adding QuerySpace : uid = <gen:2> -> org.hibernate.loader.plan.build.internal.spaces.EntityQuerySpaceImpl@1b4ba615]
20:19:29.230 [main] DEBUG org.hibernate.persister.walking.spi.MetamodelGraphWalker - Visiting attribute path : taxAmount
20:19:29.230 [main] DEBUG org.hibernate.loader.plan.build.internal.spaces.QuerySpacesImpl - Adding QuerySpace : uid = <gen:3> -> org.hibernate.loader.plan.build.internal.spaces.EntityQuerySpaceImpl@4407b042]
20:19:29.230 [main] DEBUG org.hibernate.persister.walking.spi.MetamodelGraphWalker - Visiting attribute path : totalAmount
20:19:29.230 [main] DEBUG org.hibernate.loader.plan.build.internal.spaces.QuerySpacesImpl - Adding QuerySpace : uid = <gen:4> -> org.hibernate.loader.plan.build.internal.spaces.EntityQuerySpaceImpl@41f686af]
20:19:29.230 [main] DEBUG org.hibernate.loader.plan.build.internal.FetchStyleLoadPlanBuildingAssociationVisitationStrategy - Building LoadPlan...
20:19:29.230 [main] DEBUG org.hibernate.loader.plan.exec.internal.LoadQueryJoinAndFetchProcessor - processing queryspace <gen:0>
20:19:29.230 [main] DEBUG org.hibernate.loader.plan.build.spi.LoadPlanTreePrinter - LoadPlan(entity=io.swagger.model.PaymentItemType)
    - Returns
       - EntityReturnImpl(entity=io.swagger.model.PaymentItemType, querySpaceUid=<gen:0>, path=io.swagger.model.PaymentItemType)
          - EntityAttributeFetchImpl(entity=io.swagger.model.MoneyType, querySpaceUid=<gen:1>, path=io.swagger.model.PaymentItemType.amount)
          - EntityAttributeFetchImpl(entity=io.swagger.model.EntityRefType, querySpaceUid=<gen:2>, path=io.swagger.model.PaymentItemType.item)
          - EntityAttributeFetchImpl(entity=io.swagger.model.MoneyType, querySpaceUid=<gen:3>, path=io.swagger.model.PaymentItemType.taxAmount)
          - EntityAttributeFetchImpl(entity=io.swagger.model.MoneyType, querySpaceUid=<gen:4>, path=io.swagger.model.PaymentItemType.totalAmount)
    - QuerySpaces
       - EntityQuerySpaceImpl(uid=<gen:0>, entity=io.swagger.model.PaymentItemType)
          - SQL table alias mapping - paymentite0_
          - alias suffix - 0_
          - suffixed key columns - {id1_10_0_}

20:19:29.231 [main] DEBUG org.hibernate.loader.entity.plan.EntityLoader - Static select for entity io.swagger.model.PaymentItemType [PESSIMISTIC_WRITE]: select paymentite0_.id as id1_10_0_, paymentite0_.amount_id as amount_i2_10_0_, paymentite0_.item_id as item_id3_10_0_, paymentite0_.taxAmount_id as taxAmoun4_10_0_, paymentite0_.totalAmount_id as totalAmo5_10_0_ from PaymentItemType paymentite0_ where paymentite0_.id=? for update
20:19:29.231 [main] DEBUG org.hibernate.loader.plan.build.internal.spaces.QuerySpacesImpl - Adding QuerySpace : uid = <gen:0> -> org.hibernate.loader.plan.build.internal.spaces.EntityQuerySpaceImpl@3dded90a]
20:19:29.231 [main] DEBUG org.hibernate.persister.walking.spi.MetamodelGraphWalker - Visiting attribute path : amount
20:19:29.231 [main] DEBUG org.hibernate.loader.plan.build.internal.spaces.QuerySpacesImpl - Adding QuerySpace : uid = <gen:1> -> org.hibernate.loader.plan.build.internal.spaces.EntityQuerySpaceImpl@29f8134]
20:19:29.231 [main] DEBUG org.hibernate.persister.walking.spi.MetamodelGraphWalker - Visiting attribute path : item
20:19:29.231 [main] DEBUG org.hibernate.loader.plan.build.internal.spaces.QuerySpacesImpl - Adding QuerySpace : uid = <gen:2> -> org.hibernate.loader.plan.build.internal.spaces.EntityQuerySpaceImpl@77a9ac36]
20:19:29.231 [main] DEBUG org.hibernate.persister.walking.spi.MetamodelGraphWalker - Visiting attribute path : taxAmount
20:19:29.231 [main] DEBUG org.hibernate.loader.plan.build.internal.spaces.QuerySpacesImpl - Adding QuerySpace : uid = <gen:3> -> org.hibernate.loader.plan.build.internal.spaces.EntityQuerySpaceImpl@3c743d40]
20:19:29.231 [main] DEBUG org.hibernate.persister.walking.spi.MetamodelGraphWalker - Visiting attribute path : totalAmount
20:19:29.231 [main] DEBUG org.hibernate.loader.plan.build.internal.spaces.QuerySpacesImpl - Adding QuerySpace : uid = <gen:4> -> org.hibernate.loader.plan.build.internal.spaces.EntityQuerySpaceImpl@5aac6f9f]
20:19:29.231 [main] DEBUG org.hibernate.loader.plan.build.internal.FetchStyleLoadPlanBuildingAssociationVisitationStrategy - Building LoadPlan...
20:19:29.231 [main] DEBUG org.hibernate.loader.plan.exec.internal.LoadQueryJoinAndFetchProcessor - processing queryspace <gen:0>
20:19:29.232 [main] DEBUG org.hibernate.loader.plan.build.spi.LoadPlanTreePrinter - LoadPlan(entity=io.swagger.model.PaymentItemType)
    - Returns
       - EntityReturnImpl(entity=io.swagger.model.PaymentItemType, querySpaceUid=<gen:0>, path=io.swagger.model.PaymentItemType)
          - EntityAttributeFetchImpl(entity=io.swagger.model.MoneyType, querySpaceUid=<gen:1>, path=io.swagger.model.PaymentItemType.amount)
          - EntityAttributeFetchImpl(entity=io.swagger.model.EntityRefType, querySpaceUid=<gen:2>, path=io.swagger.model.PaymentItemType.item)
          - EntityAttributeFetchImpl(entity=io.swagger.model.MoneyType, querySpaceUid=<gen:3>, path=io.swagger.model.PaymentItemType.taxAmount)
          - EntityAttributeFetchImpl(entity=io.swagger.model.MoneyType, querySpaceUid=<gen:4>, path=io.swagger.model.PaymentItemType.totalAmount)
    - QuerySpaces
       - EntityQuerySpaceImpl(uid=<gen:0>, entity=io.swagger.model.PaymentItemType)
          - SQL table alias mapping - paymentite0_
          - alias suffix - 0_
          - suffixed key columns - {id1_10_0_}

20:19:29.232 [main] DEBUG org.hibernate.loader.entity.plan.EntityLoader - Static select for entity io.swagger.model.PaymentItemType [PESSIMISTIC_FORCE_INCREMENT]: select paymentite0_.id as id1_10_0_, paymentite0_.amount_id as amount_i2_10_0_, paymentite0_.item_id as item_id3_10_0_, paymentite0_.taxAmount_id as taxAmoun4_10_0_, paymentite0_.totalAmount_id as totalAmo5_10_0_ from PaymentItemType paymentite0_ where paymentite0_.id=? for update
20:19:29.232 [main] DEBUG org.hibernate.loader.plan.build.internal.spaces.QuerySpacesImpl - Adding QuerySpace : uid = <gen:0> -> org.hibernate.loader.plan.build.internal.spaces.EntityQuerySpaceImpl@2444c3df]
20:19:29.232 [main] DEBUG org.hibernate.persister.walking.spi.MetamodelGraphWalker - Visiting attribute path : amount
20:19:29.232 [main] DEBUG org.hibernate.loader.plan.build.internal.spaces.QuerySpacesImpl - Adding QuerySpace : uid = <gen:1> -> org.hibernate.loader.plan.build.internal.spaces.EntityQuerySpaceImpl@335b3d6]
20:19:29.232 [main] DEBUG org.hibernate.persister.walking.spi.MetamodelGraphWalker - Visiting attribute path : item
20:19:29.232 [main] DEBUG org.hibernate.loader.plan.build.internal.spaces.QuerySpacesImpl - Adding QuerySpace : uid = <gen:2> -> org.hibernate.loader.plan.build.internal.spaces.EntityQuerySpaceImpl@3a5ce4b8]
20:19:29.232 [main] DEBUG org.hibernate.persister.walking.spi.MetamodelGraphWalker - Visiting attribute path : taxAmount
20:19:29.232 [main] DEBUG org.hibernate.loader.plan.build.internal.spaces.QuerySpacesImpl - Adding QuerySpace : uid = <gen:3> -> org.hibernate.loader.plan.build.internal.spaces.EntityQuerySpaceImpl@38848217]
20:19:29.232 [main] DEBUG org.hibernate.persister.walking.spi.MetamodelGraphWalker - Visiting attribute path : totalAmount
20:19:29.232 [main] DEBUG org.hibernate.loader.plan.build.internal.spaces.QuerySpacesImpl - Adding QuerySpace : uid = <gen:4> -> org.hibernate.loader.plan.build.internal.spaces.EntityQuerySpaceImpl@1607d391]
20:19:29.232 [main] DEBUG org.hibernate.loader.plan.build.internal.FetchStyleLoadPlanBuildingAssociationVisitationStrategy - Building LoadPlan...
20:19:29.232 [main] DEBUG org.hibernate.loader.plan.exec.internal.LoadQueryJoinAndFetchProcessor - processing queryspace <gen:0>
20:19:29.233 [main] DEBUG org.hibernate.loader.plan.build.spi.LoadPlanTreePrinter - LoadPlan(entity=io.swagger.model.PaymentItemType)
    - Returns
       - EntityReturnImpl(entity=io.swagger.model.PaymentItemType, querySpaceUid=<gen:0>, path=io.swagger.model.PaymentItemType)
          - EntityAttributeFetchImpl(entity=io.swagger.model.MoneyType, querySpaceUid=<gen:1>, path=io.swagger.model.PaymentItemType.amount)
          - EntityAttributeFetchImpl(entity=io.swagger.model.EntityRefType, querySpaceUid=<gen:2>, path=io.swagger.model.PaymentItemType.item)
          - EntityAttributeFetchImpl(entity=io.swagger.model.MoneyType, querySpaceUid=<gen:3>, path=io.swagger.model.PaymentItemType.taxAmount)
          - EntityAttributeFetchImpl(entity=io.swagger.model.MoneyType, querySpaceUid=<gen:4>, path=io.swagger.model.PaymentItemType.totalAmount)
    - QuerySpaces
       - EntityQuerySpaceImpl(uid=<gen:0>, entity=io.swagger.model.PaymentItemType)
          - SQL table alias mapping - paymentite0_
          - alias suffix - 0_
          - suffixed key columns - {id1_10_0_}

20:19:29.233 [main] DEBUG org.hibernate.loader.entity.plan.EntityLoader - Static select for entity io.swagger.model.PaymentItemType [OPTIMISTIC]: select paymentite0_.id as id1_10_0_, paymentite0_.amount_id as amount_i2_10_0_, paymentite0_.item_id as item_id3_10_0_, paymentite0_.taxAmount_id as taxAmoun4_10_0_, paymentite0_.totalAmount_id as totalAmo5_10_0_ from PaymentItemType paymentite0_ where paymentite0_.id=?
20:19:29.233 [main] DEBUG org.hibernate.loader.plan.build.internal.spaces.QuerySpacesImpl - Adding QuerySpace : uid = <gen:0> -> org.hibernate.loader.plan.build.internal.spaces.EntityQuerySpaceImpl@38826984]
20:19:29.233 [main] DEBUG org.hibernate.persister.walking.spi.MetamodelGraphWalker - Visiting attribute path : amount
20:19:29.233 [main] DEBUG org.hibernate.loader.plan.build.internal.spaces.QuerySpacesImpl - Adding QuerySpace : uid = <gen:1> -> org.hibernate.loader.plan.build.internal.spaces.EntityQuerySpaceImpl@792e8181]
20:19:29.233 [main] DEBUG org.hibernate.persister.walking.spi.MetamodelGraphWalker - Visiting attribute path : item
20:19:29.233 [main] DEBUG org.hibernate.loader.plan.build.internal.spaces.QuerySpacesImpl - Adding QuerySpace : uid = <gen:2> -> org.hibernate.loader.plan.build.internal.spaces.EntityQuerySpaceImpl@511d5e6e]
20:19:29.233 [main] DEBUG org.hibernate.persister.walking.spi.MetamodelGraphWalker - Visiting attribute path : taxAmount
20:19:29.233 [main] DEBUG org.hibernate.loader.plan.build.internal.spaces.QuerySpacesImpl - Adding QuerySpace : uid = <gen:3> -> org.hibernate.loader.plan.build.internal.spaces.EntityQuerySpaceImpl@7a78d380]
20:19:29.233 [main] DEBUG org.hibernate.persister.walking.spi.MetamodelGraphWalker - Visiting attribute path : totalAmount
20:19:29.233 [main] DEBUG org.hibernate.loader.plan.build.internal.spaces.QuerySpacesImpl - Adding QuerySpace : uid = <gen:4> -> org.hibernate.loader.plan.build.internal.spaces.EntityQuerySpaceImpl@2e1291a4]
20:19:29.234 [main] DEBUG org.hibernate.loader.plan.build.internal.FetchStyleLoadPlanBuildingAssociationVisitationStrategy - Building LoadPlan...
20:19:29.234 [main] DEBUG org.hibernate.loader.plan.exec.internal.LoadQueryJoinAndFetchProcessor - processing queryspace <gen:0>
20:19:29.234 [main] DEBUG org.hibernate.loader.plan.build.spi.LoadPlanTreePrinter - LoadPlan(entity=io.swagger.model.PaymentItemType)
    - Returns
       - EntityReturnImpl(entity=io.swagger.model.PaymentItemType, querySpaceUid=<gen:0>, path=io.swagger.model.PaymentItemType)
          - EntityAttributeFetchImpl(entity=io.swagger.model.MoneyType, querySpaceUid=<gen:1>, path=io.swagger.model.PaymentItemType.amount)
          - EntityAttributeFetchImpl(entity=io.swagger.model.EntityRefType, querySpaceUid=<gen:2>, path=io.swagger.model.PaymentItemType.item)
          - EntityAttributeFetchImpl(entity=io.swagger.model.MoneyType, querySpaceUid=<gen:3>, path=io.swagger.model.PaymentItemType.taxAmount)
          - EntityAttributeFetchImpl(entity=io.swagger.model.MoneyType, querySpaceUid=<gen:4>, path=io.swagger.model.PaymentItemType.totalAmount)
    - QuerySpaces
       - EntityQuerySpaceImpl(uid=<gen:0>, entity=io.swagger.model.PaymentItemType)
          - SQL table alias mapping - paymentite0_
          - alias suffix - 0_
          - suffixed key columns - {id1_10_0_}

20:19:29.234 [main] DEBUG org.hibernate.loader.entity.plan.EntityLoader - Static select for entity io.swagger.model.PaymentItemType [OPTIMISTIC_FORCE_INCREMENT]: select paymentite0_.id as id1_10_0_, paymentite0_.amount_id as amount_i2_10_0_, paymentite0_.item_id as item_id3_10_0_, paymentite0_.taxAmount_id as taxAmoun4_10_0_, paymentite0_.totalAmount_id as totalAmo5_10_0_ from PaymentItemType paymentite0_ where paymentite0_.id=?
20:19:29.235 [main] DEBUG org.hibernate.loader.Loader - Static select for action ACTION_MERGE on entity io.swagger.model.PaymentItemType: select paymentite0_.id as id1_10_0_, paymentite0_.amount_id as amount_i2_10_0_, paymentite0_.item_id as item_id3_10_0_, paymentite0_.taxAmount_id as taxAmoun4_10_0_, paymentite0_.totalAmount_id as totalAmo5_10_0_ from PaymentItemType paymentite0_ where paymentite0_.id=?
20:19:29.235 [main] DEBUG org.hibernate.loader.Loader - Static select for action ACTION_REFRESH on entity io.swagger.model.PaymentItemType: select paymentite0_.id as id1_10_0_, paymentite0_.amount_id as amount_i2_10_0_, paymentite0_.item_id as item_id3_10_0_, paymentite0_.taxAmount_id as taxAmoun4_10_0_, paymentite0_.totalAmount_id as totalAmo5_10_0_ from PaymentItemType paymentite0_ where paymentite0_.id=?
20:19:29.235 [main] DEBUG org.hibernate.persister.entity.AbstractEntityPersister - Static SQL for entity: io.swagger.model.PaymentType
20:19:29.235 [main] DEBUG org.hibernate.persister.entity.AbstractEntityPersister -  Version select: select id from PaymentType where id =?
20:19:29.235 [main] DEBUG org.hibernate.persister.entity.AbstractEntityPersister -  Snapshot select: select paymenttyp_.id, paymenttyp_.account_id as account10_14_, paymenttyp_.amount_id as amount_11_14_, paymenttyp_.authorizationCode as authoriz2_14_, paymenttyp_.channel_id as channel12_14_, paymenttyp_.correlatorId as correlat3_14_, paymenttyp_.description as descript4_14_, paymenttyp_.href as href5_14_, paymenttyp_.name as name6_14_, paymenttyp_.payer_id as payer_i13_14_, paymenttyp_.paymentDate as paymentD7_14_, paymenttyp_.status as status8_14_, paymenttyp_.statusDate as statusDa9_14_, paymenttyp_.taxAmount_id as taxAmou14_14_, paymenttyp_.totalAmount_id as totalAm15_14_ from PaymentType paymenttyp_ where paymenttyp_.id=?
20:19:29.235 [main] DEBUG org.hibernate.persister.entity.AbstractEntityPersister -  Insert 0: insert into PaymentType (account_id, amount_id, authorizationCode, channel_id, correlatorId, description, href, name, payer_id, paymentDate, status, statusDate, taxAmount_id, totalAmount_id, id) values (?, ?, ?, ?, ?, ?, ?, ?, ?, ?, ?, ?, ?, ?, ?)
20:19:29.235 [main] DEBUG org.hibernate.persister.entity.AbstractEntityPersister -  Update 0: update PaymentType set account_id=?, amount_id=?, authorizationCode=?, channel_id=?, correlatorId=?, description=?, href=?, name=?, payer_id=?, paymentDate=?, status=?, statusDate=?, taxAmount_id=?, totalAmount_id=? where id=?
20:19:29.235 [main] DEBUG org.hibernate.persister.entity.AbstractEntityPersister -  Delete 0: delete from PaymentType where id=?
20:19:29.235 [main] DEBUG org.hibernate.loader.plan.build.internal.spaces.QuerySpacesImpl - Adding QuerySpace : uid = <gen:0> -> org.hibernate.loader.plan.build.internal.spaces.EntityQuerySpaceImpl@23bd2f6e]
20:19:29.236 [main] DEBUG org.hibernate.persister.walking.spi.MetamodelGraphWalker - Visiting attribute path : account
20:19:29.236 [main] DEBUG org.hibernate.loader.plan.build.internal.spaces.QuerySpacesImpl - Adding QuerySpace : uid = <gen:1> -> org.hibernate.loader.plan.build.internal.spaces.EntityQuerySpaceImpl@2430cf17]
20:19:29.236 [main] DEBUG org.hibernate.persister.walking.spi.MetamodelGraphWalker - Visiting attribute path : account.description
20:19:29.236 [main] DEBUG org.hibernate.persister.walking.spi.MetamodelGraphWalker - Visiting attribute path : account.href
20:19:29.236 [main] DEBUG org.hibernate.persister.walking.spi.MetamodelGraphWalker - Visiting attribute path : account.name
20:19:29.236 [main] DEBUG org.hibernate.persister.walking.spi.MetamodelGraphWalker - Visiting attribute path : amount
20:19:29.236 [main] DEBUG org.hibernate.loader.plan.build.internal.spaces.QuerySpacesImpl - Adding QuerySpace : uid = <gen:2> -> org.hibernate.loader.plan.build.internal.spaces.EntityQuerySpaceImpl@54997f67]
20:19:29.236 [main] DEBUG org.hibernate.persister.walking.spi.MetamodelGraphWalker - Visiting attribute path : amount.amount
20:19:29.236 [main] DEBUG org.hibernate.persister.walking.spi.MetamodelGraphWalker - Visiting attribute path : amount.units
20:19:29.236 [main] DEBUG org.hibernate.persister.walking.spi.MetamodelGraphWalker - Visiting attribute path : authorizationCode
20:19:29.236 [main] DEBUG org.hibernate.persister.walking.spi.MetamodelGraphWalker - Visiting attribute path : channel
20:19:29.236 [main] DEBUG org.hibernate.loader.plan.build.internal.spaces.QuerySpacesImpl - Adding QuerySpace : uid = <gen:3> -> org.hibernate.loader.plan.build.internal.spaces.EntityQuerySpaceImpl@299eca90]
20:19:29.236 [main] DEBUG org.hibernate.persister.walking.spi.MetamodelGraphWalker - Visiting attribute path : channel.description
20:19:29.236 [main] DEBUG org.hibernate.persister.walking.spi.MetamodelGraphWalker - Visiting attribute path : channel.href
20:19:29.236 [main] DEBUG org.hibernate.persister.walking.spi.MetamodelGraphWalker - Visiting attribute path : channel.name
20:19:29.236 [main] DEBUG org.hibernate.persister.walking.spi.MetamodelGraphWalker - Visiting attribute path : correlatorId
20:19:29.236 [main] DEBUG org.hibernate.persister.walking.spi.MetamodelGraphWalker - Visiting attribute path : description
20:19:29.236 [main] DEBUG org.hibernate.persister.walking.spi.MetamodelGraphWalker - Visiting attribute path : href
20:19:29.237 [main] DEBUG org.hibernate.persister.walking.spi.MetamodelGraphWalker - Visiting attribute path : name
20:19:29.237 [main] DEBUG org.hibernate.persister.walking.spi.MetamodelGraphWalker - Visiting attribute path : payer
20:19:29.237 [main] DEBUG org.hibernate.loader.plan.build.internal.spaces.QuerySpacesImpl - Adding QuerySpace : uid = <gen:4> -> org.hibernate.loader.plan.build.internal.spaces.EntityQuerySpaceImpl@76b05c0]
20:19:29.237 [main] DEBUG org.hibernate.persister.walking.spi.MetamodelGraphWalker - Visiting attribute path : payer.href
20:19:29.237 [main] DEBUG org.hibernate.persister.walking.spi.MetamodelGraphWalker - Visiting attribute path : payer.name
20:19:29.237 [main] DEBUG org.hibernate.persister.walking.spi.MetamodelGraphWalker - Visiting attribute path : payer.role
20:19:29.237 [main] DEBUG org.hibernate.persister.walking.spi.MetamodelGraphWalker - Visiting attribute path : paymentDate
20:19:29.237 [main] DEBUG org.hibernate.persister.walking.spi.MetamodelGraphWalker - Visiting attribute path : paymentItem
20:19:29.237 [main] DEBUG org.hibernate.loader.plan.build.internal.spaces.QuerySpacesImpl - Adding QuerySpace : uid = <gen:5> -> org.hibernate.loader.plan.build.internal.spaces.CollectionQuerySpaceImpl@7402c49f]
20:19:29.237 [main] DEBUG org.hibernate.loader.plan.build.internal.spaces.QuerySpacesImpl - Adding QuerySpace : uid = <gen:6> -> org.hibernate.loader.plan.build.internal.spaces.EntityQuerySpaceImpl@5d22604e]
20:19:29.237 [main] DEBUG org.hibernate.persister.walking.spi.MetamodelGraphWalker - Visiting attribute path : paymentMethod
20:19:29.237 [main] DEBUG org.hibernate.loader.plan.build.internal.spaces.QuerySpacesImpl - Adding QuerySpace : uid = <gen:7> -> org.hibernate.loader.plan.build.internal.spaces.CollectionQuerySpaceImpl@2382b2f]
20:19:29.237 [main] DEBUG org.hibernate.loader.plan.build.internal.spaces.QuerySpacesImpl - Adding QuerySpace : uid = <gen:8> -> org.hibernate.loader.plan.build.internal.spaces.EntityQuerySpaceImpl@13374ca6]
20:19:29.237 [main] DEBUG org.hibernate.persister.walking.spi.MetamodelGraphWalker - Visiting attribute path : status
20:19:29.237 [main] DEBUG org.hibernate.persister.walking.spi.MetamodelGraphWalker - Visiting attribute path : statusDate
20:19:29.237 [main] DEBUG org.hibernate.persister.walking.spi.MetamodelGraphWalker - Visiting attribute path : taxAmount
20:19:29.237 [main] DEBUG org.hibernate.loader.plan.build.internal.spaces.QuerySpacesImpl - Adding QuerySpace : uid = <gen:9> -> org.hibernate.loader.plan.build.internal.spaces.EntityQuerySpaceImpl@71734463]
20:19:29.237 [main] DEBUG org.hibernate.persister.walking.spi.MetamodelGraphWalker - Visiting attribute path : taxAmount.amount
20:19:29.238 [main] DEBUG org.hibernate.persister.walking.spi.MetamodelGraphWalker - Visiting attribute path : taxAmount.units
20:19:29.238 [main] DEBUG org.hibernate.persister.walking.spi.MetamodelGraphWalker - Visiting attribute path : totalAmount
20:19:29.238 [main] DEBUG org.hibernate.loader.plan.build.internal.spaces.QuerySpacesImpl - Adding QuerySpace : uid = <gen:10> -> org.hibernate.loader.plan.build.internal.spaces.EntityQuerySpaceImpl@7cbf4f8c]
20:19:29.238 [main] DEBUG org.hibernate.persister.walking.spi.MetamodelGraphWalker - Visiting attribute path : totalAmount.amount
20:19:29.238 [main] DEBUG org.hibernate.persister.walking.spi.MetamodelGraphWalker - Visiting attribute path : totalAmount.units
20:19:29.238 [main] DEBUG org.hibernate.loader.plan.build.internal.FetchStyleLoadPlanBuildingAssociationVisitationStrategy - Building LoadPlan...
20:19:29.238 [main] DEBUG org.hibernate.loader.plan.exec.internal.LoadQueryJoinAndFetchProcessor - processing queryspace <gen:0>
20:19:29.239 [main] DEBUG org.hibernate.loader.plan.build.spi.LoadPlanTreePrinter - LoadPlan(entity=io.swagger.model.PaymentType)
    - Returns
       - EntityReturnImpl(entity=io.swagger.model.PaymentType, querySpaceUid=<gen:0>, path=io.swagger.model.PaymentType)
          - EntityAttributeFetchImpl(entity=io.swagger.model.AccountRefType, querySpaceUid=<gen:1>, path=io.swagger.model.PaymentType.account)
          - EntityAttributeFetchImpl(entity=io.swagger.model.MoneyType, querySpaceUid=<gen:2>, path=io.swagger.model.PaymentType.amount)
          - EntityAttributeFetchImpl(entity=io.swagger.model.ChannelRefType, querySpaceUid=<gen:3>, path=io.swagger.model.PaymentType.channel)
          - EntityAttributeFetchImpl(entity=io.swagger.model.RelatedPartyRefType, querySpaceUid=<gen:4>, path=io.swagger.model.PaymentType.payer)
          - CollectionAttributeFetchImpl(collection=io.swagger.model.PaymentType.paymentItem, querySpaceUid=<gen:5>, path=io.swagger.model.PaymentType.paymentItem)
             - (collection element) CollectionFetchableElementEntityGraph(entity=io.swagger.model.PaymentItemType, querySpaceUid=<gen:6>, path=io.swagger.model.PaymentType.paymentItem.<elements>)
          - CollectionAttributeFetchImpl(collection=io.swagger.model.PaymentType.paymentMethod, querySpaceUid=<gen:7>, path=io.swagger.model.PaymentType.paymentMethod)
             - (collection element) CollectionFetchableElementEntityGraph(entity=io.swagger.model.PaymentMethodType, querySpaceUid=<gen:8>, path=io.swagger.model.PaymentType.paymentMethod.<elements>)
          - EntityAttributeFetchImpl(entity=io.swagger.model.MoneyType, querySpaceUid=<gen:9>, path=io.swagger.model.PaymentType.taxAmount)
          - EntityAttributeFetchImpl(entity=io.swagger.model.MoneyType, querySpaceUid=<gen:10>, path=io.swagger.model.PaymentType.totalAmount)
    - QuerySpaces
       - EntityQuerySpaceImpl(uid=<gen:0>, entity=io.swagger.model.PaymentType)
          - SQL table alias mapping - paymenttyp0_
          - alias suffix - 0_
          - suffixed key columns - {id1_14_0_}
          - JOIN (JoinDefinedByMetadata(account)) : <gen:0> -> <gen:1>
             - EntityQuerySpaceImpl(uid=<gen:1>, entity=io.swagger.model.AccountRefType)
                - SQL table alias mapping - accountref1_
                - alias suffix - 1_
                - suffixed key columns - {id1_0_1_}
          - JOIN (JoinDefinedByMetadata(amount)) : <gen:0> -> <gen:2>
             - EntityQuerySpaceImpl(uid=<gen:2>, entity=io.swagger.model.MoneyType)
                - SQL table alias mapping - moneytype2_
                - alias suffix - 2_
                - suffixed key columns - {id1_9_2_}
          - JOIN (JoinDefinedByMetadata(channel)) : <gen:0> -> <gen:3>
             - EntityQuerySpaceImpl(uid=<gen:3>, entity=io.swagger.model.ChannelRefType)
                - SQL table alias mapping - channelref3_
                - alias suffix - 3_
                - suffixed key columns - {id1_5_3_}
          - JOIN (JoinDefinedByMetadata(payer)) : <gen:0> -> <gen:4>
             - EntityQuerySpaceImpl(uid=<gen:4>, entity=io.swagger.model.RelatedPartyRefType)
                - SQL table alias mapping - relatedpar4_
                - alias suffix - 4_
                - suffixed key columns - {id1_22_4_}
          - JOIN (JoinDefinedByMetadata(taxAmount)) : <gen:0> -> <gen:9>
             - EntityQuerySpaceImpl(uid=<gen:9>, entity=io.swagger.model.MoneyType)
                - SQL table alias mapping - moneytype5_
                - alias suffix - 5_
                - suffixed key columns - {id1_9_5_}
          - JOIN (JoinDefinedByMetadata(totalAmount)) : <gen:0> -> <gen:10>
             - EntityQuerySpaceImpl(uid=<gen:10>, entity=io.swagger.model.MoneyType)
                - SQL table alias mapping - moneytype6_
                - alias suffix - 6_
                - suffixed key columns - {id1_9_6_}

20:19:29.240 [main] DEBUG org.hibernate.loader.entity.plan.EntityLoader - Static select for entity io.swagger.model.PaymentType [NONE]: select paymenttyp0_.id as id1_14_0_, paymenttyp0_.account_id as account10_14_0_, paymenttyp0_.amount_id as amount_11_14_0_, paymenttyp0_.authorizationCode as authoriz2_14_0_, paymenttyp0_.channel_id as channel12_14_0_, paymenttyp0_.correlatorId as correlat3_14_0_, paymenttyp0_.description as descript4_14_0_, paymenttyp0_.href as href5_14_0_, paymenttyp0_.name as name6_14_0_, paymenttyp0_.payer_id as payer_i13_14_0_, paymenttyp0_.paymentDate as paymentD7_14_0_, paymenttyp0_.status as status8_14_0_, paymenttyp0_.statusDate as statusDa9_14_0_, paymenttyp0_.taxAmount_id as taxAmou14_14_0_, paymenttyp0_.totalAmount_id as totalAm15_14_0_, accountref1_.id as id1_0_1_, accountref1_.description as descript2_0_1_, accountref1_.href as href3_0_1_, accountref1_.name as name4_0_1_, moneytype2_.id as id1_9_2_, moneytype2_.amount as amount2_9_2_, moneytype2_.units as units3_9_2_, channelref3_.id as id1_5_3_, channelref3_.description as descript2_5_3_, channelref3_.href as href3_5_3_, channelref3_.name as name4_5_3_, relatedpar4_.id as id1_22_4_, relatedpar4_.href as href2_22_4_, relatedpar4_.name as name3_22_4_, relatedpar4_.role as role4_22_4_, moneytype5_.id as id1_9_5_, moneytype5_.amount as amount2_9_5_, moneytype5_.units as units3_9_5_, moneytype6_.id as id1_9_6_, moneytype6_.amount as amount2_9_6_, moneytype6_.units as units3_9_6_ from PaymentType paymenttyp0_ left outer join AccountRefType accountref1_ on paymenttyp0_.account_id=accountref1_.id left outer join MoneyType moneytype2_ on paymenttyp0_.amount_id=moneytype2_.id left outer join ChannelRefType channelref3_ on paymenttyp0_.channel_id=channelref3_.id left outer join RelatedPartyRefType relatedpar4_ on paymenttyp0_.payer_id=relatedpar4_.id left outer join MoneyType moneytype5_ on paymenttyp0_.taxAmount_id=moneytype5_.id inner join MoneyType moneytype6_ on paymenttyp0_.totalAmount_id=moneytype6_.id where paymenttyp0_.id=?
20:19:29.240 [main] DEBUG org.hibernate.loader.plan.build.internal.spaces.QuerySpacesImpl - Adding QuerySpace : uid = <gen:0> -> org.hibernate.loader.plan.build.internal.spaces.EntityQuerySpaceImpl@3eff6846]
20:19:29.240 [main] DEBUG org.hibernate.persister.walking.spi.MetamodelGraphWalker - Visiting attribute path : account
20:19:29.240 [main] DEBUG org.hibernate.loader.plan.build.internal.spaces.QuerySpacesImpl - Adding QuerySpace : uid = <gen:1> -> org.hibernate.loader.plan.build.internal.spaces.EntityQuerySpaceImpl@6ca33187]
20:19:29.240 [main] DEBUG org.hibernate.persister.walking.spi.MetamodelGraphWalker - Visiting attribute path : account.description
20:19:29.240 [main] DEBUG org.hibernate.persister.walking.spi.MetamodelGraphWalker - Visiting attribute path : account.href
20:19:29.240 [main] DEBUG org.hibernate.persister.walking.spi.MetamodelGraphWalker - Visiting attribute path : account.name
20:19:29.240 [main] DEBUG org.hibernate.persister.walking.spi.MetamodelGraphWalker - Visiting attribute path : amount
20:19:29.240 [main] DEBUG org.hibernate.loader.plan.build.internal.spaces.QuerySpacesImpl - Adding QuerySpace : uid = <gen:2> -> org.hibernate.loader.plan.build.internal.spaces.EntityQuerySpaceImpl@5f1f0ee6]
20:19:29.240 [main] DEBUG org.hibernate.persister.walking.spi.MetamodelGraphWalker - Visiting attribute path : amount.amount
20:19:29.240 [main] DEBUG org.hibernate.persister.walking.spi.MetamodelGraphWalker - Visiting attribute path : amount.units
20:19:29.240 [main] DEBUG org.hibernate.persister.walking.spi.MetamodelGraphWalker - Visiting attribute path : authorizationCode
20:19:29.240 [main] DEBUG org.hibernate.persister.walking.spi.MetamodelGraphWalker - Visiting attribute path : channel
20:19:29.240 [main] DEBUG org.hibernate.loader.plan.build.internal.spaces.QuerySpacesImpl - Adding QuerySpace : uid = <gen:3> -> org.hibernate.loader.plan.build.internal.spaces.EntityQuerySpaceImpl@76fc5687]
20:19:29.241 [main] DEBUG org.hibernate.persister.walking.spi.MetamodelGraphWalker - Visiting attribute path : channel.description
20:19:29.241 [main] DEBUG org.hibernate.persister.walking.spi.MetamodelGraphWalker - Visiting attribute path : channel.href
20:19:29.241 [main] DEBUG org.hibernate.persister.walking.spi.MetamodelGraphWalker - Visiting attribute path : channel.name
20:19:29.241 [main] DEBUG org.hibernate.persister.walking.spi.MetamodelGraphWalker - Visiting attribute path : correlatorId
20:19:29.241 [main] DEBUG org.hibernate.persister.walking.spi.MetamodelGraphWalker - Visiting attribute path : description
20:19:29.241 [main] DEBUG org.hibernate.persister.walking.spi.MetamodelGraphWalker - Visiting attribute path : href
20:19:29.241 [main] DEBUG org.hibernate.persister.walking.spi.MetamodelGraphWalker - Visiting attribute path : name
20:19:29.241 [main] DEBUG org.hibernate.persister.walking.spi.MetamodelGraphWalker - Visiting attribute path : payer
20:19:29.241 [main] DEBUG org.hibernate.loader.plan.build.internal.spaces.QuerySpacesImpl - Adding QuerySpace : uid = <gen:4> -> org.hibernate.loader.plan.build.internal.spaces.EntityQuerySpaceImpl@7434ee13]
20:19:29.241 [main] DEBUG org.hibernate.persister.walking.spi.MetamodelGraphWalker - Visiting attribute path : payer.href
20:19:29.241 [main] DEBUG org.hibernate.persister.walking.spi.MetamodelGraphWalker - Visiting attribute path : payer.name
20:19:29.241 [main] DEBUG org.hibernate.persister.walking.spi.MetamodelGraphWalker - Visiting attribute path : payer.role
20:19:29.241 [main] DEBUG org.hibernate.persister.walking.spi.MetamodelGraphWalker - Visiting attribute path : paymentDate
20:19:29.241 [main] DEBUG org.hibernate.persister.walking.spi.MetamodelGraphWalker - Visiting attribute path : paymentItem
20:19:29.241 [main] DEBUG org.hibernate.loader.plan.build.internal.spaces.QuerySpacesImpl - Adding QuerySpace : uid = <gen:5> -> org.hibernate.loader.plan.build.internal.spaces.CollectionQuerySpaceImpl@50fd739d]
20:19:29.241 [main] DEBUG org.hibernate.loader.plan.build.internal.spaces.QuerySpacesImpl - Adding QuerySpace : uid = <gen:6> -> org.hibernate.loader.plan.build.internal.spaces.EntityQuerySpaceImpl@5e1d1524]
20:19:29.241 [main] DEBUG org.hibernate.persister.walking.spi.MetamodelGraphWalker - Visiting attribute path : paymentMethod
20:19:29.241 [main] DEBUG org.hibernate.loader.plan.build.internal.spaces.QuerySpacesImpl - Adding QuerySpace : uid = <gen:7> -> org.hibernate.loader.plan.build.internal.spaces.CollectionQuerySpaceImpl@d0a2c82]
20:19:29.241 [main] DEBUG org.hibernate.loader.plan.build.internal.spaces.QuerySpacesImpl - Adding QuerySpace : uid = <gen:8> -> org.hibernate.loader.plan.build.internal.spaces.EntityQuerySpaceImpl@430aae8e]
20:19:29.241 [main] DEBUG org.hibernate.persister.walking.spi.MetamodelGraphWalker - Visiting attribute path : status
20:19:29.241 [main] DEBUG org.hibernate.persister.walking.spi.MetamodelGraphWalker - Visiting attribute path : statusDate
20:19:29.241 [main] DEBUG org.hibernate.persister.walking.spi.MetamodelGraphWalker - Visiting attribute path : taxAmount
20:19:29.242 [main] DEBUG org.hibernate.loader.plan.build.internal.spaces.QuerySpacesImpl - Adding QuerySpace : uid = <gen:9> -> org.hibernate.loader.plan.build.internal.spaces.EntityQuerySpaceImpl@78504ce9]
20:19:29.242 [main] DEBUG org.hibernate.persister.walking.spi.MetamodelGraphWalker - Visiting attribute path : taxAmount.amount
20:19:29.242 [main] DEBUG org.hibernate.persister.walking.spi.MetamodelGraphWalker - Visiting attribute path : taxAmount.units
20:19:29.242 [main] DEBUG org.hibernate.persister.walking.spi.MetamodelGraphWalker - Visiting attribute path : totalAmount
20:19:29.242 [main] DEBUG org.hibernate.loader.plan.build.internal.spaces.QuerySpacesImpl - Adding QuerySpace : uid = <gen:10> -> org.hibernate.loader.plan.build.internal.spaces.EntityQuerySpaceImpl@12608986]
20:19:29.242 [main] DEBUG org.hibernate.persister.walking.spi.MetamodelGraphWalker - Visiting attribute path : totalAmount.amount
20:19:29.242 [main] DEBUG org.hibernate.persister.walking.spi.MetamodelGraphWalker - Visiting attribute path : totalAmount.units
20:19:29.242 [main] DEBUG org.hibernate.loader.plan.build.internal.FetchStyleLoadPlanBuildingAssociationVisitationStrategy - Building LoadPlan...
20:19:29.242 [main] DEBUG org.hibernate.loader.plan.exec.internal.LoadQueryJoinAndFetchProcessor - processing queryspace <gen:0>
20:19:29.244 [main] DEBUG org.hibernate.loader.plan.build.spi.LoadPlanTreePrinter - LoadPlan(entity=io.swagger.model.PaymentType)
    - Returns
       - EntityReturnImpl(entity=io.swagger.model.PaymentType, querySpaceUid=<gen:0>, path=io.swagger.model.PaymentType)
          - EntityAttributeFetchImpl(entity=io.swagger.model.AccountRefType, querySpaceUid=<gen:1>, path=io.swagger.model.PaymentType.account)
          - EntityAttributeFetchImpl(entity=io.swagger.model.MoneyType, querySpaceUid=<gen:2>, path=io.swagger.model.PaymentType.amount)
          - EntityAttributeFetchImpl(entity=io.swagger.model.ChannelRefType, querySpaceUid=<gen:3>, path=io.swagger.model.PaymentType.channel)
          - EntityAttributeFetchImpl(entity=io.swagger.model.RelatedPartyRefType, querySpaceUid=<gen:4>, path=io.swagger.model.PaymentType.payer)
          - CollectionAttributeFetchImpl(collection=io.swagger.model.PaymentType.paymentItem, querySpaceUid=<gen:5>, path=io.swagger.model.PaymentType.paymentItem)
             - (collection element) CollectionFetchableElementEntityGraph(entity=io.swagger.model.PaymentItemType, querySpaceUid=<gen:6>, path=io.swagger.model.PaymentType.paymentItem.<elements>)
          - CollectionAttributeFetchImpl(collection=io.swagger.model.PaymentType.paymentMethod, querySpaceUid=<gen:7>, path=io.swagger.model.PaymentType.paymentMethod)
             - (collection element) CollectionFetchableElementEntityGraph(entity=io.swagger.model.PaymentMethodType, querySpaceUid=<gen:8>, path=io.swagger.model.PaymentType.paymentMethod.<elements>)
          - EntityAttributeFetchImpl(entity=io.swagger.model.MoneyType, querySpaceUid=<gen:9>, path=io.swagger.model.PaymentType.taxAmount)
          - EntityAttributeFetchImpl(entity=io.swagger.model.MoneyType, querySpaceUid=<gen:10>, path=io.swagger.model.PaymentType.totalAmount)
    - QuerySpaces
       - EntityQuerySpaceImpl(uid=<gen:0>, entity=io.swagger.model.PaymentType)
          - SQL table alias mapping - paymenttyp0_
          - alias suffix - 0_
          - suffixed key columns - {id1_14_0_}
          - JOIN (JoinDefinedByMetadata(account)) : <gen:0> -> <gen:1>
             - EntityQuerySpaceImpl(uid=<gen:1>, entity=io.swagger.model.AccountRefType)
                - SQL table alias mapping - accountref1_
                - alias suffix - 1_
                - suffixed key columns - {id1_0_1_}
          - JOIN (JoinDefinedByMetadata(amount)) : <gen:0> -> <gen:2>
             - EntityQuerySpaceImpl(uid=<gen:2>, entity=io.swagger.model.MoneyType)
                - SQL table alias mapping - moneytype2_
                - alias suffix - 2_
                - suffixed key columns - {id1_9_2_}
          - JOIN (JoinDefinedByMetadata(channel)) : <gen:0> -> <gen:3>
             - EntityQuerySpaceImpl(uid=<gen:3>, entity=io.swagger.model.ChannelRefType)
                - SQL table alias mapping - channelref3_
                - alias suffix - 3_
                - suffixed key columns - {id1_5_3_}
          - JOIN (JoinDefinedByMetadata(payer)) : <gen:0> -> <gen:4>
             - EntityQuerySpaceImpl(uid=<gen:4>, entity=io.swagger.model.RelatedPartyRefType)
                - SQL table alias mapping - relatedpar4_
                - alias suffix - 4_
                - suffixed key columns - {id1_22_4_}
          - JOIN (JoinDefinedByMetadata(taxAmount)) : <gen:0> -> <gen:9>
             - EntityQuerySpaceImpl(uid=<gen:9>, entity=io.swagger.model.MoneyType)
                - SQL table alias mapping - moneytype5_
                - alias suffix - 5_
                - suffixed key columns - {id1_9_5_}
          - JOIN (JoinDefinedByMetadata(totalAmount)) : <gen:0> -> <gen:10>
             - EntityQuerySpaceImpl(uid=<gen:10>, entity=io.swagger.model.MoneyType)
                - SQL table alias mapping - moneytype6_
                - alias suffix - 6_
                - suffixed key columns - {id1_9_6_}

20:19:29.244 [main] DEBUG org.hibernate.loader.entity.plan.EntityLoader - Static select for entity io.swagger.model.PaymentType [READ]: select paymenttyp0_.id as id1_14_0_, paymenttyp0_.account_id as account10_14_0_, paymenttyp0_.amount_id as amount_11_14_0_, paymenttyp0_.authorizationCode as authoriz2_14_0_, paymenttyp0_.channel_id as channel12_14_0_, paymenttyp0_.correlatorId as correlat3_14_0_, paymenttyp0_.description as descript4_14_0_, paymenttyp0_.href as href5_14_0_, paymenttyp0_.name as name6_14_0_, paymenttyp0_.payer_id as payer_i13_14_0_, paymenttyp0_.paymentDate as paymentD7_14_0_, paymenttyp0_.status as status8_14_0_, paymenttyp0_.statusDate as statusDa9_14_0_, paymenttyp0_.taxAmount_id as taxAmou14_14_0_, paymenttyp0_.totalAmount_id as totalAm15_14_0_, accountref1_.id as id1_0_1_, accountref1_.description as descript2_0_1_, accountref1_.href as href3_0_1_, accountref1_.name as name4_0_1_, moneytype2_.id as id1_9_2_, moneytype2_.amount as amount2_9_2_, moneytype2_.units as units3_9_2_, channelref3_.id as id1_5_3_, channelref3_.description as descript2_5_3_, channelref3_.href as href3_5_3_, channelref3_.name as name4_5_3_, relatedpar4_.id as id1_22_4_, relatedpar4_.href as href2_22_4_, relatedpar4_.name as name3_22_4_, relatedpar4_.role as role4_22_4_, moneytype5_.id as id1_9_5_, moneytype5_.amount as amount2_9_5_, moneytype5_.units as units3_9_5_, moneytype6_.id as id1_9_6_, moneytype6_.amount as amount2_9_6_, moneytype6_.units as units3_9_6_ from PaymentType paymenttyp0_ left outer join AccountRefType accountref1_ on paymenttyp0_.account_id=accountref1_.id left outer join MoneyType moneytype2_ on paymenttyp0_.amount_id=moneytype2_.id left outer join ChannelRefType channelref3_ on paymenttyp0_.channel_id=channelref3_.id left outer join RelatedPartyRefType relatedpar4_ on paymenttyp0_.payer_id=relatedpar4_.id left outer join MoneyType moneytype5_ on paymenttyp0_.taxAmount_id=moneytype5_.id inner join MoneyType moneytype6_ on paymenttyp0_.totalAmount_id=moneytype6_.id where paymenttyp0_.id=?
20:19:29.244 [main] DEBUG org.hibernate.loader.plan.build.internal.spaces.QuerySpacesImpl - Adding QuerySpace : uid = <gen:0> -> org.hibernate.loader.plan.build.internal.spaces.EntityQuerySpaceImpl@7ec508e6]
20:19:29.244 [main] DEBUG org.hibernate.persister.walking.spi.MetamodelGraphWalker - Visiting attribute path : account
20:19:29.244 [main] DEBUG org.hibernate.loader.plan.build.internal.spaces.QuerySpacesImpl - Adding QuerySpace : uid = <gen:1> -> org.hibernate.loader.plan.build.internal.spaces.EntityQuerySpaceImpl@30e2016a]
20:19:29.245 [main] DEBUG org.hibernate.persister.walking.spi.MetamodelGraphWalker - Visiting attribute path : amount
20:19:29.245 [main] DEBUG org.hibernate.loader.plan.build.internal.spaces.QuerySpacesImpl - Adding QuerySpace : uid = <gen:2> -> org.hibernate.loader.plan.build.internal.spaces.EntityQuerySpaceImpl@75f32817]
20:19:29.245 [main] DEBUG org.hibernate.persister.walking.spi.MetamodelGraphWalker - Visiting attribute path : authorizationCode
20:19:29.245 [main] DEBUG org.hibernate.persister.walking.spi.MetamodelGraphWalker - Visiting attribute path : channel
20:19:29.245 [main] DEBUG org.hibernate.loader.plan.build.internal.spaces.QuerySpacesImpl - Adding QuerySpace : uid = <gen:3> -> org.hibernate.loader.plan.build.internal.spaces.EntityQuerySpaceImpl@23a78c77]
20:19:29.245 [main] DEBUG org.hibernate.persister.walking.spi.MetamodelGraphWalker - Visiting attribute path : correlatorId
20:19:29.245 [main] DEBUG org.hibernate.persister.walking.spi.MetamodelGraphWalker - Visiting attribute path : description
20:19:29.245 [main] DEBUG org.hibernate.persister.walking.spi.MetamodelGraphWalker - Visiting attribute path : href
20:19:29.245 [main] DEBUG org.hibernate.persister.walking.spi.MetamodelGraphWalker - Visiting attribute path : name
20:19:29.245 [main] DEBUG org.hibernate.persister.walking.spi.MetamodelGraphWalker - Visiting attribute path : payer
20:19:29.245 [main] DEBUG org.hibernate.loader.plan.build.internal.spaces.QuerySpacesImpl - Adding QuerySpace : uid = <gen:4> -> org.hibernate.loader.plan.build.internal.spaces.EntityQuerySpaceImpl@4119346d]
20:19:29.245 [main] DEBUG org.hibernate.persister.walking.spi.MetamodelGraphWalker - Visiting attribute path : paymentDate
20:19:29.245 [main] DEBUG org.hibernate.persister.walking.spi.MetamodelGraphWalker - Visiting attribute path : paymentItem
20:19:29.245 [main] DEBUG org.hibernate.loader.plan.build.internal.spaces.QuerySpacesImpl - Adding QuerySpace : uid = <gen:5> -> org.hibernate.loader.plan.build.internal.spaces.CollectionQuerySpaceImpl@61d09475]
20:19:29.245 [main] DEBUG org.hibernate.loader.plan.build.internal.spaces.QuerySpacesImpl - Adding QuerySpace : uid = <gen:6> -> org.hibernate.loader.plan.build.internal.spaces.EntityQuerySpaceImpl@d0fabc8]
20:19:29.245 [main] DEBUG org.hibernate.persister.walking.spi.MetamodelGraphWalker - Visiting attribute path : paymentMethod
20:19:29.245 [main] DEBUG org.hibernate.loader.plan.build.internal.spaces.QuerySpacesImpl - Adding QuerySpace : uid = <gen:7> -> org.hibernate.loader.plan.build.internal.spaces.CollectionQuerySpaceImpl@12d44a2a]
20:19:29.245 [main] DEBUG org.hibernate.loader.plan.build.internal.spaces.QuerySpacesImpl - Adding QuerySpace : uid = <gen:8> -> org.hibernate.loader.plan.build.internal.spaces.EntityQuerySpaceImpl@1a66be41]
20:19:29.245 [main] DEBUG org.hibernate.persister.walking.spi.MetamodelGraphWalker - Visiting attribute path : status
20:19:29.245 [main] DEBUG org.hibernate.persister.walking.spi.MetamodelGraphWalker - Visiting attribute path : statusDate
20:19:29.245 [main] DEBUG org.hibernate.persister.walking.spi.MetamodelGraphWalker - Visiting attribute path : taxAmount
20:19:29.245 [main] DEBUG org.hibernate.loader.plan.build.internal.spaces.QuerySpacesImpl - Adding QuerySpace : uid = <gen:9> -> org.hibernate.loader.plan.build.internal.spaces.EntityQuerySpaceImpl@7f70e244]
20:19:29.245 [main] DEBUG org.hibernate.persister.walking.spi.MetamodelGraphWalker - Visiting attribute path : totalAmount
20:19:29.245 [main] DEBUG org.hibernate.loader.plan.build.internal.spaces.QuerySpacesImpl - Adding QuerySpace : uid = <gen:10> -> org.hibernate.loader.plan.build.internal.spaces.EntityQuerySpaceImpl@fd14789]
20:19:29.246 [main] DEBUG org.hibernate.loader.plan.build.internal.FetchStyleLoadPlanBuildingAssociationVisitationStrategy - Building LoadPlan...
20:19:29.246 [main] DEBUG org.hibernate.loader.plan.exec.internal.LoadQueryJoinAndFetchProcessor - processing queryspace <gen:0>
20:19:29.246 [main] DEBUG org.hibernate.loader.plan.build.spi.LoadPlanTreePrinter - LoadPlan(entity=io.swagger.model.PaymentType)
    - Returns
       - EntityReturnImpl(entity=io.swagger.model.PaymentType, querySpaceUid=<gen:0>, path=io.swagger.model.PaymentType)
          - EntityAttributeFetchImpl(entity=io.swagger.model.AccountRefType, querySpaceUid=<gen:1>, path=io.swagger.model.PaymentType.account)
          - EntityAttributeFetchImpl(entity=io.swagger.model.MoneyType, querySpaceUid=<gen:2>, path=io.swagger.model.PaymentType.amount)
          - EntityAttributeFetchImpl(entity=io.swagger.model.ChannelRefType, querySpaceUid=<gen:3>, path=io.swagger.model.PaymentType.channel)
          - EntityAttributeFetchImpl(entity=io.swagger.model.RelatedPartyRefType, querySpaceUid=<gen:4>, path=io.swagger.model.PaymentType.payer)
          - CollectionAttributeFetchImpl(collection=io.swagger.model.PaymentType.paymentItem, querySpaceUid=<gen:5>, path=io.swagger.model.PaymentType.paymentItem)
             - (collection element) CollectionFetchableElementEntityGraph(entity=io.swagger.model.PaymentItemType, querySpaceUid=<gen:6>, path=io.swagger.model.PaymentType.paymentItem.<elements>)
          - CollectionAttributeFetchImpl(collection=io.swagger.model.PaymentType.paymentMethod, querySpaceUid=<gen:7>, path=io.swagger.model.PaymentType.paymentMethod)
             - (collection element) CollectionFetchableElementEntityGraph(entity=io.swagger.model.PaymentMethodType, querySpaceUid=<gen:8>, path=io.swagger.model.PaymentType.paymentMethod.<elements>)
          - EntityAttributeFetchImpl(entity=io.swagger.model.MoneyType, querySpaceUid=<gen:9>, path=io.swagger.model.PaymentType.taxAmount)
          - EntityAttributeFetchImpl(entity=io.swagger.model.MoneyType, querySpaceUid=<gen:10>, path=io.swagger.model.PaymentType.totalAmount)
    - QuerySpaces
       - EntityQuerySpaceImpl(uid=<gen:0>, entity=io.swagger.model.PaymentType)
          - SQL table alias mapping - paymenttyp0_
          - alias suffix - 0_
          - suffixed key columns - {id1_14_0_}

20:19:29.246 [main] DEBUG org.hibernate.loader.entity.plan.EntityLoader - Static select for entity io.swagger.model.PaymentType [UPGRADE]: select paymenttyp0_.id as id1_14_0_, paymenttyp0_.account_id as account10_14_0_, paymenttyp0_.amount_id as amount_11_14_0_, paymenttyp0_.authorizationCode as authoriz2_14_0_, paymenttyp0_.channel_id as channel12_14_0_, paymenttyp0_.correlatorId as correlat3_14_0_, paymenttyp0_.description as descript4_14_0_, paymenttyp0_.href as href5_14_0_, paymenttyp0_.name as name6_14_0_, paymenttyp0_.payer_id as payer_i13_14_0_, paymenttyp0_.paymentDate as paymentD7_14_0_, paymenttyp0_.status as status8_14_0_, paymenttyp0_.statusDate as statusDa9_14_0_, paymenttyp0_.taxAmount_id as taxAmou14_14_0_, paymenttyp0_.totalAmount_id as totalAm15_14_0_ from PaymentType paymenttyp0_ where paymenttyp0_.id=? for update
20:19:29.247 [main] DEBUG org.hibernate.loader.plan.build.internal.spaces.QuerySpacesImpl - Adding QuerySpace : uid = <gen:0> -> org.hibernate.loader.plan.build.internal.spaces.EntityQuerySpaceImpl@3f64d943]
20:19:29.247 [main] DEBUG org.hibernate.persister.walking.spi.MetamodelGraphWalker - Visiting attribute path : account
20:19:29.247 [main] DEBUG org.hibernate.loader.plan.build.internal.spaces.QuerySpacesImpl - Adding QuerySpace : uid = <gen:1> -> org.hibernate.loader.plan.build.internal.spaces.EntityQuerySpaceImpl@68454ed5]
20:19:29.247 [main] DEBUG org.hibernate.persister.walking.spi.MetamodelGraphWalker - Visiting attribute path : amount
20:19:29.247 [main] DEBUG org.hibernate.loader.plan.build.internal.spaces.QuerySpacesImpl - Adding QuerySpace : uid = <gen:2> -> org.hibernate.loader.plan.build.internal.spaces.EntityQuerySpaceImpl@6d2db15b]
20:19:29.247 [main] DEBUG org.hibernate.persister.walking.spi.MetamodelGraphWalker - Visiting attribute path : authorizationCode
20:19:29.247 [main] DEBUG org.hibernate.persister.walking.spi.MetamodelGraphWalker - Visiting attribute path : channel
20:19:29.247 [main] DEBUG org.hibernate.loader.plan.build.internal.spaces.QuerySpacesImpl - Adding QuerySpace : uid = <gen:3> -> org.hibernate.loader.plan.build.internal.spaces.EntityQuerySpaceImpl@749ad37c]
20:19:29.247 [main] DEBUG org.hibernate.persister.walking.spi.MetamodelGraphWalker - Visiting attribute path : correlatorId
20:19:29.247 [main] DEBUG org.hibernate.persister.walking.spi.MetamodelGraphWalker - Visiting attribute path : description
20:19:29.247 [main] DEBUG org.hibernate.persister.walking.spi.MetamodelGraphWalker - Visiting attribute path : href
20:19:29.247 [main] DEBUG org.hibernate.persister.walking.spi.MetamodelGraphWalker - Visiting attribute path : name
20:19:29.247 [main] DEBUG org.hibernate.persister.walking.spi.MetamodelGraphWalker - Visiting attribute path : payer
20:19:29.247 [main] DEBUG org.hibernate.loader.plan.build.internal.spaces.QuerySpacesImpl - Adding QuerySpace : uid = <gen:4> -> org.hibernate.loader.plan.build.internal.spaces.EntityQuerySpaceImpl@1b485c8b]
20:19:29.247 [main] DEBUG org.hibernate.persister.walking.spi.MetamodelGraphWalker - Visiting attribute path : paymentDate
20:19:29.247 [main] DEBUG org.hibernate.persister.walking.spi.MetamodelGraphWalker - Visiting attribute path : paymentItem
20:19:29.247 [main] DEBUG org.hibernate.loader.plan.build.internal.spaces.QuerySpacesImpl - Adding QuerySpace : uid = <gen:5> -> org.hibernate.loader.plan.build.internal.spaces.CollectionQuerySpaceImpl@59b98ad1]
20:19:29.247 [main] DEBUG org.hibernate.loader.plan.build.internal.spaces.QuerySpacesImpl - Adding QuerySpace : uid = <gen:6> -> org.hibernate.loader.plan.build.internal.spaces.EntityQuerySpaceImpl@591e5fd4]
20:19:29.248 [main] DEBUG org.hibernate.persister.walking.spi.MetamodelGraphWalker - Visiting attribute path : paymentMethod
20:19:29.248 [main] DEBUG org.hibernate.loader.plan.build.internal.spaces.QuerySpacesImpl - Adding QuerySpace : uid = <gen:7> -> org.hibernate.loader.plan.build.internal.spaces.CollectionQuerySpaceImpl@7bbd76b8]
20:19:29.248 [main] DEBUG org.hibernate.loader.plan.build.internal.spaces.QuerySpacesImpl - Adding QuerySpace : uid = <gen:8> -> org.hibernate.loader.plan.build.internal.spaces.EntityQuerySpaceImpl@2248d140]
20:19:29.248 [main] DEBUG org.hibernate.persister.walking.spi.MetamodelGraphWalker - Visiting attribute path : status
20:19:29.248 [main] DEBUG org.hibernate.persister.walking.spi.MetamodelGraphWalker - Visiting attribute path : statusDate
20:19:29.248 [main] DEBUG org.hibernate.persister.walking.spi.MetamodelGraphWalker - Visiting attribute path : taxAmount
20:19:29.248 [main] DEBUG org.hibernate.loader.plan.build.internal.spaces.QuerySpacesImpl - Adding QuerySpace : uid = <gen:9> -> org.hibernate.loader.plan.build.internal.spaces.EntityQuerySpaceImpl@37b238da]
20:19:29.248 [main] DEBUG org.hibernate.persister.walking.spi.MetamodelGraphWalker - Visiting attribute path : totalAmount
20:19:29.248 [main] DEBUG org.hibernate.loader.plan.build.internal.spaces.QuerySpacesImpl - Adding QuerySpace : uid = <gen:10> -> org.hibernate.loader.plan.build.internal.spaces.EntityQuerySpaceImpl@1c792107]
20:19:29.248 [main] DEBUG org.hibernate.loader.plan.build.internal.FetchStyleLoadPlanBuildingAssociationVisitationStrategy - Building LoadPlan...
20:19:29.248 [main] DEBUG org.hibernate.loader.plan.exec.internal.LoadQueryJoinAndFetchProcessor - processing queryspace <gen:0>
20:19:29.249 [main] DEBUG org.hibernate.loader.plan.build.spi.LoadPlanTreePrinter - LoadPlan(entity=io.swagger.model.PaymentType)
    - Returns
       - EntityReturnImpl(entity=io.swagger.model.PaymentType, querySpaceUid=<gen:0>, path=io.swagger.model.PaymentType)
          - EntityAttributeFetchImpl(entity=io.swagger.model.AccountRefType, querySpaceUid=<gen:1>, path=io.swagger.model.PaymentType.account)
          - EntityAttributeFetchImpl(entity=io.swagger.model.MoneyType, querySpaceUid=<gen:2>, path=io.swagger.model.PaymentType.amount)
          - EntityAttributeFetchImpl(entity=io.swagger.model.ChannelRefType, querySpaceUid=<gen:3>, path=io.swagger.model.PaymentType.channel)
          - EntityAttributeFetchImpl(entity=io.swagger.model.RelatedPartyRefType, querySpaceUid=<gen:4>, path=io.swagger.model.PaymentType.payer)
          - CollectionAttributeFetchImpl(collection=io.swagger.model.PaymentType.paymentItem, querySpaceUid=<gen:5>, path=io.swagger.model.PaymentType.paymentItem)
             - (collection element) CollectionFetchableElementEntityGraph(entity=io.swagger.model.PaymentItemType, querySpaceUid=<gen:6>, path=io.swagger.model.PaymentType.paymentItem.<elements>)
          - CollectionAttributeFetchImpl(collection=io.swagger.model.PaymentType.paymentMethod, querySpaceUid=<gen:7>, path=io.swagger.model.PaymentType.paymentMethod)
             - (collection element) CollectionFetchableElementEntityGraph(entity=io.swagger.model.PaymentMethodType, querySpaceUid=<gen:8>, path=io.swagger.model.PaymentType.paymentMethod.<elements>)
          - EntityAttributeFetchImpl(entity=io.swagger.model.MoneyType, querySpaceUid=<gen:9>, path=io.swagger.model.PaymentType.taxAmount)
          - EntityAttributeFetchImpl(entity=io.swagger.model.MoneyType, querySpaceUid=<gen:10>, path=io.swagger.model.PaymentType.totalAmount)
    - QuerySpaces
       - EntityQuerySpaceImpl(uid=<gen:0>, entity=io.swagger.model.PaymentType)
          - SQL table alias mapping - paymenttyp0_
          - alias suffix - 0_
          - suffixed key columns - {id1_14_0_}

20:19:29.249 [main] DEBUG org.hibernate.loader.entity.plan.EntityLoader - Static select for entity io.swagger.model.PaymentType [UPGRADE_NOWAIT]: select paymenttyp0_.id as id1_14_0_, paymenttyp0_.account_id as account10_14_0_, paymenttyp0_.amount_id as amount_11_14_0_, paymenttyp0_.authorizationCode as authoriz2_14_0_, paymenttyp0_.channel_id as channel12_14_0_, paymenttyp0_.correlatorId as correlat3_14_0_, paymenttyp0_.description as descript4_14_0_, paymenttyp0_.href as href5_14_0_, paymenttyp0_.name as name6_14_0_, paymenttyp0_.payer_id as payer_i13_14_0_, paymenttyp0_.paymentDate as paymentD7_14_0_, paymenttyp0_.status as status8_14_0_, paymenttyp0_.statusDate as statusDa9_14_0_, paymenttyp0_.taxAmount_id as taxAmou14_14_0_, paymenttyp0_.totalAmount_id as totalAm15_14_0_ from PaymentType paymenttyp0_ where paymenttyp0_.id=? for update
20:19:29.249 [main] DEBUG org.hibernate.loader.plan.build.internal.spaces.QuerySpacesImpl - Adding QuerySpace : uid = <gen:0> -> org.hibernate.loader.plan.build.internal.spaces.EntityQuerySpaceImpl@ce19c86]
20:19:29.249 [main] DEBUG org.hibernate.persister.walking.spi.MetamodelGraphWalker - Visiting attribute path : account
20:19:29.249 [main] DEBUG org.hibernate.loader.plan.build.internal.spaces.QuerySpacesImpl - Adding QuerySpace : uid = <gen:1> -> org.hibernate.loader.plan.build.internal.spaces.EntityQuerySpaceImpl@4e951fb1]
20:19:29.249 [main] DEBUG org.hibernate.persister.walking.spi.MetamodelGraphWalker - Visiting attribute path : amount
20:19:29.249 [main] DEBUG org.hibernate.loader.plan.build.internal.spaces.QuerySpacesImpl - Adding QuerySpace : uid = <gen:2> -> org.hibernate.loader.plan.build.internal.spaces.EntityQuerySpaceImpl@1b317e7d]
20:19:29.249 [main] DEBUG org.hibernate.persister.walking.spi.MetamodelGraphWalker - Visiting attribute path : authorizationCode
20:19:29.249 [main] DEBUG org.hibernate.persister.walking.spi.MetamodelGraphWalker - Visiting attribute path : channel
20:19:29.249 [main] DEBUG org.hibernate.loader.plan.build.internal.spaces.QuerySpacesImpl - Adding QuerySpace : uid = <gen:3> -> org.hibernate.loader.plan.build.internal.spaces.EntityQuerySpaceImpl@1bb4c431]
20:19:29.249 [main] DEBUG org.hibernate.persister.walking.spi.MetamodelGraphWalker - Visiting attribute path : correlatorId
20:19:29.249 [main] DEBUG org.hibernate.persister.walking.spi.MetamodelGraphWalker - Visiting attribute path : description
20:19:29.250 [main] DEBUG org.hibernate.persister.walking.spi.MetamodelGraphWalker - Visiting attribute path : href
20:19:29.250 [main] DEBUG org.hibernate.persister.walking.spi.MetamodelGraphWalker - Visiting attribute path : name
20:19:29.250 [main] DEBUG org.hibernate.persister.walking.spi.MetamodelGraphWalker - Visiting attribute path : payer
20:19:29.250 [main] DEBUG org.hibernate.loader.plan.build.internal.spaces.QuerySpacesImpl - Adding QuerySpace : uid = <gen:4> -> org.hibernate.loader.plan.build.internal.spaces.EntityQuerySpaceImpl@4fd3b20a]
20:19:29.250 [main] DEBUG org.hibernate.persister.walking.spi.MetamodelGraphWalker - Visiting attribute path : paymentDate
20:19:29.250 [main] DEBUG org.hibernate.persister.walking.spi.MetamodelGraphWalker - Visiting attribute path : paymentItem
20:19:29.250 [main] DEBUG org.hibernate.loader.plan.build.internal.spaces.QuerySpacesImpl - Adding QuerySpace : uid = <gen:5> -> org.hibernate.loader.plan.build.internal.spaces.CollectionQuerySpaceImpl@295d54d6]
20:19:29.250 [main] DEBUG org.hibernate.loader.plan.build.internal.spaces.QuerySpacesImpl - Adding QuerySpace : uid = <gen:6> -> org.hibernate.loader.plan.build.internal.spaces.EntityQuerySpaceImpl@398f0516]
20:19:29.250 [main] DEBUG org.hibernate.persister.walking.spi.MetamodelGraphWalker - Visiting attribute path : paymentMethod
20:19:29.250 [main] DEBUG org.hibernate.loader.plan.build.internal.spaces.QuerySpacesImpl - Adding QuerySpace : uid = <gen:7> -> org.hibernate.loader.plan.build.internal.spaces.CollectionQuerySpaceImpl@4a7db5a]
20:19:29.250 [main] DEBUG org.hibernate.loader.plan.build.internal.spaces.QuerySpacesImpl - Adding QuerySpace : uid = <gen:8> -> org.hibernate.loader.plan.build.internal.spaces.EntityQuerySpaceImpl@56b66a26]
20:19:29.250 [main] DEBUG org.hibernate.persister.walking.spi.MetamodelGraphWalker - Visiting attribute path : status
20:19:29.250 [main] DEBUG org.hibernate.persister.walking.spi.MetamodelGraphWalker - Visiting attribute path : statusDate
20:19:29.250 [main] DEBUG org.hibernate.persister.walking.spi.MetamodelGraphWalker - Visiting attribute path : taxAmount
20:19:29.250 [main] DEBUG org.hibernate.loader.plan.build.internal.spaces.QuerySpacesImpl - Adding QuerySpace : uid = <gen:9> -> org.hibernate.loader.plan.build.internal.spaces.EntityQuerySpaceImpl@158e6fc2]
20:19:29.250 [main] DEBUG org.hibernate.persister.walking.spi.MetamodelGraphWalker - Visiting attribute path : totalAmount
20:19:29.250 [main] DEBUG org.hibernate.loader.plan.build.internal.spaces.QuerySpacesImpl - Adding QuerySpace : uid = <gen:10> -> org.hibernate.loader.plan.build.internal.spaces.EntityQuerySpaceImpl@54687fd0]
20:19:29.250 [main] DEBUG org.hibernate.loader.plan.build.internal.FetchStyleLoadPlanBuildingAssociationVisitationStrategy - Building LoadPlan...
20:19:29.251 [main] DEBUG org.hibernate.loader.plan.exec.internal.LoadQueryJoinAndFetchProcessor - processing queryspace <gen:0>
20:19:29.253 [main] DEBUG org.hibernate.loader.plan.build.spi.LoadPlanTreePrinter - LoadPlan(entity=io.swagger.model.PaymentType)
    - Returns
       - EntityReturnImpl(entity=io.swagger.model.PaymentType, querySpaceUid=<gen:0>, path=io.swagger.model.PaymentType)
          - EntityAttributeFetchImpl(entity=io.swagger.model.AccountRefType, querySpaceUid=<gen:1>, path=io.swagger.model.PaymentType.account)
          - EntityAttributeFetchImpl(entity=io.swagger.model.MoneyType, querySpaceUid=<gen:2>, path=io.swagger.model.PaymentType.amount)
          - EntityAttributeFetchImpl(entity=io.swagger.model.ChannelRefType, querySpaceUid=<gen:3>, path=io.swagger.model.PaymentType.channel)
          - EntityAttributeFetchImpl(entity=io.swagger.model.RelatedPartyRefType, querySpaceUid=<gen:4>, path=io.swagger.model.PaymentType.payer)
          - CollectionAttributeFetchImpl(collection=io.swagger.model.PaymentType.paymentItem, querySpaceUid=<gen:5>, path=io.swagger.model.PaymentType.paymentItem)
             - (collection element) CollectionFetchableElementEntityGraph(entity=io.swagger.model.PaymentItemType, querySpaceUid=<gen:6>, path=io.swagger.model.PaymentType.paymentItem.<elements>)
          - CollectionAttributeFetchImpl(collection=io.swagger.model.PaymentType.paymentMethod, querySpaceUid=<gen:7>, path=io.swagger.model.PaymentType.paymentMethod)
             - (collection element) CollectionFetchableElementEntityGraph(entity=io.swagger.model.PaymentMethodType, querySpaceUid=<gen:8>, path=io.swagger.model.PaymentType.paymentMethod.<elements>)
          - EntityAttributeFetchImpl(entity=io.swagger.model.MoneyType, querySpaceUid=<gen:9>, path=io.swagger.model.PaymentType.taxAmount)
          - EntityAttributeFetchImpl(entity=io.swagger.model.MoneyType, querySpaceUid=<gen:10>, path=io.swagger.model.PaymentType.totalAmount)
    - QuerySpaces
       - EntityQuerySpaceImpl(uid=<gen:0>, entity=io.swagger.model.PaymentType)
          - SQL table alias mapping - paymenttyp0_
          - alias suffix - 0_
          - suffixed key columns - {id1_14_0_}

20:19:29.253 [main] DEBUG org.hibernate.loader.entity.plan.EntityLoader - Static select for entity io.swagger.model.PaymentType [UPGRADE_SKIPLOCKED]: select paymenttyp0_.id as id1_14_0_, paymenttyp0_.account_id as account10_14_0_, paymenttyp0_.amount_id as amount_11_14_0_, paymenttyp0_.authorizationCode as authoriz2_14_0_, paymenttyp0_.channel_id as channel12_14_0_, paymenttyp0_.correlatorId as correlat3_14_0_, paymenttyp0_.description as descript4_14_0_, paymenttyp0_.href as href5_14_0_, paymenttyp0_.name as name6_14_0_, paymenttyp0_.payer_id as payer_i13_14_0_, paymenttyp0_.paymentDate as paymentD7_14_0_, paymenttyp0_.status as status8_14_0_, paymenttyp0_.statusDate as statusDa9_14_0_, paymenttyp0_.taxAmount_id as taxAmou14_14_0_, paymenttyp0_.totalAmount_id as totalAm15_14_0_ from PaymentType paymenttyp0_ where paymenttyp0_.id=? for update
20:19:29.253 [main] DEBUG org.hibernate.loader.plan.build.internal.spaces.QuerySpacesImpl - Adding QuerySpace : uid = <gen:0> -> org.hibernate.loader.plan.build.internal.spaces.EntityQuerySpaceImpl@6eaf030c]
20:19:29.253 [main] DEBUG org.hibernate.persister.walking.spi.MetamodelGraphWalker - Visiting attribute path : account
20:19:29.253 [main] DEBUG org.hibernate.loader.plan.build.internal.spaces.QuerySpacesImpl - Adding QuerySpace : uid = <gen:1> -> org.hibernate.loader.plan.build.internal.spaces.EntityQuerySpaceImpl@6dbb3d7d]
20:19:29.253 [main] DEBUG org.hibernate.persister.walking.spi.MetamodelGraphWalker - Visiting attribute path : amount
20:19:29.253 [main] DEBUG org.hibernate.loader.plan.build.internal.spaces.QuerySpacesImpl - Adding QuerySpace : uid = <gen:2> -> org.hibernate.loader.plan.build.internal.spaces.EntityQuerySpaceImpl@7a3a49e5]
20:19:29.253 [main] DEBUG org.hibernate.persister.walking.spi.MetamodelGraphWalker - Visiting attribute path : authorizationCode
20:19:29.253 [main] DEBUG org.hibernate.persister.walking.spi.MetamodelGraphWalker - Visiting attribute path : channel
20:19:29.253 [main] DEBUG org.hibernate.loader.plan.build.internal.spaces.QuerySpacesImpl - Adding QuerySpace : uid = <gen:3> -> org.hibernate.loader.plan.build.internal.spaces.EntityQuerySpaceImpl@6c1b82cd]
20:19:29.253 [main] DEBUG org.hibernate.persister.walking.spi.MetamodelGraphWalker - Visiting attribute path : correlatorId
20:19:29.253 [main] DEBUG org.hibernate.persister.walking.spi.MetamodelGraphWalker - Visiting attribute path : description
20:19:29.253 [main] DEBUG org.hibernate.persister.walking.spi.MetamodelGraphWalker - Visiting attribute path : href
20:19:29.253 [main] DEBUG org.hibernate.persister.walking.spi.MetamodelGraphWalker - Visiting attribute path : name
20:19:29.254 [main] DEBUG org.hibernate.persister.walking.spi.MetamodelGraphWalker - Visiting attribute path : payer
20:19:29.254 [main] DEBUG org.hibernate.loader.plan.build.internal.spaces.QuerySpacesImpl - Adding QuerySpace : uid = <gen:4> -> org.hibernate.loader.plan.build.internal.spaces.EntityQuerySpaceImpl@acd3460]
20:19:29.254 [main] DEBUG org.hibernate.persister.walking.spi.MetamodelGraphWalker - Visiting attribute path : paymentDate
20:19:29.254 [main] DEBUG org.hibernate.persister.walking.spi.MetamodelGraphWalker - Visiting attribute path : paymentItem
20:19:29.254 [main] DEBUG org.hibernate.loader.plan.build.internal.spaces.QuerySpacesImpl - Adding QuerySpace : uid = <gen:5> -> org.hibernate.loader.plan.build.internal.spaces.CollectionQuerySpaceImpl@3ea9a091]
20:19:29.254 [main] DEBUG org.hibernate.loader.plan.build.internal.spaces.QuerySpacesImpl - Adding QuerySpace : uid = <gen:6> -> org.hibernate.loader.plan.build.internal.spaces.EntityQuerySpaceImpl@16f4a3c0]
20:19:29.254 [main] DEBUG org.hibernate.persister.walking.spi.MetamodelGraphWalker - Visiting attribute path : paymentMethod
20:19:29.254 [main] DEBUG org.hibernate.loader.plan.build.internal.spaces.QuerySpacesImpl - Adding QuerySpace : uid = <gen:7> -> org.hibernate.loader.plan.build.internal.spaces.CollectionQuerySpaceImpl@26495639]
20:19:29.254 [main] DEBUG org.hibernate.loader.plan.build.internal.spaces.QuerySpacesImpl - Adding QuerySpace : uid = <gen:8> -> org.hibernate.loader.plan.build.internal.spaces.EntityQuerySpaceImpl@45c408a4]
20:19:29.259 [main] DEBUG org.hibernate.persister.walking.spi.MetamodelGraphWalker - Visiting attribute path : status
20:19:29.259 [main] DEBUG org.hibernate.persister.walking.spi.MetamodelGraphWalker - Visiting attribute path : statusDate
20:19:29.259 [main] DEBUG org.hibernate.persister.walking.spi.MetamodelGraphWalker - Visiting attribute path : taxAmount
20:19:29.259 [main] DEBUG org.hibernate.loader.plan.build.internal.spaces.QuerySpacesImpl - Adding QuerySpace : uid = <gen:9> -> org.hibernate.loader.plan.build.internal.spaces.EntityQuerySpaceImpl@369a95a5]
20:19:29.259 [main] DEBUG org.hibernate.persister.walking.spi.MetamodelGraphWalker - Visiting attribute path : totalAmount
20:19:29.259 [main] DEBUG org.hibernate.loader.plan.build.internal.spaces.QuerySpacesImpl - Adding QuerySpace : uid = <gen:10> -> org.hibernate.loader.plan.build.internal.spaces.EntityQuerySpaceImpl@543da15]
20:19:29.259 [main] DEBUG org.hibernate.loader.plan.build.internal.FetchStyleLoadPlanBuildingAssociationVisitationStrategy - Building LoadPlan...
20:19:29.259 [main] DEBUG org.hibernate.loader.plan.exec.internal.LoadQueryJoinAndFetchProcessor - processing queryspace <gen:0>
20:19:29.260 [main] DEBUG org.hibernate.loader.plan.build.spi.LoadPlanTreePrinter - LoadPlan(entity=io.swagger.model.PaymentType)
    - Returns
       - EntityReturnImpl(entity=io.swagger.model.PaymentType, querySpaceUid=<gen:0>, path=io.swagger.model.PaymentType)
          - EntityAttributeFetchImpl(entity=io.swagger.model.AccountRefType, querySpaceUid=<gen:1>, path=io.swagger.model.PaymentType.account)
          - EntityAttributeFetchImpl(entity=io.swagger.model.MoneyType, querySpaceUid=<gen:2>, path=io.swagger.model.PaymentType.amount)
          - EntityAttributeFetchImpl(entity=io.swagger.model.ChannelRefType, querySpaceUid=<gen:3>, path=io.swagger.model.PaymentType.channel)
          - EntityAttributeFetchImpl(entity=io.swagger.model.RelatedPartyRefType, querySpaceUid=<gen:4>, path=io.swagger.model.PaymentType.payer)
          - CollectionAttributeFetchImpl(collection=io.swagger.model.PaymentType.paymentItem, querySpaceUid=<gen:5>, path=io.swagger.model.PaymentType.paymentItem)
             - (collection element) CollectionFetchableElementEntityGraph(entity=io.swagger.model.PaymentItemType, querySpaceUid=<gen:6>, path=io.swagger.model.PaymentType.paymentItem.<elements>)
          - CollectionAttributeFetchImpl(collection=io.swagger.model.PaymentType.paymentMethod, querySpaceUid=<gen:7>, path=io.swagger.model.PaymentType.paymentMethod)
             - (collection element) CollectionFetchableElementEntityGraph(entity=io.swagger.model.PaymentMethodType, querySpaceUid=<gen:8>, path=io.swagger.model.PaymentType.paymentMethod.<elements>)
          - EntityAttributeFetchImpl(entity=io.swagger.model.MoneyType, querySpaceUid=<gen:9>, path=io.swagger.model.PaymentType.taxAmount)
          - EntityAttributeFetchImpl(entity=io.swagger.model.MoneyType, querySpaceUid=<gen:10>, path=io.swagger.model.PaymentType.totalAmount)
    - QuerySpaces
       - EntityQuerySpaceImpl(uid=<gen:0>, entity=io.swagger.model.PaymentType)
          - SQL table alias mapping - paymenttyp0_
          - alias suffix - 0_
          - suffixed key columns - {id1_14_0_}

20:19:29.260 [main] DEBUG org.hibernate.loader.entity.plan.EntityLoader - Static select for entity io.swagger.model.PaymentType [FORCE]: select paymenttyp0_.id as id1_14_0_, paymenttyp0_.account_id as account10_14_0_, paymenttyp0_.amount_id as amount_11_14_0_, paymenttyp0_.authorizationCode as authoriz2_14_0_, paymenttyp0_.channel_id as channel12_14_0_, paymenttyp0_.correlatorId as correlat3_14_0_, paymenttyp0_.description as descript4_14_0_, paymenttyp0_.href as href5_14_0_, paymenttyp0_.name as name6_14_0_, paymenttyp0_.payer_id as payer_i13_14_0_, paymenttyp0_.paymentDate as paymentD7_14_0_, paymenttyp0_.status as status8_14_0_, paymenttyp0_.statusDate as statusDa9_14_0_, paymenttyp0_.taxAmount_id as taxAmou14_14_0_, paymenttyp0_.totalAmount_id as totalAm15_14_0_ from PaymentType paymenttyp0_ where paymenttyp0_.id=? for update
20:19:29.260 [main] DEBUG org.hibernate.loader.plan.build.internal.spaces.QuerySpacesImpl - Adding QuerySpace : uid = <gen:0> -> org.hibernate.loader.plan.build.internal.spaces.EntityQuerySpaceImpl@69d7bc1a]
20:19:29.260 [main] DEBUG org.hibernate.persister.walking.spi.MetamodelGraphWalker - Visiting attribute path : account
20:19:29.261 [main] DEBUG org.hibernate.loader.plan.build.internal.spaces.QuerySpacesImpl - Adding QuerySpace : uid = <gen:1> -> org.hibernate.loader.plan.build.internal.spaces.EntityQuerySpaceImpl@6e668322]
20:19:29.261 [main] DEBUG org.hibernate.persister.walking.spi.MetamodelGraphWalker - Visiting attribute path : amount
20:19:29.261 [main] DEBUG org.hibernate.loader.plan.build.internal.spaces.QuerySpacesImpl - Adding QuerySpace : uid = <gen:2> -> org.hibernate.loader.plan.build.internal.spaces.EntityQuerySpaceImpl@75ee6f89]
20:19:29.261 [main] DEBUG org.hibernate.persister.walking.spi.MetamodelGraphWalker - Visiting attribute path : authorizationCode
20:19:29.261 [main] DEBUG org.hibernate.persister.walking.spi.MetamodelGraphWalker - Visiting attribute path : channel
20:19:29.261 [main] DEBUG org.hibernate.loader.plan.build.internal.spaces.QuerySpacesImpl - Adding QuerySpace : uid = <gen:3> -> org.hibernate.loader.plan.build.internal.spaces.EntityQuerySpaceImpl@210d3a42]
20:19:29.261 [main] DEBUG org.hibernate.persister.walking.spi.MetamodelGraphWalker - Visiting attribute path : correlatorId
20:19:29.261 [main] DEBUG org.hibernate.persister.walking.spi.MetamodelGraphWalker - Visiting attribute path : description
20:19:29.261 [main] DEBUG org.hibernate.persister.walking.spi.MetamodelGraphWalker - Visiting attribute path : href
20:19:29.261 [main] DEBUG org.hibernate.persister.walking.spi.MetamodelGraphWalker - Visiting attribute path : name
20:19:29.261 [main] DEBUG org.hibernate.persister.walking.spi.MetamodelGraphWalker - Visiting attribute path : payer
20:19:29.261 [main] DEBUG org.hibernate.loader.plan.build.internal.spaces.QuerySpacesImpl - Adding QuerySpace : uid = <gen:4> -> org.hibernate.loader.plan.build.internal.spaces.EntityQuerySpaceImpl@356f20b7]
20:19:29.261 [main] DEBUG org.hibernate.persister.walking.spi.MetamodelGraphWalker - Visiting attribute path : paymentDate
20:19:29.261 [main] DEBUG org.hibernate.persister.walking.spi.MetamodelGraphWalker - Visiting attribute path : paymentItem
20:19:29.261 [main] DEBUG org.hibernate.loader.plan.build.internal.spaces.QuerySpacesImpl - Adding QuerySpace : uid = <gen:5> -> org.hibernate.loader.plan.build.internal.spaces.CollectionQuerySpaceImpl@6f4adaab]
20:19:29.261 [main] DEBUG org.hibernate.loader.plan.build.internal.spaces.QuerySpacesImpl - Adding QuerySpace : uid = <gen:6> -> org.hibernate.loader.plan.build.internal.spaces.EntityQuerySpaceImpl@69de72ec]
20:19:29.261 [main] DEBUG org.hibernate.persister.walking.spi.MetamodelGraphWalker - Visiting attribute path : paymentMethod
20:19:29.261 [main] DEBUG org.hibernate.loader.plan.build.internal.spaces.QuerySpacesImpl - Adding QuerySpace : uid = <gen:7> -> org.hibernate.loader.plan.build.internal.spaces.CollectionQuerySpaceImpl@21c99abf]
20:19:29.261 [main] DEBUG org.hibernate.loader.plan.build.internal.spaces.QuerySpacesImpl - Adding QuerySpace : uid = <gen:8> -> org.hibernate.loader.plan.build.internal.spaces.EntityQuerySpaceImpl@6d6f6ca9]
20:19:29.261 [main] DEBUG org.hibernate.persister.walking.spi.MetamodelGraphWalker - Visiting attribute path : status
20:19:29.262 [main] DEBUG org.hibernate.persister.walking.spi.MetamodelGraphWalker - Visiting attribute path : statusDate
20:19:29.262 [main] DEBUG org.hibernate.persister.walking.spi.MetamodelGraphWalker - Visiting attribute path : taxAmount
20:19:29.262 [main] DEBUG org.hibernate.loader.plan.build.internal.spaces.QuerySpacesImpl - Adding QuerySpace : uid = <gen:9> -> org.hibernate.loader.plan.build.internal.spaces.EntityQuerySpaceImpl@54496c2d]
20:19:29.262 [main] DEBUG org.hibernate.persister.walking.spi.MetamodelGraphWalker - Visiting attribute path : totalAmount
20:19:29.262 [main] DEBUG org.hibernate.loader.plan.build.internal.spaces.QuerySpacesImpl - Adding QuerySpace : uid = <gen:10> -> org.hibernate.loader.plan.build.internal.spaces.EntityQuerySpaceImpl@4e1a3d5a]
20:19:29.262 [main] DEBUG org.hibernate.loader.plan.build.internal.FetchStyleLoadPlanBuildingAssociationVisitationStrategy - Building LoadPlan...
20:19:29.262 [main] DEBUG org.hibernate.loader.plan.exec.internal.LoadQueryJoinAndFetchProcessor - processing queryspace <gen:0>
20:19:29.263 [main] DEBUG org.hibernate.loader.plan.build.spi.LoadPlanTreePrinter - LoadPlan(entity=io.swagger.model.PaymentType)
    - Returns
       - EntityReturnImpl(entity=io.swagger.model.PaymentType, querySpaceUid=<gen:0>, path=io.swagger.model.PaymentType)
          - EntityAttributeFetchImpl(entity=io.swagger.model.AccountRefType, querySpaceUid=<gen:1>, path=io.swagger.model.PaymentType.account)
          - EntityAttributeFetchImpl(entity=io.swagger.model.MoneyType, querySpaceUid=<gen:2>, path=io.swagger.model.PaymentType.amount)
          - EntityAttributeFetchImpl(entity=io.swagger.model.ChannelRefType, querySpaceUid=<gen:3>, path=io.swagger.model.PaymentType.channel)
          - EntityAttributeFetchImpl(entity=io.swagger.model.RelatedPartyRefType, querySpaceUid=<gen:4>, path=io.swagger.model.PaymentType.payer)
          - CollectionAttributeFetchImpl(collection=io.swagger.model.PaymentType.paymentItem, querySpaceUid=<gen:5>, path=io.swagger.model.PaymentType.paymentItem)
             - (collection element) CollectionFetchableElementEntityGraph(entity=io.swagger.model.PaymentItemType, querySpaceUid=<gen:6>, path=io.swagger.model.PaymentType.paymentItem.<elements>)
          - CollectionAttributeFetchImpl(collection=io.swagger.model.PaymentType.paymentMethod, querySpaceUid=<gen:7>, path=io.swagger.model.PaymentType.paymentMethod)
             - (collection element) CollectionFetchableElementEntityGraph(entity=io.swagger.model.PaymentMethodType, querySpaceUid=<gen:8>, path=io.swagger.model.PaymentType.paymentMethod.<elements>)
          - EntityAttributeFetchImpl(entity=io.swagger.model.MoneyType, querySpaceUid=<gen:9>, path=io.swagger.model.PaymentType.taxAmount)
          - EntityAttributeFetchImpl(entity=io.swagger.model.MoneyType, querySpaceUid=<gen:10>, path=io.swagger.model.PaymentType.totalAmount)
    - QuerySpaces
       - EntityQuerySpaceImpl(uid=<gen:0>, entity=io.swagger.model.PaymentType)
          - SQL table alias mapping - paymenttyp0_
          - alias suffix - 0_
          - suffixed key columns - {id1_14_0_}

20:19:29.263 [main] DEBUG org.hibernate.loader.entity.plan.EntityLoader - Static select for entity io.swagger.model.PaymentType [PESSIMISTIC_READ]: select paymenttyp0_.id as id1_14_0_, paymenttyp0_.account_id as account10_14_0_, paymenttyp0_.amount_id as amount_11_14_0_, paymenttyp0_.authorizationCode as authoriz2_14_0_, paymenttyp0_.channel_id as channel12_14_0_, paymenttyp0_.correlatorId as correlat3_14_0_, paymenttyp0_.description as descript4_14_0_, paymenttyp0_.href as href5_14_0_, paymenttyp0_.name as name6_14_0_, paymenttyp0_.payer_id as payer_i13_14_0_, paymenttyp0_.paymentDate as paymentD7_14_0_, paymenttyp0_.status as status8_14_0_, paymenttyp0_.statusDate as statusDa9_14_0_, paymenttyp0_.taxAmount_id as taxAmou14_14_0_, paymenttyp0_.totalAmount_id as totalAm15_14_0_ from PaymentType paymenttyp0_ where paymenttyp0_.id=? lock in share mode
20:19:29.263 [main] DEBUG org.hibernate.loader.plan.build.internal.spaces.QuerySpacesImpl - Adding QuerySpace : uid = <gen:0> -> org.hibernate.loader.plan.build.internal.spaces.EntityQuerySpaceImpl@236b4a44]
20:19:29.263 [main] DEBUG org.hibernate.persister.walking.spi.MetamodelGraphWalker - Visiting attribute path : account
20:19:29.263 [main] DEBUG org.hibernate.loader.plan.build.internal.spaces.QuerySpacesImpl - Adding QuerySpace : uid = <gen:1> -> org.hibernate.loader.plan.build.internal.spaces.EntityQuerySpaceImpl@2ac05a33]
20:19:29.263 [main] DEBUG org.hibernate.persister.walking.spi.MetamodelGraphWalker - Visiting attribute path : amount
20:19:29.263 [main] DEBUG org.hibernate.loader.plan.build.internal.spaces.QuerySpacesImpl - Adding QuerySpace : uid = <gen:2> -> org.hibernate.loader.plan.build.internal.spaces.EntityQuerySpaceImpl@35af52dc]
20:19:29.263 [main] DEBUG org.hibernate.persister.walking.spi.MetamodelGraphWalker - Visiting attribute path : authorizationCode
20:19:29.263 [main] DEBUG org.hibernate.persister.walking.spi.MetamodelGraphWalker - Visiting attribute path : channel
20:19:29.263 [main] DEBUG org.hibernate.loader.plan.build.internal.spaces.QuerySpacesImpl - Adding QuerySpace : uid = <gen:3> -> org.hibernate.loader.plan.build.internal.spaces.EntityQuerySpaceImpl@4cef0747]
20:19:29.263 [main] DEBUG org.hibernate.persister.walking.spi.MetamodelGraphWalker - Visiting attribute path : correlatorId
20:19:29.263 [main] DEBUG org.hibernate.persister.walking.spi.MetamodelGraphWalker - Visiting attribute path : description
20:19:29.263 [main] DEBUG org.hibernate.persister.walking.spi.MetamodelGraphWalker - Visiting attribute path : href
20:19:29.264 [main] DEBUG org.hibernate.persister.walking.spi.MetamodelGraphWalker - Visiting attribute path : name
20:19:29.264 [main] DEBUG org.hibernate.persister.walking.spi.MetamodelGraphWalker - Visiting attribute path : payer
20:19:29.264 [main] DEBUG org.hibernate.loader.plan.build.internal.spaces.QuerySpacesImpl - Adding QuerySpace : uid = <gen:4> -> org.hibernate.loader.plan.build.internal.spaces.EntityQuerySpaceImpl@4213bc3e]
20:19:29.264 [main] DEBUG org.hibernate.persister.walking.spi.MetamodelGraphWalker - Visiting attribute path : paymentDate
20:19:29.264 [main] DEBUG org.hibernate.persister.walking.spi.MetamodelGraphWalker - Visiting attribute path : paymentItem
20:19:29.264 [main] DEBUG org.hibernate.loader.plan.build.internal.spaces.QuerySpacesImpl - Adding QuerySpace : uid = <gen:5> -> org.hibernate.loader.plan.build.internal.spaces.CollectionQuerySpaceImpl@6aaa678d]
20:19:29.264 [main] DEBUG org.hibernate.loader.plan.build.internal.spaces.QuerySpacesImpl - Adding QuerySpace : uid = <gen:6> -> org.hibernate.loader.plan.build.internal.spaces.EntityQuerySpaceImpl@25dcf1b6]
20:19:29.264 [main] DEBUG org.hibernate.persister.walking.spi.MetamodelGraphWalker - Visiting attribute path : paymentMethod
20:19:29.264 [main] DEBUG org.hibernate.loader.plan.build.internal.spaces.QuerySpacesImpl - Adding QuerySpace : uid = <gen:7> -> org.hibernate.loader.plan.build.internal.spaces.CollectionQuerySpaceImpl@113d0f75]
20:19:29.264 [main] DEBUG org.hibernate.loader.plan.build.internal.spaces.QuerySpacesImpl - Adding QuerySpace : uid = <gen:8> -> org.hibernate.loader.plan.build.internal.spaces.EntityQuerySpaceImpl@4e10a320]
20:19:29.264 [main] DEBUG org.hibernate.persister.walking.spi.MetamodelGraphWalker - Visiting attribute path : status
20:19:29.264 [main] DEBUG org.hibernate.persister.walking.spi.MetamodelGraphWalker - Visiting attribute path : statusDate
20:19:29.264 [main] DEBUG org.hibernate.persister.walking.spi.MetamodelGraphWalker - Visiting attribute path : taxAmount
20:19:29.264 [main] DEBUG org.hibernate.loader.plan.build.internal.spaces.QuerySpacesImpl - Adding QuerySpace : uid = <gen:9> -> org.hibernate.loader.plan.build.internal.spaces.EntityQuerySpaceImpl@773f3360]
20:19:29.267 [main] DEBUG org.hibernate.persister.walking.spi.MetamodelGraphWalker - Visiting attribute path : totalAmount
20:19:29.267 [main] DEBUG org.hibernate.loader.plan.build.internal.spaces.QuerySpacesImpl - Adding QuerySpace : uid = <gen:10> -> org.hibernate.loader.plan.build.internal.spaces.EntityQuerySpaceImpl@352c3d70]
20:19:29.267 [main] DEBUG org.hibernate.loader.plan.build.internal.FetchStyleLoadPlanBuildingAssociationVisitationStrategy - Building LoadPlan...
20:19:29.267 [main] DEBUG org.hibernate.loader.plan.exec.internal.LoadQueryJoinAndFetchProcessor - processing queryspace <gen:0>
20:19:29.268 [main] DEBUG org.hibernate.loader.plan.build.spi.LoadPlanTreePrinter - LoadPlan(entity=io.swagger.model.PaymentType)
    - Returns
       - EntityReturnImpl(entity=io.swagger.model.PaymentType, querySpaceUid=<gen:0>, path=io.swagger.model.PaymentType)
          - EntityAttributeFetchImpl(entity=io.swagger.model.AccountRefType, querySpaceUid=<gen:1>, path=io.swagger.model.PaymentType.account)
          - EntityAttributeFetchImpl(entity=io.swagger.model.MoneyType, querySpaceUid=<gen:2>, path=io.swagger.model.PaymentType.amount)
          - EntityAttributeFetchImpl(entity=io.swagger.model.ChannelRefType, querySpaceUid=<gen:3>, path=io.swagger.model.PaymentType.channel)
          - EntityAttributeFetchImpl(entity=io.swagger.model.RelatedPartyRefType, querySpaceUid=<gen:4>, path=io.swagger.model.PaymentType.payer)
          - CollectionAttributeFetchImpl(collection=io.swagger.model.PaymentType.paymentItem, querySpaceUid=<gen:5>, path=io.swagger.model.PaymentType.paymentItem)
             - (collection element) CollectionFetchableElementEntityGraph(entity=io.swagger.model.PaymentItemType, querySpaceUid=<gen:6>, path=io.swagger.model.PaymentType.paymentItem.<elements>)
          - CollectionAttributeFetchImpl(collection=io.swagger.model.PaymentType.paymentMethod, querySpaceUid=<gen:7>, path=io.swagger.model.PaymentType.paymentMethod)
             - (collection element) CollectionFetchableElementEntityGraph(entity=io.swagger.model.PaymentMethodType, querySpaceUid=<gen:8>, path=io.swagger.model.PaymentType.paymentMethod.<elements>)
          - EntityAttributeFetchImpl(entity=io.swagger.model.MoneyType, querySpaceUid=<gen:9>, path=io.swagger.model.PaymentType.taxAmount)
          - EntityAttributeFetchImpl(entity=io.swagger.model.MoneyType, querySpaceUid=<gen:10>, path=io.swagger.model.PaymentType.totalAmount)
    - QuerySpaces
       - EntityQuerySpaceImpl(uid=<gen:0>, entity=io.swagger.model.PaymentType)
          - SQL table alias mapping - paymenttyp0_
          - alias suffix - 0_
          - suffixed key columns - {id1_14_0_}

20:19:29.268 [main] DEBUG org.hibernate.loader.entity.plan.EntityLoader - Static select for entity io.swagger.model.PaymentType [PESSIMISTIC_WRITE]: select paymenttyp0_.id as id1_14_0_, paymenttyp0_.account_id as account10_14_0_, paymenttyp0_.amount_id as amount_11_14_0_, paymenttyp0_.authorizationCode as authoriz2_14_0_, paymenttyp0_.channel_id as channel12_14_0_, paymenttyp0_.correlatorId as correlat3_14_0_, paymenttyp0_.description as descript4_14_0_, paymenttyp0_.href as href5_14_0_, paymenttyp0_.name as name6_14_0_, paymenttyp0_.payer_id as payer_i13_14_0_, paymenttyp0_.paymentDate as paymentD7_14_0_, paymenttyp0_.status as status8_14_0_, paymenttyp0_.statusDate as statusDa9_14_0_, paymenttyp0_.taxAmount_id as taxAmou14_14_0_, paymenttyp0_.totalAmount_id as totalAm15_14_0_ from PaymentType paymenttyp0_ where paymenttyp0_.id=? for update
20:19:29.268 [main] DEBUG org.hibernate.loader.plan.build.internal.spaces.QuerySpacesImpl - Adding QuerySpace : uid = <gen:0> -> org.hibernate.loader.plan.build.internal.spaces.EntityQuerySpaceImpl@4c13ca07]
20:19:29.268 [main] DEBUG org.hibernate.persister.walking.spi.MetamodelGraphWalker - Visiting attribute path : account
20:19:29.268 [main] DEBUG org.hibernate.loader.plan.build.internal.spaces.QuerySpacesImpl - Adding QuerySpace : uid = <gen:1> -> org.hibernate.loader.plan.build.internal.spaces.EntityQuerySpaceImpl@97beeaf]
20:19:29.268 [main] DEBUG org.hibernate.persister.walking.spi.MetamodelGraphWalker - Visiting attribute path : amount
20:19:29.268 [main] DEBUG org.hibernate.loader.plan.build.internal.spaces.QuerySpacesImpl - Adding QuerySpace : uid = <gen:2> -> org.hibernate.loader.plan.build.internal.spaces.EntityQuerySpaceImpl@5d68954d]
20:19:29.268 [main] DEBUG org.hibernate.persister.walking.spi.MetamodelGraphWalker - Visiting attribute path : authorizationCode
20:19:29.268 [main] DEBUG org.hibernate.persister.walking.spi.MetamodelGraphWalker - Visiting attribute path : channel
20:19:29.269 [main] DEBUG org.hibernate.loader.plan.build.internal.spaces.QuerySpacesImpl - Adding QuerySpace : uid = <gen:3> -> org.hibernate.loader.plan.build.internal.spaces.EntityQuerySpaceImpl@f793f15]
20:19:29.269 [main] DEBUG org.hibernate.persister.walking.spi.MetamodelGraphWalker - Visiting attribute path : correlatorId
20:19:29.269 [main] DEBUG org.hibernate.persister.walking.spi.MetamodelGraphWalker - Visiting attribute path : description
20:19:29.269 [main] DEBUG org.hibernate.persister.walking.spi.MetamodelGraphWalker - Visiting attribute path : href
20:19:29.269 [main] DEBUG org.hibernate.persister.walking.spi.MetamodelGraphWalker - Visiting attribute path : name
20:19:29.269 [main] DEBUG org.hibernate.persister.walking.spi.MetamodelGraphWalker - Visiting attribute path : payer
20:19:29.269 [main] DEBUG org.hibernate.loader.plan.build.internal.spaces.QuerySpacesImpl - Adding QuerySpace : uid = <gen:4> -> org.hibernate.loader.plan.build.internal.spaces.EntityQuerySpaceImpl@3ec7eb5]
20:19:29.269 [main] DEBUG org.hibernate.persister.walking.spi.MetamodelGraphWalker - Visiting attribute path : paymentDate
20:19:29.269 [main] DEBUG org.hibernate.persister.walking.spi.MetamodelGraphWalker - Visiting attribute path : paymentItem
20:19:29.269 [main] DEBUG org.hibernate.loader.plan.build.internal.spaces.QuerySpacesImpl - Adding QuerySpace : uid = <gen:5> -> org.hibernate.loader.plan.build.internal.spaces.CollectionQuerySpaceImpl@5534e6f1]
20:19:29.269 [main] DEBUG org.hibernate.loader.plan.build.internal.spaces.QuerySpacesImpl - Adding QuerySpace : uid = <gen:6> -> org.hibernate.loader.plan.build.internal.spaces.EntityQuerySpaceImpl@4c6fc3e7]
20:19:29.269 [main] DEBUG org.hibernate.persister.walking.spi.MetamodelGraphWalker - Visiting attribute path : paymentMethod
20:19:29.269 [main] DEBUG org.hibernate.loader.plan.build.internal.spaces.QuerySpacesImpl - Adding QuerySpace : uid = <gen:7> -> org.hibernate.loader.plan.build.internal.spaces.CollectionQuerySpaceImpl@aa8dce8]
20:19:29.269 [main] DEBUG org.hibernate.loader.plan.build.internal.spaces.QuerySpacesImpl - Adding QuerySpace : uid = <gen:8> -> org.hibernate.loader.plan.build.internal.spaces.EntityQuerySpaceImpl@6ad112de]
20:19:29.269 [main] DEBUG org.hibernate.persister.walking.spi.MetamodelGraphWalker - Visiting attribute path : status
20:19:29.269 [main] DEBUG org.hibernate.persister.walking.spi.MetamodelGraphWalker - Visiting attribute path : statusDate
20:19:29.269 [main] DEBUG org.hibernate.persister.walking.spi.MetamodelGraphWalker - Visiting attribute path : taxAmount
20:19:29.269 [main] DEBUG org.hibernate.loader.plan.build.internal.spaces.QuerySpacesImpl - Adding QuerySpace : uid = <gen:9> -> org.hibernate.loader.plan.build.internal.spaces.EntityQuerySpaceImpl@18a0721b]
20:19:29.269 [main] DEBUG org.hibernate.persister.walking.spi.MetamodelGraphWalker - Visiting attribute path : totalAmount
20:19:29.269 [main] DEBUG org.hibernate.loader.plan.build.internal.spaces.QuerySpacesImpl - Adding QuerySpace : uid = <gen:10> -> org.hibernate.loader.plan.build.internal.spaces.EntityQuerySpaceImpl@2ae2fa13]
20:19:29.270 [main] DEBUG org.hibernate.loader.plan.build.internal.FetchStyleLoadPlanBuildingAssociationVisitationStrategy - Building LoadPlan...
20:19:29.270 [main] DEBUG org.hibernate.loader.plan.exec.internal.LoadQueryJoinAndFetchProcessor - processing queryspace <gen:0>
20:19:29.270 [main] DEBUG org.hibernate.loader.plan.build.spi.LoadPlanTreePrinter - LoadPlan(entity=io.swagger.model.PaymentType)
    - Returns
       - EntityReturnImpl(entity=io.swagger.model.PaymentType, querySpaceUid=<gen:0>, path=io.swagger.model.PaymentType)
          - EntityAttributeFetchImpl(entity=io.swagger.model.AccountRefType, querySpaceUid=<gen:1>, path=io.swagger.model.PaymentType.account)
          - EntityAttributeFetchImpl(entity=io.swagger.model.MoneyType, querySpaceUid=<gen:2>, path=io.swagger.model.PaymentType.amount)
          - EntityAttributeFetchImpl(entity=io.swagger.model.ChannelRefType, querySpaceUid=<gen:3>, path=io.swagger.model.PaymentType.channel)
          - EntityAttributeFetchImpl(entity=io.swagger.model.RelatedPartyRefType, querySpaceUid=<gen:4>, path=io.swagger.model.PaymentType.payer)
          - CollectionAttributeFetchImpl(collection=io.swagger.model.PaymentType.paymentItem, querySpaceUid=<gen:5>, path=io.swagger.model.PaymentType.paymentItem)
             - (collection element) CollectionFetchableElementEntityGraph(entity=io.swagger.model.PaymentItemType, querySpaceUid=<gen:6>, path=io.swagger.model.PaymentType.paymentItem.<elements>)
          - CollectionAttributeFetchImpl(collection=io.swagger.model.PaymentType.paymentMethod, querySpaceUid=<gen:7>, path=io.swagger.model.PaymentType.paymentMethod)
             - (collection element) CollectionFetchableElementEntityGraph(entity=io.swagger.model.PaymentMethodType, querySpaceUid=<gen:8>, path=io.swagger.model.PaymentType.paymentMethod.<elements>)
          - EntityAttributeFetchImpl(entity=io.swagger.model.MoneyType, querySpaceUid=<gen:9>, path=io.swagger.model.PaymentType.taxAmount)
          - EntityAttributeFetchImpl(entity=io.swagger.model.MoneyType, querySpaceUid=<gen:10>, path=io.swagger.model.PaymentType.totalAmount)
    - QuerySpaces
       - EntityQuerySpaceImpl(uid=<gen:0>, entity=io.swagger.model.PaymentType)
          - SQL table alias mapping - paymenttyp0_
          - alias suffix - 0_
          - suffixed key columns - {id1_14_0_}

20:19:29.270 [main] DEBUG org.hibernate.loader.entity.plan.EntityLoader - Static select for entity io.swagger.model.PaymentType [PESSIMISTIC_FORCE_INCREMENT]: select paymenttyp0_.id as id1_14_0_, paymenttyp0_.account_id as account10_14_0_, paymenttyp0_.amount_id as amount_11_14_0_, paymenttyp0_.authorizationCode as authoriz2_14_0_, paymenttyp0_.channel_id as channel12_14_0_, paymenttyp0_.correlatorId as correlat3_14_0_, paymenttyp0_.description as descript4_14_0_, paymenttyp0_.href as href5_14_0_, paymenttyp0_.name as name6_14_0_, paymenttyp0_.payer_id as payer_i13_14_0_, paymenttyp0_.paymentDate as paymentD7_14_0_, paymenttyp0_.status as status8_14_0_, paymenttyp0_.statusDate as statusDa9_14_0_, paymenttyp0_.taxAmount_id as taxAmou14_14_0_, paymenttyp0_.totalAmount_id as totalAm15_14_0_ from PaymentType paymenttyp0_ where paymenttyp0_.id=? for update
20:19:29.270 [main] DEBUG org.hibernate.loader.plan.build.internal.spaces.QuerySpacesImpl - Adding QuerySpace : uid = <gen:0> -> org.hibernate.loader.plan.build.internal.spaces.EntityQuerySpaceImpl@66e12c3b]
20:19:29.271 [main] DEBUG org.hibernate.persister.walking.spi.MetamodelGraphWalker - Visiting attribute path : account
20:19:29.271 [main] DEBUG org.hibernate.loader.plan.build.internal.spaces.QuerySpacesImpl - Adding QuerySpace : uid = <gen:1> -> org.hibernate.loader.plan.build.internal.spaces.EntityQuerySpaceImpl@1f6f0fe2]
20:19:29.271 [main] DEBUG org.hibernate.persister.walking.spi.MetamodelGraphWalker - Visiting attribute path : amount
20:19:29.271 [main] DEBUG org.hibernate.loader.plan.build.internal.spaces.QuerySpacesImpl - Adding QuerySpace : uid = <gen:2> -> org.hibernate.loader.plan.build.internal.spaces.EntityQuerySpaceImpl@22604c7e]
20:19:29.271 [main] DEBUG org.hibernate.persister.walking.spi.MetamodelGraphWalker - Visiting attribute path : authorizationCode
20:19:29.271 [main] DEBUG org.hibernate.persister.walking.spi.MetamodelGraphWalker - Visiting attribute path : channel
20:19:29.271 [main] DEBUG org.hibernate.loader.plan.build.internal.spaces.QuerySpacesImpl - Adding QuerySpace : uid = <gen:3> -> org.hibernate.loader.plan.build.internal.spaces.EntityQuerySpaceImpl@4d8f2cfd]
20:19:29.271 [main] DEBUG org.hibernate.persister.walking.spi.MetamodelGraphWalker - Visiting attribute path : correlatorId
20:19:29.271 [main] DEBUG org.hibernate.persister.walking.spi.MetamodelGraphWalker - Visiting attribute path : description
20:19:29.271 [main] DEBUG org.hibernate.persister.walking.spi.MetamodelGraphWalker - Visiting attribute path : href
20:19:29.271 [main] DEBUG org.hibernate.persister.walking.spi.MetamodelGraphWalker - Visiting attribute path : name
20:19:29.271 [main] DEBUG org.hibernate.persister.walking.spi.MetamodelGraphWalker - Visiting attribute path : payer
20:19:29.274 [main] DEBUG org.hibernate.loader.plan.build.internal.spaces.QuerySpacesImpl - Adding QuerySpace : uid = <gen:4> -> org.hibernate.loader.plan.build.internal.spaces.EntityQuerySpaceImpl@6d4502ca]
20:19:29.274 [main] DEBUG org.hibernate.persister.walking.spi.MetamodelGraphWalker - Visiting attribute path : paymentDate
20:19:29.274 [main] DEBUG org.hibernate.persister.walking.spi.MetamodelGraphWalker - Visiting attribute path : paymentItem
20:19:29.274 [main] DEBUG org.hibernate.loader.plan.build.internal.spaces.QuerySpacesImpl - Adding QuerySpace : uid = <gen:5> -> org.hibernate.loader.plan.build.internal.spaces.CollectionQuerySpaceImpl@ab2009f]
20:19:29.274 [main] DEBUG org.hibernate.loader.plan.build.internal.spaces.QuerySpacesImpl - Adding QuerySpace : uid = <gen:6> -> org.hibernate.loader.plan.build.internal.spaces.EntityQuerySpaceImpl@2a11ae0b]
20:19:29.274 [main] DEBUG org.hibernate.persister.walking.spi.MetamodelGraphWalker - Visiting attribute path : paymentMethod
20:19:29.275 [main] DEBUG org.hibernate.loader.plan.build.internal.spaces.QuerySpacesImpl - Adding QuerySpace : uid = <gen:7> -> org.hibernate.loader.plan.build.internal.spaces.CollectionQuerySpaceImpl@1e4d8770]
20:19:29.275 [main] DEBUG org.hibernate.loader.plan.build.internal.spaces.QuerySpacesImpl - Adding QuerySpace : uid = <gen:8> -> org.hibernate.loader.plan.build.internal.spaces.EntityQuerySpaceImpl@5b5b9521]
20:19:29.275 [main] DEBUG org.hibernate.persister.walking.spi.MetamodelGraphWalker - Visiting attribute path : status
20:19:29.275 [main] DEBUG org.hibernate.persister.walking.spi.MetamodelGraphWalker - Visiting attribute path : statusDate
20:19:29.275 [main] DEBUG org.hibernate.persister.walking.spi.MetamodelGraphWalker - Visiting attribute path : taxAmount
20:19:29.275 [main] DEBUG org.hibernate.loader.plan.build.internal.spaces.QuerySpacesImpl - Adding QuerySpace : uid = <gen:9> -> org.hibernate.loader.plan.build.internal.spaces.EntityQuerySpaceImpl@41f7c02d]
20:19:29.275 [main] DEBUG org.hibernate.persister.walking.spi.MetamodelGraphWalker - Visiting attribute path : totalAmount
20:19:29.275 [main] DEBUG org.hibernate.loader.plan.build.internal.spaces.QuerySpacesImpl - Adding QuerySpace : uid = <gen:10> -> org.hibernate.loader.plan.build.internal.spaces.EntityQuerySpaceImpl@66314fee]
20:19:29.275 [main] DEBUG org.hibernate.loader.plan.build.internal.FetchStyleLoadPlanBuildingAssociationVisitationStrategy - Building LoadPlan...
20:19:29.276 [main] DEBUG org.hibernate.loader.plan.exec.internal.LoadQueryJoinAndFetchProcessor - processing queryspace <gen:0>
20:19:29.276 [main] DEBUG org.hibernate.loader.plan.build.spi.LoadPlanTreePrinter - LoadPlan(entity=io.swagger.model.PaymentType)
    - Returns
       - EntityReturnImpl(entity=io.swagger.model.PaymentType, querySpaceUid=<gen:0>, path=io.swagger.model.PaymentType)
          - EntityAttributeFetchImpl(entity=io.swagger.model.AccountRefType, querySpaceUid=<gen:1>, path=io.swagger.model.PaymentType.account)
          - EntityAttributeFetchImpl(entity=io.swagger.model.MoneyType, querySpaceUid=<gen:2>, path=io.swagger.model.PaymentType.amount)
          - EntityAttributeFetchImpl(entity=io.swagger.model.ChannelRefType, querySpaceUid=<gen:3>, path=io.swagger.model.PaymentType.channel)
          - EntityAttributeFetchImpl(entity=io.swagger.model.RelatedPartyRefType, querySpaceUid=<gen:4>, path=io.swagger.model.PaymentType.payer)
          - CollectionAttributeFetchImpl(collection=io.swagger.model.PaymentType.paymentItem, querySpaceUid=<gen:5>, path=io.swagger.model.PaymentType.paymentItem)
             - (collection element) CollectionFetchableElementEntityGraph(entity=io.swagger.model.PaymentItemType, querySpaceUid=<gen:6>, path=io.swagger.model.PaymentType.paymentItem.<elements>)
          - CollectionAttributeFetchImpl(collection=io.swagger.model.PaymentType.paymentMethod, querySpaceUid=<gen:7>, path=io.swagger.model.PaymentType.paymentMethod)
             - (collection element) CollectionFetchableElementEntityGraph(entity=io.swagger.model.PaymentMethodType, querySpaceUid=<gen:8>, path=io.swagger.model.PaymentType.paymentMethod.<elements>)
          - EntityAttributeFetchImpl(entity=io.swagger.model.MoneyType, querySpaceUid=<gen:9>, path=io.swagger.model.PaymentType.taxAmount)
          - EntityAttributeFetchImpl(entity=io.swagger.model.MoneyType, querySpaceUid=<gen:10>, path=io.swagger.model.PaymentType.totalAmount)
    - QuerySpaces
       - EntityQuerySpaceImpl(uid=<gen:0>, entity=io.swagger.model.PaymentType)
          - SQL table alias mapping - paymenttyp0_
          - alias suffix - 0_
          - suffixed key columns - {id1_14_0_}

20:19:29.276 [main] DEBUG org.hibernate.loader.entity.plan.EntityLoader - Static select for entity io.swagger.model.PaymentType [OPTIMISTIC]: select paymenttyp0_.id as id1_14_0_, paymenttyp0_.account_id as account10_14_0_, paymenttyp0_.amount_id as amount_11_14_0_, paymenttyp0_.authorizationCode as authoriz2_14_0_, paymenttyp0_.channel_id as channel12_14_0_, paymenttyp0_.correlatorId as correlat3_14_0_, paymenttyp0_.description as descript4_14_0_, paymenttyp0_.href as href5_14_0_, paymenttyp0_.name as name6_14_0_, paymenttyp0_.payer_id as payer_i13_14_0_, paymenttyp0_.paymentDate as paymentD7_14_0_, paymenttyp0_.status as status8_14_0_, paymenttyp0_.statusDate as statusDa9_14_0_, paymenttyp0_.taxAmount_id as taxAmou14_14_0_, paymenttyp0_.totalAmount_id as totalAm15_14_0_ from PaymentType paymenttyp0_ where paymenttyp0_.id=?
20:19:29.277 [main] DEBUG org.hibernate.loader.plan.build.internal.spaces.QuerySpacesImpl - Adding QuerySpace : uid = <gen:0> -> org.hibernate.loader.plan.build.internal.spaces.EntityQuerySpaceImpl@14b5325f]
20:19:29.277 [main] DEBUG org.hibernate.persister.walking.spi.MetamodelGraphWalker - Visiting attribute path : account
20:19:29.277 [main] DEBUG org.hibernate.loader.plan.build.internal.spaces.QuerySpacesImpl - Adding QuerySpace : uid = <gen:1> -> org.hibernate.loader.plan.build.internal.spaces.EntityQuerySpaceImpl@6cc90398]
20:19:29.277 [main] DEBUG org.hibernate.persister.walking.spi.MetamodelGraphWalker - Visiting attribute path : amount
20:19:29.277 [main] DEBUG org.hibernate.loader.plan.build.internal.spaces.QuerySpacesImpl - Adding QuerySpace : uid = <gen:2> -> org.hibernate.loader.plan.build.internal.spaces.EntityQuerySpaceImpl@6b6fd0]
20:19:29.277 [main] DEBUG org.hibernate.persister.walking.spi.MetamodelGraphWalker - Visiting attribute path : authorizationCode
20:19:29.277 [main] DEBUG org.hibernate.persister.walking.spi.MetamodelGraphWalker - Visiting attribute path : channel
20:19:29.277 [main] DEBUG org.hibernate.loader.plan.build.internal.spaces.QuerySpacesImpl - Adding QuerySpace : uid = <gen:3> -> org.hibernate.loader.plan.build.internal.spaces.EntityQuerySpaceImpl@3d718248]
20:19:29.277 [main] DEBUG org.hibernate.persister.walking.spi.MetamodelGraphWalker - Visiting attribute path : correlatorId
20:19:29.277 [main] DEBUG org.hibernate.persister.walking.spi.MetamodelGraphWalker - Visiting attribute path : description
20:19:29.277 [main] DEBUG org.hibernate.persister.walking.spi.MetamodelGraphWalker - Visiting attribute path : href
20:19:29.277 [main] DEBUG org.hibernate.persister.walking.spi.MetamodelGraphWalker - Visiting attribute path : name
20:19:29.277 [main] DEBUG org.hibernate.persister.walking.spi.MetamodelGraphWalker - Visiting attribute path : payer
20:19:29.277 [main] DEBUG org.hibernate.loader.plan.build.internal.spaces.QuerySpacesImpl - Adding QuerySpace : uid = <gen:4> -> org.hibernate.loader.plan.build.internal.spaces.EntityQuerySpaceImpl@2cdb5974]
20:19:29.277 [main] DEBUG org.hibernate.persister.walking.spi.MetamodelGraphWalker - Visiting attribute path : paymentDate
20:19:29.277 [main] DEBUG org.hibernate.persister.walking.spi.MetamodelGraphWalker - Visiting attribute path : paymentItem
20:19:29.277 [main] DEBUG org.hibernate.loader.plan.build.internal.spaces.QuerySpacesImpl - Adding QuerySpace : uid = <gen:5> -> org.hibernate.loader.plan.build.internal.spaces.CollectionQuerySpaceImpl@8aa5ab4]
20:19:29.277 [main] DEBUG org.hibernate.loader.plan.build.internal.spaces.QuerySpacesImpl - Adding QuerySpace : uid = <gen:6> -> org.hibernate.loader.plan.build.internal.spaces.EntityQuerySpaceImpl@53e4a19e]
20:19:29.277 [main] DEBUG org.hibernate.persister.walking.spi.MetamodelGraphWalker - Visiting attribute path : paymentMethod
20:19:29.278 [main] DEBUG org.hibernate.loader.plan.build.internal.spaces.QuerySpacesImpl - Adding QuerySpace : uid = <gen:7> -> org.hibernate.loader.plan.build.internal.spaces.CollectionQuerySpaceImpl@62360a68]
20:19:29.278 [main] DEBUG org.hibernate.loader.plan.build.internal.spaces.QuerySpacesImpl - Adding QuerySpace : uid = <gen:8> -> org.hibernate.loader.plan.build.internal.spaces.EntityQuerySpaceImpl@1450ffa3]
20:19:29.278 [main] DEBUG org.hibernate.persister.walking.spi.MetamodelGraphWalker - Visiting attribute path : status
20:19:29.278 [main] DEBUG org.hibernate.persister.walking.spi.MetamodelGraphWalker - Visiting attribute path : statusDate
20:19:29.278 [main] DEBUG org.hibernate.persister.walking.spi.MetamodelGraphWalker - Visiting attribute path : taxAmount
20:19:29.278 [main] DEBUG org.hibernate.loader.plan.build.internal.spaces.QuerySpacesImpl - Adding QuerySpace : uid = <gen:9> -> org.hibernate.loader.plan.build.internal.spaces.EntityQuerySpaceImpl@4e756867]
20:19:29.278 [main] DEBUG org.hibernate.persister.walking.spi.MetamodelGraphWalker - Visiting attribute path : totalAmount
20:19:29.278 [main] DEBUG org.hibernate.loader.plan.build.internal.spaces.QuerySpacesImpl - Adding QuerySpace : uid = <gen:10> -> org.hibernate.loader.plan.build.internal.spaces.EntityQuerySpaceImpl@38ebc866]
20:19:29.278 [main] DEBUG org.hibernate.loader.plan.build.internal.FetchStyleLoadPlanBuildingAssociationVisitationStrategy - Building LoadPlan...
20:19:29.278 [main] DEBUG org.hibernate.loader.plan.exec.internal.LoadQueryJoinAndFetchProcessor - processing queryspace <gen:0>
20:19:29.279 [main] DEBUG org.hibernate.loader.plan.build.spi.LoadPlanTreePrinter - LoadPlan(entity=io.swagger.model.PaymentType)
    - Returns
       - EntityReturnImpl(entity=io.swagger.model.PaymentType, querySpaceUid=<gen:0>, path=io.swagger.model.PaymentType)
          - EntityAttributeFetchImpl(entity=io.swagger.model.AccountRefType, querySpaceUid=<gen:1>, path=io.swagger.model.PaymentType.account)
          - EntityAttributeFetchImpl(entity=io.swagger.model.MoneyType, querySpaceUid=<gen:2>, path=io.swagger.model.PaymentType.amount)
          - EntityAttributeFetchImpl(entity=io.swagger.model.ChannelRefType, querySpaceUid=<gen:3>, path=io.swagger.model.PaymentType.channel)
          - EntityAttributeFetchImpl(entity=io.swagger.model.RelatedPartyRefType, querySpaceUid=<gen:4>, path=io.swagger.model.PaymentType.payer)
          - CollectionAttributeFetchImpl(collection=io.swagger.model.PaymentType.paymentItem, querySpaceUid=<gen:5>, path=io.swagger.model.PaymentType.paymentItem)
             - (collection element) CollectionFetchableElementEntityGraph(entity=io.swagger.model.PaymentItemType, querySpaceUid=<gen:6>, path=io.swagger.model.PaymentType.paymentItem.<elements>)
          - CollectionAttributeFetchImpl(collection=io.swagger.model.PaymentType.paymentMethod, querySpaceUid=<gen:7>, path=io.swagger.model.PaymentType.paymentMethod)
             - (collection element) CollectionFetchableElementEntityGraph(entity=io.swagger.model.PaymentMethodType, querySpaceUid=<gen:8>, path=io.swagger.model.PaymentType.paymentMethod.<elements>)
          - EntityAttributeFetchImpl(entity=io.swagger.model.MoneyType, querySpaceUid=<gen:9>, path=io.swagger.model.PaymentType.taxAmount)
          - EntityAttributeFetchImpl(entity=io.swagger.model.MoneyType, querySpaceUid=<gen:10>, path=io.swagger.model.PaymentType.totalAmount)
    - QuerySpaces
       - EntityQuerySpaceImpl(uid=<gen:0>, entity=io.swagger.model.PaymentType)
          - SQL table alias mapping - paymenttyp0_
          - alias suffix - 0_
          - suffixed key columns - {id1_14_0_}

20:19:29.279 [main] DEBUG org.hibernate.loader.entity.plan.EntityLoader - Static select for entity io.swagger.model.PaymentType [OPTIMISTIC_FORCE_INCREMENT]: select paymenttyp0_.id as id1_14_0_, paymenttyp0_.account_id as account10_14_0_, paymenttyp0_.amount_id as amount_11_14_0_, paymenttyp0_.authorizationCode as authoriz2_14_0_, paymenttyp0_.channel_id as channel12_14_0_, paymenttyp0_.correlatorId as correlat3_14_0_, paymenttyp0_.description as descript4_14_0_, paymenttyp0_.href as href5_14_0_, paymenttyp0_.name as name6_14_0_, paymenttyp0_.payer_id as payer_i13_14_0_, paymenttyp0_.paymentDate as paymentD7_14_0_, paymenttyp0_.status as status8_14_0_, paymenttyp0_.statusDate as statusDa9_14_0_, paymenttyp0_.taxAmount_id as taxAmou14_14_0_, paymenttyp0_.totalAmount_id as totalAm15_14_0_ from PaymentType paymenttyp0_ where paymenttyp0_.id=?
20:19:29.282 [main] DEBUG org.hibernate.loader.Loader - Static select for action ACTION_MERGE on entity io.swagger.model.PaymentType: select paymenttyp0_.id as id1_14_1_, paymenttyp0_.account_id as account10_14_1_, paymenttyp0_.amount_id as amount_11_14_1_, paymenttyp0_.authorizationCode as authoriz2_14_1_, paymenttyp0_.channel_id as channel12_14_1_, paymenttyp0_.correlatorId as correlat3_14_1_, paymenttyp0_.description as descript4_14_1_, paymenttyp0_.href as href5_14_1_, paymenttyp0_.name as name6_14_1_, paymenttyp0_.payer_id as payer_i13_14_1_, paymenttyp0_.paymentDate as paymentD7_14_1_, paymenttyp0_.status as status8_14_1_, paymenttyp0_.statusDate as statusDa9_14_1_, paymenttyp0_.taxAmount_id as taxAmou14_14_1_, paymenttyp0_.totalAmount_id as totalAm15_14_1_, paymentite1_.PaymentType_id as PaymentT1_15_3_, paymentite2_.id as paymentI2_15_3_, paymentite2_.id as id1_10_0_, paymentite2_.amount_id as amount_i2_10_0_, paymentite2_.item_id as item_id3_10_0_, paymentite2_.taxAmount_id as taxAmoun4_10_0_, paymentite2_.totalAmount_id as totalAmo5_10_0_ from PaymentType paymenttyp0_ left outer join PaymentType_PaymentItemType paymentite1_ on paymenttyp0_.id=paymentite1_.PaymentType_id left outer join PaymentItemType paymentite2_ on paymentite1_.paymentItem_id=paymentite2_.id where paymenttyp0_.id=?
20:19:29.285 [main] DEBUG org.hibernate.loader.Loader - Static select for action ACTION_REFRESH on entity io.swagger.model.PaymentType: select paymenttyp0_.id as id1_14_1_, paymenttyp0_.account_id as account10_14_1_, paymenttyp0_.amount_id as amount_11_14_1_, paymenttyp0_.authorizationCode as authoriz2_14_1_, paymenttyp0_.channel_id as channel12_14_1_, paymenttyp0_.correlatorId as correlat3_14_1_, paymenttyp0_.description as descript4_14_1_, paymenttyp0_.href as href5_14_1_, paymenttyp0_.name as name6_14_1_, paymenttyp0_.payer_id as payer_i13_14_1_, paymenttyp0_.paymentDate as paymentD7_14_1_, paymenttyp0_.status as status8_14_1_, paymenttyp0_.statusDate as statusDa9_14_1_, paymenttyp0_.taxAmount_id as taxAmou14_14_1_, paymenttyp0_.totalAmount_id as totalAm15_14_1_, paymentite1_.PaymentType_id as PaymentT1_15_3_, paymentite2_.id as paymentI2_15_3_, paymentite2_.id as id1_10_0_, paymentite2_.amount_id as amount_i2_10_0_, paymentite2_.item_id as item_id3_10_0_, paymentite2_.taxAmount_id as taxAmoun4_10_0_, paymentite2_.totalAmount_id as totalAmo5_10_0_ from PaymentType paymenttyp0_ left outer join PaymentType_PaymentItemType paymentite1_ on paymenttyp0_.id=paymentite1_.PaymentType_id left outer join PaymentItemType paymentite2_ on paymentite1_.paymentItem_id=paymentite2_.id where paymenttyp0_.id=?
20:19:29.286 [main] DEBUG org.hibernate.persister.entity.AbstractEntityPersister - Static SQL for entity: io.swagger.model.TokenizedCardType
20:19:29.286 [main] DEBUG org.hibernate.persister.entity.AbstractEntityPersister -  Version select: select id from TokenizedCardType where id =?
20:19:29.286 [main] DEBUG org.hibernate.persister.entity.AbstractEntityPersister -  Snapshot select: select tokenizedc_.id, tokenizedc_.brand as brand2_24_, tokenizedc_.cvv as cvv3_24_, tokenizedc_.issuer as issuer4_24_, tokenizedc_.lastFourDigits as lastFour5_24_, tokenizedc_.token as token6_24_, tokenizedc_.tokenType as tokenTyp7_24_, tokenizedc_.type as type8_24_ from TokenizedCardType tokenizedc_ where tokenizedc_.id=?
20:19:29.286 [main] DEBUG org.hibernate.persister.entity.AbstractEntityPersister -  Insert 0: insert into TokenizedCardType (brand, cvv, issuer, lastFourDigits, token, tokenType, type, id) values (?, ?, ?, ?, ?, ?, ?, ?)
20:19:29.286 [main] DEBUG org.hibernate.persister.entity.AbstractEntityPersister -  Update 0: update TokenizedCardType set brand=?, cvv=?, issuer=?, lastFourDigits=?, token=?, tokenType=?, type=? where id=?
20:19:29.286 [main] DEBUG org.hibernate.persister.entity.AbstractEntityPersister -  Delete 0: delete from TokenizedCardType where id=?
20:19:29.286 [main] DEBUG org.hibernate.loader.plan.build.internal.spaces.QuerySpacesImpl - Adding QuerySpace : uid = <gen:0> -> org.hibernate.loader.plan.build.internal.spaces.EntityQuerySpaceImpl@2b90cc1]
20:19:29.286 [main] DEBUG org.hibernate.persister.walking.spi.MetamodelGraphWalker - Visiting attribute path : brand
20:19:29.286 [main] DEBUG org.hibernate.persister.walking.spi.MetamodelGraphWalker - Visiting attribute path : cvv
20:19:29.286 [main] DEBUG org.hibernate.persister.walking.spi.MetamodelGraphWalker - Visiting attribute path : issuer
20:19:29.286 [main] DEBUG org.hibernate.persister.walking.spi.MetamodelGraphWalker - Visiting attribute path : lastFourDigits
20:19:29.286 [main] DEBUG org.hibernate.persister.walking.spi.MetamodelGraphWalker - Visiting attribute path : token
20:19:29.286 [main] DEBUG org.hibernate.persister.walking.spi.MetamodelGraphWalker - Visiting attribute path : tokenType
20:19:29.286 [main] DEBUG org.hibernate.persister.walking.spi.MetamodelGraphWalker - Visiting attribute path : type
20:19:29.286 [main] DEBUG org.hibernate.loader.plan.build.internal.FetchStyleLoadPlanBuildingAssociationVisitationStrategy - Building LoadPlan...
20:19:29.286 [main] DEBUG org.hibernate.loader.plan.exec.internal.LoadQueryJoinAndFetchProcessor - processing queryspace <gen:0>
20:19:29.287 [main] DEBUG org.hibernate.loader.plan.build.spi.LoadPlanTreePrinter - LoadPlan(entity=io.swagger.model.TokenizedCardType)
    - Returns
       - EntityReturnImpl(entity=io.swagger.model.TokenizedCardType, querySpaceUid=<gen:0>, path=io.swagger.model.TokenizedCardType)
    - QuerySpaces
       - EntityQuerySpaceImpl(uid=<gen:0>, entity=io.swagger.model.TokenizedCardType)
          - SQL table alias mapping - tokenizedc0_
          - alias suffix - 0_
          - suffixed key columns - {id1_24_0_}

20:19:29.287 [main] DEBUG org.hibernate.loader.entity.plan.EntityLoader - Static select for entity io.swagger.model.TokenizedCardType [NONE]: select tokenizedc0_.id as id1_24_0_, tokenizedc0_.brand as brand2_24_0_, tokenizedc0_.cvv as cvv3_24_0_, tokenizedc0_.issuer as issuer4_24_0_, tokenizedc0_.lastFourDigits as lastFour5_24_0_, tokenizedc0_.token as token6_24_0_, tokenizedc0_.tokenType as tokenTyp7_24_0_, tokenizedc0_.type as type8_24_0_ from TokenizedCardType tokenizedc0_ where tokenizedc0_.id=?
20:19:29.287 [main] DEBUG org.hibernate.loader.plan.build.internal.spaces.QuerySpacesImpl - Adding QuerySpace : uid = <gen:0> -> org.hibernate.loader.plan.build.internal.spaces.EntityQuerySpaceImpl@6bdedbbd]
20:19:29.287 [main] DEBUG org.hibernate.persister.walking.spi.MetamodelGraphWalker - Visiting attribute path : brand
20:19:29.287 [main] DEBUG org.hibernate.persister.walking.spi.MetamodelGraphWalker - Visiting attribute path : cvv
20:19:29.287 [main] DEBUG org.hibernate.persister.walking.spi.MetamodelGraphWalker - Visiting attribute path : issuer
20:19:29.287 [main] DEBUG org.hibernate.persister.walking.spi.MetamodelGraphWalker - Visiting attribute path : lastFourDigits
20:19:29.287 [main] DEBUG org.hibernate.persister.walking.spi.MetamodelGraphWalker - Visiting attribute path : token
20:19:29.287 [main] DEBUG org.hibernate.persister.walking.spi.MetamodelGraphWalker - Visiting attribute path : tokenType
20:19:29.287 [main] DEBUG org.hibernate.persister.walking.spi.MetamodelGraphWalker - Visiting attribute path : type
20:19:29.287 [main] DEBUG org.hibernate.loader.plan.build.internal.FetchStyleLoadPlanBuildingAssociationVisitationStrategy - Building LoadPlan...
20:19:29.287 [main] DEBUG org.hibernate.loader.plan.exec.internal.LoadQueryJoinAndFetchProcessor - processing queryspace <gen:0>
20:19:29.288 [main] DEBUG org.hibernate.loader.plan.build.spi.LoadPlanTreePrinter - LoadPlan(entity=io.swagger.model.TokenizedCardType)
    - Returns
       - EntityReturnImpl(entity=io.swagger.model.TokenizedCardType, querySpaceUid=<gen:0>, path=io.swagger.model.TokenizedCardType)
    - QuerySpaces
       - EntityQuerySpaceImpl(uid=<gen:0>, entity=io.swagger.model.TokenizedCardType)
          - SQL table alias mapping - tokenizedc0_
          - alias suffix - 0_
          - suffixed key columns - {id1_24_0_}

20:19:29.288 [main] DEBUG org.hibernate.loader.entity.plan.EntityLoader - Static select for entity io.swagger.model.TokenizedCardType [READ]: select tokenizedc0_.id as id1_24_0_, tokenizedc0_.brand as brand2_24_0_, tokenizedc0_.cvv as cvv3_24_0_, tokenizedc0_.issuer as issuer4_24_0_, tokenizedc0_.lastFourDigits as lastFour5_24_0_, tokenizedc0_.token as token6_24_0_, tokenizedc0_.tokenType as tokenTyp7_24_0_, tokenizedc0_.type as type8_24_0_ from TokenizedCardType tokenizedc0_ where tokenizedc0_.id=?
20:19:29.288 [main] DEBUG org.hibernate.loader.plan.build.internal.spaces.QuerySpacesImpl - Adding QuerySpace : uid = <gen:0> -> org.hibernate.loader.plan.build.internal.spaces.EntityQuerySpaceImpl@d2cb2d0]
20:19:29.288 [main] DEBUG org.hibernate.persister.walking.spi.MetamodelGraphWalker - Visiting attribute path : brand
20:19:29.288 [main] DEBUG org.hibernate.persister.walking.spi.MetamodelGraphWalker - Visiting attribute path : cvv
20:19:29.288 [main] DEBUG org.hibernate.persister.walking.spi.MetamodelGraphWalker - Visiting attribute path : issuer
20:19:29.288 [main] DEBUG org.hibernate.persister.walking.spi.MetamodelGraphWalker - Visiting attribute path : lastFourDigits
20:19:29.288 [main] DEBUG org.hibernate.persister.walking.spi.MetamodelGraphWalker - Visiting attribute path : token
20:19:29.288 [main] DEBUG org.hibernate.persister.walking.spi.MetamodelGraphWalker - Visiting attribute path : tokenType
20:19:29.288 [main] DEBUG org.hibernate.persister.walking.spi.MetamodelGraphWalker - Visiting attribute path : type
20:19:29.288 [main] DEBUG org.hibernate.loader.plan.build.internal.FetchStyleLoadPlanBuildingAssociationVisitationStrategy - Building LoadPlan...
20:19:29.288 [main] DEBUG org.hibernate.loader.plan.exec.internal.LoadQueryJoinAndFetchProcessor - processing queryspace <gen:0>
20:19:29.288 [main] DEBUG org.hibernate.loader.plan.build.spi.LoadPlanTreePrinter - LoadPlan(entity=io.swagger.model.TokenizedCardType)
    - Returns
       - EntityReturnImpl(entity=io.swagger.model.TokenizedCardType, querySpaceUid=<gen:0>, path=io.swagger.model.TokenizedCardType)
    - QuerySpaces
       - EntityQuerySpaceImpl(uid=<gen:0>, entity=io.swagger.model.TokenizedCardType)
          - SQL table alias mapping - tokenizedc0_
          - alias suffix - 0_
          - suffixed key columns - {id1_24_0_}

20:19:29.288 [main] DEBUG org.hibernate.loader.entity.plan.EntityLoader - Static select for entity io.swagger.model.TokenizedCardType [UPGRADE]: select tokenizedc0_.id as id1_24_0_, tokenizedc0_.brand as brand2_24_0_, tokenizedc0_.cvv as cvv3_24_0_, tokenizedc0_.issuer as issuer4_24_0_, tokenizedc0_.lastFourDigits as lastFour5_24_0_, tokenizedc0_.token as token6_24_0_, tokenizedc0_.tokenType as tokenTyp7_24_0_, tokenizedc0_.type as type8_24_0_ from TokenizedCardType tokenizedc0_ where tokenizedc0_.id=? for update
20:19:29.288 [main] DEBUG org.hibernate.loader.plan.build.internal.spaces.QuerySpacesImpl - Adding QuerySpace : uid = <gen:0> -> org.hibernate.loader.plan.build.internal.spaces.EntityQuerySpaceImpl@30bd39d5]
20:19:29.289 [main] DEBUG org.hibernate.persister.walking.spi.MetamodelGraphWalker - Visiting attribute path : brand
20:19:29.289 [main] DEBUG org.hibernate.persister.walking.spi.MetamodelGraphWalker - Visiting attribute path : cvv
20:19:29.289 [main] DEBUG org.hibernate.persister.walking.spi.MetamodelGraphWalker - Visiting attribute path : issuer
20:19:29.289 [main] DEBUG org.hibernate.persister.walking.spi.MetamodelGraphWalker - Visiting attribute path : lastFourDigits
20:19:29.289 [main] DEBUG org.hibernate.persister.walking.spi.MetamodelGraphWalker - Visiting attribute path : token
20:19:29.289 [main] DEBUG org.hibernate.persister.walking.spi.MetamodelGraphWalker - Visiting attribute path : tokenType
20:19:29.289 [main] DEBUG org.hibernate.persister.walking.spi.MetamodelGraphWalker - Visiting attribute path : type
20:19:29.289 [main] DEBUG org.hibernate.loader.plan.build.internal.FetchStyleLoadPlanBuildingAssociationVisitationStrategy - Building LoadPlan...
20:19:29.289 [main] DEBUG org.hibernate.loader.plan.exec.internal.LoadQueryJoinAndFetchProcessor - processing queryspace <gen:0>
20:19:29.289 [main] DEBUG org.hibernate.loader.plan.build.spi.LoadPlanTreePrinter - LoadPlan(entity=io.swagger.model.TokenizedCardType)
    - Returns
       - EntityReturnImpl(entity=io.swagger.model.TokenizedCardType, querySpaceUid=<gen:0>, path=io.swagger.model.TokenizedCardType)
    - QuerySpaces
       - EntityQuerySpaceImpl(uid=<gen:0>, entity=io.swagger.model.TokenizedCardType)
          - SQL table alias mapping - tokenizedc0_
          - alias suffix - 0_
          - suffixed key columns - {id1_24_0_}

20:19:29.289 [main] DEBUG org.hibernate.loader.entity.plan.EntityLoader - Static select for entity io.swagger.model.TokenizedCardType [UPGRADE_NOWAIT]: select tokenizedc0_.id as id1_24_0_, tokenizedc0_.brand as brand2_24_0_, tokenizedc0_.cvv as cvv3_24_0_, tokenizedc0_.issuer as issuer4_24_0_, tokenizedc0_.lastFourDigits as lastFour5_24_0_, tokenizedc0_.token as token6_24_0_, tokenizedc0_.tokenType as tokenTyp7_24_0_, tokenizedc0_.type as type8_24_0_ from TokenizedCardType tokenizedc0_ where tokenizedc0_.id=? for update
20:19:29.289 [main] DEBUG org.hibernate.loader.plan.build.internal.spaces.QuerySpacesImpl - Adding QuerySpace : uid = <gen:0> -> org.hibernate.loader.plan.build.internal.spaces.EntityQuerySpaceImpl@54556723]
20:19:29.289 [main] DEBUG org.hibernate.persister.walking.spi.MetamodelGraphWalker - Visiting attribute path : brand
20:19:29.289 [main] DEBUG org.hibernate.persister.walking.spi.MetamodelGraphWalker - Visiting attribute path : cvv
20:19:29.289 [main] DEBUG org.hibernate.persister.walking.spi.MetamodelGraphWalker - Visiting attribute path : issuer
20:19:29.289 [main] DEBUG org.hibernate.persister.walking.spi.MetamodelGraphWalker - Visiting attribute path : lastFourDigits
20:19:29.289 [main] DEBUG org.hibernate.persister.walking.spi.MetamodelGraphWalker - Visiting attribute path : token
20:19:29.291 [main] DEBUG org.hibernate.persister.walking.spi.MetamodelGraphWalker - Visiting attribute path : tokenType
20:19:29.291 [main] DEBUG org.hibernate.persister.walking.spi.MetamodelGraphWalker - Visiting attribute path : type
20:19:29.291 [main] DEBUG org.hibernate.loader.plan.build.internal.FetchStyleLoadPlanBuildingAssociationVisitationStrategy - Building LoadPlan...
20:19:29.292 [main] DEBUG org.hibernate.loader.plan.exec.internal.LoadQueryJoinAndFetchProcessor - processing queryspace <gen:0>
20:19:29.292 [main] DEBUG org.hibernate.loader.plan.build.spi.LoadPlanTreePrinter - LoadPlan(entity=io.swagger.model.TokenizedCardType)
    - Returns
       - EntityReturnImpl(entity=io.swagger.model.TokenizedCardType, querySpaceUid=<gen:0>, path=io.swagger.model.TokenizedCardType)
    - QuerySpaces
       - EntityQuerySpaceImpl(uid=<gen:0>, entity=io.swagger.model.TokenizedCardType)
          - SQL table alias mapping - tokenizedc0_
          - alias suffix - 0_
          - suffixed key columns - {id1_24_0_}

20:19:29.292 [main] DEBUG org.hibernate.loader.entity.plan.EntityLoader - Static select for entity io.swagger.model.TokenizedCardType [UPGRADE_SKIPLOCKED]: select tokenizedc0_.id as id1_24_0_, tokenizedc0_.brand as brand2_24_0_, tokenizedc0_.cvv as cvv3_24_0_, tokenizedc0_.issuer as issuer4_24_0_, tokenizedc0_.lastFourDigits as lastFour5_24_0_, tokenizedc0_.token as token6_24_0_, tokenizedc0_.tokenType as tokenTyp7_24_0_, tokenizedc0_.type as type8_24_0_ from TokenizedCardType tokenizedc0_ where tokenizedc0_.id=? for update
20:19:29.292 [main] DEBUG org.hibernate.loader.plan.build.internal.spaces.QuerySpacesImpl - Adding QuerySpace : uid = <gen:0> -> org.hibernate.loader.plan.build.internal.spaces.EntityQuerySpaceImpl@380e33c2]
20:19:29.292 [main] DEBUG org.hibernate.persister.walking.spi.MetamodelGraphWalker - Visiting attribute path : brand
20:19:29.292 [main] DEBUG org.hibernate.persister.walking.spi.MetamodelGraphWalker - Visiting attribute path : cvv
20:19:29.292 [main] DEBUG org.hibernate.persister.walking.spi.MetamodelGraphWalker - Visiting attribute path : issuer
20:19:29.292 [main] DEBUG org.hibernate.persister.walking.spi.MetamodelGraphWalker - Visiting attribute path : lastFourDigits
20:19:29.292 [main] DEBUG org.hibernate.persister.walking.spi.MetamodelGraphWalker - Visiting attribute path : token
20:19:29.293 [main] DEBUG org.hibernate.persister.walking.spi.MetamodelGraphWalker - Visiting attribute path : tokenType
20:19:29.293 [main] DEBUG org.hibernate.persister.walking.spi.MetamodelGraphWalker - Visiting attribute path : type
20:19:29.293 [main] DEBUG org.hibernate.loader.plan.build.internal.FetchStyleLoadPlanBuildingAssociationVisitationStrategy - Building LoadPlan...
20:19:29.293 [main] DEBUG org.hibernate.loader.plan.exec.internal.LoadQueryJoinAndFetchProcessor - processing queryspace <gen:0>
20:19:29.293 [main] DEBUG org.hibernate.loader.plan.build.spi.LoadPlanTreePrinter - LoadPlan(entity=io.swagger.model.TokenizedCardType)
    - Returns
       - EntityReturnImpl(entity=io.swagger.model.TokenizedCardType, querySpaceUid=<gen:0>, path=io.swagger.model.TokenizedCardType)
    - QuerySpaces
       - EntityQuerySpaceImpl(uid=<gen:0>, entity=io.swagger.model.TokenizedCardType)
          - SQL table alias mapping - tokenizedc0_
          - alias suffix - 0_
          - suffixed key columns - {id1_24_0_}

20:19:29.293 [main] DEBUG org.hibernate.loader.entity.plan.EntityLoader - Static select for entity io.swagger.model.TokenizedCardType [FORCE]: select tokenizedc0_.id as id1_24_0_, tokenizedc0_.brand as brand2_24_0_, tokenizedc0_.cvv as cvv3_24_0_, tokenizedc0_.issuer as issuer4_24_0_, tokenizedc0_.lastFourDigits as lastFour5_24_0_, tokenizedc0_.token as token6_24_0_, tokenizedc0_.tokenType as tokenTyp7_24_0_, tokenizedc0_.type as type8_24_0_ from TokenizedCardType tokenizedc0_ where tokenizedc0_.id=? for update
20:19:29.294 [main] DEBUG org.hibernate.loader.plan.build.internal.spaces.QuerySpacesImpl - Adding QuerySpace : uid = <gen:0> -> org.hibernate.loader.plan.build.internal.spaces.EntityQuerySpaceImpl@445b85d7]
20:19:29.294 [main] DEBUG org.hibernate.persister.walking.spi.MetamodelGraphWalker - Visiting attribute path : brand
20:19:29.294 [main] DEBUG org.hibernate.persister.walking.spi.MetamodelGraphWalker - Visiting attribute path : cvv
20:19:29.294 [main] DEBUG org.hibernate.persister.walking.spi.MetamodelGraphWalker - Visiting attribute path : issuer
20:19:29.294 [main] DEBUG org.hibernate.persister.walking.spi.MetamodelGraphWalker - Visiting attribute path : lastFourDigits
20:19:29.294 [main] DEBUG org.hibernate.persister.walking.spi.MetamodelGraphWalker - Visiting attribute path : token
20:19:29.294 [main] DEBUG org.hibernate.persister.walking.spi.MetamodelGraphWalker - Visiting attribute path : tokenType
20:19:29.294 [main] DEBUG org.hibernate.persister.walking.spi.MetamodelGraphWalker - Visiting attribute path : type
20:19:29.294 [main] DEBUG org.hibernate.loader.plan.build.internal.FetchStyleLoadPlanBuildingAssociationVisitationStrategy - Building LoadPlan...
20:19:29.295 [main] DEBUG org.hibernate.loader.plan.exec.internal.LoadQueryJoinAndFetchProcessor - processing queryspace <gen:0>
20:19:29.295 [main] DEBUG org.hibernate.loader.plan.build.spi.LoadPlanTreePrinter - LoadPlan(entity=io.swagger.model.TokenizedCardType)
    - Returns
       - EntityReturnImpl(entity=io.swagger.model.TokenizedCardType, querySpaceUid=<gen:0>, path=io.swagger.model.TokenizedCardType)
    - QuerySpaces
       - EntityQuerySpaceImpl(uid=<gen:0>, entity=io.swagger.model.TokenizedCardType)
          - SQL table alias mapping - tokenizedc0_
          - alias suffix - 0_
          - suffixed key columns - {id1_24_0_}

20:19:29.295 [main] DEBUG org.hibernate.loader.entity.plan.EntityLoader - Static select for entity io.swagger.model.TokenizedCardType [PESSIMISTIC_READ]: select tokenizedc0_.id as id1_24_0_, tokenizedc0_.brand as brand2_24_0_, tokenizedc0_.cvv as cvv3_24_0_, tokenizedc0_.issuer as issuer4_24_0_, tokenizedc0_.lastFourDigits as lastFour5_24_0_, tokenizedc0_.token as token6_24_0_, tokenizedc0_.tokenType as tokenTyp7_24_0_, tokenizedc0_.type as type8_24_0_ from TokenizedCardType tokenizedc0_ where tokenizedc0_.id=? lock in share mode
20:19:29.295 [main] DEBUG org.hibernate.loader.plan.build.internal.spaces.QuerySpacesImpl - Adding QuerySpace : uid = <gen:0> -> org.hibernate.loader.plan.build.internal.spaces.EntityQuerySpaceImpl@4a0c3aa8]
20:19:29.295 [main] DEBUG org.hibernate.persister.walking.spi.MetamodelGraphWalker - Visiting attribute path : brand
20:19:29.295 [main] DEBUG org.hibernate.persister.walking.spi.MetamodelGraphWalker - Visiting attribute path : cvv
20:19:29.295 [main] DEBUG org.hibernate.persister.walking.spi.MetamodelGraphWalker - Visiting attribute path : issuer
20:19:29.296 [main] DEBUG org.hibernate.persister.walking.spi.MetamodelGraphWalker - Visiting attribute path : lastFourDigits
20:19:29.296 [main] DEBUG org.hibernate.persister.walking.spi.MetamodelGraphWalker - Visiting attribute path : token
20:19:29.296 [main] DEBUG org.hibernate.persister.walking.spi.MetamodelGraphWalker - Visiting attribute path : tokenType
20:19:29.296 [main] DEBUG org.hibernate.persister.walking.spi.MetamodelGraphWalker - Visiting attribute path : type
20:19:29.296 [main] DEBUG org.hibernate.loader.plan.build.internal.FetchStyleLoadPlanBuildingAssociationVisitationStrategy - Building LoadPlan...
20:19:29.296 [main] DEBUG org.hibernate.loader.plan.exec.internal.LoadQueryJoinAndFetchProcessor - processing queryspace <gen:0>
20:19:29.296 [main] DEBUG org.hibernate.loader.plan.build.spi.LoadPlanTreePrinter - LoadPlan(entity=io.swagger.model.TokenizedCardType)
    - Returns
       - EntityReturnImpl(entity=io.swagger.model.TokenizedCardType, querySpaceUid=<gen:0>, path=io.swagger.model.TokenizedCardType)
    - QuerySpaces
       - EntityQuerySpaceImpl(uid=<gen:0>, entity=io.swagger.model.TokenizedCardType)
          - SQL table alias mapping - tokenizedc0_
          - alias suffix - 0_
          - suffixed key columns - {id1_24_0_}

20:19:29.297 [main] DEBUG org.hibernate.loader.entity.plan.EntityLoader - Static select for entity io.swagger.model.TokenizedCardType [PESSIMISTIC_WRITE]: select tokenizedc0_.id as id1_24_0_, tokenizedc0_.brand as brand2_24_0_, tokenizedc0_.cvv as cvv3_24_0_, tokenizedc0_.issuer as issuer4_24_0_, tokenizedc0_.lastFourDigits as lastFour5_24_0_, tokenizedc0_.token as token6_24_0_, tokenizedc0_.tokenType as tokenTyp7_24_0_, tokenizedc0_.type as type8_24_0_ from TokenizedCardType tokenizedc0_ where tokenizedc0_.id=? for update
20:19:29.297 [main] DEBUG org.hibernate.loader.plan.build.internal.spaces.QuerySpacesImpl - Adding QuerySpace : uid = <gen:0> -> org.hibernate.loader.plan.build.internal.spaces.EntityQuerySpaceImpl@2d593b56]
20:19:29.297 [main] DEBUG org.hibernate.persister.walking.spi.MetamodelGraphWalker - Visiting attribute path : brand
20:19:29.297 [main] DEBUG org.hibernate.persister.walking.spi.MetamodelGraphWalker - Visiting attribute path : cvv
20:19:29.297 [main] DEBUG org.hibernate.persister.walking.spi.MetamodelGraphWalker - Visiting attribute path : issuer
20:19:29.297 [main] DEBUG org.hibernate.persister.walking.spi.MetamodelGraphWalker - Visiting attribute path : lastFourDigits
20:19:29.297 [main] DEBUG org.hibernate.persister.walking.spi.MetamodelGraphWalker - Visiting attribute path : token
20:19:29.297 [main] DEBUG org.hibernate.persister.walking.spi.MetamodelGraphWalker - Visiting attribute path : tokenType
20:19:29.297 [main] DEBUG org.hibernate.persister.walking.spi.MetamodelGraphWalker - Visiting attribute path : type
20:19:29.297 [main] DEBUG org.hibernate.loader.plan.build.internal.FetchStyleLoadPlanBuildingAssociationVisitationStrategy - Building LoadPlan...
20:19:29.298 [main] DEBUG org.hibernate.loader.plan.exec.internal.LoadQueryJoinAndFetchProcessor - processing queryspace <gen:0>
20:19:29.298 [main] DEBUG org.hibernate.loader.plan.build.spi.LoadPlanTreePrinter - LoadPlan(entity=io.swagger.model.TokenizedCardType)
    - Returns
       - EntityReturnImpl(entity=io.swagger.model.TokenizedCardType, querySpaceUid=<gen:0>, path=io.swagger.model.TokenizedCardType)
    - QuerySpaces
       - EntityQuerySpaceImpl(uid=<gen:0>, entity=io.swagger.model.TokenizedCardType)
          - SQL table alias mapping - tokenizedc0_
          - alias suffix - 0_
          - suffixed key columns - {id1_24_0_}

20:19:29.298 [main] DEBUG org.hibernate.loader.entity.plan.EntityLoader - Static select for entity io.swagger.model.TokenizedCardType [PESSIMISTIC_FORCE_INCREMENT]: select tokenizedc0_.id as id1_24_0_, tokenizedc0_.brand as brand2_24_0_, tokenizedc0_.cvv as cvv3_24_0_, tokenizedc0_.issuer as issuer4_24_0_, tokenizedc0_.lastFourDigits as lastFour5_24_0_, tokenizedc0_.token as token6_24_0_, tokenizedc0_.tokenType as tokenTyp7_24_0_, tokenizedc0_.type as type8_24_0_ from TokenizedCardType tokenizedc0_ where tokenizedc0_.id=? for update
20:19:29.298 [main] DEBUG org.hibernate.loader.plan.build.internal.spaces.QuerySpacesImpl - Adding QuerySpace : uid = <gen:0> -> org.hibernate.loader.plan.build.internal.spaces.EntityQuerySpaceImpl@29188050]
20:19:29.298 [main] DEBUG org.hibernate.persister.walking.spi.MetamodelGraphWalker - Visiting attribute path : brand
20:19:29.298 [main] DEBUG org.hibernate.persister.walking.spi.MetamodelGraphWalker - Visiting attribute path : cvv
20:19:29.299 [main] DEBUG org.hibernate.persister.walking.spi.MetamodelGraphWalker - Visiting attribute path : issuer
20:19:29.299 [main] DEBUG org.hibernate.persister.walking.spi.MetamodelGraphWalker - Visiting attribute path : lastFourDigits
20:19:29.299 [main] DEBUG org.hibernate.persister.walking.spi.MetamodelGraphWalker - Visiting attribute path : token
20:19:29.299 [main] DEBUG org.hibernate.persister.walking.spi.MetamodelGraphWalker - Visiting attribute path : tokenType
20:19:29.299 [main] DEBUG org.hibernate.persister.walking.spi.MetamodelGraphWalker - Visiting attribute path : type
20:19:29.299 [main] DEBUG org.hibernate.loader.plan.build.internal.FetchStyleLoadPlanBuildingAssociationVisitationStrategy - Building LoadPlan...
20:19:29.299 [main] DEBUG org.hibernate.loader.plan.exec.internal.LoadQueryJoinAndFetchProcessor - processing queryspace <gen:0>
20:19:29.299 [main] DEBUG org.hibernate.loader.plan.build.spi.LoadPlanTreePrinter - LoadPlan(entity=io.swagger.model.TokenizedCardType)
    - Returns
       - EntityReturnImpl(entity=io.swagger.model.TokenizedCardType, querySpaceUid=<gen:0>, path=io.swagger.model.TokenizedCardType)
    - QuerySpaces
       - EntityQuerySpaceImpl(uid=<gen:0>, entity=io.swagger.model.TokenizedCardType)
          - SQL table alias mapping - tokenizedc0_
          - alias suffix - 0_
          - suffixed key columns - {id1_24_0_}

20:19:29.299 [main] DEBUG org.hibernate.loader.entity.plan.EntityLoader - Static select for entity io.swagger.model.TokenizedCardType [OPTIMISTIC]: select tokenizedc0_.id as id1_24_0_, tokenizedc0_.brand as brand2_24_0_, tokenizedc0_.cvv as cvv3_24_0_, tokenizedc0_.issuer as issuer4_24_0_, tokenizedc0_.lastFourDigits as lastFour5_24_0_, tokenizedc0_.token as token6_24_0_, tokenizedc0_.tokenType as tokenTyp7_24_0_, tokenizedc0_.type as type8_24_0_ from TokenizedCardType tokenizedc0_ where tokenizedc0_.id=?
20:19:29.299 [main] DEBUG org.hibernate.loader.plan.build.internal.spaces.QuerySpacesImpl - Adding QuerySpace : uid = <gen:0> -> org.hibernate.loader.plan.build.internal.spaces.EntityQuerySpaceImpl@5bf523e3]
20:19:29.299 [main] DEBUG org.hibernate.persister.walking.spi.MetamodelGraphWalker - Visiting attribute path : brand
20:19:29.299 [main] DEBUG org.hibernate.persister.walking.spi.MetamodelGraphWalker - Visiting attribute path : cvv
20:19:29.299 [main] DEBUG org.hibernate.persister.walking.spi.MetamodelGraphWalker - Visiting attribute path : issuer
20:19:29.299 [main] DEBUG org.hibernate.persister.walking.spi.MetamodelGraphWalker - Visiting attribute path : lastFourDigits
20:19:29.300 [main] DEBUG org.hibernate.persister.walking.spi.MetamodelGraphWalker - Visiting attribute path : token
20:19:29.300 [main] DEBUG org.hibernate.persister.walking.spi.MetamodelGraphWalker - Visiting attribute path : tokenType
20:19:29.300 [main] DEBUG org.hibernate.persister.walking.spi.MetamodelGraphWalker - Visiting attribute path : type
20:19:29.300 [main] DEBUG org.hibernate.loader.plan.build.internal.FetchStyleLoadPlanBuildingAssociationVisitationStrategy - Building LoadPlan...
20:19:29.300 [main] DEBUG org.hibernate.loader.plan.exec.internal.LoadQueryJoinAndFetchProcessor - processing queryspace <gen:0>
20:19:29.300 [main] DEBUG org.hibernate.loader.plan.build.spi.LoadPlanTreePrinter - LoadPlan(entity=io.swagger.model.TokenizedCardType)
    - Returns
       - EntityReturnImpl(entity=io.swagger.model.TokenizedCardType, querySpaceUid=<gen:0>, path=io.swagger.model.TokenizedCardType)
    - QuerySpaces
       - EntityQuerySpaceImpl(uid=<gen:0>, entity=io.swagger.model.TokenizedCardType)
          - SQL table alias mapping - tokenizedc0_
          - alias suffix - 0_
          - suffixed key columns - {id1_24_0_}

20:19:29.300 [main] DEBUG org.hibernate.loader.entity.plan.EntityLoader - Static select for entity io.swagger.model.TokenizedCardType [OPTIMISTIC_FORCE_INCREMENT]: select tokenizedc0_.id as id1_24_0_, tokenizedc0_.brand as brand2_24_0_, tokenizedc0_.cvv as cvv3_24_0_, tokenizedc0_.issuer as issuer4_24_0_, tokenizedc0_.lastFourDigits as lastFour5_24_0_, tokenizedc0_.token as token6_24_0_, tokenizedc0_.tokenType as tokenTyp7_24_0_, tokenizedc0_.type as type8_24_0_ from TokenizedCardType tokenizedc0_ where tokenizedc0_.id=?
20:19:29.300 [main] DEBUG org.hibernate.loader.Loader - Static select for action ACTION_MERGE on entity io.swagger.model.TokenizedCardType: select tokenizedc0_.id as id1_24_0_, tokenizedc0_.brand as brand2_24_0_, tokenizedc0_.cvv as cvv3_24_0_, tokenizedc0_.issuer as issuer4_24_0_, tokenizedc0_.lastFourDigits as lastFour5_24_0_, tokenizedc0_.token as token6_24_0_, tokenizedc0_.tokenType as tokenTyp7_24_0_, tokenizedc0_.type as type8_24_0_ from TokenizedCardType tokenizedc0_ where tokenizedc0_.id=?
20:19:29.301 [main] DEBUG org.hibernate.loader.Loader - Static select for action ACTION_REFRESH on entity io.swagger.model.TokenizedCardType: select tokenizedc0_.id as id1_24_0_, tokenizedc0_.brand as brand2_24_0_, tokenizedc0_.cvv as cvv3_24_0_, tokenizedc0_.issuer as issuer4_24_0_, tokenizedc0_.lastFourDigits as lastFour5_24_0_, tokenizedc0_.token as token6_24_0_, tokenizedc0_.tokenType as tokenTyp7_24_0_, tokenizedc0_.type as type8_24_0_ from TokenizedCardType tokenizedc0_ where tokenizedc0_.id=?
20:19:29.301 [main] DEBUG org.hibernate.persister.entity.AbstractEntityPersister - Static SQL for entity: io.swagger.model.AccountRefType
20:19:29.301 [main] DEBUG org.hibernate.persister.entity.AbstractEntityPersister -  Version select: select id from AccountRefType where id =?
20:19:29.301 [main] DEBUG org.hibernate.persister.entity.AbstractEntityPersister -  Snapshot select: select accountref_.id, accountref_.description as descript2_0_, accountref_.href as href3_0_, accountref_.name as name4_0_ from AccountRefType accountref_ where accountref_.id=?
20:19:29.301 [main] DEBUG org.hibernate.persister.entity.AbstractEntityPersister -  Insert 0: insert into AccountRefType (description, href, name, id) values (?, ?, ?, ?)
20:19:29.301 [main] DEBUG org.hibernate.persister.entity.AbstractEntityPersister -  Update 0: update AccountRefType set description=?, href=?, name=? where id=?
20:19:29.301 [main] DEBUG org.hibernate.persister.entity.AbstractEntityPersister -  Delete 0: delete from AccountRefType where id=?
20:19:29.301 [main] DEBUG org.hibernate.loader.plan.build.internal.spaces.QuerySpacesImpl - Adding QuerySpace : uid = <gen:0> -> org.hibernate.loader.plan.build.internal.spaces.EntityQuerySpaceImpl@65259c53]
20:19:29.301 [main] DEBUG org.hibernate.persister.walking.spi.MetamodelGraphWalker - Visiting attribute path : description
20:19:29.301 [main] DEBUG org.hibernate.persister.walking.spi.MetamodelGraphWalker - Visiting attribute path : href
20:19:29.301 [main] DEBUG org.hibernate.persister.walking.spi.MetamodelGraphWalker - Visiting attribute path : name
20:19:29.301 [main] DEBUG org.hibernate.loader.plan.build.internal.FetchStyleLoadPlanBuildingAssociationVisitationStrategy - Building LoadPlan...
20:19:29.302 [main] DEBUG org.hibernate.loader.plan.exec.internal.LoadQueryJoinAndFetchProcessor - processing queryspace <gen:0>
20:19:29.302 [main] DEBUG org.hibernate.loader.plan.build.spi.LoadPlanTreePrinter - LoadPlan(entity=io.swagger.model.AccountRefType)
    - Returns
       - EntityReturnImpl(entity=io.swagger.model.AccountRefType, querySpaceUid=<gen:0>, path=io.swagger.model.AccountRefType)
    - QuerySpaces
       - EntityQuerySpaceImpl(uid=<gen:0>, entity=io.swagger.model.AccountRefType)
          - SQL table alias mapping - accountref0_
          - alias suffix - 0_
          - suffixed key columns - {id1_0_0_}

20:19:29.302 [main] DEBUG org.hibernate.loader.entity.plan.EntityLoader - Static select for entity io.swagger.model.AccountRefType [NONE]: select accountref0_.id as id1_0_0_, accountref0_.description as descript2_0_0_, accountref0_.href as href3_0_0_, accountref0_.name as name4_0_0_ from AccountRefType accountref0_ where accountref0_.id=?
20:19:29.302 [main] DEBUG org.hibernate.loader.plan.build.internal.spaces.QuerySpacesImpl - Adding QuerySpace : uid = <gen:0> -> org.hibernate.loader.plan.build.internal.spaces.EntityQuerySpaceImpl@39e7e040]
20:19:29.302 [main] DEBUG org.hibernate.persister.walking.spi.MetamodelGraphWalker - Visiting attribute path : description
20:19:29.302 [main] DEBUG org.hibernate.persister.walking.spi.MetamodelGraphWalker - Visiting attribute path : href
20:19:29.302 [main] DEBUG org.hibernate.persister.walking.spi.MetamodelGraphWalker - Visiting attribute path : name
20:19:29.302 [main] DEBUG org.hibernate.loader.plan.build.internal.FetchStyleLoadPlanBuildingAssociationVisitationStrategy - Building LoadPlan...
20:19:29.303 [main] DEBUG org.hibernate.loader.plan.exec.internal.LoadQueryJoinAndFetchProcessor - processing queryspace <gen:0>
20:19:29.303 [main] DEBUG org.hibernate.loader.plan.build.spi.LoadPlanTreePrinter - LoadPlan(entity=io.swagger.model.AccountRefType)
    - Returns
       - EntityReturnImpl(entity=io.swagger.model.AccountRefType, querySpaceUid=<gen:0>, path=io.swagger.model.AccountRefType)
    - QuerySpaces
       - EntityQuerySpaceImpl(uid=<gen:0>, entity=io.swagger.model.AccountRefType)
          - SQL table alias mapping - accountref0_
          - alias suffix - 0_
          - suffixed key columns - {id1_0_0_}

20:19:29.303 [main] DEBUG org.hibernate.loader.entity.plan.EntityLoader - Static select for entity io.swagger.model.AccountRefType [READ]: select accountref0_.id as id1_0_0_, accountref0_.description as descript2_0_0_, accountref0_.href as href3_0_0_, accountref0_.name as name4_0_0_ from AccountRefType accountref0_ where accountref0_.id=?
20:19:29.303 [main] DEBUG org.hibernate.loader.plan.build.internal.spaces.QuerySpacesImpl - Adding QuerySpace : uid = <gen:0> -> org.hibernate.loader.plan.build.internal.spaces.EntityQuerySpaceImpl@6c1f15df]
20:19:29.303 [main] DEBUG org.hibernate.persister.walking.spi.MetamodelGraphWalker - Visiting attribute path : description
20:19:29.303 [main] DEBUG org.hibernate.persister.walking.spi.MetamodelGraphWalker - Visiting attribute path : href
20:19:29.303 [main] DEBUG org.hibernate.persister.walking.spi.MetamodelGraphWalker - Visiting attribute path : name
20:19:29.303 [main] DEBUG org.hibernate.loader.plan.build.internal.FetchStyleLoadPlanBuildingAssociationVisitationStrategy - Building LoadPlan...
20:19:29.304 [main] DEBUG org.hibernate.loader.plan.exec.internal.LoadQueryJoinAndFetchProcessor - processing queryspace <gen:0>
20:19:29.304 [main] DEBUG org.hibernate.loader.plan.build.spi.LoadPlanTreePrinter - LoadPlan(entity=io.swagger.model.AccountRefType)
    - Returns
       - EntityReturnImpl(entity=io.swagger.model.AccountRefType, querySpaceUid=<gen:0>, path=io.swagger.model.AccountRefType)
    - QuerySpaces
       - EntityQuerySpaceImpl(uid=<gen:0>, entity=io.swagger.model.AccountRefType)
          - SQL table alias mapping - accountref0_
          - alias suffix - 0_
          - suffixed key columns - {id1_0_0_}

20:19:29.304 [main] DEBUG org.hibernate.loader.entity.plan.EntityLoader - Static select for entity io.swagger.model.AccountRefType [UPGRADE]: select accountref0_.id as id1_0_0_, accountref0_.description as descript2_0_0_, accountref0_.href as href3_0_0_, accountref0_.name as name4_0_0_ from AccountRefType accountref0_ where accountref0_.id=? for update
20:19:29.304 [main] DEBUG org.hibernate.loader.plan.build.internal.spaces.QuerySpacesImpl - Adding QuerySpace : uid = <gen:0> -> org.hibernate.loader.plan.build.internal.spaces.EntityQuerySpaceImpl@5876bed9]
20:19:29.304 [main] DEBUG org.hibernate.persister.walking.spi.MetamodelGraphWalker - Visiting attribute path : description
20:19:29.304 [main] DEBUG org.hibernate.persister.walking.spi.MetamodelGraphWalker - Visiting attribute path : href
20:19:29.304 [main] DEBUG org.hibernate.persister.walking.spi.MetamodelGraphWalker - Visiting attribute path : name
20:19:29.304 [main] DEBUG org.hibernate.loader.plan.build.internal.FetchStyleLoadPlanBuildingAssociationVisitationStrategy - Building LoadPlan...
20:19:29.304 [main] DEBUG org.hibernate.loader.plan.exec.internal.LoadQueryJoinAndFetchProcessor - processing queryspace <gen:0>
20:19:29.305 [main] DEBUG org.hibernate.loader.plan.build.spi.LoadPlanTreePrinter - LoadPlan(entity=io.swagger.model.AccountRefType)
    - Returns
       - EntityReturnImpl(entity=io.swagger.model.AccountRefType, querySpaceUid=<gen:0>, path=io.swagger.model.AccountRefType)
    - QuerySpaces
       - EntityQuerySpaceImpl(uid=<gen:0>, entity=io.swagger.model.AccountRefType)
          - SQL table alias mapping - accountref0_
          - alias suffix - 0_
          - suffixed key columns - {id1_0_0_}

20:19:29.305 [main] DEBUG org.hibernate.loader.entity.plan.EntityLoader - Static select for entity io.swagger.model.AccountRefType [UPGRADE_NOWAIT]: select accountref0_.id as id1_0_0_, accountref0_.description as descript2_0_0_, accountref0_.href as href3_0_0_, accountref0_.name as name4_0_0_ from AccountRefType accountref0_ where accountref0_.id=? for update
20:19:29.305 [main] DEBUG org.hibernate.loader.plan.build.internal.spaces.QuerySpacesImpl - Adding QuerySpace : uid = <gen:0> -> org.hibernate.loader.plan.build.internal.spaces.EntityQuerySpaceImpl@67f8f5a6]
20:19:29.305 [main] DEBUG org.hibernate.persister.walking.spi.MetamodelGraphWalker - Visiting attribute path : description
20:19:29.305 [main] DEBUG org.hibernate.persister.walking.spi.MetamodelGraphWalker - Visiting attribute path : href
20:19:29.305 [main] DEBUG org.hibernate.persister.walking.spi.MetamodelGraphWalker - Visiting attribute path : name
20:19:29.305 [main] DEBUG org.hibernate.loader.plan.build.internal.FetchStyleLoadPlanBuildingAssociationVisitationStrategy - Building LoadPlan...
20:19:29.305 [main] DEBUG org.hibernate.loader.plan.exec.internal.LoadQueryJoinAndFetchProcessor - processing queryspace <gen:0>
20:19:29.306 [main] DEBUG org.hibernate.loader.plan.build.spi.LoadPlanTreePrinter - LoadPlan(entity=io.swagger.model.AccountRefType)
    - Returns
       - EntityReturnImpl(entity=io.swagger.model.AccountRefType, querySpaceUid=<gen:0>, path=io.swagger.model.AccountRefType)
    - QuerySpaces
       - EntityQuerySpaceImpl(uid=<gen:0>, entity=io.swagger.model.AccountRefType)
          - SQL table alias mapping - accountref0_
          - alias suffix - 0_
          - suffixed key columns - {id1_0_0_}

20:19:29.306 [main] DEBUG org.hibernate.loader.entity.plan.EntityLoader - Static select for entity io.swagger.model.AccountRefType [UPGRADE_SKIPLOCKED]: select accountref0_.id as id1_0_0_, accountref0_.description as descript2_0_0_, accountref0_.href as href3_0_0_, accountref0_.name as name4_0_0_ from AccountRefType accountref0_ where accountref0_.id=? for update
20:19:29.306 [main] DEBUG org.hibernate.loader.plan.build.internal.spaces.QuerySpacesImpl - Adding QuerySpace : uid = <gen:0> -> org.hibernate.loader.plan.build.internal.spaces.EntityQuerySpaceImpl@7976e536]
20:19:29.306 [main] DEBUG org.hibernate.persister.walking.spi.MetamodelGraphWalker - Visiting attribute path : description
20:19:29.306 [main] DEBUG org.hibernate.persister.walking.spi.MetamodelGraphWalker - Visiting attribute path : href
20:19:29.306 [main] DEBUG org.hibernate.persister.walking.spi.MetamodelGraphWalker - Visiting attribute path : name
20:19:29.306 [main] DEBUG org.hibernate.loader.plan.build.internal.FetchStyleLoadPlanBuildingAssociationVisitationStrategy - Building LoadPlan...
20:19:29.306 [main] DEBUG org.hibernate.loader.plan.exec.internal.LoadQueryJoinAndFetchProcessor - processing queryspace <gen:0>
20:19:29.306 [main] DEBUG org.hibernate.loader.plan.build.spi.LoadPlanTreePrinter - LoadPlan(entity=io.swagger.model.AccountRefType)
    - Returns
       - EntityReturnImpl(entity=io.swagger.model.AccountRefType, querySpaceUid=<gen:0>, path=io.swagger.model.AccountRefType)
    - QuerySpaces
       - EntityQuerySpaceImpl(uid=<gen:0>, entity=io.swagger.model.AccountRefType)
          - SQL table alias mapping - accountref0_
          - alias suffix - 0_
          - suffixed key columns - {id1_0_0_}

20:19:29.306 [main] DEBUG org.hibernate.loader.entity.plan.EntityLoader - Static select for entity io.swagger.model.AccountRefType [FORCE]: select accountref0_.id as id1_0_0_, accountref0_.description as descript2_0_0_, accountref0_.href as href3_0_0_, accountref0_.name as name4_0_0_ from AccountRefType accountref0_ where accountref0_.id=? for update
20:19:29.307 [main] DEBUG org.hibernate.loader.plan.build.internal.spaces.QuerySpacesImpl - Adding QuerySpace : uid = <gen:0> -> org.hibernate.loader.plan.build.internal.spaces.EntityQuerySpaceImpl@47ffdbba]
20:19:29.307 [main] DEBUG org.hibernate.persister.walking.spi.MetamodelGraphWalker - Visiting attribute path : description
20:19:29.307 [main] DEBUG org.hibernate.persister.walking.spi.MetamodelGraphWalker - Visiting attribute path : href
20:19:29.307 [main] DEBUG org.hibernate.persister.walking.spi.MetamodelGraphWalker - Visiting attribute path : name
20:19:29.307 [main] DEBUG org.hibernate.loader.plan.build.internal.FetchStyleLoadPlanBuildingAssociationVisitationStrategy - Building LoadPlan...
20:19:29.307 [main] DEBUG org.hibernate.loader.plan.exec.internal.LoadQueryJoinAndFetchProcessor - processing queryspace <gen:0>
20:19:29.307 [main] DEBUG org.hibernate.loader.plan.build.spi.LoadPlanTreePrinter - LoadPlan(entity=io.swagger.model.AccountRefType)
    - Returns
       - EntityReturnImpl(entity=io.swagger.model.AccountRefType, querySpaceUid=<gen:0>, path=io.swagger.model.AccountRefType)
    - QuerySpaces
       - EntityQuerySpaceImpl(uid=<gen:0>, entity=io.swagger.model.AccountRefType)
          - SQL table alias mapping - accountref0_
          - alias suffix - 0_
          - suffixed key columns - {id1_0_0_}

20:19:29.307 [main] DEBUG org.hibernate.loader.entity.plan.EntityLoader - Static select for entity io.swagger.model.AccountRefType [PESSIMISTIC_READ]: select accountref0_.id as id1_0_0_, accountref0_.description as descript2_0_0_, accountref0_.href as href3_0_0_, accountref0_.name as name4_0_0_ from AccountRefType accountref0_ where accountref0_.id=? lock in share mode
20:19:29.308 [main] DEBUG org.hibernate.loader.plan.build.internal.spaces.QuerySpacesImpl - Adding QuerySpace : uid = <gen:0> -> org.hibernate.loader.plan.build.internal.spaces.EntityQuerySpaceImpl@45311a99]
20:19:29.308 [main] DEBUG org.hibernate.persister.walking.spi.MetamodelGraphWalker - Visiting attribute path : description
20:19:29.308 [main] DEBUG org.hibernate.persister.walking.spi.MetamodelGraphWalker - Visiting attribute path : href
20:19:29.308 [main] DEBUG org.hibernate.persister.walking.spi.MetamodelGraphWalker - Visiting attribute path : name
20:19:29.308 [main] DEBUG org.hibernate.loader.plan.build.internal.FetchStyleLoadPlanBuildingAssociationVisitationStrategy - Building LoadPlan...
20:19:29.308 [main] DEBUG org.hibernate.loader.plan.exec.internal.LoadQueryJoinAndFetchProcessor - processing queryspace <gen:0>
20:19:29.308 [main] DEBUG org.hibernate.loader.plan.build.spi.LoadPlanTreePrinter - LoadPlan(entity=io.swagger.model.AccountRefType)
    - Returns
       - EntityReturnImpl(entity=io.swagger.model.AccountRefType, querySpaceUid=<gen:0>, path=io.swagger.model.AccountRefType)
    - QuerySpaces
       - EntityQuerySpaceImpl(uid=<gen:0>, entity=io.swagger.model.AccountRefType)
          - SQL table alias mapping - accountref0_
          - alias suffix - 0_
          - suffixed key columns - {id1_0_0_}

20:19:29.309 [main] DEBUG org.hibernate.loader.entity.plan.EntityLoader - Static select for entity io.swagger.model.AccountRefType [PESSIMISTIC_WRITE]: select accountref0_.id as id1_0_0_, accountref0_.description as descript2_0_0_, accountref0_.href as href3_0_0_, accountref0_.name as name4_0_0_ from AccountRefType accountref0_ where accountref0_.id=? for update
20:19:29.309 [main] DEBUG org.hibernate.loader.plan.build.internal.spaces.QuerySpacesImpl - Adding QuerySpace : uid = <gen:0> -> org.hibernate.loader.plan.build.internal.spaces.EntityQuerySpaceImpl@492c8137]
20:19:29.309 [main] DEBUG org.hibernate.persister.walking.spi.MetamodelGraphWalker - Visiting attribute path : description
20:19:29.309 [main] DEBUG org.hibernate.persister.walking.spi.MetamodelGraphWalker - Visiting attribute path : href
20:19:29.309 [main] DEBUG org.hibernate.persister.walking.spi.MetamodelGraphWalker - Visiting attribute path : name
20:19:29.309 [main] DEBUG org.hibernate.loader.plan.build.internal.FetchStyleLoadPlanBuildingAssociationVisitationStrategy - Building LoadPlan...
20:19:29.309 [main] DEBUG org.hibernate.loader.plan.exec.internal.LoadQueryJoinAndFetchProcessor - processing queryspace <gen:0>
20:19:29.310 [main] DEBUG org.hibernate.loader.plan.build.spi.LoadPlanTreePrinter - LoadPlan(entity=io.swagger.model.AccountRefType)
    - Returns
       - EntityReturnImpl(entity=io.swagger.model.AccountRefType, querySpaceUid=<gen:0>, path=io.swagger.model.AccountRefType)
    - QuerySpaces
       - EntityQuerySpaceImpl(uid=<gen:0>, entity=io.swagger.model.AccountRefType)
          - SQL table alias mapping - accountref0_
          - alias suffix - 0_
          - suffixed key columns - {id1_0_0_}

20:19:29.310 [main] DEBUG org.hibernate.loader.entity.plan.EntityLoader - Static select for entity io.swagger.model.AccountRefType [PESSIMISTIC_FORCE_INCREMENT]: select accountref0_.id as id1_0_0_, accountref0_.description as descript2_0_0_, accountref0_.href as href3_0_0_, accountref0_.name as name4_0_0_ from AccountRefType accountref0_ where accountref0_.id=? for update
20:19:29.310 [main] DEBUG org.hibernate.loader.plan.build.internal.spaces.QuerySpacesImpl - Adding QuerySpace : uid = <gen:0> -> org.hibernate.loader.plan.build.internal.spaces.EntityQuerySpaceImpl@f237ae7]
20:19:29.310 [main] DEBUG org.hibernate.persister.walking.spi.MetamodelGraphWalker - Visiting attribute path : description
20:19:29.310 [main] DEBUG org.hibernate.persister.walking.spi.MetamodelGraphWalker - Visiting attribute path : href
20:19:29.310 [main] DEBUG org.hibernate.persister.walking.spi.MetamodelGraphWalker - Visiting attribute path : name
20:19:29.310 [main] DEBUG org.hibernate.loader.plan.build.internal.FetchStyleLoadPlanBuildingAssociationVisitationStrategy - Building LoadPlan...
20:19:29.310 [main] DEBUG org.hibernate.loader.plan.exec.internal.LoadQueryJoinAndFetchProcessor - processing queryspace <gen:0>
20:19:29.310 [main] DEBUG org.hibernate.loader.plan.build.spi.LoadPlanTreePrinter - LoadPlan(entity=io.swagger.model.AccountRefType)
    - Returns
       - EntityReturnImpl(entity=io.swagger.model.AccountRefType, querySpaceUid=<gen:0>, path=io.swagger.model.AccountRefType)
    - QuerySpaces
       - EntityQuerySpaceImpl(uid=<gen:0>, entity=io.swagger.model.AccountRefType)
          - SQL table alias mapping - accountref0_
          - alias suffix - 0_
          - suffixed key columns - {id1_0_0_}

20:19:29.310 [main] DEBUG org.hibernate.loader.entity.plan.EntityLoader - Static select for entity io.swagger.model.AccountRefType [OPTIMISTIC]: select accountref0_.id as id1_0_0_, accountref0_.description as descript2_0_0_, accountref0_.href as href3_0_0_, accountref0_.name as name4_0_0_ from AccountRefType accountref0_ where accountref0_.id=?
20:19:29.311 [main] DEBUG org.hibernate.loader.plan.build.internal.spaces.QuerySpacesImpl - Adding QuerySpace : uid = <gen:0> -> org.hibernate.loader.plan.build.internal.spaces.EntityQuerySpaceImpl@6fe5da76]
20:19:29.311 [main] DEBUG org.hibernate.persister.walking.spi.MetamodelGraphWalker - Visiting attribute path : description
20:19:29.311 [main] DEBUG org.hibernate.persister.walking.spi.MetamodelGraphWalker - Visiting attribute path : href
20:19:29.311 [main] DEBUG org.hibernate.persister.walking.spi.MetamodelGraphWalker - Visiting attribute path : name
20:19:29.311 [main] DEBUG org.hibernate.loader.plan.build.internal.FetchStyleLoadPlanBuildingAssociationVisitationStrategy - Building LoadPlan...
20:19:29.311 [main] DEBUG org.hibernate.loader.plan.exec.internal.LoadQueryJoinAndFetchProcessor - processing queryspace <gen:0>
20:19:29.311 [main] DEBUG org.hibernate.loader.plan.build.spi.LoadPlanTreePrinter - LoadPlan(entity=io.swagger.model.AccountRefType)
    - Returns
       - EntityReturnImpl(entity=io.swagger.model.AccountRefType, querySpaceUid=<gen:0>, path=io.swagger.model.AccountRefType)
    - QuerySpaces
       - EntityQuerySpaceImpl(uid=<gen:0>, entity=io.swagger.model.AccountRefType)
          - SQL table alias mapping - accountref0_
          - alias suffix - 0_
          - suffixed key columns - {id1_0_0_}

20:19:29.311 [main] DEBUG org.hibernate.loader.entity.plan.EntityLoader - Static select for entity io.swagger.model.AccountRefType [OPTIMISTIC_FORCE_INCREMENT]: select accountref0_.id as id1_0_0_, accountref0_.description as descript2_0_0_, accountref0_.href as href3_0_0_, accountref0_.name as name4_0_0_ from AccountRefType accountref0_ where accountref0_.id=?
20:19:29.311 [main] DEBUG org.hibernate.loader.Loader - Static select for action ACTION_MERGE on entity io.swagger.model.AccountRefType: select accountref0_.id as id1_0_0_, accountref0_.description as descript2_0_0_, accountref0_.href as href3_0_0_, accountref0_.name as name4_0_0_ from AccountRefType accountref0_ where accountref0_.id=?
20:19:29.312 [main] DEBUG org.hibernate.loader.Loader - Static select for action ACTION_REFRESH on entity io.swagger.model.AccountRefType: select accountref0_.id as id1_0_0_, accountref0_.description as descript2_0_0_, accountref0_.href as href3_0_0_, accountref0_.name as name4_0_0_ from AccountRefType accountref0_ where accountref0_.id=?
20:19:29.312 [main] DEBUG org.hibernate.persister.entity.AbstractEntityPersister - Static SQL for entity: io.swagger.model.PaymentMethodType
20:19:29.312 [main] DEBUG org.hibernate.persister.entity.AbstractEntityPersister -  Version select: select id from PaymentMethodType where id =?
20:19:29.312 [main] DEBUG org.hibernate.persister.entity.AbstractEntityPersister -  Snapshot select: select paymentmet_.id, paymentmet_.authorizationCode as authoriz2_11_, paymentmet_.description as descript3_11_, paymentmet_.href as href4_11_, paymentmet_.name as name5_11_, paymentmet_.preferred as preferre6_11_, paymentmet_.status as status7_11_, paymentmet_.statusDate as statusDa8_11_, paymentmet_.type as type9_11_, paymentmet_.validFor_id as validFo10_11_ from PaymentMethodType paymentmet_ where paymentmet_.id=?
20:19:29.312 [main] DEBUG org.hibernate.persister.entity.AbstractEntityPersister -  Insert 0: insert into PaymentMethodType (authorizationCode, description, href, name, preferred, status, statusDate, type, validFor_id, id) values (?, ?, ?, ?, ?, ?, ?, ?, ?, ?)
20:19:29.312 [main] DEBUG org.hibernate.persister.entity.AbstractEntityPersister -  Update 0: update PaymentMethodType set authorizationCode=?, description=?, href=?, name=?, preferred=?, status=?, statusDate=?, type=?, validFor_id=? where id=?
20:19:29.312 [main] DEBUG org.hibernate.persister.entity.AbstractEntityPersister -  Delete 0: delete from PaymentMethodType where id=?
20:19:29.312 [main] DEBUG org.hibernate.loader.plan.build.internal.spaces.QuerySpacesImpl - Adding QuerySpace : uid = <gen:0> -> org.hibernate.loader.plan.build.internal.spaces.EntityQuerySpaceImpl@6339e604]
20:19:29.312 [main] DEBUG org.hibernate.persister.walking.spi.MetamodelGraphWalker - Visiting attribute path : authorizationCode
20:19:29.312 [main] DEBUG org.hibernate.persister.walking.spi.MetamodelGraphWalker - Visiting attribute path : description
20:19:29.312 [main] DEBUG org.hibernate.persister.walking.spi.MetamodelGraphWalker - Visiting attribute path : href
20:19:29.312 [main] DEBUG org.hibernate.persister.walking.spi.MetamodelGraphWalker - Visiting attribute path : name
20:19:29.313 [main] DEBUG org.hibernate.persister.walking.spi.MetamodelGraphWalker - Visiting attribute path : preferred
20:19:29.313 [main] DEBUG org.hibernate.persister.walking.spi.MetamodelGraphWalker - Visiting attribute path : relatedParty
20:19:29.313 [main] DEBUG org.hibernate.loader.plan.build.internal.spaces.QuerySpacesImpl - Adding QuerySpace : uid = <gen:1> -> org.hibernate.loader.plan.build.internal.spaces.CollectionQuerySpaceImpl@e7e455d]
20:19:29.313 [main] DEBUG org.hibernate.loader.plan.build.internal.spaces.QuerySpacesImpl - Adding QuerySpace : uid = <gen:2> -> org.hibernate.loader.plan.build.internal.spaces.EntityQuerySpaceImpl@33e8e146]
20:19:29.313 [main] DEBUG org.hibernate.persister.walking.spi.MetamodelGraphWalker - Visiting attribute path : status
20:19:29.313 [main] DEBUG org.hibernate.persister.walking.spi.MetamodelGraphWalker - Visiting attribute path : statusDate
20:19:29.313 [main] DEBUG org.hibernate.persister.walking.spi.MetamodelGraphWalker - Visiting attribute path : type
20:19:29.313 [main] DEBUG org.hibernate.persister.walking.spi.MetamodelGraphWalker - Visiting attribute path : validFor
20:19:29.313 [main] DEBUG org.hibernate.loader.plan.build.internal.spaces.QuerySpacesImpl - Adding QuerySpace : uid = <gen:3> -> org.hibernate.loader.plan.build.internal.spaces.EntityQuerySpaceImpl@1f4d38f9]
20:19:29.313 [main] DEBUG org.hibernate.persister.walking.spi.MetamodelGraphWalker - Visiting attribute path : validFor.endDateTime
20:19:29.313 [main] DEBUG org.hibernate.persister.walking.spi.MetamodelGraphWalker - Visiting attribute path : validFor.startDateTime
20:19:29.313 [main] DEBUG org.hibernate.loader.plan.build.internal.FetchStyleLoadPlanBuildingAssociationVisitationStrategy - Building LoadPlan...
20:19:29.313 [main] DEBUG org.hibernate.loader.plan.exec.internal.LoadQueryJoinAndFetchProcessor - processing queryspace <gen:0>
20:19:29.314 [main] DEBUG org.hibernate.loader.plan.build.spi.LoadPlanTreePrinter - LoadPlan(entity=io.swagger.model.PaymentMethodType)
    - Returns
       - EntityReturnImpl(entity=io.swagger.model.PaymentMethodType, querySpaceUid=<gen:0>, path=io.swagger.model.PaymentMethodType)
          - CollectionAttributeFetchImpl(collection=io.swagger.model.PaymentMethodType.relatedParty, querySpaceUid=<gen:1>, path=io.swagger.model.PaymentMethodType.relatedParty)
             - (collection element) CollectionFetchableElementEntityGraph(entity=io.swagger.model.RelatedPartyRefType, querySpaceUid=<gen:2>, path=io.swagger.model.PaymentMethodType.relatedParty.<elements>)
          - EntityAttributeFetchImpl(entity=io.swagger.model.TimePeriodType, querySpaceUid=<gen:3>, path=io.swagger.model.PaymentMethodType.validFor)
    - QuerySpaces
       - EntityQuerySpaceImpl(uid=<gen:0>, entity=io.swagger.model.PaymentMethodType)
          - SQL table alias mapping - paymentmet0_
          - alias suffix - 0_
          - suffixed key columns - {id1_11_0_}
          - JOIN (JoinDefinedByMetadata(validFor)) : <gen:0> -> <gen:3>
             - EntityQuerySpaceImpl(uid=<gen:3>, entity=io.swagger.model.TimePeriodType)
                - SQL table alias mapping - timeperiod1_
                - alias suffix - 1_
                - suffixed key columns - {id1_23_1_}

20:19:29.314 [main] DEBUG org.hibernate.loader.entity.plan.EntityLoader - Static select for entity io.swagger.model.PaymentMethodType [NONE]: select paymentmet0_.id as id1_11_0_, paymentmet0_.authorizationCode as authoriz2_11_0_, paymentmet0_.description as descript3_11_0_, paymentmet0_.href as href4_11_0_, paymentmet0_.name as name5_11_0_, paymentmet0_.preferred as preferre6_11_0_, paymentmet0_.status as status7_11_0_, paymentmet0_.statusDate as statusDa8_11_0_, paymentmet0_.type as type9_11_0_, paymentmet0_.validFor_id as validFo10_11_0_, timeperiod1_.id as id1_23_1_, timeperiod1_.endDateTime as endDateT2_23_1_, timeperiod1_.startDateTime as startDat3_23_1_ from PaymentMethodType paymentmet0_ left outer join TimePeriodType timeperiod1_ on paymentmet0_.validFor_id=timeperiod1_.id where paymentmet0_.id=?
20:19:29.314 [main] DEBUG org.hibernate.loader.plan.build.internal.spaces.QuerySpacesImpl - Adding QuerySpace : uid = <gen:0> -> org.hibernate.loader.plan.build.internal.spaces.EntityQuerySpaceImpl@64eeddd8]
20:19:29.314 [main] DEBUG org.hibernate.persister.walking.spi.MetamodelGraphWalker - Visiting attribute path : authorizationCode
20:19:29.314 [main] DEBUG org.hibernate.persister.walking.spi.MetamodelGraphWalker - Visiting attribute path : description
20:19:29.314 [main] DEBUG org.hibernate.persister.walking.spi.MetamodelGraphWalker - Visiting attribute path : href
20:19:29.315 [main] DEBUG org.hibernate.persister.walking.spi.MetamodelGraphWalker - Visiting attribute path : name
20:19:29.315 [main] DEBUG org.hibernate.persister.walking.spi.MetamodelGraphWalker - Visiting attribute path : preferred
20:19:29.315 [main] DEBUG org.hibernate.persister.walking.spi.MetamodelGraphWalker - Visiting attribute path : relatedParty
20:19:29.315 [main] DEBUG org.hibernate.loader.plan.build.internal.spaces.QuerySpacesImpl - Adding QuerySpace : uid = <gen:1> -> org.hibernate.loader.plan.build.internal.spaces.CollectionQuerySpaceImpl@66048ac4]
20:19:29.315 [main] DEBUG org.hibernate.loader.plan.build.internal.spaces.QuerySpacesImpl - Adding QuerySpace : uid = <gen:2> -> org.hibernate.loader.plan.build.internal.spaces.EntityQuerySpaceImpl@4f525e13]
20:19:29.315 [main] DEBUG org.hibernate.persister.walking.spi.MetamodelGraphWalker - Visiting attribute path : status
20:19:29.315 [main] DEBUG org.hibernate.persister.walking.spi.MetamodelGraphWalker - Visiting attribute path : statusDate
20:19:29.315 [main] DEBUG org.hibernate.persister.walking.spi.MetamodelGraphWalker - Visiting attribute path : type
20:19:29.315 [main] DEBUG org.hibernate.persister.walking.spi.MetamodelGraphWalker - Visiting attribute path : validFor
20:19:29.315 [main] DEBUG org.hibernate.loader.plan.build.internal.spaces.QuerySpacesImpl - Adding QuerySpace : uid = <gen:3> -> org.hibernate.loader.plan.build.internal.spaces.EntityQuerySpaceImpl@5d404a3c]
20:19:29.315 [main] DEBUG org.hibernate.persister.walking.spi.MetamodelGraphWalker - Visiting attribute path : validFor.endDateTime
20:19:29.315 [main] DEBUG org.hibernate.persister.walking.spi.MetamodelGraphWalker - Visiting attribute path : validFor.startDateTime
20:19:29.315 [main] DEBUG org.hibernate.loader.plan.build.internal.FetchStyleLoadPlanBuildingAssociationVisitationStrategy - Building LoadPlan...
20:19:29.316 [main] DEBUG org.hibernate.loader.plan.exec.internal.LoadQueryJoinAndFetchProcessor - processing queryspace <gen:0>
20:19:29.316 [main] DEBUG org.hibernate.loader.plan.build.spi.LoadPlanTreePrinter - LoadPlan(entity=io.swagger.model.PaymentMethodType)
    - Returns
       - EntityReturnImpl(entity=io.swagger.model.PaymentMethodType, querySpaceUid=<gen:0>, path=io.swagger.model.PaymentMethodType)
          - CollectionAttributeFetchImpl(collection=io.swagger.model.PaymentMethodType.relatedParty, querySpaceUid=<gen:1>, path=io.swagger.model.PaymentMethodType.relatedParty)
             - (collection element) CollectionFetchableElementEntityGraph(entity=io.swagger.model.RelatedPartyRefType, querySpaceUid=<gen:2>, path=io.swagger.model.PaymentMethodType.relatedParty.<elements>)
          - EntityAttributeFetchImpl(entity=io.swagger.model.TimePeriodType, querySpaceUid=<gen:3>, path=io.swagger.model.PaymentMethodType.validFor)
    - QuerySpaces
       - EntityQuerySpaceImpl(uid=<gen:0>, entity=io.swagger.model.PaymentMethodType)
          - SQL table alias mapping - paymentmet0_
          - alias suffix - 0_
          - suffixed key columns - {id1_11_0_}
          - JOIN (JoinDefinedByMetadata(validFor)) : <gen:0> -> <gen:3>
             - EntityQuerySpaceImpl(uid=<gen:3>, entity=io.swagger.model.TimePeriodType)
                - SQL table alias mapping - timeperiod1_
                - alias suffix - 1_
                - suffixed key columns - {id1_23_1_}

20:19:29.316 [main] DEBUG org.hibernate.loader.entity.plan.EntityLoader - Static select for entity io.swagger.model.PaymentMethodType [READ]: select paymentmet0_.id as id1_11_0_, paymentmet0_.authorizationCode as authoriz2_11_0_, paymentmet0_.description as descript3_11_0_, paymentmet0_.href as href4_11_0_, paymentmet0_.name as name5_11_0_, paymentmet0_.preferred as preferre6_11_0_, paymentmet0_.status as status7_11_0_, paymentmet0_.statusDate as statusDa8_11_0_, paymentmet0_.type as type9_11_0_, paymentmet0_.validFor_id as validFo10_11_0_, timeperiod1_.id as id1_23_1_, timeperiod1_.endDateTime as endDateT2_23_1_, timeperiod1_.startDateTime as startDat3_23_1_ from PaymentMethodType paymentmet0_ left outer join TimePeriodType timeperiod1_ on paymentmet0_.validFor_id=timeperiod1_.id where paymentmet0_.id=?
20:19:29.316 [main] DEBUG org.hibernate.loader.plan.build.internal.spaces.QuerySpacesImpl - Adding QuerySpace : uid = <gen:0> -> org.hibernate.loader.plan.build.internal.spaces.EntityQuerySpaceImpl@48692405]
20:19:29.317 [main] DEBUG org.hibernate.persister.walking.spi.MetamodelGraphWalker - Visiting attribute path : authorizationCode
20:19:29.317 [main] DEBUG org.hibernate.persister.walking.spi.MetamodelGraphWalker - Visiting attribute path : description
20:19:29.317 [main] DEBUG org.hibernate.persister.walking.spi.MetamodelGraphWalker - Visiting attribute path : href
20:19:29.317 [main] DEBUG org.hibernate.persister.walking.spi.MetamodelGraphWalker - Visiting attribute path : name
20:19:29.317 [main] DEBUG org.hibernate.persister.walking.spi.MetamodelGraphWalker - Visiting attribute path : preferred
20:19:29.317 [main] DEBUG org.hibernate.persister.walking.spi.MetamodelGraphWalker - Visiting attribute path : relatedParty
20:19:29.317 [main] DEBUG org.hibernate.loader.plan.build.internal.spaces.QuerySpacesImpl - Adding QuerySpace : uid = <gen:1> -> org.hibernate.loader.plan.build.internal.spaces.CollectionQuerySpaceImpl@4a58e0e9]
20:19:29.317 [main] DEBUG org.hibernate.loader.plan.build.internal.spaces.QuerySpacesImpl - Adding QuerySpace : uid = <gen:2> -> org.hibernate.loader.plan.build.internal.spaces.EntityQuerySpaceImpl@e8c84eb]
20:19:29.317 [main] DEBUG org.hibernate.persister.walking.spi.MetamodelGraphWalker - Visiting attribute path : status
20:19:29.317 [main] DEBUG org.hibernate.persister.walking.spi.MetamodelGraphWalker - Visiting attribute path : statusDate
20:19:29.317 [main] DEBUG org.hibernate.persister.walking.spi.MetamodelGraphWalker - Visiting attribute path : type
20:19:29.317 [main] DEBUG org.hibernate.persister.walking.spi.MetamodelGraphWalker - Visiting attribute path : validFor
20:19:29.317 [main] DEBUG org.hibernate.loader.plan.build.internal.spaces.QuerySpacesImpl - Adding QuerySpace : uid = <gen:3> -> org.hibernate.loader.plan.build.internal.spaces.EntityQuerySpaceImpl@f44d033]
20:19:29.317 [main] DEBUG org.hibernate.loader.plan.build.internal.FetchStyleLoadPlanBuildingAssociationVisitationStrategy - Building LoadPlan...
20:19:29.318 [main] DEBUG org.hibernate.loader.plan.exec.internal.LoadQueryJoinAndFetchProcessor - processing queryspace <gen:0>
20:19:29.318 [main] DEBUG org.hibernate.loader.plan.build.spi.LoadPlanTreePrinter - LoadPlan(entity=io.swagger.model.PaymentMethodType)
    - Returns
       - EntityReturnImpl(entity=io.swagger.model.PaymentMethodType, querySpaceUid=<gen:0>, path=io.swagger.model.PaymentMethodType)
          - CollectionAttributeFetchImpl(collection=io.swagger.model.PaymentMethodType.relatedParty, querySpaceUid=<gen:1>, path=io.swagger.model.PaymentMethodType.relatedParty)
             - (collection element) CollectionFetchableElementEntityGraph(entity=io.swagger.model.RelatedPartyRefType, querySpaceUid=<gen:2>, path=io.swagger.model.PaymentMethodType.relatedParty.<elements>)
          - EntityAttributeFetchImpl(entity=io.swagger.model.TimePeriodType, querySpaceUid=<gen:3>, path=io.swagger.model.PaymentMethodType.validFor)
    - QuerySpaces
       - EntityQuerySpaceImpl(uid=<gen:0>, entity=io.swagger.model.PaymentMethodType)
          - SQL table alias mapping - paymentmet0_
          - alias suffix - 0_
          - suffixed key columns - {id1_11_0_}

20:19:29.318 [main] DEBUG org.hibernate.loader.entity.plan.EntityLoader - Static select for entity io.swagger.model.PaymentMethodType [UPGRADE]: select paymentmet0_.id as id1_11_0_, paymentmet0_.authorizationCode as authoriz2_11_0_, paymentmet0_.description as descript3_11_0_, paymentmet0_.href as href4_11_0_, paymentmet0_.name as name5_11_0_, paymentmet0_.preferred as preferre6_11_0_, paymentmet0_.status as status7_11_0_, paymentmet0_.statusDate as statusDa8_11_0_, paymentmet0_.type as type9_11_0_, paymentmet0_.validFor_id as validFo10_11_0_ from PaymentMethodType paymentmet0_ where paymentmet0_.id=? for update
20:19:29.318 [main] DEBUG org.hibernate.loader.plan.build.internal.spaces.QuerySpacesImpl - Adding QuerySpace : uid = <gen:0> -> org.hibernate.loader.plan.build.internal.spaces.EntityQuerySpaceImpl@283bb8b7]
20:19:29.318 [main] DEBUG org.hibernate.persister.walking.spi.MetamodelGraphWalker - Visiting attribute path : authorizationCode
20:19:29.318 [main] DEBUG org.hibernate.persister.walking.spi.MetamodelGraphWalker - Visiting attribute path : description
20:19:29.318 [main] DEBUG org.hibernate.persister.walking.spi.MetamodelGraphWalker - Visiting attribute path : href
20:19:29.318 [main] DEBUG org.hibernate.persister.walking.spi.MetamodelGraphWalker - Visiting attribute path : name
20:19:29.318 [main] DEBUG org.hibernate.persister.walking.spi.MetamodelGraphWalker - Visiting attribute path : preferred
20:19:29.318 [main] DEBUG org.hibernate.persister.walking.spi.MetamodelGraphWalker - Visiting attribute path : relatedParty
20:19:29.319 [main] DEBUG org.hibernate.loader.plan.build.internal.spaces.QuerySpacesImpl - Adding QuerySpace : uid = <gen:1> -> org.hibernate.loader.plan.build.internal.spaces.CollectionQuerySpaceImpl@4fa8297b]
20:19:29.319 [main] DEBUG org.hibernate.loader.plan.build.internal.spaces.QuerySpacesImpl - Adding QuerySpace : uid = <gen:2> -> org.hibernate.loader.plan.build.internal.spaces.EntityQuerySpaceImpl@6644bdf5]
20:19:29.319 [main] DEBUG org.hibernate.persister.walking.spi.MetamodelGraphWalker - Visiting attribute path : status
20:19:29.319 [main] DEBUG org.hibernate.persister.walking.spi.MetamodelGraphWalker - Visiting attribute path : statusDate
20:19:29.319 [main] DEBUG org.hibernate.persister.walking.spi.MetamodelGraphWalker - Visiting attribute path : type
20:19:29.319 [main] DEBUG org.hibernate.persister.walking.spi.MetamodelGraphWalker - Visiting attribute path : validFor
20:19:29.319 [main] DEBUG org.hibernate.loader.plan.build.internal.spaces.QuerySpacesImpl - Adding QuerySpace : uid = <gen:3> -> org.hibernate.loader.plan.build.internal.spaces.EntityQuerySpaceImpl@13cf5f8a]
20:19:29.319 [main] DEBUG org.hibernate.loader.plan.build.internal.FetchStyleLoadPlanBuildingAssociationVisitationStrategy - Building LoadPlan...
20:19:29.319 [main] DEBUG org.hibernate.loader.plan.exec.internal.LoadQueryJoinAndFetchProcessor - processing queryspace <gen:0>
20:19:29.320 [main] DEBUG org.hibernate.loader.plan.build.spi.LoadPlanTreePrinter - LoadPlan(entity=io.swagger.model.PaymentMethodType)
    - Returns
       - EntityReturnImpl(entity=io.swagger.model.PaymentMethodType, querySpaceUid=<gen:0>, path=io.swagger.model.PaymentMethodType)
          - CollectionAttributeFetchImpl(collection=io.swagger.model.PaymentMethodType.relatedParty, querySpaceUid=<gen:1>, path=io.swagger.model.PaymentMethodType.relatedParty)
             - (collection element) CollectionFetchableElementEntityGraph(entity=io.swagger.model.RelatedPartyRefType, querySpaceUid=<gen:2>, path=io.swagger.model.PaymentMethodType.relatedParty.<elements>)
          - EntityAttributeFetchImpl(entity=io.swagger.model.TimePeriodType, querySpaceUid=<gen:3>, path=io.swagger.model.PaymentMethodType.validFor)
    - QuerySpaces
       - EntityQuerySpaceImpl(uid=<gen:0>, entity=io.swagger.model.PaymentMethodType)
          - SQL table alias mapping - paymentmet0_
          - alias suffix - 0_
          - suffixed key columns - {id1_11_0_}

20:19:29.320 [main] DEBUG org.hibernate.loader.entity.plan.EntityLoader - Static select for entity io.swagger.model.PaymentMethodType [UPGRADE_NOWAIT]: select paymentmet0_.id as id1_11_0_, paymentmet0_.authorizationCode as authoriz2_11_0_, paymentmet0_.description as descript3_11_0_, paymentmet0_.href as href4_11_0_, paymentmet0_.name as name5_11_0_, paymentmet0_.preferred as preferre6_11_0_, paymentmet0_.status as status7_11_0_, paymentmet0_.statusDate as statusDa8_11_0_, paymentmet0_.type as type9_11_0_, paymentmet0_.validFor_id as validFo10_11_0_ from PaymentMethodType paymentmet0_ where paymentmet0_.id=? for update
20:19:29.320 [main] DEBUG org.hibernate.loader.plan.build.internal.spaces.QuerySpacesImpl - Adding QuerySpace : uid = <gen:0> -> org.hibernate.loader.plan.build.internal.spaces.EntityQuerySpaceImpl@7c9ea1d0]
20:19:29.320 [main] DEBUG org.hibernate.persister.walking.spi.MetamodelGraphWalker - Visiting attribute path : authorizationCode
20:19:29.320 [main] DEBUG org.hibernate.persister.walking.spi.MetamodelGraphWalker - Visiting attribute path : description
20:19:29.320 [main] DEBUG org.hibernate.persister.walking.spi.MetamodelGraphWalker - Visiting attribute path : href
20:19:29.320 [main] DEBUG org.hibernate.persister.walking.spi.MetamodelGraphWalker - Visiting attribute path : name
20:19:29.320 [main] DEBUG org.hibernate.persister.walking.spi.MetamodelGraphWalker - Visiting attribute path : preferred
20:19:29.320 [main] DEBUG org.hibernate.persister.walking.spi.MetamodelGraphWalker - Visiting attribute path : relatedParty
20:19:29.320 [main] DEBUG org.hibernate.loader.plan.build.internal.spaces.QuerySpacesImpl - Adding QuerySpace : uid = <gen:1> -> org.hibernate.loader.plan.build.internal.spaces.CollectionQuerySpaceImpl@319b1c77]
20:19:29.320 [main] DEBUG org.hibernate.loader.plan.build.internal.spaces.QuerySpacesImpl - Adding QuerySpace : uid = <gen:2> -> org.hibernate.loader.plan.build.internal.spaces.EntityQuerySpaceImpl@584136c1]
20:19:29.320 [main] DEBUG org.hibernate.persister.walking.spi.MetamodelGraphWalker - Visiting attribute path : status
20:19:29.320 [main] DEBUG org.hibernate.persister.walking.spi.MetamodelGraphWalker - Visiting attribute path : statusDate
20:19:29.320 [main] DEBUG org.hibernate.persister.walking.spi.MetamodelGraphWalker - Visiting attribute path : type
20:19:29.320 [main] DEBUG org.hibernate.persister.walking.spi.MetamodelGraphWalker - Visiting attribute path : validFor
20:19:29.320 [main] DEBUG org.hibernate.loader.plan.build.internal.spaces.QuerySpacesImpl - Adding QuerySpace : uid = <gen:3> -> org.hibernate.loader.plan.build.internal.spaces.EntityQuerySpaceImpl@51d88c38]
20:19:29.321 [main] DEBUG org.hibernate.loader.plan.build.internal.FetchStyleLoadPlanBuildingAssociationVisitationStrategy - Building LoadPlan...
20:19:29.321 [main] DEBUG org.hibernate.loader.plan.exec.internal.LoadQueryJoinAndFetchProcessor - processing queryspace <gen:0>
20:19:29.321 [main] DEBUG org.hibernate.loader.plan.build.spi.LoadPlanTreePrinter - LoadPlan(entity=io.swagger.model.PaymentMethodType)
    - Returns
       - EntityReturnImpl(entity=io.swagger.model.PaymentMethodType, querySpaceUid=<gen:0>, path=io.swagger.model.PaymentMethodType)
          - CollectionAttributeFetchImpl(collection=io.swagger.model.PaymentMethodType.relatedParty, querySpaceUid=<gen:1>, path=io.swagger.model.PaymentMethodType.relatedParty)
             - (collection element) CollectionFetchableElementEntityGraph(entity=io.swagger.model.RelatedPartyRefType, querySpaceUid=<gen:2>, path=io.swagger.model.PaymentMethodType.relatedParty.<elements>)
          - EntityAttributeFetchImpl(entity=io.swagger.model.TimePeriodType, querySpaceUid=<gen:3>, path=io.swagger.model.PaymentMethodType.validFor)
    - QuerySpaces
       - EntityQuerySpaceImpl(uid=<gen:0>, entity=io.swagger.model.PaymentMethodType)
          - SQL table alias mapping - paymentmet0_
          - alias suffix - 0_
          - suffixed key columns - {id1_11_0_}

20:19:29.321 [main] DEBUG org.hibernate.loader.entity.plan.EntityLoader - Static select for entity io.swagger.model.PaymentMethodType [UPGRADE_SKIPLOCKED]: select paymentmet0_.id as id1_11_0_, paymentmet0_.authorizationCode as authoriz2_11_0_, paymentmet0_.description as descript3_11_0_, paymentmet0_.href as href4_11_0_, paymentmet0_.name as name5_11_0_, paymentmet0_.preferred as preferre6_11_0_, paymentmet0_.status as status7_11_0_, paymentmet0_.statusDate as statusDa8_11_0_, paymentmet0_.type as type9_11_0_, paymentmet0_.validFor_id as validFo10_11_0_ from PaymentMethodType paymentmet0_ where paymentmet0_.id=? for update
20:19:29.321 [main] DEBUG org.hibernate.loader.plan.build.internal.spaces.QuerySpacesImpl - Adding QuerySpace : uid = <gen:0> -> org.hibernate.loader.plan.build.internal.spaces.EntityQuerySpaceImpl@3ea2f72e]
20:19:29.321 [main] DEBUG org.hibernate.persister.walking.spi.MetamodelGraphWalker - Visiting attribute path : authorizationCode
20:19:29.321 [main] DEBUG org.hibernate.persister.walking.spi.MetamodelGraphWalker - Visiting attribute path : description
20:19:29.321 [main] DEBUG org.hibernate.persister.walking.spi.MetamodelGraphWalker - Visiting attribute path : href
20:19:29.321 [main] DEBUG org.hibernate.persister.walking.spi.MetamodelGraphWalker - Visiting attribute path : name
20:19:29.322 [main] DEBUG org.hibernate.persister.walking.spi.MetamodelGraphWalker - Visiting attribute path : preferred
20:19:29.322 [main] DEBUG org.hibernate.persister.walking.spi.MetamodelGraphWalker - Visiting attribute path : relatedParty
20:19:29.322 [main] DEBUG org.hibernate.loader.plan.build.internal.spaces.QuerySpacesImpl - Adding QuerySpace : uid = <gen:1> -> org.hibernate.loader.plan.build.internal.spaces.CollectionQuerySpaceImpl@615ef20]
20:19:29.322 [main] DEBUG org.hibernate.loader.plan.build.internal.spaces.QuerySpacesImpl - Adding QuerySpace : uid = <gen:2> -> org.hibernate.loader.plan.build.internal.spaces.EntityQuerySpaceImpl@13390a96]
20:19:29.322 [main] DEBUG org.hibernate.persister.walking.spi.MetamodelGraphWalker - Visiting attribute path : status
20:19:29.322 [main] DEBUG org.hibernate.persister.walking.spi.MetamodelGraphWalker - Visiting attribute path : statusDate
20:19:29.322 [main] DEBUG org.hibernate.persister.walking.spi.MetamodelGraphWalker - Visiting attribute path : type
20:19:29.322 [main] DEBUG org.hibernate.persister.walking.spi.MetamodelGraphWalker - Visiting attribute path : validFor
20:19:29.322 [main] DEBUG org.hibernate.loader.plan.build.internal.spaces.QuerySpacesImpl - Adding QuerySpace : uid = <gen:3> -> org.hibernate.loader.plan.build.internal.spaces.EntityQuerySpaceImpl@3a8b9458]
20:19:29.322 [main] DEBUG org.hibernate.loader.plan.build.internal.FetchStyleLoadPlanBuildingAssociationVisitationStrategy - Building LoadPlan...
20:19:29.322 [main] DEBUG org.hibernate.loader.plan.exec.internal.LoadQueryJoinAndFetchProcessor - processing queryspace <gen:0>
20:19:29.323 [main] DEBUG org.hibernate.loader.plan.build.spi.LoadPlanTreePrinter - LoadPlan(entity=io.swagger.model.PaymentMethodType)
    - Returns
       - EntityReturnImpl(entity=io.swagger.model.PaymentMethodType, querySpaceUid=<gen:0>, path=io.swagger.model.PaymentMethodType)
          - CollectionAttributeFetchImpl(collection=io.swagger.model.PaymentMethodType.relatedParty, querySpaceUid=<gen:1>, path=io.swagger.model.PaymentMethodType.relatedParty)
             - (collection element) CollectionFetchableElementEntityGraph(entity=io.swagger.model.RelatedPartyRefType, querySpaceUid=<gen:2>, path=io.swagger.model.PaymentMethodType.relatedParty.<elements>)
          - EntityAttributeFetchImpl(entity=io.swagger.model.TimePeriodType, querySpaceUid=<gen:3>, path=io.swagger.model.PaymentMethodType.validFor)
    - QuerySpaces
       - EntityQuerySpaceImpl(uid=<gen:0>, entity=io.swagger.model.PaymentMethodType)
          - SQL table alias mapping - paymentmet0_
          - alias suffix - 0_
          - suffixed key columns - {id1_11_0_}

20:19:29.323 [main] DEBUG org.hibernate.loader.entity.plan.EntityLoader - Static select for entity io.swagger.model.PaymentMethodType [FORCE]: select paymentmet0_.id as id1_11_0_, paymentmet0_.authorizationCode as authoriz2_11_0_, paymentmet0_.description as descript3_11_0_, paymentmet0_.href as href4_11_0_, paymentmet0_.name as name5_11_0_, paymentmet0_.preferred as preferre6_11_0_, paymentmet0_.status as status7_11_0_, paymentmet0_.statusDate as statusDa8_11_0_, paymentmet0_.type as type9_11_0_, paymentmet0_.validFor_id as validFo10_11_0_ from PaymentMethodType paymentmet0_ where paymentmet0_.id=? for update
20:19:29.323 [main] DEBUG org.hibernate.loader.plan.build.internal.spaces.QuerySpacesImpl - Adding QuerySpace : uid = <gen:0> -> org.hibernate.loader.plan.build.internal.spaces.EntityQuerySpaceImpl@7497a554]
20:19:29.323 [main] DEBUG org.hibernate.persister.walking.spi.MetamodelGraphWalker - Visiting attribute path : authorizationCode
20:19:29.323 [main] DEBUG org.hibernate.persister.walking.spi.MetamodelGraphWalker - Visiting attribute path : description
20:19:29.323 [main] DEBUG org.hibernate.persister.walking.spi.MetamodelGraphWalker - Visiting attribute path : href
20:19:29.323 [main] DEBUG org.hibernate.persister.walking.spi.MetamodelGraphWalker - Visiting attribute path : name
20:19:29.323 [main] DEBUG org.hibernate.persister.walking.spi.MetamodelGraphWalker - Visiting attribute path : preferred
20:19:29.323 [main] DEBUG org.hibernate.persister.walking.spi.MetamodelGraphWalker - Visiting attribute path : relatedParty
20:19:29.323 [main] DEBUG org.hibernate.loader.plan.build.internal.spaces.QuerySpacesImpl - Adding QuerySpace : uid = <gen:1> -> org.hibernate.loader.plan.build.internal.spaces.CollectionQuerySpaceImpl@664f49f]
20:19:29.323 [main] DEBUG org.hibernate.loader.plan.build.internal.spaces.QuerySpacesImpl - Adding QuerySpace : uid = <gen:2> -> org.hibernate.loader.plan.build.internal.spaces.EntityQuerySpaceImpl@60ab895f]
20:19:29.323 [main] DEBUG org.hibernate.persister.walking.spi.MetamodelGraphWalker - Visiting attribute path : status
20:19:29.323 [main] DEBUG org.hibernate.persister.walking.spi.MetamodelGraphWalker - Visiting attribute path : statusDate
20:19:29.323 [main] DEBUG org.hibernate.persister.walking.spi.MetamodelGraphWalker - Visiting attribute path : type
20:19:29.323 [main] DEBUG org.hibernate.persister.walking.spi.MetamodelGraphWalker - Visiting attribute path : validFor
20:19:29.323 [main] DEBUG org.hibernate.loader.plan.build.internal.spaces.QuerySpacesImpl - Adding QuerySpace : uid = <gen:3> -> org.hibernate.loader.plan.build.internal.spaces.EntityQuerySpaceImpl@295f2d1b]
20:19:29.323 [main] DEBUG org.hibernate.loader.plan.build.internal.FetchStyleLoadPlanBuildingAssociationVisitationStrategy - Building LoadPlan...
20:19:29.324 [main] DEBUG org.hibernate.loader.plan.exec.internal.LoadQueryJoinAndFetchProcessor - processing queryspace <gen:0>
20:19:29.324 [main] DEBUG org.hibernate.loader.plan.build.spi.LoadPlanTreePrinter - LoadPlan(entity=io.swagger.model.PaymentMethodType)
    - Returns
       - EntityReturnImpl(entity=io.swagger.model.PaymentMethodType, querySpaceUid=<gen:0>, path=io.swagger.model.PaymentMethodType)
          - CollectionAttributeFetchImpl(collection=io.swagger.model.PaymentMethodType.relatedParty, querySpaceUid=<gen:1>, path=io.swagger.model.PaymentMethodType.relatedParty)
             - (collection element) CollectionFetchableElementEntityGraph(entity=io.swagger.model.RelatedPartyRefType, querySpaceUid=<gen:2>, path=io.swagger.model.PaymentMethodType.relatedParty.<elements>)
          - EntityAttributeFetchImpl(entity=io.swagger.model.TimePeriodType, querySpaceUid=<gen:3>, path=io.swagger.model.PaymentMethodType.validFor)
    - QuerySpaces
       - EntityQuerySpaceImpl(uid=<gen:0>, entity=io.swagger.model.PaymentMethodType)
          - SQL table alias mapping - paymentmet0_
          - alias suffix - 0_
          - suffixed key columns - {id1_11_0_}

20:19:29.324 [main] DEBUG org.hibernate.loader.entity.plan.EntityLoader - Static select for entity io.swagger.model.PaymentMethodType [PESSIMISTIC_READ]: select paymentmet0_.id as id1_11_0_, paymentmet0_.authorizationCode as authoriz2_11_0_, paymentmet0_.description as descript3_11_0_, paymentmet0_.href as href4_11_0_, paymentmet0_.name as name5_11_0_, paymentmet0_.preferred as preferre6_11_0_, paymentmet0_.status as status7_11_0_, paymentmet0_.statusDate as statusDa8_11_0_, paymentmet0_.type as type9_11_0_, paymentmet0_.validFor_id as validFo10_11_0_ from PaymentMethodType paymentmet0_ where paymentmet0_.id=? lock in share mode
20:19:29.324 [main] DEBUG org.hibernate.loader.plan.build.internal.spaces.QuerySpacesImpl - Adding QuerySpace : uid = <gen:0> -> org.hibernate.loader.plan.build.internal.spaces.EntityQuerySpaceImpl@65015a49]
20:19:29.324 [main] DEBUG org.hibernate.persister.walking.spi.MetamodelGraphWalker - Visiting attribute path : authorizationCode
20:19:29.324 [main] DEBUG org.hibernate.persister.walking.spi.MetamodelGraphWalker - Visiting attribute path : description
20:19:29.325 [main] DEBUG org.hibernate.persister.walking.spi.MetamodelGraphWalker - Visiting attribute path : href
20:19:29.325 [main] DEBUG org.hibernate.persister.walking.spi.MetamodelGraphWalker - Visiting attribute path : name
20:19:29.325 [main] DEBUG org.hibernate.persister.walking.spi.MetamodelGraphWalker - Visiting attribute path : preferred
20:19:29.325 [main] DEBUG org.hibernate.persister.walking.spi.MetamodelGraphWalker - Visiting attribute path : relatedParty
20:19:29.325 [main] DEBUG org.hibernate.loader.plan.build.internal.spaces.QuerySpacesImpl - Adding QuerySpace : uid = <gen:1> -> org.hibernate.loader.plan.build.internal.spaces.CollectionQuerySpaceImpl@78bd02c8]
20:19:29.325 [main] DEBUG org.hibernate.loader.plan.build.internal.spaces.QuerySpacesImpl - Adding QuerySpace : uid = <gen:2> -> org.hibernate.loader.plan.build.internal.spaces.EntityQuerySpaceImpl@28dacf31]
20:19:29.325 [main] DEBUG org.hibernate.persister.walking.spi.MetamodelGraphWalker - Visiting attribute path : status
20:19:29.325 [main] DEBUG org.hibernate.persister.walking.spi.MetamodelGraphWalker - Visiting attribute path : statusDate
20:19:29.325 [main] DEBUG org.hibernate.persister.walking.spi.MetamodelGraphWalker - Visiting attribute path : type
20:19:29.325 [main] DEBUG org.hibernate.persister.walking.spi.MetamodelGraphWalker - Visiting attribute path : validFor
20:19:29.325 [main] DEBUG org.hibernate.loader.plan.build.internal.spaces.QuerySpacesImpl - Adding QuerySpace : uid = <gen:3> -> org.hibernate.loader.plan.build.internal.spaces.EntityQuerySpaceImpl@47e60b71]
20:19:29.325 [main] DEBUG org.hibernate.loader.plan.build.internal.FetchStyleLoadPlanBuildingAssociationVisitationStrategy - Building LoadPlan...
20:19:29.325 [main] DEBUG org.hibernate.loader.plan.exec.internal.LoadQueryJoinAndFetchProcessor - processing queryspace <gen:0>
20:19:29.326 [main] DEBUG org.hibernate.loader.plan.build.spi.LoadPlanTreePrinter - LoadPlan(entity=io.swagger.model.PaymentMethodType)
    - Returns
       - EntityReturnImpl(entity=io.swagger.model.PaymentMethodType, querySpaceUid=<gen:0>, path=io.swagger.model.PaymentMethodType)
          - CollectionAttributeFetchImpl(collection=io.swagger.model.PaymentMethodType.relatedParty, querySpaceUid=<gen:1>, path=io.swagger.model.PaymentMethodType.relatedParty)
             - (collection element) CollectionFetchableElementEntityGraph(entity=io.swagger.model.RelatedPartyRefType, querySpaceUid=<gen:2>, path=io.swagger.model.PaymentMethodType.relatedParty.<elements>)
          - EntityAttributeFetchImpl(entity=io.swagger.model.TimePeriodType, querySpaceUid=<gen:3>, path=io.swagger.model.PaymentMethodType.validFor)
    - QuerySpaces
       - EntityQuerySpaceImpl(uid=<gen:0>, entity=io.swagger.model.PaymentMethodType)
          - SQL table alias mapping - paymentmet0_
          - alias suffix - 0_
          - suffixed key columns - {id1_11_0_}

20:19:29.326 [main] DEBUG org.hibernate.loader.entity.plan.EntityLoader - Static select for entity io.swagger.model.PaymentMethodType [PESSIMISTIC_WRITE]: select paymentmet0_.id as id1_11_0_, paymentmet0_.authorizationCode as authoriz2_11_0_, paymentmet0_.description as descript3_11_0_, paymentmet0_.href as href4_11_0_, paymentmet0_.name as name5_11_0_, paymentmet0_.preferred as preferre6_11_0_, paymentmet0_.status as status7_11_0_, paymentmet0_.statusDate as statusDa8_11_0_, paymentmet0_.type as type9_11_0_, paymentmet0_.validFor_id as validFo10_11_0_ from PaymentMethodType paymentmet0_ where paymentmet0_.id=? for update
20:19:29.326 [main] DEBUG org.hibernate.loader.plan.build.internal.spaces.QuerySpacesImpl - Adding QuerySpace : uid = <gen:0> -> org.hibernate.loader.plan.build.internal.spaces.EntityQuerySpaceImpl@795faad]
20:19:29.326 [main] DEBUG org.hibernate.persister.walking.spi.MetamodelGraphWalker - Visiting attribute path : authorizationCode
20:19:29.326 [main] DEBUG org.hibernate.persister.walking.spi.MetamodelGraphWalker - Visiting attribute path : description
20:19:29.326 [main] DEBUG org.hibernate.persister.walking.spi.MetamodelGraphWalker - Visiting attribute path : href
20:19:29.326 [main] DEBUG org.hibernate.persister.walking.spi.MetamodelGraphWalker - Visiting attribute path : name
20:19:29.326 [main] DEBUG org.hibernate.persister.walking.spi.MetamodelGraphWalker - Visiting attribute path : preferred
20:19:29.326 [main] DEBUG org.hibernate.persister.walking.spi.MetamodelGraphWalker - Visiting attribute path : relatedParty
20:19:29.326 [main] DEBUG org.hibernate.loader.plan.build.internal.spaces.QuerySpacesImpl - Adding QuerySpace : uid = <gen:1> -> org.hibernate.loader.plan.build.internal.spaces.CollectionQuerySpaceImpl@69f3e556]
20:19:29.326 [main] DEBUG org.hibernate.loader.plan.build.internal.spaces.QuerySpacesImpl - Adding QuerySpace : uid = <gen:2> -> org.hibernate.loader.plan.build.internal.spaces.EntityQuerySpaceImpl@1eb9d69a]
20:19:29.326 [main] DEBUG org.hibernate.persister.walking.spi.MetamodelGraphWalker - Visiting attribute path : status
20:19:29.326 [main] DEBUG org.hibernate.persister.walking.spi.MetamodelGraphWalker - Visiting attribute path : statusDate
20:19:29.326 [main] DEBUG org.hibernate.persister.walking.spi.MetamodelGraphWalker - Visiting attribute path : type
20:19:29.326 [main] DEBUG org.hibernate.persister.walking.spi.MetamodelGraphWalker - Visiting attribute path : validFor
20:19:29.327 [main] DEBUG org.hibernate.loader.plan.build.internal.spaces.QuerySpacesImpl - Adding QuerySpace : uid = <gen:3> -> org.hibernate.loader.plan.build.internal.spaces.EntityQuerySpaceImpl@36511772]
20:19:29.327 [main] DEBUG org.hibernate.loader.plan.build.internal.FetchStyleLoadPlanBuildingAssociationVisitationStrategy - Building LoadPlan...
20:19:29.327 [main] DEBUG org.hibernate.loader.plan.exec.internal.LoadQueryJoinAndFetchProcessor - processing queryspace <gen:0>
20:19:29.327 [main] DEBUG org.hibernate.loader.plan.build.spi.LoadPlanTreePrinter - LoadPlan(entity=io.swagger.model.PaymentMethodType)
    - Returns
       - EntityReturnImpl(entity=io.swagger.model.PaymentMethodType, querySpaceUid=<gen:0>, path=io.swagger.model.PaymentMethodType)
          - CollectionAttributeFetchImpl(collection=io.swagger.model.PaymentMethodType.relatedParty, querySpaceUid=<gen:1>, path=io.swagger.model.PaymentMethodType.relatedParty)
             - (collection element) CollectionFetchableElementEntityGraph(entity=io.swagger.model.RelatedPartyRefType, querySpaceUid=<gen:2>, path=io.swagger.model.PaymentMethodType.relatedParty.<elements>)
          - EntityAttributeFetchImpl(entity=io.swagger.model.TimePeriodType, querySpaceUid=<gen:3>, path=io.swagger.model.PaymentMethodType.validFor)
    - QuerySpaces
       - EntityQuerySpaceImpl(uid=<gen:0>, entity=io.swagger.model.PaymentMethodType)
          - SQL table alias mapping - paymentmet0_
          - alias suffix - 0_
          - suffixed key columns - {id1_11_0_}

20:19:29.327 [main] DEBUG org.hibernate.loader.entity.plan.EntityLoader - Static select for entity io.swagger.model.PaymentMethodType [PESSIMISTIC_FORCE_INCREMENT]: select paymentmet0_.id as id1_11_0_, paymentmet0_.authorizationCode as authoriz2_11_0_, paymentmet0_.description as descript3_11_0_, paymentmet0_.href as href4_11_0_, paymentmet0_.name as name5_11_0_, paymentmet0_.preferred as preferre6_11_0_, paymentmet0_.status as status7_11_0_, paymentmet0_.statusDate as statusDa8_11_0_, paymentmet0_.type as type9_11_0_, paymentmet0_.validFor_id as validFo10_11_0_ from PaymentMethodType paymentmet0_ where paymentmet0_.id=? for update
20:19:29.327 [main] DEBUG org.hibernate.loader.plan.build.internal.spaces.QuerySpacesImpl - Adding QuerySpace : uid = <gen:0> -> org.hibernate.loader.plan.build.internal.spaces.EntityQuerySpaceImpl@51869ad6]
20:19:29.328 [main] DEBUG org.hibernate.persister.walking.spi.MetamodelGraphWalker - Visiting attribute path : authorizationCode
20:19:29.328 [main] DEBUG org.hibernate.persister.walking.spi.MetamodelGraphWalker - Visiting attribute path : description
20:19:29.328 [main] DEBUG org.hibernate.persister.walking.spi.MetamodelGraphWalker - Visiting attribute path : href
20:19:29.328 [main] DEBUG org.hibernate.persister.walking.spi.MetamodelGraphWalker - Visiting attribute path : name
20:19:29.328 [main] DEBUG org.hibernate.persister.walking.spi.MetamodelGraphWalker - Visiting attribute path : preferred
20:19:29.328 [main] DEBUG org.hibernate.persister.walking.spi.MetamodelGraphWalker - Visiting attribute path : relatedParty
20:19:29.328 [main] DEBUG org.hibernate.loader.plan.build.internal.spaces.QuerySpacesImpl - Adding QuerySpace : uid = <gen:1> -> org.hibernate.loader.plan.build.internal.spaces.CollectionQuerySpaceImpl@77f4038c]
20:19:29.328 [main] DEBUG org.hibernate.loader.plan.build.internal.spaces.QuerySpacesImpl - Adding QuerySpace : uid = <gen:2> -> org.hibernate.loader.plan.build.internal.spaces.EntityQuerySpaceImpl@49a06087]
20:19:29.328 [main] DEBUG org.hibernate.persister.walking.spi.MetamodelGraphWalker - Visiting attribute path : status
20:19:29.328 [main] DEBUG org.hibernate.persister.walking.spi.MetamodelGraphWalker - Visiting attribute path : statusDate
20:19:29.328 [main] DEBUG org.hibernate.persister.walking.spi.MetamodelGraphWalker - Visiting attribute path : type
20:19:29.328 [main] DEBUG org.hibernate.persister.walking.spi.MetamodelGraphWalker - Visiting attribute path : validFor
20:19:29.328 [main] DEBUG org.hibernate.loader.plan.build.internal.spaces.QuerySpacesImpl - Adding QuerySpace : uid = <gen:3> -> org.hibernate.loader.plan.build.internal.spaces.EntityQuerySpaceImpl@2c15034f]
20:19:29.328 [main] DEBUG org.hibernate.loader.plan.build.internal.FetchStyleLoadPlanBuildingAssociationVisitationStrategy - Building LoadPlan...
20:19:29.329 [main] DEBUG org.hibernate.loader.plan.exec.internal.LoadQueryJoinAndFetchProcessor - processing queryspace <gen:0>
20:19:29.329 [main] DEBUG org.hibernate.loader.plan.build.spi.LoadPlanTreePrinter - LoadPlan(entity=io.swagger.model.PaymentMethodType)
    - Returns
       - EntityReturnImpl(entity=io.swagger.model.PaymentMethodType, querySpaceUid=<gen:0>, path=io.swagger.model.PaymentMethodType)
          - CollectionAttributeFetchImpl(collection=io.swagger.model.PaymentMethodType.relatedParty, querySpaceUid=<gen:1>, path=io.swagger.model.PaymentMethodType.relatedParty)
             - (collection element) CollectionFetchableElementEntityGraph(entity=io.swagger.model.RelatedPartyRefType, querySpaceUid=<gen:2>, path=io.swagger.model.PaymentMethodType.relatedParty.<elements>)
          - EntityAttributeFetchImpl(entity=io.swagger.model.TimePeriodType, querySpaceUid=<gen:3>, path=io.swagger.model.PaymentMethodType.validFor)
    - QuerySpaces
       - EntityQuerySpaceImpl(uid=<gen:0>, entity=io.swagger.model.PaymentMethodType)
          - SQL table alias mapping - paymentmet0_
          - alias suffix - 0_
          - suffixed key columns - {id1_11_0_}

20:19:29.329 [main] DEBUG org.hibernate.loader.entity.plan.EntityLoader - Static select for entity io.swagger.model.PaymentMethodType [OPTIMISTIC]: select paymentmet0_.id as id1_11_0_, paymentmet0_.authorizationCode as authoriz2_11_0_, paymentmet0_.description as descript3_11_0_, paymentmet0_.href as href4_11_0_, paymentmet0_.name as name5_11_0_, paymentmet0_.preferred as preferre6_11_0_, paymentmet0_.status as status7_11_0_, paymentmet0_.statusDate as statusDa8_11_0_, paymentmet0_.type as type9_11_0_, paymentmet0_.validFor_id as validFo10_11_0_ from PaymentMethodType paymentmet0_ where paymentmet0_.id=?
20:19:29.329 [main] DEBUG org.hibernate.loader.plan.build.internal.spaces.QuerySpacesImpl - Adding QuerySpace : uid = <gen:0> -> org.hibernate.loader.plan.build.internal.spaces.EntityQuerySpaceImpl@43b4ec0c]
20:19:29.329 [main] DEBUG org.hibernate.persister.walking.spi.MetamodelGraphWalker - Visiting attribute path : authorizationCode
20:19:29.329 [main] DEBUG org.hibernate.persister.walking.spi.MetamodelGraphWalker - Visiting attribute path : description
20:19:29.329 [main] DEBUG org.hibernate.persister.walking.spi.MetamodelGraphWalker - Visiting attribute path : href
20:19:29.329 [main] DEBUG org.hibernate.persister.walking.spi.MetamodelGraphWalker - Visiting attribute path : name
20:19:29.329 [main] DEBUG org.hibernate.persister.walking.spi.MetamodelGraphWalker - Visiting attribute path : preferred
20:19:29.329 [main] DEBUG org.hibernate.persister.walking.spi.MetamodelGraphWalker - Visiting attribute path : relatedParty
20:19:29.329 [main] DEBUG org.hibernate.loader.plan.build.internal.spaces.QuerySpacesImpl - Adding QuerySpace : uid = <gen:1> -> org.hibernate.loader.plan.build.internal.spaces.CollectionQuerySpaceImpl@5ee581db]
20:19:29.329 [main] DEBUG org.hibernate.loader.plan.build.internal.spaces.QuerySpacesImpl - Adding QuerySpace : uid = <gen:2> -> org.hibernate.loader.plan.build.internal.spaces.EntityQuerySpaceImpl@5a6efe33]
20:19:29.330 [main] DEBUG org.hibernate.persister.walking.spi.MetamodelGraphWalker - Visiting attribute path : status
20:19:29.330 [main] DEBUG org.hibernate.persister.walking.spi.MetamodelGraphWalker - Visiting attribute path : statusDate
20:19:29.330 [main] DEBUG org.hibernate.persister.walking.spi.MetamodelGraphWalker - Visiting attribute path : type
20:19:29.330 [main] DEBUG org.hibernate.persister.walking.spi.MetamodelGraphWalker - Visiting attribute path : validFor
20:19:29.330 [main] DEBUG org.hibernate.loader.plan.build.internal.spaces.QuerySpacesImpl - Adding QuerySpace : uid = <gen:3> -> org.hibernate.loader.plan.build.internal.spaces.EntityQuerySpaceImpl@3e5ebdfe]
20:19:29.330 [main] DEBUG org.hibernate.loader.plan.build.internal.FetchStyleLoadPlanBuildingAssociationVisitationStrategy - Building LoadPlan...
20:19:29.330 [main] DEBUG org.hibernate.loader.plan.exec.internal.LoadQueryJoinAndFetchProcessor - processing queryspace <gen:0>
20:19:29.331 [main] DEBUG org.hibernate.loader.plan.build.spi.LoadPlanTreePrinter - LoadPlan(entity=io.swagger.model.PaymentMethodType)
    - Returns
       - EntityReturnImpl(entity=io.swagger.model.PaymentMethodType, querySpaceUid=<gen:0>, path=io.swagger.model.PaymentMethodType)
          - CollectionAttributeFetchImpl(collection=io.swagger.model.PaymentMethodType.relatedParty, querySpaceUid=<gen:1>, path=io.swagger.model.PaymentMethodType.relatedParty)
             - (collection element) CollectionFetchableElementEntityGraph(entity=io.swagger.model.RelatedPartyRefType, querySpaceUid=<gen:2>, path=io.swagger.model.PaymentMethodType.relatedParty.<elements>)
          - EntityAttributeFetchImpl(entity=io.swagger.model.TimePeriodType, querySpaceUid=<gen:3>, path=io.swagger.model.PaymentMethodType.validFor)
    - QuerySpaces
       - EntityQuerySpaceImpl(uid=<gen:0>, entity=io.swagger.model.PaymentMethodType)
          - SQL table alias mapping - paymentmet0_
          - alias suffix - 0_
          - suffixed key columns - {id1_11_0_}

20:19:29.331 [main] DEBUG org.hibernate.loader.entity.plan.EntityLoader - Static select for entity io.swagger.model.PaymentMethodType [OPTIMISTIC_FORCE_INCREMENT]: select paymentmet0_.id as id1_11_0_, paymentmet0_.authorizationCode as authoriz2_11_0_, paymentmet0_.description as descript3_11_0_, paymentmet0_.href as href4_11_0_, paymentmet0_.name as name5_11_0_, paymentmet0_.preferred as preferre6_11_0_, paymentmet0_.status as status7_11_0_, paymentmet0_.statusDate as statusDa8_11_0_, paymentmet0_.type as type9_11_0_, paymentmet0_.validFor_id as validFo10_11_0_ from PaymentMethodType paymentmet0_ where paymentmet0_.id=?
20:19:29.331 [main] DEBUG org.hibernate.loader.Loader - Static select for action ACTION_MERGE on entity io.swagger.model.PaymentMethodType: select paymentmet0_.id as id1_11_0_, paymentmet0_.authorizationCode as authoriz2_11_0_, paymentmet0_.description as descript3_11_0_, paymentmet0_.href as href4_11_0_, paymentmet0_.name as name5_11_0_, paymentmet0_.preferred as preferre6_11_0_, paymentmet0_.status as status7_11_0_, paymentmet0_.statusDate as statusDa8_11_0_, paymentmet0_.type as type9_11_0_, paymentmet0_.validFor_id as validFo10_11_0_ from PaymentMethodType paymentmet0_ where paymentmet0_.id=?
20:19:29.331 [main] DEBUG org.hibernate.loader.Loader - Static select for action ACTION_REFRESH on entity io.swagger.model.PaymentMethodType: select paymentmet0_.id as id1_11_0_, paymentmet0_.authorizationCode as authoriz2_11_0_, paymentmet0_.description as descript3_11_0_, paymentmet0_.href as href4_11_0_, paymentmet0_.name as name5_11_0_, paymentmet0_.preferred as preferre6_11_0_, paymentmet0_.status as status7_11_0_, paymentmet0_.statusDate as statusDa8_11_0_, paymentmet0_.type as type9_11_0_, paymentmet0_.validFor_id as validFo10_11_0_ from PaymentMethodType paymentmet0_ where paymentmet0_.id=?
20:19:29.332 [main] DEBUG org.hibernate.persister.entity.AbstractEntityPersister - Static SQL for entity: io.swagger.model.VoucherType
20:19:29.332 [main] DEBUG org.hibernate.persister.entity.AbstractEntityPersister -  Version select: select id from VoucherType where id =?
20:19:29.332 [main] DEBUG org.hibernate.persister.entity.AbstractEntityPersister -  Snapshot select: select vouchertyp_.id, vouchertyp_.campaign as campaign2_25_, vouchertyp_.code as code3_25_, vouchertyp_.description as descript4_25_, vouchertyp_.expirationDate as expirati5_25_ from VoucherType vouchertyp_ where vouchertyp_.id=?
20:19:29.332 [main] DEBUG org.hibernate.persister.entity.AbstractEntityPersister -  Insert 0: insert into VoucherType (campaign, code, description, expirationDate, id) values (?, ?, ?, ?, ?)
20:19:29.332 [main] DEBUG org.hibernate.persister.entity.AbstractEntityPersister -  Update 0: update VoucherType set campaign=?, code=?, description=?, expirationDate=? where id=?
20:19:29.332 [main] DEBUG org.hibernate.persister.entity.AbstractEntityPersister -  Delete 0: delete from VoucherType where id=?
20:19:29.332 [main] DEBUG org.hibernate.loader.plan.build.internal.spaces.QuerySpacesImpl - Adding QuerySpace : uid = <gen:0> -> org.hibernate.loader.plan.build.internal.spaces.EntityQuerySpaceImpl@71668a67]
20:19:29.332 [main] DEBUG org.hibernate.persister.walking.spi.MetamodelGraphWalker - Visiting attribute path : campaign
20:19:29.332 [main] DEBUG org.hibernate.persister.walking.spi.MetamodelGraphWalker - Visiting attribute path : code
20:19:29.332 [main] DEBUG org.hibernate.persister.walking.spi.MetamodelGraphWalker - Visiting attribute path : description
20:19:29.332 [main] DEBUG org.hibernate.persister.walking.spi.MetamodelGraphWalker - Visiting attribute path : expirationDate
20:19:29.332 [main] DEBUG org.hibernate.persister.walking.spi.MetamodelGraphWalker - Visiting attribute path : value
20:19:29.332 [main] DEBUG org.hibernate.loader.plan.build.internal.spaces.QuerySpacesImpl - Adding QuerySpace : uid = <gen:1> -> org.hibernate.loader.plan.build.internal.spaces.CollectionQuerySpaceImpl@2ecdcfe3]
20:19:29.332 [main] DEBUG org.hibernate.loader.plan.build.internal.spaces.QuerySpacesImpl - Adding QuerySpace : uid = <gen:2> -> org.hibernate.loader.plan.build.internal.spaces.EntityQuerySpaceImpl@65b73689]
20:19:29.332 [main] DEBUG org.hibernate.loader.plan.build.internal.FetchStyleLoadPlanBuildingAssociationVisitationStrategy - Building LoadPlan...
20:19:29.333 [main] DEBUG org.hibernate.loader.plan.exec.internal.LoadQueryJoinAndFetchProcessor - processing queryspace <gen:0>
20:19:29.333 [main] DEBUG org.hibernate.loader.plan.build.spi.LoadPlanTreePrinter - LoadPlan(entity=io.swagger.model.VoucherType)
    - Returns
       - EntityReturnImpl(entity=io.swagger.model.VoucherType, querySpaceUid=<gen:0>, path=io.swagger.model.VoucherType)
          - CollectionAttributeFetchImpl(collection=io.swagger.model.VoucherType.value, querySpaceUid=<gen:1>, path=io.swagger.model.VoucherType.value)
             - (collection element) CollectionFetchableElementEntityGraph(entity=io.swagger.model.QuantityType, querySpaceUid=<gen:2>, path=io.swagger.model.VoucherType.value.<elements>)
    - QuerySpaces
       - EntityQuerySpaceImpl(uid=<gen:0>, entity=io.swagger.model.VoucherType)
          - SQL table alias mapping - vouchertyp0_
          - alias suffix - 0_
          - suffixed key columns - {id1_25_0_}

20:19:29.333 [main] DEBUG org.hibernate.loader.entity.plan.EntityLoader - Static select for entity io.swagger.model.VoucherType [NONE]: select vouchertyp0_.id as id1_25_0_, vouchertyp0_.campaign as campaign2_25_0_, vouchertyp0_.code as code3_25_0_, vouchertyp0_.description as descript4_25_0_, vouchertyp0_.expirationDate as expirati5_25_0_ from VoucherType vouchertyp0_ where vouchertyp0_.id=?
20:19:29.333 [main] DEBUG org.hibernate.loader.plan.build.internal.spaces.QuerySpacesImpl - Adding QuerySpace : uid = <gen:0> -> org.hibernate.loader.plan.build.internal.spaces.EntityQuerySpaceImpl@2047adea]
20:19:29.333 [main] DEBUG org.hibernate.persister.walking.spi.MetamodelGraphWalker - Visiting attribute path : campaign
20:19:29.333 [main] DEBUG org.hibernate.persister.walking.spi.MetamodelGraphWalker - Visiting attribute path : code
20:19:29.333 [main] DEBUG org.hibernate.persister.walking.spi.MetamodelGraphWalker - Visiting attribute path : description
20:19:29.333 [main] DEBUG org.hibernate.persister.walking.spi.MetamodelGraphWalker - Visiting attribute path : expirationDate
20:19:29.333 [main] DEBUG org.hibernate.persister.walking.spi.MetamodelGraphWalker - Visiting attribute path : value
20:19:29.334 [main] DEBUG org.hibernate.loader.plan.build.internal.spaces.QuerySpacesImpl - Adding QuerySpace : uid = <gen:1> -> org.hibernate.loader.plan.build.internal.spaces.CollectionQuerySpaceImpl@1a06602f]
20:19:29.334 [main] DEBUG org.hibernate.loader.plan.build.internal.spaces.QuerySpacesImpl - Adding QuerySpace : uid = <gen:2> -> org.hibernate.loader.plan.build.internal.spaces.EntityQuerySpaceImpl@46591e98]
20:19:29.334 [main] DEBUG org.hibernate.loader.plan.build.internal.FetchStyleLoadPlanBuildingAssociationVisitationStrategy - Building LoadPlan...
20:19:29.334 [main] DEBUG org.hibernate.loader.plan.exec.internal.LoadQueryJoinAndFetchProcessor - processing queryspace <gen:0>
20:19:29.334 [main] DEBUG org.hibernate.loader.plan.build.spi.LoadPlanTreePrinter - LoadPlan(entity=io.swagger.model.VoucherType)
    - Returns
       - EntityReturnImpl(entity=io.swagger.model.VoucherType, querySpaceUid=<gen:0>, path=io.swagger.model.VoucherType)
          - CollectionAttributeFetchImpl(collection=io.swagger.model.VoucherType.value, querySpaceUid=<gen:1>, path=io.swagger.model.VoucherType.value)
             - (collection element) CollectionFetchableElementEntityGraph(entity=io.swagger.model.QuantityType, querySpaceUid=<gen:2>, path=io.swagger.model.VoucherType.value.<elements>)
    - QuerySpaces
       - EntityQuerySpaceImpl(uid=<gen:0>, entity=io.swagger.model.VoucherType)
          - SQL table alias mapping - vouchertyp0_
          - alias suffix - 0_
          - suffixed key columns - {id1_25_0_}

20:19:29.334 [main] DEBUG org.hibernate.loader.entity.plan.EntityLoader - Static select for entity io.swagger.model.VoucherType [READ]: select vouchertyp0_.id as id1_25_0_, vouchertyp0_.campaign as campaign2_25_0_, vouchertyp0_.code as code3_25_0_, vouchertyp0_.description as descript4_25_0_, vouchertyp0_.expirationDate as expirati5_25_0_ from VoucherType vouchertyp0_ where vouchertyp0_.id=?
20:19:29.334 [main] DEBUG org.hibernate.loader.plan.build.internal.spaces.QuerySpacesImpl - Adding QuerySpace : uid = <gen:0> -> org.hibernate.loader.plan.build.internal.spaces.EntityQuerySpaceImpl@5b6cc344]
20:19:29.334 [main] DEBUG org.hibernate.persister.walking.spi.MetamodelGraphWalker - Visiting attribute path : campaign
20:19:29.334 [main] DEBUG org.hibernate.persister.walking.spi.MetamodelGraphWalker - Visiting attribute path : code
20:19:29.334 [main] DEBUG org.hibernate.persister.walking.spi.MetamodelGraphWalker - Visiting attribute path : description
20:19:29.335 [main] DEBUG org.hibernate.persister.walking.spi.MetamodelGraphWalker - Visiting attribute path : expirationDate
20:19:29.335 [main] DEBUG org.hibernate.persister.walking.spi.MetamodelGraphWalker - Visiting attribute path : value
20:19:29.335 [main] DEBUG org.hibernate.loader.plan.build.internal.spaces.QuerySpacesImpl - Adding QuerySpace : uid = <gen:1> -> org.hibernate.loader.plan.build.internal.spaces.CollectionQuerySpaceImpl@83e635f]
20:19:29.335 [main] DEBUG org.hibernate.loader.plan.build.internal.spaces.QuerySpacesImpl - Adding QuerySpace : uid = <gen:2> -> org.hibernate.loader.plan.build.internal.spaces.EntityQuerySpaceImpl@61d011e]
20:19:29.335 [main] DEBUG org.hibernate.loader.plan.build.internal.FetchStyleLoadPlanBuildingAssociationVisitationStrategy - Building LoadPlan...
20:19:29.335 [main] DEBUG org.hibernate.loader.plan.exec.internal.LoadQueryJoinAndFetchProcessor - processing queryspace <gen:0>
20:19:29.335 [main] DEBUG org.hibernate.loader.plan.build.spi.LoadPlanTreePrinter - LoadPlan(entity=io.swagger.model.VoucherType)
    - Returns
       - EntityReturnImpl(entity=io.swagger.model.VoucherType, querySpaceUid=<gen:0>, path=io.swagger.model.VoucherType)
          - CollectionAttributeFetchImpl(collection=io.swagger.model.VoucherType.value, querySpaceUid=<gen:1>, path=io.swagger.model.VoucherType.value)
             - (collection element) CollectionFetchableElementEntityGraph(entity=io.swagger.model.QuantityType, querySpaceUid=<gen:2>, path=io.swagger.model.VoucherType.value.<elements>)
    - QuerySpaces
       - EntityQuerySpaceImpl(uid=<gen:0>, entity=io.swagger.model.VoucherType)
          - SQL table alias mapping - vouchertyp0_
          - alias suffix - 0_
          - suffixed key columns - {id1_25_0_}

20:19:29.335 [main] DEBUG org.hibernate.loader.entity.plan.EntityLoader - Static select for entity io.swagger.model.VoucherType [UPGRADE]: select vouchertyp0_.id as id1_25_0_, vouchertyp0_.campaign as campaign2_25_0_, vouchertyp0_.code as code3_25_0_, vouchertyp0_.description as descript4_25_0_, vouchertyp0_.expirationDate as expirati5_25_0_ from VoucherType vouchertyp0_ where vouchertyp0_.id=? for update
20:19:29.336 [main] DEBUG org.hibernate.loader.plan.build.internal.spaces.QuerySpacesImpl - Adding QuerySpace : uid = <gen:0> -> org.hibernate.loader.plan.build.internal.spaces.EntityQuerySpaceImpl@3b56947a]
20:19:29.336 [main] DEBUG org.hibernate.persister.walking.spi.MetamodelGraphWalker - Visiting attribute path : campaign
20:19:29.336 [main] DEBUG org.hibernate.persister.walking.spi.MetamodelGraphWalker - Visiting attribute path : code
20:19:29.336 [main] DEBUG org.hibernate.persister.walking.spi.MetamodelGraphWalker - Visiting attribute path : description
20:19:29.336 [main] DEBUG org.hibernate.persister.walking.spi.MetamodelGraphWalker - Visiting attribute path : expirationDate
20:19:29.336 [main] DEBUG org.hibernate.persister.walking.spi.MetamodelGraphWalker - Visiting attribute path : value
20:19:29.336 [main] DEBUG org.hibernate.loader.plan.build.internal.spaces.QuerySpacesImpl - Adding QuerySpace : uid = <gen:1> -> org.hibernate.loader.plan.build.internal.spaces.CollectionQuerySpaceImpl@62794582]
20:19:29.336 [main] DEBUG org.hibernate.loader.plan.build.internal.spaces.QuerySpacesImpl - Adding QuerySpace : uid = <gen:2> -> org.hibernate.loader.plan.build.internal.spaces.EntityQuerySpaceImpl@c82ad22]
20:19:29.336 [main] DEBUG org.hibernate.loader.plan.build.internal.FetchStyleLoadPlanBuildingAssociationVisitationStrategy - Building LoadPlan...
20:19:29.336 [main] DEBUG org.hibernate.loader.plan.exec.internal.LoadQueryJoinAndFetchProcessor - processing queryspace <gen:0>
20:19:29.337 [main] DEBUG org.hibernate.loader.plan.build.spi.LoadPlanTreePrinter - LoadPlan(entity=io.swagger.model.VoucherType)
    - Returns
       - EntityReturnImpl(entity=io.swagger.model.VoucherType, querySpaceUid=<gen:0>, path=io.swagger.model.VoucherType)
          - CollectionAttributeFetchImpl(collection=io.swagger.model.VoucherType.value, querySpaceUid=<gen:1>, path=io.swagger.model.VoucherType.value)
             - (collection element) CollectionFetchableElementEntityGraph(entity=io.swagger.model.QuantityType, querySpaceUid=<gen:2>, path=io.swagger.model.VoucherType.value.<elements>)
    - QuerySpaces
       - EntityQuerySpaceImpl(uid=<gen:0>, entity=io.swagger.model.VoucherType)
          - SQL table alias mapping - vouchertyp0_
          - alias suffix - 0_
          - suffixed key columns - {id1_25_0_}

20:19:29.337 [main] DEBUG org.hibernate.loader.entity.plan.EntityLoader - Static select for entity io.swagger.model.VoucherType [UPGRADE_NOWAIT]: select vouchertyp0_.id as id1_25_0_, vouchertyp0_.campaign as campaign2_25_0_, vouchertyp0_.code as code3_25_0_, vouchertyp0_.description as descript4_25_0_, vouchertyp0_.expirationDate as expirati5_25_0_ from VoucherType vouchertyp0_ where vouchertyp0_.id=? for update
20:19:29.337 [main] DEBUG org.hibernate.loader.plan.build.internal.spaces.QuerySpacesImpl - Adding QuerySpace : uid = <gen:0> -> org.hibernate.loader.plan.build.internal.spaces.EntityQuerySpaceImpl@3f80d8c]
20:19:29.337 [main] DEBUG org.hibernate.persister.walking.spi.MetamodelGraphWalker - Visiting attribute path : campaign
20:19:29.337 [main] DEBUG org.hibernate.persister.walking.spi.MetamodelGraphWalker - Visiting attribute path : code
20:19:29.337 [main] DEBUG org.hibernate.persister.walking.spi.MetamodelGraphWalker - Visiting attribute path : description
20:19:29.337 [main] DEBUG org.hibernate.persister.walking.spi.MetamodelGraphWalker - Visiting attribute path : expirationDate
20:19:29.337 [main] DEBUG org.hibernate.persister.walking.spi.MetamodelGraphWalker - Visiting attribute path : value
20:19:29.337 [main] DEBUG org.hibernate.loader.plan.build.internal.spaces.QuerySpacesImpl - Adding QuerySpace : uid = <gen:1> -> org.hibernate.loader.plan.build.internal.spaces.CollectionQuerySpaceImpl@5c60c08]
20:19:29.337 [main] DEBUG org.hibernate.loader.plan.build.internal.spaces.QuerySpacesImpl - Adding QuerySpace : uid = <gen:2> -> org.hibernate.loader.plan.build.internal.spaces.EntityQuerySpaceImpl@1cb44a2f]
20:19:29.337 [main] DEBUG org.hibernate.loader.plan.build.internal.FetchStyleLoadPlanBuildingAssociationVisitationStrategy - Building LoadPlan...
20:19:29.337 [main] DEBUG org.hibernate.loader.plan.exec.internal.LoadQueryJoinAndFetchProcessor - processing queryspace <gen:0>
20:19:29.338 [main] DEBUG org.hibernate.loader.plan.build.spi.LoadPlanTreePrinter - LoadPlan(entity=io.swagger.model.VoucherType)
    - Returns
       - EntityReturnImpl(entity=io.swagger.model.VoucherType, querySpaceUid=<gen:0>, path=io.swagger.model.VoucherType)
          - CollectionAttributeFetchImpl(collection=io.swagger.model.VoucherType.value, querySpaceUid=<gen:1>, path=io.swagger.model.VoucherType.value)
             - (collection element) CollectionFetchableElementEntityGraph(entity=io.swagger.model.QuantityType, querySpaceUid=<gen:2>, path=io.swagger.model.VoucherType.value.<elements>)
    - QuerySpaces
       - EntityQuerySpaceImpl(uid=<gen:0>, entity=io.swagger.model.VoucherType)
          - SQL table alias mapping - vouchertyp0_
          - alias suffix - 0_
          - suffixed key columns - {id1_25_0_}

20:19:29.338 [main] DEBUG org.hibernate.loader.entity.plan.EntityLoader - Static select for entity io.swagger.model.VoucherType [UPGRADE_SKIPLOCKED]: select vouchertyp0_.id as id1_25_0_, vouchertyp0_.campaign as campaign2_25_0_, vouchertyp0_.code as code3_25_0_, vouchertyp0_.description as descript4_25_0_, vouchertyp0_.expirationDate as expirati5_25_0_ from VoucherType vouchertyp0_ where vouchertyp0_.id=? for update
20:19:29.338 [main] DEBUG org.hibernate.loader.plan.build.internal.spaces.QuerySpacesImpl - Adding QuerySpace : uid = <gen:0> -> org.hibernate.loader.plan.build.internal.spaces.EntityQuerySpaceImpl@5fe3b058]
20:19:29.338 [main] DEBUG org.hibernate.persister.walking.spi.MetamodelGraphWalker - Visiting attribute path : campaign
20:19:29.338 [main] DEBUG org.hibernate.persister.walking.spi.MetamodelGraphWalker - Visiting attribute path : code
20:19:29.338 [main] DEBUG org.hibernate.persister.walking.spi.MetamodelGraphWalker - Visiting attribute path : description
20:19:29.338 [main] DEBUG org.hibernate.persister.walking.spi.MetamodelGraphWalker - Visiting attribute path : expirationDate
20:19:29.338 [main] DEBUG org.hibernate.persister.walking.spi.MetamodelGraphWalker - Visiting attribute path : value
20:19:29.338 [main] DEBUG org.hibernate.loader.plan.build.internal.spaces.QuerySpacesImpl - Adding QuerySpace : uid = <gen:1> -> org.hibernate.loader.plan.build.internal.spaces.CollectionQuerySpaceImpl@1f75fd1d]
20:19:29.338 [main] DEBUG org.hibernate.loader.plan.build.internal.spaces.QuerySpacesImpl - Adding QuerySpace : uid = <gen:2> -> org.hibernate.loader.plan.build.internal.spaces.EntityQuerySpaceImpl@212e39ee]
20:19:29.338 [main] DEBUG org.hibernate.loader.plan.build.internal.FetchStyleLoadPlanBuildingAssociationVisitationStrategy - Building LoadPlan...
20:19:29.339 [main] DEBUG org.hibernate.loader.plan.exec.internal.LoadQueryJoinAndFetchProcessor - processing queryspace <gen:0>
20:19:29.339 [main] DEBUG org.hibernate.loader.plan.build.spi.LoadPlanTreePrinter - LoadPlan(entity=io.swagger.model.VoucherType)
    - Returns
       - EntityReturnImpl(entity=io.swagger.model.VoucherType, querySpaceUid=<gen:0>, path=io.swagger.model.VoucherType)
          - CollectionAttributeFetchImpl(collection=io.swagger.model.VoucherType.value, querySpaceUid=<gen:1>, path=io.swagger.model.VoucherType.value)
             - (collection element) CollectionFetchableElementEntityGraph(entity=io.swagger.model.QuantityType, querySpaceUid=<gen:2>, path=io.swagger.model.VoucherType.value.<elements>)
    - QuerySpaces
       - EntityQuerySpaceImpl(uid=<gen:0>, entity=io.swagger.model.VoucherType)
          - SQL table alias mapping - vouchertyp0_
          - alias suffix - 0_
          - suffixed key columns - {id1_25_0_}

20:19:29.339 [main] DEBUG org.hibernate.loader.entity.plan.EntityLoader - Static select for entity io.swagger.model.VoucherType [FORCE]: select vouchertyp0_.id as id1_25_0_, vouchertyp0_.campaign as campaign2_25_0_, vouchertyp0_.code as code3_25_0_, vouchertyp0_.description as descript4_25_0_, vouchertyp0_.expirationDate as expirati5_25_0_ from VoucherType vouchertyp0_ where vouchertyp0_.id=? for update
20:19:29.339 [main] DEBUG org.hibernate.loader.plan.build.internal.spaces.QuerySpacesImpl - Adding QuerySpace : uid = <gen:0> -> org.hibernate.loader.plan.build.internal.spaces.EntityQuerySpaceImpl@638d2ce3]
20:19:29.339 [main] DEBUG org.hibernate.persister.walking.spi.MetamodelGraphWalker - Visiting attribute path : campaign
20:19:29.339 [main] DEBUG org.hibernate.persister.walking.spi.MetamodelGraphWalker - Visiting attribute path : code
20:19:29.339 [main] DEBUG org.hibernate.persister.walking.spi.MetamodelGraphWalker - Visiting attribute path : description
20:19:29.339 [main] DEBUG org.hibernate.persister.walking.spi.MetamodelGraphWalker - Visiting attribute path : expirationDate
20:19:29.339 [main] DEBUG org.hibernate.persister.walking.spi.MetamodelGraphWalker - Visiting attribute path : value
20:19:29.340 [main] DEBUG org.hibernate.loader.plan.build.internal.spaces.QuerySpacesImpl - Adding QuerySpace : uid = <gen:1> -> org.hibernate.loader.plan.build.internal.spaces.CollectionQuerySpaceImpl@49cceb19]
20:19:29.340 [main] DEBUG org.hibernate.loader.plan.build.internal.spaces.QuerySpacesImpl - Adding QuerySpace : uid = <gen:2> -> org.hibernate.loader.plan.build.internal.spaces.EntityQuerySpaceImpl@197d5a87]
20:19:29.340 [main] DEBUG org.hibernate.loader.plan.build.internal.FetchStyleLoadPlanBuildingAssociationVisitationStrategy - Building LoadPlan...
20:19:29.340 [main] DEBUG org.hibernate.loader.plan.exec.internal.LoadQueryJoinAndFetchProcessor - processing queryspace <gen:0>
20:19:29.340 [main] DEBUG org.hibernate.loader.plan.build.spi.LoadPlanTreePrinter - LoadPlan(entity=io.swagger.model.VoucherType)
    - Returns
       - EntityReturnImpl(entity=io.swagger.model.VoucherType, querySpaceUid=<gen:0>, path=io.swagger.model.VoucherType)
          - CollectionAttributeFetchImpl(collection=io.swagger.model.VoucherType.value, querySpaceUid=<gen:1>, path=io.swagger.model.VoucherType.value)
             - (collection element) CollectionFetchableElementEntityGraph(entity=io.swagger.model.QuantityType, querySpaceUid=<gen:2>, path=io.swagger.model.VoucherType.value.<elements>)
    - QuerySpaces
       - EntityQuerySpaceImpl(uid=<gen:0>, entity=io.swagger.model.VoucherType)
          - SQL table alias mapping - vouchertyp0_
          - alias suffix - 0_
          - suffixed key columns - {id1_25_0_}

20:19:29.340 [main] DEBUG org.hibernate.loader.entity.plan.EntityLoader - Static select for entity io.swagger.model.VoucherType [PESSIMISTIC_READ]: select vouchertyp0_.id as id1_25_0_, vouchertyp0_.campaign as campaign2_25_0_, vouchertyp0_.code as code3_25_0_, vouchertyp0_.description as descript4_25_0_, vouchertyp0_.expirationDate as expirati5_25_0_ from VoucherType vouchertyp0_ where vouchertyp0_.id=? lock in share mode
20:19:29.340 [main] DEBUG org.hibernate.loader.plan.build.internal.spaces.QuerySpacesImpl - Adding QuerySpace : uid = <gen:0> -> org.hibernate.loader.plan.build.internal.spaces.EntityQuerySpaceImpl@131d977f]
20:19:29.340 [main] DEBUG org.hibernate.persister.walking.spi.MetamodelGraphWalker - Visiting attribute path : campaign
20:19:29.341 [main] DEBUG org.hibernate.persister.walking.spi.MetamodelGraphWalker - Visiting attribute path : code
20:19:29.341 [main] DEBUG org.hibernate.persister.walking.spi.MetamodelGraphWalker - Visiting attribute path : description
20:19:29.341 [main] DEBUG org.hibernate.persister.walking.spi.MetamodelGraphWalker - Visiting attribute path : expirationDate
20:19:29.341 [main] DEBUG org.hibernate.persister.walking.spi.MetamodelGraphWalker - Visiting attribute path : value
20:19:29.341 [main] DEBUG org.hibernate.loader.plan.build.internal.spaces.QuerySpacesImpl - Adding QuerySpace : uid = <gen:1> -> org.hibernate.loader.plan.build.internal.spaces.CollectionQuerySpaceImpl@4f552aa2]
20:19:29.341 [main] DEBUG org.hibernate.loader.plan.build.internal.spaces.QuerySpacesImpl - Adding QuerySpace : uid = <gen:2> -> org.hibernate.loader.plan.build.internal.spaces.EntityQuerySpaceImpl@3c8fe8ad]
20:19:29.341 [main] DEBUG org.hibernate.loader.plan.build.internal.FetchStyleLoadPlanBuildingAssociationVisitationStrategy - Building LoadPlan...
20:19:29.341 [main] DEBUG org.hibernate.loader.plan.exec.internal.LoadQueryJoinAndFetchProcessor - processing queryspace <gen:0>
20:19:29.341 [main] DEBUG org.hibernate.loader.plan.build.spi.LoadPlanTreePrinter - LoadPlan(entity=io.swagger.model.VoucherType)
    - Returns
       - EntityReturnImpl(entity=io.swagger.model.VoucherType, querySpaceUid=<gen:0>, path=io.swagger.model.VoucherType)
          - CollectionAttributeFetchImpl(collection=io.swagger.model.VoucherType.value, querySpaceUid=<gen:1>, path=io.swagger.model.VoucherType.value)
             - (collection element) CollectionFetchableElementEntityGraph(entity=io.swagger.model.QuantityType, querySpaceUid=<gen:2>, path=io.swagger.model.VoucherType.value.<elements>)
    - QuerySpaces
       - EntityQuerySpaceImpl(uid=<gen:0>, entity=io.swagger.model.VoucherType)
          - SQL table alias mapping - vouchertyp0_
          - alias suffix - 0_
          - suffixed key columns - {id1_25_0_}

20:19:29.341 [main] DEBUG org.hibernate.loader.entity.plan.EntityLoader - Static select for entity io.swagger.model.VoucherType [PESSIMISTIC_WRITE]: select vouchertyp0_.id as id1_25_0_, vouchertyp0_.campaign as campaign2_25_0_, vouchertyp0_.code as code3_25_0_, vouchertyp0_.description as descript4_25_0_, vouchertyp0_.expirationDate as expirati5_25_0_ from VoucherType vouchertyp0_ where vouchertyp0_.id=? for update
20:19:29.342 [main] DEBUG org.hibernate.loader.plan.build.internal.spaces.QuerySpacesImpl - Adding QuerySpace : uid = <gen:0> -> org.hibernate.loader.plan.build.internal.spaces.EntityQuerySpaceImpl@43d6262c]
20:19:29.342 [main] DEBUG org.hibernate.persister.walking.spi.MetamodelGraphWalker - Visiting attribute path : campaign
20:19:29.342 [main] DEBUG org.hibernate.persister.walking.spi.MetamodelGraphWalker - Visiting attribute path : code
20:19:29.342 [main] DEBUG org.hibernate.persister.walking.spi.MetamodelGraphWalker - Visiting attribute path : description
20:19:29.342 [main] DEBUG org.hibernate.persister.walking.spi.MetamodelGraphWalker - Visiting attribute path : expirationDate
20:19:29.342 [main] DEBUG org.hibernate.persister.walking.spi.MetamodelGraphWalker - Visiting attribute path : value
20:19:29.342 [main] DEBUG org.hibernate.loader.plan.build.internal.spaces.QuerySpacesImpl - Adding QuerySpace : uid = <gen:1> -> org.hibernate.loader.plan.build.internal.spaces.CollectionQuerySpaceImpl@38cf4497]
20:19:29.342 [main] DEBUG org.hibernate.loader.plan.build.internal.spaces.QuerySpacesImpl - Adding QuerySpace : uid = <gen:2> -> org.hibernate.loader.plan.build.internal.spaces.EntityQuerySpaceImpl@7b4619a3]
20:19:29.342 [main] DEBUG org.hibernate.loader.plan.build.internal.FetchStyleLoadPlanBuildingAssociationVisitationStrategy - Building LoadPlan...
20:19:29.342 [main] DEBUG org.hibernate.loader.plan.exec.internal.LoadQueryJoinAndFetchProcessor - processing queryspace <gen:0>
20:19:29.343 [main] DEBUG org.hibernate.loader.plan.build.spi.LoadPlanTreePrinter - LoadPlan(entity=io.swagger.model.VoucherType)
    - Returns
       - EntityReturnImpl(entity=io.swagger.model.VoucherType, querySpaceUid=<gen:0>, path=io.swagger.model.VoucherType)
          - CollectionAttributeFetchImpl(collection=io.swagger.model.VoucherType.value, querySpaceUid=<gen:1>, path=io.swagger.model.VoucherType.value)
             - (collection element) CollectionFetchableElementEntityGraph(entity=io.swagger.model.QuantityType, querySpaceUid=<gen:2>, path=io.swagger.model.VoucherType.value.<elements>)
    - QuerySpaces
       - EntityQuerySpaceImpl(uid=<gen:0>, entity=io.swagger.model.VoucherType)
          - SQL table alias mapping - vouchertyp0_
          - alias suffix - 0_
          - suffixed key columns - {id1_25_0_}

20:19:29.343 [main] DEBUG org.hibernate.loader.entity.plan.EntityLoader - Static select for entity io.swagger.model.VoucherType [PESSIMISTIC_FORCE_INCREMENT]: select vouchertyp0_.id as id1_25_0_, vouchertyp0_.campaign as campaign2_25_0_, vouchertyp0_.code as code3_25_0_, vouchertyp0_.description as descript4_25_0_, vouchertyp0_.expirationDate as expirati5_25_0_ from VoucherType vouchertyp0_ where vouchertyp0_.id=? for update
20:19:29.343 [main] DEBUG org.hibernate.loader.plan.build.internal.spaces.QuerySpacesImpl - Adding QuerySpace : uid = <gen:0> -> org.hibernate.loader.plan.build.internal.spaces.EntityQuerySpaceImpl@9d3a7a1]
20:19:29.343 [main] DEBUG org.hibernate.persister.walking.spi.MetamodelGraphWalker - Visiting attribute path : campaign
20:19:29.343 [main] DEBUG org.hibernate.persister.walking.spi.MetamodelGraphWalker - Visiting attribute path : code
20:19:29.343 [main] DEBUG org.hibernate.persister.walking.spi.MetamodelGraphWalker - Visiting attribute path : description
20:19:29.343 [main] DEBUG org.hibernate.persister.walking.spi.MetamodelGraphWalker - Visiting attribute path : expirationDate
20:19:29.343 [main] DEBUG org.hibernate.persister.walking.spi.MetamodelGraphWalker - Visiting attribute path : value
20:19:29.343 [main] DEBUG org.hibernate.loader.plan.build.internal.spaces.QuerySpacesImpl - Adding QuerySpace : uid = <gen:1> -> org.hibernate.loader.plan.build.internal.spaces.CollectionQuerySpaceImpl@5e681097]
20:19:29.343 [main] DEBUG org.hibernate.loader.plan.build.internal.spaces.QuerySpacesImpl - Adding QuerySpace : uid = <gen:2> -> org.hibernate.loader.plan.build.internal.spaces.EntityQuerySpaceImpl@152891f8]
20:19:29.343 [main] DEBUG org.hibernate.loader.plan.build.internal.FetchStyleLoadPlanBuildingAssociationVisitationStrategy - Building LoadPlan...
20:19:29.343 [main] DEBUG org.hibernate.loader.plan.exec.internal.LoadQueryJoinAndFetchProcessor - processing queryspace <gen:0>
20:19:29.344 [main] DEBUG org.hibernate.loader.plan.build.spi.LoadPlanTreePrinter - LoadPlan(entity=io.swagger.model.VoucherType)
    - Returns
       - EntityReturnImpl(entity=io.swagger.model.VoucherType, querySpaceUid=<gen:0>, path=io.swagger.model.VoucherType)
          - CollectionAttributeFetchImpl(collection=io.swagger.model.VoucherType.value, querySpaceUid=<gen:1>, path=io.swagger.model.VoucherType.value)
             - (collection element) CollectionFetchableElementEntityGraph(entity=io.swagger.model.QuantityType, querySpaceUid=<gen:2>, path=io.swagger.model.VoucherType.value.<elements>)
    - QuerySpaces
       - EntityQuerySpaceImpl(uid=<gen:0>, entity=io.swagger.model.VoucherType)
          - SQL table alias mapping - vouchertyp0_
          - alias suffix - 0_
          - suffixed key columns - {id1_25_0_}

20:19:29.344 [main] DEBUG org.hibernate.loader.entity.plan.EntityLoader - Static select for entity io.swagger.model.VoucherType [OPTIMISTIC]: select vouchertyp0_.id as id1_25_0_, vouchertyp0_.campaign as campaign2_25_0_, vouchertyp0_.code as code3_25_0_, vouchertyp0_.description as descript4_25_0_, vouchertyp0_.expirationDate as expirati5_25_0_ from VoucherType vouchertyp0_ where vouchertyp0_.id=?
20:19:29.344 [main] DEBUG org.hibernate.loader.plan.build.internal.spaces.QuerySpacesImpl - Adding QuerySpace : uid = <gen:0> -> org.hibernate.loader.plan.build.internal.spaces.EntityQuerySpaceImpl@1d2c253]
20:19:29.344 [main] DEBUG org.hibernate.persister.walking.spi.MetamodelGraphWalker - Visiting attribute path : campaign
20:19:29.344 [main] DEBUG org.hibernate.persister.walking.spi.MetamodelGraphWalker - Visiting attribute path : code
20:19:29.344 [main] DEBUG org.hibernate.persister.walking.spi.MetamodelGraphWalker - Visiting attribute path : description
20:19:29.344 [main] DEBUG org.hibernate.persister.walking.spi.MetamodelGraphWalker - Visiting attribute path : expirationDate
20:19:29.344 [main] DEBUG org.hibernate.persister.walking.spi.MetamodelGraphWalker - Visiting attribute path : value
20:19:29.344 [main] DEBUG org.hibernate.loader.plan.build.internal.spaces.QuerySpacesImpl - Adding QuerySpace : uid = <gen:1> -> org.hibernate.loader.plan.build.internal.spaces.CollectionQuerySpaceImpl@b56c222]
20:19:29.344 [main] DEBUG org.hibernate.loader.plan.build.internal.spaces.QuerySpacesImpl - Adding QuerySpace : uid = <gen:2> -> org.hibernate.loader.plan.build.internal.spaces.EntityQuerySpaceImpl@5a2035e1]
20:19:29.345 [main] DEBUG org.hibernate.loader.plan.build.internal.FetchStyleLoadPlanBuildingAssociationVisitationStrategy - Building LoadPlan...
20:19:29.345 [main] DEBUG org.hibernate.loader.plan.exec.internal.LoadQueryJoinAndFetchProcessor - processing queryspace <gen:0>
20:19:29.345 [main] DEBUG org.hibernate.loader.plan.build.spi.LoadPlanTreePrinter - LoadPlan(entity=io.swagger.model.VoucherType)
    - Returns
       - EntityReturnImpl(entity=io.swagger.model.VoucherType, querySpaceUid=<gen:0>, path=io.swagger.model.VoucherType)
          - CollectionAttributeFetchImpl(collection=io.swagger.model.VoucherType.value, querySpaceUid=<gen:1>, path=io.swagger.model.VoucherType.value)
             - (collection element) CollectionFetchableElementEntityGraph(entity=io.swagger.model.QuantityType, querySpaceUid=<gen:2>, path=io.swagger.model.VoucherType.value.<elements>)
    - QuerySpaces
       - EntityQuerySpaceImpl(uid=<gen:0>, entity=io.swagger.model.VoucherType)
          - SQL table alias mapping - vouchertyp0_
          - alias suffix - 0_
          - suffixed key columns - {id1_25_0_}

20:19:29.345 [main] DEBUG org.hibernate.loader.entity.plan.EntityLoader - Static select for entity io.swagger.model.VoucherType [OPTIMISTIC_FORCE_INCREMENT]: select vouchertyp0_.id as id1_25_0_, vouchertyp0_.campaign as campaign2_25_0_, vouchertyp0_.code as code3_25_0_, vouchertyp0_.description as descript4_25_0_, vouchertyp0_.expirationDate as expirati5_25_0_ from VoucherType vouchertyp0_ where vouchertyp0_.id=?
20:19:29.346 [main] DEBUG org.hibernate.loader.Loader - Static select for action ACTION_MERGE on entity io.swagger.model.VoucherType: select vouchertyp0_.id as id1_25_0_, vouchertyp0_.campaign as campaign2_25_0_, vouchertyp0_.code as code3_25_0_, vouchertyp0_.description as descript4_25_0_, vouchertyp0_.expirationDate as expirati5_25_0_ from VoucherType vouchertyp0_ where vouchertyp0_.id=?
20:19:29.346 [main] DEBUG org.hibernate.loader.Loader - Static select for action ACTION_REFRESH on entity io.swagger.model.VoucherType: select vouchertyp0_.id as id1_25_0_, vouchertyp0_.campaign as campaign2_25_0_, vouchertyp0_.code as code3_25_0_, vouchertyp0_.description as descript4_25_0_, vouchertyp0_.expirationDate as expirati5_25_0_ from VoucherType vouchertyp0_ where vouchertyp0_.id=?
20:19:29.346 [main] DEBUG org.hibernate.persister.entity.AbstractEntityPersister - Static SQL for entity: io.swagger.model.EntityRefType
20:19:29.346 [main] DEBUG org.hibernate.persister.entity.AbstractEntityPersister -  Version select: select id from EntityRefType where id =?
20:19:29.346 [main] DEBUG org.hibernate.persister.entity.AbstractEntityPersister -  Snapshot select: select entityreft_.id, entityreft_.description as descript2_8_, entityreft_.href as href3_8_, entityreft_.name as name4_8_, entityreft_.type as type5_8_ from EntityRefType entityreft_ where entityreft_.id=?
20:19:29.346 [main] DEBUG org.hibernate.persister.entity.AbstractEntityPersister -  Insert 0: insert into EntityRefType (description, href, name, type, id) values (?, ?, ?, ?, ?)
20:19:29.346 [main] DEBUG org.hibernate.persister.entity.AbstractEntityPersister -  Update 0: update EntityRefType set description=?, href=?, name=?, type=? where id=?
20:19:29.346 [main] DEBUG org.hibernate.persister.entity.AbstractEntityPersister -  Delete 0: delete from EntityRefType where id=?
20:19:29.346 [main] DEBUG org.hibernate.loader.plan.build.internal.spaces.QuerySpacesImpl - Adding QuerySpace : uid = <gen:0> -> org.hibernate.loader.plan.build.internal.spaces.EntityQuerySpaceImpl@4df7b4ac]
20:19:29.346 [main] DEBUG org.hibernate.persister.walking.spi.MetamodelGraphWalker - Visiting attribute path : description
20:19:29.346 [main] DEBUG org.hibernate.persister.walking.spi.MetamodelGraphWalker - Visiting attribute path : href
20:19:29.346 [main] DEBUG org.hibernate.persister.walking.spi.MetamodelGraphWalker - Visiting attribute path : name
20:19:29.347 [main] DEBUG org.hibernate.persister.walking.spi.MetamodelGraphWalker - Visiting attribute path : type
20:19:29.347 [main] DEBUG org.hibernate.loader.plan.build.internal.FetchStyleLoadPlanBuildingAssociationVisitationStrategy - Building LoadPlan...
20:19:29.347 [main] DEBUG org.hibernate.loader.plan.exec.internal.LoadQueryJoinAndFetchProcessor - processing queryspace <gen:0>
20:19:29.347 [main] DEBUG org.hibernate.loader.plan.build.spi.LoadPlanTreePrinter - LoadPlan(entity=io.swagger.model.EntityRefType)
    - Returns
       - EntityReturnImpl(entity=io.swagger.model.EntityRefType, querySpaceUid=<gen:0>, path=io.swagger.model.EntityRefType)
    - QuerySpaces
       - EntityQuerySpaceImpl(uid=<gen:0>, entity=io.swagger.model.EntityRefType)
          - SQL table alias mapping - entityreft0_
          - alias suffix - 0_
          - suffixed key columns - {id1_8_0_}

20:19:29.347 [main] DEBUG org.hibernate.loader.entity.plan.EntityLoader - Static select for entity io.swagger.model.EntityRefType [NONE]: select entityreft0_.id as id1_8_0_, entityreft0_.description as descript2_8_0_, entityreft0_.href as href3_8_0_, entityreft0_.name as name4_8_0_, entityreft0_.type as type5_8_0_ from EntityRefType entityreft0_ where entityreft0_.id=?
20:19:29.347 [main] DEBUG org.hibernate.loader.plan.build.internal.spaces.QuerySpacesImpl - Adding QuerySpace : uid = <gen:0> -> org.hibernate.loader.plan.build.internal.spaces.EntityQuerySpaceImpl@41bd6a0f]
20:19:29.347 [main] DEBUG org.hibernate.persister.walking.spi.MetamodelGraphWalker - Visiting attribute path : description
20:19:29.347 [main] DEBUG org.hibernate.persister.walking.spi.MetamodelGraphWalker - Visiting attribute path : href
20:19:29.347 [main] DEBUG org.hibernate.persister.walking.spi.MetamodelGraphWalker - Visiting attribute path : name
20:19:29.347 [main] DEBUG org.hibernate.persister.walking.spi.MetamodelGraphWalker - Visiting attribute path : type
20:19:29.347 [main] DEBUG org.hibernate.loader.plan.build.internal.FetchStyleLoadPlanBuildingAssociationVisitationStrategy - Building LoadPlan...
20:19:29.348 [main] DEBUG org.hibernate.loader.plan.exec.internal.LoadQueryJoinAndFetchProcessor - processing queryspace <gen:0>
20:19:29.348 [main] DEBUG org.hibernate.loader.plan.build.spi.LoadPlanTreePrinter - LoadPlan(entity=io.swagger.model.EntityRefType)
    - Returns
       - EntityReturnImpl(entity=io.swagger.model.EntityRefType, querySpaceUid=<gen:0>, path=io.swagger.model.EntityRefType)
    - QuerySpaces
       - EntityQuerySpaceImpl(uid=<gen:0>, entity=io.swagger.model.EntityRefType)
          - SQL table alias mapping - entityreft0_
          - alias suffix - 0_
          - suffixed key columns - {id1_8_0_}

20:19:29.348 [main] DEBUG org.hibernate.loader.entity.plan.EntityLoader - Static select for entity io.swagger.model.EntityRefType [READ]: select entityreft0_.id as id1_8_0_, entityreft0_.description as descript2_8_0_, entityreft0_.href as href3_8_0_, entityreft0_.name as name4_8_0_, entityreft0_.type as type5_8_0_ from EntityRefType entityreft0_ where entityreft0_.id=?
20:19:29.348 [main] DEBUG org.hibernate.loader.plan.build.internal.spaces.QuerySpacesImpl - Adding QuerySpace : uid = <gen:0> -> org.hibernate.loader.plan.build.internal.spaces.EntityQuerySpaceImpl@6acb45c1]
20:19:29.348 [main] DEBUG org.hibernate.persister.walking.spi.MetamodelGraphWalker - Visiting attribute path : description
20:19:29.348 [main] DEBUG org.hibernate.persister.walking.spi.MetamodelGraphWalker - Visiting attribute path : href
20:19:29.348 [main] DEBUG org.hibernate.persister.walking.spi.MetamodelGraphWalker - Visiting attribute path : name
20:19:29.348 [main] DEBUG org.hibernate.persister.walking.spi.MetamodelGraphWalker - Visiting attribute path : type
20:19:29.348 [main] DEBUG org.hibernate.loader.plan.build.internal.FetchStyleLoadPlanBuildingAssociationVisitationStrategy - Building LoadPlan...
20:19:29.348 [main] DEBUG org.hibernate.loader.plan.exec.internal.LoadQueryJoinAndFetchProcessor - processing queryspace <gen:0>
20:19:29.348 [main] DEBUG org.hibernate.loader.plan.build.spi.LoadPlanTreePrinter - LoadPlan(entity=io.swagger.model.EntityRefType)
    - Returns
       - EntityReturnImpl(entity=io.swagger.model.EntityRefType, querySpaceUid=<gen:0>, path=io.swagger.model.EntityRefType)
    - QuerySpaces
       - EntityQuerySpaceImpl(uid=<gen:0>, entity=io.swagger.model.EntityRefType)
          - SQL table alias mapping - entityreft0_
          - alias suffix - 0_
          - suffixed key columns - {id1_8_0_}

20:19:29.349 [main] DEBUG org.hibernate.loader.entity.plan.EntityLoader - Static select for entity io.swagger.model.EntityRefType [UPGRADE]: select entityreft0_.id as id1_8_0_, entityreft0_.description as descript2_8_0_, entityreft0_.href as href3_8_0_, entityreft0_.name as name4_8_0_, entityreft0_.type as type5_8_0_ from EntityRefType entityreft0_ where entityreft0_.id=? for update
20:19:29.349 [main] DEBUG org.hibernate.loader.plan.build.internal.spaces.QuerySpacesImpl - Adding QuerySpace : uid = <gen:0> -> org.hibernate.loader.plan.build.internal.spaces.EntityQuerySpaceImpl@30bbe83]
20:19:29.349 [main] DEBUG org.hibernate.persister.walking.spi.MetamodelGraphWalker - Visiting attribute path : description
20:19:29.349 [main] DEBUG org.hibernate.persister.walking.spi.MetamodelGraphWalker - Visiting attribute path : href
20:19:29.349 [main] DEBUG org.hibernate.persister.walking.spi.MetamodelGraphWalker - Visiting attribute path : name
20:19:29.349 [main] DEBUG org.hibernate.persister.walking.spi.MetamodelGraphWalker - Visiting attribute path : type
20:19:29.349 [main] DEBUG org.hibernate.loader.plan.build.internal.FetchStyleLoadPlanBuildingAssociationVisitationStrategy - Building LoadPlan...
20:19:29.349 [main] DEBUG org.hibernate.loader.plan.exec.internal.LoadQueryJoinAndFetchProcessor - processing queryspace <gen:0>
20:19:29.349 [main] DEBUG org.hibernate.loader.plan.build.spi.LoadPlanTreePrinter - LoadPlan(entity=io.swagger.model.EntityRefType)
    - Returns
       - EntityReturnImpl(entity=io.swagger.model.EntityRefType, querySpaceUid=<gen:0>, path=io.swagger.model.EntityRefType)
    - QuerySpaces
       - EntityQuerySpaceImpl(uid=<gen:0>, entity=io.swagger.model.EntityRefType)
          - SQL table alias mapping - entityreft0_
          - alias suffix - 0_
          - suffixed key columns - {id1_8_0_}

20:19:29.349 [main] DEBUG org.hibernate.loader.entity.plan.EntityLoader - Static select for entity io.swagger.model.EntityRefType [UPGRADE_NOWAIT]: select entityreft0_.id as id1_8_0_, entityreft0_.description as descript2_8_0_, entityreft0_.href as href3_8_0_, entityreft0_.name as name4_8_0_, entityreft0_.type as type5_8_0_ from EntityRefType entityreft0_ where entityreft0_.id=? for update
20:19:29.349 [main] DEBUG org.hibernate.loader.plan.build.internal.spaces.QuerySpacesImpl - Adding QuerySpace : uid = <gen:0> -> org.hibernate.loader.plan.build.internal.spaces.EntityQuerySpaceImpl@67e4928c]
20:19:29.350 [main] DEBUG org.hibernate.persister.walking.spi.MetamodelGraphWalker - Visiting attribute path : description
20:19:29.350 [main] DEBUG org.hibernate.persister.walking.spi.MetamodelGraphWalker - Visiting attribute path : href
20:19:29.350 [main] DEBUG org.hibernate.persister.walking.spi.MetamodelGraphWalker - Visiting attribute path : name
20:19:29.350 [main] DEBUG org.hibernate.persister.walking.spi.MetamodelGraphWalker - Visiting attribute path : type
20:19:29.350 [main] DEBUG org.hibernate.loader.plan.build.internal.FetchStyleLoadPlanBuildingAssociationVisitationStrategy - Building LoadPlan...
20:19:29.350 [main] DEBUG org.hibernate.loader.plan.exec.internal.LoadQueryJoinAndFetchProcessor - processing queryspace <gen:0>
20:19:29.350 [main] DEBUG org.hibernate.loader.plan.build.spi.LoadPlanTreePrinter - LoadPlan(entity=io.swagger.model.EntityRefType)
    - Returns
       - EntityReturnImpl(entity=io.swagger.model.EntityRefType, querySpaceUid=<gen:0>, path=io.swagger.model.EntityRefType)
    - QuerySpaces
       - EntityQuerySpaceImpl(uid=<gen:0>, entity=io.swagger.model.EntityRefType)
          - SQL table alias mapping - entityreft0_
          - alias suffix - 0_
          - suffixed key columns - {id1_8_0_}

20:19:29.350 [main] DEBUG org.hibernate.loader.entity.plan.EntityLoader - Static select for entity io.swagger.model.EntityRefType [UPGRADE_SKIPLOCKED]: select entityreft0_.id as id1_8_0_, entityreft0_.description as descript2_8_0_, entityreft0_.href as href3_8_0_, entityreft0_.name as name4_8_0_, entityreft0_.type as type5_8_0_ from EntityRefType entityreft0_ where entityreft0_.id=? for update
20:19:29.350 [main] DEBUG org.hibernate.loader.plan.build.internal.spaces.QuerySpacesImpl - Adding QuerySpace : uid = <gen:0> -> org.hibernate.loader.plan.build.internal.spaces.EntityQuerySpaceImpl@72e75786]
20:19:29.350 [main] DEBUG org.hibernate.persister.walking.spi.MetamodelGraphWalker - Visiting attribute path : description
20:19:29.350 [main] DEBUG org.hibernate.persister.walking.spi.MetamodelGraphWalker - Visiting attribute path : href
20:19:29.350 [main] DEBUG org.hibernate.persister.walking.spi.MetamodelGraphWalker - Visiting attribute path : name
20:19:29.350 [main] DEBUG org.hibernate.persister.walking.spi.MetamodelGraphWalker - Visiting attribute path : type
20:19:29.351 [main] DEBUG org.hibernate.loader.plan.build.internal.FetchStyleLoadPlanBuildingAssociationVisitationStrategy - Building LoadPlan...
20:19:29.351 [main] DEBUG org.hibernate.loader.plan.exec.internal.LoadQueryJoinAndFetchProcessor - processing queryspace <gen:0>
20:19:29.351 [main] DEBUG org.hibernate.loader.plan.build.spi.LoadPlanTreePrinter - LoadPlan(entity=io.swagger.model.EntityRefType)
    - Returns
       - EntityReturnImpl(entity=io.swagger.model.EntityRefType, querySpaceUid=<gen:0>, path=io.swagger.model.EntityRefType)
    - QuerySpaces
       - EntityQuerySpaceImpl(uid=<gen:0>, entity=io.swagger.model.EntityRefType)
          - SQL table alias mapping - entityreft0_
          - alias suffix - 0_
          - suffixed key columns - {id1_8_0_}

20:19:29.351 [main] DEBUG org.hibernate.loader.entity.plan.EntityLoader - Static select for entity io.swagger.model.EntityRefType [FORCE]: select entityreft0_.id as id1_8_0_, entityreft0_.description as descript2_8_0_, entityreft0_.href as href3_8_0_, entityreft0_.name as name4_8_0_, entityreft0_.type as type5_8_0_ from EntityRefType entityreft0_ where entityreft0_.id=? for update
20:19:29.351 [main] DEBUG org.hibernate.loader.plan.build.internal.spaces.QuerySpacesImpl - Adding QuerySpace : uid = <gen:0> -> org.hibernate.loader.plan.build.internal.spaces.EntityQuerySpaceImpl@6fbc7853]
20:19:29.351 [main] DEBUG org.hibernate.persister.walking.spi.MetamodelGraphWalker - Visiting attribute path : description
20:19:29.351 [main] DEBUG org.hibernate.persister.walking.spi.MetamodelGraphWalker - Visiting attribute path : href
20:19:29.351 [main] DEBUG org.hibernate.persister.walking.spi.MetamodelGraphWalker - Visiting attribute path : name
20:19:29.351 [main] DEBUG org.hibernate.persister.walking.spi.MetamodelGraphWalker - Visiting attribute path : type
20:19:29.351 [main] DEBUG org.hibernate.loader.plan.build.internal.FetchStyleLoadPlanBuildingAssociationVisitationStrategy - Building LoadPlan...
20:19:29.352 [main] DEBUG org.hibernate.loader.plan.exec.internal.LoadQueryJoinAndFetchProcessor - processing queryspace <gen:0>
20:19:29.352 [main] DEBUG org.hibernate.loader.plan.build.spi.LoadPlanTreePrinter - LoadPlan(entity=io.swagger.model.EntityRefType)
    - Returns
       - EntityReturnImpl(entity=io.swagger.model.EntityRefType, querySpaceUid=<gen:0>, path=io.swagger.model.EntityRefType)
    - QuerySpaces
       - EntityQuerySpaceImpl(uid=<gen:0>, entity=io.swagger.model.EntityRefType)
          - SQL table alias mapping - entityreft0_
          - alias suffix - 0_
          - suffixed key columns - {id1_8_0_}

20:19:29.352 [main] DEBUG org.hibernate.loader.entity.plan.EntityLoader - Static select for entity io.swagger.model.EntityRefType [PESSIMISTIC_READ]: select entityreft0_.id as id1_8_0_, entityreft0_.description as descript2_8_0_, entityreft0_.href as href3_8_0_, entityreft0_.name as name4_8_0_, entityreft0_.type as type5_8_0_ from EntityRefType entityreft0_ where entityreft0_.id=? lock in share mode
20:19:29.352 [main] DEBUG org.hibernate.loader.plan.build.internal.spaces.QuerySpacesImpl - Adding QuerySpace : uid = <gen:0> -> org.hibernate.loader.plan.build.internal.spaces.EntityQuerySpaceImpl@3b2c8bda]
20:19:29.352 [main] DEBUG org.hibernate.persister.walking.spi.MetamodelGraphWalker - Visiting attribute path : description
20:19:29.352 [main] DEBUG org.hibernate.persister.walking.spi.MetamodelGraphWalker - Visiting attribute path : href
20:19:29.352 [main] DEBUG org.hibernate.persister.walking.spi.MetamodelGraphWalker - Visiting attribute path : name
20:19:29.352 [main] DEBUG org.hibernate.persister.walking.spi.MetamodelGraphWalker - Visiting attribute path : type
20:19:29.352 [main] DEBUG org.hibernate.loader.plan.build.internal.FetchStyleLoadPlanBuildingAssociationVisitationStrategy - Building LoadPlan...
20:19:29.352 [main] DEBUG org.hibernate.loader.plan.exec.internal.LoadQueryJoinAndFetchProcessor - processing queryspace <gen:0>
20:19:29.353 [main] DEBUG org.hibernate.loader.plan.build.spi.LoadPlanTreePrinter - LoadPlan(entity=io.swagger.model.EntityRefType)
    - Returns
       - EntityReturnImpl(entity=io.swagger.model.EntityRefType, querySpaceUid=<gen:0>, path=io.swagger.model.EntityRefType)
    - QuerySpaces
       - EntityQuerySpaceImpl(uid=<gen:0>, entity=io.swagger.model.EntityRefType)
          - SQL table alias mapping - entityreft0_
          - alias suffix - 0_
          - suffixed key columns - {id1_8_0_}

20:19:29.353 [main] DEBUG org.hibernate.loader.entity.plan.EntityLoader - Static select for entity io.swagger.model.EntityRefType [PESSIMISTIC_WRITE]: select entityreft0_.id as id1_8_0_, entityreft0_.description as descript2_8_0_, entityreft0_.href as href3_8_0_, entityreft0_.name as name4_8_0_, entityreft0_.type as type5_8_0_ from EntityRefType entityreft0_ where entityreft0_.id=? for update
20:19:29.353 [main] DEBUG org.hibernate.loader.plan.build.internal.spaces.QuerySpacesImpl - Adding QuerySpace : uid = <gen:0> -> org.hibernate.loader.plan.build.internal.spaces.EntityQuerySpaceImpl@647ff23e]
20:19:29.353 [main] DEBUG org.hibernate.persister.walking.spi.MetamodelGraphWalker - Visiting attribute path : description
20:19:29.353 [main] DEBUG org.hibernate.persister.walking.spi.MetamodelGraphWalker - Visiting attribute path : href
20:19:29.353 [main] DEBUG org.hibernate.persister.walking.spi.MetamodelGraphWalker - Visiting attribute path : name
20:19:29.353 [main] DEBUG org.hibernate.persister.walking.spi.MetamodelGraphWalker - Visiting attribute path : type
20:19:29.353 [main] DEBUG org.hibernate.loader.plan.build.internal.FetchStyleLoadPlanBuildingAssociationVisitationStrategy - Building LoadPlan...
20:19:29.353 [main] DEBUG org.hibernate.loader.plan.exec.internal.LoadQueryJoinAndFetchProcessor - processing queryspace <gen:0>
20:19:29.353 [main] DEBUG org.hibernate.loader.plan.build.spi.LoadPlanTreePrinter - LoadPlan(entity=io.swagger.model.EntityRefType)
    - Returns
       - EntityReturnImpl(entity=io.swagger.model.EntityRefType, querySpaceUid=<gen:0>, path=io.swagger.model.EntityRefType)
    - QuerySpaces
       - EntityQuerySpaceImpl(uid=<gen:0>, entity=io.swagger.model.EntityRefType)
          - SQL table alias mapping - entityreft0_
          - alias suffix - 0_
          - suffixed key columns - {id1_8_0_}

20:19:29.353 [main] DEBUG org.hibernate.loader.entity.plan.EntityLoader - Static select for entity io.swagger.model.EntityRefType [PESSIMISTIC_FORCE_INCREMENT]: select entityreft0_.id as id1_8_0_, entityreft0_.description as descript2_8_0_, entityreft0_.href as href3_8_0_, entityreft0_.name as name4_8_0_, entityreft0_.type as type5_8_0_ from EntityRefType entityreft0_ where entityreft0_.id=? for update
20:19:29.353 [main] DEBUG org.hibernate.loader.plan.build.internal.spaces.QuerySpacesImpl - Adding QuerySpace : uid = <gen:0> -> org.hibernate.loader.plan.build.internal.spaces.EntityQuerySpaceImpl@35a9e665]
20:19:29.354 [main] DEBUG org.hibernate.persister.walking.spi.MetamodelGraphWalker - Visiting attribute path : description
20:19:29.354 [main] DEBUG org.hibernate.persister.walking.spi.MetamodelGraphWalker - Visiting attribute path : href
20:19:29.354 [main] DEBUG org.hibernate.persister.walking.spi.MetamodelGraphWalker - Visiting attribute path : name
20:19:29.354 [main] DEBUG org.hibernate.persister.walking.spi.MetamodelGraphWalker - Visiting attribute path : type
20:19:29.354 [main] DEBUG org.hibernate.loader.plan.build.internal.FetchStyleLoadPlanBuildingAssociationVisitationStrategy - Building LoadPlan...
20:19:29.354 [main] DEBUG org.hibernate.loader.plan.exec.internal.LoadQueryJoinAndFetchProcessor - processing queryspace <gen:0>
20:19:29.354 [main] DEBUG org.hibernate.loader.plan.build.spi.LoadPlanTreePrinter - LoadPlan(entity=io.swagger.model.EntityRefType)
    - Returns
       - EntityReturnImpl(entity=io.swagger.model.EntityRefType, querySpaceUid=<gen:0>, path=io.swagger.model.EntityRefType)
    - QuerySpaces
       - EntityQuerySpaceImpl(uid=<gen:0>, entity=io.swagger.model.EntityRefType)
          - SQL table alias mapping - entityreft0_
          - alias suffix - 0_
          - suffixed key columns - {id1_8_0_}

20:19:29.354 [main] DEBUG org.hibernate.loader.entity.plan.EntityLoader - Static select for entity io.swagger.model.EntityRefType [OPTIMISTIC]: select entityreft0_.id as id1_8_0_, entityreft0_.description as descript2_8_0_, entityreft0_.href as href3_8_0_, entityreft0_.name as name4_8_0_, entityreft0_.type as type5_8_0_ from EntityRefType entityreft0_ where entityreft0_.id=?
20:19:29.356 [main] DEBUG org.hibernate.loader.plan.build.internal.spaces.QuerySpacesImpl - Adding QuerySpace : uid = <gen:0> -> org.hibernate.loader.plan.build.internal.spaces.EntityQuerySpaceImpl@2dde0a34]
20:19:29.356 [main] DEBUG org.hibernate.persister.walking.spi.MetamodelGraphWalker - Visiting attribute path : description
20:19:29.356 [main] DEBUG org.hibernate.persister.walking.spi.MetamodelGraphWalker - Visiting attribute path : href
20:19:29.356 [main] DEBUG org.hibernate.persister.walking.spi.MetamodelGraphWalker - Visiting attribute path : name
20:19:29.356 [main] DEBUG org.hibernate.persister.walking.spi.MetamodelGraphWalker - Visiting attribute path : type
20:19:29.356 [main] DEBUG org.hibernate.loader.plan.build.internal.FetchStyleLoadPlanBuildingAssociationVisitationStrategy - Building LoadPlan...
20:19:29.356 [main] DEBUG org.hibernate.loader.plan.exec.internal.LoadQueryJoinAndFetchProcessor - processing queryspace <gen:0>
20:19:29.356 [main] DEBUG org.hibernate.loader.plan.build.spi.LoadPlanTreePrinter - LoadPlan(entity=io.swagger.model.EntityRefType)
    - Returns
       - EntityReturnImpl(entity=io.swagger.model.EntityRefType, querySpaceUid=<gen:0>, path=io.swagger.model.EntityRefType)
    - QuerySpaces
       - EntityQuerySpaceImpl(uid=<gen:0>, entity=io.swagger.model.EntityRefType)
          - SQL table alias mapping - entityreft0_
          - alias suffix - 0_
          - suffixed key columns - {id1_8_0_}

20:19:29.356 [main] DEBUG org.hibernate.loader.entity.plan.EntityLoader - Static select for entity io.swagger.model.EntityRefType [OPTIMISTIC_FORCE_INCREMENT]: select entityreft0_.id as id1_8_0_, entityreft0_.description as descript2_8_0_, entityreft0_.href as href3_8_0_, entityreft0_.name as name4_8_0_, entityreft0_.type as type5_8_0_ from EntityRefType entityreft0_ where entityreft0_.id=?
20:19:29.357 [main] DEBUG org.hibernate.loader.Loader - Static select for action ACTION_MERGE on entity io.swagger.model.EntityRefType: select entityreft0_.id as id1_8_0_, entityreft0_.description as descript2_8_0_, entityreft0_.href as href3_8_0_, entityreft0_.name as name4_8_0_, entityreft0_.type as type5_8_0_ from EntityRefType entityreft0_ where entityreft0_.id=?
20:19:29.357 [main] DEBUG org.hibernate.loader.Loader - Static select for action ACTION_REFRESH on entity io.swagger.model.EntityRefType: select entityreft0_.id as id1_8_0_, entityreft0_.description as descript2_8_0_, entityreft0_.href as href3_8_0_, entityreft0_.name as name4_8_0_, entityreft0_.type as type5_8_0_ from EntityRefType entityreft0_ where entityreft0_.id=?
20:19:29.357 [main] DEBUG org.hibernate.persister.entity.AbstractEntityPersister - Static SQL for entity: io.swagger.model.RelatedPartyRefType
20:19:29.357 [main] DEBUG org.hibernate.persister.entity.AbstractEntityPersister -  Version select: select id from RelatedPartyRefType where id =?
20:19:29.357 [main] DEBUG org.hibernate.persister.entity.AbstractEntityPersister -  Snapshot select: select relatedpar_.id, relatedpar_.href as href2_22_, relatedpar_.name as name3_22_, relatedpar_.role as role4_22_ from RelatedPartyRefType relatedpar_ where relatedpar_.id=?
20:19:29.357 [main] DEBUG org.hibernate.persister.entity.AbstractEntityPersister -  Insert 0: insert into RelatedPartyRefType (href, name, role, id) values (?, ?, ?, ?)
20:19:29.357 [main] DEBUG org.hibernate.persister.entity.AbstractEntityPersister -  Update 0: update RelatedPartyRefType set href=?, name=?, role=? where id=?
20:19:29.357 [main] DEBUG org.hibernate.persister.entity.AbstractEntityPersister -  Delete 0: delete from RelatedPartyRefType where id=?
20:19:29.357 [main] DEBUG org.hibernate.loader.plan.build.internal.spaces.QuerySpacesImpl - Adding QuerySpace : uid = <gen:0> -> org.hibernate.loader.plan.build.internal.spaces.EntityQuerySpaceImpl@1b632442]
20:19:29.357 [main] DEBUG org.hibernate.persister.walking.spi.MetamodelGraphWalker - Visiting attribute path : href
20:19:29.357 [main] DEBUG org.hibernate.persister.walking.spi.MetamodelGraphWalker - Visiting attribute path : name
20:19:29.357 [main] DEBUG org.hibernate.persister.walking.spi.MetamodelGraphWalker - Visiting attribute path : role
20:19:29.357 [main] DEBUG org.hibernate.loader.plan.build.internal.FetchStyleLoadPlanBuildingAssociationVisitationStrategy - Building LoadPlan...
20:19:29.358 [main] DEBUG org.hibernate.loader.plan.exec.internal.LoadQueryJoinAndFetchProcessor - processing queryspace <gen:0>
20:19:29.358 [main] DEBUG org.hibernate.loader.plan.build.spi.LoadPlanTreePrinter - LoadPlan(entity=io.swagger.model.RelatedPartyRefType)
    - Returns
       - EntityReturnImpl(entity=io.swagger.model.RelatedPartyRefType, querySpaceUid=<gen:0>, path=io.swagger.model.RelatedPartyRefType)
    - QuerySpaces
       - EntityQuerySpaceImpl(uid=<gen:0>, entity=io.swagger.model.RelatedPartyRefType)
          - SQL table alias mapping - relatedpar0_
          - alias suffix - 0_
          - suffixed key columns - {id1_22_0_}

20:19:29.358 [main] DEBUG org.hibernate.loader.entity.plan.EntityLoader - Static select for entity io.swagger.model.RelatedPartyRefType [NONE]: select relatedpar0_.id as id1_22_0_, relatedpar0_.href as href2_22_0_, relatedpar0_.name as name3_22_0_, relatedpar0_.role as role4_22_0_ from RelatedPartyRefType relatedpar0_ where relatedpar0_.id=?
20:19:29.358 [main] DEBUG org.hibernate.loader.plan.build.internal.spaces.QuerySpacesImpl - Adding QuerySpace : uid = <gen:0> -> org.hibernate.loader.plan.build.internal.spaces.EntityQuerySpaceImpl@2f75a9b1]
20:19:29.358 [main] DEBUG org.hibernate.persister.walking.spi.MetamodelGraphWalker - Visiting attribute path : href
20:19:29.358 [main] DEBUG org.hibernate.persister.walking.spi.MetamodelGraphWalker - Visiting attribute path : name
20:19:29.358 [main] DEBUG org.hibernate.persister.walking.spi.MetamodelGraphWalker - Visiting attribute path : role
20:19:29.358 [main] DEBUG org.hibernate.loader.plan.build.internal.FetchStyleLoadPlanBuildingAssociationVisitationStrategy - Building LoadPlan...
20:19:29.358 [main] DEBUG org.hibernate.loader.plan.exec.internal.LoadQueryJoinAndFetchProcessor - processing queryspace <gen:0>
20:19:29.358 [main] DEBUG org.hibernate.loader.plan.build.spi.LoadPlanTreePrinter - LoadPlan(entity=io.swagger.model.RelatedPartyRefType)
    - Returns
       - EntityReturnImpl(entity=io.swagger.model.RelatedPartyRefType, querySpaceUid=<gen:0>, path=io.swagger.model.RelatedPartyRefType)
    - QuerySpaces
       - EntityQuerySpaceImpl(uid=<gen:0>, entity=io.swagger.model.RelatedPartyRefType)
          - SQL table alias mapping - relatedpar0_
          - alias suffix - 0_
          - suffixed key columns - {id1_22_0_}

20:19:29.359 [main] DEBUG org.hibernate.loader.entity.plan.EntityLoader - Static select for entity io.swagger.model.RelatedPartyRefType [READ]: select relatedpar0_.id as id1_22_0_, relatedpar0_.href as href2_22_0_, relatedpar0_.name as name3_22_0_, relatedpar0_.role as role4_22_0_ from RelatedPartyRefType relatedpar0_ where relatedpar0_.id=?
20:19:29.359 [main] DEBUG org.hibernate.loader.plan.build.internal.spaces.QuerySpacesImpl - Adding QuerySpace : uid = <gen:0> -> org.hibernate.loader.plan.build.internal.spaces.EntityQuerySpaceImpl@57a982f9]
20:19:29.359 [main] DEBUG org.hibernate.persister.walking.spi.MetamodelGraphWalker - Visiting attribute path : href
20:19:29.359 [main] DEBUG org.hibernate.persister.walking.spi.MetamodelGraphWalker - Visiting attribute path : name
20:19:29.359 [main] DEBUG org.hibernate.persister.walking.spi.MetamodelGraphWalker - Visiting attribute path : role
20:19:29.359 [main] DEBUG org.hibernate.loader.plan.build.internal.FetchStyleLoadPlanBuildingAssociationVisitationStrategy - Building LoadPlan...
20:19:29.359 [main] DEBUG org.hibernate.loader.plan.exec.internal.LoadQueryJoinAndFetchProcessor - processing queryspace <gen:0>
20:19:29.364 [main] DEBUG org.hibernate.loader.plan.build.spi.LoadPlanTreePrinter - LoadPlan(entity=io.swagger.model.RelatedPartyRefType)
    - Returns
       - EntityReturnImpl(entity=io.swagger.model.RelatedPartyRefType, querySpaceUid=<gen:0>, path=io.swagger.model.RelatedPartyRefType)
    - QuerySpaces
       - EntityQuerySpaceImpl(uid=<gen:0>, entity=io.swagger.model.RelatedPartyRefType)
          - SQL table alias mapping - relatedpar0_
          - alias suffix - 0_
          - suffixed key columns - {id1_22_0_}

20:19:29.364 [main] DEBUG org.hibernate.loader.entity.plan.EntityLoader - Static select for entity io.swagger.model.RelatedPartyRefType [UPGRADE]: select relatedpar0_.id as id1_22_0_, relatedpar0_.href as href2_22_0_, relatedpar0_.name as name3_22_0_, relatedpar0_.role as role4_22_0_ from RelatedPartyRefType relatedpar0_ where relatedpar0_.id=? for update
20:19:29.364 [main] DEBUG org.hibernate.loader.plan.build.internal.spaces.QuerySpacesImpl - Adding QuerySpace : uid = <gen:0> -> org.hibernate.loader.plan.build.internal.spaces.EntityQuerySpaceImpl@1b69fc07]
20:19:29.364 [main] DEBUG org.hibernate.persister.walking.spi.MetamodelGraphWalker - Visiting attribute path : href
20:19:29.364 [main] DEBUG org.hibernate.persister.walking.spi.MetamodelGraphWalker - Visiting attribute path : name
20:19:29.364 [main] DEBUG org.hibernate.persister.walking.spi.MetamodelGraphWalker - Visiting attribute path : role
20:19:29.365 [main] DEBUG org.hibernate.loader.plan.build.internal.FetchStyleLoadPlanBuildingAssociationVisitationStrategy - Building LoadPlan...
20:19:29.365 [main] DEBUG org.hibernate.loader.plan.exec.internal.LoadQueryJoinAndFetchProcessor - processing queryspace <gen:0>
20:19:29.365 [main] DEBUG org.hibernate.loader.plan.build.spi.LoadPlanTreePrinter - LoadPlan(entity=io.swagger.model.RelatedPartyRefType)
    - Returns
       - EntityReturnImpl(entity=io.swagger.model.RelatedPartyRefType, querySpaceUid=<gen:0>, path=io.swagger.model.RelatedPartyRefType)
    - QuerySpaces
       - EntityQuerySpaceImpl(uid=<gen:0>, entity=io.swagger.model.RelatedPartyRefType)
          - SQL table alias mapping - relatedpar0_
          - alias suffix - 0_
          - suffixed key columns - {id1_22_0_}

20:19:29.365 [main] DEBUG org.hibernate.loader.entity.plan.EntityLoader - Static select for entity io.swagger.model.RelatedPartyRefType [UPGRADE_NOWAIT]: select relatedpar0_.id as id1_22_0_, relatedpar0_.href as href2_22_0_, relatedpar0_.name as name3_22_0_, relatedpar0_.role as role4_22_0_ from RelatedPartyRefType relatedpar0_ where relatedpar0_.id=? for update
20:19:29.365 [main] DEBUG org.hibernate.loader.plan.build.internal.spaces.QuerySpacesImpl - Adding QuerySpace : uid = <gen:0> -> org.hibernate.loader.plan.build.internal.spaces.EntityQuerySpaceImpl@24de63b]
20:19:29.365 [main] DEBUG org.hibernate.persister.walking.spi.MetamodelGraphWalker - Visiting attribute path : href
20:19:29.365 [main] DEBUG org.hibernate.persister.walking.spi.MetamodelGraphWalker - Visiting attribute path : name
20:19:29.365 [main] DEBUG org.hibernate.persister.walking.spi.MetamodelGraphWalker - Visiting attribute path : role
20:19:29.365 [main] DEBUG org.hibernate.loader.plan.build.internal.FetchStyleLoadPlanBuildingAssociationVisitationStrategy - Building LoadPlan...
20:19:29.365 [main] DEBUG org.hibernate.loader.plan.exec.internal.LoadQueryJoinAndFetchProcessor - processing queryspace <gen:0>
20:19:29.365 [main] DEBUG org.hibernate.loader.plan.build.spi.LoadPlanTreePrinter - LoadPlan(entity=io.swagger.model.RelatedPartyRefType)
    - Returns
       - EntityReturnImpl(entity=io.swagger.model.RelatedPartyRefType, querySpaceUid=<gen:0>, path=io.swagger.model.RelatedPartyRefType)
    - QuerySpaces
       - EntityQuerySpaceImpl(uid=<gen:0>, entity=io.swagger.model.RelatedPartyRefType)
          - SQL table alias mapping - relatedpar0_
          - alias suffix - 0_
          - suffixed key columns - {id1_22_0_}

20:19:29.365 [main] DEBUG org.hibernate.loader.entity.plan.EntityLoader - Static select for entity io.swagger.model.RelatedPartyRefType [UPGRADE_SKIPLOCKED]: select relatedpar0_.id as id1_22_0_, relatedpar0_.href as href2_22_0_, relatedpar0_.name as name3_22_0_, relatedpar0_.role as role4_22_0_ from RelatedPartyRefType relatedpar0_ where relatedpar0_.id=? for update
20:19:29.365 [main] DEBUG org.hibernate.loader.plan.build.internal.spaces.QuerySpacesImpl - Adding QuerySpace : uid = <gen:0> -> org.hibernate.loader.plan.build.internal.spaces.EntityQuerySpaceImpl@50f05307]
20:19:29.366 [main] DEBUG org.hibernate.persister.walking.spi.MetamodelGraphWalker - Visiting attribute path : href
20:19:29.366 [main] DEBUG org.hibernate.persister.walking.spi.MetamodelGraphWalker - Visiting attribute path : name
20:19:29.366 [main] DEBUG org.hibernate.persister.walking.spi.MetamodelGraphWalker - Visiting attribute path : role
20:19:29.366 [main] DEBUG org.hibernate.loader.plan.build.internal.FetchStyleLoadPlanBuildingAssociationVisitationStrategy - Building LoadPlan...
20:19:29.366 [main] DEBUG org.hibernate.loader.plan.exec.internal.LoadQueryJoinAndFetchProcessor - processing queryspace <gen:0>
20:19:29.366 [main] DEBUG org.hibernate.loader.plan.build.spi.LoadPlanTreePrinter - LoadPlan(entity=io.swagger.model.RelatedPartyRefType)
    - Returns
       - EntityReturnImpl(entity=io.swagger.model.RelatedPartyRefType, querySpaceUid=<gen:0>, path=io.swagger.model.RelatedPartyRefType)
    - QuerySpaces
       - EntityQuerySpaceImpl(uid=<gen:0>, entity=io.swagger.model.RelatedPartyRefType)
          - SQL table alias mapping - relatedpar0_
          - alias suffix - 0_
          - suffixed key columns - {id1_22_0_}

20:19:29.366 [main] DEBUG org.hibernate.loader.entity.plan.EntityLoader - Static select for entity io.swagger.model.RelatedPartyRefType [FORCE]: select relatedpar0_.id as id1_22_0_, relatedpar0_.href as href2_22_0_, relatedpar0_.name as name3_22_0_, relatedpar0_.role as role4_22_0_ from RelatedPartyRefType relatedpar0_ where relatedpar0_.id=? for update
20:19:29.366 [main] DEBUG org.hibernate.loader.plan.build.internal.spaces.QuerySpacesImpl - Adding QuerySpace : uid = <gen:0> -> org.hibernate.loader.plan.build.internal.spaces.EntityQuerySpaceImpl@645d4639]
20:19:29.366 [main] DEBUG org.hibernate.persister.walking.spi.MetamodelGraphWalker - Visiting attribute path : href
20:19:29.366 [main] DEBUG org.hibernate.persister.walking.spi.MetamodelGraphWalker - Visiting attribute path : name
20:19:29.366 [main] DEBUG org.hibernate.persister.walking.spi.MetamodelGraphWalker - Visiting attribute path : role
20:19:29.371 [main] DEBUG org.hibernate.loader.plan.build.internal.FetchStyleLoadPlanBuildingAssociationVisitationStrategy - Building LoadPlan...
20:19:29.371 [main] DEBUG org.hibernate.loader.plan.exec.internal.LoadQueryJoinAndFetchProcessor - processing queryspace <gen:0>
20:19:29.371 [main] DEBUG org.hibernate.loader.plan.build.spi.LoadPlanTreePrinter - LoadPlan(entity=io.swagger.model.RelatedPartyRefType)
    - Returns
       - EntityReturnImpl(entity=io.swagger.model.RelatedPartyRefType, querySpaceUid=<gen:0>, path=io.swagger.model.RelatedPartyRefType)
    - QuerySpaces
       - EntityQuerySpaceImpl(uid=<gen:0>, entity=io.swagger.model.RelatedPartyRefType)
          - SQL table alias mapping - relatedpar0_
          - alias suffix - 0_
          - suffixed key columns - {id1_22_0_}

20:19:29.372 [main] DEBUG org.hibernate.loader.entity.plan.EntityLoader - Static select for entity io.swagger.model.RelatedPartyRefType [PESSIMISTIC_READ]: select relatedpar0_.id as id1_22_0_, relatedpar0_.href as href2_22_0_, relatedpar0_.name as name3_22_0_, relatedpar0_.role as role4_22_0_ from RelatedPartyRefType relatedpar0_ where relatedpar0_.id=? lock in share mode
20:19:29.372 [main] DEBUG org.hibernate.loader.plan.build.internal.spaces.QuerySpacesImpl - Adding QuerySpace : uid = <gen:0> -> org.hibernate.loader.plan.build.internal.spaces.EntityQuerySpaceImpl@5ad40184]
20:19:29.372 [main] DEBUG org.hibernate.persister.walking.spi.MetamodelGraphWalker - Visiting attribute path : href
20:19:29.372 [main] DEBUG org.hibernate.persister.walking.spi.MetamodelGraphWalker - Visiting attribute path : name
20:19:29.372 [main] DEBUG org.hibernate.persister.walking.spi.MetamodelGraphWalker - Visiting attribute path : role
20:19:29.372 [main] DEBUG org.hibernate.loader.plan.build.internal.FetchStyleLoadPlanBuildingAssociationVisitationStrategy - Building LoadPlan...
20:19:29.372 [main] DEBUG org.hibernate.loader.plan.exec.internal.LoadQueryJoinAndFetchProcessor - processing queryspace <gen:0>
20:19:29.372 [main] DEBUG org.hibernate.loader.plan.build.spi.LoadPlanTreePrinter - LoadPlan(entity=io.swagger.model.RelatedPartyRefType)
    - Returns
       - EntityReturnImpl(entity=io.swagger.model.RelatedPartyRefType, querySpaceUid=<gen:0>, path=io.swagger.model.RelatedPartyRefType)
    - QuerySpaces
       - EntityQuerySpaceImpl(uid=<gen:0>, entity=io.swagger.model.RelatedPartyRefType)
          - SQL table alias mapping - relatedpar0_
          - alias suffix - 0_
          - suffixed key columns - {id1_22_0_}

20:19:29.372 [main] DEBUG org.hibernate.loader.entity.plan.EntityLoader - Static select for entity io.swagger.model.RelatedPartyRefType [PESSIMISTIC_WRITE]: select relatedpar0_.id as id1_22_0_, relatedpar0_.href as href2_22_0_, relatedpar0_.name as name3_22_0_, relatedpar0_.role as role4_22_0_ from RelatedPartyRefType relatedpar0_ where relatedpar0_.id=? for update
20:19:29.372 [main] DEBUG org.hibernate.loader.plan.build.internal.spaces.QuerySpacesImpl - Adding QuerySpace : uid = <gen:0> -> org.hibernate.loader.plan.build.internal.spaces.EntityQuerySpaceImpl@3d3b272a]
20:19:29.372 [main] DEBUG org.hibernate.persister.walking.spi.MetamodelGraphWalker - Visiting attribute path : href
20:19:29.372 [main] DEBUG org.hibernate.persister.walking.spi.MetamodelGraphWalker - Visiting attribute path : name
20:19:29.372 [main] DEBUG org.hibernate.persister.walking.spi.MetamodelGraphWalker - Visiting attribute path : role
20:19:29.373 [main] DEBUG org.hibernate.loader.plan.build.internal.FetchStyleLoadPlanBuildingAssociationVisitationStrategy - Building LoadPlan...
20:19:29.373 [main] DEBUG org.hibernate.loader.plan.exec.internal.LoadQueryJoinAndFetchProcessor - processing queryspace <gen:0>
20:19:29.373 [main] DEBUG org.hibernate.loader.plan.build.spi.LoadPlanTreePrinter - LoadPlan(entity=io.swagger.model.RelatedPartyRefType)
    - Returns
       - EntityReturnImpl(entity=io.swagger.model.RelatedPartyRefType, querySpaceUid=<gen:0>, path=io.swagger.model.RelatedPartyRefType)
    - QuerySpaces
       - EntityQuerySpaceImpl(uid=<gen:0>, entity=io.swagger.model.RelatedPartyRefType)
          - SQL table alias mapping - relatedpar0_
          - alias suffix - 0_
          - suffixed key columns - {id1_22_0_}

20:19:29.373 [main] DEBUG org.hibernate.loader.entity.plan.EntityLoader - Static select for entity io.swagger.model.RelatedPartyRefType [PESSIMISTIC_FORCE_INCREMENT]: select relatedpar0_.id as id1_22_0_, relatedpar0_.href as href2_22_0_, relatedpar0_.name as name3_22_0_, relatedpar0_.role as role4_22_0_ from RelatedPartyRefType relatedpar0_ where relatedpar0_.id=? for update
20:19:29.373 [main] DEBUG org.hibernate.loader.plan.build.internal.spaces.QuerySpacesImpl - Adding QuerySpace : uid = <gen:0> -> org.hibernate.loader.plan.build.internal.spaces.EntityQuerySpaceImpl@3f908bc0]
20:19:29.373 [main] DEBUG org.hibernate.persister.walking.spi.MetamodelGraphWalker - Visiting attribute path : href
20:19:29.373 [main] DEBUG org.hibernate.persister.walking.spi.MetamodelGraphWalker - Visiting attribute path : name
20:19:29.373 [main] DEBUG org.hibernate.persister.walking.spi.MetamodelGraphWalker - Visiting attribute path : role
20:19:29.373 [main] DEBUG org.hibernate.loader.plan.build.internal.FetchStyleLoadPlanBuildingAssociationVisitationStrategy - Building LoadPlan...
20:19:29.373 [main] DEBUG org.hibernate.loader.plan.exec.internal.LoadQueryJoinAndFetchProcessor - processing queryspace <gen:0>
20:19:29.374 [main] DEBUG org.hibernate.loader.plan.build.spi.LoadPlanTreePrinter - LoadPlan(entity=io.swagger.model.RelatedPartyRefType)
    - Returns
       - EntityReturnImpl(entity=io.swagger.model.RelatedPartyRefType, querySpaceUid=<gen:0>, path=io.swagger.model.RelatedPartyRefType)
    - QuerySpaces
       - EntityQuerySpaceImpl(uid=<gen:0>, entity=io.swagger.model.RelatedPartyRefType)
          - SQL table alias mapping - relatedpar0_
          - alias suffix - 0_
          - suffixed key columns - {id1_22_0_}

20:19:29.374 [main] DEBUG org.hibernate.loader.entity.plan.EntityLoader - Static select for entity io.swagger.model.RelatedPartyRefType [OPTIMISTIC]: select relatedpar0_.id as id1_22_0_, relatedpar0_.href as href2_22_0_, relatedpar0_.name as name3_22_0_, relatedpar0_.role as role4_22_0_ from RelatedPartyRefType relatedpar0_ where relatedpar0_.id=?
20:19:29.374 [main] DEBUG org.hibernate.loader.plan.build.internal.spaces.QuerySpacesImpl - Adding QuerySpace : uid = <gen:0> -> org.hibernate.loader.plan.build.internal.spaces.EntityQuerySpaceImpl@26cdd4af]
20:19:29.374 [main] DEBUG org.hibernate.persister.walking.spi.MetamodelGraphWalker - Visiting attribute path : href
20:19:29.374 [main] DEBUG org.hibernate.persister.walking.spi.MetamodelGraphWalker - Visiting attribute path : name
20:19:29.374 [main] DEBUG org.hibernate.persister.walking.spi.MetamodelGraphWalker - Visiting attribute path : role
20:19:29.374 [main] DEBUG org.hibernate.loader.plan.build.internal.FetchStyleLoadPlanBuildingAssociationVisitationStrategy - Building LoadPlan...
20:19:29.374 [main] DEBUG org.hibernate.loader.plan.exec.internal.LoadQueryJoinAndFetchProcessor - processing queryspace <gen:0>
20:19:29.374 [main] DEBUG org.hibernate.loader.plan.build.spi.LoadPlanTreePrinter - LoadPlan(entity=io.swagger.model.RelatedPartyRefType)
    - Returns
       - EntityReturnImpl(entity=io.swagger.model.RelatedPartyRefType, querySpaceUid=<gen:0>, path=io.swagger.model.RelatedPartyRefType)
    - QuerySpaces
       - EntityQuerySpaceImpl(uid=<gen:0>, entity=io.swagger.model.RelatedPartyRefType)
          - SQL table alias mapping - relatedpar0_
          - alias suffix - 0_
          - suffixed key columns - {id1_22_0_}

20:19:29.374 [main] DEBUG org.hibernate.loader.entity.plan.EntityLoader - Static select for entity io.swagger.model.RelatedPartyRefType [OPTIMISTIC_FORCE_INCREMENT]: select relatedpar0_.id as id1_22_0_, relatedpar0_.href as href2_22_0_, relatedpar0_.name as name3_22_0_, relatedpar0_.role as role4_22_0_ from RelatedPartyRefType relatedpar0_ where relatedpar0_.id=?
20:19:29.375 [main] DEBUG org.hibernate.loader.Loader - Static select for action ACTION_MERGE on entity io.swagger.model.RelatedPartyRefType: select relatedpar0_.id as id1_22_0_, relatedpar0_.href as href2_22_0_, relatedpar0_.name as name3_22_0_, relatedpar0_.role as role4_22_0_ from RelatedPartyRefType relatedpar0_ where relatedpar0_.id=?
20:19:29.375 [main] DEBUG org.hibernate.loader.Loader - Static select for action ACTION_REFRESH on entity io.swagger.model.RelatedPartyRefType: select relatedpar0_.id as id1_22_0_, relatedpar0_.href as href2_22_0_, relatedpar0_.name as name3_22_0_, relatedpar0_.role as role4_22_0_ from RelatedPartyRefType relatedpar0_ where relatedpar0_.id=?
20:19:29.375 [main] DEBUG org.hibernate.persister.entity.AbstractEntityPersister - Static SQL for entity: io.swagger.model.QuantityType
20:19:29.375 [main] DEBUG org.hibernate.persister.entity.AbstractEntityPersister -  Version select: select id from QuantityType where id =?
20:19:29.375 [main] DEBUG org.hibernate.persister.entity.AbstractEntityPersister -  Snapshot select: select quantityty_.id, quantityty_.amount as amount2_17_, quantityty_.maximum as maximum3_17_, quantityty_.minimum as minimum4_17_, quantityty_.units as units5_17_ from QuantityType quantityty_ where quantityty_.id=?
20:19:29.375 [main] DEBUG org.hibernate.persister.entity.AbstractEntityPersister -  Insert 0: insert into QuantityType (amount, maximum, minimum, units, id) values (?, ?, ?, ?, ?)
20:19:29.375 [main] DEBUG org.hibernate.persister.entity.AbstractEntityPersister -  Update 0: update QuantityType set amount=?, maximum=?, minimum=?, units=? where id=?
20:19:29.375 [main] DEBUG org.hibernate.persister.entity.AbstractEntityPersister -  Delete 0: delete from QuantityType where id=?
20:19:29.375 [main] DEBUG org.hibernate.loader.plan.build.internal.spaces.QuerySpacesImpl - Adding QuerySpace : uid = <gen:0> -> org.hibernate.loader.plan.build.internal.spaces.EntityQuerySpaceImpl@4b8a0d03]
20:19:29.375 [main] DEBUG org.hibernate.persister.walking.spi.MetamodelGraphWalker - Visiting attribute path : amount
20:19:29.375 [main] DEBUG org.hibernate.persister.walking.spi.MetamodelGraphWalker - Visiting attribute path : maximum
20:19:29.375 [main] DEBUG org.hibernate.persister.walking.spi.MetamodelGraphWalker - Visiting attribute path : minimum
20:19:29.375 [main] DEBUG org.hibernate.persister.walking.spi.MetamodelGraphWalker - Visiting attribute path : units
20:19:29.375 [main] DEBUG org.hibernate.loader.plan.build.internal.FetchStyleLoadPlanBuildingAssociationVisitationStrategy - Building LoadPlan...
20:19:29.375 [main] DEBUG org.hibernate.loader.plan.exec.internal.LoadQueryJoinAndFetchProcessor - processing queryspace <gen:0>
20:19:29.376 [main] DEBUG org.hibernate.loader.plan.build.spi.LoadPlanTreePrinter - LoadPlan(entity=io.swagger.model.QuantityType)
    - Returns
       - EntityReturnImpl(entity=io.swagger.model.QuantityType, querySpaceUid=<gen:0>, path=io.swagger.model.QuantityType)
    - QuerySpaces
       - EntityQuerySpaceImpl(uid=<gen:0>, entity=io.swagger.model.QuantityType)
          - SQL table alias mapping - quantityty0_
          - alias suffix - 0_
          - suffixed key columns - {id1_17_0_}

20:19:29.376 [main] DEBUG org.hibernate.loader.entity.plan.EntityLoader - Static select for entity io.swagger.model.QuantityType [NONE]: select quantityty0_.id as id1_17_0_, quantityty0_.amount as amount2_17_0_, quantityty0_.maximum as maximum3_17_0_, quantityty0_.minimum as minimum4_17_0_, quantityty0_.units as units5_17_0_ from QuantityType quantityty0_ where quantityty0_.id=?
20:19:29.376 [main] DEBUG org.hibernate.loader.plan.build.internal.spaces.QuerySpacesImpl - Adding QuerySpace : uid = <gen:0> -> org.hibernate.loader.plan.build.internal.spaces.EntityQuerySpaceImpl@1c53bd49]
20:19:29.379 [main] DEBUG org.hibernate.persister.walking.spi.MetamodelGraphWalker - Visiting attribute path : amount
20:19:29.379 [main] DEBUG org.hibernate.persister.walking.spi.MetamodelGraphWalker - Visiting attribute path : maximum
20:19:29.379 [main] DEBUG org.hibernate.persister.walking.spi.MetamodelGraphWalker - Visiting attribute path : minimum
20:19:29.379 [main] DEBUG org.hibernate.persister.walking.spi.MetamodelGraphWalker - Visiting attribute path : units
20:19:29.379 [main] DEBUG org.hibernate.loader.plan.build.internal.FetchStyleLoadPlanBuildingAssociationVisitationStrategy - Building LoadPlan...
20:19:29.379 [main] DEBUG org.hibernate.loader.plan.exec.internal.LoadQueryJoinAndFetchProcessor - processing queryspace <gen:0>
20:19:29.380 [main] DEBUG org.hibernate.loader.plan.build.spi.LoadPlanTreePrinter - LoadPlan(entity=io.swagger.model.QuantityType)
    - Returns
       - EntityReturnImpl(entity=io.swagger.model.QuantityType, querySpaceUid=<gen:0>, path=io.swagger.model.QuantityType)
    - QuerySpaces
       - EntityQuerySpaceImpl(uid=<gen:0>, entity=io.swagger.model.QuantityType)
          - SQL table alias mapping - quantityty0_
          - alias suffix - 0_
          - suffixed key columns - {id1_17_0_}

20:19:29.380 [main] DEBUG org.hibernate.loader.entity.plan.EntityLoader - Static select for entity io.swagger.model.QuantityType [READ]: select quantityty0_.id as id1_17_0_, quantityty0_.amount as amount2_17_0_, quantityty0_.maximum as maximum3_17_0_, quantityty0_.minimum as minimum4_17_0_, quantityty0_.units as units5_17_0_ from QuantityType quantityty0_ where quantityty0_.id=?
20:19:29.380 [main] DEBUG org.hibernate.loader.plan.build.internal.spaces.QuerySpacesImpl - Adding QuerySpace : uid = <gen:0> -> org.hibernate.loader.plan.build.internal.spaces.EntityQuerySpaceImpl@d6d683e]
20:19:29.380 [main] DEBUG org.hibernate.persister.walking.spi.MetamodelGraphWalker - Visiting attribute path : amount
20:19:29.380 [main] DEBUG org.hibernate.persister.walking.spi.MetamodelGraphWalker - Visiting attribute path : maximum
20:19:29.380 [main] DEBUG org.hibernate.persister.walking.spi.MetamodelGraphWalker - Visiting attribute path : minimum
20:19:29.380 [main] DEBUG org.hibernate.persister.walking.spi.MetamodelGraphWalker - Visiting attribute path : units
20:19:29.380 [main] DEBUG org.hibernate.loader.plan.build.internal.FetchStyleLoadPlanBuildingAssociationVisitationStrategy - Building LoadPlan...
20:19:29.380 [main] DEBUG org.hibernate.loader.plan.exec.internal.LoadQueryJoinAndFetchProcessor - processing queryspace <gen:0>
20:19:29.380 [main] DEBUG org.hibernate.loader.plan.build.spi.LoadPlanTreePrinter - LoadPlan(entity=io.swagger.model.QuantityType)
    - Returns
       - EntityReturnImpl(entity=io.swagger.model.QuantityType, querySpaceUid=<gen:0>, path=io.swagger.model.QuantityType)
    - QuerySpaces
       - EntityQuerySpaceImpl(uid=<gen:0>, entity=io.swagger.model.QuantityType)
          - SQL table alias mapping - quantityty0_
          - alias suffix - 0_
          - suffixed key columns - {id1_17_0_}

20:19:29.380 [main] DEBUG org.hibernate.loader.entity.plan.EntityLoader - Static select for entity io.swagger.model.QuantityType [UPGRADE]: select quantityty0_.id as id1_17_0_, quantityty0_.amount as amount2_17_0_, quantityty0_.maximum as maximum3_17_0_, quantityty0_.minimum as minimum4_17_0_, quantityty0_.units as units5_17_0_ from QuantityType quantityty0_ where quantityty0_.id=? for update
20:19:29.380 [main] DEBUG org.hibernate.loader.plan.build.internal.spaces.QuerySpacesImpl - Adding QuerySpace : uid = <gen:0> -> org.hibernate.loader.plan.build.internal.spaces.EntityQuerySpaceImpl@43778371]
20:19:29.381 [main] DEBUG org.hibernate.persister.walking.spi.MetamodelGraphWalker - Visiting attribute path : amount
20:19:29.381 [main] DEBUG org.hibernate.persister.walking.spi.MetamodelGraphWalker - Visiting attribute path : maximum
20:19:29.381 [main] DEBUG org.hibernate.persister.walking.spi.MetamodelGraphWalker - Visiting attribute path : minimum
20:19:29.381 [main] DEBUG org.hibernate.persister.walking.spi.MetamodelGraphWalker - Visiting attribute path : units
20:19:29.381 [main] DEBUG org.hibernate.loader.plan.build.internal.FetchStyleLoadPlanBuildingAssociationVisitationStrategy - Building LoadPlan...
20:19:29.381 [main] DEBUG org.hibernate.loader.plan.exec.internal.LoadQueryJoinAndFetchProcessor - processing queryspace <gen:0>
20:19:29.381 [main] DEBUG org.hibernate.loader.plan.build.spi.LoadPlanTreePrinter - LoadPlan(entity=io.swagger.model.QuantityType)
    - Returns
       - EntityReturnImpl(entity=io.swagger.model.QuantityType, querySpaceUid=<gen:0>, path=io.swagger.model.QuantityType)
    - QuerySpaces
       - EntityQuerySpaceImpl(uid=<gen:0>, entity=io.swagger.model.QuantityType)
          - SQL table alias mapping - quantityty0_
          - alias suffix - 0_
          - suffixed key columns - {id1_17_0_}

20:19:29.381 [main] DEBUG org.hibernate.loader.entity.plan.EntityLoader - Static select for entity io.swagger.model.QuantityType [UPGRADE_NOWAIT]: select quantityty0_.id as id1_17_0_, quantityty0_.amount as amount2_17_0_, quantityty0_.maximum as maximum3_17_0_, quantityty0_.minimum as minimum4_17_0_, quantityty0_.units as units5_17_0_ from QuantityType quantityty0_ where quantityty0_.id=? for update
20:19:29.381 [main] DEBUG org.hibernate.loader.plan.build.internal.spaces.QuerySpacesImpl - Adding QuerySpace : uid = <gen:0> -> org.hibernate.loader.plan.build.internal.spaces.EntityQuerySpaceImpl@17f41739]
20:19:29.381 [main] DEBUG org.hibernate.persister.walking.spi.MetamodelGraphWalker - Visiting attribute path : amount
20:19:29.381 [main] DEBUG org.hibernate.persister.walking.spi.MetamodelGraphWalker - Visiting attribute path : maximum
20:19:29.381 [main] DEBUG org.hibernate.persister.walking.spi.MetamodelGraphWalker - Visiting attribute path : minimum
20:19:29.381 [main] DEBUG org.hibernate.persister.walking.spi.MetamodelGraphWalker - Visiting attribute path : units
20:19:29.381 [main] DEBUG org.hibernate.loader.plan.build.internal.FetchStyleLoadPlanBuildingAssociationVisitationStrategy - Building LoadPlan...
20:19:29.381 [main] DEBUG org.hibernate.loader.plan.exec.internal.LoadQueryJoinAndFetchProcessor - processing queryspace <gen:0>
20:19:29.382 [main] DEBUG org.hibernate.loader.plan.build.spi.LoadPlanTreePrinter - LoadPlan(entity=io.swagger.model.QuantityType)
    - Returns
       - EntityReturnImpl(entity=io.swagger.model.QuantityType, querySpaceUid=<gen:0>, path=io.swagger.model.QuantityType)
    - QuerySpaces
       - EntityQuerySpaceImpl(uid=<gen:0>, entity=io.swagger.model.QuantityType)
          - SQL table alias mapping - quantityty0_
          - alias suffix - 0_
          - suffixed key columns - {id1_17_0_}

20:19:29.382 [main] DEBUG org.hibernate.loader.entity.plan.EntityLoader - Static select for entity io.swagger.model.QuantityType [UPGRADE_SKIPLOCKED]: select quantityty0_.id as id1_17_0_, quantityty0_.amount as amount2_17_0_, quantityty0_.maximum as maximum3_17_0_, quantityty0_.minimum as minimum4_17_0_, quantityty0_.units as units5_17_0_ from QuantityType quantityty0_ where quantityty0_.id=? for update
20:19:29.382 [main] DEBUG org.hibernate.loader.plan.build.internal.spaces.QuerySpacesImpl - Adding QuerySpace : uid = <gen:0> -> org.hibernate.loader.plan.build.internal.spaces.EntityQuerySpaceImpl@54286339]
20:19:29.382 [main] DEBUG org.hibernate.persister.walking.spi.MetamodelGraphWalker - Visiting attribute path : amount
20:19:29.382 [main] DEBUG org.hibernate.persister.walking.spi.MetamodelGraphWalker - Visiting attribute path : maximum
20:19:29.382 [main] DEBUG org.hibernate.persister.walking.spi.MetamodelGraphWalker - Visiting attribute path : minimum
20:19:29.382 [main] DEBUG org.hibernate.persister.walking.spi.MetamodelGraphWalker - Visiting attribute path : units
20:19:29.382 [main] DEBUG org.hibernate.loader.plan.build.internal.FetchStyleLoadPlanBuildingAssociationVisitationStrategy - Building LoadPlan...
20:19:29.382 [main] DEBUG org.hibernate.loader.plan.exec.internal.LoadQueryJoinAndFetchProcessor - processing queryspace <gen:0>
20:19:29.382 [main] DEBUG org.hibernate.loader.plan.build.spi.LoadPlanTreePrinter - LoadPlan(entity=io.swagger.model.QuantityType)
    - Returns
       - EntityReturnImpl(entity=io.swagger.model.QuantityType, querySpaceUid=<gen:0>, path=io.swagger.model.QuantityType)
    - QuerySpaces
       - EntityQuerySpaceImpl(uid=<gen:0>, entity=io.swagger.model.QuantityType)
          - SQL table alias mapping - quantityty0_
          - alias suffix - 0_
          - suffixed key columns - {id1_17_0_}

20:19:29.382 [main] DEBUG org.hibernate.loader.entity.plan.EntityLoader - Static select for entity io.swagger.model.QuantityType [FORCE]: select quantityty0_.id as id1_17_0_, quantityty0_.amount as amount2_17_0_, quantityty0_.maximum as maximum3_17_0_, quantityty0_.minimum as minimum4_17_0_, quantityty0_.units as units5_17_0_ from QuantityType quantityty0_ where quantityty0_.id=? for update
20:19:29.382 [main] DEBUG org.hibernate.loader.plan.build.internal.spaces.QuerySpacesImpl - Adding QuerySpace : uid = <gen:0> -> org.hibernate.loader.plan.build.internal.spaces.EntityQuerySpaceImpl@6785df10]
20:19:29.382 [main] DEBUG org.hibernate.persister.walking.spi.MetamodelGraphWalker - Visiting attribute path : amount
20:19:29.382 [main] DEBUG org.hibernate.persister.walking.spi.MetamodelGraphWalker - Visiting attribute path : maximum
20:19:29.382 [main] DEBUG org.hibernate.persister.walking.spi.MetamodelGraphWalker - Visiting attribute path : minimum
20:19:29.382 [main] DEBUG org.hibernate.persister.walking.spi.MetamodelGraphWalker - Visiting attribute path : units
20:19:29.382 [main] DEBUG org.hibernate.loader.plan.build.internal.FetchStyleLoadPlanBuildingAssociationVisitationStrategy - Building LoadPlan...
20:19:29.383 [main] DEBUG org.hibernate.loader.plan.exec.internal.LoadQueryJoinAndFetchProcessor - processing queryspace <gen:0>
20:19:29.383 [main] DEBUG org.hibernate.loader.plan.build.spi.LoadPlanTreePrinter - LoadPlan(entity=io.swagger.model.QuantityType)
    - Returns
       - EntityReturnImpl(entity=io.swagger.model.QuantityType, querySpaceUid=<gen:0>, path=io.swagger.model.QuantityType)
    - QuerySpaces
       - EntityQuerySpaceImpl(uid=<gen:0>, entity=io.swagger.model.QuantityType)
          - SQL table alias mapping - quantityty0_
          - alias suffix - 0_
          - suffixed key columns - {id1_17_0_}

20:19:29.383 [main] DEBUG org.hibernate.loader.entity.plan.EntityLoader - Static select for entity io.swagger.model.QuantityType [PESSIMISTIC_READ]: select quantityty0_.id as id1_17_0_, quantityty0_.amount as amount2_17_0_, quantityty0_.maximum as maximum3_17_0_, quantityty0_.minimum as minimum4_17_0_, quantityty0_.units as units5_17_0_ from QuantityType quantityty0_ where quantityty0_.id=? lock in share mode
20:19:29.383 [main] DEBUG org.hibernate.loader.plan.build.internal.spaces.QuerySpacesImpl - Adding QuerySpace : uid = <gen:0> -> org.hibernate.loader.plan.build.internal.spaces.EntityQuerySpaceImpl@3e2c8ef]
20:19:29.383 [main] DEBUG org.hibernate.persister.walking.spi.MetamodelGraphWalker - Visiting attribute path : amount
20:19:29.383 [main] DEBUG org.hibernate.persister.walking.spi.MetamodelGraphWalker - Visiting attribute path : maximum
20:19:29.383 [main] DEBUG org.hibernate.persister.walking.spi.MetamodelGraphWalker - Visiting attribute path : minimum
20:19:29.383 [main] DEBUG org.hibernate.persister.walking.spi.MetamodelGraphWalker - Visiting attribute path : units
20:19:29.383 [main] DEBUG org.hibernate.loader.plan.build.internal.FetchStyleLoadPlanBuildingAssociationVisitationStrategy - Building LoadPlan...
20:19:29.383 [main] DEBUG org.hibernate.loader.plan.exec.internal.LoadQueryJoinAndFetchProcessor - processing queryspace <gen:0>
20:19:29.383 [main] DEBUG org.hibernate.loader.plan.build.spi.LoadPlanTreePrinter - LoadPlan(entity=io.swagger.model.QuantityType)
    - Returns
       - EntityReturnImpl(entity=io.swagger.model.QuantityType, querySpaceUid=<gen:0>, path=io.swagger.model.QuantityType)
    - QuerySpaces
       - EntityQuerySpaceImpl(uid=<gen:0>, entity=io.swagger.model.QuantityType)
          - SQL table alias mapping - quantityty0_
          - alias suffix - 0_
          - suffixed key columns - {id1_17_0_}

20:19:29.383 [main] DEBUG org.hibernate.loader.entity.plan.EntityLoader - Static select for entity io.swagger.model.QuantityType [PESSIMISTIC_WRITE]: select quantityty0_.id as id1_17_0_, quantityty0_.amount as amount2_17_0_, quantityty0_.maximum as maximum3_17_0_, quantityty0_.minimum as minimum4_17_0_, quantityty0_.units as units5_17_0_ from QuantityType quantityty0_ where quantityty0_.id=? for update
20:19:29.384 [main] DEBUG org.hibernate.loader.plan.build.internal.spaces.QuerySpacesImpl - Adding QuerySpace : uid = <gen:0> -> org.hibernate.loader.plan.build.internal.spaces.EntityQuerySpaceImpl@60bc308b]
20:19:29.384 [main] DEBUG org.hibernate.persister.walking.spi.MetamodelGraphWalker - Visiting attribute path : amount
20:19:29.384 [main] DEBUG org.hibernate.persister.walking.spi.MetamodelGraphWalker - Visiting attribute path : maximum
20:19:29.384 [main] DEBUG org.hibernate.persister.walking.spi.MetamodelGraphWalker - Visiting attribute path : minimum
20:19:29.384 [main] DEBUG org.hibernate.persister.walking.spi.MetamodelGraphWalker - Visiting attribute path : units
20:19:29.384 [main] DEBUG org.hibernate.loader.plan.build.internal.FetchStyleLoadPlanBuildingAssociationVisitationStrategy - Building LoadPlan...
20:19:29.384 [main] DEBUG org.hibernate.loader.plan.exec.internal.LoadQueryJoinAndFetchProcessor - processing queryspace <gen:0>
20:19:29.384 [main] DEBUG org.hibernate.loader.plan.build.spi.LoadPlanTreePrinter - LoadPlan(entity=io.swagger.model.QuantityType)
    - Returns
       - EntityReturnImpl(entity=io.swagger.model.QuantityType, querySpaceUid=<gen:0>, path=io.swagger.model.QuantityType)
    - QuerySpaces
       - EntityQuerySpaceImpl(uid=<gen:0>, entity=io.swagger.model.QuantityType)
          - SQL table alias mapping - quantityty0_
          - alias suffix - 0_
          - suffixed key columns - {id1_17_0_}

20:19:29.384 [main] DEBUG org.hibernate.loader.entity.plan.EntityLoader - Static select for entity io.swagger.model.QuantityType [PESSIMISTIC_FORCE_INCREMENT]: select quantityty0_.id as id1_17_0_, quantityty0_.amount as amount2_17_0_, quantityty0_.maximum as maximum3_17_0_, quantityty0_.minimum as minimum4_17_0_, quantityty0_.units as units5_17_0_ from QuantityType quantityty0_ where quantityty0_.id=? for update
20:19:29.384 [main] DEBUG org.hibernate.loader.plan.build.internal.spaces.QuerySpacesImpl - Adding QuerySpace : uid = <gen:0> -> org.hibernate.loader.plan.build.internal.spaces.EntityQuerySpaceImpl@43f99817]
20:19:29.384 [main] DEBUG org.hibernate.persister.walking.spi.MetamodelGraphWalker - Visiting attribute path : amount
20:19:29.384 [main] DEBUG org.hibernate.persister.walking.spi.MetamodelGraphWalker - Visiting attribute path : maximum
20:19:29.384 [main] DEBUG org.hibernate.persister.walking.spi.MetamodelGraphWalker - Visiting attribute path : minimum
20:19:29.384 [main] DEBUG org.hibernate.persister.walking.spi.MetamodelGraphWalker - Visiting attribute path : units
20:19:29.384 [main] DEBUG org.hibernate.loader.plan.build.internal.FetchStyleLoadPlanBuildingAssociationVisitationStrategy - Building LoadPlan...
20:19:29.384 [main] DEBUG org.hibernate.loader.plan.exec.internal.LoadQueryJoinAndFetchProcessor - processing queryspace <gen:0>
20:19:29.385 [main] DEBUG org.hibernate.loader.plan.build.spi.LoadPlanTreePrinter - LoadPlan(entity=io.swagger.model.QuantityType)
    - Returns
       - EntityReturnImpl(entity=io.swagger.model.QuantityType, querySpaceUid=<gen:0>, path=io.swagger.model.QuantityType)
    - QuerySpaces
       - EntityQuerySpaceImpl(uid=<gen:0>, entity=io.swagger.model.QuantityType)
          - SQL table alias mapping - quantityty0_
          - alias suffix - 0_
          - suffixed key columns - {id1_17_0_}

20:19:29.385 [main] DEBUG org.hibernate.loader.entity.plan.EntityLoader - Static select for entity io.swagger.model.QuantityType [OPTIMISTIC]: select quantityty0_.id as id1_17_0_, quantityty0_.amount as amount2_17_0_, quantityty0_.maximum as maximum3_17_0_, quantityty0_.minimum as minimum4_17_0_, quantityty0_.units as units5_17_0_ from QuantityType quantityty0_ where quantityty0_.id=?
20:19:29.385 [main] DEBUG org.hibernate.loader.plan.build.internal.spaces.QuerySpacesImpl - Adding QuerySpace : uid = <gen:0> -> org.hibernate.loader.plan.build.internal.spaces.EntityQuerySpaceImpl@2b9ecd05]
20:19:29.385 [main] DEBUG org.hibernate.persister.walking.spi.MetamodelGraphWalker - Visiting attribute path : amount
20:19:29.385 [main] DEBUG org.hibernate.persister.walking.spi.MetamodelGraphWalker - Visiting attribute path : maximum
20:19:29.385 [main] DEBUG org.hibernate.persister.walking.spi.MetamodelGraphWalker - Visiting attribute path : minimum
20:19:29.385 [main] DEBUG org.hibernate.persister.walking.spi.MetamodelGraphWalker - Visiting attribute path : units
20:19:29.385 [main] DEBUG org.hibernate.loader.plan.build.internal.FetchStyleLoadPlanBuildingAssociationVisitationStrategy - Building LoadPlan...
20:19:29.385 [main] DEBUG org.hibernate.loader.plan.exec.internal.LoadQueryJoinAndFetchProcessor - processing queryspace <gen:0>
20:19:29.385 [main] DEBUG org.hibernate.loader.plan.build.spi.LoadPlanTreePrinter - LoadPlan(entity=io.swagger.model.QuantityType)
    - Returns
       - EntityReturnImpl(entity=io.swagger.model.QuantityType, querySpaceUid=<gen:0>, path=io.swagger.model.QuantityType)
    - QuerySpaces
       - EntityQuerySpaceImpl(uid=<gen:0>, entity=io.swagger.model.QuantityType)
          - SQL table alias mapping - quantityty0_
          - alias suffix - 0_
          - suffixed key columns - {id1_17_0_}

20:19:29.385 [main] DEBUG org.hibernate.loader.entity.plan.EntityLoader - Static select for entity io.swagger.model.QuantityType [OPTIMISTIC_FORCE_INCREMENT]: select quantityty0_.id as id1_17_0_, quantityty0_.amount as amount2_17_0_, quantityty0_.maximum as maximum3_17_0_, quantityty0_.minimum as minimum4_17_0_, quantityty0_.units as units5_17_0_ from QuantityType quantityty0_ where quantityty0_.id=?
20:19:29.385 [main] DEBUG org.hibernate.loader.Loader - Static select for action ACTION_MERGE on entity io.swagger.model.QuantityType: select quantityty0_.id as id1_17_0_, quantityty0_.amount as amount2_17_0_, quantityty0_.maximum as maximum3_17_0_, quantityty0_.minimum as minimum4_17_0_, quantityty0_.units as units5_17_0_ from QuantityType quantityty0_ where quantityty0_.id=?
20:19:29.386 [main] DEBUG org.hibernate.loader.Loader - Static select for action ACTION_REFRESH on entity io.swagger.model.QuantityType: select quantityty0_.id as id1_17_0_, quantityty0_.amount as amount2_17_0_, quantityty0_.maximum as maximum3_17_0_, quantityty0_.minimum as minimum4_17_0_, quantityty0_.units as units5_17_0_ from QuantityType quantityty0_ where quantityty0_.id=?
20:19:29.386 [main] DEBUG org.hibernate.persister.entity.AbstractEntityPersister - Static SQL for entity: io.swagger.model.DigitalWalletType
20:19:29.386 [main] DEBUG org.hibernate.persister.entity.AbstractEntityPersister -  Version select: select id from DigitalWalletType where id =?
20:19:29.386 [main] DEBUG org.hibernate.persister.entity.AbstractEntityPersister -  Snapshot select: select digitalwal_.id, digitalwal_.service as service2_7_, digitalwal_.walletId as walletId3_7_, digitalwal_.walletUrl as walletUr4_7_ from DigitalWalletType digitalwal_ where digitalwal_.id=?
20:19:29.386 [main] DEBUG org.hibernate.persister.entity.AbstractEntityPersister -  Insert 0: insert into DigitalWalletType (service, walletId, walletUrl, id) values (?, ?, ?, ?)
20:19:29.386 [main] DEBUG org.hibernate.persister.entity.AbstractEntityPersister -  Update 0: update DigitalWalletType set service=?, walletId=?, walletUrl=? where id=?
20:19:29.386 [main] DEBUG org.hibernate.persister.entity.AbstractEntityPersister -  Delete 0: delete from DigitalWalletType where id=?
20:19:29.386 [main] DEBUG org.hibernate.loader.plan.build.internal.spaces.QuerySpacesImpl - Adding QuerySpace : uid = <gen:0> -> org.hibernate.loader.plan.build.internal.spaces.EntityQuerySpaceImpl@3ec7ad61]
20:19:29.386 [main] DEBUG org.hibernate.persister.walking.spi.MetamodelGraphWalker - Visiting attribute path : service
20:19:29.386 [main] DEBUG org.hibernate.persister.walking.spi.MetamodelGraphWalker - Visiting attribute path : walletId
20:19:29.386 [main] DEBUG org.hibernate.persister.walking.spi.MetamodelGraphWalker - Visiting attribute path : walletUrl
20:19:29.386 [main] DEBUG org.hibernate.loader.plan.build.internal.FetchStyleLoadPlanBuildingAssociationVisitationStrategy - Building LoadPlan...
20:19:29.386 [main] DEBUG org.hibernate.loader.plan.exec.internal.LoadQueryJoinAndFetchProcessor - processing queryspace <gen:0>
20:19:29.386 [main] DEBUG org.hibernate.loader.plan.build.spi.LoadPlanTreePrinter - LoadPlan(entity=io.swagger.model.DigitalWalletType)
    - Returns
       - EntityReturnImpl(entity=io.swagger.model.DigitalWalletType, querySpaceUid=<gen:0>, path=io.swagger.model.DigitalWalletType)
    - QuerySpaces
       - EntityQuerySpaceImpl(uid=<gen:0>, entity=io.swagger.model.DigitalWalletType)
          - SQL table alias mapping - digitalwal0_
          - alias suffix - 0_
          - suffixed key columns - {id1_7_0_}

20:19:29.387 [main] DEBUG org.hibernate.loader.entity.plan.EntityLoader - Static select for entity io.swagger.model.DigitalWalletType [NONE]: select digitalwal0_.id as id1_7_0_, digitalwal0_.service as service2_7_0_, digitalwal0_.walletId as walletId3_7_0_, digitalwal0_.walletUrl as walletUr4_7_0_ from DigitalWalletType digitalwal0_ where digitalwal0_.id=?
20:19:29.387 [main] DEBUG org.hibernate.loader.plan.build.internal.spaces.QuerySpacesImpl - Adding QuerySpace : uid = <gen:0> -> org.hibernate.loader.plan.build.internal.spaces.EntityQuerySpaceImpl@7598d675]
20:19:29.387 [main] DEBUG org.hibernate.persister.walking.spi.MetamodelGraphWalker - Visiting attribute path : service
20:19:29.387 [main] DEBUG org.hibernate.persister.walking.spi.MetamodelGraphWalker - Visiting attribute path : walletId
20:19:29.387 [main] DEBUG org.hibernate.persister.walking.spi.MetamodelGraphWalker - Visiting attribute path : walletUrl
20:19:29.387 [main] DEBUG org.hibernate.loader.plan.build.internal.FetchStyleLoadPlanBuildingAssociationVisitationStrategy - Building LoadPlan...
20:19:29.387 [main] DEBUG org.hibernate.loader.plan.exec.internal.LoadQueryJoinAndFetchProcessor - processing queryspace <gen:0>
20:19:29.387 [main] DEBUG org.hibernate.loader.plan.build.spi.LoadPlanTreePrinter - LoadPlan(entity=io.swagger.model.DigitalWalletType)
    - Returns
       - EntityReturnImpl(entity=io.swagger.model.DigitalWalletType, querySpaceUid=<gen:0>, path=io.swagger.model.DigitalWalletType)
    - QuerySpaces
       - EntityQuerySpaceImpl(uid=<gen:0>, entity=io.swagger.model.DigitalWalletType)
          - SQL table alias mapping - digitalwal0_
          - alias suffix - 0_
          - suffixed key columns - {id1_7_0_}

20:19:29.387 [main] DEBUG org.hibernate.loader.entity.plan.EntityLoader - Static select for entity io.swagger.model.DigitalWalletType [READ]: select digitalwal0_.id as id1_7_0_, digitalwal0_.service as service2_7_0_, digitalwal0_.walletId as walletId3_7_0_, digitalwal0_.walletUrl as walletUr4_7_0_ from DigitalWalletType digitalwal0_ where digitalwal0_.id=?
20:19:29.387 [main] DEBUG org.hibernate.loader.plan.build.internal.spaces.QuerySpacesImpl - Adding QuerySpace : uid = <gen:0> -> org.hibernate.loader.plan.build.internal.spaces.EntityQuerySpaceImpl@4ae958b0]
20:19:29.387 [main] DEBUG org.hibernate.persister.walking.spi.MetamodelGraphWalker - Visiting attribute path : service
20:19:29.387 [main] DEBUG org.hibernate.persister.walking.spi.MetamodelGraphWalker - Visiting attribute path : walletId
20:19:29.387 [main] DEBUG org.hibernate.persister.walking.spi.MetamodelGraphWalker - Visiting attribute path : walletUrl
20:19:29.387 [main] DEBUG org.hibernate.loader.plan.build.internal.FetchStyleLoadPlanBuildingAssociationVisitationStrategy - Building LoadPlan...
20:19:29.387 [main] DEBUG org.hibernate.loader.plan.exec.internal.LoadQueryJoinAndFetchProcessor - processing queryspace <gen:0>
20:19:29.395 [main] DEBUG org.hibernate.loader.plan.build.spi.LoadPlanTreePrinter - LoadPlan(entity=io.swagger.model.DigitalWalletType)
    - Returns
       - EntityReturnImpl(entity=io.swagger.model.DigitalWalletType, querySpaceUid=<gen:0>, path=io.swagger.model.DigitalWalletType)
    - QuerySpaces
       - EntityQuerySpaceImpl(uid=<gen:0>, entity=io.swagger.model.DigitalWalletType)
          - SQL table alias mapping - digitalwal0_
          - alias suffix - 0_
          - suffixed key columns - {id1_7_0_}

20:19:29.395 [main] DEBUG org.hibernate.loader.entity.plan.EntityLoader - Static select for entity io.swagger.model.DigitalWalletType [UPGRADE]: select digitalwal0_.id as id1_7_0_, digitalwal0_.service as service2_7_0_, digitalwal0_.walletId as walletId3_7_0_, digitalwal0_.walletUrl as walletUr4_7_0_ from DigitalWalletType digitalwal0_ where digitalwal0_.id=? for update
20:19:29.396 [main] DEBUG org.hibernate.loader.plan.build.internal.spaces.QuerySpacesImpl - Adding QuerySpace : uid = <gen:0> -> org.hibernate.loader.plan.build.internal.spaces.EntityQuerySpaceImpl@4ff074a0]
20:19:29.396 [main] DEBUG org.hibernate.persister.walking.spi.MetamodelGraphWalker - Visiting attribute path : service
20:19:29.396 [main] DEBUG org.hibernate.persister.walking.spi.MetamodelGraphWalker - Visiting attribute path : walletId
20:19:29.396 [main] DEBUG org.hibernate.persister.walking.spi.MetamodelGraphWalker - Visiting attribute path : walletUrl
20:19:29.396 [main] DEBUG org.hibernate.loader.plan.build.internal.FetchStyleLoadPlanBuildingAssociationVisitationStrategy - Building LoadPlan...
20:19:29.397 [main] DEBUG org.hibernate.loader.plan.exec.internal.LoadQueryJoinAndFetchProcessor - processing queryspace <gen:0>
20:19:29.397 [main] DEBUG org.hibernate.loader.plan.build.spi.LoadPlanTreePrinter - LoadPlan(entity=io.swagger.model.DigitalWalletType)
    - Returns
       - EntityReturnImpl(entity=io.swagger.model.DigitalWalletType, querySpaceUid=<gen:0>, path=io.swagger.model.DigitalWalletType)
    - QuerySpaces
       - EntityQuerySpaceImpl(uid=<gen:0>, entity=io.swagger.model.DigitalWalletType)
          - SQL table alias mapping - digitalwal0_
          - alias suffix - 0_
          - suffixed key columns - {id1_7_0_}

20:19:29.397 [main] DEBUG org.hibernate.loader.entity.plan.EntityLoader - Static select for entity io.swagger.model.DigitalWalletType [UPGRADE_NOWAIT]: select digitalwal0_.id as id1_7_0_, digitalwal0_.service as service2_7_0_, digitalwal0_.walletId as walletId3_7_0_, digitalwal0_.walletUrl as walletUr4_7_0_ from DigitalWalletType digitalwal0_ where digitalwal0_.id=? for update
20:19:29.397 [main] DEBUG org.hibernate.loader.plan.build.internal.spaces.QuerySpacesImpl - Adding QuerySpace : uid = <gen:0> -> org.hibernate.loader.plan.build.internal.spaces.EntityQuerySpaceImpl@34a33343]
20:19:29.397 [main] DEBUG org.hibernate.persister.walking.spi.MetamodelGraphWalker - Visiting attribute path : service
20:19:29.398 [main] DEBUG org.hibernate.persister.walking.spi.MetamodelGraphWalker - Visiting attribute path : walletId
20:19:29.398 [main] DEBUG org.hibernate.persister.walking.spi.MetamodelGraphWalker - Visiting attribute path : walletUrl
20:19:29.398 [main] DEBUG org.hibernate.loader.plan.build.internal.FetchStyleLoadPlanBuildingAssociationVisitationStrategy - Building LoadPlan...
20:19:29.398 [main] DEBUG org.hibernate.loader.plan.exec.internal.LoadQueryJoinAndFetchProcessor - processing queryspace <gen:0>
20:19:29.400 [main] DEBUG org.hibernate.loader.plan.build.spi.LoadPlanTreePrinter - LoadPlan(entity=io.swagger.model.DigitalWalletType)
    - Returns
       - EntityReturnImpl(entity=io.swagger.model.DigitalWalletType, querySpaceUid=<gen:0>, path=io.swagger.model.DigitalWalletType)
    - QuerySpaces
       - EntityQuerySpaceImpl(uid=<gen:0>, entity=io.swagger.model.DigitalWalletType)
          - SQL table alias mapping - digitalwal0_
          - alias suffix - 0_
          - suffixed key columns - {id1_7_0_}

20:19:29.400 [main] DEBUG org.hibernate.loader.entity.plan.EntityLoader - Static select for entity io.swagger.model.DigitalWalletType [UPGRADE_SKIPLOCKED]: select digitalwal0_.id as id1_7_0_, digitalwal0_.service as service2_7_0_, digitalwal0_.walletId as walletId3_7_0_, digitalwal0_.walletUrl as walletUr4_7_0_ from DigitalWalletType digitalwal0_ where digitalwal0_.id=? for update
20:19:29.400 [main] DEBUG org.hibernate.loader.plan.build.internal.spaces.QuerySpacesImpl - Adding QuerySpace : uid = <gen:0> -> org.hibernate.loader.plan.build.internal.spaces.EntityQuerySpaceImpl@459e120b]
20:19:29.401 [main] DEBUG org.hibernate.persister.walking.spi.MetamodelGraphWalker - Visiting attribute path : service
20:19:29.401 [main] DEBUG org.hibernate.persister.walking.spi.MetamodelGraphWalker - Visiting attribute path : walletId
20:19:29.401 [main] DEBUG org.hibernate.persister.walking.spi.MetamodelGraphWalker - Visiting attribute path : walletUrl
20:19:29.401 [main] DEBUG org.hibernate.loader.plan.build.internal.FetchStyleLoadPlanBuildingAssociationVisitationStrategy - Building LoadPlan...
20:19:29.401 [main] DEBUG org.hibernate.loader.plan.exec.internal.LoadQueryJoinAndFetchProcessor - processing queryspace <gen:0>
20:19:29.401 [main] DEBUG org.hibernate.loader.plan.build.spi.LoadPlanTreePrinter - LoadPlan(entity=io.swagger.model.DigitalWalletType)
    - Returns
       - EntityReturnImpl(entity=io.swagger.model.DigitalWalletType, querySpaceUid=<gen:0>, path=io.swagger.model.DigitalWalletType)
    - QuerySpaces
       - EntityQuerySpaceImpl(uid=<gen:0>, entity=io.swagger.model.DigitalWalletType)
          - SQL table alias mapping - digitalwal0_
          - alias suffix - 0_
          - suffixed key columns - {id1_7_0_}

20:19:29.402 [main] DEBUG org.hibernate.loader.entity.plan.EntityLoader - Static select for entity io.swagger.model.DigitalWalletType [FORCE]: select digitalwal0_.id as id1_7_0_, digitalwal0_.service as service2_7_0_, digitalwal0_.walletId as walletId3_7_0_, digitalwal0_.walletUrl as walletUr4_7_0_ from DigitalWalletType digitalwal0_ where digitalwal0_.id=? for update
20:19:29.402 [main] DEBUG org.hibernate.loader.plan.build.internal.spaces.QuerySpacesImpl - Adding QuerySpace : uid = <gen:0> -> org.hibernate.loader.plan.build.internal.spaces.EntityQuerySpaceImpl@22429a11]
20:19:29.402 [main] DEBUG org.hibernate.persister.walking.spi.MetamodelGraphWalker - Visiting attribute path : service
20:19:29.402 [main] DEBUG org.hibernate.persister.walking.spi.MetamodelGraphWalker - Visiting attribute path : walletId
20:19:29.402 [main] DEBUG org.hibernate.persister.walking.spi.MetamodelGraphWalker - Visiting attribute path : walletUrl
20:19:29.402 [main] DEBUG org.hibernate.loader.plan.build.internal.FetchStyleLoadPlanBuildingAssociationVisitationStrategy - Building LoadPlan...
20:19:29.403 [main] DEBUG org.hibernate.loader.plan.exec.internal.LoadQueryJoinAndFetchProcessor - processing queryspace <gen:0>
20:19:29.404 [main] DEBUG org.hibernate.loader.plan.build.spi.LoadPlanTreePrinter - LoadPlan(entity=io.swagger.model.DigitalWalletType)
    - Returns
       - EntityReturnImpl(entity=io.swagger.model.DigitalWalletType, querySpaceUid=<gen:0>, path=io.swagger.model.DigitalWalletType)
    - QuerySpaces
       - EntityQuerySpaceImpl(uid=<gen:0>, entity=io.swagger.model.DigitalWalletType)
          - SQL table alias mapping - digitalwal0_
          - alias suffix - 0_
          - suffixed key columns - {id1_7_0_}

20:19:29.404 [main] DEBUG org.hibernate.loader.entity.plan.EntityLoader - Static select for entity io.swagger.model.DigitalWalletType [PESSIMISTIC_READ]: select digitalwal0_.id as id1_7_0_, digitalwal0_.service as service2_7_0_, digitalwal0_.walletId as walletId3_7_0_, digitalwal0_.walletUrl as walletUr4_7_0_ from DigitalWalletType digitalwal0_ where digitalwal0_.id=? lock in share mode
20:19:29.404 [main] DEBUG org.hibernate.loader.plan.build.internal.spaces.QuerySpacesImpl - Adding QuerySpace : uid = <gen:0> -> org.hibernate.loader.plan.build.internal.spaces.EntityQuerySpaceImpl@275902e1]
20:19:29.404 [main] DEBUG org.hibernate.persister.walking.spi.MetamodelGraphWalker - Visiting attribute path : service
20:19:29.404 [main] DEBUG org.hibernate.persister.walking.spi.MetamodelGraphWalker - Visiting attribute path : walletId
20:19:29.405 [main] DEBUG org.hibernate.persister.walking.spi.MetamodelGraphWalker - Visiting attribute path : walletUrl
20:19:29.405 [main] DEBUG org.hibernate.loader.plan.build.internal.FetchStyleLoadPlanBuildingAssociationVisitationStrategy - Building LoadPlan...
20:19:29.405 [main] DEBUG org.hibernate.loader.plan.exec.internal.LoadQueryJoinAndFetchProcessor - processing queryspace <gen:0>
20:19:29.405 [main] DEBUG org.hibernate.loader.plan.build.spi.LoadPlanTreePrinter - LoadPlan(entity=io.swagger.model.DigitalWalletType)
    - Returns
       - EntityReturnImpl(entity=io.swagger.model.DigitalWalletType, querySpaceUid=<gen:0>, path=io.swagger.model.DigitalWalletType)
    - QuerySpaces
       - EntityQuerySpaceImpl(uid=<gen:0>, entity=io.swagger.model.DigitalWalletType)
          - SQL table alias mapping - digitalwal0_
          - alias suffix - 0_
          - suffixed key columns - {id1_7_0_}

20:19:29.406 [main] DEBUG org.hibernate.loader.entity.plan.EntityLoader - Static select for entity io.swagger.model.DigitalWalletType [PESSIMISTIC_WRITE]: select digitalwal0_.id as id1_7_0_, digitalwal0_.service as service2_7_0_, digitalwal0_.walletId as walletId3_7_0_, digitalwal0_.walletUrl as walletUr4_7_0_ from DigitalWalletType digitalwal0_ where digitalwal0_.id=? for update
20:19:29.406 [main] DEBUG org.hibernate.loader.plan.build.internal.spaces.QuerySpacesImpl - Adding QuerySpace : uid = <gen:0> -> org.hibernate.loader.plan.build.internal.spaces.EntityQuerySpaceImpl@2adc1e84]
20:19:29.406 [main] DEBUG org.hibernate.persister.walking.spi.MetamodelGraphWalker - Visiting attribute path : service
20:19:29.406 [main] DEBUG org.hibernate.persister.walking.spi.MetamodelGraphWalker - Visiting attribute path : walletId
20:19:29.406 [main] DEBUG org.hibernate.persister.walking.spi.MetamodelGraphWalker - Visiting attribute path : walletUrl
20:19:29.406 [main] DEBUG org.hibernate.loader.plan.build.internal.FetchStyleLoadPlanBuildingAssociationVisitationStrategy - Building LoadPlan...
20:19:29.407 [main] DEBUG org.hibernate.loader.plan.exec.internal.LoadQueryJoinAndFetchProcessor - processing queryspace <gen:0>
20:19:29.411 [main] DEBUG org.hibernate.loader.plan.build.spi.LoadPlanTreePrinter - LoadPlan(entity=io.swagger.model.DigitalWalletType)
    - Returns
       - EntityReturnImpl(entity=io.swagger.model.DigitalWalletType, querySpaceUid=<gen:0>, path=io.swagger.model.DigitalWalletType)
    - QuerySpaces
       - EntityQuerySpaceImpl(uid=<gen:0>, entity=io.swagger.model.DigitalWalletType)
          - SQL table alias mapping - digitalwal0_
          - alias suffix - 0_
          - suffixed key columns - {id1_7_0_}

20:19:29.412 [main] DEBUG org.hibernate.loader.entity.plan.EntityLoader - Static select for entity io.swagger.model.DigitalWalletType [PESSIMISTIC_FORCE_INCREMENT]: select digitalwal0_.id as id1_7_0_, digitalwal0_.service as service2_7_0_, digitalwal0_.walletId as walletId3_7_0_, digitalwal0_.walletUrl as walletUr4_7_0_ from DigitalWalletType digitalwal0_ where digitalwal0_.id=? for update
20:19:29.413 [main] DEBUG org.hibernate.loader.plan.build.internal.spaces.QuerySpacesImpl - Adding QuerySpace : uid = <gen:0> -> org.hibernate.loader.plan.build.internal.spaces.EntityQuerySpaceImpl@45b8bbbf]
20:19:29.413 [main] DEBUG org.hibernate.persister.walking.spi.MetamodelGraphWalker - Visiting attribute path : service
20:19:29.413 [main] DEBUG org.hibernate.persister.walking.spi.MetamodelGraphWalker - Visiting attribute path : walletId
20:19:29.413 [main] DEBUG org.hibernate.persister.walking.spi.MetamodelGraphWalker - Visiting attribute path : walletUrl
20:19:29.413 [main] DEBUG org.hibernate.loader.plan.build.internal.FetchStyleLoadPlanBuildingAssociationVisitationStrategy - Building LoadPlan...
20:19:29.414 [main] DEBUG org.hibernate.loader.plan.exec.internal.LoadQueryJoinAndFetchProcessor - processing queryspace <gen:0>
20:19:29.414 [main] DEBUG org.hibernate.loader.plan.build.spi.LoadPlanTreePrinter - LoadPlan(entity=io.swagger.model.DigitalWalletType)
    - Returns
       - EntityReturnImpl(entity=io.swagger.model.DigitalWalletType, querySpaceUid=<gen:0>, path=io.swagger.model.DigitalWalletType)
    - QuerySpaces
       - EntityQuerySpaceImpl(uid=<gen:0>, entity=io.swagger.model.DigitalWalletType)
          - SQL table alias mapping - digitalwal0_
          - alias suffix - 0_
          - suffixed key columns - {id1_7_0_}

20:19:29.414 [main] DEBUG org.hibernate.loader.entity.plan.EntityLoader - Static select for entity io.swagger.model.DigitalWalletType [OPTIMISTIC]: select digitalwal0_.id as id1_7_0_, digitalwal0_.service as service2_7_0_, digitalwal0_.walletId as walletId3_7_0_, digitalwal0_.walletUrl as walletUr4_7_0_ from DigitalWalletType digitalwal0_ where digitalwal0_.id=?
20:19:29.414 [main] DEBUG org.hibernate.loader.plan.build.internal.spaces.QuerySpacesImpl - Adding QuerySpace : uid = <gen:0> -> org.hibernate.loader.plan.build.internal.spaces.EntityQuerySpaceImpl@57927bc9]
20:19:29.414 [main] DEBUG org.hibernate.persister.walking.spi.MetamodelGraphWalker - Visiting attribute path : service
20:19:29.414 [main] DEBUG org.hibernate.persister.walking.spi.MetamodelGraphWalker - Visiting attribute path : walletId
20:19:29.415 [main] DEBUG org.hibernate.persister.walking.spi.MetamodelGraphWalker - Visiting attribute path : walletUrl
20:19:29.415 [main] DEBUG org.hibernate.loader.plan.build.internal.FetchStyleLoadPlanBuildingAssociationVisitationStrategy - Building LoadPlan...
20:19:29.415 [main] DEBUG org.hibernate.loader.plan.exec.internal.LoadQueryJoinAndFetchProcessor - processing queryspace <gen:0>
20:19:29.415 [main] DEBUG org.hibernate.loader.plan.build.spi.LoadPlanTreePrinter - LoadPlan(entity=io.swagger.model.DigitalWalletType)
    - Returns
       - EntityReturnImpl(entity=io.swagger.model.DigitalWalletType, querySpaceUid=<gen:0>, path=io.swagger.model.DigitalWalletType)
    - QuerySpaces
       - EntityQuerySpaceImpl(uid=<gen:0>, entity=io.swagger.model.DigitalWalletType)
          - SQL table alias mapping - digitalwal0_
          - alias suffix - 0_
          - suffixed key columns - {id1_7_0_}

20:19:29.415 [main] DEBUG org.hibernate.loader.entity.plan.EntityLoader - Static select for entity io.swagger.model.DigitalWalletType [OPTIMISTIC_FORCE_INCREMENT]: select digitalwal0_.id as id1_7_0_, digitalwal0_.service as service2_7_0_, digitalwal0_.walletId as walletId3_7_0_, digitalwal0_.walletUrl as walletUr4_7_0_ from DigitalWalletType digitalwal0_ where digitalwal0_.id=?
20:19:29.416 [main] DEBUG org.hibernate.loader.Loader - Static select for action ACTION_MERGE on entity io.swagger.model.DigitalWalletType: select digitalwal0_.id as id1_7_0_, digitalwal0_.service as service2_7_0_, digitalwal0_.walletId as walletId3_7_0_, digitalwal0_.walletUrl as walletUr4_7_0_ from DigitalWalletType digitalwal0_ where digitalwal0_.id=?
20:19:29.416 [main] DEBUG org.hibernate.loader.Loader - Static select for action ACTION_REFRESH on entity io.swagger.model.DigitalWalletType: select digitalwal0_.id as id1_7_0_, digitalwal0_.service as service2_7_0_, digitalwal0_.walletId as walletId3_7_0_, digitalwal0_.walletUrl as walletUr4_7_0_ from DigitalWalletType digitalwal0_ where digitalwal0_.id=?
20:19:29.416 [main] DEBUG org.hibernate.persister.entity.AbstractEntityPersister - Static SQL for entity: io.swagger.model.TimePeriodType
20:19:29.416 [main] DEBUG org.hibernate.persister.entity.AbstractEntityPersister -  Version select: select id from TimePeriodType where id =?
20:19:29.417 [main] DEBUG org.hibernate.persister.entity.AbstractEntityPersister -  Snapshot select: select timeperiod_.id, timeperiod_.endDateTime as endDateT2_23_, timeperiod_.startDateTime as startDat3_23_ from TimePeriodType timeperiod_ where timeperiod_.id=?
20:19:29.417 [main] DEBUG org.hibernate.persister.entity.AbstractEntityPersister -  Insert 0: insert into TimePeriodType (endDateTime, startDateTime, id) values (?, ?, ?)
20:19:29.417 [main] DEBUG org.hibernate.persister.entity.AbstractEntityPersister -  Update 0: update TimePeriodType set endDateTime=?, startDateTime=? where id=?
20:19:29.417 [main] DEBUG org.hibernate.persister.entity.AbstractEntityPersister -  Delete 0: delete from TimePeriodType where id=?
20:19:29.417 [main] DEBUG org.hibernate.loader.plan.build.internal.spaces.QuerySpacesImpl - Adding QuerySpace : uid = <gen:0> -> org.hibernate.loader.plan.build.internal.spaces.EntityQuerySpaceImpl@32dbca45]
20:19:29.417 [main] DEBUG org.hibernate.persister.walking.spi.MetamodelGraphWalker - Visiting attribute path : endDateTime
20:19:29.417 [main] DEBUG org.hibernate.persister.walking.spi.MetamodelGraphWalker - Visiting attribute path : startDateTime
20:19:29.417 [main] DEBUG org.hibernate.loader.plan.build.internal.FetchStyleLoadPlanBuildingAssociationVisitationStrategy - Building LoadPlan...
20:19:29.418 [main] DEBUG org.hibernate.loader.plan.exec.internal.LoadQueryJoinAndFetchProcessor - processing queryspace <gen:0>
20:19:29.418 [main] DEBUG org.hibernate.loader.plan.build.spi.LoadPlanTreePrinter - LoadPlan(entity=io.swagger.model.TimePeriodType)
    - Returns
       - EntityReturnImpl(entity=io.swagger.model.TimePeriodType, querySpaceUid=<gen:0>, path=io.swagger.model.TimePeriodType)
    - QuerySpaces
       - EntityQuerySpaceImpl(uid=<gen:0>, entity=io.swagger.model.TimePeriodType)
          - SQL table alias mapping - timeperiod0_
          - alias suffix - 0_
          - suffixed key columns - {id1_23_0_}

20:19:29.418 [main] DEBUG org.hibernate.loader.entity.plan.EntityLoader - Static select for entity io.swagger.model.TimePeriodType [NONE]: select timeperiod0_.id as id1_23_0_, timeperiod0_.endDateTime as endDateT2_23_0_, timeperiod0_.startDateTime as startDat3_23_0_ from TimePeriodType timeperiod0_ where timeperiod0_.id=?
20:19:29.418 [main] DEBUG org.hibernate.loader.plan.build.internal.spaces.QuerySpacesImpl - Adding QuerySpace : uid = <gen:0> -> org.hibernate.loader.plan.build.internal.spaces.EntityQuerySpaceImpl@684b26b7]
20:19:29.418 [main] DEBUG org.hibernate.persister.walking.spi.MetamodelGraphWalker - Visiting attribute path : endDateTime
20:19:29.419 [main] DEBUG org.hibernate.persister.walking.spi.MetamodelGraphWalker - Visiting attribute path : startDateTime
20:19:29.419 [main] DEBUG org.hibernate.loader.plan.build.internal.FetchStyleLoadPlanBuildingAssociationVisitationStrategy - Building LoadPlan...
20:19:29.419 [main] DEBUG org.hibernate.loader.plan.exec.internal.LoadQueryJoinAndFetchProcessor - processing queryspace <gen:0>
20:19:29.419 [main] DEBUG org.hibernate.loader.plan.build.spi.LoadPlanTreePrinter - LoadPlan(entity=io.swagger.model.TimePeriodType)
    - Returns
       - EntityReturnImpl(entity=io.swagger.model.TimePeriodType, querySpaceUid=<gen:0>, path=io.swagger.model.TimePeriodType)
    - QuerySpaces
       - EntityQuerySpaceImpl(uid=<gen:0>, entity=io.swagger.model.TimePeriodType)
          - SQL table alias mapping - timeperiod0_
          - alias suffix - 0_
          - suffixed key columns - {id1_23_0_}

20:19:29.419 [main] DEBUG org.hibernate.loader.entity.plan.EntityLoader - Static select for entity io.swagger.model.TimePeriodType [READ]: select timeperiod0_.id as id1_23_0_, timeperiod0_.endDateTime as endDateT2_23_0_, timeperiod0_.startDateTime as startDat3_23_0_ from TimePeriodType timeperiod0_ where timeperiod0_.id=?
20:19:29.419 [main] DEBUG org.hibernate.loader.plan.build.internal.spaces.QuerySpacesImpl - Adding QuerySpace : uid = <gen:0> -> org.hibernate.loader.plan.build.internal.spaces.EntityQuerySpaceImpl@4182a651]
20:19:29.420 [main] DEBUG org.hibernate.persister.walking.spi.MetamodelGraphWalker - Visiting attribute path : endDateTime
20:19:29.420 [main] DEBUG org.hibernate.persister.walking.spi.MetamodelGraphWalker - Visiting attribute path : startDateTime
20:19:29.420 [main] DEBUG org.hibernate.loader.plan.build.internal.FetchStyleLoadPlanBuildingAssociationVisitationStrategy - Building LoadPlan...
20:19:29.420 [main] DEBUG org.hibernate.loader.plan.exec.internal.LoadQueryJoinAndFetchProcessor - processing queryspace <gen:0>
20:19:29.420 [main] DEBUG org.hibernate.loader.plan.build.spi.LoadPlanTreePrinter - LoadPlan(entity=io.swagger.model.TimePeriodType)
    - Returns
       - EntityReturnImpl(entity=io.swagger.model.TimePeriodType, querySpaceUid=<gen:0>, path=io.swagger.model.TimePeriodType)
    - QuerySpaces
       - EntityQuerySpaceImpl(uid=<gen:0>, entity=io.swagger.model.TimePeriodType)
          - SQL table alias mapping - timeperiod0_
          - alias suffix - 0_
          - suffixed key columns - {id1_23_0_}

20:19:29.420 [main] DEBUG org.hibernate.loader.entity.plan.EntityLoader - Static select for entity io.swagger.model.TimePeriodType [UPGRADE]: select timeperiod0_.id as id1_23_0_, timeperiod0_.endDateTime as endDateT2_23_0_, timeperiod0_.startDateTime as startDat3_23_0_ from TimePeriodType timeperiod0_ where timeperiod0_.id=? for update
20:19:29.420 [main] DEBUG org.hibernate.loader.plan.build.internal.spaces.QuerySpacesImpl - Adding QuerySpace : uid = <gen:0> -> org.hibernate.loader.plan.build.internal.spaces.EntityQuerySpaceImpl@46de118b]
20:19:29.420 [main] DEBUG org.hibernate.persister.walking.spi.MetamodelGraphWalker - Visiting attribute path : endDateTime
20:19:29.420 [main] DEBUG org.hibernate.persister.walking.spi.MetamodelGraphWalker - Visiting attribute path : startDateTime
20:19:29.420 [main] DEBUG org.hibernate.loader.plan.build.internal.FetchStyleLoadPlanBuildingAssociationVisitationStrategy - Building LoadPlan...
20:19:29.421 [main] DEBUG org.hibernate.loader.plan.exec.internal.LoadQueryJoinAndFetchProcessor - processing queryspace <gen:0>
20:19:29.421 [main] DEBUG org.hibernate.loader.plan.build.spi.LoadPlanTreePrinter - LoadPlan(entity=io.swagger.model.TimePeriodType)
    - Returns
       - EntityReturnImpl(entity=io.swagger.model.TimePeriodType, querySpaceUid=<gen:0>, path=io.swagger.model.TimePeriodType)
    - QuerySpaces
       - EntityQuerySpaceImpl(uid=<gen:0>, entity=io.swagger.model.TimePeriodType)
          - SQL table alias mapping - timeperiod0_
          - alias suffix - 0_
          - suffixed key columns - {id1_23_0_}

20:19:29.421 [main] DEBUG org.hibernate.loader.entity.plan.EntityLoader - Static select for entity io.swagger.model.TimePeriodType [UPGRADE_NOWAIT]: select timeperiod0_.id as id1_23_0_, timeperiod0_.endDateTime as endDateT2_23_0_, timeperiod0_.startDateTime as startDat3_23_0_ from TimePeriodType timeperiod0_ where timeperiod0_.id=? for update
20:19:29.421 [main] DEBUG org.hibernate.loader.plan.build.internal.spaces.QuerySpacesImpl - Adding QuerySpace : uid = <gen:0> -> org.hibernate.loader.plan.build.internal.spaces.EntityQuerySpaceImpl@10cb050]
20:19:29.421 [main] DEBUG org.hibernate.persister.walking.spi.MetamodelGraphWalker - Visiting attribute path : endDateTime
20:19:29.421 [main] DEBUG org.hibernate.persister.walking.spi.MetamodelGraphWalker - Visiting attribute path : startDateTime
20:19:29.421 [main] DEBUG org.hibernate.loader.plan.build.internal.FetchStyleLoadPlanBuildingAssociationVisitationStrategy - Building LoadPlan...
20:19:29.421 [main] DEBUG org.hibernate.loader.plan.exec.internal.LoadQueryJoinAndFetchProcessor - processing queryspace <gen:0>
20:19:29.421 [main] DEBUG org.hibernate.loader.plan.build.spi.LoadPlanTreePrinter - LoadPlan(entity=io.swagger.model.TimePeriodType)
    - Returns
       - EntityReturnImpl(entity=io.swagger.model.TimePeriodType, querySpaceUid=<gen:0>, path=io.swagger.model.TimePeriodType)
    - QuerySpaces
       - EntityQuerySpaceImpl(uid=<gen:0>, entity=io.swagger.model.TimePeriodType)
          - SQL table alias mapping - timeperiod0_
          - alias suffix - 0_
          - suffixed key columns - {id1_23_0_}

20:19:29.422 [main] DEBUG org.hibernate.loader.entity.plan.EntityLoader - Static select for entity io.swagger.model.TimePeriodType [UPGRADE_SKIPLOCKED]: select timeperiod0_.id as id1_23_0_, timeperiod0_.endDateTime as endDateT2_23_0_, timeperiod0_.startDateTime as startDat3_23_0_ from TimePeriodType timeperiod0_ where timeperiod0_.id=? for update
20:19:29.422 [main] DEBUG org.hibernate.loader.plan.build.internal.spaces.QuerySpacesImpl - Adding QuerySpace : uid = <gen:0> -> org.hibernate.loader.plan.build.internal.spaces.EntityQuerySpaceImpl@4f7ba0af]
20:19:29.422 [main] DEBUG org.hibernate.persister.walking.spi.MetamodelGraphWalker - Visiting attribute path : endDateTime
20:19:29.422 [main] DEBUG org.hibernate.persister.walking.spi.MetamodelGraphWalker - Visiting attribute path : startDateTime
20:19:29.422 [main] DEBUG org.hibernate.loader.plan.build.internal.FetchStyleLoadPlanBuildingAssociationVisitationStrategy - Building LoadPlan...
20:19:29.422 [main] DEBUG org.hibernate.loader.plan.exec.internal.LoadQueryJoinAndFetchProcessor - processing queryspace <gen:0>
20:19:29.422 [main] DEBUG org.hibernate.loader.plan.build.spi.LoadPlanTreePrinter - LoadPlan(entity=io.swagger.model.TimePeriodType)
    - Returns
       - EntityReturnImpl(entity=io.swagger.model.TimePeriodType, querySpaceUid=<gen:0>, path=io.swagger.model.TimePeriodType)
    - QuerySpaces
       - EntityQuerySpaceImpl(uid=<gen:0>, entity=io.swagger.model.TimePeriodType)
          - SQL table alias mapping - timeperiod0_
          - alias suffix - 0_
          - suffixed key columns - {id1_23_0_}

20:19:29.423 [main] DEBUG org.hibernate.loader.entity.plan.EntityLoader - Static select for entity io.swagger.model.TimePeriodType [FORCE]: select timeperiod0_.id as id1_23_0_, timeperiod0_.endDateTime as endDateT2_23_0_, timeperiod0_.startDateTime as startDat3_23_0_ from TimePeriodType timeperiod0_ where timeperiod0_.id=? for update
20:19:29.423 [main] DEBUG org.hibernate.loader.plan.build.internal.spaces.QuerySpacesImpl - Adding QuerySpace : uid = <gen:0> -> org.hibernate.loader.plan.build.internal.spaces.EntityQuerySpaceImpl@3f4964f2]
20:19:29.423 [main] DEBUG org.hibernate.persister.walking.spi.MetamodelGraphWalker - Visiting attribute path : endDateTime
20:19:29.423 [main] DEBUG org.hibernate.persister.walking.spi.MetamodelGraphWalker - Visiting attribute path : startDateTime
20:19:29.423 [main] DEBUG org.hibernate.loader.plan.build.internal.FetchStyleLoadPlanBuildingAssociationVisitationStrategy - Building LoadPlan...
20:19:29.427 [main] DEBUG org.hibernate.loader.plan.exec.internal.LoadQueryJoinAndFetchProcessor - processing queryspace <gen:0>
20:19:29.427 [main] DEBUG org.hibernate.loader.plan.build.spi.LoadPlanTreePrinter - LoadPlan(entity=io.swagger.model.TimePeriodType)
    - Returns
       - EntityReturnImpl(entity=io.swagger.model.TimePeriodType, querySpaceUid=<gen:0>, path=io.swagger.model.TimePeriodType)
    - QuerySpaces
       - EntityQuerySpaceImpl(uid=<gen:0>, entity=io.swagger.model.TimePeriodType)
          - SQL table alias mapping - timeperiod0_
          - alias suffix - 0_
          - suffixed key columns - {id1_23_0_}

20:19:29.428 [main] DEBUG org.hibernate.loader.entity.plan.EntityLoader - Static select for entity io.swagger.model.TimePeriodType [PESSIMISTIC_READ]: select timeperiod0_.id as id1_23_0_, timeperiod0_.endDateTime as endDateT2_23_0_, timeperiod0_.startDateTime as startDat3_23_0_ from TimePeriodType timeperiod0_ where timeperiod0_.id=? lock in share mode
20:19:29.428 [main] DEBUG org.hibernate.loader.plan.build.internal.spaces.QuerySpacesImpl - Adding QuerySpace : uid = <gen:0> -> org.hibernate.loader.plan.build.internal.spaces.EntityQuerySpaceImpl@299cab08]
20:19:29.428 [main] DEBUG org.hibernate.persister.walking.spi.MetamodelGraphWalker - Visiting attribute path : endDateTime
20:19:29.428 [main] DEBUG org.hibernate.persister.walking.spi.MetamodelGraphWalker - Visiting attribute path : startDateTime
20:19:29.428 [main] DEBUG org.hibernate.loader.plan.build.internal.FetchStyleLoadPlanBuildingAssociationVisitationStrategy - Building LoadPlan...
20:19:29.428 [main] DEBUG org.hibernate.loader.plan.exec.internal.LoadQueryJoinAndFetchProcessor - processing queryspace <gen:0>
20:19:29.429 [main] DEBUG org.hibernate.loader.plan.build.spi.LoadPlanTreePrinter - LoadPlan(entity=io.swagger.model.TimePeriodType)
    - Returns
       - EntityReturnImpl(entity=io.swagger.model.TimePeriodType, querySpaceUid=<gen:0>, path=io.swagger.model.TimePeriodType)
    - QuerySpaces
       - EntityQuerySpaceImpl(uid=<gen:0>, entity=io.swagger.model.TimePeriodType)
          - SQL table alias mapping - timeperiod0_
          - alias suffix - 0_
          - suffixed key columns - {id1_23_0_}

20:19:29.429 [main] DEBUG org.hibernate.loader.entity.plan.EntityLoader - Static select for entity io.swagger.model.TimePeriodType [PESSIMISTIC_WRITE]: select timeperiod0_.id as id1_23_0_, timeperiod0_.endDateTime as endDateT2_23_0_, timeperiod0_.startDateTime as startDat3_23_0_ from TimePeriodType timeperiod0_ where timeperiod0_.id=? for update
20:19:29.429 [main] DEBUG org.hibernate.loader.plan.build.internal.spaces.QuerySpacesImpl - Adding QuerySpace : uid = <gen:0> -> org.hibernate.loader.plan.build.internal.spaces.EntityQuerySpaceImpl@186f7434]
20:19:29.429 [main] DEBUG org.hibernate.persister.walking.spi.MetamodelGraphWalker - Visiting attribute path : endDateTime
20:19:29.429 [main] DEBUG org.hibernate.persister.walking.spi.MetamodelGraphWalker - Visiting attribute path : startDateTime
20:19:29.429 [main] DEBUG org.hibernate.loader.plan.build.internal.FetchStyleLoadPlanBuildingAssociationVisitationStrategy - Building LoadPlan...
20:19:29.430 [main] DEBUG org.hibernate.loader.plan.exec.internal.LoadQueryJoinAndFetchProcessor - processing queryspace <gen:0>
20:19:29.430 [main] DEBUG org.hibernate.loader.plan.build.spi.LoadPlanTreePrinter - LoadPlan(entity=io.swagger.model.TimePeriodType)
    - Returns
       - EntityReturnImpl(entity=io.swagger.model.TimePeriodType, querySpaceUid=<gen:0>, path=io.swagger.model.TimePeriodType)
    - QuerySpaces
       - EntityQuerySpaceImpl(uid=<gen:0>, entity=io.swagger.model.TimePeriodType)
          - SQL table alias mapping - timeperiod0_
          - alias suffix - 0_
          - suffixed key columns - {id1_23_0_}

20:19:29.430 [main] DEBUG org.hibernate.loader.entity.plan.EntityLoader - Static select for entity io.swagger.model.TimePeriodType [PESSIMISTIC_FORCE_INCREMENT]: select timeperiod0_.id as id1_23_0_, timeperiod0_.endDateTime as endDateT2_23_0_, timeperiod0_.startDateTime as startDat3_23_0_ from TimePeriodType timeperiod0_ where timeperiod0_.id=? for update
20:19:29.430 [main] DEBUG org.hibernate.loader.plan.build.internal.spaces.QuerySpacesImpl - Adding QuerySpace : uid = <gen:0> -> org.hibernate.loader.plan.build.internal.spaces.EntityQuerySpaceImpl@6ffc6ea7]
20:19:29.430 [main] DEBUG org.hibernate.persister.walking.spi.MetamodelGraphWalker - Visiting attribute path : endDateTime
20:19:29.430 [main] DEBUG org.hibernate.persister.walking.spi.MetamodelGraphWalker - Visiting attribute path : startDateTime
20:19:29.430 [main] DEBUG org.hibernate.loader.plan.build.internal.FetchStyleLoadPlanBuildingAssociationVisitationStrategy - Building LoadPlan...
20:19:29.430 [main] DEBUG org.hibernate.loader.plan.exec.internal.LoadQueryJoinAndFetchProcessor - processing queryspace <gen:0>
20:19:29.431 [main] DEBUG org.hibernate.loader.plan.build.spi.LoadPlanTreePrinter - LoadPlan(entity=io.swagger.model.TimePeriodType)
    - Returns
       - EntityReturnImpl(entity=io.swagger.model.TimePeriodType, querySpaceUid=<gen:0>, path=io.swagger.model.TimePeriodType)
    - QuerySpaces
       - EntityQuerySpaceImpl(uid=<gen:0>, entity=io.swagger.model.TimePeriodType)
          - SQL table alias mapping - timeperiod0_
          - alias suffix - 0_
          - suffixed key columns - {id1_23_0_}

20:19:29.431 [main] DEBUG org.hibernate.loader.entity.plan.EntityLoader - Static select for entity io.swagger.model.TimePeriodType [OPTIMISTIC]: select timeperiod0_.id as id1_23_0_, timeperiod0_.endDateTime as endDateT2_23_0_, timeperiod0_.startDateTime as startDat3_23_0_ from TimePeriodType timeperiod0_ where timeperiod0_.id=?
20:19:29.431 [main] DEBUG org.hibernate.loader.plan.build.internal.spaces.QuerySpacesImpl - Adding QuerySpace : uid = <gen:0> -> org.hibernate.loader.plan.build.internal.spaces.EntityQuerySpaceImpl@4ffa078d]
20:19:29.431 [main] DEBUG org.hibernate.persister.walking.spi.MetamodelGraphWalker - Visiting attribute path : endDateTime
20:19:29.431 [main] DEBUG org.hibernate.persister.walking.spi.MetamodelGraphWalker - Visiting attribute path : startDateTime
20:19:29.431 [main] DEBUG org.hibernate.loader.plan.build.internal.FetchStyleLoadPlanBuildingAssociationVisitationStrategy - Building LoadPlan...
20:19:29.431 [main] DEBUG org.hibernate.loader.plan.exec.internal.LoadQueryJoinAndFetchProcessor - processing queryspace <gen:0>
20:19:29.432 [main] DEBUG org.hibernate.loader.plan.build.spi.LoadPlanTreePrinter - LoadPlan(entity=io.swagger.model.TimePeriodType)
    - Returns
       - EntityReturnImpl(entity=io.swagger.model.TimePeriodType, querySpaceUid=<gen:0>, path=io.swagger.model.TimePeriodType)
    - QuerySpaces
       - EntityQuerySpaceImpl(uid=<gen:0>, entity=io.swagger.model.TimePeriodType)
          - SQL table alias mapping - timeperiod0_
          - alias suffix - 0_
          - suffixed key columns - {id1_23_0_}

20:19:29.432 [main] DEBUG org.hibernate.loader.entity.plan.EntityLoader - Static select for entity io.swagger.model.TimePeriodType [OPTIMISTIC_FORCE_INCREMENT]: select timeperiod0_.id as id1_23_0_, timeperiod0_.endDateTime as endDateT2_23_0_, timeperiod0_.startDateTime as startDat3_23_0_ from TimePeriodType timeperiod0_ where timeperiod0_.id=?
20:19:29.432 [main] DEBUG org.hibernate.loader.Loader - Static select for action ACTION_MERGE on entity io.swagger.model.TimePeriodType: select timeperiod0_.id as id1_23_0_, timeperiod0_.endDateTime as endDateT2_23_0_, timeperiod0_.startDateTime as startDat3_23_0_ from TimePeriodType timeperiod0_ where timeperiod0_.id=?
20:19:29.432 [main] DEBUG org.hibernate.loader.Loader - Static select for action ACTION_REFRESH on entity io.swagger.model.TimePeriodType: select timeperiod0_.id as id1_23_0_, timeperiod0_.endDateTime as endDateT2_23_0_, timeperiod0_.startDateTime as startDat3_23_0_ from TimePeriodType timeperiod0_ where timeperiod0_.id=?
20:19:29.438 [main] DEBUG org.hibernate.loader.plan.build.internal.spaces.QuerySpacesImpl - Adding QuerySpace : uid = <gen:0> -> org.hibernate.loader.plan.build.internal.spaces.CollectionQuerySpaceImpl@5d0e703a]
20:19:29.438 [main] DEBUG org.hibernate.loader.plan.build.internal.spaces.QuerySpacesImpl - Adding QuerySpace : uid = <gen:1> -> org.hibernate.loader.plan.build.internal.spaces.EntityQuerySpaceImpl@7f77e065]
20:19:29.439 [main] DEBUG org.hibernate.persister.walking.spi.MetamodelGraphWalker - Visiting attribute path : amount
20:19:29.440 [main] DEBUG org.hibernate.loader.plan.build.internal.spaces.QuerySpacesImpl - Adding QuerySpace : uid = <gen:2> -> org.hibernate.loader.plan.build.internal.spaces.EntityQuerySpaceImpl@74a5bef0]
20:19:29.440 [main] DEBUG org.hibernate.persister.walking.spi.MetamodelGraphWalker - Visiting attribute path : amount.amount
20:19:29.440 [main] DEBUG org.hibernate.persister.walking.spi.MetamodelGraphWalker - Visiting attribute path : amount.units
20:19:29.440 [main] DEBUG org.hibernate.persister.walking.spi.MetamodelGraphWalker - Visiting attribute path : item
20:19:29.440 [main] DEBUG org.hibernate.loader.plan.build.internal.spaces.QuerySpacesImpl - Adding QuerySpace : uid = <gen:3> -> org.hibernate.loader.plan.build.internal.spaces.EntityQuerySpaceImpl@570ed9c]
20:19:29.440 [main] DEBUG org.hibernate.persister.walking.spi.MetamodelGraphWalker - Visiting attribute path : item.description
20:19:29.440 [main] DEBUG org.hibernate.persister.walking.spi.MetamodelGraphWalker - Visiting attribute path : item.href
20:19:29.440 [main] DEBUG org.hibernate.persister.walking.spi.MetamodelGraphWalker - Visiting attribute path : item.name
20:19:29.440 [main] DEBUG org.hibernate.persister.walking.spi.MetamodelGraphWalker - Visiting attribute path : item.type
20:19:29.440 [main] DEBUG org.hibernate.persister.walking.spi.MetamodelGraphWalker - Visiting attribute path : taxAmount
20:19:29.440 [main] DEBUG org.hibernate.loader.plan.build.internal.spaces.QuerySpacesImpl - Adding QuerySpace : uid = <gen:4> -> org.hibernate.loader.plan.build.internal.spaces.EntityQuerySpaceImpl@5034681f]
20:19:29.440 [main] DEBUG org.hibernate.persister.walking.spi.MetamodelGraphWalker - Visiting attribute path : taxAmount.amount
20:19:29.440 [main] DEBUG org.hibernate.persister.walking.spi.MetamodelGraphWalker - Visiting attribute path : taxAmount.units
20:19:29.441 [main] DEBUG org.hibernate.persister.walking.spi.MetamodelGraphWalker - Visiting attribute path : totalAmount
20:19:29.441 [main] DEBUG org.hibernate.loader.plan.build.internal.spaces.QuerySpacesImpl - Adding QuerySpace : uid = <gen:5> -> org.hibernate.loader.plan.build.internal.spaces.EntityQuerySpaceImpl@1fe05fff]
20:19:29.441 [main] DEBUG org.hibernate.persister.walking.spi.MetamodelGraphWalker - Visiting attribute path : totalAmount.amount
20:19:29.441 [main] DEBUG org.hibernate.persister.walking.spi.MetamodelGraphWalker - Visiting attribute path : totalAmount.units
20:19:29.441 [main] DEBUG org.hibernate.loader.plan.build.internal.FetchStyleLoadPlanBuildingAssociationVisitationStrategy - Building LoadPlan...
20:19:29.443 [main] DEBUG org.hibernate.loader.plan.exec.internal.LoadQueryJoinAndFetchProcessor - processing queryspace <gen:0>
20:19:29.445 [main] DEBUG org.hibernate.loader.plan.build.spi.LoadPlanTreePrinter - LoadPlan(collection=io.swagger.model.PaymentType.paymentItem)
    - Returns
       - CollectionReturnImpl(collection=io.swagger.model.PaymentType.paymentItem, querySpaceUid=<gen:0>, path=[io.swagger.model.PaymentType.paymentItem])
          - (collection element) CollectionFetchableElementEntityGraph(entity=io.swagger.model.PaymentItemType, querySpaceUid=<gen:1>, path=[io.swagger.model.PaymentType.paymentItem].<elements>)
             - EntityAttributeFetchImpl(entity=io.swagger.model.MoneyType, querySpaceUid=<gen:2>, path=[io.swagger.model.PaymentType.paymentItem].<elements>.amount)
             - EntityAttributeFetchImpl(entity=io.swagger.model.EntityRefType, querySpaceUid=<gen:3>, path=[io.swagger.model.PaymentType.paymentItem].<elements>.item)
             - EntityAttributeFetchImpl(entity=io.swagger.model.MoneyType, querySpaceUid=<gen:4>, path=[io.swagger.model.PaymentType.paymentItem].<elements>.taxAmount)
             - EntityAttributeFetchImpl(entity=io.swagger.model.MoneyType, querySpaceUid=<gen:5>, path=[io.swagger.model.PaymentType.paymentItem].<elements>.totalAmount)
    - QuerySpaces
       - CollectionQuerySpaceImpl(uid=<gen:0>, collection=io.swagger.model.PaymentType.paymentItem)
          - SQL table alias mapping - paymentite0_
          - alias suffix - 0_
          - suffixed key columns - {PaymentT1_15_0_}
          - entity-element alias suffix - 1_
          - 1_entity-element suffixed key columns - id1_10_1_
          - JOIN (JoinDefinedByMetadata(elements)) : <gen:0> -> <gen:1>
             - EntityQuerySpaceImpl(uid=<gen:1>, entity=io.swagger.model.PaymentItemType)
                - SQL table alias mapping - paymentite1_
                - alias suffix - 1_
                - suffixed key columns - {id1_10_1_}
                - JOIN (JoinDefinedByMetadata(amount)) : <gen:1> -> <gen:2>
                   - EntityQuerySpaceImpl(uid=<gen:2>, entity=io.swagger.model.MoneyType)
                      - SQL table alias mapping - moneytype2_
                      - alias suffix - 2_
                      - suffixed key columns - {id1_9_2_}
                - JOIN (JoinDefinedByMetadata(item)) : <gen:1> -> <gen:3>
                   - EntityQuerySpaceImpl(uid=<gen:3>, entity=io.swagger.model.EntityRefType)
                      - SQL table alias mapping - entityreft3_
                      - alias suffix - 3_
                      - suffixed key columns - {id1_8_3_}
                - JOIN (JoinDefinedByMetadata(taxAmount)) : <gen:1> -> <gen:4>
                   - EntityQuerySpaceImpl(uid=<gen:4>, entity=io.swagger.model.MoneyType)
                      - SQL table alias mapping - moneytype4_
                      - alias suffix - 4_
                      - suffixed key columns - {id1_9_4_}
                - JOIN (JoinDefinedByMetadata(totalAmount)) : <gen:1> -> <gen:5>
                   - EntityQuerySpaceImpl(uid=<gen:5>, entity=io.swagger.model.MoneyType)
                      - SQL table alias mapping - moneytype5_
                      - alias suffix - 5_
                      - suffixed key columns - {id1_9_5_}

20:19:29.445 [main] DEBUG org.hibernate.loader.collection.plan.CollectionLoader - Static select for collection io.swagger.model.PaymentType.paymentItem: select paymentite0_.PaymentType_id as PaymentT1_15_0_, paymentite0_.paymentItem_id as paymentI2_15_0_, paymentite1_.id as id1_10_1_, paymentite1_.amount_id as amount_i2_10_1_, paymentite1_.item_id as item_id3_10_1_, paymentite1_.taxAmount_id as taxAmoun4_10_1_, paymentite1_.totalAmount_id as totalAmo5_10_1_, moneytype2_.id as id1_9_2_, moneytype2_.amount as amount2_9_2_, moneytype2_.units as units3_9_2_, entityreft3_.id as id1_8_3_, entityreft3_.description as descript2_8_3_, entityreft3_.href as href3_8_3_, entityreft3_.name as name4_8_3_, entityreft3_.type as type5_8_3_, moneytype4_.id as id1_9_4_, moneytype4_.amount as amount2_9_4_, moneytype4_.units as units3_9_4_, moneytype5_.id as id1_9_5_, moneytype5_.amount as amount2_9_5_, moneytype5_.units as units3_9_5_ from PaymentType_PaymentItemType paymentite0_ inner join PaymentItemType paymentite1_ on paymentite0_.paymentItem_id=paymentite1_.id left outer join MoneyType moneytype2_ on paymentite1_.amount_id=moneytype2_.id left outer join EntityRefType entityreft3_ on paymentite1_.item_id=entityreft3_.id left outer join MoneyType moneytype4_ on paymentite1_.taxAmount_id=moneytype4_.id left outer join MoneyType moneytype5_ on paymentite1_.totalAmount_id=moneytype5_.id where paymentite0_.PaymentType_id=?
20:19:29.445 [main] DEBUG org.hibernate.loader.plan.build.internal.spaces.QuerySpacesImpl - Adding QuerySpace : uid = <gen:0> -> org.hibernate.loader.plan.build.internal.spaces.CollectionQuerySpaceImpl@573870cb]
20:19:29.445 [main] DEBUG org.hibernate.loader.plan.build.internal.spaces.QuerySpacesImpl - Adding QuerySpace : uid = <gen:1> -> org.hibernate.loader.plan.build.internal.spaces.EntityQuerySpaceImpl@5b88af70]
20:19:29.446 [main] DEBUG org.hibernate.persister.walking.spi.MetamodelGraphWalker - Visiting attribute path : authorizationCode
20:19:29.446 [main] DEBUG org.hibernate.persister.walking.spi.MetamodelGraphWalker - Visiting attribute path : description
20:19:29.446 [main] DEBUG org.hibernate.persister.walking.spi.MetamodelGraphWalker - Visiting attribute path : href
20:19:29.446 [main] DEBUG org.hibernate.persister.walking.spi.MetamodelGraphWalker - Visiting attribute path : name
20:19:29.446 [main] DEBUG org.hibernate.persister.walking.spi.MetamodelGraphWalker - Visiting attribute path : preferred
20:19:29.446 [main] DEBUG org.hibernate.persister.walking.spi.MetamodelGraphWalker - Visiting attribute path : relatedParty
20:19:29.446 [main] DEBUG org.hibernate.loader.plan.build.internal.spaces.QuerySpacesImpl - Adding QuerySpace : uid = <gen:2> -> org.hibernate.loader.plan.build.internal.spaces.CollectionQuerySpaceImpl@3d98729a]
20:19:29.446 [main] DEBUG org.hibernate.loader.plan.build.internal.spaces.QuerySpacesImpl - Adding QuerySpace : uid = <gen:3> -> org.hibernate.loader.plan.build.internal.spaces.EntityQuerySpaceImpl@2375a976]
20:19:29.446 [main] DEBUG org.hibernate.persister.walking.spi.MetamodelGraphWalker - Visiting attribute path : status
20:19:29.446 [main] DEBUG org.hibernate.persister.walking.spi.MetamodelGraphWalker - Visiting attribute path : statusDate
20:19:29.446 [main] DEBUG org.hibernate.persister.walking.spi.MetamodelGraphWalker - Visiting attribute path : type
20:19:29.446 [main] DEBUG org.hibernate.persister.walking.spi.MetamodelGraphWalker - Visiting attribute path : validFor
20:19:29.446 [main] DEBUG org.hibernate.loader.plan.build.internal.spaces.QuerySpacesImpl - Adding QuerySpace : uid = <gen:4> -> org.hibernate.loader.plan.build.internal.spaces.EntityQuerySpaceImpl@4bc21e34]
20:19:29.446 [main] DEBUG org.hibernate.persister.walking.spi.MetamodelGraphWalker - Visiting attribute path : validFor.endDateTime
20:19:29.446 [main] DEBUG org.hibernate.persister.walking.spi.MetamodelGraphWalker - Visiting attribute path : validFor.startDateTime
20:19:29.446 [main] DEBUG org.hibernate.loader.plan.build.internal.FetchStyleLoadPlanBuildingAssociationVisitationStrategy - Building LoadPlan...
20:19:29.446 [main] DEBUG org.hibernate.loader.plan.exec.internal.LoadQueryJoinAndFetchProcessor - processing queryspace <gen:0>
20:19:29.447 [main] DEBUG org.hibernate.loader.plan.build.spi.LoadPlanTreePrinter - LoadPlan(collection=io.swagger.model.RefundRequestType.paymentMethod)
    - Returns
       - CollectionReturnImpl(collection=io.swagger.model.RefundRequestType.paymentMethod, querySpaceUid=<gen:0>, path=[io.swagger.model.RefundRequestType.paymentMethod])
          - (collection element) CollectionFetchableElementEntityGraph(entity=io.swagger.model.PaymentMethodType, querySpaceUid=<gen:1>, path=[io.swagger.model.RefundRequestType.paymentMethod].<elements>)
             - CollectionAttributeFetchImpl(collection=io.swagger.model.PaymentMethodType.relatedParty, querySpaceUid=<gen:2>, path=[io.swagger.model.RefundRequestType.paymentMethod].<elements>.relatedParty)
                - (collection element) CollectionFetchableElementEntityGraph(entity=io.swagger.model.RelatedPartyRefType, querySpaceUid=<gen:3>, path=[io.swagger.model.RefundRequestType.paymentMethod].<elements>.relatedParty.<elements>)
             - EntityAttributeFetchImpl(entity=io.swagger.model.TimePeriodType, querySpaceUid=<gen:4>, path=[io.swagger.model.RefundRequestType.paymentMethod].<elements>.validFor)
    - QuerySpaces
       - CollectionQuerySpaceImpl(uid=<gen:0>, collection=io.swagger.model.RefundRequestType.paymentMethod)
          - SQL table alias mapping - paymentmet0_
          - alias suffix - 0_
          - suffixed key columns - {RefundRe1_19_0_}
          - entity-element alias suffix - 1_
          - 1_entity-element suffixed key columns - id1_11_1_
          - JOIN (JoinDefinedByMetadata(elements)) : <gen:0> -> <gen:1>
             - EntityQuerySpaceImpl(uid=<gen:1>, entity=io.swagger.model.PaymentMethodType)
                - SQL table alias mapping - paymentmet1_
                - alias suffix - 1_
                - suffixed key columns - {id1_11_1_}
                - JOIN (JoinDefinedByMetadata(validFor)) : <gen:1> -> <gen:4>
                   - EntityQuerySpaceImpl(uid=<gen:4>, entity=io.swagger.model.TimePeriodType)
                      - SQL table alias mapping - timeperiod2_
                      - alias suffix - 2_
                      - suffixed key columns - {id1_23_2_}

20:19:29.447 [main] DEBUG org.hibernate.loader.collection.plan.CollectionLoader - Static select for collection io.swagger.model.RefundRequestType.paymentMethod: select paymentmet0_.RefundRequestType_correlatorId as RefundRe1_19_0_, paymentmet0_.paymentMethod_id as paymentM2_19_0_, paymentmet1_.id as id1_11_1_, paymentmet1_.authorizationCode as authoriz2_11_1_, paymentmet1_.description as descript3_11_1_, paymentmet1_.href as href4_11_1_, paymentmet1_.name as name5_11_1_, paymentmet1_.preferred as preferre6_11_1_, paymentmet1_.status as status7_11_1_, paymentmet1_.statusDate as statusDa8_11_1_, paymentmet1_.type as type9_11_1_, paymentmet1_.validFor_id as validFo10_11_1_, timeperiod2_.id as id1_23_2_, timeperiod2_.endDateTime as endDateT2_23_2_, timeperiod2_.startDateTime as startDat3_23_2_ from RefundRequestType_PaymentMethodType paymentmet0_ inner join PaymentMethodType paymentmet1_ on paymentmet0_.paymentMethod_id=paymentmet1_.id left outer join TimePeriodType timeperiod2_ on paymentmet1_.validFor_id=timeperiod2_.id where paymentmet0_.RefundRequestType_correlatorId=?
20:19:29.447 [main] DEBUG org.hibernate.loader.plan.build.internal.spaces.QuerySpacesImpl - Adding QuerySpace : uid = <gen:0> -> org.hibernate.loader.plan.build.internal.spaces.CollectionQuerySpaceImpl@bb6869a]
20:19:29.447 [main] DEBUG org.hibernate.loader.plan.build.internal.spaces.QuerySpacesImpl - Adding QuerySpace : uid = <gen:1> -> org.hibernate.loader.plan.build.internal.spaces.EntityQuerySpaceImpl@506b083]
20:19:29.447 [main] DEBUG org.hibernate.persister.walking.spi.MetamodelGraphWalker - Visiting attribute path : authorizationCode
20:19:29.447 [main] DEBUG org.hibernate.persister.walking.spi.MetamodelGraphWalker - Visiting attribute path : description
20:19:29.447 [main] DEBUG org.hibernate.persister.walking.spi.MetamodelGraphWalker - Visiting attribute path : href
20:19:29.447 [main] DEBUG org.hibernate.persister.walking.spi.MetamodelGraphWalker - Visiting attribute path : name
20:19:29.447 [main] DEBUG org.hibernate.persister.walking.spi.MetamodelGraphWalker - Visiting attribute path : preferred
20:19:29.447 [main] DEBUG org.hibernate.persister.walking.spi.MetamodelGraphWalker - Visiting attribute path : relatedParty
20:19:29.447 [main] DEBUG org.hibernate.loader.plan.build.internal.spaces.QuerySpacesImpl - Adding QuerySpace : uid = <gen:2> -> org.hibernate.loader.plan.build.internal.spaces.CollectionQuerySpaceImpl@3573e19d]
20:19:29.447 [main] DEBUG org.hibernate.loader.plan.build.internal.spaces.QuerySpacesImpl - Adding QuerySpace : uid = <gen:3> -> org.hibernate.loader.plan.build.internal.spaces.EntityQuerySpaceImpl@5c1dd18]
20:19:29.447 [main] DEBUG org.hibernate.persister.walking.spi.MetamodelGraphWalker - Visiting attribute path : status
20:19:29.447 [main] DEBUG org.hibernate.persister.walking.spi.MetamodelGraphWalker - Visiting attribute path : statusDate
20:19:29.447 [main] DEBUG org.hibernate.persister.walking.spi.MetamodelGraphWalker - Visiting attribute path : type
20:19:29.447 [main] DEBUG org.hibernate.persister.walking.spi.MetamodelGraphWalker - Visiting attribute path : validFor
20:19:29.448 [main] DEBUG org.hibernate.loader.plan.build.internal.spaces.QuerySpacesImpl - Adding QuerySpace : uid = <gen:4> -> org.hibernate.loader.plan.build.internal.spaces.EntityQuerySpaceImpl@2a6dbb7c]
20:19:29.448 [main] DEBUG org.hibernate.persister.walking.spi.MetamodelGraphWalker - Visiting attribute path : validFor.endDateTime
20:19:29.448 [main] DEBUG org.hibernate.persister.walking.spi.MetamodelGraphWalker - Visiting attribute path : validFor.startDateTime
20:19:29.448 [main] DEBUG org.hibernate.loader.plan.build.internal.FetchStyleLoadPlanBuildingAssociationVisitationStrategy - Building LoadPlan...
20:19:29.448 [main] DEBUG org.hibernate.loader.plan.exec.internal.LoadQueryJoinAndFetchProcessor - processing queryspace <gen:0>
20:19:29.449 [main] DEBUG org.hibernate.loader.plan.build.spi.LoadPlanTreePrinter - LoadPlan(collection=io.swagger.model.RefundType.paymentMethod)
    - Returns
       - CollectionReturnImpl(collection=io.swagger.model.RefundType.paymentMethod, querySpaceUid=<gen:0>, path=[io.swagger.model.RefundType.paymentMethod])
          - (collection element) CollectionFetchableElementEntityGraph(entity=io.swagger.model.PaymentMethodType, querySpaceUid=<gen:1>, path=[io.swagger.model.RefundType.paymentMethod].<elements>)
             - CollectionAttributeFetchImpl(collection=io.swagger.model.PaymentMethodType.relatedParty, querySpaceUid=<gen:2>, path=[io.swagger.model.RefundType.paymentMethod].<elements>.relatedParty)
                - (collection element) CollectionFetchableElementEntityGraph(entity=io.swagger.model.RelatedPartyRefType, querySpaceUid=<gen:3>, path=[io.swagger.model.RefundType.paymentMethod].<elements>.relatedParty.<elements>)
             - EntityAttributeFetchImpl(entity=io.swagger.model.TimePeriodType, querySpaceUid=<gen:4>, path=[io.swagger.model.RefundType.paymentMethod].<elements>.validFor)
    - QuerySpaces
       - CollectionQuerySpaceImpl(uid=<gen:0>, collection=io.swagger.model.RefundType.paymentMethod)
          - SQL table alias mapping - paymentmet0_
          - alias suffix - 0_
          - suffixed key columns - {RefundTy1_21_0_}
          - entity-element alias suffix - 1_
          - 1_entity-element suffixed key columns - id1_11_1_
          - JOIN (JoinDefinedByMetadata(elements)) : <gen:0> -> <gen:1>
             - EntityQuerySpaceImpl(uid=<gen:1>, entity=io.swagger.model.PaymentMethodType)
                - SQL table alias mapping - paymentmet1_
                - alias suffix - 1_
                - suffixed key columns - {id1_11_1_}
                - JOIN (JoinDefinedByMetadata(validFor)) : <gen:1> -> <gen:4>
                   - EntityQuerySpaceImpl(uid=<gen:4>, entity=io.swagger.model.TimePeriodType)
                      - SQL table alias mapping - timeperiod2_
                      - alias suffix - 2_
                      - suffixed key columns - {id1_23_2_}

20:19:29.449 [main] DEBUG org.hibernate.loader.collection.plan.CollectionLoader - Static select for collection io.swagger.model.RefundType.paymentMethod: select paymentmet0_.RefundType_id as RefundTy1_21_0_, paymentmet0_.paymentMethod_id as paymentM2_21_0_, paymentmet1_.id as id1_11_1_, paymentmet1_.authorizationCode as authoriz2_11_1_, paymentmet1_.description as descript3_11_1_, paymentmet1_.href as href4_11_1_, paymentmet1_.name as name5_11_1_, paymentmet1_.preferred as preferre6_11_1_, paymentmet1_.status as status7_11_1_, paymentmet1_.statusDate as statusDa8_11_1_, paymentmet1_.type as type9_11_1_, paymentmet1_.validFor_id as validFo10_11_1_, timeperiod2_.id as id1_23_2_, timeperiod2_.endDateTime as endDateT2_23_2_, timeperiod2_.startDateTime as startDat3_23_2_ from RefundType_PaymentMethodType paymentmet0_ inner join PaymentMethodType paymentmet1_ on paymentmet0_.paymentMethod_id=paymentmet1_.id left outer join TimePeriodType timeperiod2_ on paymentmet1_.validFor_id=timeperiod2_.id where paymentmet0_.RefundType_id=?
20:19:29.449 [main] DEBUG org.hibernate.loader.plan.build.internal.spaces.QuerySpacesImpl - Adding QuerySpace : uid = <gen:0> -> org.hibernate.loader.plan.build.internal.spaces.CollectionQuerySpaceImpl@7b2d58e6]
20:19:29.449 [main] DEBUG org.hibernate.loader.plan.build.internal.spaces.QuerySpacesImpl - Adding QuerySpace : uid = <gen:1> -> org.hibernate.loader.plan.build.internal.spaces.EntityQuerySpaceImpl@708f7386]
20:19:29.449 [main] DEBUG org.hibernate.persister.walking.spi.MetamodelGraphWalker - Visiting attribute path : href
20:19:29.449 [main] DEBUG org.hibernate.persister.walking.spi.MetamodelGraphWalker - Visiting attribute path : name
20:19:29.449 [main] DEBUG org.hibernate.persister.walking.spi.MetamodelGraphWalker - Visiting attribute path : role
20:19:29.449 [main] DEBUG org.hibernate.loader.plan.build.internal.FetchStyleLoadPlanBuildingAssociationVisitationStrategy - Building LoadPlan...
20:19:29.449 [main] DEBUG org.hibernate.loader.plan.exec.internal.LoadQueryJoinAndFetchProcessor - processing queryspace <gen:0>
20:19:29.449 [main] DEBUG org.hibernate.loader.plan.build.spi.LoadPlanTreePrinter - LoadPlan(collection=io.swagger.model.PaymentMethodType.relatedParty)
    - Returns
       - CollectionReturnImpl(collection=io.swagger.model.PaymentMethodType.relatedParty, querySpaceUid=<gen:0>, path=[io.swagger.model.PaymentMethodType.relatedParty])
          - (collection element) CollectionFetchableElementEntityGraph(entity=io.swagger.model.RelatedPartyRefType, querySpaceUid=<gen:1>, path=[io.swagger.model.PaymentMethodType.relatedParty].<elements>)
    - QuerySpaces
       - CollectionQuerySpaceImpl(uid=<gen:0>, collection=io.swagger.model.PaymentMethodType.relatedParty)
          - SQL table alias mapping - relatedpar0_
          - alias suffix - 0_
          - suffixed key columns - {PaymentM1_12_0_}
          - entity-element alias suffix - 1_
          - 1_entity-element suffixed key columns - id1_22_1_
          - JOIN (JoinDefinedByMetadata(elements)) : <gen:0> -> <gen:1>
             - EntityQuerySpaceImpl(uid=<gen:1>, entity=io.swagger.model.RelatedPartyRefType)
                - SQL table alias mapping - relatedpar1_
                - alias suffix - 1_
                - suffixed key columns - {id1_22_1_}

20:19:29.449 [main] DEBUG org.hibernate.loader.collection.plan.CollectionLoader - Static select for collection io.swagger.model.PaymentMethodType.relatedParty: select relatedpar0_.PaymentMethodType_id as PaymentM1_12_0_, relatedpar0_.relatedParty_id as relatedP2_12_0_, relatedpar1_.id as id1_22_1_, relatedpar1_.href as href2_22_1_, relatedpar1_.name as name3_22_1_, relatedpar1_.role as role4_22_1_ from PaymentMethodType_RelatedPartyRefType relatedpar0_ inner join RelatedPartyRefType relatedpar1_ on relatedpar0_.relatedParty_id=relatedpar1_.id where relatedpar0_.PaymentMethodType_id=?
20:19:29.450 [main] DEBUG org.hibernate.loader.plan.build.internal.spaces.QuerySpacesImpl - Adding QuerySpace : uid = <gen:0> -> org.hibernate.loader.plan.build.internal.spaces.CollectionQuerySpaceImpl@36cf16a6]
20:19:29.450 [main] DEBUG org.hibernate.loader.plan.build.internal.spaces.QuerySpacesImpl - Adding QuerySpace : uid = <gen:1> -> org.hibernate.loader.plan.build.internal.spaces.EntityQuerySpaceImpl@3dd750ba]
20:19:29.450 [main] DEBUG org.hibernate.persister.walking.spi.MetamodelGraphWalker - Visiting attribute path : amount
20:19:29.450 [main] DEBUG org.hibernate.persister.walking.spi.MetamodelGraphWalker - Visiting attribute path : maximum
20:19:29.450 [main] DEBUG org.hibernate.persister.walking.spi.MetamodelGraphWalker - Visiting attribute path : minimum
20:19:29.450 [main] DEBUG org.hibernate.persister.walking.spi.MetamodelGraphWalker - Visiting attribute path : units
20:19:29.450 [main] DEBUG org.hibernate.loader.plan.build.internal.FetchStyleLoadPlanBuildingAssociationVisitationStrategy - Building LoadPlan...
20:19:29.450 [main] DEBUG org.hibernate.loader.plan.exec.internal.LoadQueryJoinAndFetchProcessor - processing queryspace <gen:0>
20:19:29.450 [main] DEBUG org.hibernate.loader.plan.build.spi.LoadPlanTreePrinter - LoadPlan(collection=io.swagger.model.VoucherType.value)
    - Returns
       - CollectionReturnImpl(collection=io.swagger.model.VoucherType.value, querySpaceUid=<gen:0>, path=[io.swagger.model.VoucherType.value])
          - (collection element) CollectionFetchableElementEntityGraph(entity=io.swagger.model.QuantityType, querySpaceUid=<gen:1>, path=[io.swagger.model.VoucherType.value].<elements>)
    - QuerySpaces
       - CollectionQuerySpaceImpl(uid=<gen:0>, collection=io.swagger.model.VoucherType.value)
          - SQL table alias mapping - value0_
          - alias suffix - 0_
          - suffixed key columns - {VoucherT1_26_0_}
          - entity-element alias suffix - 1_
          - 1_entity-element suffixed key columns - id1_17_1_
          - JOIN (JoinDefinedByMetadata(elements)) : <gen:0> -> <gen:1>
             - EntityQuerySpaceImpl(uid=<gen:1>, entity=io.swagger.model.QuantityType)
                - SQL table alias mapping - quantityty1_
                - alias suffix - 1_
                - suffixed key columns - {id1_17_1_}

20:19:29.450 [main] DEBUG org.hibernate.loader.collection.plan.CollectionLoader - Static select for collection io.swagger.model.VoucherType.value: select value0_.VoucherType_id as VoucherT1_26_0_, value0_.value_id as value_id2_26_0_, quantityty1_.id as id1_17_1_, quantityty1_.amount as amount2_17_1_, quantityty1_.maximum as maximum3_17_1_, quantityty1_.minimum as minimum4_17_1_, quantityty1_.units as units5_17_1_ from VoucherType_QuantityType value0_ inner join QuantityType quantityty1_ on value0_.value_id=quantityty1_.id where value0_.VoucherType_id=?
20:19:29.450 [main] DEBUG org.hibernate.loader.plan.build.internal.spaces.QuerySpacesImpl - Adding QuerySpace : uid = <gen:0> -> org.hibernate.loader.plan.build.internal.spaces.CollectionQuerySpaceImpl@33eab2e8]
20:19:29.450 [main] DEBUG org.hibernate.loader.plan.build.internal.spaces.QuerySpacesImpl - Adding QuerySpace : uid = <gen:1> -> org.hibernate.loader.plan.build.internal.spaces.EntityQuerySpaceImpl@34bf66af]
20:19:29.451 [main] DEBUG org.hibernate.persister.walking.spi.MetamodelGraphWalker - Visiting attribute path : authorizationCode
20:19:29.451 [main] DEBUG org.hibernate.persister.walking.spi.MetamodelGraphWalker - Visiting attribute path : description
20:19:29.451 [main] DEBUG org.hibernate.persister.walking.spi.MetamodelGraphWalker - Visiting attribute path : href
20:19:29.451 [main] DEBUG org.hibernate.persister.walking.spi.MetamodelGraphWalker - Visiting attribute path : name
20:19:29.451 [main] DEBUG org.hibernate.persister.walking.spi.MetamodelGraphWalker - Visiting attribute path : preferred
20:19:29.451 [main] DEBUG org.hibernate.persister.walking.spi.MetamodelGraphWalker - Visiting attribute path : relatedParty
20:19:29.451 [main] DEBUG org.hibernate.loader.plan.build.internal.spaces.QuerySpacesImpl - Adding QuerySpace : uid = <gen:2> -> org.hibernate.loader.plan.build.internal.spaces.CollectionQuerySpaceImpl@5bf7f15f]
20:19:29.451 [main] DEBUG org.hibernate.loader.plan.build.internal.spaces.QuerySpacesImpl - Adding QuerySpace : uid = <gen:3> -> org.hibernate.loader.plan.build.internal.spaces.EntityQuerySpaceImpl@14b26e90]
20:19:29.451 [main] DEBUG org.hibernate.persister.walking.spi.MetamodelGraphWalker - Visiting attribute path : status
20:19:29.451 [main] DEBUG org.hibernate.persister.walking.spi.MetamodelGraphWalker - Visiting attribute path : statusDate
20:19:29.451 [main] DEBUG org.hibernate.persister.walking.spi.MetamodelGraphWalker - Visiting attribute path : type
20:19:29.451 [main] DEBUG org.hibernate.persister.walking.spi.MetamodelGraphWalker - Visiting attribute path : validFor
20:19:29.451 [main] DEBUG org.hibernate.loader.plan.build.internal.spaces.QuerySpacesImpl - Adding QuerySpace : uid = <gen:4> -> org.hibernate.loader.plan.build.internal.spaces.EntityQuerySpaceImpl@11309dd4]
20:19:29.451 [main] DEBUG org.hibernate.persister.walking.spi.MetamodelGraphWalker - Visiting attribute path : validFor.endDateTime
20:19:29.451 [main] DEBUG org.hibernate.persister.walking.spi.MetamodelGraphWalker - Visiting attribute path : validFor.startDateTime
20:19:29.451 [main] DEBUG org.hibernate.loader.plan.build.internal.FetchStyleLoadPlanBuildingAssociationVisitationStrategy - Building LoadPlan...
20:19:29.451 [main] DEBUG org.hibernate.loader.plan.exec.internal.LoadQueryJoinAndFetchProcessor - processing queryspace <gen:0>
20:19:29.452 [main] DEBUG org.hibernate.loader.plan.build.spi.LoadPlanTreePrinter - LoadPlan(collection=io.swagger.model.PaymentType.paymentMethod)
    - Returns
       - CollectionReturnImpl(collection=io.swagger.model.PaymentType.paymentMethod, querySpaceUid=<gen:0>, path=[io.swagger.model.PaymentType.paymentMethod])
          - (collection element) CollectionFetchableElementEntityGraph(entity=io.swagger.model.PaymentMethodType, querySpaceUid=<gen:1>, path=[io.swagger.model.PaymentType.paymentMethod].<elements>)
             - CollectionAttributeFetchImpl(collection=io.swagger.model.PaymentMethodType.relatedParty, querySpaceUid=<gen:2>, path=[io.swagger.model.PaymentType.paymentMethod].<elements>.relatedParty)
                - (collection element) CollectionFetchableElementEntityGraph(entity=io.swagger.model.RelatedPartyRefType, querySpaceUid=<gen:3>, path=[io.swagger.model.PaymentType.paymentMethod].<elements>.relatedParty.<elements>)
             - EntityAttributeFetchImpl(entity=io.swagger.model.TimePeriodType, querySpaceUid=<gen:4>, path=[io.swagger.model.PaymentType.paymentMethod].<elements>.validFor)
    - QuerySpaces
       - CollectionQuerySpaceImpl(uid=<gen:0>, collection=io.swagger.model.PaymentType.paymentMethod)
          - SQL table alias mapping - paymentmet0_
          - alias suffix - 0_
          - suffixed key columns - {PaymentT1_16_0_}
          - entity-element alias suffix - 1_
          - 1_entity-element suffixed key columns - id1_11_1_
          - JOIN (JoinDefinedByMetadata(elements)) : <gen:0> -> <gen:1>
             - EntityQuerySpaceImpl(uid=<gen:1>, entity=io.swagger.model.PaymentMethodType)
                - SQL table alias mapping - paymentmet1_
                - alias suffix - 1_
                - suffixed key columns - {id1_11_1_}
                - JOIN (JoinDefinedByMetadata(validFor)) : <gen:1> -> <gen:4>
                   - EntityQuerySpaceImpl(uid=<gen:4>, entity=io.swagger.model.TimePeriodType)
                      - SQL table alias mapping - timeperiod2_
                      - alias suffix - 2_
                      - suffixed key columns - {id1_23_2_}

20:19:29.452 [main] DEBUG org.hibernate.loader.collection.plan.CollectionLoader - Static select for collection io.swagger.model.PaymentType.paymentMethod: select paymentmet0_.PaymentType_id as PaymentT1_16_0_, paymentmet0_.paymentMethod_id as paymentM2_16_0_, paymentmet1_.id as id1_11_1_, paymentmet1_.authorizationCode as authoriz2_11_1_, paymentmet1_.description as descript3_11_1_, paymentmet1_.href as href4_11_1_, paymentmet1_.name as name5_11_1_, paymentmet1_.preferred as preferre6_11_1_, paymentmet1_.status as status7_11_1_, paymentmet1_.statusDate as statusDa8_11_1_, paymentmet1_.type as type9_11_1_, paymentmet1_.validFor_id as validFo10_11_1_, timeperiod2_.id as id1_23_2_, timeperiod2_.endDateTime as endDateT2_23_2_, timeperiod2_.startDateTime as startDat3_23_2_ from PaymentType_PaymentMethodType paymentmet0_ inner join PaymentMethodType paymentmet1_ on paymentmet0_.paymentMethod_id=paymentmet1_.id left outer join TimePeriodType timeperiod2_ on paymentmet1_.validFor_id=timeperiod2_.id where paymentmet0_.PaymentType_id=?
20:19:29.452 [main] DEBUG org.hibernate.internal.SessionFactoryImpl - Instantiated session factory
20:19:29.456 [main] INFO org.hibernate.tool.hbm2ddl.SchemaUpdate - HHH000228: Running hbm2ddl schema update
20:19:29.560 [main] INFO org.hibernate.tool.schema.extract.internal.InformationExtractorJdbcDatabaseMetaDataImpl - HHH000262: Table not found: AccountRefType
20:19:29.646 [main] DEBUG org.hibernate.mapping.Table - No alter strings for table : AccountRefType
20:19:29.647 [main] INFO org.hibernate.tool.schema.extract.internal.InformationExtractorJdbcDatabaseMetaDataImpl - HHH000262: Table not found: BankAccountDebitType
20:19:29.706 [main] DEBUG org.hibernate.mapping.Table - No alter strings for table : BankAccountDebitType
20:19:29.707 [main] INFO org.hibernate.tool.schema.extract.internal.InformationExtractorJdbcDatabaseMetaDataImpl - HHH000262: Table not found: BankAccountTransferType
20:19:29.748 [main] DEBUG org.hibernate.mapping.Table - No alter strings for table : BankAccountTransferType
20:19:29.749 [main] INFO org.hibernate.tool.schema.extract.internal.InformationExtractorJdbcDatabaseMetaDataImpl - HHH000262: Table not found: BankCardType
20:19:29.806 [main] DEBUG org.hibernate.mapping.Table - No alter strings for table : BankCardType
20:19:29.811 [main] INFO org.hibernate.tool.schema.extract.internal.InformationExtractorJdbcDatabaseMetaDataImpl - HHH000262: Table not found: CashType
20:19:29.843 [main] DEBUG org.hibernate.mapping.Table - No alter strings for table : CashType
20:19:29.845 [main] INFO org.hibernate.tool.schema.extract.internal.InformationExtractorJdbcDatabaseMetaDataImpl - HHH000262: Table not found: ChannelRefType
20:19:29.880 [main] DEBUG org.hibernate.mapping.Table - No alter strings for table : ChannelRefType
20:19:29.883 [main] INFO org.hibernate.tool.schema.extract.internal.InformationExtractorJdbcDatabaseMetaDataImpl - HHH000262: Table not found: CheckType
20:19:29.919 [main] DEBUG org.hibernate.mapping.Table - No alter strings for table : CheckType
20:19:29.920 [main] INFO org.hibernate.tool.schema.extract.internal.InformationExtractorJdbcDatabaseMetaDataImpl - HHH000262: Table not found: DigitalWalletType
20:19:29.951 [main] DEBUG org.hibernate.mapping.Table - No alter strings for table : DigitalWalletType
20:19:29.957 [main] INFO org.hibernate.tool.schema.extract.internal.InformationExtractorJdbcDatabaseMetaDataImpl - HHH000262: Table not found: EntityRefType
20:19:29.992 [main] DEBUG org.hibernate.mapping.Table - No alter strings for table : EntityRefType
20:19:29.994 [main] INFO org.hibernate.tool.schema.extract.internal.InformationExtractorJdbcDatabaseMetaDataImpl - HHH000262: Table not found: hibernate_sequence
20:19:30.016 [main] DEBUG org.hibernate.mapping.Table - No alter strings for table : hibernate_sequence
20:19:30.019 [main] INFO org.hibernate.tool.schema.extract.internal.InformationExtractorJdbcDatabaseMetaDataImpl - HHH000262: Table not found: MoneyType
20:19:30.048 [main] DEBUG org.hibernate.mapping.Table - No alter strings for table : MoneyType
20:19:30.051 [main] INFO org.hibernate.tool.schema.extract.internal.InformationExtractorJdbcDatabaseMetaDataImpl - HHH000262: Table not found: PaymentItemType
20:19:30.071 [main] DEBUG org.hibernate.mapping.Table - No alter strings for table : PaymentItemType
20:19:30.072 [main] INFO org.hibernate.tool.schema.extract.internal.InformationExtractorJdbcDatabaseMetaDataImpl - HHH000262: Table not found: PaymentMethodType
20:19:30.128 [main] DEBUG org.hibernate.mapping.Table - No alter strings for table : PaymentMethodType
20:19:30.130 [main] INFO org.hibernate.tool.schema.extract.internal.InformationExtractorJdbcDatabaseMetaDataImpl - HHH000262: Table not found: PaymentMethodType_RelatedPartyRefType
20:19:30.145 [main] DEBUG org.hibernate.mapping.Table - No alter strings for table : PaymentMethodType_RelatedPartyRefType
20:19:30.147 [main] INFO org.hibernate.tool.schema.extract.internal.InformationExtractorJdbcDatabaseMetaDataImpl - HHH000262: Table not found: PaymentRefType
20:19:30.165 [main] DEBUG org.hibernate.mapping.Table - No alter strings for table : PaymentRefType
20:19:30.166 [main] INFO org.hibernate.tool.schema.extract.internal.InformationExtractorJdbcDatabaseMetaDataImpl - HHH000262: Table not found: PaymentType
20:19:30.212 [main] DEBUG org.hibernate.mapping.Table - No alter strings for table : PaymentType
20:19:30.212 [main] INFO org.hibernate.tool.schema.extract.internal.InformationExtractorJdbcDatabaseMetaDataImpl - HHH000262: Table not found: PaymentType_PaymentItemType
20:19:30.229 [main] DEBUG org.hibernate.mapping.Table - No alter strings for table : PaymentType_PaymentItemType
20:19:30.230 [main] INFO org.hibernate.tool.schema.extract.internal.InformationExtractorJdbcDatabaseMetaDataImpl - HHH000262: Table not found: PaymentType_PaymentMethodType
20:19:30.244 [main] DEBUG org.hibernate.mapping.Table - No alter strings for table : PaymentType_PaymentMethodType
20:19:30.247 [main] INFO org.hibernate.tool.schema.extract.internal.InformationExtractorJdbcDatabaseMetaDataImpl - HHH000262: Table not found: QuantityType
20:19:30.270 [main] DEBUG org.hibernate.mapping.Table - No alter strings for table : QuantityType
20:19:30.271 [main] INFO org.hibernate.tool.schema.extract.internal.InformationExtractorJdbcDatabaseMetaDataImpl - HHH000262: Table not found: RefundRequestType
20:19:30.339 [main] DEBUG org.hibernate.mapping.Table - No alter strings for table : RefundRequestType
20:19:30.343 [main] INFO org.hibernate.tool.schema.extract.internal.InformationExtractorJdbcDatabaseMetaDataImpl - HHH000262: Table not found: RefundRequestType_PaymentMethodType
20:19:30.356 [main] DEBUG org.hibernate.mapping.Table - No alter strings for table : RefundRequestType_PaymentMethodType
20:19:30.357 [main] INFO org.hibernate.tool.schema.extract.internal.InformationExtractorJdbcDatabaseMetaDataImpl - HHH000262: Table not found: RefundType
20:19:30.460 [main] DEBUG org.hibernate.mapping.Table - No alter strings for table : RefundType
20:19:30.461 [main] INFO org.hibernate.tool.schema.extract.internal.InformationExtractorJdbcDatabaseMetaDataImpl - HHH000262: Table not found: RefundType_PaymentMethodType
20:19:30.472 [main] DEBUG org.hibernate.mapping.Table - No alter strings for table : RefundType_PaymentMethodType
20:19:30.474 [main] INFO org.hibernate.tool.schema.extract.internal.InformationExtractorJdbcDatabaseMetaDataImpl - HHH000262: Table not found: RelatedPartyRefType
20:19:30.491 [main] DEBUG org.hibernate.mapping.Table - No alter strings for table : RelatedPartyRefType
20:19:30.492 [main] INFO org.hibernate.tool.schema.extract.internal.InformationExtractorJdbcDatabaseMetaDataImpl - HHH000262: Table not found: TimePeriodType
20:19:30.501 [main] DEBUG org.hibernate.mapping.Table - No alter strings for table : TimePeriodType
20:19:30.502 [main] INFO org.hibernate.tool.schema.extract.internal.InformationExtractorJdbcDatabaseMetaDataImpl - HHH000262: Table not found: TokenizedCardType
20:19:30.524 [main] DEBUG org.hibernate.mapping.Table - No alter strings for table : TokenizedCardType
20:19:30.525 [main] INFO org.hibernate.tool.schema.extract.internal.InformationExtractorJdbcDatabaseMetaDataImpl - HHH000262: Table not found: VoucherType
20:19:30.540 [main] DEBUG org.hibernate.mapping.Table - No alter strings for table : VoucherType
20:19:30.541 [main] INFO org.hibernate.tool.schema.extract.internal.InformationExtractorJdbcDatabaseMetaDataImpl - HHH000262: Table not found: VoucherType_QuantityType
20:19:30.556 [main] DEBUG org.hibernate.mapping.Table - No alter strings for table : VoucherType_QuantityType
20:19:30.556 [main] INFO org.hibernate.tool.schema.extract.internal.InformationExtractorJdbcDatabaseMetaDataImpl - HHH000262: Table not found: AccountRefType
20:19:30.560 [main] INFO org.hibernate.tool.schema.extract.internal.InformationExtractorJdbcDatabaseMetaDataImpl - HHH000262: Table not found: BankAccountDebitType
20:19:30.564 [main] INFO org.hibernate.tool.schema.extract.internal.InformationExtractorJdbcDatabaseMetaDataImpl - HHH000262: Table not found: BankAccountTransferType
20:19:30.569 [main] INFO org.hibernate.tool.schema.extract.internal.InformationExtractorJdbcDatabaseMetaDataImpl - HHH000262: Table not found: BankCardType
20:19:30.581 [main] INFO org.hibernate.tool.schema.extract.internal.InformationExtractorJdbcDatabaseMetaDataImpl - HHH000262: Table not found: CashType
20:19:30.584 [main] INFO org.hibernate.tool.schema.extract.internal.InformationExtractorJdbcDatabaseMetaDataImpl - HHH000262: Table not found: ChannelRefType
20:19:30.588 [main] INFO org.hibernate.tool.schema.extract.internal.InformationExtractorJdbcDatabaseMetaDataImpl - HHH000262: Table not found: CheckType
20:19:30.592 [main] INFO org.hibernate.tool.schema.extract.internal.InformationExtractorJdbcDatabaseMetaDataImpl - HHH000262: Table not found: DigitalWalletType
20:19:30.596 [main] INFO org.hibernate.tool.schema.extract.internal.InformationExtractorJdbcDatabaseMetaDataImpl - HHH000262: Table not found: EntityRefType
20:19:30.604 [main] INFO org.hibernate.tool.schema.extract.internal.InformationExtractorJdbcDatabaseMetaDataImpl - HHH000262: Table not found: hibernate_sequence
20:19:30.614 [main] INFO org.hibernate.tool.schema.extract.internal.InformationExtractorJdbcDatabaseMetaDataImpl - HHH000262: Table not found: MoneyType
20:19:30.636 [main] INFO org.hibernate.tool.schema.extract.internal.InformationExtractorJdbcDatabaseMetaDataImpl - HHH000262: Table not found: PaymentItemType
20:19:30.641 [main] INFO org.hibernate.tool.schema.extract.internal.InformationExtractorJdbcDatabaseMetaDataImpl - HHH000262: Table not found: PaymentMethodType
20:19:30.645 [main] INFO org.hibernate.tool.schema.extract.internal.InformationExtractorJdbcDatabaseMetaDataImpl - HHH000262: Table not found: PaymentMethodType_RelatedPartyRefType
20:19:30.664 [main] INFO org.hibernate.tool.schema.extract.internal.InformationExtractorJdbcDatabaseMetaDataImpl - HHH000262: Table not found: PaymentRefType
20:19:30.668 [main] INFO org.hibernate.tool.schema.extract.internal.InformationExtractorJdbcDatabaseMetaDataImpl - HHH000262: Table not found: PaymentType
20:19:30.680 [main] INFO org.hibernate.tool.schema.extract.internal.InformationExtractorJdbcDatabaseMetaDataImpl - HHH000262: Table not found: PaymentType_PaymentItemType
20:19:30.694 [main] INFO org.hibernate.tool.schema.extract.internal.InformationExtractorJdbcDatabaseMetaDataImpl - HHH000262: Table not found: PaymentType_PaymentMethodType
20:19:30.704 [main] INFO org.hibernate.tool.schema.extract.internal.InformationExtractorJdbcDatabaseMetaDataImpl - HHH000262: Table not found: QuantityType
20:19:30.711 [main] INFO org.hibernate.tool.schema.extract.internal.InformationExtractorJdbcDatabaseMetaDataImpl - HHH000262: Table not found: RefundRequestType
20:19:30.717 [main] INFO org.hibernate.tool.schema.extract.internal.InformationExtractorJdbcDatabaseMetaDataImpl - HHH000262: Table not found: RefundRequestType_PaymentMethodType
20:19:30.729 [main] INFO org.hibernate.tool.schema.extract.internal.InformationExtractorJdbcDatabaseMetaDataImpl - HHH000262: Table not found: RefundType
20:19:30.733 [main] INFO org.hibernate.tool.schema.extract.internal.InformationExtractorJdbcDatabaseMetaDataImpl - HHH000262: Table not found: RefundType_PaymentMethodType
20:19:30.741 [main] INFO org.hibernate.tool.schema.extract.internal.InformationExtractorJdbcDatabaseMetaDataImpl - HHH000262: Table not found: RelatedPartyRefType
20:19:30.749 [main] INFO org.hibernate.tool.schema.extract.internal.InformationExtractorJdbcDatabaseMetaDataImpl - HHH000262: Table not found: TimePeriodType
20:19:30.779 [main] INFO org.hibernate.tool.schema.extract.internal.InformationExtractorJdbcDatabaseMetaDataImpl - HHH000262: Table not found: TokenizedCardType
20:19:30.784 [main] INFO org.hibernate.tool.schema.extract.internal.InformationExtractorJdbcDatabaseMetaDataImpl - HHH000262: Table not found: VoucherType
20:19:30.794 [main] INFO org.hibernate.tool.schema.extract.internal.InformationExtractorJdbcDatabaseMetaDataImpl - HHH000262: Table not found: VoucherType_QuantityType
20:19:30.805 [main] INFO org.hibernate.tool.schema.extract.internal.InformationExtractorJdbcDatabaseMetaDataImpl - HHH000262: Table not found: AccountRefType
20:19:30.812 [main] INFO org.hibernate.tool.schema.extract.internal.InformationExtractorJdbcDatabaseMetaDataImpl - HHH000262: Table not found: BankAccountDebitType
20:19:30.844 [main] INFO org.hibernate.tool.schema.extract.internal.InformationExtractorJdbcDatabaseMetaDataImpl - HHH000262: Table not found: BankAccountTransferType
20:19:30.858 [main] INFO org.hibernate.tool.schema.extract.internal.InformationExtractorJdbcDatabaseMetaDataImpl - HHH000262: Table not found: BankCardType
20:19:30.863 [main] INFO org.hibernate.tool.schema.extract.internal.InformationExtractorJdbcDatabaseMetaDataImpl - HHH000262: Table not found: CashType
20:19:30.869 [main] INFO org.hibernate.tool.schema.extract.internal.InformationExtractorJdbcDatabaseMetaDataImpl - HHH000262: Table not found: ChannelRefType
20:19:30.873 [main] INFO org.hibernate.tool.schema.extract.internal.InformationExtractorJdbcDatabaseMetaDataImpl - HHH000262: Table not found: CheckType
20:19:30.876 [main] INFO org.hibernate.tool.schema.extract.internal.InformationExtractorJdbcDatabaseMetaDataImpl - HHH000262: Table not found: DigitalWalletType
20:19:30.881 [main] INFO org.hibernate.tool.schema.extract.internal.InformationExtractorJdbcDatabaseMetaDataImpl - HHH000262: Table not found: EntityRefType
20:19:30.887 [main] INFO org.hibernate.tool.schema.extract.internal.InformationExtractorJdbcDatabaseMetaDataImpl - HHH000262: Table not found: hibernate_sequence
20:19:30.892 [main] INFO org.hibernate.tool.schema.extract.internal.InformationExtractorJdbcDatabaseMetaDataImpl - HHH000262: Table not found: MoneyType
20:19:30.900 [main] INFO org.hibernate.tool.schema.extract.internal.InformationExtractorJdbcDatabaseMetaDataImpl - HHH000262: Table not found: PaymentItemType
20:19:30.933 [main] INFO org.hibernate.tool.schema.extract.internal.InformationExtractorJdbcDatabaseMetaDataImpl - HHH000262: Table not found: PaymentMethodType
20:19:30.944 [main] INFO org.hibernate.tool.schema.extract.internal.InformationExtractorJdbcDatabaseMetaDataImpl - HHH000262: Table not found: PaymentMethodType_RelatedPartyRefType
20:19:30.960 [main] INFO org.hibernate.tool.schema.extract.internal.InformationExtractorJdbcDatabaseMetaDataImpl - HHH000262: Table not found: PaymentRefType
20:19:30.963 [main] INFO org.hibernate.tool.schema.extract.internal.InformationExtractorJdbcDatabaseMetaDataImpl - HHH000262: Table not found: PaymentType
20:19:30.993 [main] INFO org.hibernate.tool.schema.extract.internal.InformationExtractorJdbcDatabaseMetaDataImpl - HHH000262: Table not found: PaymentType_PaymentItemType
20:19:31.010 [main] INFO org.hibernate.tool.schema.extract.internal.InformationExtractorJdbcDatabaseMetaDataImpl - HHH000262: Table not found: PaymentType_PaymentMethodType
20:19:31.027 [main] INFO org.hibernate.tool.schema.extract.internal.InformationExtractorJdbcDatabaseMetaDataImpl - HHH000262: Table not found: QuantityType
20:19:31.032 [main] INFO org.hibernate.tool.schema.extract.internal.InformationExtractorJdbcDatabaseMetaDataImpl - HHH000262: Table not found: RefundRequestType
20:19:31.083 [main] INFO org.hibernate.tool.schema.extract.internal.InformationExtractorJdbcDatabaseMetaDataImpl - HHH000262: Table not found: RefundRequestType_PaymentMethodType
20:19:31.106 [main] INFO org.hibernate.tool.schema.extract.internal.InformationExtractorJdbcDatabaseMetaDataImpl - HHH000262: Table not found: RefundType
20:19:31.148 [main] INFO org.hibernate.tool.schema.extract.internal.InformationExtractorJdbcDatabaseMetaDataImpl - HHH000262: Table not found: RefundType_PaymentMethodType
20:19:31.176 [main] INFO org.hibernate.tool.schema.extract.internal.InformationExtractorJdbcDatabaseMetaDataImpl - HHH000262: Table not found: RelatedPartyRefType
20:19:31.180 [main] INFO org.hibernate.tool.schema.extract.internal.InformationExtractorJdbcDatabaseMetaDataImpl - HHH000262: Table not found: TimePeriodType
20:19:31.185 [main] INFO org.hibernate.tool.schema.extract.internal.InformationExtractorJdbcDatabaseMetaDataImpl - HHH000262: Table not found: TokenizedCardType
20:19:31.189 [main] INFO org.hibernate.tool.schema.extract.internal.InformationExtractorJdbcDatabaseMetaDataImpl - HHH000262: Table not found: VoucherType
20:19:31.205 [main] INFO org.hibernate.tool.schema.extract.internal.InformationExtractorJdbcDatabaseMetaDataImpl - HHH000262: Table not found: VoucherType_QuantityType
20:19:31.230 [main] DEBUG org.hibernate.engine.transaction.jta.platform.internal.JtaPlatformInitiator - No JtaPlatform was specified, checking resolver
20:19:31.231 [main] DEBUG org.hibernate.engine.transaction.jta.platform.internal.JtaPlatformResolverInitiator - No JtaPlatformResolver was specified, using default [org.hibernate.engine.transaction.jta.platform.internal.StandardJtaPlatformResolver]
20:19:31.236 [main] DEBUG org.hibernate.engine.transaction.jta.platform.internal.StandardJtaPlatformResolver - Could not resolve JtaPlatform, using default [org.hibernate.engine.transaction.jta.platform.internal.NoJtaPlatform]
20:19:31.243 [main] DEBUG org.hibernate.internal.NamedQueryRepository - Checking 0 named HQL queries
20:19:31.243 [main] DEBUG org.hibernate.internal.NamedQueryRepository - Checking 0 named SQL queries
20:19:31.245 [main] DEBUG org.hibernate.internal.SessionFactoryRegistry - Initializing SessionFactoryRegistry : org.hibernate.internal.SessionFactoryRegistry@3855b27e
20:19:31.245 [main] DEBUG org.hibernate.internal.SessionFactoryRegistry - Registering SessionFactory: d86b9d0d-1046-4550-a02e-73fd9b68a7c4 (<unnamed>)
20:19:31.245 [main] DEBUG org.hibernate.internal.SessionFactoryRegistry - Not binding SessionFactory to JNDI, no JNDI name configured
20:19:31.245 [main] DEBUG org.springframework.beans.factory.support.DefaultListableBeanFactory - Returning cached instance of singleton bean 'org.springframework.transaction.config.internalTransactionAdvisor'
20:19:31.253 [main] DEBUG org.springframework.beans.factory.support.DefaultListableBeanFactory - Finished creating instance of bean 'sessionFactory'
20:19:31.253 [main] DEBUG org.springframework.beans.factory.support.DefaultListableBeanFactory - Returning cached instance of singleton bean 'org.springframework.transaction.config.internalTransactionAdvisor'
20:19:31.271 [main] DEBUG org.springframework.beans.factory.support.DefaultListableBeanFactory - Autowiring by type from bean name 'accountRefTypeDaoImpl' via constructor to bean named 'sessionFactory'
20:19:31.276 [main] DEBUG org.springframework.beans.factory.annotation.InjectionMetadata - Registered injected element on class [io.swagger.dao.AccountRefTypeDaoImpl]: AutowiredFieldElement for org.hibernate.SessionFactory io.swagger.dao.BaseDaoImpl.sessionFactory
20:19:31.276 [main] DEBUG org.springframework.beans.factory.support.DefaultListableBeanFactory - Eagerly caching bean 'accountRefTypeDaoImpl' to allow for resolving potential circular references
20:19:31.285 [main] DEBUG org.springframework.beans.factory.annotation.InjectionMetadata - Processing injected element of bean 'accountRefTypeDaoImpl': AutowiredFieldElement for org.hibernate.SessionFactory io.swagger.dao.BaseDaoImpl.sessionFactory
20:19:31.285 [main] DEBUG org.springframework.beans.factory.support.DefaultListableBeanFactory - Returning cached instance of singleton bean 'sessionFactory'
20:19:31.286 [main] DEBUG org.springframework.beans.factory.annotation.AutowiredAnnotationBeanPostProcessor - Autowiring by type from bean name 'accountRefTypeDaoImpl' to bean named 'sessionFactory'
20:19:31.286 [main] DEBUG org.springframework.beans.factory.support.DefaultListableBeanFactory - Returning cached instance of singleton bean 'org.springframework.transaction.config.internalTransactionAdvisor'
20:19:31.294 [main] DEBUG org.springframework.beans.factory.support.DefaultListableBeanFactory - Finished creating instance of bean 'accountRefTypeDaoImpl'
20:19:31.294 [main] DEBUG org.springframework.beans.factory.support.DefaultListableBeanFactory - Creating shared instance of singleton bean 'channelRefTypeDaoImpl'
20:19:31.294 [main] DEBUG org.springframework.beans.factory.support.DefaultListableBeanFactory - Creating instance of bean 'channelRefTypeDaoImpl'
20:19:31.305 [main] DEBUG org.springframework.beans.factory.support.DefaultListableBeanFactory - Returning cached instance of singleton bean 'sessionFactory'
20:19:31.305 [main] DEBUG org.springframework.beans.factory.support.DefaultListableBeanFactory - Autowiring by type from bean name 'channelRefTypeDaoImpl' via constructor to bean named 'sessionFactory'
20:19:31.305 [main] DEBUG org.springframework.beans.factory.annotation.InjectionMetadata - Registered injected element on class [io.swagger.dao.ChannelRefTypeDaoImpl]: AutowiredFieldElement for org.hibernate.SessionFactory io.swagger.dao.BaseDaoImpl.sessionFactory
20:19:31.305 [main] DEBUG org.springframework.beans.factory.support.DefaultListableBeanFactory - Eagerly caching bean 'channelRefTypeDaoImpl' to allow for resolving potential circular references
20:19:31.313 [main] DEBUG org.springframework.beans.factory.annotation.InjectionMetadata - Processing injected element of bean 'channelRefTypeDaoImpl': AutowiredFieldElement for org.hibernate.SessionFactory io.swagger.dao.BaseDaoImpl.sessionFactory
20:19:31.314 [main] DEBUG org.springframework.beans.factory.support.DefaultListableBeanFactory - Returning cached instance of singleton bean 'sessionFactory'
20:19:31.314 [main] DEBUG org.springframework.beans.factory.annotation.AutowiredAnnotationBeanPostProcessor - Autowiring by type from bean name 'channelRefTypeDaoImpl' to bean named 'sessionFactory'
20:19:31.314 [main] DEBUG org.springframework.beans.factory.support.DefaultListableBeanFactory - Returning cached instance of singleton bean 'org.springframework.transaction.config.internalTransactionAdvisor'
20:19:31.315 [main] DEBUG org.springframework.beans.factory.support.DefaultListableBeanFactory - Finished creating instance of bean 'channelRefTypeDaoImpl'
20:19:31.315 [main] DEBUG org.springframework.beans.factory.support.DefaultListableBeanFactory - Creating shared instance of singleton bean 'moneyTypeDaoImpl'
20:19:31.315 [main] DEBUG org.springframework.beans.factory.support.DefaultListableBeanFactory - Creating instance of bean 'moneyTypeDaoImpl'
20:19:31.316 [main] DEBUG org.springframework.beans.factory.support.DefaultListableBeanFactory - Returning cached instance of singleton bean 'sessionFactory'
20:19:31.316 [main] DEBUG org.springframework.beans.factory.support.DefaultListableBeanFactory - Autowiring by type from bean name 'moneyTypeDaoImpl' via constructor to bean named 'sessionFactory'
20:19:31.321 [main] DEBUG org.springframework.beans.factory.annotation.InjectionMetadata - Registered injected element on class [io.swagger.dao.MoneyTypeDaoImpl]: AutowiredFieldElement for org.hibernate.SessionFactory io.swagger.dao.BaseDaoImpl.sessionFactory
20:19:31.321 [main] DEBUG org.springframework.beans.factory.support.DefaultListableBeanFactory - Eagerly caching bean 'moneyTypeDaoImpl' to allow for resolving potential circular references
20:19:31.327 [main] DEBUG org.springframework.beans.factory.annotation.InjectionMetadata - Processing injected element of bean 'moneyTypeDaoImpl': AutowiredFieldElement for org.hibernate.SessionFactory io.swagger.dao.BaseDaoImpl.sessionFactory
20:19:31.330 [main] DEBUG org.springframework.beans.factory.support.DefaultListableBeanFactory - Returning cached instance of singleton bean 'sessionFactory'
20:19:31.330 [main] DEBUG org.springframework.beans.factory.annotation.AutowiredAnnotationBeanPostProcessor - Autowiring by type from bean name 'moneyTypeDaoImpl' to bean named 'sessionFactory'
20:19:31.330 [main] DEBUG org.springframework.beans.factory.support.DefaultListableBeanFactory - Returning cached instance of singleton bean 'org.springframework.transaction.config.internalTransactionAdvisor'
20:19:31.331 [main] DEBUG org.springframework.beans.factory.support.DefaultListableBeanFactory - Finished creating instance of bean 'moneyTypeDaoImpl'
20:19:31.331 [main] DEBUG org.springframework.beans.factory.support.DefaultListableBeanFactory - Creating shared instance of singleton bean 'paymentItemTypeDaoImpl'
20:19:31.331 [main] DEBUG org.springframework.beans.factory.support.DefaultListableBeanFactory - Creating instance of bean 'paymentItemTypeDaoImpl'
20:19:31.332 [main] DEBUG org.springframework.beans.factory.support.DefaultListableBeanFactory - Returning cached instance of singleton bean 'sessionFactory'
20:19:31.332 [main] DEBUG org.springframework.beans.factory.support.DefaultListableBeanFactory - Autowiring by type from bean name 'paymentItemTypeDaoImpl' via constructor to bean named 'sessionFactory'
20:19:31.333 [main] DEBUG org.springframework.beans.factory.annotation.InjectionMetadata - Registered injected element on class [io.swagger.dao.PaymentItemTypeDaoImpl]: AutowiredFieldElement for org.hibernate.SessionFactory io.swagger.dao.BaseDaoImpl.sessionFactory
20:19:31.333 [main] DEBUG org.springframework.beans.factory.support.DefaultListableBeanFactory - Eagerly caching bean 'paymentItemTypeDaoImpl' to allow for resolving potential circular references
20:19:31.342 [main] DEBUG org.springframework.beans.factory.annotation.InjectionMetadata - Processing injected element of bean 'paymentItemTypeDaoImpl': AutowiredFieldElement for org.hibernate.SessionFactory io.swagger.dao.BaseDaoImpl.sessionFactory
20:19:31.342 [main] DEBUG org.springframework.beans.factory.support.DefaultListableBeanFactory - Returning cached instance of singleton bean 'sessionFactory'
20:19:31.342 [main] DEBUG org.springframework.beans.factory.annotation.AutowiredAnnotationBeanPostProcessor - Autowiring by type from bean name 'paymentItemTypeDaoImpl' to bean named 'sessionFactory'
20:19:31.343 [main] DEBUG org.springframework.beans.factory.support.DefaultListableBeanFactory - Returning cached instance of singleton bean 'org.springframework.transaction.config.internalTransactionAdvisor'
20:19:31.345 [main] DEBUG org.springframework.beans.factory.support.DefaultListableBeanFactory - Finished creating instance of bean 'paymentItemTypeDaoImpl'
20:19:31.346 [main] DEBUG org.springframework.beans.factory.support.DefaultListableBeanFactory - Creating shared instance of singleton bean 'paymentMethodTypeDaoImpl'
20:19:31.346 [main] DEBUG org.springframework.beans.factory.support.DefaultListableBeanFactory - Creating instance of bean 'paymentMethodTypeDaoImpl'
20:19:31.348 [main] DEBUG org.springframework.beans.factory.support.DefaultListableBeanFactory - Returning cached instance of singleton bean 'sessionFactory'
20:19:31.348 [main] DEBUG org.springframework.beans.factory.support.DefaultListableBeanFactory - Autowiring by type from bean name 'paymentMethodTypeDaoImpl' via constructor to bean named 'sessionFactory'
20:19:31.348 [main] DEBUG org.springframework.beans.factory.annotation.InjectionMetadata - Registered injected element on class [io.swagger.dao.PaymentMethodTypeDaoImpl]: AutowiredFieldElement for org.hibernate.SessionFactory io.swagger.dao.BaseDaoImpl.sessionFactory
20:19:31.348 [main] DEBUG org.springframework.beans.factory.support.DefaultListableBeanFactory - Eagerly caching bean 'paymentMethodTypeDaoImpl' to allow for resolving potential circular references
20:19:31.355 [main] DEBUG org.springframework.beans.factory.annotation.InjectionMetadata - Processing injected element of bean 'paymentMethodTypeDaoImpl': AutowiredFieldElement for org.hibernate.SessionFactory io.swagger.dao.BaseDaoImpl.sessionFactory
20:19:31.355 [main] DEBUG org.springframework.beans.factory.support.DefaultListableBeanFactory - Returning cached instance of singleton bean 'sessionFactory'
20:19:31.355 [main] DEBUG org.springframework.beans.factory.annotation.AutowiredAnnotationBeanPostProcessor - Autowiring by type from bean name 'paymentMethodTypeDaoImpl' to bean named 'sessionFactory'
20:19:31.356 [main] DEBUG org.springframework.beans.factory.support.DefaultListableBeanFactory - Returning cached instance of singleton bean 'org.springframework.transaction.config.internalTransactionAdvisor'
20:19:31.356 [main] DEBUG org.springframework.beans.factory.support.DefaultListableBeanFactory - Finished creating instance of bean 'paymentMethodTypeDaoImpl'
20:19:31.357 [main] DEBUG org.springframework.beans.factory.support.DefaultListableBeanFactory - Creating shared instance of singleton bean 'paymentTypeDaoImpl'
20:19:31.357 [main] DEBUG org.springframework.beans.factory.support.DefaultListableBeanFactory - Creating instance of bean 'paymentTypeDaoImpl'
20:19:31.360 [main] DEBUG org.springframework.beans.factory.support.DefaultListableBeanFactory - Returning cached instance of singleton bean 'sessionFactory'
20:19:31.360 [main] DEBUG org.springframework.beans.factory.support.DefaultListableBeanFactory - Autowiring by type from bean name 'paymentTypeDaoImpl' via constructor to bean named 'sessionFactory'
20:19:31.361 [main] DEBUG org.springframework.beans.factory.annotation.InjectionMetadata - Registered injected element on class [io.swagger.dao.PaymentTypeDaoImpl]: AutowiredFieldElement for org.hibernate.SessionFactory io.swagger.dao.BaseDaoImpl.sessionFactory
20:19:31.361 [main] DEBUG org.springframework.beans.factory.support.DefaultListableBeanFactory - Eagerly caching bean 'paymentTypeDaoImpl' to allow for resolving potential circular references
20:19:31.365 [main] DEBUG org.springframework.beans.factory.annotation.InjectionMetadata - Processing injected element of bean 'paymentTypeDaoImpl': AutowiredFieldElement for org.hibernate.SessionFactory io.swagger.dao.BaseDaoImpl.sessionFactory
20:19:31.365 [main] DEBUG org.springframework.beans.factory.support.DefaultListableBeanFactory - Returning cached instance of singleton bean 'sessionFactory'
20:19:31.365 [main] DEBUG org.springframework.beans.factory.annotation.AutowiredAnnotationBeanPostProcessor - Autowiring by type from bean name 'paymentTypeDaoImpl' to bean named 'sessionFactory'
20:19:31.365 [main] DEBUG org.springframework.beans.factory.support.DefaultListableBeanFactory - Returning cached instance of singleton bean 'org.springframework.transaction.config.internalTransactionAdvisor'
20:19:31.366 [main] DEBUG org.springframework.beans.factory.support.DefaultListableBeanFactory - Finished creating instance of bean 'paymentTypeDaoImpl'
20:19:31.366 [main] DEBUG org.springframework.beans.factory.support.DefaultListableBeanFactory - Creating shared instance of singleton bean 'relatedPartyRefTypeDaoImpl'
20:19:31.366 [main] DEBUG org.springframework.beans.factory.support.DefaultListableBeanFactory - Creating instance of bean 'relatedPartyRefTypeDaoImpl'
20:19:31.367 [main] DEBUG org.springframework.beans.factory.support.DefaultListableBeanFactory - Returning cached instance of singleton bean 'sessionFactory'
20:19:31.367 [main] DEBUG org.springframework.beans.factory.support.DefaultListableBeanFactory - Autowiring by type from bean name 'relatedPartyRefTypeDaoImpl' via constructor to bean named 'sessionFactory'
20:19:31.374 [main] DEBUG org.springframework.beans.factory.annotation.InjectionMetadata - Registered injected element on class [io.swagger.dao.RelatedPartyRefTypeDaoImpl]: AutowiredFieldElement for org.hibernate.SessionFactory io.swagger.dao.BaseDaoImpl.sessionFactory
20:19:31.375 [main] DEBUG org.springframework.beans.factory.support.DefaultListableBeanFactory - Eagerly caching bean 'relatedPartyRefTypeDaoImpl' to allow for resolving potential circular references
20:19:31.381 [main] DEBUG org.springframework.beans.factory.annotation.InjectionMetadata - Processing injected element of bean 'relatedPartyRefTypeDaoImpl': AutowiredFieldElement for org.hibernate.SessionFactory io.swagger.dao.BaseDaoImpl.sessionFactory
20:19:31.381 [main] DEBUG org.springframework.beans.factory.support.DefaultListableBeanFactory - Returning cached instance of singleton bean 'sessionFactory'
20:19:31.381 [main] DEBUG org.springframework.beans.factory.annotation.AutowiredAnnotationBeanPostProcessor - Autowiring by type from bean name 'relatedPartyRefTypeDaoImpl' to bean named 'sessionFactory'
20:19:31.382 [main] DEBUG org.springframework.beans.factory.support.DefaultListableBeanFactory - Returning cached instance of singleton bean 'org.springframework.transaction.config.internalTransactionAdvisor'
20:19:31.382 [main] DEBUG org.springframework.beans.factory.support.DefaultListableBeanFactory - Finished creating instance of bean 'relatedPartyRefTypeDaoImpl'
20:19:31.382 [main] DEBUG org.springframework.beans.factory.support.DefaultListableBeanFactory - Returning cached instance of singleton bean 'org.springframework.transaction.annotation.ProxyTransactionManagementConfiguration'
20:19:31.382 [main] DEBUG org.springframework.beans.factory.support.DefaultListableBeanFactory - Returning cached instance of singleton bean 'org.springframework.transaction.config.internalTransactionAdvisor'
20:19:31.382 [main] DEBUG org.springframework.beans.factory.support.DefaultListableBeanFactory - Returning cached instance of singleton bean 'transactionAttributeSource'
20:19:31.382 [main] DEBUG org.springframework.beans.factory.support.DefaultListableBeanFactory - Returning cached instance of singleton bean 'transactionInterceptor'
20:19:31.397 [main] DEBUG org.springframework.beans.factory.support.DefaultListableBeanFactory - Creating shared instance of singleton bean 'org.springframework.transaction.config.internalTransactionalEventListenerFactory'
20:19:31.397 [main] DEBUG org.springframework.beans.factory.support.DefaultListableBeanFactory - Creating instance of bean 'org.springframework.transaction.config.internalTransactionalEventListenerFactory'
20:19:31.397 [main] DEBUG org.springframework.beans.factory.support.DefaultListableBeanFactory - Returning cached instance of singleton bean 'org.springframework.transaction.annotation.ProxyTransactionManagementConfiguration'
20:19:31.416 [main] DEBUG org.springframework.beans.factory.support.DefaultListableBeanFactory - Eagerly caching bean 'org.springframework.transaction.config.internalTransactionalEventListenerFactory' to allow for resolving potential circular references
20:19:31.422 [main] DEBUG org.springframework.beans.factory.support.DefaultListableBeanFactory - Returning cached instance of singleton bean 'org.springframework.transaction.config.internalTransactionAdvisor'
20:19:31.423 [main] DEBUG org.springframework.beans.factory.support.DefaultListableBeanFactory - Finished creating instance of bean 'org.springframework.transaction.config.internalTransactionalEventListenerFactory'
20:19:31.423 [main] DEBUG org.springframework.beans.factory.support.DefaultListableBeanFactory - Returning cached instance of singleton bean 'sessionFactory'
20:19:31.425 [main] DEBUG org.springframework.beans.factory.support.DefaultListableBeanFactory - Returning cached instance of singleton bean 'dataSource'
20:19:31.425 [main] DEBUG org.springframework.beans.factory.support.DefaultListableBeanFactory - Creating shared instance of singleton bean 'txManager'
20:19:31.425 [main] DEBUG org.springframework.beans.factory.support.DefaultListableBeanFactory - Creating instance of bean 'txManager'
20:19:31.436 [main] DEBUG org.springframework.beans.factory.support.DefaultListableBeanFactory - Eagerly caching bean 'txManager' to allow for resolving potential circular references
20:19:31.458 [main] DEBUG org.springframework.beans.factory.support.DefaultListableBeanFactory - Returning cached instance of singleton bean 'sessionFactory'
20:19:31.458 [main] DEBUG org.springframework.beans.factory.support.DefaultListableBeanFactory - Invoking afterPropertiesSet() on bean with name 'txManager'
20:19:31.490 [main] INFO org.springframework.orm.hibernate5.HibernateTransactionManager - Using DataSource [org.apache.tomcat.dbcp.dbcp2.BasicDataSource@522b2631] of Hibernate SessionFactory for HibernateTransactionManager
20:19:31.491 [main] DEBUG org.springframework.beans.factory.support.DefaultListableBeanFactory - Returning cached instance of singleton bean 'org.springframework.transaction.config.internalTransactionAdvisor'
20:19:31.492 [main] DEBUG org.springframework.beans.factory.support.DefaultListableBeanFactory - Finished creating instance of bean 'txManager'
20:19:31.492 [main] DEBUG org.springframework.beans.factory.support.DefaultListableBeanFactory - Returning cached instance of singleton bean 'org.springframework.aop.config.internalAutoProxyCreator'
20:19:31.492 [main] DEBUG org.springframework.beans.factory.support.DefaultListableBeanFactory - Returning cached instance of singleton bean 'com.fasterxml.jackson.databind.ObjectMapper#0'
20:19:31.492 [main] DEBUG org.springframework.beans.factory.support.DefaultListableBeanFactory - Returning cached instance of singleton bean 'javax.servlet.http.HttpServletRequest#0'
20:19:31.492 [main] DEBUG org.springframework.beans.factory.support.DefaultListableBeanFactory - Returning cached instance of singleton bean 'org.springframework.context.event.internalEventListenerFactory'
20:19:31.492 [main] DEBUG org.springframework.beans.factory.support.DefaultListableBeanFactory - Returning cached instance of singleton bean 'org.springframework.transaction.config.internalTransactionalEventListenerFactory'
20:19:31.762 [main] DEBUG org.springframework.context.support.GenericApplicationContext - Unable to locate LifecycleProcessor with name 'lifecycleProcessor': using default [org.springframework.context.support.DefaultLifecycleProcessor@788a0513]
20:19:31.763 [main] DEBUG org.springframework.beans.factory.support.DefaultListableBeanFactory - Returning cached instance of singleton bean 'lifecycleProcessor'
20:19:31.766 [main] DEBUG org.springframework.core.env.PropertySourcesPropertyResolver - Could not find key 'spring.liveBeansView.mbeanDomain' in any property source
20:19:31.768 [main] DEBUG org.springframework.test.context.cache.DefaultCacheAwareContextLoaderDelegate - Storing ApplicationContext in cache under key [[MergedContextConfiguration@7674f035 testClass = PaymentMethodTypeDaoImplTest, locations = '{}', classes = '{class configuration.HibernateXMLConfTest}', contextInitializerClasses = '[]', activeProfiles = '{}', propertySourceLocations = '{}', propertySourceProperties = '{}', contextCustomizers = set[org.springframework.boot.test.context.filter.ExcludeFilterContextCustomizer@79da8dc5, org.springframework.boot.test.json.DuplicateJsonObjectContextCustomizerFactory$DuplicateJsonObjectContextCustomizer@72cde7cc, org.springframework.boot.test.mock.mockito.MockitoContextCustomizer@6ed2306e, org.springframework.boot.test.autoconfigure.properties.PropertyMappingContextCustomizer@0, org.springframework.boot.test.autoconfigure.web.servlet.WebDriverContextCustomizerFactory$Customizer@49c7b90e], contextLoader = 'org.springframework.test.context.support.AnnotationConfigContextLoader', parent = [null]]]
20:19:31.769 [main] DEBUG org.springframework.test.context.cache - Spring test ApplicationContext cache statistics: [DefaultContextCache@4d2bc56a size = 1, maxSize = 32, parentContextCount = 0, hitCount = 0, missCount = 1]
20:19:31.777 [main] DEBUG org.springframework.beans.factory.annotation.InjectionMetadata - Processing injected element of bean 'dao.PaymentMethodTypeDaoImplTest': ResourceElement for io.swagger.dao.PaymentMethodTypeDaoImpl dao.PaymentMethodTypeDaoImplTest.objUnderTest
20:19:31.784 [main] DEBUG org.springframework.beans.factory.support.DefaultListableBeanFactory - Returning cached instance of singleton bean 'paymentMethodTypeDaoImpl'
20:19:31.788 [main] DEBUG org.springframework.beans.factory.support.DefaultListableBeanFactory - Returning cached instance of singleton bean 'org.springframework.transaction.config.internalTransactionAdvisor'
20:19:31.794 [main] DEBUG org.springframework.transaction.annotation.AnnotationTransactionAttributeSource - Adding transactional method 'dao.PaymentMethodTypeDaoImplTest.getbyType' with attribute: PROPAGATION_REQUIRED,ISOLATION_DEFAULT; ''
20:19:31.798 [main] DEBUG org.springframework.aop.framework.autoproxy.InfrastructureAdvisorAutoProxyCreator - Creating implicit proxy for bean 'dao.PaymentMethodTypeDaoImplTest' with 0 common interceptors and 1 specific interceptors
20:19:31.801 [main] DEBUG org.springframework.aop.framework.CglibAopProxy - Creating CGLIB proxy: target source is SingletonTargetSource for target object [dao.PaymentMethodTypeDaoImplTest@7c137fd5]
20:19:31.812 [main] DEBUG org.springframework.aop.framework.CglibAopProxy - Unable to apply any optimizations to advised method: public void dao.PaymentMethodTypeDaoImplTest.getbyType()
20:19:31.812 [main] DEBUG org.springframework.aop.framework.CglibAopProxy - Found 'equals' method: public boolean java.lang.Object.equals(java.lang.Object)
20:19:31.812 [main] DEBUG org.springframework.aop.framework.CglibAopProxy - Unable to apply any optimizations to advised method: public java.lang.String java.lang.Object.toString()
20:19:31.812 [main] DEBUG org.springframework.aop.framework.CglibAopProxy - Found 'hashCode' method: public native int java.lang.Object.hashCode()
20:19:31.814 [main] DEBUG org.springframework.aop.framework.CglibAopProxy - Unable to apply any optimizations to advised method: protected native java.lang.Object java.lang.Object.clone() throws java.lang.CloneNotSupportedException
20:19:31.814 [main] DEBUG org.springframework.aop.framework.CglibAopProxy - Method is declared on Advised interface: public abstract void org.springframework.aop.framework.Advised.setTargetSource(org.springframework.aop.TargetSource)
20:19:31.814 [main] DEBUG org.springframework.aop.framework.CglibAopProxy - Method is declared on Advised interface: public abstract org.springframework.aop.TargetSource org.springframework.aop.framework.Advised.getTargetSource()
20:19:31.814 [main] DEBUG org.springframework.aop.framework.CglibAopProxy - Method is declared on Advised interface: public abstract boolean org.springframework.aop.framework.Advised.isProxyTargetClass()
20:19:31.814 [main] DEBUG org.springframework.aop.framework.CglibAopProxy - Method is declared on Advised interface: public abstract void org.springframework.aop.framework.Advised.setPreFiltered(boolean)
20:19:31.814 [main] DEBUG org.springframework.aop.framework.CglibAopProxy - Method is declared on Advised interface: public abstract void org.springframework.aop.framework.Advised.setExposeProxy(boolean)
20:19:31.814 [main] DEBUG org.springframework.aop.framework.CglibAopProxy - Method is declared on Advised interface: public abstract boolean org.springframework.aop.framework.Advised.isExposeProxy()
20:19:31.814 [main] DEBUG org.springframework.aop.framework.CglibAopProxy - Method is declared on Advised interface: public abstract void org.springframework.aop.framework.Advised.addAdvice(org.aopalliance.aop.Advice) throws org.springframework.aop.framework.AopConfigException
20:19:31.814 [main] DEBUG org.springframework.aop.framework.CglibAopProxy - Method is declared on Advised interface: public abstract void org.springframework.aop.framework.Advised.addAdvice(int,org.aopalliance.aop.Advice) throws org.springframework.aop.framework.AopConfigException
20:19:31.814 [main] DEBUG org.springframework.aop.framework.CglibAopProxy - Method is declared on Advised interface: public abstract boolean org.springframework.aop.framework.Advised.isPreFiltered()
20:19:31.814 [main] DEBUG org.springframework.aop.framework.CglibAopProxy - Method is declared on Advised interface: public abstract java.lang.Class[] org.springframework.aop.framework.Advised.getProxiedInterfaces()
20:19:31.815 [main] DEBUG org.springframework.aop.framework.CglibAopProxy - Method is declared on Advised interface: public abstract boolean org.springframework.aop.framework.Advised.isInterfaceProxied(java.lang.Class)
20:19:31.815 [main] DEBUG org.springframework.aop.framework.CglibAopProxy - Method is declared on Advised interface: public abstract org.springframework.aop.Advisor[] org.springframework.aop.framework.Advised.getAdvisors()
20:19:31.815 [main] DEBUG org.springframework.aop.framework.CglibAopProxy - Method is declared on Advised interface: public abstract void org.springframework.aop.framework.Advised.addAdvisor(org.springframework.aop.Advisor) throws org.springframework.aop.framework.AopConfigException
20:19:31.815 [main] DEBUG org.springframework.aop.framework.CglibAopProxy - Method is declared on Advised interface: public abstract void org.springframework.aop.framework.Advised.addAdvisor(int,org.springframework.aop.Advisor) throws org.springframework.aop.framework.AopConfigException
20:19:31.815 [main] DEBUG org.springframework.aop.framework.CglibAopProxy - Method is declared on Advised interface: public abstract boolean org.springframework.aop.framework.Advised.removeAdvisor(org.springframework.aop.Advisor)
20:19:31.815 [main] DEBUG org.springframework.aop.framework.CglibAopProxy - Method is declared on Advised interface: public abstract void org.springframework.aop.framework.Advised.removeAdvisor(int) throws org.springframework.aop.framework.AopConfigException
20:19:31.815 [main] DEBUG org.springframework.aop.framework.CglibAopProxy - Method is declared on Advised interface: public abstract boolean org.springframework.aop.framework.Advised.replaceAdvisor(org.springframework.aop.Advisor,org.springframework.aop.Advisor) throws org.springframework.aop.framework.AopConfigException
20:19:31.815 [main] DEBUG org.springframework.aop.framework.CglibAopProxy - Method is declared on Advised interface: public abstract boolean org.springframework.aop.framework.Advised.removeAdvice(org.aopalliance.aop.Advice)
20:19:31.815 [main] DEBUG org.springframework.aop.framework.CglibAopProxy - Method is declared on Advised interface: public abstract java.lang.String org.springframework.aop.framework.Advised.toProxyConfigString()
20:19:31.815 [main] DEBUG org.springframework.aop.framework.CglibAopProxy - Method is declared on Advised interface: public abstract int org.springframework.aop.framework.Advised.indexOf(org.aopalliance.aop.Advice)
20:19:31.815 [main] DEBUG org.springframework.aop.framework.CglibAopProxy - Method is declared on Advised interface: public abstract int org.springframework.aop.framework.Advised.indexOf(org.springframework.aop.Advisor)
20:19:31.815 [main] DEBUG org.springframework.aop.framework.CglibAopProxy - Method is declared on Advised interface: public abstract boolean org.springframework.aop.framework.Advised.isFrozen()
20:19:31.815 [main] DEBUG org.springframework.aop.framework.CglibAopProxy - Method is declared on Advised interface: public abstract java.lang.Class org.springframework.aop.TargetClassAware.getTargetClass()
20:19:31.876 [main] DEBUG org.springframework.test.context.cache.DefaultCacheAwareContextLoaderDelegate - Retrieved ApplicationContext from cache with key [[MergedContextConfiguration@7674f035 testClass = PaymentMethodTypeDaoImplTest, locations = '{}', classes = '{class configuration.HibernateXMLConfTest}', contextInitializerClasses = '[]', activeProfiles = '{}', propertySourceLocations = '{}', propertySourceProperties = '{}', contextCustomizers = set[org.springframework.boot.test.context.filter.ExcludeFilterContextCustomizer@79da8dc5, org.springframework.boot.test.json.DuplicateJsonObjectContextCustomizerFactory$DuplicateJsonObjectContextCustomizer@72cde7cc, org.springframework.boot.test.mock.mockito.MockitoContextCustomizer@6ed2306e, org.springframework.boot.test.autoconfigure.properties.PropertyMappingContextCustomizer@0, org.springframework.boot.test.autoconfigure.web.servlet.WebDriverContextCustomizerFactory$Customizer@49c7b90e], contextLoader = 'org.springframework.test.context.support.AnnotationConfigContextLoader', parent = [null]]]
20:19:31.876 [main] DEBUG org.springframework.test.context.cache - Spring test ApplicationContext cache statistics: [DefaultContextCache@4d2bc56a size = 1, maxSize = 32, parentContextCount = 0, hitCount = 1, missCount = 1]
20:19:31.878 [main] DEBUG org.springframework.beans.factory.support.DefaultListableBeanFactory - Returning cached instance of singleton bean 'org.springframework.boot.test.mock.mockito.MockitoPostProcessor'
20:19:31.878 [main] DEBUG org.springframework.beans.factory.support.DefaultListableBeanFactory - Returning cached instance of singleton bean 'com.fasterxml.jackson.databind.ObjectMapper#0'
20:19:31.878 [main] DEBUG org.springframework.beans.factory.support.DefaultListableBeanFactory - Returning cached instance of singleton bean 'javax.servlet.http.HttpServletRequest#0'
20:19:31.882 [main] DEBUG org.springframework.test.context.support.AbstractDirtiesContextTestExecutionListener - Before test method: context [DefaultTestContext@2cf3d63b testClass = PaymentMethodTypeDaoImplTest, testInstance = dao.PaymentMethodTypeDaoImplTest@7c137fd5, testMethod = getbyType@PaymentMethodTypeDaoImplTest, testException = [null], mergedContextConfiguration = [MergedContextConfiguration@7674f035 testClass = PaymentMethodTypeDaoImplTest, locations = '{}', classes = '{class configuration.HibernateXMLConfTest}', contextInitializerClasses = '[]', activeProfiles = '{}', propertySourceLocations = '{}', propertySourceProperties = '{}', contextCustomizers = set[org.springframework.boot.test.context.filter.ExcludeFilterContextCustomizer@79da8dc5, org.springframework.boot.test.json.DuplicateJsonObjectContextCustomizerFactory$DuplicateJsonObjectContextCustomizer@72cde7cc, org.springframework.boot.test.mock.mockito.MockitoContextCustomizer@6ed2306e, org.springframework.boot.test.autoconfigure.properties.PropertyMappingContextCustomizer@0, org.springframework.boot.test.autoconfigure.web.servlet.WebDriverContextCustomizerFactory$Customizer@49c7b90e], contextLoader = 'org.springframework.test.context.support.AnnotationConfigContextLoader', parent = [null]]], class annotated with @DirtiesContext [false] with mode [null], method annotated with @DirtiesContext [false] with mode [null].
20:19:31.885 [main] DEBUG org.springframework.transaction.annotation.AnnotationTransactionAttributeSource - Adding transactional method 'dao.PaymentMethodTypeDaoImplTest.getbyType' with attribute: PROPAGATION_REQUIRED,ISOLATION_DEFAULT; ''
20:19:31.887 [main] DEBUG org.springframework.test.context.transaction.TransactionalTestExecutionListener - Explicit transaction definition [PROPAGATION_REQUIRED,ISOLATION_DEFAULT; ''] found for test context [DefaultTestContext@2cf3d63b testClass = PaymentMethodTypeDaoImplTest, testInstance = dao.PaymentMethodTypeDaoImplTest@7c137fd5, testMethod = getbyType@PaymentMethodTypeDaoImplTest, testException = [null], mergedContextConfiguration = [MergedContextConfiguration@7674f035 testClass = PaymentMethodTypeDaoImplTest, locations = '{}', classes = '{class configuration.HibernateXMLConfTest}', contextInitializerClasses = '[]', activeProfiles = '{}', propertySourceLocations = '{}', propertySourceProperties = '{}', contextCustomizers = set[org.springframework.boot.test.context.filter.ExcludeFilterContextCustomizer@79da8dc5, org.springframework.boot.test.json.DuplicateJsonObjectContextCustomizerFactory$DuplicateJsonObjectContextCustomizer@72cde7cc, org.springframework.boot.test.mock.mockito.MockitoContextCustomizer@6ed2306e, org.springframework.boot.test.autoconfigure.properties.PropertyMappingContextCustomizer@0, org.springframework.boot.test.autoconfigure.web.servlet.WebDriverContextCustomizerFactory$Customizer@49c7b90e], contextLoader = 'org.springframework.test.context.support.AnnotationConfigContextLoader', parent = [null]]]
20:19:31.888 [main] DEBUG org.springframework.test.context.transaction.TransactionalTestExecutionListener - Retrieved @TransactionConfiguration [null] for test class [dao.PaymentMethodTypeDaoImplTest].
20:19:31.888 [main] DEBUG org.springframework.test.context.transaction.TransactionalTestExecutionListener - Using TransactionConfigurationAttributes [TransactionConfigurationAttributes@582ca1e2 transactionManagerName = '', defaultRollback = true] for test class [dao.PaymentMethodTypeDaoImplTest].
20:19:31.888 [main] DEBUG org.springframework.test.context.cache.DefaultCacheAwareContextLoaderDelegate - Retrieved ApplicationContext from cache with key [[MergedContextConfiguration@7674f035 testClass = PaymentMethodTypeDaoImplTest, locations = '{}', classes = '{class configuration.HibernateXMLConfTest}', contextInitializerClasses = '[]', activeProfiles = '{}', propertySourceLocations = '{}', propertySourceProperties = '{}', contextCustomizers = set[org.springframework.boot.test.context.filter.ExcludeFilterContextCustomizer@79da8dc5, org.springframework.boot.test.json.DuplicateJsonObjectContextCustomizerFactory$DuplicateJsonObjectContextCustomizer@72cde7cc, org.springframework.boot.test.mock.mockito.MockitoContextCustomizer@6ed2306e, org.springframework.boot.test.autoconfigure.properties.PropertyMappingContextCustomizer@0, org.springframework.boot.test.autoconfigure.web.servlet.WebDriverContextCustomizerFactory$Customizer@49c7b90e], contextLoader = 'org.springframework.test.context.support.AnnotationConfigContextLoader', parent = [null]]]
20:19:31.889 [main] DEBUG org.springframework.test.context.cache - Spring test ApplicationContext cache statistics: [DefaultContextCache@4d2bc56a size = 1, maxSize = 32, parentContextCount = 0, hitCount = 2, missCount = 1]
20:19:31.892 [main] DEBUG org.springframework.beans.factory.support.DefaultListableBeanFactory - Returning cached instance of singleton bean 'txManager'
20:19:31.895 [main] DEBUG org.springframework.test.context.transaction.TransactionalTestExecutionListener - Method-level @Rollback(false) overrides default rollback [true] for test context [DefaultTestContext@2cf3d63b testClass = PaymentMethodTypeDaoImplTest, testInstance = dao.PaymentMethodTypeDaoImplTest@7c137fd5, testMethod = getbyType@PaymentMethodTypeDaoImplTest, testException = [null], mergedContextConfiguration = [MergedContextConfiguration@7674f035 testClass = PaymentMethodTypeDaoImplTest, locations = '{}', classes = '{class configuration.HibernateXMLConfTest}', contextInitializerClasses = '[]', activeProfiles = '{}', propertySourceLocations = '{}', propertySourceProperties = '{}', contextCustomizers = set[org.springframework.boot.test.context.filter.ExcludeFilterContextCustomizer@79da8dc5, org.springframework.boot.test.json.DuplicateJsonObjectContextCustomizerFactory$DuplicateJsonObjectContextCustomizer@72cde7cc, org.springframework.boot.test.mock.mockito.MockitoContextCustomizer@6ed2306e, org.springframework.boot.test.autoconfigure.properties.PropertyMappingContextCustomizer@0, org.springframework.boot.test.autoconfigure.web.servlet.WebDriverContextCustomizerFactory$Customizer@49c7b90e], contextLoader = 'org.springframework.test.context.support.AnnotationConfigContextLoader', parent = [null]]].
20:19:31.900 [main] DEBUG org.springframework.orm.hibernate5.HibernateTransactionManager - Creating new transaction with name [dao.PaymentMethodTypeDaoImplTest.getbyType]: PROPAGATION_REQUIRED,ISOLATION_DEFAULT; ''
20:19:31.962 [main] DEBUG org.hibernate.stat.internal.StatisticsInitiator - Statistics initialized [enabled=false]
20:19:31.963 [main] DEBUG org.springframework.orm.hibernate5.HibernateTransactionManager - Opened new Session [SessionImpl(PersistenceContext[entityKeys=[],collectionKeys=[]];ActionQueue[insertions=ExecutableList{size=0} updates=ExecutableList{size=0} deletions=ExecutableList{size=0} orphanRemovals=ExecutableList{size=0} collectionCreations=ExecutableList{size=0} collectionRemovals=ExecutableList{size=0} collectionUpdates=ExecutableList{size=0} collectionQueuedOps=ExecutableList{size=0} unresolvedInsertDependencies=null])] for Hibernate transaction
20:19:31.964 [main] DEBUG org.springframework.orm.hibernate5.HibernateTransactionManager - Preparing JDBC Connection of Hibernate Session [SessionImpl(PersistenceContext[entityKeys=[],collectionKeys=[]];ActionQueue[insertions=ExecutableList{size=0} updates=ExecutableList{size=0} deletions=ExecutableList{size=0} orphanRemovals=ExecutableList{size=0} collectionCreations=ExecutableList{size=0} collectionRemovals=ExecutableList{size=0} collectionUpdates=ExecutableList{size=0} collectionQueuedOps=ExecutableList{size=0} unresolvedInsertDependencies=null])]
20:19:31.966 [main] DEBUG org.hibernate.engine.transaction.internal.TransactionImpl - begin
20:19:31.974 [main] DEBUG org.springframework.orm.hibernate5.HibernateTransactionManager - Exposing Hibernate transaction as JDBC transaction [309276344, URL=jdbc:mysql://localhost:3306/payment_management_test?createDatabaseIfNotExist=true&useSSL=false&serverTimezone=UTC, UserName=root@localhost, MySQL Connector/J]
20:19:31.974 [main] INFO org.springframework.test.context.transaction.TransactionContext - Began transaction (1) for test context [DefaultTestContext@2cf3d63b testClass = PaymentMethodTypeDaoImplTest, testInstance = dao.PaymentMethodTypeDaoImplTest@7c137fd5, testMethod = getbyType@PaymentMethodTypeDaoImplTest, testException = [null], mergedContextConfiguration = [MergedContextConfiguration@7674f035 testClass = PaymentMethodTypeDaoImplTest, locations = '{}', classes = '{class configuration.HibernateXMLConfTest}', contextInitializerClasses = '[]', activeProfiles = '{}', propertySourceLocations = '{}', propertySourceProperties = '{}', contextCustomizers = set[org.springframework.boot.test.context.filter.ExcludeFilterContextCustomizer@79da8dc5, org.springframework.boot.test.json.DuplicateJsonObjectContextCustomizerFactory$DuplicateJsonObjectContextCustomizer@72cde7cc, org.springframework.boot.test.mock.mockito.MockitoContextCustomizer@6ed2306e, org.springframework.boot.test.autoconfigure.properties.PropertyMappingContextCustomizer@0, org.springframework.boot.test.autoconfigure.web.servlet.WebDriverContextCustomizerFactory$Customizer@49c7b90e], contextLoader = 'org.springframework.test.context.support.AnnotationConfigContextLoader', parent = [null]]]; transaction manager [org.springframework.orm.hibernate5.HibernateTransactionManager@60fbc34d]; rollback [false]
20:19:31.976 [main] DEBUG org.springframework.test.context.cache.DefaultCacheAwareContextLoaderDelegate - Retrieved ApplicationContext from cache with key [[MergedContextConfiguration@7674f035 testClass = PaymentMethodTypeDaoImplTest, locations = '{}', classes = '{class configuration.HibernateXMLConfTest}', contextInitializerClasses = '[]', activeProfiles = '{}', propertySourceLocations = '{}', propertySourceProperties = '{}', contextCustomizers = set[org.springframework.boot.test.context.filter.ExcludeFilterContextCustomizer@79da8dc5, org.springframework.boot.test.json.DuplicateJsonObjectContextCustomizerFactory$DuplicateJsonObjectContextCustomizer@72cde7cc, org.springframework.boot.test.mock.mockito.MockitoContextCustomizer@6ed2306e, org.springframework.boot.test.autoconfigure.properties.PropertyMappingContextCustomizer@0, org.springframework.boot.test.autoconfigure.web.servlet.WebDriverContextCustomizerFactory$Customizer@49c7b90e], contextLoader = 'org.springframework.test.context.support.AnnotationConfigContextLoader', parent = [null]]]
20:19:31.977 [main] DEBUG org.springframework.test.context.cache - Spring test ApplicationContext cache statistics: [DefaultContextCache@4d2bc56a size = 1, maxSize = 32, parentContextCount = 0, hitCount = 3, missCount = 1]
20:19:31.998 [main] DEBUG org.springframework.beans.factory.support.DefaultListableBeanFactory - Returning cached instance of singleton bean 'org.springframework.boot.test.mock.mockito.MockitoBeans'
20:19:32.055 [main] DEBUG org.hibernate.event.internal.AbstractSaveEventListener - Generated identifier: f14ff895-17c5-47e0-82b0-f7652dd638a5, using strategy: org.hibernate.id.UUIDGenerator
20:19:32.104 [main] DEBUG org.springframework.test.context.cache.DefaultCacheAwareContextLoaderDelegate - Retrieved ApplicationContext from cache with key [[MergedContextConfiguration@7674f035 testClass = PaymentMethodTypeDaoImplTest, locations = '{}', classes = '{class configuration.HibernateXMLConfTest}', contextInitializerClasses = '[]', activeProfiles = '{}', propertySourceLocations = '{}', propertySourceProperties = '{}', contextCustomizers = set[org.springframework.boot.test.context.filter.ExcludeFilterContextCustomizer@79da8dc5, org.springframework.boot.test.json.DuplicateJsonObjectContextCustomizerFactory$DuplicateJsonObjectContextCustomizer@72cde7cc, org.springframework.boot.test.mock.mockito.MockitoContextCustomizer@6ed2306e, org.springframework.boot.test.autoconfigure.properties.PropertyMappingContextCustomizer@0, org.springframework.boot.test.autoconfigure.web.servlet.WebDriverContextCustomizerFactory$Customizer@49c7b90e], contextLoader = 'org.springframework.test.context.support.AnnotationConfigContextLoader', parent = [null]]]
20:19:32.105 [main] DEBUG org.springframework.test.context.cache - Spring test ApplicationContext cache statistics: [DefaultContextCache@4d2bc56a size = 1, maxSize = 32, parentContextCount = 0, hitCount = 4, missCount = 1]
20:19:32.107 [main] DEBUG org.springframework.beans.factory.support.DefaultListableBeanFactory - Returning cached instance of singleton bean 'org.springframework.boot.test.mock.mockito.MockitoBeans'
20:19:32.108 [main] DEBUG org.springframework.test.context.cache.DefaultCacheAwareContextLoaderDelegate - Retrieved ApplicationContext from cache with key [[MergedContextConfiguration@7674f035 testClass = PaymentMethodTypeDaoImplTest, locations = '{}', classes = '{class configuration.HibernateXMLConfTest}', contextInitializerClasses = '[]', activeProfiles = '{}', propertySourceLocations = '{}', propertySourceProperties = '{}', contextCustomizers = set[org.springframework.boot.test.context.filter.ExcludeFilterContextCustomizer@79da8dc5, org.springframework.boot.test.json.DuplicateJsonObjectContextCustomizerFactory$DuplicateJsonObjectContextCustomizer@72cde7cc, org.springframework.boot.test.mock.mockito.MockitoContextCustomizer@6ed2306e, org.springframework.boot.test.autoconfigure.properties.PropertyMappingContextCustomizer@0, org.springframework.boot.test.autoconfigure.web.servlet.WebDriverContextCustomizerFactory$Customizer@49c7b90e], contextLoader = 'org.springframework.test.context.support.AnnotationConfigContextLoader', parent = [null]]]
20:19:32.108 [main] DEBUG org.springframework.test.context.cache - Spring test ApplicationContext cache statistics: [DefaultContextCache@4d2bc56a size = 1, maxSize = 32, parentContextCount = 0, hitCount = 5, missCount = 1]
20:19:32.108 [main] DEBUG org.springframework.test.context.cache.DefaultCacheAwareContextLoaderDelegate - Retrieved ApplicationContext from cache with key [[MergedContextConfiguration@7674f035 testClass = PaymentMethodTypeDaoImplTest, locations = '{}', classes = '{class configuration.HibernateXMLConfTest}', contextInitializerClasses = '[]', activeProfiles = '{}', propertySourceLocations = '{}', propertySourceProperties = '{}', contextCustomizers = set[org.springframework.boot.test.context.filter.ExcludeFilterContextCustomizer@79da8dc5, org.springframework.boot.test.json.DuplicateJsonObjectContextCustomizerFactory$DuplicateJsonObjectContextCustomizer@72cde7cc, org.springframework.boot.test.mock.mockito.MockitoContextCustomizer@6ed2306e, org.springframework.boot.test.autoconfigure.properties.PropertyMappingContextCustomizer@0, org.springframework.boot.test.autoconfigure.web.servlet.WebDriverContextCustomizerFactory$Customizer@49c7b90e], contextLoader = 'org.springframework.test.context.support.AnnotationConfigContextLoader', parent = [null]]]
20:19:32.108 [main] DEBUG org.springframework.test.context.cache - Spring test ApplicationContext cache statistics: [DefaultContextCache@4d2bc56a size = 1, maxSize = 32, parentContextCount = 0, hitCount = 6, missCount = 1]
20:19:32.111 [main] DEBUG org.springframework.orm.hibernate5.HibernateTransactionManager - Initiating transaction commit
20:19:32.112 [main] DEBUG org.springframework.orm.hibernate5.HibernateTransactionManager - Committing Hibernate transaction on Session [SessionImpl(PersistenceContext[entityKeys=[EntityKey[io.swagger.model.PaymentMethodType#f14ff895-17c5-47e0-82b0-f7652dd638a5]],collectionKeys=[]];ActionQueue[insertions=ExecutableList{size=1} updates=ExecutableList{size=0} deletions=ExecutableList{size=0} orphanRemovals=ExecutableList{size=0} collectionCreations=ExecutableList{size=0} collectionRemovals=ExecutableList{size=0} collectionUpdates=ExecutableList{size=0} collectionQueuedOps=ExecutableList{size=0} unresolvedInsertDependencies=null])]
20:19:32.112 [main] DEBUG org.hibernate.engine.transaction.internal.TransactionImpl - committing
20:19:32.113 [main] DEBUG org.hibernate.event.internal.AbstractFlushingEventListener - Processing flush-time cascades
20:19:32.114 [main] DEBUG org.hibernate.event.internal.AbstractFlushingEventListener - Dirty checking collections
20:19:32.117 [main] DEBUG org.hibernate.event.internal.AbstractFlushingEventListener - Flushed: 1 insertions, 0 updates, 0 deletions to 1 objects
20:19:32.117 [main] DEBUG org.hibernate.event.internal.AbstractFlushingEventListener - Flushed: 0 (re)creations, 0 updates, 0 removals to 0 collections
20:19:32.119 [main] DEBUG org.hibernate.internal.util.EntityPrinter - Listing entities:
20:19:32.119 [main] DEBUG org.hibernate.internal.util.EntityPrinter - io.swagger.model.PaymentMethodType{statusDate=null, authorizationCode=null, validFor=null, name=Test payment method type, description=null, id=f14ff895-17c5-47e0-82b0-f7652dd638a5, href=http://localhost/paymentmethodtype/{id}, relatedParty=null, type=4, preferred=null, status=null}
20:19:32.156 [main] DEBUG org.hibernate.SQL - insert into PaymentMethodType (authorizationCode, description, href, name, preferred, status, statusDate, type, validFor_id, id) values (?, ?, ?, ?, ?, ?, ?, ?, ?, ?)
Hibernate: insert into PaymentMethodType (authorizationCode, description, href, name, preferred, status, statusDate, type, validFor_id, id) values (?, ?, ?, ?, ?, ?, ?, ?, ?, ?)
20:19:32.198 [main] DEBUG org.hibernate.engine.jdbc.spi.SqlExceptionHelper - could not execute statement [n/a]
java.sql.SQLSyntaxErrorException: Table 'payment_management_test.PaymentMethodType' doesn't exist
	at com.mysql.cj.jdbc.exceptions.SQLError.createSQLException(SQLError.java:120)
	at com.mysql.cj.jdbc.exceptions.SQLError.createSQLException(SQLError.java:97)
	at com.mysql.cj.jdbc.exceptions.SQLExceptionsMapping.translateException(SQLExceptionsMapping.java:122)
	at com.mysql.cj.jdbc.ClientPreparedStatement.executeInternal(ClientPreparedStatement.java:974)
	at com.mysql.cj.jdbc.ClientPreparedStatement.executeUpdateInternal(ClientPreparedStatement.java:1113)
	at com.mysql.cj.jdbc.ClientPreparedStatement.executeUpdateInternal(ClientPreparedStatement.java:1061)
	at com.mysql.cj.jdbc.ClientPreparedStatement.executeLargeUpdate(ClientPreparedStatement.java:1381)
	at com.mysql.cj.jdbc.ClientPreparedStatement.executeUpdate(ClientPreparedStatement.java:1046)
	at org.apache.tomcat.dbcp.dbcp2.DelegatingPreparedStatement.executeUpdate(DelegatingPreparedStatement.java:136)
	at org.apache.tomcat.dbcp.dbcp2.DelegatingPreparedStatement.executeUpdate(DelegatingPreparedStatement.java:136)
	at org.hibernate.engine.jdbc.internal.ResultSetReturnImpl.executeUpdate(ResultSetReturnImpl.java:204)
	at org.hibernate.engine.jdbc.batch.internal.NonBatchingBatch.addToBatch(NonBatchingBatch.java:45)
	at org.hibernate.persister.entity.AbstractEntityPersister.insert(AbstractEntityPersister.java:2949)
	at org.hibernate.persister.entity.AbstractEntityPersister.insert(AbstractEntityPersister.java:3449)
	at org.hibernate.action.internal.EntityInsertAction.execute(EntityInsertAction.java:89)
	at org.hibernate.engine.spi.ActionQueue.executeActions(ActionQueue.java:582)
	at org.hibernate.engine.spi.ActionQueue.executeActions(ActionQueue.java:456)
	at org.hibernate.event.internal.AbstractFlushingEventListener.performExecutions(AbstractFlushingEventListener.java:337)
	at org.hibernate.event.internal.DefaultFlushEventListener.onFlush(DefaultFlushEventListener.java:39)
	at org.hibernate.internal.SessionImpl.flush(SessionImpl.java:1282)
	at org.hibernate.internal.SessionImpl.managedFlush(SessionImpl.java:465)
	at org.hibernate.internal.SessionImpl.flushBeforeTransactionCompletion(SessionImpl.java:2963)
	at org.hibernate.internal.SessionImpl.beforeTransactionCompletion(SessionImpl.java:2339)
	at org.hibernate.engine.jdbc.internal.JdbcCoordinatorImpl.beforeTransactionCompletion(JdbcCoordinatorImpl.java:485)
	at org.hibernate.resource.transaction.backend.jdbc.internal.JdbcResourceLocalTransactionCoordinatorImpl.beforeCompletionCallback(JdbcResourceLocalTransactionCoordinatorImpl.java:147)
	at org.hibernate.resource.transaction.backend.jdbc.internal.JdbcResourceLocalTransactionCoordinatorImpl.access$100(JdbcResourceLocalTransactionCoordinatorImpl.java:38)
	at org.hibernate.resource.transaction.backend.jdbc.internal.JdbcResourceLocalTransactionCoordinatorImpl$TransactionDriverControlImpl.commit(JdbcResourceLocalTransactionCoordinatorImpl.java:231)
	at org.hibernate.engine.transaction.internal.TransactionImpl.commit(TransactionImpl.java:65)
	at org.springframework.orm.hibernate5.HibernateTransactionManager.doCommit(HibernateTransactionManager.java:582)
	at org.springframework.transaction.support.AbstractPlatformTransactionManager.processCommit(AbstractPlatformTransactionManager.java:761)
	at org.springframework.transaction.support.AbstractPlatformTransactionManager.commit(AbstractPlatformTransactionManager.java:730)
	at org.springframework.test.context.transaction.TransactionContext.endTransaction(TransactionContext.java:131)
	at org.springframework.test.context.transaction.TransactionalTestExecutionListener.afterTestMethod(TransactionalTestExecutionListener.java:227)
	at org.springframework.test.context.TestContextManager.afterTestMethod(TestContextManager.java:319)
	at org.springframework.test.context.junit4.statements.RunAfterTestMethodCallbacks.evaluate(RunAfterTestMethodCallbacks.java:94)
	at org.springframework.test.context.junit4.statements.SpringRepeat.evaluate(SpringRepeat.java:84)
	at org.junit.runners.ParentRunner.runLeaf(ParentRunner.java:325)
	at org.springframework.test.context.junit4.SpringJUnit4ClassRunner.runChild(SpringJUnit4ClassRunner.java:252)
	at org.springframework.test.context.junit4.SpringJUnit4ClassRunner.runChild(SpringJUnit4ClassRunner.java:94)
	at org.junit.runners.ParentRunner$3.run(ParentRunner.java:290)
	at org.junit.runners.ParentRunner$1.schedule(ParentRunner.java:71)
	at org.junit.runners.ParentRunner.runChildren(ParentRunner.java:288)
	at org.junit.runners.ParentRunner.access$000(ParentRunner.java:58)
	at org.junit.runners.ParentRunner$2.evaluate(ParentRunner.java:268)
	at org.springframework.test.context.junit4.statements.RunBeforeTestClassCallbacks.evaluate(RunBeforeTestClassCallbacks.java:61)
	at org.springframework.test.context.junit4.statements.RunAfterTestClassCallbacks.evaluate(RunAfterTestClassCallbacks.java:70)
	at org.junit.runners.ParentRunner.run(ParentRunner.java:363)
	at org.springframework.test.context.junit4.SpringJUnit4ClassRunner.run(SpringJUnit4ClassRunner.java:191)
	at org.apache.maven.surefire.junit4.JUnit4Provider.execute(JUnit4Provider.java:283)
	at org.apache.maven.surefire.junit4.JUnit4Provider.executeWithRerun(JUnit4Provider.java:173)
	at org.apache.maven.surefire.junit4.JUnit4Provider.executeTestSet(JUnit4Provider.java:153)
	at org.apache.maven.surefire.junit4.JUnit4Provider.invoke(JUnit4Provider.java:128)
	at org.apache.maven.surefire.booter.ForkedBooter.invokeProviderInSameClassLoader(ForkedBooter.java:203)
	at org.apache.maven.surefire.booter.ForkedBooter.runSuitesInProcess(ForkedBooter.java:155)
	at org.apache.maven.surefire.booter.ForkedBooter.main(ForkedBooter.java:103)
20:19:32.198 [main] WARN org.hibernate.engine.jdbc.spi.SqlExceptionHelper - SQL Error: 1146, SQLState: 42S02
20:19:32.198 [main] ERROR org.hibernate.engine.jdbc.spi.SqlExceptionHelper - Table 'payment_management_test.PaymentMethodType' doesn't exist
20:19:32.199 [main] INFO org.hibernate.engine.jdbc.batch.internal.AbstractBatchImpl - HHH000010: On release of batch it still contained JDBC statements
20:19:32.200 [main] ERROR org.hibernate.internal.SessionImpl - HHH000346: Error during managed flush [could not execute statement]
20:19:32.201 [main] DEBUG org.hibernate.resource.transaction.backend.jdbc.internal.JdbcResourceLocalTransactionCoordinatorImpl - JDBC transaction marked for rollback-only (exception provided for stack trace)
java.lang.Exception: exception just for purpose of providing stack trace
	at org.hibernate.resource.transaction.backend.jdbc.internal.JdbcResourceLocalTransactionCoordinatorImpl$TransactionDriverControlImpl.markRollbackOnly(JdbcResourceLocalTransactionCoordinatorImpl.java:265)
	at org.hibernate.resource.transaction.backend.jdbc.internal.JdbcResourceLocalTransactionCoordinatorImpl.beforeCompletionCallback(JdbcResourceLocalTransactionCoordinatorImpl.java:156)
	at org.hibernate.resource.transaction.backend.jdbc.internal.JdbcResourceLocalTransactionCoordinatorImpl.access$100(JdbcResourceLocalTransactionCoordinatorImpl.java:38)
	at org.hibernate.resource.transaction.backend.jdbc.internal.JdbcResourceLocalTransactionCoordinatorImpl$TransactionDriverControlImpl.commit(JdbcResourceLocalTransactionCoordinatorImpl.java:231)
	at org.hibernate.engine.transaction.internal.TransactionImpl.commit(TransactionImpl.java:65)
	at org.springframework.orm.hibernate5.HibernateTransactionManager.doCommit(HibernateTransactionManager.java:582)
	at org.springframework.transaction.support.AbstractPlatformTransactionManager.processCommit(AbstractPlatformTransactionManager.java:761)
	at org.springframework.transaction.support.AbstractPlatformTransactionManager.commit(AbstractPlatformTransactionManager.java:730)
	at org.springframework.test.context.transaction.TransactionContext.endTransaction(TransactionContext.java:131)
	at org.springframework.test.context.transaction.TransactionalTestExecutionListener.afterTestMethod(TransactionalTestExecutionListener.java:227)
	at org.springframework.test.context.TestContextManager.afterTestMethod(TestContextManager.java:319)
	at org.springframework.test.context.junit4.statements.RunAfterTestMethodCallbacks.evaluate(RunAfterTestMethodCallbacks.java:94)
	at org.springframework.test.context.junit4.statements.SpringRepeat.evaluate(SpringRepeat.java:84)
	at org.junit.runners.ParentRunner.runLeaf(ParentRunner.java:325)
	at org.springframework.test.context.junit4.SpringJUnit4ClassRunner.runChild(SpringJUnit4ClassRunner.java:252)
	at org.springframework.test.context.junit4.SpringJUnit4ClassRunner.runChild(SpringJUnit4ClassRunner.java:94)
	at org.junit.runners.ParentRunner$3.run(ParentRunner.java:290)
	at org.junit.runners.ParentRunner$1.schedule(ParentRunner.java:71)
	at org.junit.runners.ParentRunner.runChildren(ParentRunner.java:288)
	at org.junit.runners.ParentRunner.access$000(ParentRunner.java:58)
	at org.junit.runners.ParentRunner$2.evaluate(ParentRunner.java:268)
	at org.springframework.test.context.junit4.statements.RunBeforeTestClassCallbacks.evaluate(RunBeforeTestClassCallbacks.java:61)
	at org.springframework.test.context.junit4.statements.RunAfterTestClassCallbacks.evaluate(RunAfterTestClassCallbacks.java:70)
	at org.junit.runners.ParentRunner.run(ParentRunner.java:363)
	at org.springframework.test.context.junit4.SpringJUnit4ClassRunner.run(SpringJUnit4ClassRunner.java:191)
	at org.apache.maven.surefire.junit4.JUnit4Provider.execute(JUnit4Provider.java:283)
	at org.apache.maven.surefire.junit4.JUnit4Provider.executeWithRerun(JUnit4Provider.java:173)
	at org.apache.maven.surefire.junit4.JUnit4Provider.executeTestSet(JUnit4Provider.java:153)
	at org.apache.maven.surefire.junit4.JUnit4Provider.invoke(JUnit4Provider.java:128)
	at org.apache.maven.surefire.booter.ForkedBooter.invokeProviderInSameClassLoader(ForkedBooter.java:203)
	at org.apache.maven.surefire.booter.ForkedBooter.runSuitesInProcess(ForkedBooter.java:155)
	at org.apache.maven.surefire.booter.ForkedBooter.main(ForkedBooter.java:103)
20:19:32.203 [main] DEBUG org.springframework.orm.hibernate5.HibernateTransactionManager - Initiating transaction rollback after commit exception
org.springframework.dao.InvalidDataAccessResourceUsageException: could not execute statement; SQL [n/a]; nested exception is org.hibernate.exception.SQLGrammarException: could not execute statement
	at org.springframework.orm.hibernate5.SessionFactoryUtils.convertHibernateAccessException(SessionFactoryUtils.java:224)
	at org.springframework.orm.hibernate5.HibernateTransactionManager.convertHibernateAccessException(HibernateTransactionManager.java:755)
	at org.springframework.orm.hibernate5.HibernateTransactionManager.doCommit(HibernateTransactionManager.java:590)
	at org.springframework.transaction.support.AbstractPlatformTransactionManager.processCommit(AbstractPlatformTransactionManager.java:761)
	at org.springframework.transaction.support.AbstractPlatformTransactionManager.commit(AbstractPlatformTransactionManager.java:730)
	at org.springframework.test.context.transaction.TransactionContext.endTransaction(TransactionContext.java:131)
	at org.springframework.test.context.transaction.TransactionalTestExecutionListener.afterTestMethod(TransactionalTestExecutionListener.java:227)
	at org.springframework.test.context.TestContextManager.afterTestMethod(TestContextManager.java:319)
	at org.springframework.test.context.junit4.statements.RunAfterTestMethodCallbacks.evaluate(RunAfterTestMethodCallbacks.java:94)
	at org.springframework.test.context.junit4.statements.SpringRepeat.evaluate(SpringRepeat.java:84)
	at org.junit.runners.ParentRunner.runLeaf(ParentRunner.java:325)
	at org.springframework.test.context.junit4.SpringJUnit4ClassRunner.runChild(SpringJUnit4ClassRunner.java:252)
	at org.springframework.test.context.junit4.SpringJUnit4ClassRunner.runChild(SpringJUnit4ClassRunner.java:94)
	at org.junit.runners.ParentRunner$3.run(ParentRunner.java:290)
	at org.junit.runners.ParentRunner$1.schedule(ParentRunner.java:71)
	at org.junit.runners.ParentRunner.runChildren(ParentRunner.java:288)
	at org.junit.runners.ParentRunner.access$000(ParentRunner.java:58)
	at org.junit.runners.ParentRunner$2.evaluate(ParentRunner.java:268)
	at org.springframework.test.context.junit4.statements.RunBeforeTestClassCallbacks.evaluate(RunBeforeTestClassCallbacks.java:61)
	at org.springframework.test.context.junit4.statements.RunAfterTestClassCallbacks.evaluate(RunAfterTestClassCallbacks.java:70)
	at org.junit.runners.ParentRunner.run(ParentRunner.java:363)
	at org.springframework.test.context.junit4.SpringJUnit4ClassRunner.run(SpringJUnit4ClassRunner.java:191)
	at org.apache.maven.surefire.junit4.JUnit4Provider.execute(JUnit4Provider.java:283)
	at org.apache.maven.surefire.junit4.JUnit4Provider.executeWithRerun(JUnit4Provider.java:173)
	at org.apache.maven.surefire.junit4.JUnit4Provider.executeTestSet(JUnit4Provider.java:153)
	at org.apache.maven.surefire.junit4.JUnit4Provider.invoke(JUnit4Provider.java:128)
	at org.apache.maven.surefire.booter.ForkedBooter.invokeProviderInSameClassLoader(ForkedBooter.java:203)
	at org.apache.maven.surefire.booter.ForkedBooter.runSuitesInProcess(ForkedBooter.java:155)
	at org.apache.maven.surefire.booter.ForkedBooter.main(ForkedBooter.java:103)
Caused by: org.hibernate.exception.SQLGrammarException: could not execute statement
	at org.hibernate.exception.internal.SQLExceptionTypeDelegate.convert(SQLExceptionTypeDelegate.java:63)
	at org.hibernate.exception.internal.StandardSQLExceptionConverter.convert(StandardSQLExceptionConverter.java:42)
	at org.hibernate.engine.jdbc.spi.SqlExceptionHelper.convert(SqlExceptionHelper.java:109)
	at org.hibernate.engine.jdbc.spi.SqlExceptionHelper.convert(SqlExceptionHelper.java:95)
	at org.hibernate.engine.jdbc.internal.ResultSetReturnImpl.executeUpdate(ResultSetReturnImpl.java:207)
	at org.hibernate.engine.jdbc.batch.internal.NonBatchingBatch.addToBatch(NonBatchingBatch.java:45)
	at org.hibernate.persister.entity.AbstractEntityPersister.insert(AbstractEntityPersister.java:2949)
	at org.hibernate.persister.entity.AbstractEntityPersister.insert(AbstractEntityPersister.java:3449)
	at org.hibernate.action.internal.EntityInsertAction.execute(EntityInsertAction.java:89)
	at org.hibernate.engine.spi.ActionQueue.executeActions(ActionQueue.java:582)
	at org.hibernate.engine.spi.ActionQueue.executeActions(ActionQueue.java:456)
	at org.hibernate.event.internal.AbstractFlushingEventListener.performExecutions(AbstractFlushingEventListener.java:337)
	at org.hibernate.event.internal.DefaultFlushEventListener.onFlush(DefaultFlushEventListener.java:39)
	at org.hibernate.internal.SessionImpl.flush(SessionImpl.java:1282)
	at org.hibernate.internal.SessionImpl.managedFlush(SessionImpl.java:465)
	at org.hibernate.internal.SessionImpl.flushBeforeTransactionCompletion(SessionImpl.java:2963)
	at org.hibernate.internal.SessionImpl.beforeTransactionCompletion(SessionImpl.java:2339)
	at org.hibernate.engine.jdbc.internal.JdbcCoordinatorImpl.beforeTransactionCompletion(JdbcCoordinatorImpl.java:485)
	at org.hibernate.resource.transaction.backend.jdbc.internal.JdbcResourceLocalTransactionCoordinatorImpl.beforeCompletionCallback(JdbcResourceLocalTransactionCoordinatorImpl.java:147)
	at org.hibernate.resource.transaction.backend.jdbc.internal.JdbcResourceLocalTransactionCoordinatorImpl.access$100(JdbcResourceLocalTransactionCoordinatorImpl.java:38)
	at org.hibernate.resource.transaction.backend.jdbc.internal.JdbcResourceLocalTransactionCoordinatorImpl$TransactionDriverControlImpl.commit(JdbcResourceLocalTransactionCoordinatorImpl.java:231)
	at org.hibernate.engine.transaction.internal.TransactionImpl.commit(TransactionImpl.java:65)
	at org.springframework.orm.hibernate5.HibernateTransactionManager.doCommit(HibernateTransactionManager.java:582)
	... 26 common frames omitted
Caused by: java.sql.SQLSyntaxErrorException: Table 'payment_management_test.PaymentMethodType' doesn't exist
	at com.mysql.cj.jdbc.exceptions.SQLError.createSQLException(SQLError.java:120)
	at com.mysql.cj.jdbc.exceptions.SQLError.createSQLException(SQLError.java:97)
	at com.mysql.cj.jdbc.exceptions.SQLExceptionsMapping.translateException(SQLExceptionsMapping.java:122)
	at com.mysql.cj.jdbc.ClientPreparedStatement.executeInternal(ClientPreparedStatement.java:974)
	at com.mysql.cj.jdbc.ClientPreparedStatement.executeUpdateInternal(ClientPreparedStatement.java:1113)
	at com.mysql.cj.jdbc.ClientPreparedStatement.executeUpdateInternal(ClientPreparedStatement.java:1061)
	at com.mysql.cj.jdbc.ClientPreparedStatement.executeLargeUpdate(ClientPreparedStatement.java:1381)
	at com.mysql.cj.jdbc.ClientPreparedStatement.executeUpdate(ClientPreparedStatement.java:1046)
	at org.apache.tomcat.dbcp.dbcp2.DelegatingPreparedStatement.executeUpdate(DelegatingPreparedStatement.java:136)
	at org.apache.tomcat.dbcp.dbcp2.DelegatingPreparedStatement.executeUpdate(DelegatingPreparedStatement.java:136)
	at org.hibernate.engine.jdbc.internal.ResultSetReturnImpl.executeUpdate(ResultSetReturnImpl.java:204)
	... 44 common frames omitted
20:19:32.204 [main] DEBUG org.springframework.orm.hibernate5.HibernateTransactionManager - Rolling back Hibernate transaction on Session [SessionImpl(PersistenceContext[entityKeys=[EntityKey[io.swagger.model.PaymentMethodType#f14ff895-17c5-47e0-82b0-f7652dd638a5]],collectionKeys=[]];ActionQueue[insertions=ExecutableList{size=1} updates=ExecutableList{size=0} deletions=ExecutableList{size=0} orphanRemovals=ExecutableList{size=0} collectionCreations=ExecutableList{size=0} collectionRemovals=ExecutableList{size=0} collectionUpdates=ExecutableList{size=0} collectionQueuedOps=ExecutableList{size=0} unresolvedInsertDependencies=null])]
20:19:32.204 [main] DEBUG org.hibernate.engine.transaction.internal.TransactionImpl - rollback() called on an inactive transaction
20:19:32.204 [main] DEBUG org.springframework.orm.hibernate5.HibernateTransactionManager - Closing Hibernate Session [SessionImpl(PersistenceContext[entityKeys=[EntityKey[io.swagger.model.PaymentMethodType#f14ff895-17c5-47e0-82b0-f7652dd638a5]],collectionKeys=[]];ActionQueue[insertions=ExecutableList{size=1} updates=ExecutableList{size=0} deletions=ExecutableList{size=0} orphanRemovals=ExecutableList{size=0} collectionCreations=ExecutableList{size=0} collectionRemovals=ExecutableList{size=0} collectionUpdates=ExecutableList{size=0} collectionQueuedOps=ExecutableList{size=0} unresolvedInsertDependencies=null])] after transaction
20:19:32.204 [main] DEBUG org.hibernate.engine.jdbc.internal.JdbcCoordinatorImpl - HHH000420: Closing un-released batch
20:19:32.207 [main] WARN org.springframework.test.context.TestContextManager - Caught exception while allowing TestExecutionListener [org.springframework.test.context.transaction.TransactionalTestExecutionListener@7526515b] to process 'after' execution for test: method [public void dao.PaymentMethodTypeDaoImplTest.getbyType()], instance [dao.PaymentMethodTypeDaoImplTest@7c137fd5], exception [null]
org.springframework.dao.InvalidDataAccessResourceUsageException: could not execute statement; SQL [n/a]; nested exception is org.hibernate.exception.SQLGrammarException: could not execute statement
	at org.springframework.orm.hibernate5.SessionFactoryUtils.convertHibernateAccessException(SessionFactoryUtils.java:224)
	at org.springframework.orm.hibernate5.HibernateTransactionManager.convertHibernateAccessException(HibernateTransactionManager.java:755)
	at org.springframework.orm.hibernate5.HibernateTransactionManager.doCommit(HibernateTransactionManager.java:590)
	at org.springframework.transaction.support.AbstractPlatformTransactionManager.processCommit(AbstractPlatformTransactionManager.java:761)
	at org.springframework.transaction.support.AbstractPlatformTransactionManager.commit(AbstractPlatformTransactionManager.java:730)
	at org.springframework.test.context.transaction.TransactionContext.endTransaction(TransactionContext.java:131)
	at org.springframework.test.context.transaction.TransactionalTestExecutionListener.afterTestMethod(TransactionalTestExecutionListener.java:227)
	at org.springframework.test.context.TestContextManager.afterTestMethod(TestContextManager.java:319)
	at org.springframework.test.context.junit4.statements.RunAfterTestMethodCallbacks.evaluate(RunAfterTestMethodCallbacks.java:94)
	at org.springframework.test.context.junit4.statements.SpringRepeat.evaluate(SpringRepeat.java:84)
	at org.junit.runners.ParentRunner.runLeaf(ParentRunner.java:325)
	at org.springframework.test.context.junit4.SpringJUnit4ClassRunner.runChild(SpringJUnit4ClassRunner.java:252)
	at org.springframework.test.context.junit4.SpringJUnit4ClassRunner.runChild(SpringJUnit4ClassRunner.java:94)
	at org.junit.runners.ParentRunner$3.run(ParentRunner.java:290)
	at org.junit.runners.ParentRunner$1.schedule(ParentRunner.java:71)
	at org.junit.runners.ParentRunner.runChildren(ParentRunner.java:288)
	at org.junit.runners.ParentRunner.access$000(ParentRunner.java:58)
	at org.junit.runners.ParentRunner$2.evaluate(ParentRunner.java:268)
	at org.springframework.test.context.junit4.statements.RunBeforeTestClassCallbacks.evaluate(RunBeforeTestClassCallbacks.java:61)
	at org.springframework.test.context.junit4.statements.RunAfterTestClassCallbacks.evaluate(RunAfterTestClassCallbacks.java:70)
	at org.junit.runners.ParentRunner.run(ParentRunner.java:363)
	at org.springframework.test.context.junit4.SpringJUnit4ClassRunner.run(SpringJUnit4ClassRunner.java:191)
	at org.apache.maven.surefire.junit4.JUnit4Provider.execute(JUnit4Provider.java:283)
	at org.apache.maven.surefire.junit4.JUnit4Provider.executeWithRerun(JUnit4Provider.java:173)
	at org.apache.maven.surefire.junit4.JUnit4Provider.executeTestSet(JUnit4Provider.java:153)
	at org.apache.maven.surefire.junit4.JUnit4Provider.invoke(JUnit4Provider.java:128)
	at org.apache.maven.surefire.booter.ForkedBooter.invokeProviderInSameClassLoader(ForkedBooter.java:203)
	at org.apache.maven.surefire.booter.ForkedBooter.runSuitesInProcess(ForkedBooter.java:155)
	at org.apache.maven.surefire.booter.ForkedBooter.main(ForkedBooter.java:103)
Caused by: org.hibernate.exception.SQLGrammarException: could not execute statement
	at org.hibernate.exception.internal.SQLExceptionTypeDelegate.convert(SQLExceptionTypeDelegate.java:63)
	at org.hibernate.exception.internal.StandardSQLExceptionConverter.convert(StandardSQLExceptionConverter.java:42)
	at org.hibernate.engine.jdbc.spi.SqlExceptionHelper.convert(SqlExceptionHelper.java:109)
	at org.hibernate.engine.jdbc.spi.SqlExceptionHelper.convert(SqlExceptionHelper.java:95)
	at org.hibernate.engine.jdbc.internal.ResultSetReturnImpl.executeUpdate(ResultSetReturnImpl.java:207)
	at org.hibernate.engine.jdbc.batch.internal.NonBatchingBatch.addToBatch(NonBatchingBatch.java:45)
	at org.hibernate.persister.entity.AbstractEntityPersister.insert(AbstractEntityPersister.java:2949)
	at org.hibernate.persister.entity.AbstractEntityPersister.insert(AbstractEntityPersister.java:3449)
	at org.hibernate.action.internal.EntityInsertAction.execute(EntityInsertAction.java:89)
	at org.hibernate.engine.spi.ActionQueue.executeActions(ActionQueue.java:582)
	at org.hibernate.engine.spi.ActionQueue.executeActions(ActionQueue.java:456)
	at org.hibernate.event.internal.AbstractFlushingEventListener.performExecutions(AbstractFlushingEventListener.java:337)
	at org.hibernate.event.internal.DefaultFlushEventListener.onFlush(DefaultFlushEventListener.java:39)
	at org.hibernate.internal.SessionImpl.flush(SessionImpl.java:1282)
	at org.hibernate.internal.SessionImpl.managedFlush(SessionImpl.java:465)
	at org.hibernate.internal.SessionImpl.flushBeforeTransactionCompletion(SessionImpl.java:2963)
	at org.hibernate.internal.SessionImpl.beforeTransactionCompletion(SessionImpl.java:2339)
	at org.hibernate.engine.jdbc.internal.JdbcCoordinatorImpl.beforeTransactionCompletion(JdbcCoordinatorImpl.java:485)
	at org.hibernate.resource.transaction.backend.jdbc.internal.JdbcResourceLocalTransactionCoordinatorImpl.beforeCompletionCallback(JdbcResourceLocalTransactionCoordinatorImpl.java:147)
	at org.hibernate.resource.transaction.backend.jdbc.internal.JdbcResourceLocalTransactionCoordinatorImpl.access$100(JdbcResourceLocalTransactionCoordinatorImpl.java:38)
	at org.hibernate.resource.transaction.backend.jdbc.internal.JdbcResourceLocalTransactionCoordinatorImpl$TransactionDriverControlImpl.commit(JdbcResourceLocalTransactionCoordinatorImpl.java:231)
	at org.hibernate.engine.transaction.internal.TransactionImpl.commit(TransactionImpl.java:65)
	at org.springframework.orm.hibernate5.HibernateTransactionManager.doCommit(HibernateTransactionManager.java:582)
	... 26 common frames omitted
Caused by: java.sql.SQLSyntaxErrorException: Table 'payment_management_test.PaymentMethodType' doesn't exist
	at com.mysql.cj.jdbc.exceptions.SQLError.createSQLException(SQLError.java:120)
	at com.mysql.cj.jdbc.exceptions.SQLError.createSQLException(SQLError.java:97)
	at com.mysql.cj.jdbc.exceptions.SQLExceptionsMapping.translateException(SQLExceptionsMapping.java:122)
	at com.mysql.cj.jdbc.ClientPreparedStatement.executeInternal(ClientPreparedStatement.java:974)
	at com.mysql.cj.jdbc.ClientPreparedStatement.executeUpdateInternal(ClientPreparedStatement.java:1113)
	at com.mysql.cj.jdbc.ClientPreparedStatement.executeUpdateInternal(ClientPreparedStatement.java:1061)
	at com.mysql.cj.jdbc.ClientPreparedStatement.executeLargeUpdate(ClientPreparedStatement.java:1381)
	at com.mysql.cj.jdbc.ClientPreparedStatement.executeUpdate(ClientPreparedStatement.java:1046)
	at org.apache.tomcat.dbcp.dbcp2.DelegatingPreparedStatement.executeUpdate(DelegatingPreparedStatement.java:136)
	at org.apache.tomcat.dbcp.dbcp2.DelegatingPreparedStatement.executeUpdate(DelegatingPreparedStatement.java:136)
	at org.hibernate.engine.jdbc.internal.ResultSetReturnImpl.executeUpdate(ResultSetReturnImpl.java:204)
	... 44 common frames omitted
20:19:32.208 [main] DEBUG org.springframework.test.context.support.AbstractDirtiesContextTestExecutionListener - After test method: context [DefaultTestContext@2cf3d63b testClass = PaymentMethodTypeDaoImplTest, testInstance = dao.PaymentMethodTypeDaoImplTest@7c137fd5, testMethod = getbyType@PaymentMethodTypeDaoImplTest, testException = [null], mergedContextConfiguration = [MergedContextConfiguration@7674f035 testClass = PaymentMethodTypeDaoImplTest, locations = '{}', classes = '{class configuration.HibernateXMLConfTest}', contextInitializerClasses = '[]', activeProfiles = '{}', propertySourceLocations = '{}', propertySourceProperties = '{}', contextCustomizers = set[org.springframework.boot.test.context.filter.ExcludeFilterContextCustomizer@79da8dc5, org.springframework.boot.test.json.DuplicateJsonObjectContextCustomizerFactory$DuplicateJsonObjectContextCustomizer@72cde7cc, org.springframework.boot.test.mock.mockito.MockitoContextCustomizer@6ed2306e, org.springframework.boot.test.autoconfigure.properties.PropertyMappingContextCustomizer@0, org.springframework.boot.test.autoconfigure.web.servlet.WebDriverContextCustomizerFactory$Customizer@49c7b90e], contextLoader = 'org.springframework.test.context.support.AnnotationConfigContextLoader', parent = [null]]], class annotated with @DirtiesContext [false] with mode [null], method annotated with @DirtiesContext [false] with mode [null].
]]></system-out>
    <system-err><![CDATA[янв. 16, 2019 8:19:32 ПП io.swagger.dao.PaymentMethodTypeDaoImpl save
INFO: Call save() by PaymentMethodType
янв. 16, 2019 8:19:32 ПП dao.PaymentMethodTypeDaoImplTest getbyType
INFO: PaymentMethodType ID=f14ff895-17c5-47e0-82b0-f7652dd638a5
]]></system-err>
  </testcase>
</testsuite>